2024-06-20 10:50:35::error::/v1/api/createServiceCategory::bb6e532a-249d-4593-bf4b-87457939f052::404 - NaNms - Response: {"status":404}::{"message":"Not Found"}
2024-06-20 10:51:39::error::/v1/api/serviceCategory/createServiceCategory::b9e6d7e7-4893-4c2d-a496-c02f76060bb0::undefined - NaNms - Response: {}::{"message":"ServiceCategoryService.createServiceCategory is not a function"}
2024-06-20 11:00:50::error::/v1/api/serviceCategory/createServiceCategory::e599f807-3fad-4d85-88ff-0de0f466e4d6::undefined - NaNms - Response: {}::{"message":"ServiceCategoryService.createServiceCategory is not a function"}
2024-06-20 11:01:15::error::/v1/api/serviceCategory/createServiceCategory::f38168bc-3fac-421f-ad1f-207f8ae76dd0::undefined - NaNms - Response: {}::{"message":"ServiceCategoryService.createServiceCategory is not a function"}
2024-06-20 11:26:08::error::/v1/api/serviceCategory/createServiceCategory::0ec8c6aa-e62b-4e3b-8f26-53f5c7812316::undefined - NaNms - Response: {"errors":{"title":{"name":"ValidatorError","message":"Path `title` is required.","properties":{"message":"Path `title` is required.","type":"required","path":"title"},"kind":"required","path":"title"}},"_message":"ServiceCategory validation failed","name":"ValidationError","message":"ServiceCategory validation failed: title: Path `title` is required."}::{"message":"ServiceCategory validation failed: title: Path `title` is required."}
2024-06-20 11:54:24::error::/v1/api/commissionService/createCommissionService::42b649ea-667c-46f3-abee-f6fc0ec9f73b::403 - 0ms - Response: {"status":403,"now":1718859264770}::{"message":"Please fill in all required fields and ensure portfolios is not empty!"}
2024-06-20 11:55:05::error::/v1/api/commissionService/createCommissionService::0f71afb3-abe6-4862-8a0b-f1c60d7e69cf::403 - 0ms - Response: {"status":403,"now":1718859305588}::{"message":"Please fill in all required fields and ensure portfolios is not empty!"}
2024-06-20 11:56:27::error::/v1/api/commissionService/createCommissionService::815ce395-94b3-4d8b-955c-9f9102c2755b::403 - 0ms - Response: {"status":403,"now":1718859387177}::{"message":"Please fill in all required fields and ensure portfolios is not empty!"}
2024-06-20 11:59:45::error::/v1/api/commissionService/createCommissionService::7f8b0ebd-9339-48a0-8dfd-8b1c1762bf7a::403 - 0ms - Response: {"status":403,"now":1718859585509}::{"message":"Please fill in all required fields and ensure portfolios is not empty!"}
2024-06-20 12:00:27::error::/v1/api/commissionService/createCommissionService::9cc743d9-37f0-4e60-8a3f-4d98370d636b::403 - 0ms - Response: {"status":403,"now":1718859627001}::{"message":"Please fill in all required fields and ensure portfolios is not empty!"}
2024-06-20 12:00:38::error::/v1/api/commissionService/createCommissionService::8bd1db42-77b4-4776-be81-27283b757f15::403 - 0ms - Response: {"status":403,"now":1718859638698}::{"message":"Please fill in all required fields and ensure portfolios is not empty!"}
2024-06-20 12:00:54::error::/v1/api/commissionService/createCommissionService::ce8c114a-035c-4694-80c3-fbf396fb7a3d::403 - 0ms - Response: {"status":403,"now":1718859654404}::{"message":"Please fill in all required fields and ensure portfolios is not empty!"}
2024-06-20 12:00:59::error::/v1/api/commissionService/createCommissionService::e201424c-cbe1-406c-b5cd-68a106fcd3b5::403 - 0ms - Response: {"status":403,"now":1718859659294}::{"message":"Please fill in all required fields and ensure portfolios is not empty!"}
2024-06-20 12:00:59::error::/v1/api/commissionService/createCommissionService::de89c20f-18f8-40e6-8f56-c30103784940::403 - 0ms - Response: {"status":403,"now":1718859659643}::{"message":"Please fill in all required fields and ensure portfolios is not empty!"}
2024-06-20 12:20:44::error::/v1/api/commissionService/createCommissionService::2beab99e-7296-4d4b-92c1-72a6a97f6dfe::403 - 0ms - Response: {"status":403,"now":1718860844034}::{"message":"Please fill in all required fields and ensure portfolios is not empty!"}
2024-06-20 12:20:55::error::/v1/api/commissionService/createCommissionService::df7f79a0-d23e-4953-befd-a7aef6043cdf::403 - 0ms - Response: {"status":403,"now":1718860855694}::{"message":"Please fill in all required fields and ensure portfolios is not empty!"}
2024-06-20 12:20:58::error::/v1/api/commissionService/createCommissionService::56407876-b4b1-44a2-9d5b-b0a53081c2a5::403 - 0ms - Response: {"status":403,"now":1718860858741}::{"message":"Please fill in all required fields and ensure portfolios is not empty!"}
2024-06-20 12:24:08::error::/v1/api/commissionService/createCommissionService::e19b07ae-4402-4eac-9eb4-d4ae1617a1d0::403 - 0ms - Response: {"status":403,"now":1718861048808}::{"message":"Please provide artwork files"}
2024-06-20 12:26:49::error::/v1/api/serviceCategory/createServiceCategory::1a117509-ea32-4c05-bc6f-3cfa3d17e187::undefined - NaNms - Response: {"errors":{"title":{"name":"ValidatorError","message":"Path `title` is required.","properties":{"message":"Path `title` is required.","type":"required","path":"title"},"kind":"required","path":"title"}},"_message":"ServiceCategory validation failed","name":"ValidationError","message":"ServiceCategory validation failed: title: Path `title` is required."}::{"message":"ServiceCategory validation failed: title: Path `title` is required."}
2024-06-20 12:27:49::error::/v1/api/serviceCategory/createServiceCategory::d0593fde-c919-4379-bb05-94f389cd31c5::undefined - NaNms - Response: {"index":0,"code":11000,"keyPattern":{"title":1},"keyValue":{"title":"abc"}}::{"message":"E11000 duplicate key error collection: Fiyonce.ServiceCategories index: title_1 dup key: { title: \"abc\" }"}
2024-06-20 12:33:47::error::/v1/api/commissionService/createCommissionService::f232ba16-da6e-406d-a12e-4494c1f9b3e4::403 - 0ms - Response: {"status":403,"now":1718861627881}::{"message":"Please provide artwork files"}
2024-06-20 12:34:56::error::/v1/api/commissionService/createCommissionService::4ea5a8b9-b2d2-4596-a94b-d1a2543c65b7::403 - 0ms - Response: {"status":403,"now":1718861696280}::{"message":"Please provide all required fields"}
2024-06-20 12:35:55::error::/v1/api/serviceCategory/createServiceCategory::a9d18e05-ff81-4217-85b8-f961106700d3::undefined - NaNms - Response: {"index":0,"code":11000,"keyPattern":{"title":1},"keyValue":{"title":"abc"}}::{"message":"E11000 duplicate key error collection: Fiyonce.ServiceCategories index: title_1 dup key: { title: \"abc\" }"}
2024-06-20 12:35:55::error::/v1/api/commissionService/createCommissionService::4d0c1ef2-2b5e-4c76-b7bb-188ad953b860::403 - 0ms - Response: {"status":403,"now":1718861755625}::{"message":"Please provide all required fields"}
2024-06-20 12:36:52::error::/v1/api/commissionService/createCommissionService::e9d75e52-5428-49d4-a1be-acd32ce9e828::403 - 0ms - Response: {"status":403,"now":1718861812711}::{"message":"Please provide all required fields"}
2024-06-20 12:39:36::error::/v1/api/commissionService/createCommissionService::645bfba2-358f-489c-9aa2-bb54986e1fa6::403 - 0ms - Response: {"status":403,"now":1718861976403}::{"message":"Please provide all required fields"}
2024-06-20 12:41:36::error::/v1/api/commissionService/createCommissionService::0aa1fd6e-f4fc-44f6-a1e6-57b72eb3a4f5::403 - 0ms - Response: {"status":403,"now":1718862096276}::{"message":"Please provide all required fields"}
2024-06-20 12:42:55::error::/v1/api/commissionService/createCommissionService::6e682593-bf20-486f-adaa-ef8fcd1adaae::undefined - NaNms - Response: {}::{"message":"File upload or database save failed"}
2024-06-20 12:44:30::error::/v1/api/commissionService/createCommissionService::ed963c37-52d7-4817-8a6d-9c99b980f708::undefined - NaNms - Response: {}::{"message":"File upload or database save failed"}
2024-06-20 12:44:43::error::/v1/api/serviceCategory/createServiceCategory::bef68d61-c247-4404-ba2f-70b6a56215bd::undefined - NaNms - Response: {"index":0,"code":11000,"keyPattern":{"title":1},"keyValue":{"title":"csdsvdfd"}}::{"message":"E11000 duplicate key error collection: Fiyonce.ServiceCategories index: title_1 dup key: { title: \"csdsvdfd\" }"}
2024-06-20 12:44:47::error::/v1/api/commissionService/createCommissionService::43ba3f68-8ce2-4d95-9f98-9d6afd176aeb::undefined - NaNms - Response: {}::{"message":"File upload or database save failed"}
2024-06-20 12:45:10::error::/v1/api/commissionService/createCommissionService::c3bfe26e-0d81-402a-9c9d-532c40bef2bf::undefined - NaNms - Response: {}::{"message":"File upload or database save failed"}
2024-06-20 12:46:40::error::/v1/api/commissionService/createCommissionService::d318e09c-6cbd-4763-b12b-dbd2d5785230::undefined - NaNms - Response: {}::{"message":"File upload or database save failed"}
2024-06-20 12:49:02::error::/v1/api/commissionService/createCommissionService::122bc3eb-1cb9-4885-a222-69c855608b88::undefined - NaNms - Response: {}::{"message":"File upload or database save failed"}
2024-06-20 12:52:51::error::/v1/api/commissionService/createCommissionService::4016691c-c2c2-4dc0-8557-0b7ac73a7b39::undefined - NaNms - Response: {}::{"message":"File upload or database save failed"}
2024-06-20 13:24:57::error::/v1/api/serviceCategory/readServiceCategoriesWithServices/665edd23fa87b27398b73d10::67745202-8934-46cd-969d-92e371903923::undefined - NaNms - Response: {}::{"message":"Failed to fetch services by category"}
2024-06-20 13:26:29::error::/v1/api/serviceCategory/readServiceCategoriesWithServices/665edd23fa87b27398b73d10::9735d60e-ab81-4d11-90ae-9ff92881cccf::undefined - NaNms - Response: {}::{"message":"Failed to fetch services by category"}
2024-06-20 13:26:30::error::/v1/api/serviceCategory/readServiceCategoriesWithServices/665edd23fa87b27398b73d10::6ca1357d-f4ca-4014-b4e0-53ff0d13b859::undefined - NaNms - Response: {}::{"message":"Failed to fetch services by category"}
2024-06-20 13:26:30::error::/v1/api/serviceCategory/readServiceCategoriesWithServices/665edd23fa87b27398b73d10::cdc3ee4c-7afd-4dd1-b13d-0c7e0cbeba40::undefined - NaNms - Response: {}::{"message":"Failed to fetch services by category"}
