2024-09-02 11:31:54::error::/v1/api/commissionReport/createCommissionReport::60ebcedd-b885-4286-91de-f8c2a106db78::403 - 0ms - Response: {"status":403,"now":1725251514675}::{"message":"Không tìm thấy đơn hàng"}
2024-09-02 14:15:50::error::/v1/api/order/createOrder::22cef74e-34e2-48fd-8317-d394de3ea09e::undefined - NaNms - Response: {}::{"message":"Cannot read properties of null (reading 'talentId')"}
2024-09-02 14:19:28::error::/v1/api/order/createOrder::39b1329e-0bdd-499d-885f-2ffc9d7fe981::undefined - NaNms - Response: {}::{"message":"Cannot read properties of null (reading 'talentId')"}
2024-09-02 14:19:48::error::/v1/api/order/createOrder::26484400-3816-4941-8835-8f45cc5c110f::undefined - NaNms - Response: {}::{"message":"Cannot read properties of null (reading 'talentId')"}
2024-09-02 14:20:40::error::/v1/api/order/createOrder::a2432259-1128-456e-9ccd-d797c79379a8::undefined - NaNms - Response: {}::{"message":"Cannot read properties of null (reading 'talentId')"}
2024-09-02 14:21:59::error::/v1/api/order/createOrder::1f4cf614-9b73-4d5c-be36-a35c4dc4fc06::undefined - NaNms - Response: {}::{"message":"Cannot read properties of null (reading 'talentId')"}
2024-09-02 14:22:35::error::/v1/api/order/createOrder::ae5f777c-3ffc-4155-80cc-11b8fc8a3783::undefined - NaNms - Response: {}::{"message":"Cannot read properties of null (reading 'talentId')"}
2024-09-02 14:23:23::error::/v1/api/order/createOrder::81b8d8ef-7c7c-48f2-befd-313bfa5e0a95::undefined - NaNms - Response: {}::{"message":"Cannot read properties of null (reading 'talentId')"}
2024-09-02 14:25:23::error::/v1/api/order/createOrder::0a20e5ab-db75-4caa-891f-471cb2fab1de::undefined - NaNms - Response: {}::{"message":"Cannot read properties of null (reading 'talentId')"}
2024-09-02 14:32:12::error::/v1/api/order/createOrder::05beee97-5371-4cf4-b4f6-93b9dc1b0efa::undefined - NaNms - Response: {}::{"message":"Cannot read properties of null (reading 'talentId')"}
2024-09-02 14:42:08::error::/v1/api/proposal/sendProposal/66d56af5064cb3c2daa08070::48486011-e9b2-4c7a-9d0b-25ada6c2f933::403 - 0ms - Response: {"status":403,"now":1725262928884}::{"message":"Vui lòng cập nhật mã số thuế của bạn để thực hiện thao tác này"}
2024-09-02 14:44:30::error::/v1/api/order/startWipCommissionOrder/66d56af5064cb3c2daa08070::7c601577-e89a-4e6a-90f2-2308713144a4::403 - 0ms - Response: {"status":403,"now":1725263070494}::{"message":"Đơn hàng chưa được xác nhận ở hiện tại"}
2024-09-02 14:46:12::error::/v1/api/order/deliverOrder/66d56af5064cb3c2daa08070::86440fa5-a301-460a-beb9-74f2d90b937f::404 - NaNms - Response: {"status":404}::{"message":"Not Found"}
2024-09-02 14:51:40::error::/v1/api/order/deliverOrder/66d56af5064cb3c2daa08070::de2f8310-1b13-4d60-94d1-1e3bf94bc213::undefined - NaNms - Response: {}::{"message":"Cannot set properties of undefined (setting 'url')"}
2024-09-02 14:52:49::error::/v1/api/order/deliverOrder/66d56af5064cb3c2daa08070::fe17eee9-db07-4145-bed7-ca885ec68976::undefined - NaNms - Response: {}::{"message":"Cannot set properties of undefined (setting 'url')"}
2024-09-02 14:55:25::error::/v1/api/order/finishOrder/66d56af5064cb3c2daa08070::7f41f98e-de16-4855-bf8b-f0904f00233b::401 - 1ms - Response: {"status":401,"now":1725263725490}::{"message":"You are not authorized to finish this order"}
2024-09-02 14:56:02::error::/v1/api/order/finishOrder/66d56af5064cb3c2daa08070::d00530ad-f9c0-4732-b763-537118d5723c::403 - 1ms - Response: {"status":403,"now":1725263762104}::{"message":"Order is not delivered yet"}
2024-09-02 14:56:30::error::/v1/api/order/finishOrder/66d56af5064cb3c2daa08070::b31e8631-0490-492c-b25b-401b3a682656::403 - 0ms - Response: {"status":403,"now":1725263790290}::{"message":"Order is not delivered yet"}
2024-09-02 14:56:49::error::/v1/api/order/finishOrder/66d56af5064cb3c2daa08070::d39e5492-de84-4c93-99e3-407a30f73a70::403 - 2ms - Response: {"status":403,"now":1725263809565}::{"message":"Order is not delivered yet"}
2024-09-02 15:01:36::error::/v1/api/order/deliverOrder/66d56af5064cb3c2daa08070::37389c9a-90ba-4347-8ab9-d430fa0b54f4::401 - 1ms - Response: {"status":401,"now":1725264096153}::{"message":"You are not authorized to deliver this order"}
2024-09-02 15:08:00::error::/v1/api/order/deliverOrder/66d56af5064cb3c2daa08070::57f9bc41-9347-45ca-aceb-167ccbd163e6::undefined - NaNms - Response: {"errors":{"status":{"name":"ValidatorError","message":"`delivered` is not a valid enum value for path `status`.","properties":{"message":"`delivered` is not a valid enum value for path `status`.","type":"enum","enumValues":["waitlist","pending","approved","rejected","confirmed","in_progress","finished","under_processing"],"path":"status","value":"delivered"},"kind":"enum","path":"status","value":"delivered"}},"_message":"Order validation failed","name":"ValidationError","message":"Order validation failed: status: `delivered` is not a valid enum value for path `status`."}::{"message":"Order validation failed: status: `delivered` is not a valid enum value for path `status`."}
2024-09-02 15:11:07::error::/v1/api/commissionreport/adminreceiveReport/66d572f3cfe2b9748ad9c020::cee8c012-5a3b-428b-8162-8458005aa602::undefined - NaNms - Response: {}::{"message":"formatDate is not defined"}
2024-09-02 15:13:48::error::/v1/api/commissionReport/adminMakeDecision/66d572f3cfe2b9748ad9c020::ab3616d4-cf10-4662-8544-2f5c7d66a6d6::undefined - NaNms - Response: {}::{"message":"decision is not defined"}
