2024-07-19 09:21:57::error::/v1/api/user/me::1f9d5779-a500-4578-a3ea-fc3e876c9a6b::403 - 1ms - Response: {"status":403,"now":1721355717679}::{"message":"Access token missing"}
2024-07-19 09:22:44::error::/v1/api/auth/users/signUp::84539a43-cfcd-4f2b-8805-788b9150b119::403 - 1ms - Response: {"status":403,"now":1721355764767}::{"message":"Error: User already registered"}
2024-07-19 09:23:53::error::/v1/api/user/me::43734723-fe6f-42b0-944b-c08de8671cba::403 - 0ms - Response: {"status":403,"now":1721355833441}::{"message":"Access token missing"}
2024-07-19 09:23:53::error::/v1/api/conversation/readConversationWithOtherMember/665929dd1937df564df71660::b17a64cc-0829-412f-873c-e35d4d5f6964::401 - 0ms - Response: {"status":401,"now":1721355833445}::{"message":"You are not authenticated!"}
2024-07-19 09:24:17::error::/v1/api/user/me::af4b3943-d259-49f3-be0e-586002b2e08b::403 - 0ms - Response: {"status":403,"now":1721355857391}::{"message":"Access token missing"}
2024-07-19 09:24:17::error::/v1/api/conversation/readConversationWithOtherMember/665929dd1937df564df71660::16e357fe-be05-4ae2-8fe6-fa5f0bdee61f::401 - 0ms - Response: {"status":401,"now":1721355857395}::{"message":"You are not authenticated!"}
2024-07-19 09:27:21::error::/v1/api/user/me::6f70af04-d05f-4c0d-8db3-531ecb1881a4::403 - 0ms - Response: {"status":403,"now":1721356041585}::{"message":"Access token missing"}
2024-07-19 09:27:21::error::/v1/api/conversation/readConversationWithOtherMember/665929dd1937df564df71660::fbb5675c-7b2e-4b27-8500-75c044ae4790::401 - 0ms - Response: {"status":401,"now":1721356041592}::{"message":"You are not authenticated!"}
2024-07-19 09:27:32::error::/v1/api/user/me::8535f395-61b0-406e-9bc6-5da6f33d7588::403 - 0ms - Response: {"status":403,"now":1721356052290}::{"message":"Access token missing"}
2024-07-19 09:27:32::error::/v1/api/conversation/readConversationWithOtherMember/665929dd1937df564df71660::ef8e5610-1bf3-4c4b-bf45-3a4059178d75::401 - 0ms - Response: {"status":401,"now":1721356052297}::{"message":"You are not authenticated!"}
2024-07-19 09:27:35::error::/v1/api/user/me::286aefb6-cef1-43e3-8923-7473b702f065::403 - 0ms - Response: {"status":403,"now":1721356055716}::{"message":"Access token missing"}
2024-07-19 09:27:35::error::/v1/api/conversation/readConversationWithOtherMember/665929dd1937df564df71660::3d320e49-ed0a-4330-abff-f34bb7d847ca::401 - 0ms - Response: {"status":401,"now":1721356055722}::{"message":"You are not authenticated!"}
2024-07-19 09:27:38::error::/v1/api/user/me::414ca21c-0183-4816-beb7-5450041596c7::403 - 0ms - Response: {"status":403,"now":1721356058353}::{"message":"Access token missing"}
2024-07-19 09:27:38::error::/v1/api/conversation/readConversationWithOtherMember/665929dd1937df564df71660::ba26f203-3571-4350-9597-7d8a9a8a4258::401 - 0ms - Response: {"status":401,"now":1721356058358}::{"message":"You are not authenticated!"}
2024-07-19 09:27:49::error::/v1/api/user/me::0b4b6f59-026a-4d2c-b7fd-8af2de2b905d::403 - 0ms - Response: {"status":403,"now":1721356069485}::{"message":"Access token missing"}
2024-07-19 09:27:49::error::/v1/api/conversation/readConversationWithOtherMember/665929dd1937df564df71660::a9bb0cd3-ff33-4fb2-9e8e-fd60d3f967b2::401 - 0ms - Response: {"status":401,"now":1721356069488}::{"message":"You are not authenticated!"}
2024-07-19 09:30:13::error::/v1/api/user/me::546e4351-9be9-4b24-9b06-041af2b2100f::403 - 1ms - Response: {"status":403,"now":1721356213548}::{"message":"Access token missing"}
2024-07-19 09:30:13::error::/v1/api/conversation/readConversationWithOtherMember/665929dd1937df564df71660::464e51d2-d147-4ccc-ad94-53e5b5166555::401 - 0ms - Response: {"status":401,"now":1721356213562}::{"message":"You are not authenticated!"}
2024-07-19 09:30:29::error::/v1/api/user/me::65e87879-c0b5-4530-969a-0909c2f383b3::403 - 0ms - Response: {"status":403,"now":1721356229634}::{"message":"Access token missing"}
2024-07-19 09:30:29::error::/v1/api/conversation/readConversationWithOtherMember/665929dd1937df564df71660::6a6d6b51-94e3-4c62-a285-545e2f5d96d5::401 - 0ms - Response: {"status":401,"now":1721356229641}::{"message":"You are not authenticated!"}
2024-07-19 09:30:41::error::/v1/api/user/me::a63c4170-0134-45d1-af5d-5788a99e0c6e::403 - 0ms - Response: {"status":403,"now":1721356241733}::{"message":"Access token missing"}
2024-07-19 09:30:41::error::/v1/api/conversation/readConversationWithOtherMember/665929dd1937df564df71660::0c309f9d-4296-4be2-afba-cf7e81fac6d1::401 - 0ms - Response: {"status":401,"now":1721356241738}::{"message":"You are not authenticated!"}
2024-07-19 09:30:44::error::/v1/api/user/me::e2ce3c39-0dc6-4fa9-a7b4-c39f20aadcf7::403 - 0ms - Response: {"status":403,"now":1721356244686}::{"message":"Access token missing"}
2024-07-19 09:31:26::error::/v1/api/user/me::03f792aa-13e5-4a2c-b7c7-7d640b43af2c::403 - 0ms - Response: {"status":403,"now":1721356286518}::{"message":"Access token missing"}
2024-07-19 09:32:57::error::/v1/api/user/me::a5bd53e5-5eb6-4ceb-9a23-dd0965c4ef0d::403 - 0ms - Response: {"status":403,"now":1721356377367}::{"message":"Access token missing"}
2024-07-19 09:33:34::error::/v1/api/user/me::19565707-fdaf-4b93-9d78-30f3fc632acc::403 - 1ms - Response: {"status":403,"now":1721356414461}::{"message":"Access token missing"}
2024-07-19 09:34:18::error::/v1/api/user/me::0167b02c-dac8-4e1d-80ae-21af1404658b::403 - 0ms - Response: {"status":403,"now":1721356458165}::{"message":"Access token missing"}
2024-07-19 09:34:33::error::/v1/api/user/me::53f80fa5-71da-462a-97bb-a922edd5ea52::403 - 1ms - Response: {"status":403,"now":1721356473603}::{"message":"Access token missing"}
2024-07-19 09:35:31::error::/v1/api/user/me::99e6bdc4-0f8e-402c-a786-437ab8c2b504::403 - 0ms - Response: {"status":403,"now":1721356531109}::{"message":"Access token missing"}
2024-07-19 09:39:51::error::/v1/api/user/me::a02c92fd-a245-433a-93b2-31db8fe001dd::403 - 0ms - Response: {"status":403,"now":1721356791106}::{"message":"Access token missing"}
2024-07-19 09:41:49::error::/v1/api/user/me::ca42b489-c409-4552-81c9-1152236cea72::403 - 0ms - Response: {"status":403,"now":1721356909934}::{"message":"Access token missing"}
2024-07-19 09:41:51::error::/v1/api/user/me::1a82e587-4c69-48b0-a65c-71c92cf9e18b::403 - 0ms - Response: {"status":403,"now":1721356911889}::{"message":"Access token missing"}
2024-07-19 09:42:57::error::/v1/api/user/me::9292e1de-e760-4958-829d-fd601b271345::403 - 2ms - Response: {"status":403,"now":1721356977647}::{"message":"Access token missing"}
2024-07-19 09:43:02::error::/v1/api/auth/users/verifyOtp::c30149e3-97ba-47c7-ae00-db10bbae11f7::403 - 0ms - Response: {"status":403,"now":1721356982050}::{"message":"Incorrect OTP"}
2024-07-19 09:48:10::error::/v1/api/user/me::90502a4e-7af5-4485-a09e-0fe3f8412c87::403 - 1ms - Response: {"status":403,"now":1721357290602}::{"message":"Access token missing"}
2024-07-19 09:49:02::error::/v1/api/user/me::ba7d5797-8cb9-4e4a-af66-cbe46f79aa8c::403 - 1ms - Response: {"status":403,"now":1721357342965}::{"message":"Access token missing"}
2024-07-19 09:49:17::error::/v1/api/user/me::e7861431-7815-48b7-bd70-7f1ab6de9840::403 - 0ms - Response: {"status":403,"now":1721357357415}::{"message":"Access token missing"}
2024-07-19 09:51:05::error::/v1/api/user/me::7fd78151-0dc4-4908-9beb-808530f2af3b::403 - 1ms - Response: {"status":403,"now":1721357465956}::{"message":"Access token missing"}
2024-07-19 09:51:06::error::/v1/api/auth/users/verifyOtp::de179c5d-a948-4d2c-b84e-6fdd2be539a0::403 - 0ms - Response: {"status":403,"now":1721357466120}::{"message":"Mã OTP không chính xác"}
2024-07-19 09:52:53::error::/v1/api/user/me::835a0da1-343d-46f3-b83b-a74632bc5f94::403 - 1ms - Response: {"status":403,"now":1721357573762}::{"message":"Access token missing"}
2024-07-19 09:53:55::error::/v1/api/user/me::55fbd7e7-7ce8-4522-b813-c83af0f4d4e7::403 - 1ms - Response: {"status":403,"now":1721357635666}::{"message":"Access token missing"}
2024-07-19 09:57:14::error::/v1/api/user/me::80a9f84a-712a-4329-9e07-83deeb395128::403 - 1ms - Response: {"status":403,"now":1721357834513}::{"message":"Access token missing"}
2024-07-19 09:58:37::error::/v1/api/user/me::c9901fda-f779-4ed1-bdaf-1186f0f20418::403 - 1ms - Response: {"status":403,"now":1721357917255}::{"message":"Access token missing"}
2024-07-19 09:58:38::error::/v1/api/auth/users/verifyOtp::58592266-a748-4eea-8495-5f3ad31c807f::403 - 0ms - Response: {"status":403,"now":1721357918465}::{"message":"Mã OTP không chính xác"}
2024-07-19 10:01:14::error::/v1/api/user/me::ee25c9ec-5925-4f7e-8244-71ee79c20d35::403 - 1ms - Response: {"status":403,"now":1721358074704}::{"message":"Access token missing"}
2024-07-19 10:01:29::error::/v1/api/user/me::026817db-8c12-4d6f-a9c7-e68ea9e75666::403 - 1ms - Response: {"status":403,"now":1721358089311}::{"message":"Access token missing"}
2024-07-19 10:01:45::error::/v1/api/user/me::08a4a6e4-97a0-4a34-ad26-7a106bca8996::403 - 0ms - Response: {"status":403,"now":1721358105935}::{"message":"Access token missing"}
2024-07-19 10:02:09::error::/v1/api/user/me::fb81c48a-498a-4bd6-9441-713e61058764::403 - 0ms - Response: {"status":403,"now":1721358129160}::{"message":"Access token missing"}
2024-07-19 10:02:12::error::/v1/api/user/me::70cd33b0-bbf6-48c7-b29f-f66b9e83508a::403 - 0ms - Response: {"status":403,"now":1721358132826}::{"message":"Access token missing"}
2024-07-19 10:02:20::error::/v1/api/user/me::ad18acf7-073f-4588-9ced-2809422eb92a::403 - 1ms - Response: {"status":403,"now":1721358140291}::{"message":"Access token missing"}
2024-07-19 10:02:28::error::/v1/api/user/me::0b57aaf3-a6ce-48cd-8396-4d70374d04dc::403 - 0ms - Response: {"status":403,"now":1721358148747}::{"message":"Access token missing"}
2024-07-19 10:02:29::error::/v1/api/user/me::76d57b52-99fb-4b1d-aa34-3f5a47e73bfb::403 - 0ms - Response: {"status":403,"now":1721358149004}::{"message":"Access token missing"}
2024-07-19 10:02:44::error::/v1/api/user/me::24a265b3-da10-4d20-95d9-667ebf0302de::403 - 0ms - Response: {"status":403,"now":1721358164620}::{"message":"Access token missing"}
2024-07-19 10:02:57::error::/v1/api/user/me::78082801-1dc7-4874-a183-e027109f5f58::403 - 0ms - Response: {"status":403,"now":1721358177102}::{"message":"Access token missing"}
2024-07-19 10:04:15::error::/v1/api/user/me::b23edc26-8c9f-4e74-9114-1b40029aae1f::403 - 0ms - Response: {"status":403,"now":1721358255993}::{"message":"Access token missing"}
2024-07-19 10:04:54::error::/v1/api/user/me::aa09e90b-d6c9-4606-931c-b900732ea072::403 - 0ms - Response: {"status":403,"now":1721358294118}::{"message":"Access token missing"}
2024-07-19 10:04:59::error::/v1/api/user/me::44c88b97-75b6-4859-ad17-51c721677da3::403 - 0ms - Response: {"status":403,"now":1721358299046}::{"message":"Access token missing"}
2024-07-19 10:05:48::error::/v1/api/order/readTalentOrderHistory::b89ebfa2-cd22-459d-9b12-ca564140a0a8::403 - 0ms - Response: {"status":403,"now":1721358348376}::{"message":"You are not a talent!"}
2024-07-19 10:06:29::error::/v1/api/order/readTalentOrderHistory::0df8f9e7-ecca-464b-a8f8-c4883f29da53::403 - 0ms - Response: {"status":403,"now":1721358389947}::{"message":"You are not a talent!"}
2024-07-19 10:07:00::error::/v1/api/order/readTalentOrderHistory::f8c97332-e004-4205-82fb-45d6116c0a78::403 - 0ms - Response: {"status":403,"now":1721358420141}::{"message":"You are not a talent!"}
2024-07-19 10:07:52::error::/v1/api/order/readTalentOrderHistory::3703b556-1a42-4192-bf8a-563303f9a3ef::403 - 0ms - Response: {"status":403,"now":1721358472145}::{"message":"You are not a talent!"}
2024-07-19 10:07:55::error::/v1/api/user/me::5f326ef8-6dc0-471c-9f38-69214d2f64ee::403 - 0ms - Response: {"status":403,"now":1721358475159}::{"message":"Access token missing"}
2024-07-19 10:12:07::error::/v1/api/user/me::047eb9a4-a21c-44e2-8825-72fec58df549::403 - 0ms - Response: {"status":403,"now":1721358727033}::{"message":"Access token missing"}
2024-07-19 10:12:37::error::/v1/api/order/readTalentOrderHistory::718abf6b-538c-493a-8621-6844e82542cc::403 - 0ms - Response: {"status":403,"now":1721358757593}::{"message":"You are not a talent!"}
2024-07-19 10:12:59::error::/v1/api/order/readTalentOrderHistory::36e3d863-554f-4b56-94ab-bf57f68d64e7::403 - 0ms - Response: {"status":403,"now":1721358779876}::{"message":"You are not a talent!"}
2024-07-19 10:15:45::error::/v1/api/order/readTalentOrderHistory::e1c3b663-6488-4a2d-8eae-db7b6a2579ee::403 - 1ms - Response: {"status":403,"now":1721358945128}::{"message":"You are not a talent!"}
2024-07-19 10:15:51::error::/v1/api/order/readTalentOrderHistory::f43ab235-ef91-4768-87f4-9f4ac1f78c32::403 - 0ms - Response: {"status":403,"now":1721358951385}::{"message":"You are not a talent!"}
2024-07-19 10:15:52::error::/v1/api/order/readTalentOrderHistory::cbefd765-11bd-4996-ad10-28f018daefef::403 - 0ms - Response: {"status":403,"now":1721358952631}::{"message":"You are not a talent!"}
2024-07-19 10:15:52::error::/v1/api/order/readTalentOrderHistory::20042207-9301-460f-8d6b-1d8edd50cf0a::403 - 0ms - Response: {"status":403,"now":1721358952986}::{"message":"You are not a talent!"}
2024-07-19 10:15:53::error::/v1/api/order/readTalentOrderHistory::15b6044f-12df-45cc-a321-2179b2c10f58::403 - 0ms - Response: {"status":403,"now":1721358953848}::{"message":"You are not a talent!"}
2024-07-19 10:15:58::error::/v1/api/order/readTalentOrderHistory::4c66af6e-4940-4cb2-8262-f83c28604a29::403 - 0ms - Response: {"status":403,"now":1721358958155}::{"message":"You are not a talent!"}
2024-07-19 10:16:01::error::/v1/api/order/readTalentOrderHistory::4db712b1-941b-419b-a82c-41cc6efd1799::403 - 0ms - Response: {"status":403,"now":1721358961273}::{"message":"You are not a talent!"}
2024-07-19 10:28:49::error::/v1/api/order/readTalentOrderHistory::9a9e574b-94eb-439d-aed9-11723d8c6c2c::403 - 0ms - Response: {"status":403,"now":1721359729716}::{"message":"You are not a talent!"}
2024-07-19 10:28:55::error::/v1/api/order/readTalentOrderHistory::f499cce1-5fcb-420e-83ff-9cab660e7403::403 - 0ms - Response: {"status":403,"now":1721359735888}::{"message":"You are not a talent!"}
2024-07-19 10:29:02::error::/v1/api/talentRequest/readTalentRequestStatus::308e963a-21bf-4949-9cf0-b1f342edafdc::404 - 0ms - Response: {"status":404,"now":1721359742923}::{"message":"Talent request not found"}
2024-07-19 10:29:02::error::/v1/api/talentRequest/readTalentRequestStatus::16be590c-7f3c-44bd-b64e-1d1b4370d5bb::404 - 0ms - Response: {"status":404,"now":1721359742929}::{"message":"Talent request not found"}
2024-07-19 10:30:07::error::/v1/api/order/readTalentOrderHistory::84907289-590a-4180-9c58-7977ef4fc8d3::403 - 0ms - Response: {"status":403,"now":1721359807965}::{"message":"You are not a talent!"}
2024-07-19 10:30:23::error::/v1/api/order/readTalentOrderHistory::4ffe337e-b251-4b40-992f-e81c6f5216de::403 - 0ms - Response: {"status":403,"now":1721359823808}::{"message":"You are not a talent!"}
2024-07-19 10:30:27::error::/v1/api/order/readTalentOrderHistory::2c28e669-b0bc-453e-8589-2e33f06846d1::403 - 0ms - Response: {"status":403,"now":1721359827266}::{"message":"You are not a talent!"}
2024-07-19 10:30:27::error::/v1/api/order/readTalentOrderHistory::b994095c-a863-4ae9-b669-cd5c600d95b6::403 - 0ms - Response: {"status":403,"now":1721359827303}::{"message":"You are not a talent!"}
2024-07-19 10:31:12::error::/v1/api/order/readTalentOrderHistory::dc1360b4-6d1f-4e81-a070-42092416fa72::403 - 0ms - Response: {"status":403,"now":1721359872243}::{"message":"You are not a talent!"}
2024-07-19 10:31:32::error::/v1/api/order/readTalentOrderHistory::1668c278-9593-47e5-9bbb-382dde476387::403 - 0ms - Response: {"status":403,"now":1721359892212}::{"message":"You are not a talent!"}
2024-07-19 10:32:47::error::/v1/api/order/readTalentOrderHistory::9c1e651d-94af-4714-88c4-d91407782670::403 - 0ms - Response: {"status":403,"now":1721359967256}::{"message":"You are not a talent!"}
2024-07-19 10:33:10::error::/v1/api/order/readTalentOrderHistory::6a2b6e73-8fc2-4ac8-8c7e-c528084218ef::403 - 0ms - Response: {"status":403,"now":1721359990099}::{"message":"You are not a talent!"}
2024-07-19 10:33:11::error::/v1/api/order/readTalentOrderHistory::634b6c1e-2781-4d7b-9dde-5b5b2574a3d2::403 - 0ms - Response: {"status":403,"now":1721359991485}::{"message":"You are not a talent!"}
2024-07-19 10:33:11::error::/v1/api/order/readTalentOrderHistory::3895a42e-96e2-4244-b6ed-8f68591a09a8::403 - 0ms - Response: {"status":403,"now":1721359991514}::{"message":"You are not a talent!"}
2024-07-19 10:38:30::error::/v1/api/order/readTalentOrderHistory::e82f257b-2c83-461d-9a7b-c570583a8f13::403 - 0ms - Response: {"status":403,"now":1721360310411}::{"message":"You are not a talent!"}
2024-07-19 10:38:49::error::/v1/api/order/readTalentOrderHistory::cd39c50b-5c47-426c-9609-de6b2ea269c6::403 - 0ms - Response: {"status":403,"now":1721360329534}::{"message":"You are not a talent!"}
2024-07-19 10:38:52::error::/v1/api/order/readTalentOrderHistory::c4ad0d73-b97b-426b-80bf-cdac466752fb::403 - 0ms - Response: {"status":403,"now":1721360332758}::{"message":"You are not a talent!"}
2024-07-19 10:38:54::error::/v1/api/order/readTalentOrderHistory::41fd2223-aa0e-4358-899a-96878afff9bf::403 - 0ms - Response: {"status":403,"now":1721360334635}::{"message":"You are not a talent!"}
2024-07-19 10:39:20::error::/v1/api/order/readTalentOrderHistory::63519dab-2199-482c-9a7b-2cb440a827d7::403 - 0ms - Response: {"status":403,"now":1721360360259}::{"message":"You are not a talent!"}
2024-07-19 10:44:18::error::/v1/api/order/readTalentOrderHistory::df40a5c6-9cea-4df3-9d88-86a752e8d940::403 - 0ms - Response: {"status":403,"now":1721360658328}::{"message":"You are not a talent!"}
2024-07-19 10:44:24::error::/v1/api/order/readTalentOrderHistory::4500439c-e1eb-45c4-a6bb-52821ddfc353::403 - 0ms - Response: {"status":403,"now":1721360664281}::{"message":"You are not a talent!"}
2024-07-19 10:44:53::error::/v1/api/order/readTalentOrderHistory::ab7c4b5f-e85c-4863-9db8-1f5cede6e838::403 - 0ms - Response: {"status":403,"now":1721360693876}::{"message":"You are not a talent!"}
2024-07-19 10:44:59::error::/v1/api/order/readTalentOrderHistory::885d94df-4612-4cab-851d-41eaa5a826ce::403 - 0ms - Response: {"status":403,"now":1721360699038}::{"message":"You are not a talent!"}
2024-07-19 10:45:19::error::/v1/api/order/readTalentOrderHistory::d78b3eca-64a5-4f63-bccc-cf9ca4a12d89::403 - 0ms - Response: {"status":403,"now":1721360719519}::{"message":"You are not a talent!"}
2024-07-19 10:45:31::error::/v1/api/order/readTalentOrderHistory::8733459a-4015-4d84-8dfd-8e230282d31a::403 - 1ms - Response: {"status":403,"now":1721360731814}::{"message":"You are not a talent!"}
2024-07-19 10:45:36::error::/v1/api/order/readTalentOrderHistory::551c352d-d407-48da-b36e-90c633fb6db6::403 - 0ms - Response: {"status":403,"now":1721360736356}::{"message":"You are not a talent!"}
2024-07-19 10:56:41::error::/v1/api/order/readTalentOrderHistory::7dc17a3b-f8cc-40e5-9928-a1632e1598e1::403 - 1ms - Response: {"status":403,"now":1721361401134}::{"message":"You are not a talent!"}
2024-07-19 10:58:13::error::/v1/api/order/readTalentOrderHistory::c35680e1-0850-4711-bf94-fdd28cdc5568::403 - 0ms - Response: {"status":403,"now":1721361493189}::{"message":"You are not a talent!"}
2024-07-19 10:58:22::error::/v1/api/order/readTalentOrderHistory::f2f5ba1d-8cb1-4d9d-915c-3172ae2b5107::403 - 0ms - Response: {"status":403,"now":1721361502458}::{"message":"You are not a talent!"}
2024-07-19 10:58:43::error::/v1/api/order/readTalentOrderHistory::0117f3c0-06c5-4a8b-acdd-e3e9f7abcedf::403 - 0ms - Response: {"status":403,"now":1721361523080}::{"message":"You are not a talent!"}
2024-07-19 10:59:12::error::/v1/api/order/readTalentOrderHistory::52fa35ba-8c7e-4618-92a0-d086bd37f8a4::403 - 0ms - Response: {"status":403,"now":1721361552181}::{"message":"You are not a talent!"}
2024-07-19 10:59:12::error::/v1/api/order/readTalentOrderHistory::aa3f39e0-d635-4620-95dd-027ab2320415::403 - 0ms - Response: {"status":403,"now":1721361552952}::{"message":"You are not a talent!"}
2024-07-19 10:59:18::error::/v1/api/order/readTalentOrderHistory::ea86af63-7df6-4b4a-a321-4306d401f9b5::403 - 1ms - Response: {"status":403,"now":1721361558271}::{"message":"You are not a talent!"}
2024-07-19 10:59:22::error::/v1/api/order/readTalentOrderHistory::6b1641ca-4c40-46aa-882e-fe0b4838626b::403 - 0ms - Response: {"status":403,"now":1721361562437}::{"message":"You are not a talent!"}
2024-07-19 11:00:57::error::/v1/api/order/readTalentOrderHistory::85dca921-9b8e-4ec1-9935-6155645386ca::403 - 0ms - Response: {"status":403,"now":1721361657541}::{"message":"You are not a talent!"}
2024-07-19 11:01:40::error::/v1/api/order/readTalentOrderHistory::aaef3713-52ca-4ae0-96e3-7b1d47a516e0::403 - 0ms - Response: {"status":403,"now":1721361700505}::{"message":"You are not a talent!"}
2024-07-19 11:01:42::error::/v1/api/order/readTalentOrderHistory::7590f000-7bee-44ed-85d6-cb4bc0982a25::403 - 0ms - Response: {"status":403,"now":1721361702335}::{"message":"You are not a talent!"}
2024-07-19 11:01:53::error::/v1/api/order/readTalentOrderHistory::813e0244-b088-4228-ba8d-42245d1df27b::403 - 0ms - Response: {"status":403,"now":1721361713265}::{"message":"You are not a talent!"}
2024-07-19 11:02:05::error::/v1/api/order/readTalentOrderHistory::0053c83d-d9f7-4c50-976d-8be3b46475b7::403 - 0ms - Response: {"status":403,"now":1721361725864}::{"message":"You are not a talent!"}
2024-07-19 11:02:08::error::/v1/api/order/readTalentOrderHistory::7d9763f0-4c2d-4c3c-ae79-8f8397b9bb02::403 - 0ms - Response: {"status":403,"now":1721361728798}::{"message":"You are not a talent!"}
2024-07-19 11:02:09::error::/v1/api/order/readTalentOrderHistory::0cc823fd-108c-4a9f-a3b1-b10de8ab580e::403 - 0ms - Response: {"status":403,"now":1721361729765}::{"message":"You are not a talent!"}
2024-07-19 11:02:17::error::/v1/api/order/readTalentOrderHistory::0bba6365-3bac-413a-919a-ff9029f263c7::403 - 0ms - Response: {"status":403,"now":1721361737752}::{"message":"You are not a talent!"}
2024-07-19 11:02:54::error::/v1/api/order/readTalentOrderHistory::3bf5d11f-072c-4eb7-975d-a5c664c41ca0::403 - 0ms - Response: {"status":403,"now":1721361774853}::{"message":"You are not a talent!"}
2024-07-19 11:03:24::error::/v1/api/order/readTalentOrderHistory::b0227f63-5fa0-4638-b5cc-df0eb112c00a::403 - 0ms - Response: {"status":403,"now":1721361804797}::{"message":"You are not a talent!"}
2024-07-19 11:03:32::error::/v1/api/order/readTalentOrderHistory::ae6e4247-1c5a-41fa-b7c8-02fb81dbf419::403 - 0ms - Response: {"status":403,"now":1721361812233}::{"message":"You are not a talent!"}
2024-07-19 11:03:41::error::/v1/api/order/readTalentOrderHistory::3dcea7a7-2d64-4273-9c9d-f03d9e4ee0cb::403 - 0ms - Response: {"status":403,"now":1721361821816}::{"message":"You are not a talent!"}
2024-07-19 11:04:02::error::/v1/api/order/readTalentOrderHistory::6ada5665-cb99-439d-969a-8a42ff6a57bc::403 - 0ms - Response: {"status":403,"now":1721361842548}::{"message":"You are not a talent!"}
2024-07-19 11:04:03::error::/v1/api/order/readTalentOrderHistory::e7a3b97c-36c2-4ab9-92ca-c7c254e5dbb5::403 - 0ms - Response: {"status":403,"now":1721361843271}::{"message":"You are not a talent!"}
2024-07-19 11:04:04::error::/v1/api/order/readTalentOrderHistory::e9f4ac3f-8602-4146-bac3-85b67ffdcb9c::403 - 0ms - Response: {"status":403,"now":1721361844148}::{"message":"You are not a talent!"}
2024-07-19 11:04:13::error::/v1/api/order/readTalentOrderHistory::2ef0caf9-13b7-478a-a2e8-e10551630022::403 - 0ms - Response: {"status":403,"now":1721361853125}::{"message":"You are not a talent!"}
2024-07-19 11:04:16::error::/v1/api/order/readTalentOrderHistory::3a2ddcec-56b7-48b3-9037-b6b3c82d6226::403 - 0ms - Response: {"status":403,"now":1721361856256}::{"message":"You are not a talent!"}
2024-07-19 11:04:21::error::/v1/api/order/readTalentOrderHistory::2f86c643-9799-43d9-81f8-c6d3a8a85fcf::403 - 0ms - Response: {"status":403,"now":1721361861703}::{"message":"You are not a talent!"}
2024-07-19 11:04:57::error::/v1/api/order/readTalentOrderHistory::75361003-3872-478e-babc-4f7f44e0db2c::403 - 0ms - Response: {"status":403,"now":1721361897928}::{"message":"You are not a talent!"}
2024-07-19 11:05:02::error::/v1/api/order/readTalentOrderHistory::4b629393-e82c-4b33-8dea-c9c18f99db64::403 - 0ms - Response: {"status":403,"now":1721361902208}::{"message":"You are not a talent!"}
2024-07-19 11:05:03::error::/v1/api/order/readTalentOrderHistory::54e49c33-0cd4-44f6-a25a-bc2dbf4b7bb4::403 - 0ms - Response: {"status":403,"now":1721361903039}::{"message":"You are not a talent!"}
2024-07-19 11:05:46::error::/v1/api/order/readTalentOrderHistory::168e75e4-632c-44f2-b6c2-fe8e2d6981a3::403 - 0ms - Response: {"status":403,"now":1721361946188}::{"message":"You are not a talent!"}
2024-07-19 11:19:27::error::/v1/api/order/readTalentOrderHistory::ebbb685b-e6de-47d0-a256-2c7abc0d98d1::403 - 1ms - Response: {"status":403,"now":1721362767188}::{"message":"You are not a talent!"}
2024-07-19 11:22:11::error::/v1/api/user/me::4da79bda-fc2f-469a-9c8c-7a355adaf9cf::403 - 1ms - Response: {"status":403,"now":1721362931199}::{"message":"Access token missing"}
