2024-08-26 09:38:26::error::/v1/api/user/me::0755e956-dc6c-4611-88d8-c0c306f02d8d::403 - 1ms - Response: {"status":403,"now":1724639906273}::{"message":"Access token missing"}
2024-08-26 09:38:39::error::/v1/api/user/me::29403580-b4c4-4fab-bb22-53812e16d148::403 - 1ms - Response: {"status":403,"now":1724639919593}::{"message":"Access token missing"}
2024-08-26 09:38:58::error::/v1/api/user/me::0df95225-c641-4db9-a032-7bdc6ac09814::403 - 0ms - Response: {"status":403,"now":1724639938079}::{"message":"Access token missing"}
2024-08-26 09:39:48::error::/v1/api/user/me::d2b3abe6-3a5c-4257-b57d-3bcbbf4989d0::403 - 0ms - Response: {"status":403,"now":1724639988952}::{"message":"Access token missing"}
2024-08-26 09:40:05::error::/v1/api/user/me::23889aff-1ff7-4ffb-80c2-09d02b7c834b::403 - 0ms - Response: {"status":403,"now":1724640005730}::{"message":"Access token missing"}
2024-08-26 09:40:07::error::/v1/api/user/me::a8a1063a-3cfb-46a3-ac23-c1009b2a53e2::403 - 0ms - Response: {"status":403,"now":1724640007295}::{"message":"Access token missing"}
2024-08-26 09:40:07::error::/v1/api/user/me::20cd35e6-f756-4d91-a1db-a22be633ab03::403 - 0ms - Response: {"status":403,"now":1724640007671}::{"message":"Access token missing"}
2024-08-26 09:40:14::error::/v1/api/user/me::1900574c-8cc8-40ed-9da1-d3faf841dd32::403 - 0ms - Response: {"status":403,"now":1724640014832}::{"message":"Access token missing"}
2024-08-26 09:40:15::error::/v1/api/user/me::a120171c-268e-4b4f-9826-8ae5a21fdb97::403 - 0ms - Response: {"status":403,"now":1724640015758}::{"message":"Access token missing"}
2024-08-26 09:40:23::error::/v1/api/user/me::606da1cf-2571-4872-8c43-6bfd1bb07b96::403 - 1ms - Response: {"status":403,"now":1724640023889}::{"message":"Access token missing"}
2024-08-26 09:40:24::error::/v1/api/user/me::c0dc5e51-0d4b-4114-91d4-95cffc3efdb5::403 - 0ms - Response: {"status":403,"now":1724640024686}::{"message":"Access token missing"}
2024-08-26 09:40:52::error::/v1/api/user/me::77e00f6e-bfaf-4843-89e3-107a1b499cb4::403 - 0ms - Response: {"status":403,"now":1724640052582}::{"message":"Access token missing"}
2024-08-26 09:41:09::error::/v1/api/user/me::9e18991f-f437-4007-adb0-d9b203e8595a::403 - 1ms - Response: {"status":403,"now":1724640069447}::{"message":"Access token missing"}
2024-08-26 09:41:09::error::/v1/api/user/me::e264bd27-9ffc-4842-9afb-de95b4d00a70::403 - 0ms - Response: {"status":403,"now":1724640069532}::{"message":"Access token missing"}
2024-08-26 09:41:10::error::/v1/api/user/me::726b28fd-275b-4bce-b4f2-a4545d639e62::403 - 0ms - Response: {"status":403,"now":1724640070249}::{"message":"Access token missing"}
2024-08-26 09:41:18::error::/v1/api/user/me::c60ddae4-589a-4ade-b85b-92cc310b29ea::403 - 1ms - Response: {"status":403,"now":1724640078675}::{"message":"Access token missing"}
2024-08-26 09:41:19::error::/v1/api/user/me::9541d3df-3ec2-469f-bea3-b2d69ed88d09::403 - 0ms - Response: {"status":403,"now":1724640079375}::{"message":"Access token missing"}
2024-08-26 09:41:40::error::/v1/api/user/me::a9b4a41a-3524-4217-8422-75365b2bdc6b::403 - 0ms - Response: {"status":403,"now":1724640100885}::{"message":"Access token missing"}
2024-08-26 09:41:41::error::/v1/api/user/me::1c843adc-6b6f-487a-80ad-2acb3b877d26::403 - 0ms - Response: {"status":403,"now":1724640101760}::{"message":"Access token missing"}
2024-08-26 09:41:45::error::/v1/api/user/me::954ee2f7-097c-4177-9dc2-95464b19b000::403 - 0ms - Response: {"status":403,"now":1724640105457}::{"message":"Access token missing"}
2024-08-26 09:42:06::error::/v1/api/user/me::f7e56d68-0810-4426-a2ac-11873cedd5ed::403 - 1ms - Response: {"status":403,"now":1724640126464}::{"message":"Access token missing"}
2024-08-26 09:42:08::error::/v1/api/user/me::26384e7f-6c69-4151-ac03-fcdc0d01a477::403 - 0ms - Response: {"status":403,"now":1724640128411}::{"message":"Access token missing"}
2024-08-26 09:42:29::error::/v1/api/user/me::481c21ed-06e1-48f3-8a00-34d6d6f8b16b::403 - 0ms - Response: {"status":403,"now":1724640149672}::{"message":"Access token missing"}
2024-08-26 09:42:29::error::/v1/api/user/me::89b2d2f4-b14a-4ced-84c7-c6d4c098c160::403 - 0ms - Response: {"status":403,"now":1724640149974}::{"message":"Access token missing"}
2024-08-26 09:42:30::error::/v1/api/user/me::b8d3c128-326a-4b33-bff7-712afadee315::403 - 0ms - Response: {"status":403,"now":1724640150904}::{"message":"Access token missing"}
2024-08-26 09:43:17::error::/v1/api/user/me::8522e5cc-b2ec-42e8-8d38-c894a542df31::403 - 1ms - Response: {"status":403,"now":1724640197201}::{"message":"Access token missing"}
2024-08-26 09:43:17::error::/v1/api/user/me::b88d9c14-ce8f-4643-9762-cdaef917ab1d::403 - 0ms - Response: {"status":403,"now":1724640197979}::{"message":"Access token missing"}
2024-08-26 09:43:34::error::/v1/api/user/me::a1aed55b-8fe1-4297-a5d1-1a64fd25e7f5::403 - 0ms - Response: {"status":403,"now":1724640214812}::{"message":"Access token missing"}
2024-08-26 09:43:53::error::/v1/api/user/me::a5932792-c826-4662-99c7-beccf82e3146::403 - 1ms - Response: {"status":403,"now":1724640233390}::{"message":"Access token missing"}
2024-08-26 09:43:53::error::/v1/api/user/me::2b365175-58a8-4d9a-a4f1-0e1bb415ed0a::403 - 0ms - Response: {"status":403,"now":1724640233983}::{"message":"Access token missing"}
2024-08-26 09:43:58::error::/v1/api/user/me::29db9674-f706-4306-9058-b94ed5686aa1::403 - 0ms - Response: {"status":403,"now":1724640238523}::{"message":"Access token missing"}
2024-08-26 09:43:59::error::/v1/api/user/me::b4978a6d-5705-40e5-a039-6e2507caec43::403 - 0ms - Response: {"status":403,"now":1724640239273}::{"message":"Access token missing"}
2024-08-26 09:44:14::error::/v1/api/user/me::de40e881-c88e-44ba-a3a6-c7a97f9b7ec8::403 - 0ms - Response: {"status":403,"now":1724640254255}::{"message":"Access token missing"}
2024-08-26 09:44:14::error::/v1/api/user/me::36d4b2c3-e7a8-4e1d-b69c-2a01aa3d6bf0::403 - 0ms - Response: {"status":403,"now":1724640254719}::{"message":"Access token missing"}
2024-08-26 09:44:37::error::/v1/api/user/me::a305c2b7-82fc-4b01-b69d-f55733551823::403 - 0ms - Response: {"status":403,"now":1724640277121}::{"message":"Access token missing"}
2024-08-26 09:44:37::error::/v1/api/user/me::22ae82f6-9a6f-419d-a279-5af3ed1e6178::403 - 0ms - Response: {"status":403,"now":1724640277294}::{"message":"Access token missing"}
2024-08-26 09:44:37::error::/v1/api/user/me::f23178c2-86a8-4e2c-8066-521188ef7101::403 - 0ms - Response: {"status":403,"now":1724640277871}::{"message":"Access token missing"}
2024-08-26 09:44:46::error::/v1/api/user/me::00c09b2a-f5be-4035-befa-4938112ce749::403 - 0ms - Response: {"status":403,"now":1724640286613}::{"message":"Access token missing"}
2024-08-26 09:44:47::error::/v1/api/user/me::af6dca49-bf18-4165-b827-51e8999743b2::403 - 0ms - Response: {"status":403,"now":1724640287236}::{"message":"Access token missing"}
2024-08-26 09:44:50::error::/v1/api/user/me::486883c4-ac1a-464f-93c9-e2ab7f6ba621::403 - 0ms - Response: {"status":403,"now":1724640290174}::{"message":"Access token missing"}
2024-08-26 09:45:01::error::/v1/api/user/me::0bc5eacf-bf59-44e5-91b8-df8e85b4aeca::403 - 1ms - Response: {"status":403,"now":1724640301785}::{"message":"Access token missing"}
2024-08-26 09:45:02::error::/v1/api/user/me::063693bb-1beb-42a7-9cc9-d25e8340b0bb::403 - 0ms - Response: {"status":403,"now":1724640302649}::{"message":"Access token missing"}
2024-08-26 09:45:22::error::/v1/api/user/me::6e17b1e4-36f1-4c84-991e-71cc82a833c4::403 - 0ms - Response: {"status":403,"now":1724640322588}::{"message":"Access token missing"}
2024-08-26 09:45:23::error::/v1/api/user/me::2a76628e-7a1a-4cff-ba39-1b5fecb22a69::403 - 0ms - Response: {"status":403,"now":1724640323369}::{"message":"Access token missing"}
2024-08-26 09:45:26::error::/v1/api/user/me::e1f4441c-82b9-4b13-b2de-96b72bc4c0d3::403 - 1ms - Response: {"status":403,"now":1724640326230}::{"message":"Access token missing"}
2024-08-26 09:45:27::error::/v1/api/user/me::d68ef18d-9a3d-4ece-a2f0-8c5444b34c35::403 - 0ms - Response: {"status":403,"now":1724640327176}::{"message":"Access token missing"}
2024-08-26 09:45:34::error::/v1/api/user/me::189f940d-5e63-46f0-b05b-0ab6e1cc67f5::403 - 1ms - Response: {"status":403,"now":1724640334520}::{"message":"Access token missing"}
2024-08-26 09:45:35::error::/v1/api/user/me::86354301-c5e4-41a6-a07d-03ae6685edd4::403 - 0ms - Response: {"status":403,"now":1724640335079}::{"message":"Access token missing"}
2024-08-26 09:45:42::error::/v1/api/user/me::dd4b04cd-f990-4086-9ab6-e123fd5829ad::403 - 0ms - Response: {"status":403,"now":1724640342404}::{"message":"Access token missing"}
2024-08-26 09:45:43::error::/v1/api/user/me::0932fe06-3d20-4e8e-bdd4-b1b6ce9d38ec::403 - 0ms - Response: {"status":403,"now":1724640343084}::{"message":"Access token missing"}
2024-08-26 09:45:55::error::/v1/api/user/me::c497011d-a22e-4387-92a4-e8e06a9e9b51::403 - 0ms - Response: {"status":403,"now":1724640355949}::{"message":"Access token missing"}
2024-08-26 09:45:56::error::/v1/api/user/me::7389a5af-8811-4c99-bcf7-6ee5ced422bd::403 - 0ms - Response: {"status":403,"now":1724640356700}::{"message":"Access token missing"}
2024-08-26 09:46:09::error::/v1/api/user/me::d41adcc8-12f6-4fc2-a77b-acac530cdcaf::403 - 1ms - Response: {"status":403,"now":1724640369279}::{"message":"Access token missing"}
2024-08-26 09:46:25::error::/v1/api/user/me::2ce5baeb-2518-4830-ad4c-140053eb12ea::403 - 0ms - Response: {"status":403,"now":1724640385076}::{"message":"Access token missing"}
2024-08-26 09:46:32::error::/v1/api/user/me::058563af-f3f1-4326-93d0-86a9e6eb7d34::403 - 0ms - Response: {"status":403,"now":1724640392363}::{"message":"Access token missing"}
2024-08-26 09:46:33::error::/v1/api/user/me::32480432-bb41-47d1-868d-978d5953a316::403 - 0ms - Response: {"status":403,"now":1724640393210}::{"message":"Access token missing"}
2024-08-26 09:48:46::error::/v1/api/user/me::14968c68-568e-489d-bc56-eb7533b77e1e::403 - 1ms - Response: {"status":403,"now":1724640526940}::{"message":"Access token missing"}
2024-08-26 09:48:47::error::/v1/api/user/me::ef787df9-4e7f-4914-9f8b-74824f2b840a::403 - 0ms - Response: {"status":403,"now":1724640527511}::{"message":"Access token missing"}
2024-08-26 09:48:52::error::/v1/api/user/me::4b979b3c-a77b-427c-b231-72cbfffce01f::403 - 0ms - Response: {"status":403,"now":1724640532622}::{"message":"Access token missing"}
2024-08-26 09:49:35::error::/v1/api/user/me::90892137-3060-422c-95b2-66d70b36da43::403 - 0ms - Response: {"status":403,"now":1724640575653}::{"message":"Access token missing"}
2024-08-26 09:50:13::error::/v1/api/user/me::ed581471-cf95-470d-bbce-27f17ddbd0e5::403 - 0ms - Response: {"status":403,"now":1724640613713}::{"message":"Access token missing"}
2024-08-26 09:50:16::error::/v1/api/user/me::69778cab-0c44-4038-b605-82533f6089fe::403 - 1ms - Response: {"status":403,"now":1724640616089}::{"message":"Access token missing"}
2024-08-26 09:51:05::error::/v1/api/user/me::5fdc92c7-38a9-439f-b127-06542f192566::403 - 0ms - Response: {"status":403,"now":1724640665536}::{"message":"Access token missing"}
2024-08-26 09:51:06::error::/v1/api/user/me::453ab037-aafe-4ea9-9f66-75b4e6fb9fd5::403 - 0ms - Response: {"status":403,"now":1724640666450}::{"message":"Access token missing"}
2024-08-26 09:51:35::error::/v1/api/user/me::b2a69d6f-a326-4261-966b-461c7918dc2e::403 - 0ms - Response: {"status":403,"now":1724640695713}::{"message":"Access token missing"}
2024-08-26 09:51:36::error::/v1/api/user/me::a9029025-ca60-4977-ab32-db67a8ad4f75::403 - 0ms - Response: {"status":403,"now":1724640696484}::{"message":"Access token missing"}
2024-08-26 09:51:46::error::/v1/api/user/me::9d68fe93-22d2-494b-b6de-0fc6521acd45::403 - 0ms - Response: {"status":403,"now":1724640706793}::{"message":"Access token missing"}
2024-08-26 09:51:47::error::/v1/api/user/me::7659ff8e-d3b3-469c-8f48-1f0c8afb4711::403 - 0ms - Response: {"status":403,"now":1724640707601}::{"message":"Access token missing"}
2024-08-26 09:52:02::error::/v1/api/user/me::33e2a450-d0ed-4505-bb01-1426533ac7b2::403 - 0ms - Response: {"status":403,"now":1724640722481}::{"message":"Access token missing"}
2024-08-26 09:52:03::error::/v1/api/user/me::692983bd-f3af-4ade-b106-7d1cd8b99592::403 - 0ms - Response: {"status":403,"now":1724640723211}::{"message":"Access token missing"}
2024-08-26 09:52:07::error::/v1/api/user/me::9a8e3fad-b8be-46b5-b208-b853977bfe99::403 - 0ms - Response: {"status":403,"now":1724640727504}::{"message":"Access token missing"}
2024-08-26 09:52:08::error::/v1/api/user/me::fee1c9f6-6d2b-434c-9ad2-ec3fe917820f::403 - 0ms - Response: {"status":403,"now":1724640728390}::{"message":"Access token missing"}
2024-08-26 09:52:12::error::/v1/api/user/me::cc224739-b399-4b08-89c2-f322d4e3019d::403 - 0ms - Response: {"status":403,"now":1724640732867}::{"message":"Access token missing"}
2024-08-26 09:52:13::error::/v1/api/user/me::e511d297-d6a5-40a7-86c5-06b7c6f9b754::403 - 0ms - Response: {"status":403,"now":1724640733419}::{"message":"Access token missing"}
2024-08-26 09:52:18::error::/v1/api/user/me::90e9b05c-3b2b-4bde-9c0e-e3aa5ed7c5a0::403 - 0ms - Response: {"status":403,"now":1724640738697}::{"message":"Access token missing"}
2024-08-26 09:52:26::error::/v1/api/user/me::ff640149-c84a-40d3-a2aa-3d22cdfc9a7f::403 - 0ms - Response: {"status":403,"now":1724640746309}::{"message":"Access token missing"}
2024-08-26 09:52:30::error::/v1/api/user/me::b96cf19e-247a-484f-a4a1-4a121ed12967::403 - 0ms - Response: {"status":403,"now":1724640750379}::{"message":"Access token missing"}
2024-08-26 09:52:39::error::/v1/api/user/me::164228c2-d132-47e3-9bff-e31fb293391f::403 - 0ms - Response: {"status":403,"now":1724640759943}::{"message":"Access token missing"}
2024-08-26 09:52:40::error::/v1/api/user/me::596dec63-f301-4663-afa3-5cf2de0fa7f1::403 - 0ms - Response: {"status":403,"now":1724640760549}::{"message":"Access token missing"}
2024-08-26 09:52:48::error::/v1/api/user/me::4d41e486-de78-4291-af24-4a875b473756::403 - 0ms - Response: {"status":403,"now":1724640768814}::{"message":"Access token missing"}
2024-08-26 09:52:54::error::/v1/api/user/me::bac8d98e-c297-41c0-a46b-592f9df88c37::403 - 0ms - Response: {"status":403,"now":1724640774353}::{"message":"Access token missing"}
2024-08-26 09:52:55::error::/v1/api/user/me::46130231-3014-47c9-8830-9c2e473ec13b::403 - 0ms - Response: {"status":403,"now":1724640775123}::{"message":"Access token missing"}
2024-08-26 09:53:08::error::/v1/api/user/me::c1c0130a-42aa-4fa6-bafd-4a1abf4f8aa2::403 - 0ms - Response: {"status":403,"now":1724640788155}::{"message":"Access token missing"}
2024-08-26 09:53:08::error::/v1/api/user/me::0d5dad58-f009-40de-8bd3-b34503ed78ea::403 - 0ms - Response: {"status":403,"now":1724640788729}::{"message":"Access token missing"}
2024-08-26 09:53:15::error::/v1/api/user/me::aab813e7-fedf-4e13-9de2-33b6ccf62e6d::403 - 0ms - Response: {"status":403,"now":1724640795920}::{"message":"Access token missing"}
2024-08-26 09:53:21::error::/v1/api/user/me::0bde44a6-222b-47a3-b496-ed7e24b7e02e::403 - 0ms - Response: {"status":403,"now":1724640801966}::{"message":"Access token missing"}
2024-08-26 09:53:33::error::/v1/api/user/me::30ec468a-991c-4bb4-9280-e29788cbc94f::403 - 0ms - Response: {"status":403,"now":1724640813584}::{"message":"Access token missing"}
2024-08-26 09:53:34::error::/v1/api/user/me::0b1730bb-d5fc-45cd-afba-62c40f6033a6::403 - 0ms - Response: {"status":403,"now":1724640814284}::{"message":"Access token missing"}
2024-08-26 09:53:49::error::/v1/api/user/me::b03efaf8-67de-4ebc-8998-45718e072c23::403 - 0ms - Response: {"status":403,"now":1724640829971}::{"message":"Access token missing"}
2024-08-26 09:53:50::error::/v1/api/user/me::8e090dff-ef14-4ed4-a39f-6122b85286c2::403 - 0ms - Response: {"status":403,"now":1724640830565}::{"message":"Access token missing"}
2024-08-26 09:54:26::error::/v1/api/user/me::4591f2bc-641f-475e-b3c7-9989f72f80b5::403 - 1ms - Response: {"status":403,"now":1724640866230}::{"message":"Access token missing"}
2024-08-26 09:54:26::error::/v1/api/user/me::9b8d5b85-2e4b-412d-9420-b47ceba71516::403 - 0ms - Response: {"status":403,"now":1724640866994}::{"message":"Access token missing"}
2024-08-26 09:54:54::error::/v1/api/user/me::7f5f6276-ecff-42f4-a0b9-10eb24dbab1d::403 - 0ms - Response: {"status":403,"now":1724640894049}::{"message":"Access token missing"}
2024-08-26 09:54:54::error::/v1/api/user/me::b0ebbdaf-e862-4b42-bc5d-5a5fc48ba979::403 - 1ms - Response: {"status":403,"now":1724640894637}::{"message":"Access token missing"}
2024-08-26 09:55:01::error::/v1/api/user/me::23d2e865-98a4-48ca-afc3-078c9b9c1069::403 - 1ms - Response: {"status":403,"now":1724640901457}::{"message":"Access token missing"}
2024-08-26 09:55:02::error::/v1/api/user/me::e4e6b681-1644-4678-90c2-fc3aba152d89::403 - 0ms - Response: {"status":403,"now":1724640902072}::{"message":"Access token missing"}
2024-08-26 09:55:20::error::/v1/api/user/me::cbc1d64e-2126-450e-8f1c-3057d35484f4::403 - 0ms - Response: {"status":403,"now":1724640920758}::{"message":"Access token missing"}
2024-08-26 09:55:44::error::/v1/api/user/me::717a1d06-0bb4-4159-bd76-f3976401fe48::403 - 0ms - Response: {"status":403,"now":1724640944105}::{"message":"Access token missing"}
2024-08-26 09:55:44::error::/v1/api/user/me::6f40743e-89b6-43a8-be8c-e24a6f13d5ba::403 - 0ms - Response: {"status":403,"now":1724640944647}::{"message":"Access token missing"}
2024-08-26 09:55:58::error::/v1/api/user/me::ad3f0ec3-e5e9-492d-89eb-efb9260bb050::403 - 0ms - Response: {"status":403,"now":1724640958040}::{"message":"Access token missing"}
2024-08-26 09:55:58::error::/v1/api/user/me::d8f49783-44c0-44e3-a72c-aac0ba20b030::403 - 0ms - Response: {"status":403,"now":1724640958542}::{"message":"Access token missing"}
2024-08-26 09:56:19::error::/v1/api/user/me::23b300b8-bd46-4c76-8e64-cccf7adcec30::403 - 0ms - Response: {"status":403,"now":1724640979336}::{"message":"Access token missing"}
2024-08-26 09:56:19::error::/v1/api/user/me::e5f948fd-0b38-40cc-b259-b7df87cdf8a8::403 - 0ms - Response: {"status":403,"now":1724640979964}::{"message":"Access token missing"}
2024-08-26 09:56:38::error::/v1/api/user/me::035445c4-f6cf-4802-be58-9abf2ae519fc::403 - 0ms - Response: {"status":403,"now":1724640998689}::{"message":"Access token missing"}
2024-08-26 09:56:39::error::/v1/api/user/me::55a590e9-f968-4711-82dd-23aab681a9bb::403 - 0ms - Response: {"status":403,"now":1724640999264}::{"message":"Access token missing"}
2024-08-26 09:57:08::error::/v1/api/user/me::3cc65202-35ec-4bb1-b237-18f47e7960c9::403 - 0ms - Response: {"status":403,"now":1724641028904}::{"message":"Access token missing"}
2024-08-26 09:57:09::error::/v1/api/user/me::9e9ec2a3-bf46-42a9-888a-9454058a3aa4::403 - 0ms - Response: {"status":403,"now":1724641029576}::{"message":"Access token missing"}
2024-08-26 09:57:14::error::/v1/api/user/me::5beb87e8-d7c7-4fcc-9519-9a33b808cedd::403 - 0ms - Response: {"status":403,"now":1724641034283}::{"message":"Access token missing"}
2024-08-26 09:57:16::error::/v1/api/user/me::d7e0f90a-019c-493e-b9f9-8ed7e4b53ec4::403 - 0ms - Response: {"status":403,"now":1724641036709}::{"message":"Access token missing"}
2024-08-26 09:57:24::error::/v1/api/user/me::f0772a6e-65d3-4a23-ad24-d87de958c3a3::403 - 1ms - Response: {"status":403,"now":1724641044791}::{"message":"Access token missing"}
2024-08-26 09:57:25::error::/v1/api/user/me::13002992-7295-4e48-915c-e3ba431f6930::403 - 0ms - Response: {"status":403,"now":1724641045318}::{"message":"Access token missing"}
2024-08-26 09:57:50::error::/v1/api/user/me::5fac2dc5-f68b-4422-b09e-c28b4b493f81::403 - 0ms - Response: {"status":403,"now":1724641070420}::{"message":"Access token missing"}
2024-08-26 09:58:27::error::/v1/api/user/me::2e159d9e-4c12-4698-a6e9-e36ff7f84a68::403 - 0ms - Response: {"status":403,"now":1724641107195}::{"message":"Access token missing"}
2024-08-26 09:59:12::error::/v1/api/user/me::edeb9b16-6d24-4cd8-b95b-841c45984396::403 - 1ms - Response: {"status":403,"now":1724641152253}::{"message":"Access token missing"}
2024-08-26 09:59:12::error::/v1/api/user/me::0d386316-3499-45b9-9c15-156b88f61d02::403 - 0ms - Response: {"status":403,"now":1724641152919}::{"message":"Access token missing"}
2024-08-26 09:59:18::error::/v1/api/user/me::45d43554-bf46-48e0-b480-ca5b46ddf9f9::403 - 0ms - Response: {"status":403,"now":1724641158445}::{"message":"Access token missing"}
2024-08-26 10:01:33::error::/v1/api/user/me::1ccefb91-fd95-4c44-a940-e848d1083c58::403 - 0ms - Response: {"status":403,"now":1724641293126}::{"message":"Access token missing"}
2024-08-26 10:07:14::error::/v1/api/user/me::8c8d964c-361c-489d-b72d-fac401ef4965::403 - 0ms - Response: {"status":403,"now":1724641634154}::{"message":"Access token missing"}
2024-08-26 10:07:23::error::/v1/api/user/me::a2909dcf-4684-483c-847c-df443b039722::403 - 0ms - Response: {"status":403,"now":1724641643633}::{"message":"Access token missing"}
2024-08-26 10:08:12::error::/v1/api/user/me::8544bcc1-e701-41de-9e9f-bacbb3ea0923::403 - 0ms - Response: {"status":403,"now":1724641692598}::{"message":"Access token missing"}
2024-08-26 10:08:18::error::/v1/api/user/me::46269e75-221f-4ca4-9219-f5bc8db3ecfe::403 - 0ms - Response: {"status":403,"now":1724641698638}::{"message":"Access token missing"}
2024-08-26 10:08:22::error::/v1/api/user/me::a639ba71-95a7-4508-9e97-8846d87e38f3::403 - 0ms - Response: {"status":403,"now":1724641702444}::{"message":"Access token missing"}
2024-08-26 10:08:45::error::/v1/api/user/me::90f4273b-4225-4a2f-a89e-0bff50cbf15f::403 - 0ms - Response: {"status":403,"now":1724641725653}::{"message":"Access token missing"}
2024-08-26 10:08:49::error::/v1/api/user/me::7e400407-dd8f-4833-9dc5-a4b2ef4f1ec7::403 - 0ms - Response: {"status":403,"now":1724641729831}::{"message":"Access token missing"}
2024-08-26 10:09:12::error::/v1/api/user/me::badd9f7c-f2d5-4579-af5c-56a5a0db5d81::403 - 0ms - Response: {"status":403,"now":1724641752589}::{"message":"Access token missing"}
2024-08-26 10:09:23::error::/v1/api/user/me::e7b27406-2d4e-471a-9ade-7ff365c4bf1c::403 - 1ms - Response: {"status":403,"now":1724641763442}::{"message":"Access token missing"}
2024-08-26 10:10:14::error::/v1/api/user/me::703731a2-773d-49c1-8418-a0c8dc5704ee::403 - 0ms - Response: {"status":403,"now":1724641814454}::{"message":"Access token missing"}
2024-08-26 10:10:15::error::/v1/api/user/me::6353a135-4996-4ef7-bb83-748644af453e::403 - 0ms - Response: {"status":403,"now":1724641815846}::{"message":"Access token missing"}
2024-08-26 10:10:27::error::/v1/api/user/me::1ceaa5f3-cdd9-4204-bb96-c92085746eb6::403 - 1ms - Response: {"status":403,"now":1724641827954}::{"message":"Access token missing"}
2024-08-26 10:10:55::error::/v1/api/user/me::ade7df5d-40e5-4dc8-84df-1295ee902db6::403 - 1ms - Response: {"status":403,"now":1724641855939}::{"message":"Access token missing"}
2024-08-26 10:17:37::error::/v1/api/user/me::87f580f8-4af7-4cda-9c47-32810d72ec4d::403 - 0ms - Response: {"status":403,"now":1724642257757}::{"message":"Access token missing"}
2024-08-26 10:20:47::error::/v1/api/user/me::691c230b-1491-4d48-ab66-d6ca65e7a7f2::403 - 0ms - Response: {"status":403,"now":1724642447796}::{"message":"Access token missing"}
2024-08-26 10:22:13::error::/v1/api/user/getUserByReferralCode/12345678::565171d8-6c99-487f-8c81-375cfc77c303::undefined - NaNms - Response: {}::{"message":"UserService.getUserByReferralCode is not a function"}
2024-08-26 10:22:13::error::/v1/api/user/me::3385c42f-2549-44f2-8a6a-e74a668ecffc::403 - 0ms - Response: {"status":403,"now":1724642533781}::{"message":"Access token missing"}
2024-08-26 10:22:51::error::/v1/api/user/me::ee41dcb2-4e87-4454-9cf7-48efcf768c71::403 - 0ms - Response: {"status":403,"now":1724642571681}::{"message":"Access token missing"}
2024-08-26 10:22:52::error::/v1/api/user/getUserByReferralCode/x1SHsE46::0fe37699-4300-4459-a562-8d6fd4f44e82::undefined - NaNms - Response: {}::{"message":"UserService.getUserByReferralCode is not a function"}
2024-08-26 10:22:59::error::/v1/api/user/me::7fa71cc1-9b24-426b-a7b4-dd7d7c5e22f5::403 - 1ms - Response: {"status":403,"now":1724642579218}::{"message":"Access token missing"}
2024-08-26 10:23:08::error::/v1/api/user/me::489bb03c-3a43-4a4c-80bb-c3b956d5e020::403 - 0ms - Response: {"status":403,"now":1724642588826}::{"message":"Access token missing"}
2024-08-26 10:23:12::error::/v1/api/user/me::7d53be4a-469e-4c27-98e2-a4ac3c089b52::403 - 0ms - Response: {"status":403,"now":1724642592972}::{"message":"Access token missing"}
2024-08-26 10:23:18::error::/v1/api/user/getUserByReferralCode/x1SHsE48::811d6268-028e-4b10-925d-28ab5a4b8b3d::undefined - NaNms - Response: {}::{"message":"UserService.getUserByReferralCode is not a function"}
2024-08-26 10:23:31::error::/v1/api/user/me::c0dbee07-8674-4371-8d58-dabe8e62826c::403 - 0ms - Response: {"status":403,"now":1724642611998}::{"message":"Access token missing"}
2024-08-26 10:25:19::error::/v1/api/user/me::2067ee77-cab9-4278-b160-faaa04711050::403 - 1ms - Response: {"status":403,"now":1724642719783}::{"message":"Access token missing"}
2024-08-26 10:25:26::error::/v1/api/user/getUserByReferralCode/x1SHsE48::23d70d5f-7057-4440-9cf1-35c03d611665::404 - 1ms - Response: {"status":404,"now":1724642726400}::{"message":"Referrer not found"}
2024-08-26 10:25:53::error::/v1/api/user/me::92c9e0f1-275f-4faa-bf8e-9b83bec4d01c::403 - 1ms - Response: {"status":403,"now":1724642753091}::{"message":"Access token missing"}
2024-08-26 10:25:54::error::/v1/api/user/getUserByReferralCode/x1SHsE48::da3357fc-fad2-44e9-8040-39e64dee7001::404 - 1ms - Response: {"status":404,"now":1724642754947}::{"message":"Referrer not found"}
2024-08-26 10:26:16::error::/v1/api/user/me::bc33d843-61b9-4d5a-bf53-33ca2941fd17::403 - 1ms - Response: {"status":403,"now":1724642776300}::{"message":"Access token missing"}
2024-08-26 10:26:17::error::/v1/api/user/getUserByReferralCode/x1SHsE48::fcaf4138-c6f2-489d-b0b2-ddcffb37493f::404 - 1ms - Response: {"status":404,"now":1724642777190}::{"message":"Referrer not found"}
2024-08-26 10:26:40::error::/v1/api/user/me::9ff8d2db-8e05-4644-a2e8-bb8baafb27e4::403 - 0ms - Response: {"status":403,"now":1724642800051}::{"message":"Access token missing"}
2024-08-26 10:27:01::error::/v1/api/user/me::a34d0440-98a0-4db7-a29e-0230a117447b::403 - 0ms - Response: {"status":403,"now":1724642821204}::{"message":"Access token missing"}
2024-08-26 10:27:06::error::/v1/api/user/getUserByReferralCode/I48kOCoo::e87eb810-3f43-4646-91bd-2e8b30920686::404 - 0ms - Response: {"status":404,"now":1724642826107}::{"message":"Referrer not found"}
2024-08-26 10:27:08::error::/v1/api/user/me::658b1b25-51bb-4bbd-8733-ac88f13a669a::403 - 0ms - Response: {"status":403,"now":1724642828876}::{"message":"Access token missing"}
2024-08-26 10:28:06::error::/v1/api/user/me::dafc4e09-f160-4575-baef-319f7478713c::403 - 0ms - Response: {"status":403,"now":1724642886184}::{"message":"Access token missing"}
2024-08-26 10:30:14::error::/v1/api/user/me::8c04c34a-82fb-4317-ab23-19c895245290::403 - 0ms - Response: {"status":403,"now":1724643014258}::{"message":"Access token missing"}
2024-08-26 10:30:16::error::/v1/api/user/me::50d5a912-07d2-4914-8af6-76be44bbe996::403 - 0ms - Response: {"status":403,"now":1724643016855}::{"message":"Access token missing"}
2024-08-26 10:30:25::error::/v1/api/user/me::f1071172-8a51-4929-aa22-d9438bed6976::403 - 0ms - Response: {"status":403,"now":1724643025571}::{"message":"Access token missing"}
2024-08-26 10:32:12::error::/v1/api/user/me::4615cbf3-e26d-4ba2-8b22-5bcd07d2cbee::403 - 0ms - Response: {"status":403,"now":1724643132655}::{"message":"Access token missing"}
2024-08-26 10:32:14::error::/v1/api/user/me::f23f933a-e3e5-4ddd-b848-fca05bff643d::403 - 1ms - Response: {"status":403,"now":1724643134682}::{"message":"Access token missing"}
2024-08-26 10:33:06::error::/v1/api/user/me::d652d214-72ec-477f-9a26-17a0778a0ef2::403 - 0ms - Response: {"status":403,"now":1724643186662}::{"message":"Access token missing"}
2024-08-26 10:33:39::error::/v1/api/user/me::d1616455-04f8-4646-a533-16d7a9c36019::403 - 0ms - Response: {"status":403,"now":1724643219723}::{"message":"Access token missing"}
2024-08-26 10:34:11::error::/v1/api/user/me::cb2e9de9-0aba-4277-b37f-18c9f5855d15::403 - 1ms - Response: {"status":403,"now":1724643251350}::{"message":"Access token missing"}
2024-08-26 10:34:12::error::/v1/api/user/me::d1b798a7-ea05-4c71-a385-00a611b7ffee::403 - 1ms - Response: {"status":403,"now":1724643252654}::{"message":"Access token missing"}
2024-08-26 10:34:19::error::/v1/api/user/getUserByReferralCode/esf15546::36fb34eb-dbc6-4d78-9bf8-77ead064f4f3::404 - 0ms - Response: {"status":404,"now":1724643259996}::{"message":"Referrer not found"}
2024-08-26 10:34:23::error::/v1/api/user/me::e41b6e05-e6e5-4f31-aa3a-d17d662dcaa1::403 - 0ms - Response: {"status":403,"now":1724643263116}::{"message":"Access token missing"}
2024-08-26 10:34:26::error::/v1/api/user/me::b55cffa8-e17d-4aee-9d80-ba8945e96fdf::403 - 1ms - Response: {"status":403,"now":1724643266816}::{"message":"Access token missing"}
2024-08-26 10:34:46::error::/v1/api/user/me::e0bca8fb-ea8b-45eb-99f9-c11af49b0a10::403 - 0ms - Response: {"status":403,"now":1724643286162}::{"message":"Access token missing"}
2024-08-26 11:53:26::error::/v1/api/user/me::f97ba1a0-0d19-4cfa-ab08-77f66ae93996::403 - 1ms - Response: {"status":403,"now":1724648006472}::{"message":"Access token missing"}
2024-08-26 11:54:05::error::/v1/api/user/readUserProfile/665edd23fa87b27398b73d10::b93ed0e3-005f-448e-a0b0-4bcfe6ced107::404 - 1ms - Response: {"status":404,"now":1724648045832}::{"message":"User not found"}
2024-08-26 11:54:11::error::/v1/api/user/readUserProfile/665edd23fa87b27398b73d10::b035ec4f-9811-44b2-8811-44fbc2ae41bb::404 - 0ms - Response: {"status":404,"now":1724648051552}::{"message":"User not found"}
2024-08-26 11:56:31::error::/v1/api/user/me::becf9268-4b5f-416c-8742-0d9ab842a3ec::403 - 0ms - Response: {"status":403,"now":1724648191436}::{"message":"Access token missing"}
2024-08-26 11:56:32::error::/v1/api/user/me::4ba60cb5-bd85-4f2b-8ff6-7470de3e52c2::403 - 0ms - Response: {"status":403,"now":1724648192278}::{"message":"Access token missing"}
2024-08-26 11:57:36::error::/v1/api/user/me::13cefc05-cf6d-464b-9100-93bc31a72fd3::403 - 0ms - Response: {"status":403,"now":1724648256254}::{"message":"Access token missing"}
2024-08-26 11:57:37::error::/v1/api/user/me::20f5788c-07c9-4033-9589-996b211d7825::403 - 0ms - Response: {"status":403,"now":1724648257050}::{"message":"Access token missing"}
2024-08-26 11:57:54::error::/v1/api/user/me::938e1b5d-15cc-4df8-8949-af68e3d6ab4e::403 - 1ms - Response: {"status":403,"now":1724648274290}::{"message":"Access token missing"}
2024-08-26 11:58:18::error::/v1/api/user/me::13a8117c-215e-4448-a501-c2229b51da22::403 - 0ms - Response: {"status":403,"now":1724648298313}::{"message":"Access token missing"}
2024-08-26 12:00:51::error::/v1/api/user/me::2802977f-2992-454f-962f-9f9ef2e6b019::403 - 0ms - Response: {"status":403,"now":1724648451906}::{"message":"Access token missing"}
2024-08-26 12:01:18::error::/v1/api/user/me::18b92d35-7496-4a39-af2d-5d825321329b::403 - 0ms - Response: {"status":403,"now":1724648478309}::{"message":"Access token missing"}
2024-08-26 12:09:20::error::/v1/api/user/me::c041ab1f-b551-42d4-b455-9be98edb71d2::403 - 1ms - Response: {"status":403,"now":1724648960812}::{"message":"Access token missing"}
2024-08-26 12:10:03::error::/v1/api/user/me::60144cf8-b481-43e1-b0b1-d54cb4167a5e::403 - 0ms - Response: {"status":403,"now":1724649003830}::{"message":"Access token missing"}
2024-08-26 12:10:13::error::/v1/api/user/me::991ebc3a-bd3d-4b5b-95d3-5899d4425f77::403 - 0ms - Response: {"status":403,"now":1724649013492}::{"message":"Access token missing"}
2024-08-26 12:10:28::error::/v1/api/user/me::70f502bc-e44f-4111-b83b-6400095d0613::403 - 0ms - Response: {"status":403,"now":1724649028711}::{"message":"Access token missing"}
2024-08-26 12:10:34::error::/v1/api/user/me::fffe3b0c-8ec4-418b-85fc-750f486b317f::403 - 1ms - Response: {"status":403,"now":1724649034591}::{"message":"Access token missing"}
2024-08-26 12:10:35::error::/v1/api/user/me::e0b3a5b1-3f6f-44e4-b62a-9bc5beb1577c::403 - 0ms - Response: {"status":403,"now":1724649035557}::{"message":"Access token missing"}
2024-08-26 12:10:36::error::/v1/api/user/me::64a54406-c673-4cde-921e-7e0238b28145::403 - 0ms - Response: {"status":403,"now":1724649036842}::{"message":"Access token missing"}
2024-08-26 12:11:00::error::/v1/api/user/me::f5b1ddc9-83b5-41b8-a579-51cf3f850e14::403 - 0ms - Response: {"status":403,"now":1724649060143}::{"message":"Access token missing"}
2024-08-26 12:27:21::error::/v1/api/user/me::1b1b72c8-09cf-459e-870b-fc59aab8f886::403 - 1ms - Response: {"status":403,"now":1724650041119}::{"message":"Access token missing"}
2024-08-26 12:31:21::error::/v1/api/user/me::6d322e5f-3ace-48f3-8717-c82b46bf365e::403 - 1ms - Response: {"status":403,"now":1724650281609}::{"message":"Access token missing"}
2024-08-26 12:32:35::error::/v1/api/user/me::febb5547-3aa0-4ef0-b2ea-352d86922434::403 - 2ms - Response: {"status":403,"now":1724650355822}::{"message":"Access token missing"}
2024-08-26 12:35:43::error::/v1/api/user/me::e8871075-3bfb-4422-8871-c9149a46bf55::403 - 6ms - Response: {"status":403,"now":1724650543570}::{"message":"Access token missing"}
2024-08-26 12:35:59::error::/v1/api/user/me::20b0cbfd-2b72-49ed-8bb3-b851998310c1::403 - 2ms - Response: {"status":403,"now":1724650559616}::{"message":"Access token missing"}
2024-08-26 12:36:02::error::/v1/api/user/me::d0eff89b-076e-46f4-a4de-915955b5b04f::403 - 0ms - Response: {"status":403,"now":1724650562769}::{"message":"Access token missing"}
2024-08-26 12:36:05::error::/v1/api/user/me::390b6a24-d86e-4be9-ae85-6f6fa23a151b::403 - 0ms - Response: {"status":403,"now":1724650565653}::{"message":"Access token missing"}
2024-08-26 12:36:06::error::/v1/api/user/me::aef9c2e6-55ce-48b2-9d67-897f3a4d39ed::403 - 1ms - Response: {"status":403,"now":1724650566837}::{"message":"Access token missing"}
2024-08-26 12:36:09::error::/v1/api/user/me::baf8fea1-a192-4937-9390-6fcb260b85c9::403 - 0ms - Response: {"status":403,"now":1724650569690}::{"message":"Access token missing"}
2024-08-26 12:44:06::error::/v1/api/user/me::46fa02ee-22ea-4137-a7e9-9e789fe23e51::403 - 0ms - Response: {"status":403,"now":1724651046789}::{"message":"Access token missing"}
2024-08-26 12:44:48::error::/v1/api/user/me::63db76a9-1858-40bb-bed3-4ea3aa77a7f8::403 - 0ms - Response: {"status":403,"now":1724651088207}::{"message":"Access token missing"}
2024-08-26 15:02:39::error::/v1/api/user/me::7e111886-db9f-460a-95a9-c8341404bede::403 - 1ms - Response: {"status":403,"now":1724659359665}::{"message":"Access token missing"}
2024-08-26 15:02:40::error::/v1/api/user/me::8c5af5e1-a3d4-46dc-8b5e-16308505f347::403 - 1ms - Response: {"status":403,"now":1724659360432}::{"message":"Access token missing"}
2024-08-26 15:05:26::error::/v1/api/user/me::94eae7d9-fe4c-438d-ac73-1611720b421d::403 - 0ms - Response: {"status":403,"now":1724659526832}::{"message":"Access token missing"}
2024-08-26 15:24:54::error::/v1/api/movement/readMovements::6a91de9c-74d7-4f97-b550-12b83cd854e6::undefined - NaNms - Response: {}::{"message":"Operation `Movements.aggregate()` buffering timed out after 10000ms"}
2024-08-26 15:24:58::error::/v1/api/user/me::8a6a2b54-f0de-4f7c-b752-0aa51265a1fe::undefined - NaNms - Response: {}::{"message":"Operation `Users.findOne()` buffering timed out after 10000ms"}
2024-08-26 15:27:32::error::/v1/api/movement/readMovements::bd650088-78b0-4c4a-8dee-246b94caa3cb::undefined - NaNms - Response: {}::{"message":"Operation `Movements.aggregate()` buffering timed out after 10000ms"}
2024-08-26 15:27:34::error::/v1/api/user/me::0cf4be9d-bf93-4f22-a39e-059b445040e6::undefined - NaNms - Response: {}::{"message":"Operation `Users.findOne()` buffering timed out after 10000ms"}
2024-08-26 15:27:44::error::/v1/api/movement/readMovements::599da586-6a6a-4810-9ff6-b962f6525daf::undefined - NaNms - Response: {}::{"message":"Operation `Movements.aggregate()` buffering timed out after 10000ms"}
2024-08-26 15:27:49::error::/v1/api/user/me::4f2e80d5-e44b-484f-9eb7-23403110937e::undefined - NaNms - Response: {}::{"message":"Operation `Users.findOne()` buffering timed out after 10000ms"}
2024-08-26 15:28:45::error::/v1/api/recommender/readSearchResults::b0d38e45-1b32-4ecd-829b-4cf6d4b9398e::403 - 1ms - Response: {"status":403,"now":1724660925682}::{"message":"Invalid search Term"}
2024-08-26 15:28:46::error::/v1/api/recommender/readSearchResults::87b0830d-3f2c-472d-86e3-7a51c496d5bc::403 - 0ms - Response: {"status":403,"now":1724660926739}::{"message":"Invalid search Term"}
2024-08-26 15:28:51::error::/v1/api/recommender/readSearchResults::c214992d-a3d1-4ddf-8e76-747273c5d32e::403 - 1ms - Response: {"status":403,"now":1724660931459}::{"message":"Invalid search Term"}
2024-08-26 15:28:51::error::/v1/api/recommender/readSearchResults::94c23e25-3014-47e5-82e6-bc10177f557a::403 - 0ms - Response: {"status":403,"now":1724660931501}::{"message":"Invalid search Term"}
2024-08-26 15:30:17::error::/v1/api/recommender/readSearchResults::4cd50e8b-8bfe-4d37-b4fd-da831f592f55::undefined - NaNms - Response: {}::{"message":"Service is not defined"}
2024-08-26 15:30:17::error::/v1/api/recommender/readSearchResults::eaad6f4a-0043-4b53-9159-ab049d075f21::undefined - NaNms - Response: {}::{"message":"Service is not defined"}
2024-08-26 15:44:54::error::/v1/api/user/me::55035153-1c5f-49d3-a31a-032ad5127b6f::403 - 2ms - Response: {"status":403,"now":1724661894578}::{"message":"Access token missing"}
2024-08-26 15:44:54::error::/v1/api/user/me::780fbd27-d167-45b0-ae7b-ea3d04c51d08::403 - 1ms - Response: {"status":403,"now":1724661894948}::{"message":"Access token missing"}
2024-08-26 15:45:22::error::/v1/api/user/me::a0f1da23-63bc-4ed6-9f31-814feed1cac4::403 - 0ms - Response: {"status":403,"now":1724661922717}::{"message":"Access token missing"}
2024-08-26 15:57:05::error::/v1/api/notification/createNotification::506ce482-1a11-4dca-853b-9950276f06df::403 - 0ms - Response: {"status":403,"now":1724662625397}::{"message":"Please provide all required fields"}
