2024-08-02 13:50:51::error::/v1/api/conversation/readConversationWithOtherMember/66a5a57173370474cf4eacca::fe3fe0b4-a465-41c3-a281-d80885eb3f2a::404 - 1ms - Response: {"status":404,"now":1722581451173}::{"message":"Conversation not found"}
2024-08-02 13:51:23::error::/v1/api/user/me::53bcd3e5-014b-4ec8-8b2b-b7d3ce3d6bc7::403 - 0ms - Response: {"status":403,"now":1722581483702}::{"message":"Access token missing"}
2024-08-02 13:52:53::error::/v1/api/user/me::42a8e7f3-a621-4586-adef-3cedd5a69fab::403 - 0ms - Response: {"status":403,"now":1722581573789}::{"message":"Access token missing"}
2024-08-02 13:52:53::error::/v1/api/conversation/readConversationWithOtherMember/66a5a57173370474cf4eacca::d02f19fa-182c-49fe-a767-1df85e89a269::401 - 0ms - Response: {"status":401,"now":1722581573799}::{"message":"You are not authenticated!"}
2024-08-02 13:53:11::error::/v1/api/talentRequest/readTalentRequestStatus::a2734d55-22cb-41ca-8aea-e81bcfee2e2f::404 - 1ms - Response: {"status":404,"now":1722581591894}::{"message":"Talent request not found"}
2024-08-02 13:53:11::error::/v1/api/talentRequest/readTalentRequestStatus::98611802-02b4-4f2b-bddb-416ad9a440df::404 - 0ms - Response: {"status":404,"now":1722581591986}::{"message":"Talent request not found"}
2024-08-02 13:53:21::error::/v1/api/talentRequest/readTalentRequestStatus::8d87994d-5ed7-4623-a668-fa31ddf4a9cd::404 - 0ms - Response: {"status":404,"now":1722581601314}::{"message":"Talent request not found"}
2024-08-02 13:53:21::error::/v1/api/talentRequest/readTalentRequestStatus::e45e3b84-dcfd-4833-a61a-90a809c75cfc::404 - 0ms - Response: {"status":404,"now":1722581601454}::{"message":"Talent request not found"}
2024-08-02 13:53:22::error::/v1/api/talentRequest/readTalentRequestStatus::668d1c6d-d9a5-46be-808e-90351288613d::404 - 0ms - Response: {"status":404,"now":1722581602015}::{"message":"Talent request not found"}
2024-08-02 13:53:22::error::/v1/api/talentRequest/readTalentRequestStatus::2965536c-d263-4cfe-933d-e8b4c48f57e4::404 - 0ms - Response: {"status":404,"now":1722581602726}::{"message":"Talent request not found"}
2024-08-02 13:53:22::error::/v1/api/talentRequest/readTalentRequestStatus::3ca47304-8af9-428b-9815-2242e7f3a604::404 - 0ms - Response: {"status":404,"now":1722581602886}::{"message":"Talent request not found"}
2024-08-02 13:53:23::error::/v1/api/talentRequest/readTalentRequestStatus::691cc548-3932-4e7d-ac55-8904b1fa6126::404 - 0ms - Response: {"status":404,"now":1722581603172}::{"message":"Talent request not found"}
2024-08-02 13:53:23::error::/v1/api/talentRequest/readTalentRequestStatus::05c2e655-b673-49a6-85b7-85af17666d17::404 - 0ms - Response: {"status":404,"now":1722581603480}::{"message":"Talent request not found"}
2024-08-02 13:53:23::error::/v1/api/talentRequest/readTalentRequestStatus::8352e773-436a-4615-b04c-25c3e9c7f825::404 - 0ms - Response: {"status":404,"now":1722581603626}::{"message":"Talent request not found"}
2024-08-02 13:53:24::error::/v1/api/talentRequest/readTalentRequestStatus::acf13303-18a4-4095-aa45-7ee9776fb02e::404 - 0ms - Response: {"status":404,"now":1722581604126}::{"message":"Talent request not found"}
2024-08-02 13:53:24::error::/v1/api/talentRequest/readTalentRequestStatus::035d00fc-e3bc-4d65-ae6b-fd689e24228c::404 - 0ms - Response: {"status":404,"now":1722581604404}::{"message":"Talent request not found"}
2024-08-02 13:53:24::error::/v1/api/talentRequest/readTalentRequestStatus::f67d50c9-fb31-43f0-8605-1afcbf089973::404 - 0ms - Response: {"status":404,"now":1722581604542}::{"message":"Talent request not found"}
2024-08-02 13:53:24::error::/v1/api/talentRequest/readTalentRequestStatus::1bdd18ee-a2db-4578-af3e-daab6af60de5::404 - 0ms - Response: {"status":404,"now":1722581604699}::{"message":"Talent request not found"}
2024-08-02 13:53:47::error::/v1/api/talentRequest/readTalentRequestStatus::ce2aa2ee-09ba-48ed-a250-6ad59d5aae22::404 - 0ms - Response: {"status":404,"now":1722581627488}::{"message":"Talent request not found"}
2024-08-02 13:53:47::error::/v1/api/conversation/readConversationWithOtherMember/66a5a57173370474cf4eacca::ff11afe1-5b21-4be6-8108-d1de1d9e2ad2::404 - 0ms - Response: {"status":404,"now":1722581627528}::{"message":"Conversation not found"}
2024-08-02 13:53:47::error::/v1/api/talentRequest/readTalentRequestStatus::bb6dfe3c-8f3b-4af9-8e68-33dab48c50cc::404 - 1ms - Response: {"status":404,"now":1722581627590}::{"message":"Talent request not found"}
2024-08-02 13:53:47::error::/v1/api/talentRequest/readTalentRequestStatus::14f0fefa-12b4-4e2a-bfb1-55bd833efd10::404 - 1ms - Response: {"status":404,"now":1722581627694}::{"message":"Talent request not found"}
2024-08-02 13:53:52::error::/v1/api/talentRequest/readTalentRequestStatus::252db898-41e5-45c9-91a4-b1b712ae9a3f::404 - 0ms - Response: {"status":404,"now":1722581632294}::{"message":"Talent request not found"}
2024-08-02 13:53:58::error::/v1/api/talentRequest/readTalentRequestStatus::e43bc536-f201-4230-a70b-ea66ed924521::404 - 0ms - Response: {"status":404,"now":1722581638799}::{"message":"Talent request not found"}
2024-08-02 13:53:58::error::/v1/api/conversation/readConversationWithOtherMember/66a5a57173370474cf4eacca::e01e7337-6dd8-486a-8fff-7cbb2a11e0ae::404 - 0ms - Response: {"status":404,"now":1722581638848}::{"message":"Conversation not found"}
2024-08-02 13:53:58::error::/v1/api/talentRequest/readTalentRequestStatus::f268c0b7-407c-4e16-93ce-b084fadd0358::404 - 0ms - Response: {"status":404,"now":1722581638871}::{"message":"Talent request not found"}
2024-08-02 13:53:58::error::/v1/api/talentRequest/readTalentRequestStatus::323766a4-6212-47ac-9375-4920a7392d01::404 - 0ms - Response: {"status":404,"now":1722581638951}::{"message":"Talent request not found"}
2024-08-02 13:53:59::error::/v1/api/talentRequest/readTalentRequestStatus::488359b1-c0ee-4ace-95e8-6163161ef638::404 - 0ms - Response: {"status":404,"now":1722581639025}::{"message":"Talent request not found"}
2024-08-02 13:54:00::error::/v1/api/talentRequest/readTalentRequestStatus::aca3f0cb-193c-459b-9b3a-ffa36f018569::404 - 0ms - Response: {"status":404,"now":1722581640984}::{"message":"Talent request not found"}
2024-08-02 13:54:30::error::/v1/api/talentRequest/readTalentRequestStatus::710bc78e-9baf-4d69-9c31-d8b4869c4883::404 - 0ms - Response: {"status":404,"now":1722581670067}::{"message":"Talent request not found"}
2024-08-02 13:54:30::error::/v1/api/conversation/readConversationWithOtherMember/66a5a57173370474cf4eacca::1b71aa16-3b32-4803-a471-096df5113be4::404 - 0ms - Response: {"status":404,"now":1722581670105}::{"message":"Conversation not found"}
2024-08-02 13:54:30::error::/v1/api/talentRequest/readTalentRequestStatus::d86af022-fcfa-452e-be5e-c5e834693b31::404 - 1ms - Response: {"status":404,"now":1722581670165}::{"message":"Talent request not found"}
2024-08-02 13:54:30::error::/v1/api/talentRequest/readTalentRequestStatus::1a2b1708-4f6a-45f9-a0b1-895576cb047b::404 - 0ms - Response: {"status":404,"now":1722581670263}::{"message":"Talent request not found"}
2024-08-02 13:54:34::error::/v1/api/talentRequest/readTalentRequestStatus::2d40dc2c-e0bb-44aa-8226-67e9a60b5e74::404 - 0ms - Response: {"status":404,"now":1722581674758}::{"message":"Talent request not found"}
2024-08-02 13:54:40::error::/v1/api/talentRequest/readTalentRequestStatus::35751e03-304d-4738-bda2-d763c342926b::404 - 0ms - Response: {"status":404,"now":1722581680187}::{"message":"Talent request not found"}
2024-08-02 13:54:40::error::/v1/api/conversation/readConversationWithOtherMember/66a5a57173370474cf4eacca::932b9b2f-0293-459a-9989-69d3297bef14::404 - 1ms - Response: {"status":404,"now":1722581680225}::{"message":"Conversation not found"}
2024-08-02 13:54:40::error::/v1/api/talentRequest/readTalentRequestStatus::76844183-4189-49bb-a7ae-c3b26ff7c882::404 - 0ms - Response: {"status":404,"now":1722581680283}::{"message":"Talent request not found"}
2024-08-02 13:54:40::error::/v1/api/talentRequest/readTalentRequestStatus::447a2d8c-695e-437a-8e76-77d865cd216c::404 - 0ms - Response: {"status":404,"now":1722581680356}::{"message":"Talent request not found"}
2024-08-02 13:54:40::error::/v1/api/talentRequest/readTalentRequestStatus::fb7f7933-3f72-4ce7-a546-73b6cb18dc0c::404 - 0ms - Response: {"status":404,"now":1722581680433}::{"message":"Talent request not found"}
2024-08-02 13:54:46::error::/v1/api/talentRequest/readTalentRequestStatus::7d313dfa-75ed-4851-984e-c5be784c07dc::404 - 0ms - Response: {"status":404,"now":1722581686215}::{"message":"Talent request not found"}
2024-08-02 13:54:46::error::/v1/api/conversation/readConversationWithOtherMember/66a5a57173370474cf4eacca::bfefef83-9f19-4dae-831e-46d7455d5d3e::404 - 1ms - Response: {"status":404,"now":1722581686250}::{"message":"Conversation not found"}
2024-08-02 13:54:46::error::/v1/api/talentRequest/readTalentRequestStatus::b4c16676-5717-407c-90c7-daf215d48d2f::404 - 0ms - Response: {"status":404,"now":1722581686312}::{"message":"Talent request not found"}
2024-08-02 13:54:46::error::/v1/api/talentRequest/readTalentRequestStatus::f61fc8a7-dc81-44ac-b9c5-9c3059a3ec0e::404 - 0ms - Response: {"status":404,"now":1722581686408}::{"message":"Talent request not found"}
2024-08-02 13:54:46::error::/v1/api/talentRequest/readTalentRequestStatus::2e593ce1-c8c5-4921-aba4-fea87fe75de6::404 - 0ms - Response: {"status":404,"now":1722581686505}::{"message":"Talent request not found"}
2024-08-02 13:54:48::error::/v1/api/talentRequest/readTalentRequestStatus::a41a4ee1-c515-4684-8b11-ad4b62e28d3c::404 - 0ms - Response: {"status":404,"now":1722581688189}::{"message":"Talent request not found"}
2024-08-02 13:55:13::error::/v1/api/user/me::9186df33-c9a7-4592-b21b-608b36f759bb::403 - 0ms - Response: {"status":403,"now":1722581713041}::{"message":"Access token missing"}
2024-08-02 13:55:38::error::/v1/api/user/me::de7e8e61-2fd1-4929-9014-832ab83319ab::403 - 0ms - Response: {"status":403,"now":1722581738754}::{"message":"Access token missing"}
2024-08-02 13:55:41::error::/v1/api/order/readMemberOrderHistory::87ec6783-bdf1-4b17-9a0e-7e6112189759::401 - 1ms - Response: {"status":401,"now":1722581741333}::{"message":"You are not authenticated!"}
2024-08-02 13:55:41::error::/v1/api/conversation/readConversationWithOtherMember/66a5a57173370474cf4eacca::db39f5b7-cf06-4717-a237-300c30655352::401 - 0ms - Response: {"status":401,"now":1722581741338}::{"message":"You are not authenticated!"}
2024-08-02 13:55:42::error::/v1/api/conversation/readConversationWithOtherMember/66a5a57173370474cf4eacca::922de627-0b22-468f-9a7a-9ba7dbcf86d9::401 - 0ms - Response: {"status":401,"now":1722581742868}::{"message":"You are not authenticated!"}
2024-08-02 13:55:42::error::/v1/api/order/readMemberOrderHistory::bf7a35cb-7c18-4d55-8dd8-a5abdec1ecdc::401 - 1ms - Response: {"status":401,"now":1722581742886}::{"message":"You are not authenticated!"}
2024-08-02 13:55:43::error::/v1/api/user/me::3240e6d5-4780-413f-a193-d1bc4469a564::403 - 0ms - Response: {"status":403,"now":1722581743451}::{"message":"Access token missing"}
2024-08-02 14:11:53::error::/v1/api/post/readPostCategoriesWithPosts/66ac824ae3211f00a00e840e::91c18129-60aa-4b7f-a548-52e7abdeeb36::403 - 0ms - Response: {"status":403,"now":1722582713919}::{"message":"Xem tác phẩm không thành công"}
2024-08-02 14:11:53::error::/v1/api/movement/readMovements::8d77cc07-0519-458e-84cd-c4f1e3b36c72::undefined - NaNms - Response: {"reason":{"type":"ReplicaSetNoPrimary","servers":{},"stale":false,"compatible":true,"heartbeatFrequencyMS":10000,"localThresholdMS":15,"setName":"atlas-8si60b-shard-0","maxElectionId":"7fffffff0000000000000016","maxSetVersion":5,"commonWireVersion":0,"logicalSessionTimeoutMinutes":30}}::{"message":"getaddrinfo ENOTFOUND ac-ohhtiix-shard-00-02.oedyizh.mongodb.net"}
2024-08-02 14:11:53::error::/v1/api/user/readUserProfile/66ac824ae3211f00a00e840e::4bd94977-5b24-479e-84e9-606c8c853b06::undefined - NaNms - Response: {"reason":{"type":"ReplicaSetNoPrimary","servers":{},"stale":false,"compatible":true,"heartbeatFrequencyMS":10000,"localThresholdMS":15,"setName":"atlas-8si60b-shard-0","maxElectionId":"7fffffff0000000000000016","maxSetVersion":5,"commonWireVersion":0,"logicalSessionTimeoutMinutes":30}}::{"message":"getaddrinfo ENOTFOUND ac-ohhtiix-shard-00-02.oedyizh.mongodb.net"}
2024-08-02 14:21:32::error::/v1/api/user/readUserProfile/66ac824ae3211f00a00e840e::5ab14a11-ef3b-47f3-a0b7-cc2aee15f8a4::undefined - NaNms - Response: {"reason":{"type":"ReplicaSetNoPrimary","servers":{},"stale":false,"compatible":true,"heartbeatFrequencyMS":10000,"localThresholdMS":15,"setName":"atlas-8si60b-shard-0","maxElectionId":"7fffffff0000000000000016","maxSetVersion":5,"commonWireVersion":0,"logicalSessionTimeoutMinutes":null}}::{"message":"getaddrinfo ENOTFOUND ac-ohhtiix-shard-00-02.oedyizh.mongodb.net"}
2024-08-02 14:21:32::error::/v1/api/post/readPostCategoriesWithPosts/66ac824ae3211f00a00e840e::b22c51ca-d326-459d-9a02-e7eaa1e655e3::403 - 0ms - Response: {"status":403,"now":1722583292643}::{"message":"Xem tác phẩm không thành công"}
2024-08-02 14:21:32::error::/v1/api/movement/readMovements::7e2feac3-3c91-4553-9030-552675211277::undefined - NaNms - Response: {"reason":{"type":"ReplicaSetNoPrimary","servers":{},"stale":false,"compatible":true,"heartbeatFrequencyMS":10000,"localThresholdMS":15,"setName":"atlas-8si60b-shard-0","maxElectionId":"7fffffff0000000000000016","maxSetVersion":5,"commonWireVersion":0,"logicalSessionTimeoutMinutes":null}}::{"message":"getaddrinfo ENOTFOUND ac-ohhtiix-shard-00-02.oedyizh.mongodb.net"}
2024-08-02 14:50:30::error::/v1/api/user/me::099df708-8e13-4ef0-ae03-5fed3838f8fb::403 - 0ms - Response: {"status":403,"now":1722585030779}::{"message":"Access token missing"}
2024-08-02 14:51:08::error::/v1/api/user/me::03c62794-0da5-4137-a2e8-074051f71c90::403 - 1ms - Response: {"status":403,"now":1722585068510}::{"message":"Access token missing"}
2024-08-02 14:51:11::error::/v1/api/user/me::2495fdfc-f9e1-43e0-a028-35975b77ba9f::403 - 0ms - Response: {"status":403,"now":1722585071853}::{"message":"Access token missing"}
