2024-07-26 09:54:42::error::/v1/api/recommender/readLatestCommissionServices::cc99a5c1-202c-4450-8001-52939d91e31c::undefined - NaNms - Response: {}::{"message":"Failed to read latest commission services"}
2024-07-26 10:02:05::error::/v1/api/recommender/readLatestCommissionServices::76adfe03-35c4-4943-8547-878965abac8f::undefined - NaNms - Response: {}::{"message":"Failed to read latest commission services"}
2024-07-26 10:04:17::error::/v1/api/recommender/readLatestCommissionServices::95a38ee3-4eb5-402d-b0da-3254b843a696::undefined - NaNms - Response: {}::{"message":"Failed to read latest commission services"}
2024-07-26 13:38:04::error::/v1/api/order/updateOrder/66a2fa77b6dda4d8cf57312f::9342ab73-1a03-45a4-9a2d-88fbcc3daffd::401 - 1ms - Response: {"status":401,"now":1721975884005}::{"message":"You can update only your order"}
2024-07-26 13:38:28::error::/v1/api/auth/users/login::1b88a51a-5f0d-44d4-a24c-db3d0af50eb0::401 - 2ms - Response: {"status":401,"now":1721975908696}::{"message":"Tài khoản hoặc mật khẩu không chính xác"}
2024-07-26 11:46:21::error::/v1/api/recommender/search::5afdfca9-d209-4072-a979-5fd8b2a49291::403 - 0ms - Response: {"status":403,"now":1721969181288}::{"message":"Invalid search Term"}
2024-07-26 11:47:19::error::/v1/api/recommender/search::1ca65949-55e4-4da3-8735-292425a66cdf::403 - 1ms - Response: {"status":403,"now":1721969239917}::{"message":"Invalid search Term"}
2024-07-26 11:49:54::error::/v1/api/recommender/search::903af85a-f2d7-457c-83e7-d013aebec454::403 - 0ms - Response: {"status":403,"now":1721969394382}::{"message":"Invalid search Term"}
2024-07-26 11:49:57::error::/v1/api/recommender/search::149ff839-a37c-4127-a523-06a0db2ac2b6::403 - 0ms - Response: {"status":403,"now":1721969397568}::{"message":"Invalid search Term"}
2024-07-26 11:50:28::error::/v1/api/recommender/search::5a4a8ad1-5f8b-4043-a475-b973e05ad5b4::403 - 1ms - Response: {"status":403,"now":1721969428634}::{"message":"Invalid search Term"}
2024-07-26 11:50:29::error::/v1/api/recommender/search::135a7406-a698-4962-aea2-6d229ecdbf94::403 - 0ms - Response: {"status":403,"now":1721969429572}::{"message":"Invalid search Term"}
2024-07-26 11:50:30::error::/v1/api/recommender/search::a1340828-891e-4121-9494-6a27a858b6ba::403 - 0ms - Response: {"status":403,"now":1721969430519}::{"message":"Invalid search Term"}
2024-07-26 11:50:30::error::/v1/api/recommender/search::c4a7d80b-6b43-4354-8d42-906a193d5e6d::403 - 0ms - Response: {"status":403,"now":1721969430735}::{"message":"Invalid search Term"}
2024-07-26 11:50:30::error::/v1/api/recommender/search::fa7ff81f-6d4a-420c-af19-cc72d79c2786::403 - 0ms - Response: {"status":403,"now":1721969430945}::{"message":"Invalid search Term"}
2024-07-26 11:50:32::error::/v1/api/recommender/search::d4da4d10-bff6-4149-93a9-e1e30c6ba64a::403 - 0ms - Response: {"status":403,"now":1721969432202}::{"message":"Invalid search Term"}
2024-07-26 15:09:17::error::/v1/api/post/readPost/terms-and-policies::997c3c84-d0ea-4f20-bb2f-a15581339262::undefined - NaNms - Response: {}::{"message":"Failed to read post"}
2024-07-26 15:11:48::error::/v1/api/post/readPost/help-center::f5c40d1d-1c87-4cb0-a700-f15029edf291::undefined - NaNms - Response: {}::{"message":"Failed to read post"}
2024-07-26 15:12:35::error::/v1/api/post/readPost/terms-and-policies::6fe168a2-08a5-4721-8198-494e49dfb009::undefined - NaNms - Response: {}::{"message":"Failed to read post"}
2024-07-26 15:19:47::error::/v1/api/user/me::3f5a0a6c-a4b2-47dc-afcc-694720fa0efa::403 - 0ms - Response: {"status":403,"now":1721981987831}::{"message":"Access token missing"}
2024-07-26 15:20:41::error::/v1/api/user/me::f5fc7444-8241-484c-8440-ea33e8ecd891::403 - 1ms - Response: {"status":403,"now":1721982041415}::{"message":"Access token missing"}
2024-07-26 15:20:56::error::/v1/api/user/me::9aaf50fe-f785-49dd-813a-aa10ecfe9278::403 - 0ms - Response: {"status":403,"now":1721982056179}::{"message":"Access token missing"}
2024-07-26 15:21:10::error::/v1/api/user/me::b78fc725-0036-492b-8e6e-24c92f5ca3a5::403 - 0ms - Response: {"status":403,"now":1721982070309}::{"message":"Access token missing"}
2024-07-26 15:21:14::error::/v1/api/user/me::2076cb15-095d-4193-86d1-feb3ba1c3bbf::403 - 0ms - Response: {"status":403,"now":1721982074158}::{"message":"Access token missing"}
2024-07-26 15:21:29::error::/v1/api/user/me::441dde6e-41a5-4b20-bfa4-0892049d82ea::403 - 0ms - Response: {"status":403,"now":1721982089401}::{"message":"Access token missing"}
2024-07-26 15:21:37::error::/v1/api/auth/users/login::63d15e05-05a4-4566-aa30-281c62f72ff6::401 - 0ms - Response: {"status":401,"now":1721982097592}::{"message":"Tài khoản hoặc mật khẩu không chính xác"}
2024-07-26 15:24:37::error::/v1/api/proposal/readProposal/undefined::26afa37e-f5a3-4290-93d5-79d51298d1ef::undefined - NaNms - Response: {"stringValue":"\"undefined\"","valueType":"string","kind":"ObjectId","value":"undefined","path":"_id","reason":{},"name":"CastError","message":"Cast to ObjectId failed for value \"undefined\" (type string) at path \"_id\" for model \"Proposal\""}::{"message":"Cast to ObjectId failed for value \"undefined\" (type string) at path \"_id\" for model \"Proposal\""}
2024-07-26 15:26:46::error::/v1/api/proposal/readProposal/undefined::8cb3ad9d-3c7d-427d-b482-8175a78f9565::undefined - NaNms - Response: {"stringValue":"\"undefined\"","valueType":"string","kind":"ObjectId","value":"undefined","path":"_id","reason":{},"name":"CastError","message":"Cast to ObjectId failed for value \"undefined\" (type string) at path \"_id\" for model \"Proposal\""}::{"message":"Cast to ObjectId failed for value \"undefined\" (type string) at path \"_id\" for model \"Proposal\""}
2024-07-26 15:27:07::error::/v1/api/proposal/readProposal/undefined::5e4ac1c8-ce90-4979-b263-58febdf1a7ac::undefined - NaNms - Response: {"stringValue":"\"undefined\"","valueType":"string","kind":"ObjectId","value":"undefined","path":"_id","reason":{},"name":"CastError","message":"Cast to ObjectId failed for value \"undefined\" (type string) at path \"_id\" for model \"Proposal\""}::{"message":"Cast to ObjectId failed for value \"undefined\" (type string) at path \"_id\" for model \"Proposal\""}
2024-07-26 15:58:39::error::/v1/api/user/readUserProfile/6662c4f8a0fe5944a1ea33cc::279fd733-ff75-485d-8a92-32254dcdce92::undefined - NaNms - Response: {"errors":{"socialLinks.0":{"name":"ValidatorError","message":"Cast to [string] failed for value \"[ { url: 'èwewfàwfe', _id: new ObjectId('666c0a41ce4e88c648d079af') } ]\" (type string) at path \"socialLinks.0\" because of \"CastError\"","properties":{"path":"socialLinks.0","message":"Cast to [string] failed for value \"[ { url: 'èwewfàwfe', _id: new ObjectId('666c0a41ce4e88c648d079af') } ]\" (type string) at path \"socialLinks.0\" because of \"CastError\"","type":"cast","value":"[ { url: 'èwewfàwfe', _id: new ObjectId('666c0a41ce4e88c648d079af') } ]","reason":{"stringValue":"\"[ { url: 'èwewfàwfe', _id: new ObjectId('666c0a41ce4e88c648d079af') } ]\"","valueType":"string","kind":"[string]","value":"[ { url: 'èwewfàwfe', _id: new ObjectId('666c0a41ce4e88c648d079af') } ]","path":"socialLinks.0","reason":{"stringValue":"\"{ url: 'èwewfàwfe', _id: new ObjectId('666c0a41ce4e88c648d079af') }\"","valueType":"Object","kind":"string","value":{"url":"èwewfàwfe","_id":"666c0a41ce4e88c648d079af"},"path":"socialLinks","reason":null,"name":"CastError","message":"Cast to string failed for value \"{ url: 'èwewfàwfe', _id: new ObjectId('666c0a41ce4e88c648d079af') }\" (type Object) at path \"socialLinks\""},"name":"CastError","message":"Cast to [string] failed for value \"[ { url: 'èwewfàwfe', _id: new ObjectId('666c0a41ce4e88c648d079af') } ]\" (type string) at path \"socialLinks.0\" because of \"CastError\""}},"kind":"cast","path":"socialLinks.0","value":"[ { url: 'èwewfàwfe', _id: new ObjectId('666c0a41ce4e88c648d079af') } ]","reason":{"stringValue":"\"[ { url: 'èwewfàwfe', _id: new ObjectId('666c0a41ce4e88c648d079af') } ]\"","valueType":"string","kind":"[string]","value":"[ { url: 'èwewfàwfe', _id: new ObjectId('666c0a41ce4e88c648d079af') } ]","path":"socialLinks.0","reason":{"stringValue":"\"{ url: 'èwewfàwfe', _id: new ObjectId('666c0a41ce4e88c648d079af') }\"","valueType":"Object","kind":"string","value":{"url":"èwewfàwfe","_id":"666c0a41ce4e88c648d079af"},"path":"socialLinks","reason":null,"name":"CastError","message":"Cast to string failed for value \"{ url: 'èwewfàwfe', _id: new ObjectId('666c0a41ce4e88c648d079af') }\" (type Object) at path \"socialLinks\""},"name":"CastError","message":"Cast to [string] failed for value \"[ { url: 'èwewfàwfe', _id: new ObjectId('666c0a41ce4e88c648d079af') } ]\" (type string) at path \"socialLinks.0\" because of \"CastError\""}}},"_message":"User validation failed","name":"ValidationError","message":"User validation failed: socialLinks.0: Cast to [string] failed for value \"[ { url: 'èwewfàwfe', _id: new ObjectId('666c0a41ce4e88c648d079af') } ]\" (type string) at path \"socialLinks.0\" because of \"CastError\""}::{"message":"User validation failed: socialLinks.0: Cast to [string] failed for value \"[ { url: 'èwewfàwfe', _id: new ObjectId('666c0a41ce4e88c648d079af') } ]\" (type string) at path \"socialLinks.0\" because of \"CastError\""}
2024-07-26 17:42:07::error::/v1/api/user/me::9d0f362b-8ed6-4b1d-a8f7-4e462f41e9f8::403 - 0ms - Response: {"status":403,"now":1721990527453}::{"message":"Access token missing"}
2024-07-26 17:42:31::error::/v1/api/user/me::6a17f18e-1090-47d7-94de-b7b83f6625cd::403 - 0ms - Response: {"status":403,"now":1721990551835}::{"message":"Access token missing"}
2024-07-26 17:42:33::error::/v1/api/user/me::082f601c-baf0-4ae2-b49d-b078fed1b671::403 - 0ms - Response: {"status":403,"now":1721990553925}::{"message":"Access token missing"}
2024-07-26 17:43:04::error::/v1/api/user/me::11ef88f6-fbb6-4526-982b-868e552b388c::403 - 1ms - Response: {"status":403,"now":1721990584639}::{"message":"Access token missing"}
2024-07-26 17:43:10::error::/v1/api/user/me::166337f7-af80-4270-bedc-125f5270f23e::403 - 0ms - Response: {"status":403,"now":1721990590812}::{"message":"Access token missing"}
2024-07-26 17:43:30::error::/v1/api/user/me::301854a7-70dc-482c-9389-bb8ad58773a7::403 - 0ms - Response: {"status":403,"now":1721990610609}::{"message":"Access token missing"}
2024-07-26 17:43:32::error::/v1/api/user/me::0a4117d6-329b-4518-b28a-d59cf382b430::403 - 0ms - Response: {"status":403,"now":1721990612779}::{"message":"Access token missing"}
2024-07-26 17:43:44::error::/v1/api/user/me::bbe0b628-68da-4fc1-9afc-99718bd4b855::403 - 0ms - Response: {"status":403,"now":1721990624767}::{"message":"Access token missing"}
2024-07-26 17:43:52::error::/v1/api/user/me::460e64d0-37e7-4b3c-9b42-82be4d84c7dd::403 - 1ms - Response: {"status":403,"now":1721990632334}::{"message":"Access token missing"}
2024-07-26 17:43:53::error::/v1/api/user/me::e586ffba-1948-4dba-b4b7-459043c5572c::403 - 0ms - Response: {"status":403,"now":1721990633916}::{"message":"Access token missing"}
2024-07-26 17:44:01::error::/v1/api/user/me::3de69a92-c6ca-4d22-80fa-852d55953d17::403 - 0ms - Response: {"status":403,"now":1721990641801}::{"message":"Access token missing"}
2024-07-26 17:44:14::error::/v1/api/user/me::575232d2-a237-405f-977f-f8caecf76c3e::403 - 0ms - Response: {"status":403,"now":1721990654017}::{"message":"Access token missing"}
2024-07-26 17:44:21::error::/v1/api/user/me::c1da2300-bfcc-48fd-bea8-1fd8fa6bd5dc::403 - 0ms - Response: {"status":403,"now":1721990661876}::{"message":"Access token missing"}
2024-07-26 17:44:32::error::/v1/api/user/me::f2d656e4-ed11-4ebc-a99b-acb1d0b716de::403 - 0ms - Response: {"status":403,"now":1721990672197}::{"message":"Access token missing"}
2024-07-26 17:44:35::error::/v1/api/user/me::447b3c9f-898c-48de-bb16-cebaf84cbafb::403 - 0ms - Response: {"status":403,"now":1721990675673}::{"message":"Access token missing"}
2024-07-26 17:44:45::error::/v1/api/user/me::afd1a93c-8eba-4dd6-8159-4d9a67d36846::403 - 0ms - Response: {"status":403,"now":1721990685268}::{"message":"Access token missing"}
2024-07-26 17:44:48::error::/v1/api/user/me::e4f8e2ad-3f31-46f2-8e5f-f77acc176d25::403 - 0ms - Response: {"status":403,"now":1721990688976}::{"message":"Access token missing"}
2024-07-26 17:45:31::error::/v1/api/user/me::a8b13485-0974-42c6-99b6-8e2b42da070c::403 - 0ms - Response: {"status":403,"now":1721990731091}::{"message":"Access token missing"}
2024-07-26 17:45:56::error::/v1/api/user/me::dfd80de0-f13c-468b-86f5-fa663803c384::403 - 0ms - Response: {"status":403,"now":1721990756937}::{"message":"Access token missing"}
2024-07-26 17:46:15::error::/v1/api/user/me::4139cc7b-f2d1-423c-a28d-9796f7c9b5bf::403 - 0ms - Response: {"status":403,"now":1721990775224}::{"message":"Access token missing"}
2024-07-26 17:46:31::error::/v1/api/user/me::5d7c36fe-47c2-4558-b1f8-137925b7dd0d::403 - 1ms - Response: {"status":403,"now":1721990791481}::{"message":"Access token missing"}
2024-07-26 17:46:32::error::/v1/api/user/me::b08454b3-5513-4dff-9bd2-a35e05dad31f::403 - 0ms - Response: {"status":403,"now":1721990792324}::{"message":"Access token missing"}
2024-07-26 17:46:49::error::/v1/api/user/me::196e889d-af2a-48fa-91e4-6a6683191533::403 - 0ms - Response: {"status":403,"now":1721990809209}::{"message":"Access token missing"}
2024-07-26 17:46:54::error::/v1/api/user/me::b1ebab68-45cc-4814-8f5e-7abb1ddc60a4::403 - 0ms - Response: {"status":403,"now":1721990814428}::{"message":"Access token missing"}
2024-07-26 17:47:10::error::/v1/api/user/me::91fb70e7-c6b5-48dd-8eee-7601f6f1b3bc::403 - 1ms - Response: {"status":403,"now":1721990830676}::{"message":"Access token missing"}
2024-07-26 17:47:41::error::/v1/api/user/me::1d909ba8-48d6-4004-967d-ea7aae6198c8::403 - 1ms - Response: {"status":403,"now":1721990861616}::{"message":"Access token missing"}
2024-07-26 17:47:57::error::/v1/api/user/me::9763d4dd-ddf8-4edc-b1ec-5e353c30aa85::403 - 0ms - Response: {"status":403,"now":1721990877889}::{"message":"Access token missing"}
2024-07-26 17:48:31::error::/v1/api/user/me::ef3636e6-d8a4-433a-a2c2-df6a91150cf2::403 - 0ms - Response: {"status":403,"now":1721990911580}::{"message":"Access token missing"}
2024-07-26 17:48:53::error::/v1/api/user/me::f8123c56-ae63-428c-b382-4e0085c22052::403 - 0ms - Response: {"status":403,"now":1721990933070}::{"message":"Access token missing"}
2024-07-26 17:49:12::error::/v1/api/user/me::6ae7b1ff-6203-4b25-b551-3f8f9327f838::403 - 0ms - Response: {"status":403,"now":1721990952814}::{"message":"Access token missing"}
2024-07-26 17:49:17::error::/v1/api/user/me::04126265-fffa-4e21-bc69-86248845f1c6::403 - 0ms - Response: {"status":403,"now":1721990957359}::{"message":"Access token missing"}
2024-07-26 17:49:27::error::/v1/api/user/me::e71a986a-1f0c-47e2-b782-519b36b9dddb::403 - 0ms - Response: {"status":403,"now":1721990967649}::{"message":"Access token missing"}
2024-07-26 17:49:29::error::/v1/api/user/me::dea8416c-09f3-4d8e-b633-26276a5a0bd9::403 - 0ms - Response: {"status":403,"now":1721990969006}::{"message":"Access token missing"}
2024-07-26 17:52:24::error::/v1/api/proposal/readProposal/undefined::a4e92959-5253-4739-a3e9-b6a57c805269::undefined - NaNms - Response: {"stringValue":"\"undefined\"","valueType":"string","kind":"ObjectId","value":"undefined","path":"_id","reason":{},"name":"CastError","message":"Cast to ObjectId failed for value \"undefined\" (type string) at path \"_id\" for model \"Proposal\""}::{"message":"Cast to ObjectId failed for value \"undefined\" (type string) at path \"_id\" for model \"Proposal\""}
