2024-08-24 08:30:48::error::/v1/api/news/updateNews/66a8d42a143aa910a3d75287::642d41d8-7da8-401a-8fa6-ad743b55fc03::undefined - NaNms - Response: {"name":"MulterError","message":"Field value too long","code":"LIMIT_FIELD_VALUE","field":"content","storageErrors":[]}::{"message":"Field value too long"}
2024-08-24 09:28:22::error::/v1/api/user/me::c0074189-bddf-420e-b5ce-b85baaee8549::403 - 1ms - Response: {"status":403,"now":1724466502043}::{"message":"Access token missing"}
2024-08-24 09:29:46::error::/v1/api/user/me::4c5c4a01-dfa3-4bcb-9e51-461b844d1ccb::403 - 0ms - Response: {"status":403,"now":1724466586971}::{"message":"Access token missing"}
2024-08-24 09:32:48::error::/v1/api/user/me::a239bf26-9176-402b-9a9d-1625ba6649f1::403 - 1ms - Response: {"status":403,"now":1724466768084}::{"message":"Access token missing"}
2024-08-24 09:33:16::error::/v1/api/user/me::6f6ed18e-f47b-4406-93e3-f4bb27301ac0::403 - 0ms - Response: {"status":403,"now":1724466796759}::{"message":"Access token missing"}
2024-08-24 09:40:04::error::/v1/api/user/me::564503b4-df1e-43a7-ac63-61977e3a162a::403 - 0ms - Response: {"status":403,"now":1724467204902}::{"message":"Access token missing"}
2024-08-24 09:45:19::error::/v1/api/user/me::63e8a11f-4a61-4083-974b-c3b3d4131cbe::403 - 0ms - Response: {"status":403,"now":1724467519640}::{"message":"Access token missing"}
2024-08-24 09:46:09::error::/v1/api/user/me::f44aa9d7-f843-4912-97b7-136ce9f0f26a::403 - 0ms - Response: {"status":403,"now":1724467569375}::{"message":"Access token missing"}
2024-08-24 09:46:13::error::/v1/api/user/me::db554648-eb1e-4044-9884-685952c37526::403 - 0ms - Response: {"status":403,"now":1724467573276}::{"message":"Access token missing"}
2024-08-24 09:46:46::error::/v1/api/user/me::7f07aa91-432a-4415-8643-b0358ab736b5::403 - 0ms - Response: {"status":403,"now":1724467606129}::{"message":"Access token missing"}
2024-08-24 09:46:49::error::/v1/api/user/me::177e45cc-f58b-40e6-a279-e717c359453a::403 - 0ms - Response: {"status":403,"now":1724467609067}::{"message":"Access token missing"}
2024-08-24 09:46:53::error::/v1/api/user/me::dbb32477-1ece-4529-afc1-258bfe5b3997::403 - 0ms - Response: {"status":403,"now":1724467613696}::{"message":"Access token missing"}
2024-08-24 09:46:56::error::/v1/api/user/me::3ae41a41-5949-4b47-aa62-4b171183838b::403 - 0ms - Response: {"status":403,"now":1724467616324}::{"message":"Access token missing"}
2024-08-24 09:47:04::error::/v1/api/user/me::27c4fad8-8372-485b-914b-e3f64ab0f855::403 - 0ms - Response: {"status":403,"now":1724467624217}::{"message":"Access token missing"}
2024-08-24 09:47:17::error::/v1/api/user/me::7a78a973-6d1f-49b9-8aaa-6ccf1c2be53b::403 - 0ms - Response: {"status":403,"now":1724467637828}::{"message":"Access token missing"}
2024-08-24 09:51:07::error::/v1/api/user/me::72dda364-f4cf-4e7a-8e3f-9427a4bd4274::403 - 0ms - Response: {"status":403,"now":1724467867291}::{"message":"Access token missing"}
2024-08-24 09:51:14::error::/v1/api/user/me::d242b2b9-e5d6-40bf-9121-8ae4d4ed9648::403 - 0ms - Response: {"status":403,"now":1724467874460}::{"message":"Access token missing"}
2024-08-24 09:51:16::error::/v1/api/user/me::3e8cf44d-0ae0-4c62-b38b-6c2395543053::403 - 0ms - Response: {"status":403,"now":1724467876987}::{"message":"Access token missing"}
2024-08-24 09:51:55::error::/v1/api/user/me::219a0e50-1853-46d9-b6e1-5d9e3fb1e5f1::403 - 0ms - Response: {"status":403,"now":1724467915822}::{"message":"Access token missing"}
2024-08-24 09:52:05::error::/v1/api/user/me::881eaac8-af5d-4337-8f83-9bb5945a6498::403 - 0ms - Response: {"status":403,"now":1724467925052}::{"message":"Access token missing"}
2024-08-24 09:52:09::error::/v1/api/user/me::7f9bf31a-b3d1-4fce-8ad3-74297d1b56a6::403 - 0ms - Response: {"status":403,"now":1724467929889}::{"message":"Access token missing"}
2024-08-24 09:52:11::error::/v1/api/user/me::586fcc3c-1737-48dc-a79e-1f70fbce7078::403 - 1ms - Response: {"status":403,"now":1724467931781}::{"message":"Access token missing"}
2024-08-24 09:55:01::error::/v1/api/user/me::74e7cb62-3527-4dee-8a4e-18dc73df3953::403 - 0ms - Response: {"status":403,"now":1724468101048}::{"message":"Access token missing"}
2024-08-24 10:06:53::error::/v1/api/user/me::020d0a98-69e0-4cea-81be-a650240026cf::403 - 0ms - Response: {"status":403,"now":1724468813336}::{"message":"Access token missing"}
2024-08-24 10:15:35::error::/v1/api/user/me::627c1e4c-567e-4664-9c10-cae1c9f1a0bf::403 - 1ms - Response: {"status":403,"now":1724469335171}::{"message":"Access token missing"}
2024-08-24 10:15:36::error::/v1/api/user/me::7f8717b2-4177-45f1-b9f1-554c30eebc31::403 - 1ms - Response: {"status":403,"now":1724469336018}::{"message":"Access token missing"}
2024-08-24 10:16:01::error::/v1/api/user/me::771dab6f-cba1-488a-b1db-58f9a89cb555::403 - 0ms - Response: {"status":403,"now":1724469361748}::{"message":"Access token missing"}
2024-08-24 10:16:04::error::/v1/api/user/me::5d359413-9289-47f3-880d-c3b9b6956f5b::403 - 0ms - Response: {"status":403,"now":1724469364046}::{"message":"Access token missing"}
2024-08-24 10:23:18::error::/v1/api/user/me::7f9149c5-eba9-4cbf-b4ed-4b6febf95064::403 - 0ms - Response: {"status":403,"now":1724469798853}::{"message":"Access token missing"}
2024-08-24 10:23:23::error::/v1/api/user/me::d5dc72c7-d461-4d47-9d40-53821d5319a2::403 - 0ms - Response: {"status":403,"now":1724469803885}::{"message":"Access token missing"}
2024-08-24 10:24:04::error::/v1/api/user/me::66c8b13c-7c69-4eeb-86cd-7eaf7b8f93a7::403 - 0ms - Response: {"status":403,"now":1724469844558}::{"message":"Access token missing"}
2024-08-24 10:24:06::error::/v1/api/user/me::ef7755c8-bab5-4323-ae66-fd84b6cf5d95::403 - 1ms - Response: {"status":403,"now":1724469846674}::{"message":"Access token missing"}
2024-08-24 10:24:33::error::/v1/api/auth/users/login::9958262c-1a65-4f96-8f00-6b0070dfc47c::403 - 0ms - Response: {"status":403,"now":1724469873507}::{"message":"Tài khoản chưa được đăng kí"}
2024-08-24 10:24:37::error::/v1/api/user/me::14937986-0db3-4cd9-9b7b-a0923727d2e3::403 - 0ms - Response: {"status":403,"now":1724469877488}::{"message":"Access token missing"}
2024-08-24 10:24:39::error::/v1/api/user/me::456846cd-ae7f-45b9-8ae2-deb68709e40c::403 - 0ms - Response: {"status":403,"now":1724469879812}::{"message":"Access token missing"}
2024-08-24 10:24:40::error::/v1/api/auth/users/login::c2f64672-5652-4e80-9f97-c1b9469e1e59::403 - 0ms - Response: {"status":403,"now":1724469880693}::{"message":"Tài khoản chưa được đăng kí"}
2024-08-24 10:24:44::error::/v1/api/user/me::791396ec-a85d-4e26-972e-ed71621b3089::403 - 0ms - Response: {"status":403,"now":1724469884667}::{"message":"Access token missing"}
2024-08-24 10:24:48::error::/v1/api/user/me::26fdaeb5-4a1a-40d2-9b04-35f3c33c78d2::403 - 0ms - Response: {"status":403,"now":1724469888005}::{"message":"Access token missing"}
2024-08-24 10:25:04::error::/v1/api/user/me::6551d1db-59e1-4a62-9856-495acb440f4e::403 - 0ms - Response: {"status":403,"now":1724469904254}::{"message":"Access token missing"}
2024-08-24 10:25:09::error::/v1/api/user/me::66bdc4d5-f631-44ea-a00f-e60b1adff7d8::403 - 0ms - Response: {"status":403,"now":1724469909141}::{"message":"Access token missing"}
2024-08-24 10:26:58::error::/v1/api/user/me::fb397ff6-f8f0-46bd-ba54-35da48b8d6ad::403 - 1ms - Response: {"status":403,"now":1724470018177}::{"message":"Access token missing"}
2024-08-24 10:27:05::error::/favicon.ico::fbb0b884-4a1c-4d4c-aa50-ae834a6b04ff::404 - NaNms - Response: {"status":404}::{"message":"Not Found"}
2024-08-24 10:30:00::error::/v1/api/user/me::80f1ecc1-5a85-489e-99b0-033ced3dacbf::403 - 1ms - Response: {"status":403,"now":1724470200088}::{"message":"Access token missing"}
2024-08-24 10:30:02::error::/v1/api/user/me::ca4e1626-7603-4a02-868f-09eeea15de6e::403 - 1ms - Response: {"status":403,"now":1724470202271}::{"message":"Access token missing"}
2024-08-24 10:30:02::error::/v1/api/user/readUserProfile/66a5fa0354ac59de697c503b::42097970-18b9-49a0-a9d2-54a772ae6949::404 - 0ms - Response: {"status":404,"now":1724470202519}::{"message":"User not found"}
2024-08-24 10:30:07::error::/v1/api/user/me::d0fef052-d14b-46a6-9a2f-1b308dccbfe8::403 - 0ms - Response: {"status":403,"now":1724470207299}::{"message":"Access token missing"}
2024-08-24 10:30:07::error::/v1/api/user/readUserProfile/66a5fa0354ac59de697c503b::c0d06d2f-fda6-484c-8337-423f1cb985e7::404 - 0ms - Response: {"status":404,"now":1724470207373}::{"message":"User not found"}
2024-08-24 10:30:07::error::/v1/api/user/me::f19c173c-ddda-403a-8d50-35180d3012d3::403 - 0ms - Response: {"status":403,"now":1724470207513}::{"message":"Access token missing"}
2024-08-24 10:30:22::error::/v1/api/user/me::d80e15a0-b637-4feb-90cb-2e75e02823ba::403 - 0ms - Response: {"status":403,"now":1724470222017}::{"message":"Access token missing"}
2024-08-24 10:34:40::error::/v1/api/recommender/readPopularPosts::987175a5-b798-4b8e-87db-eec76b72f087::403 - 0ms - Response: {"status":403,"now":1724470480313}::{"message":"Failed to read popular posts"}
2024-08-24 10:34:41::error::/v1/api/recommender/readPopularPosts::aa4e0e1b-2991-417f-826c-bb9db1169730::403 - 1ms - Response: {"status":403,"now":1724470481778}::{"message":"Failed to read popular posts"}
2024-08-24 10:34:51::error::/v1/api/recommender/readPopularPosts::b25180b3-4584-4707-ace2-d21b41b8d2e9::403 - 1ms - Response: {"status":403,"now":1724470491508}::{"message":"Failed to read popular posts"}
2024-08-24 10:35:03::error::/v1/api/recommender/readPopularPosts::e1790ad3-2703-4cb0-9215-08374d79b0ab::403 - 0ms - Response: {"status":403,"now":1724470503495}::{"message":"Failed to read popular posts"}
2024-08-24 10:35:06::error::/v1/api/recommender/readPopularPosts::03573485-9683-4a20-ad62-9c1a712c1501::403 - 0ms - Response: {"status":403,"now":1724470506375}::{"message":"Failed to read popular posts"}
2024-08-24 10:37:16::error::/v1/api/recommender/readPopularPosts::e5c3aca8-a3b0-4314-937f-9106012f8c50::403 - 0ms - Response: {"status":403,"now":1724470636646}::{"message":"Failed to read popular posts"}
2024-08-24 10:37:39::error::/v1/api/recommender/readPopularPosts::c3914dc6-dc3b-4007-93d3-2cf4b9861995::403 - 0ms - Response: {"status":403,"now":1724470659582}::{"message":"Failed to read popular posts"}
2024-08-24 10:37:44::error::/v1/api/recommender/readPopularPosts::4e4d737b-f44e-4f84-b921-be23a305e2ae::403 - 0ms - Response: {"status":403,"now":1724470664603}::{"message":"Failed to read popular posts"}
2024-08-24 10:40:07::error::/v1/api/recommender/readPopularPosts::880e4c3b-ff9f-4d07-892c-28268e7fe4b0::403 - 0ms - Response: {"status":403,"now":1724470807454}::{"message":"Failed to read popular posts"}
2024-08-24 10:40:09::error::/v1/api/recommender/readPopularPosts::a240b79e-2f1e-4f17-8df3-c08900d7431c::403 - 1ms - Response: {"status":403,"now":1724470809912}::{"message":"Failed to read popular posts"}
2024-08-24 10:40:13::error::/v1/api/user/me::5209ed06-d839-48bb-a899-d94be036b704::403 - 0ms - Response: {"status":403,"now":1724470813242}::{"message":"Access token missing"}
2024-08-24 10:40:15::error::/v1/api/user/me::74d3913c-d247-441e-b1d7-73af5e40edfb::403 - 1ms - Response: {"status":403,"now":1724470815434}::{"message":"Access token missing"}
2024-08-24 10:40:16::error::/v1/api/recommender/readPopularPosts::133400e0-1d2e-4df2-8f13-56cf65f7a280::403 - 0ms - Response: {"status":403,"now":1724470816586}::{"message":"Failed to read popular posts"}
2024-08-24 10:40:22::error::/v1/api/user/me::c20a917a-68df-40f0-b975-765c7abe889a::403 - 0ms - Response: {"status":403,"now":1724470822492}::{"message":"Access token missing"}
2024-08-24 10:40:23::error::/v1/api/recommender/readPopularPosts::6a4601e8-6682-4113-b410-02569934c179::403 - 0ms - Response: {"status":403,"now":1724470823659}::{"message":"Failed to read popular posts"}
2024-08-24 10:44:17::error::/v1/api/user/me::77dbb5ca-adf6-4b88-8d7c-b12655de01ac::403 - 0ms - Response: {"status":403,"now":1724471057527}::{"message":"Access token missing"}
2024-08-24 10:44:18::error::/v1/api/recommender/readPopularPosts::5919d919-569e-486f-a41d-c0697f1f8406::403 - 0ms - Response: {"status":403,"now":1724471058382}::{"message":"Failed to read popular posts"}
2024-08-24 10:44:18::error::/v1/api/user/me::f939e9b4-53fd-4706-80d1-b1f9d0c3facc::403 - 0ms - Response: {"status":403,"now":1724471058400}::{"message":"Access token missing"}
2024-08-24 10:44:19::error::/v1/api/recommender/readPopularPosts::5fb43df3-7304-4d5d-b698-5df625090f57::403 - 0ms - Response: {"status":403,"now":1724471059618}::{"message":"Failed to read popular posts"}
2024-08-24 10:45:04::error::/v1/api/user/me::3bbb0ce5-708f-4bc1-8539-a7e64ea81723::403 - 0ms - Response: {"status":403,"now":1724471104208}::{"message":"Access token missing"}
2024-08-24 10:45:05::error::/v1/api/recommender/readPopularPosts::8412c0d7-0eb6-4746-bcf7-140637add117::403 - 0ms - Response: {"status":403,"now":1724471105014}::{"message":"Failed to read popular posts"}
2024-08-24 10:45:07::error::/v1/api/user/me::5a21b73b-ca0e-4a27-a8e4-91df7baf8320::403 - 0ms - Response: {"status":403,"now":1724471107481}::{"message":"Access token missing"}
2024-08-24 10:45:08::error::/v1/api/recommender/readPopularPosts::365f51d0-6cad-426a-83fb-6c58c1c48032::403 - 1ms - Response: {"status":403,"now":1724471108481}::{"message":"Failed to read popular posts"}
2024-08-24 10:47:56::error::/v1/api/user/me::96a4901f-63e6-414f-b573-24aeab59316a::403 - 1ms - Response: {"status":403,"now":1724471276796}::{"message":"Access token missing"}
2024-08-24 10:47:57::error::/v1/api/recommender/readPopularPosts::299b98fe-5d74-4001-9149-8728af51c1a9::403 - 0ms - Response: {"status":403,"now":1724471277590}::{"message":"Failed to read popular posts"}
2024-08-24 10:48:48::error::/v1/api/user/me::40355b01-9c22-4470-ba75-ae1e286079a1::403 - 1ms - Response: {"status":403,"now":1724471328622}::{"message":"Access token missing"}
2024-08-24 10:48:49::error::/v1/api/recommender/readPopularPosts::92b3a1c0-4f2a-4762-a443-2bcd6f400d62::403 - 0ms - Response: {"status":403,"now":1724471329472}::{"message":"Failed to read popular posts"}
2024-08-24 10:49:13::error::/v1/api/user/me::473888ce-9b0f-4523-b2c5-a0f6d7083026::403 - 0ms - Response: {"status":403,"now":1724471353196}::{"message":"Access token missing"}
2024-08-24 10:49:13::error::/v1/api/user/me::d3867a26-b4c6-46c7-8f4b-5c4cae2d3a4c::403 - 0ms - Response: {"status":403,"now":1724471353784}::{"message":"Access token missing"}
2024-08-24 10:49:14::error::/v1/api/recommender/readPopularPosts::9fbacb5f-6d08-4f32-b195-43c24a9582c1::403 - 0ms - Response: {"status":403,"now":1724471354046}::{"message":"Failed to read popular posts"}
2024-08-24 10:49:15::error::/v1/api/recommender/readPopularPosts::81334c4f-8d74-4948-b4d1-e2ef81f87f4a::403 - 0ms - Response: {"status":403,"now":1724471355019}::{"message":"Failed to read popular posts"}
2024-08-24 10:50:02::error::/v1/api/user/me::b39779d0-3dee-432d-9a37-9230ca660727::403 - 0ms - Response: {"status":403,"now":1724471402187}::{"message":"Access token missing"}
2024-08-24 10:50:03::error::/v1/api/recommender/readPopularPosts::7e929ac3-0156-4db7-a4d5-b881ffe4ad03::403 - 0ms - Response: {"status":403,"now":1724471403008}::{"message":"Failed to read popular posts"}
2024-08-24 10:50:36::error::/v1/api/user/me::b32fcd57-7f27-4bcf-bcf8-d222649d4944::403 - 1ms - Response: {"status":403,"now":1724471436345}::{"message":"Access token missing"}
2024-08-24 10:50:37::error::/v1/api/user/me::657c6808-3c51-4204-a3aa-544d4e22f12c::403 - 1ms - Response: {"status":403,"now":1724471437976}::{"message":"Access token missing"}
2024-08-24 10:50:39::error::/v1/api/recommender/readPopularPosts::aa14e12d-7a12-4fa7-aacf-d481c1842ea4::403 - 1ms - Response: {"status":403,"now":1724471439587}::{"message":"Failed to read popular posts"}
2024-08-24 10:50:40::error::/v1/api/recommender/readPopularPosts::81cceab1-fbca-46f0-ac9f-b5a2bdd7af0e::403 - 1ms - Response: {"status":403,"now":1724471440731}::{"message":"Failed to read popular posts"}
2024-08-24 10:50:45::error::/v1/api/user/me::677bfa9f-4dbd-4d80-9b1c-5032933c70bb::403 - 1ms - Response: {"status":403,"now":1724471445679}::{"message":"Access token missing"}
2024-08-24 10:50:47::error::/v1/api/recommender/readPopularPosts::61d5d4f4-ee0a-45e1-81f0-906ae5fdc931::403 - 1ms - Response: {"status":403,"now":1724471447564}::{"message":"Failed to read popular posts"}
2024-08-24 10:51:06::error::/v1/api/user/me::b544e425-ed5e-45df-a858-89e6b084e542::403 - 0ms - Response: {"status":403,"now":1724471466634}::{"message":"Access token missing"}
2024-08-24 10:51:07::error::/v1/api/recommender/readPopularPosts::74f7f31c-a35d-4d50-a328-074d2834e2f6::403 - 1ms - Response: {"status":403,"now":1724471467519}::{"message":"Failed to read popular posts"}
2024-08-24 10:53:16::error::/v1/api/user/me::1b577a9d-0641-483d-a2bc-8f3d557a5cc8::403 - 0ms - Response: {"status":403,"now":1724471596974}::{"message":"Access token missing"}
2024-08-24 10:53:17::error::/v1/api/recommender/readPopularPosts::71569078-091b-4c1c-ae6a-8271b86c36be::403 - 0ms - Response: {"status":403,"now":1724471597904}::{"message":"Failed to read popular posts"}
2024-08-24 10:53:45::error::/v1/api/user/me::f1f8f44d-24f2-4db3-8794-5521bff72fbc::403 - 0ms - Response: {"status":403,"now":1724471625719}::{"message":"Access token missing"}
2024-08-24 10:53:46::error::/v1/api/recommender/readPopularPosts::43c5a775-892b-40d7-bf9c-487d0453326d::403 - 0ms - Response: {"status":403,"now":1724471626615}::{"message":"Failed to read popular posts"}
2024-08-24 11:03:09::error::/v1/api/user/me::4ba9f8f7-eee5-47e6-bfd0-ddbeb3f9132e::403 - 0ms - Response: {"status":403,"now":1724472189324}::{"message":"Access token missing"}
2024-08-24 11:03:09::error::/v1/api/user/me::59fc361b-239e-41b5-98c3-fb2706b6fcf5::403 - 0ms - Response: {"status":403,"now":1724472189873}::{"message":"Access token missing"}
2024-08-24 11:03:15::error::/v1/api/user/me::4d592566-2796-4a7d-bf59-cb748c02b927::403 - 0ms - Response: {"status":403,"now":1724472195752}::{"message":"Access token missing"}
2024-08-24 11:03:24::error::/v1/api/user/me::2c5b6b5b-3748-4eaa-be3f-510f93a11cc6::403 - 0ms - Response: {"status":403,"now":1724472204620}::{"message":"Access token missing"}
2024-08-24 11:03:41::error::/v1/api/user/me::8193ba39-b4ed-43db-ba00-4dbc75e7d8a0::403 - 0ms - Response: {"status":403,"now":1724472221455}::{"message":"Access token missing"}
2024-08-24 11:03:55::error::/v1/api/user/me::bd287076-193d-4c35-9922-f3571fee6f9e::403 - 0ms - Response: {"status":403,"now":1724472235799}::{"message":"Access token missing"}
2024-08-24 11:04:35::error::/v1/api/user/me::df60e4ff-4aa0-45c6-bd89-dba365773b39::403 - 0ms - Response: {"status":403,"now":1724472275291}::{"message":"Access token missing"}
2024-08-24 11:04:46::error::/v1/api/user/me::b9805b18-ae59-4947-b432-c55ed2efafb2::403 - 0ms - Response: {"status":403,"now":1724472286202}::{"message":"Access token missing"}
2024-08-24 11:05:17::error::/v1/api/auth/users/signUp::2da9f7e2-c0ea-4332-b707-d68df7186b4a::403 - 0ms - Response: {"status":403,"now":1724472317610}::{"message":"Error: User already registered"}
2024-08-24 11:06:13::error::/v1/api/user/me::7645f4dc-1f7a-4549-b84c-8eeb66040f28::403 - 1ms - Response: {"status":403,"now":1724472373811}::{"message":"Access token missing"}
2024-08-24 11:06:14::error::/v1/api/auth/users/signUp::84949719-4d1d-44ea-ad02-52d881d333c2::403 - 1ms - Response: {"status":403,"now":1724472374690}::{"message":"Lỗi: Tài khoản đã được đăng kí"}
2024-08-24 11:06:49::error::/v1/api/user/me::d87f16f9-b808-4089-ba14-f3e599aa446a::403 - 1ms - Response: {"status":403,"now":1724472409727}::{"message":"Access token missing"}
2024-08-24 11:07:01::error::/v1/api/user/me::fe2da727-54ad-4d8f-af4a-c1daae8d4d3d::403 - 1ms - Response: {"status":403,"now":1724472421899}::{"message":"Access token missing"}
2024-08-24 11:07:31::error::/v1/api/user/me::77706a43-ef00-4e15-8931-c970708f6797::403 - 0ms - Response: {"status":403,"now":1724472451069}::{"message":"Access token missing"}
2024-08-24 11:07:54::error::/v1/api/user/me::a78e82bc-9d3a-4a2c-b19b-548f76c1512f::403 - 0ms - Response: {"status":403,"now":1724472474961}::{"message":"Access token missing"}
2024-08-24 11:07:55::error::/v1/api/user/me::f3148464-dec0-4ec9-bc95-822327b3b777::403 - 0ms - Response: {"status":403,"now":1724472475984}::{"message":"Access token missing"}
2024-08-24 11:08:04::error::/v1/api/user/readUserProfile/66c95bcd4b91940e5134e7dd::b937a381-ee75-4d89-977c-b5a450ff8c19::404 - 0ms - Response: {"status":404,"now":1724472484115}::{"message":"User not found"}
2024-08-24 11:09:57::error::/v1/api/user/me::03be545f-2f6f-4e55-aa01-14c12ae2ecfa::403 - 0ms - Response: {"status":403,"now":1724472597195}::{"message":"Access token missing"}
2024-08-24 11:10:44::error::/v1/api/user/me::c3cde183-638d-4982-8638-4273a222ce51::403 - 0ms - Response: {"status":403,"now":1724472644589}::{"message":"Access token missing"}
2024-08-24 11:10:50::error::/v1/api/user/me::d821c933-b6a0-4e29-9a2f-d8b77fa4ad5c::403 - 0ms - Response: {"status":403,"now":1724472650430}::{"message":"Access token missing"}
2024-08-24 11:10:51::error::/v1/api/user/me::4368beb7-109a-4bf9-a3a7-dab210971446::403 - 0ms - Response: {"status":403,"now":1724472651442}::{"message":"Access token missing"}
2024-08-24 11:11:09::error::/v1/api/user/me::dd9f07bb-dd21-4109-9ea1-d6d109cb32ec::403 - 1ms - Response: {"status":403,"now":1724472669878}::{"message":"Access token missing"}
2024-08-24 11:11:51::error::/v1/api/user/me::94bd8049-a00f-4825-b348-9faae46d1630::403 - 0ms - Response: {"status":403,"now":1724472711021}::{"message":"Access token missing"}
2024-08-24 11:13:04::error::/v1/api/user/me::28c716ab-a9c2-4716-a878-398b7177a386::403 - 0ms - Response: {"status":403,"now":1724472784098}::{"message":"Access token missing"}
2024-08-24 11:13:09::error::/v1/api/user/me::8fb84f33-ad48-4480-ba6a-5c6111fdf500::403 - 0ms - Response: {"status":403,"now":1724472789007}::{"message":"Access token missing"}
2024-08-24 11:13:14::error::/v1/api/auth/users/login::4aba457a-fd1c-4969-9dea-335eb4198dd3::401 - 0ms - Response: {"status":401,"now":1724472794885}::{"message":"Tài khoản hoặc mật khẩu không chính xác"}
2024-08-24 11:13:17::error::/v1/api/auth/users/login::70fd81f7-98d2-4627-8adb-5179a2f56013::401 - 0ms - Response: {"status":401,"now":1724472797496}::{"message":"Tài khoản hoặc mật khẩu không chính xác"}
2024-08-24 11:13:30::error::/v1/api/user/me::882734cd-4615-4a0e-91af-bce1e765a70d::403 - 0ms - Response: {"status":403,"now":1724472810178}::{"message":"Access token missing"}
2024-08-24 11:14:52::error::/v1/api/user/me::d0fdb754-5d6b-4f2d-9e14-954d9ee8db83::403 - 0ms - Response: {"status":403,"now":1724472892612}::{"message":"Access token missing"}
2024-08-24 11:15:38::error::/v1/api/user/me::01589ffc-fea2-4f7d-9536-54abd80c172b::403 - 0ms - Response: {"status":403,"now":1724472938074}::{"message":"Access token missing"}
2024-08-24 11:33:25::error::/v1/api/commissionService/readBookmarkedServices/66c95d67792abe3d086d661e::d673bc7b-50f0-4f87-812d-42b272cda610::undefined - NaNms - Response: {}::{"message":"Service is not defined"}
2024-08-24 11:33:31::error::/v1/api/commissionService/readBookmarkedServices/66c95d67792abe3d086d661e::6ad2478e-853c-4e5a-a237-95310445b585::undefined - NaNms - Response: {}::{"message":"Service is not defined"}
2024-08-24 11:33:35::error::/v1/api/commissionService/readBookmarkedServices/66c95d67792abe3d086d661e::d367ee27-381b-48a2-bccd-e9628b81bb05::undefined - NaNms - Response: {}::{"message":"Service is not defined"}
2024-08-24 11:36:35::error::/v1/api/commissionService/readBookmarkedServices/66c95d67792abe3d086d661e::8e8dfcbb-2fef-40ec-9e83-b6a88afc215e::undefined - NaNms - Response: {}::{"message":"Service is not defined"}
2024-08-24 11:36:49::error::/v1/api/commissionService/readBookmarkedServices/66c95d67792abe3d086d661e::5c82f29a-f450-4965-84d7-b39df692d07e::undefined - NaNms - Response: {}::{"message":"Service is not defined"}
2024-08-24 11:37:43::error::/v1/api/commissionService/readBookmarkedServices/66c95d67792abe3d086d661e::a9df248c-d195-49e5-8a41-8c3ee4fbeb4b::undefined - NaNms - Response: {}::{"message":"Service is not defined"}
2024-08-24 11:37:49::error::/v1/api/commissionService/readBookmarkedServices/66c95d67792abe3d086d661e::1d50f423-ba26-4b28-bbba-01b0c38e8362::undefined - NaNms - Response: {}::{"message":"Service is not defined"}
2024-08-24 11:54:19::error::/v1/api/commissionService/readBookmarkedServices/66c95d67792abe3d086d661e::a7e91394-21e0-4c0d-a1d2-6c9f317c62cd::undefined - NaNms - Response: {}::{"message":"Service is not defined"}
2024-08-24 11:54:27::error::/v1/api/commissionService/readBookmarkedServices/66c95d67792abe3d086d661e::2c66663a-f3b6-4699-8faf-44314955bb14::undefined - NaNms - Response: {}::{"message":"Service is not defined"}
2024-08-24 11:54:45::error::/v1/api/commissionService/readBookmarkedServices/66c95d67792abe3d086d661e::a5e8a5e2-3698-423a-bb7f-9ed98636a672::undefined - NaNms - Response: {}::{"message":"Service is not defined"}
2024-08-24 11:56:30::error::/v1/api/commissionService/readBookmarkedServices/66c95d67792abe3d086d661e::b390d071-9b94-4abd-981d-9646d41b0980::undefined - NaNms - Response: {}::{"message":"Service is not defined"}
2024-08-24 11:56:42::error::/v1/api/commissionService/readBookmarkedServices/66c95d67792abe3d086d661e::e17a1fcd-2c8f-4659-aa47-260d6447afdf::undefined - NaNms - Response: {}::{"message":"Service is not defined"}
2024-08-24 11:57:03::error::/v1/api/commissionService/readBookmarkedServices/66c95d67792abe3d086d661e::1d19772b-d64b-431a-800c-105809a3e55c::undefined - NaNms - Response: {}::{"message":"Service is not defined"}
2024-08-24 12:00:21::error::/v1/api/commissionService/readBookmarkedServices/66c95d67792abe3d086d661e::0bfd3de0-ec2c-46dc-9be3-5fd6b47ed1bd::undefined - NaNms - Response: {}::{"message":"Service is not defined"}
2024-08-24 12:00:43::error::/v1/api/commissionService/readBookmarkedServices/66c95d67792abe3d086d661e::2f2229c2-11e5-41a8-9faf-64c66fce231f::undefined - NaNms - Response: {}::{"message":"Service is not defined"}
2024-08-24 12:00:48::error::/v1/api/commissionService/readBookmarkedServices/66c95d67792abe3d086d661e::7d485f50-bb64-4997-a7a6-d33d330ae5f3::undefined - NaNms - Response: {}::{"message":"Service is not defined"}
2024-08-24 12:00:58::error::/v1/api/commissionService/readBookmarkedServices/66c95d67792abe3d086d661e::1f24a0ae-7522-40d4-b5a8-109b27a6f1ef::undefined - NaNms - Response: {}::{"message":"Service is not defined"}
2024-08-24 12:01:24::error::/v1/api/commissionService/readBookmarkedServices/66c95d67792abe3d086d661e::0be723f3-a99c-4bc0-aabc-46becb406536::undefined - NaNms - Response: {}::{"message":"Service is not defined"}
2024-08-24 12:01:35::error::/v1/api/commissionService/readBookmarkedServices/66c95d67792abe3d086d661e::ace93f28-7b85-453d-82d1-7d1af9a00f7b::undefined - NaNms - Response: {}::{"message":"Service is not defined"}
2024-08-24 12:01:36::error::/v1/api/commissionService/readBookmarkedServices/66c95d67792abe3d086d661e::6b6400c4-853f-4777-807d-f987d3c63633::undefined - NaNms - Response: {}::{"message":"Service is not defined"}
2024-08-24 12:01:41::error::/v1/api/commissionService/readBookmarkedServices/66c95d67792abe3d086d661e::5b4c6523-073c-4d26-bc2d-1f5700959132::undefined - NaNms - Response: {}::{"message":"Service is not defined"}
2024-08-24 12:01:43::error::/v1/api/commissionService/readBookmarkedServices/66c95d67792abe3d086d661e::aa31acfa-16d7-4e1e-a4ef-498cba1faef5::undefined - NaNms - Response: {}::{"message":"Service is not defined"}
2024-08-24 12:01:50::error::/v1/api/commissionService/readBookmarkedServices/66c95d67792abe3d086d661e::f418ac32-4697-427c-bc59-49088f749ee3::undefined - NaNms - Response: {}::{"message":"Service is not defined"}
2024-08-24 12:01:53::error::/v1/api/commissionService/readBookmarkedServices/66c95d67792abe3d086d661e::7a4be13a-80cd-4668-b24c-a6b930491bd8::undefined - NaNms - Response: {}::{"message":"Service is not defined"}
2024-08-24 12:02:04::error::/v1/api/commissionService/readBookmarkedServices/66c95d67792abe3d086d661e::6e6b8ebd-eab6-4e41-8f15-4f58651028ab::undefined - NaNms - Response: {}::{"message":"Service is not defined"}
2024-08-24 12:02:05::error::/v1/api/commissionService/readBookmarkedServices/66c95d67792abe3d086d661e::16d1315d-cac4-44b3-af91-4316be9ec367::undefined - NaNms - Response: {}::{"message":"Service is not defined"}
2024-08-24 12:02:15::error::/v1/api/commissionService/readBookmarkedServices/66c95d67792abe3d086d661e::91d6ee70-596b-4491-8d28-18473e9bf595::undefined - NaNms - Response: {}::{"message":"Service is not defined"}
2024-08-24 12:02:38::error::/v1/api/commissionService/readBookmarkedServices/66c95d67792abe3d086d661e::4f5d0fd1-aeae-4249-9727-5e69d3fc357f::undefined - NaNms - Response: {}::{"message":"Service is not defined"}
2024-08-24 12:02:42::error::/v1/api/commissionService/readBookmarkedServices/66c95d67792abe3d086d661e::47e79228-38be-4931-a7f1-2a987b7e7ca8::undefined - NaNms - Response: {}::{"message":"Service is not defined"}
2024-08-24 12:02:46::error::/v1/api/commissionService/readBookmarkedServices/66c95d67792abe3d086d661e::763c5bcb-b599-4114-a126-5f894d5fff8e::undefined - NaNms - Response: {}::{"message":"Service is not defined"}
2024-08-24 12:02:48::error::/v1/api/commissionService/readBookmarkedServices/66c95d67792abe3d086d661e::34c5d6d3-24a7-4b06-9201-ce82dc8c998c::undefined - NaNms - Response: {}::{"message":"Service is not defined"}
2024-08-24 12:03:08::error::/v1/api/commissionService/readBookmarkedServices/66c95d67792abe3d086d661e::542edc07-aa02-4856-b678-803fcdad9b87::undefined - NaNms - Response: {}::{"message":"Service is not defined"}
2024-08-24 12:04:13::error::/v1/api/commissionService/readBookmarkedServices/66c95d67792abe3d086d661e::f73e5833-fe3b-47a6-b072-2a63781e2a58::undefined - NaNms - Response: {}::{"message":"Service is not defined"}
2024-08-24 12:04:14::error::/v1/api/commissionService/readBookmarkedServices/66c95d67792abe3d086d661e::a272cc80-409c-41b3-b2ef-bcffdc4ebfdc::undefined - NaNms - Response: {}::{"message":"Service is not defined"}
2024-08-24 12:04:23::error::/v1/api/commissionService/readBookmarkedServices/66c95d67792abe3d086d661e::f8a560e9-0d49-4744-9214-fa8f0ea466b8::undefined - NaNms - Response: {}::{"message":"Service is not defined"}
2024-08-24 12:04:39::error::/v1/api/commissionService/readBookmarkedServices/66c95d67792abe3d086d661e::d58871ac-7418-4c00-b315-ecc095717af1::undefined - NaNms - Response: {}::{"message":"Service is not defined"}
2024-08-24 12:04:41::error::/v1/api/commissionService/readBookmarkedServices/66c95d67792abe3d086d661e::7564df16-c74d-482b-b17c-e4bdf03a0f1e::undefined - NaNms - Response: {}::{"message":"Service is not defined"}
2024-08-24 12:04:43::error::/v1/api/commissionService/readBookmarkedServices/66c95d67792abe3d086d661e::84e1008f-7796-4eaa-b7ca-967ba0b5ae45::undefined - NaNms - Response: {}::{"message":"Service is not defined"}
2024-08-24 12:10:47::error::/v1/api/talentRequest/readTalentRequest::13b23840-fe41-4c70-a7a1-56ed17bac4c4::404 - NaNms - Response: {"status":404}::{"message":"Not Found"}
2024-08-24 12:11:30::error::/v1/api/talentRequest/readTalentRequest::af1b5693-5dc5-4bc6-ad18-cfc7c5b28b81::404 - NaNms - Response: {"status":404}::{"message":"Not Found"}
2024-08-24 12:12:10::error::/v1/api/talentRequest/readTalentRequest::5f416305-815a-4284-b955-f6279f36ee8e::404 - NaNms - Response: {"status":404}::{"message":"Not Found"}
2024-08-24 12:12:15::error::/v1/api/talentRequest/readTalentRequest::0d4ddb8a-7245-4166-8f79-c841a1ad7abe::404 - NaNms - Response: {"status":404}::{"message":"Not Found"}
2024-08-24 12:12:44::error::/v1/api/talentRequest/readTalentRequest::cb05ae36-0033-4982-b90a-851adea24bd9::404 - NaNms - Response: {"status":404}::{"message":"Not Found"}
2024-08-24 12:13:10::error::/v1/api/talentRequest/readTalentRequest::a392e173-f004-45eb-866c-027046410d37::404 - NaNms - Response: {"status":404}::{"message":"Not Found"}
2024-08-24 12:13:53::error::/v1/api/talentRequest/readTalentRequest::55337b97-5015-47da-a626-d0dd4a9d79c0::404 - NaNms - Response: {"status":404}::{"message":"Not Found"}
2024-08-24 12:14:43::error::/v1/api/talentRequest/readTalentRequest::815d465e-c82c-4a8d-b931-9a1ea74b28b8::404 - NaNms - Response: {"status":404}::{"message":"Not Found"}
2024-08-24 12:14:49::error::/v1/api/talentRequest/readTalentRequest::0917eb65-07d7-44da-bc12-83ff9a7b4922::404 - NaNms - Response: {"status":404}::{"message":"Not Found"}
2024-08-24 12:15:33::error::/v1/api/talentRequest/readTalentRequest::0320d1ef-342f-4748-80f6-9e1ccfeac330::404 - NaNms - Response: {"status":404}::{"message":"Not Found"}
2024-08-24 12:15:48::error::/v1/api/talentRequest/readTalentRequest::41d26edb-6cd0-4a78-a7be-873e3a25a8a7::404 - NaNms - Response: {"status":404}::{"message":"Not Found"}
2024-08-24 12:15:57::error::/v1/api/talentRequest/readTalentRequest::f4f27c0a-a61f-4170-8e77-8114604b42a1::404 - NaNms - Response: {"status":404}::{"message":"Not Found"}
2024-08-24 12:16:00::error::/v1/api/talentRequest/readTalentRequest::2d536698-089b-4251-aa2f-d2eca6cfd2bc::404 - NaNms - Response: {"status":404}::{"message":"Not Found"}
2024-08-24 12:16:02::error::/v1/api/talentRequest/readTalentRequest::ef91a3bc-d279-4323-9ae2-6443c3a5b58e::404 - NaNms - Response: {"status":404}::{"message":"Not Found"}
2024-08-24 12:17:04::error::/v1/api/talentRequest/readTalentRequest::b0e35e84-425b-4cf5-93f0-7c47a844dd04::404 - NaNms - Response: {"status":404}::{"message":"Not Found"}
2024-08-24 12:17:05::error::/v1/api/talentRequest/readTalentRequest::821ddb27-478c-436b-96cf-4e16563109f7::404 - NaNms - Response: {"status":404}::{"message":"Not Found"}
2024-08-24 12:17:10::error::/v1/api/talentRequest/readTalentRequest::080e9189-a276-4035-8af2-7b0592a6e836::404 - NaNms - Response: {"status":404}::{"message":"Not Found"}
2024-08-24 12:17:44::error::/v1/api/talentRequest/readTalentRequest::0a73f287-2f4f-4c56-95ad-0dccfcff887a::404 - NaNms - Response: {"status":404}::{"message":"Not Found"}
2024-08-24 12:17:57::error::/v1/api/talentRequest/readTalentRequest::08995c1c-3d8d-49a6-a253-817c0eef6094::404 - NaNms - Response: {"status":404}::{"message":"Not Found"}
2024-08-24 12:18:03::error::/v1/api/talentRequest/readTalentRequest::05f7c348-15fe-48c7-af7f-7e6c144ba858::404 - NaNms - Response: {"status":404}::{"message":"Not Found"}
2024-08-24 12:18:04::error::/v1/api/talentRequest/readTalentRequest::85005ad7-6ed8-4dc9-840f-dd0fe467a96a::404 - NaNms - Response: {"status":404}::{"message":"Not Found"}
2024-08-24 12:18:11::error::/v1/api/talentRequest/readTalentRequest::2cf6ace1-264e-471c-8daa-0a77746800f5::404 - NaNms - Response: {"status":404}::{"message":"Not Found"}
2024-08-24 12:18:13::error::/v1/api/talentRequest/readTalentRequest::6681d35f-9aa6-458a-8b6c-d8d7df9f53fa::404 - NaNms - Response: {"status":404}::{"message":"Not Found"}
2024-08-24 12:18:35::error::/v1/api/talentRequest/readTalentRequest::4892b2b4-aa1a-49ae-8097-cd832877248f::404 - NaNms - Response: {"status":404}::{"message":"Not Found"}
2024-08-24 12:18:36::error::/v1/api/talentRequest/readTalentRequest::5f8335aa-f694-413c-b050-0237fa526518::404 - NaNms - Response: {"status":404}::{"message":"Not Found"}
2024-08-24 12:18:41::error::/v1/api/talentRequest/readTalentRequest::31941d50-4e6d-41d4-ba83-4b9b1c593300::404 - NaNms - Response: {"status":404}::{"message":"Not Found"}
2024-08-24 12:18:47::error::/v1/api/talentRequest/readTalentRequest::e9bd0031-24fa-4630-b6c6-2cf2ac1a94a2::404 - NaNms - Response: {"status":404}::{"message":"Not Found"}
2024-08-24 12:18:55::error::/v1/api/talentRequest/readTalentRequest::45a04f49-76e8-4c99-aef2-b4185427feb0::404 - NaNms - Response: {"status":404}::{"message":"Not Found"}
2024-08-24 12:19:02::error::/v1/api/talentRequest/readTalentRequest::5b4fcb16-4e1d-4fb0-9103-15faf34e9fd3::404 - NaNms - Response: {"status":404}::{"message":"Not Found"}
2024-08-24 12:19:54::error::/v1/api/talentRequest/readTalentRequest::823a56b8-ecc3-4436-a130-d54eda651f65::404 - NaNms - Response: {"status":404}::{"message":"Not Found"}
2024-08-24 12:19:54::error::/v1/api/talentRequest/readTalentRequest::733b978f-8f02-4a3d-a954-bfb193624b64::404 - NaNms - Response: {"status":404}::{"message":"Not Found"}
2024-08-24 12:20:02::error::/v1/api/talentRequest/readTalentRequest::f2b76c05-4a0c-40b4-aad4-cde080535eb9::404 - NaNms - Response: {"status":404}::{"message":"Not Found"}
2024-08-24 12:20:03::error::/v1/api/talentRequest/readTalentRequest::cdccc0f1-ec09-4c73-860d-14505b4dd979::404 - NaNms - Response: {"status":404}::{"message":"Not Found"}
2024-08-24 12:20:53::error::/v1/api/talentRequest/readTalentRequest::5289a96d-bbd2-449a-b637-a6c6c2f0a1ed::404 - NaNms - Response: {"status":404}::{"message":"Not Found"}
2024-08-24 12:20:54::error::/v1/api/talentRequest/readTalentRequest::e90326e6-c6a6-4073-ba20-a22d613c6069::404 - NaNms - Response: {"status":404}::{"message":"Not Found"}
2024-08-24 12:21:21::error::/v1/api/talentRequest/readTalentRequest::bb48d62d-8d57-4445-b0d2-14c628073261::404 - NaNms - Response: {"status":404}::{"message":"Not Found"}
2024-08-24 12:21:24::error::/v1/api/talentRequest/readTalentRequest::15b9db93-4b6c-4ff8-9ae7-c91c470f7d8d::404 - NaNms - Response: {"status":404}::{"message":"Not Found"}
2024-08-24 12:21:34::error::/v1/api/talentRequest/readTalentRequest::1d5370c4-6671-42fe-a89a-3224c81ff857::404 - NaNms - Response: {"status":404}::{"message":"Not Found"}
2024-08-24 12:21:59::error::/v1/api/talentRequest/readTalentRequest::9035e825-2db0-44fb-b37b-b443d0591fbc::404 - NaNms - Response: {"status":404}::{"message":"Not Found"}
2024-08-24 12:22:00::error::/v1/api/talentRequest/readTalentRequest::14b66380-6d92-4c9e-9504-d80111c2b81d::404 - NaNms - Response: {"status":404}::{"message":"Not Found"}
2024-08-24 12:22:14::error::/v1/api/talentRequest/readTalentRequest::633899d3-9ccc-49e2-9e9b-9e8bef0ac202::404 - NaNms - Response: {"status":404}::{"message":"Not Found"}
2024-08-24 12:22:18::error::/v1/api/talentRequest/readTalentRequest::0c8f5b16-01d0-4120-a84a-c80aa11c6b57::404 - NaNms - Response: {"status":404}::{"message":"Not Found"}
2024-08-24 12:23:03::error::/v1/api/talentRequest/readTalentRequest::b551a233-8d03-4dd3-884e-69fa47c7f3cd::404 - NaNms - Response: {"status":404}::{"message":"Not Found"}
2024-08-24 12:23:12::error::/v1/api/talentRequest/readTalentRequest::dea7e108-3f48-4a7b-bd44-a82c8a441757::404 - NaNms - Response: {"status":404}::{"message":"Not Found"}
2024-08-24 12:23:23::error::/v1/api/talentRequest/readTalentRequest::69ae8a1d-525f-4e2c-b172-b74bf15a2bb6::404 - NaNms - Response: {"status":404}::{"message":"Not Found"}
2024-08-24 12:23:25::error::/v1/api/talentRequest/readTalentRequest::ea7346da-1068-4f73-94f6-dc5e7bc79ac2::404 - NaNms - Response: {"status":404}::{"message":"Not Found"}
2024-08-24 12:23:41::error::/v1/api/talentRequest/readTalentRequest::a5f3efde-8f28-4bc7-ac78-1442fbbe0e13::404 - NaNms - Response: {"status":404}::{"message":"Not Found"}
2024-08-24 12:24:05::error::/v1/api/talentRequest/readTalentRequest::056dea94-3b72-47ee-85bc-143c29abe473::404 - NaNms - Response: {"status":404}::{"message":"Not Found"}
2024-08-24 12:24:25::error::/v1/api/talentRequest/readTalentRequest::dcf8ff6b-3778-4658-be16-1a659a77f4d7::404 - NaNms - Response: {"status":404}::{"message":"Not Found"}
2024-08-24 12:24:28::error::/v1/api/talentRequest/readTalentRequest::48ea3b88-004d-4df5-a024-49280d3815a0::404 - NaNms - Response: {"status":404}::{"message":"Not Found"}
2024-08-24 12:25:17::error::/v1/api/talentRequest/readTalentRequest::38423198-19df-4bbd-9b94-40b7dff3b68b::404 - NaNms - Response: {"status":404}::{"message":"Not Found"}
2024-08-24 12:25:40::error::/v1/api/talentRequest/readTalentRequest::3d7d9cf4-b1d2-4b56-9795-f3f4edd4ae44::404 - NaNms - Response: {"status":404}::{"message":"Not Found"}
2024-08-24 12:25:41::error::/v1/api/talentRequest/readTalentRequest::d330d38b-08ef-455a-af9b-75d96525bfb9::404 - NaNms - Response: {"status":404}::{"message":"Not Found"}
2024-08-24 12:26:41::error::/v1/api/talentRequest/readTalentRequest::f04b30c4-8619-492f-a1c4-a7de47a2f35d::404 - NaNms - Response: {"status":404}::{"message":"Not Found"}
2024-08-24 12:26:42::error::/v1/api/talentRequest/readTalentRequest::1e2e93dc-10af-4b6e-8113-d1f84308cf38::404 - NaNms - Response: {"status":404}::{"message":"Not Found"}
2024-08-24 12:26:44::error::/v1/api/talentRequest/readTalentRequest::831a1790-431a-4aac-9f16-293d6b4a7080::404 - NaNms - Response: {"status":404}::{"message":"Not Found"}
2024-08-24 12:26:46::error::/v1/api/talentRequest/readTalentRequest::88b2721a-5904-4de2-bd53-f0bcf0d4595e::404 - NaNms - Response: {"status":404}::{"message":"Not Found"}
2024-08-24 12:26:47::error::/v1/api/talentRequest/readTalentRequest::67369b88-d194-45d6-8eea-a84b7efb853f::404 - NaNms - Response: {"status":404}::{"message":"Not Found"}
2024-08-24 12:27:18::error::/v1/api/talentRequest/readTalentRequest::e4f39807-bef5-4e55-9086-b05d5bd0e912::404 - NaNms - Response: {"status":404}::{"message":"Not Found"}
2024-08-24 12:27:30::error::/v1/api/talentRequest/readTalentRequest::3ce4a681-956a-4127-a413-680a919c5e18::404 - NaNms - Response: {"status":404}::{"message":"Not Found"}
2024-08-24 12:27:31::error::/v1/api/talentRequest/readTalentRequest::dd52587f-17a3-4fe1-a24a-9759486bc67a::404 - NaNms - Response: {"status":404}::{"message":"Not Found"}
2024-08-24 12:27:33::error::/v1/api/talentRequest/readTalentRequest::4021ad3c-d0ef-4d83-a79d-0aa51ffb9392::404 - NaNms - Response: {"status":404}::{"message":"Not Found"}
2024-08-24 12:27:34::error::/v1/api/talentRequest/readTalentRequest::08d903a0-c163-4a65-85c8-f2adfe88e099::404 - NaNms - Response: {"status":404}::{"message":"Not Found"}
2024-08-24 12:28:02::error::/v1/api/talentRequest/readTalentRequest::7b8bcb2b-9a07-44ec-87d0-0fbb53fd5421::404 - NaNms - Response: {"status":404}::{"message":"Not Found"}
2024-08-24 12:28:09::error::/v1/api/talentRequest/readTalentRequest::2172ddef-b608-466d-b6b3-0961d3dcc305::404 - NaNms - Response: {"status":404}::{"message":"Not Found"}
2024-08-24 12:28:24::error::/v1/api/talentRequest/readTalentRequest::e08fc76f-abb5-413a-8a72-1bfa7e584ac3::404 - NaNms - Response: {"status":404}::{"message":"Not Found"}
2024-08-24 12:28:30::error::/v1/api/talentRequest/readTalentRequest::364805a4-c15b-4978-aff3-3f5be3c2556f::404 - NaNms - Response: {"status":404}::{"message":"Not Found"}
2024-08-24 12:32:48::error::/v1/api/talentRequest/readTalentRequest::d672ae38-86fa-4e96-8f4e-f69511a05c71::401 - 0ms - Response: {"status":401,"now":1724477568356}::{"message":"You do not have enough permission"}
2024-08-24 12:32:49::error::/v1/api/talentRequest/readTalentRequest::91e3401d-d59f-4ef3-b95c-a8ebdddb6b9b::401 - 0ms - Response: {"status":401,"now":1724477569394}::{"message":"You do not have enough permission"}
2024-08-24 12:32:51::error::/v1/api/talentRequest/readTalentRequest::4348a428-b640-475d-a419-85eb4284f5c0::401 - 0ms - Response: {"status":401,"now":1724477571900}::{"message":"You do not have enough permission"}
2024-08-24 12:32:58::error::/v1/api/talentRequest/readTalentRequest::b1d9e785-c85a-4c9f-a7c2-f16efae46205::401 - 0ms - Response: {"status":401,"now":1724477578905}::{"message":"You do not have enough permission"}
2024-08-24 12:33:00::error::/v1/api/talentRequest/readTalentRequest::d7e0a1b6-f1e5-4b55-8d02-89e896f4f0ff::401 - 0ms - Response: {"status":401,"now":1724477580463}::{"message":"You do not have enough permission"}
2024-08-24 12:33:00::error::/v1/api/talentRequest/readTalentRequest::0737a9eb-a26b-4524-917c-db94a39f24a2::401 - 0ms - Response: {"status":401,"now":1724477580991}::{"message":"You do not have enough permission"}
2024-08-24 12:33:01::error::/v1/api/talentRequest/readTalentRequest::5b60b626-7863-4722-b32f-562739530133::401 - 0ms - Response: {"status":401,"now":1724477581782}::{"message":"You do not have enough permission"}
2024-08-24 12:33:39::error::/v1/api/talentRequest/readTalentRequest::840c34b0-2395-493a-aac6-756db25051c2::401 - 1ms - Response: {"status":401,"now":1724477619964}::{"message":"You do not have enough permission"}
2024-08-24 12:33:46::error::/v1/api/talentRequest/readTalentRequest::2d629ac6-43d8-42fc-bc2c-31fc894135d9::401 - 1ms - Response: {"status":401,"now":1724477626107}::{"message":"You do not have enough permission"}
2024-08-24 12:33:47::error::/v1/api/talentRequest/readTalentRequest::cf996c4e-0a50-4050-ab78-cb98ac3b8fe4::401 - 1ms - Response: {"status":401,"now":1724477627386}::{"message":"You do not have enough permission"}
2024-08-24 12:35:09::error::/v1/api/talentRequest/readTalentRequest::79659522-afa7-4ace-a300-050750025626::404 - NaNms - Response: {"status":404}::{"message":"Not Found"}
2024-08-24 12:36:53::error::/v1/api/user/readUserProfile/665edd23fa87b27398b73d10::65268168-ac96-4bb1-b14b-a2378111349a::404 - 0ms - Response: {"status":404,"now":1724477813780}::{"message":"User not found"}
2024-08-24 12:37:01::error::/v1/api/user/readUserProfile/665edd23fa87b27398b73d10::9d9a3020-c9c5-4d19-be9d-a1030bc77d82::404 - 1ms - Response: {"status":404,"now":1724477821043}::{"message":"User not found"}
2024-08-24 12:37:03::error::/v1/api/user/readUserProfile/665edd23fa87b27398b73d10::808cf5cb-067c-42e6-a9bb-ec534c4d91bd::404 - 0ms - Response: {"status":404,"now":1724477823227}::{"message":"User not found"}
2024-08-24 12:37:20::error::/v1/api/user/me::5a770d46-3048-4692-ace3-a5686fd0a154::403 - 0ms - Response: {"status":403,"now":1724477840097}::{"message":"Access token missing"}
2024-08-24 12:40:06::error::/v1/api/talentRequest/readMyTalentRequest::41e177e3-991e-490b-aa66-91145eb72470::404 - 0ms - Response: {"status":404,"now":1724478006786}::{"message":"Talent request not found"}
2024-08-24 12:40:10::error::/v1/api/talentRequest/readMyTalentRequest::55cc3163-3cdc-4aa1-a3a5-e334b06d7ee8::404 - 0ms - Response: {"status":404,"now":1724478010119}::{"message":"Talent request not found"}
2024-08-24 12:40:16::error::/v1/api/talentRequest/readMyTalentRequest::ec0cd72a-c0a1-4543-9022-507941ad51f4::404 - 0ms - Response: {"status":404,"now":1724478016925}::{"message":"Talent request not found"}
2024-08-24 12:40:21::error::/v1/api/talentRequest/readMyTalentRequest::bd5ddb16-e948-42c5-9338-7af66a0f2689::404 - 0ms - Response: {"status":404,"now":1724478021337}::{"message":"Talent request not found"}
2024-08-24 12:40:40::error::/v1/api/talentRequest/denyTalentRequest/66c972513035c2d36bffe0e6::eb340ee0-a2ae-453e-adde-0b7467c50016::403 - 1ms - Response: {"status":403,"now":1724478040673}::{"message":"Please provide a reason for denying the request"}
2024-08-24 12:40:41::error::/v1/api/talentRequest/denyTalentRequest/66c972513035c2d36bffe0e6::ff81b066-e2fa-44cf-8581-f0bcfb0562d2::403 - 0ms - Response: {"status":403,"now":1724478041247}::{"message":"Please provide a reason for denying the request"}
2024-08-24 12:40:41::error::/v1/api/talentRequest/denyTalentRequest/66c972513035c2d36bffe0e6::5641bbeb-2114-4791-8368-b53a6f9d5a63::403 - 0ms - Response: {"status":403,"now":1724478041904}::{"message":"Please provide a reason for denying the request"}
2024-08-24 15:13:34::error::/v1/api/talentRequest/upgradeRoleToTalent/undefined1::86e90e91-6be6-439f-9f1c-a8cbec6357db::undefined - NaNms - Response: {"stringValue":"\"undefined1\"","valueType":"string","kind":"ObjectId","value":"undefined1","path":"_id","reason":{},"name":"CastError","message":"Cast to ObjectId failed for value \"undefined1\" (type string) at path \"_id\" for model \"TalentRequest\""}::{"message":"Cast to ObjectId failed for value \"undefined1\" (type string) at path \"_id\" for model \"TalentRequest\""}
2024-08-24 15:14:05::error::/v1/api/talentRequest/upgradeRoleToTalent/undefined1::b9afb8a8-3e59-439c-95ee-dbd494f354e7::undefined - NaNms - Response: {"stringValue":"\"undefined1\"","valueType":"string","kind":"ObjectId","value":"undefined1","path":"_id","reason":{},"name":"CastError","message":"Cast to ObjectId failed for value \"undefined1\" (type string) at path \"_id\" for model \"TalentRequest\""}::{"message":"Cast to ObjectId failed for value \"undefined1\" (type string) at path \"_id\" for model \"TalentRequest\""}
2024-08-24 15:15:01::error::/v1/api/talentRequest/upgradeRoleToTalent/66c972513035c2d36bffe0e61::76d166de-a09e-48ab-aa69-998ca69bca61::undefined - NaNms - Response: {"stringValue":"\"66c972513035c2d36bffe0e61\"","valueType":"string","kind":"ObjectId","value":"66c972513035c2d36bffe0e61","path":"_id","reason":{},"name":"CastError","message":"Cast to ObjectId failed for value \"66c972513035c2d36bffe0e61\" (type string) at path \"_id\" for model \"TalentRequest\""}::{"message":"Cast to ObjectId failed for value \"66c972513035c2d36bffe0e61\" (type string) at path \"_id\" for model \"TalentRequest\""}
2024-08-24 15:16:50::error::/v1/api/talentRequest/upgradeRoleToTalent/66c972513035c2d36bffe0e61::0d74bd0e-fffb-4afd-9d15-f3451ae7983c::undefined - NaNms - Response: {"stringValue":"\"66c972513035c2d36bffe0e61\"","valueType":"string","kind":"ObjectId","value":"66c972513035c2d36bffe0e61","path":"_id","reason":{},"name":"CastError","message":"Cast to ObjectId failed for value \"66c972513035c2d36bffe0e61\" (type string) at path \"_id\" for model \"TalentRequest\""}::{"message":"Cast to ObjectId failed for value \"66c972513035c2d36bffe0e61\" (type string) at path \"_id\" for model \"TalentRequest\""}
2024-08-24 15:36:12::error::/v1/api/talentRequest/upgradeRoleToTalent/66c972513035c2d36bffe0e61::d0674a80-4b93-4acb-b84a-d8d9d4e3a9fb::undefined - NaNms - Response: {"stringValue":"\"66c972513035c2d36bffe0e61\"","valueType":"string","kind":"ObjectId","value":"66c972513035c2d36bffe0e61","path":"_id","reason":{},"name":"CastError","message":"Cast to ObjectId failed for value \"66c972513035c2d36bffe0e61\" (type string) at path \"_id\" for model \"TalentRequest\""}::{"message":"Cast to ObjectId failed for value \"66c972513035c2d36bffe0e61\" (type string) at path \"_id\" for model \"TalentRequest\""}
2024-08-24 15:42:46::error::/v1/api/talentRequest/upgradeRoleToTalent/66c972513035c2d36bffe0e61::0c43c59a-1c55-4cc5-905e-e18beeefb65a::undefined - NaNms - Response: {"stringValue":"\"66c972513035c2d36bffe0e61\"","valueType":"string","kind":"ObjectId","value":"66c972513035c2d36bffe0e61","path":"_id","reason":{},"name":"CastError","message":"Cast to ObjectId failed for value \"66c972513035c2d36bffe0e61\" (type string) at path \"_id\" for model \"TalentRequest\""}::{"message":"Cast to ObjectId failed for value \"66c972513035c2d36bffe0e61\" (type string) at path \"_id\" for model \"TalentRequest\""}
2024-08-24 15:42:48::error::/v1/api/talentRequest/upgradeRoleToTalent/66c972513035c2d36bffe0e61::e99f0551-0c31-4e05-9e86-b0a772fc6e12::undefined - NaNms - Response: {"stringValue":"\"66c972513035c2d36bffe0e61\"","valueType":"string","kind":"ObjectId","value":"66c972513035c2d36bffe0e61","path":"_id","reason":{},"name":"CastError","message":"Cast to ObjectId failed for value \"66c972513035c2d36bffe0e61\" (type string) at path \"_id\" for model \"TalentRequest\""}::{"message":"Cast to ObjectId failed for value \"66c972513035c2d36bffe0e61\" (type string) at path \"_id\" for model \"TalentRequest\""}
2024-08-24 15:44:23::error::/v1/api/talentRequest/upgradeRoleToTalent/66c972513035c2d36bffe0e61::d3a26df2-73f1-415d-a050-f7dd1e38c6ca::undefined - NaNms - Response: {"stringValue":"\"66c972513035c2d36bffe0e61\"","valueType":"string","kind":"ObjectId","value":"66c972513035c2d36bffe0e61","path":"_id","reason":{},"name":"CastError","message":"Cast to ObjectId failed for value \"66c972513035c2d36bffe0e61\" (type string) at path \"_id\" for model \"TalentRequest\""}::{"message":"Cast to ObjectId failed for value \"66c972513035c2d36bffe0e61\" (type string) at path \"_id\" for model \"TalentRequest\""}
2024-08-24 15:44:28::error::/v1/api/talentRequest/upgradeRoleToTalent/66c972513035c2d36bffe0e61::64b8a31a-698b-447e-8b3d-39c4881f4ebb::undefined - NaNms - Response: {"stringValue":"\"66c972513035c2d36bffe0e61\"","valueType":"string","kind":"ObjectId","value":"66c972513035c2d36bffe0e61","path":"_id","reason":{},"name":"CastError","message":"Cast to ObjectId failed for value \"66c972513035c2d36bffe0e61\" (type string) at path \"_id\" for model \"TalentRequest\""}::{"message":"Cast to ObjectId failed for value \"66c972513035c2d36bffe0e61\" (type string) at path \"_id\" for model \"TalentRequest\""}
2024-08-24 15:44:40::error::/v1/api/talentRequest/upgradeRoleToTalent/66c972513035c2d36bffe0e61::061a6955-65e5-4e96-ba7e-30051664ce7c::undefined - NaNms - Response: {"stringValue":"\"66c972513035c2d36bffe0e61\"","valueType":"string","kind":"ObjectId","value":"66c972513035c2d36bffe0e61","path":"_id","reason":{},"name":"CastError","message":"Cast to ObjectId failed for value \"66c972513035c2d36bffe0e61\" (type string) at path \"_id\" for model \"TalentRequest\""}::{"message":"Cast to ObjectId failed for value \"66c972513035c2d36bffe0e61\" (type string) at path \"_id\" for model \"TalentRequest\""}
2024-08-24 15:44:46::error::/v1/api/talentRequest/upgradeRoleToTalent/66c972513035c2d36bffe0e61::6ffa6773-636d-4be4-baf6-a20952ac20e8::undefined - NaNms - Response: {"stringValue":"\"66c972513035c2d36bffe0e61\"","valueType":"string","kind":"ObjectId","value":"66c972513035c2d36bffe0e61","path":"_id","reason":{},"name":"CastError","message":"Cast to ObjectId failed for value \"66c972513035c2d36bffe0e61\" (type string) at path \"_id\" for model \"TalentRequest\""}::{"message":"Cast to ObjectId failed for value \"66c972513035c2d36bffe0e61\" (type string) at path \"_id\" for model \"TalentRequest\""}
2024-08-24 15:44:58::error::/v1/api/talentRequest/upgradeRoleToTalent/66c972513035c2d36bffe0e61::10bc0546-c978-4ed7-b069-4ddec74ebfaa::undefined - NaNms - Response: {"stringValue":"\"66c972513035c2d36bffe0e61\"","valueType":"string","kind":"ObjectId","value":"66c972513035c2d36bffe0e61","path":"_id","reason":{},"name":"CastError","message":"Cast to ObjectId failed for value \"66c972513035c2d36bffe0e61\" (type string) at path \"_id\" for model \"TalentRequest\""}::{"message":"Cast to ObjectId failed for value \"66c972513035c2d36bffe0e61\" (type string) at path \"_id\" for model \"TalentRequest\""}
2024-08-24 15:46:05::error::/v1/api/talentRequest/upgradeRoleToTalent/66c972513035c2d36bffe0e6::3b246fba-e674-4a8e-9eae-090cc3937976::403 - 0ms - Response: {"status":403,"now":1724489165315}::{"message":"Request already approved"}
2024-08-24 16:18:43::error::/v1/api/commissionService/readCommissionService/undefined::5bb80278-7f3a-42bc-bc74-09ac1158667c::undefined - NaNms - Response: {"stringValue":"\"undefined\"","valueType":"string","kind":"ObjectId","value":"undefined","path":"_id","reason":{},"name":"CastError","message":"Cast to ObjectId failed for value \"undefined\" (type string) at path \"_id\" for model \"CommissionService\""}::{"message":"Cast to ObjectId failed for value \"undefined\" (type string) at path \"_id\" for model \"CommissionService\""}
2024-08-24 16:18:49::error::/v1/api/commissionService/readCommissionService/undefined::3e32e61f-6f05-4435-a810-e785c4c11fe1::undefined - NaNms - Response: {"stringValue":"\"undefined\"","valueType":"string","kind":"ObjectId","value":"undefined","path":"_id","reason":{},"name":"CastError","message":"Cast to ObjectId failed for value \"undefined\" (type string) at path \"_id\" for model \"CommissionService\""}::{"message":"Cast to ObjectId failed for value \"undefined\" (type string) at path \"_id\" for model \"CommissionService\""}
2024-08-24 16:19:12::error::/v1/api/commissionService/readCommissionService/undefined::549884e8-872e-4ca1-b90e-f1d84482335e::undefined - NaNms - Response: {"stringValue":"\"undefined\"","valueType":"string","kind":"ObjectId","value":"undefined","path":"_id","reason":{},"name":"CastError","message":"Cast to ObjectId failed for value \"undefined\" (type string) at path \"_id\" for model \"CommissionService\""}::{"message":"Cast to ObjectId failed for value \"undefined\" (type string) at path \"_id\" for model \"CommissionService\""}
2024-08-24 16:20:43::error::/v1/api/commissionService/readCommissionService/undefined::863a3ba1-d1f0-4801-98c3-925efe7c1619::undefined - NaNms - Response: {"stringValue":"\"undefined\"","valueType":"string","kind":"ObjectId","value":"undefined","path":"_id","reason":{},"name":"CastError","message":"Cast to ObjectId failed for value \"undefined\" (type string) at path \"_id\" for model \"CommissionService\""}::{"message":"Cast to ObjectId failed for value \"undefined\" (type string) at path \"_id\" for model \"CommissionService\""}
2024-08-24 16:21:34::error::/v1/api/commissionService/readCommissionService/undefined::b2f435e4-2670-4439-81cd-d4a06b669f85::undefined - NaNms - Response: {"stringValue":"\"undefined\"","valueType":"string","kind":"ObjectId","value":"undefined","path":"_id","reason":{},"name":"CastError","message":"Cast to ObjectId failed for value \"undefined\" (type string) at path \"_id\" for model \"CommissionService\""}::{"message":"Cast to ObjectId failed for value \"undefined\" (type string) at path \"_id\" for model \"CommissionService\""}
2024-08-24 16:21:45::error::/v1/api/commissionService/readCommissionService/undefined::77a48bfa-fc58-4ef6-8935-1972b997503e::undefined - NaNms - Response: {"stringValue":"\"undefined\"","valueType":"string","kind":"ObjectId","value":"undefined","path":"_id","reason":{},"name":"CastError","message":"Cast to ObjectId failed for value \"undefined\" (type string) at path \"_id\" for model \"CommissionService\""}::{"message":"Cast to ObjectId failed for value \"undefined\" (type string) at path \"_id\" for model \"CommissionService\""}
2024-08-24 16:22:10::error::/v1/api/commissionService/readCommissionService/undefined::19713512-5965-4ccc-a145-c74f681a9cd3::undefined - NaNms - Response: {"stringValue":"\"undefined\"","valueType":"string","kind":"ObjectId","value":"undefined","path":"_id","reason":{},"name":"CastError","message":"Cast to ObjectId failed for value \"undefined\" (type string) at path \"_id\" for model \"CommissionService\""}::{"message":"Cast to ObjectId failed for value \"undefined\" (type string) at path \"_id\" for model \"CommissionService\""}
