2024-07-07 07:05:30::info::/v1/api/user/me::73f086cc-a66c-4d9c-abe5-2a5b6e60923c::input-params ::GET::::{}
2024-07-07 07:05:32::info::/v1/api/order/readOrders::10b6bdf1-e0f7-49d0-819d-09c0722f3a3d::input-params ::GET::::{"isDirect":"false","sortBy":"createdAt","sortOrder":"desc"}
2024-07-07 07:05:43::info::/v1/api/user/readUserProfile/665edd23fa87b27398b73d10::7b09a2fb-fe94-4e3e-b095-4377df77b379::input-params ::GET::::{}
2024-07-07 07:05:43::info::/v1/api/order/readTalentOrderHistory::ccf33c35-f075-4408-8038-3fb527e8cf1b::input-params ::GET::::{}
2024-07-07 07:05:43::info::/v1/api/order/readMemberOrderHistory::4761cf97-ebc7-4adc-99c7-c984fccfc146::input-params ::GET::::{}
2024-07-07 07:05:43::error::/v1/api/order/readMemberOrderHistory::4761cf97-ebc7-4adc-99c7-c984fccfc146::404 - NaNms - Response: {"status":404}::{"message":"Not Found"}
2024-07-07 07:08:03::info::/v1/api/user/me::7aaa1ae1-a9f6-40a4-95cf-f82b60569f1a::input-params ::GET::::{}
2024-07-07 07:08:03::info::/v1/api/user/readUserProfile/665edd23fa87b27398b73d10::94c20751-8102-40d8-8e24-bba870d50bde::input-params ::GET::::{}
2024-07-07 07:09:24::info::/v1/api/user/readUserProfile/665edd23fa87b27398b73d10::35a51b7b-8afc-4fad-994d-d4a56cea8bdb::input-params ::GET::::{}
2024-07-07 07:09:41::info::/v1/api/user/readUserProfile/665edd23fa87b27398b73d10::e0d92cc2-995d-47ca-a122-eb06b9fbf249::input-params ::GET::::{}
2024-07-07 07:11:01::info::/v1/api/user/readUserProfile/665edd23fa87b27398b73d10::77339808-5aa0-4289-a524-be2357c8eb5a::input-params ::GET::::{}
2024-07-07 07:11:47::info::/v1/api/user/readUserProfile/665edd23fa87b27398b73d10::ee4b98d4-ca6a-4c87-983f-4e5d5fc6d558::input-params ::GET::::{}
2024-07-07 07:12:12::info::/v1/api/user/readUserProfile/665edd23fa87b27398b73d10::368ca1b8-1ed1-4fb1-8c22-dd077c7b524d::input-params ::GET::::{}
2024-07-07 07:12:31::info::/v1/api/user/readUserProfile/665edd23fa87b27398b73d10::186e7e05-1320-4651-a4d6-4e651e14bde4::input-params ::GET::::{}
2024-07-07 07:12:45::info::/v1/api/user/me::6814af1b-3c5e-4822-8870-4ffdcfb0750a::input-params ::GET::::{}
2024-07-07 07:12:45::info::/v1/api/user/readUserProfile/665edd23fa87b27398b73d10::a61b27ae-60f3-4bfe-ad6b-780ccf50e796::input-params ::GET::::{}
2024-07-07 07:13:00::info::/v1/api/user/me::60c81bc4-983a-4975-a0ea-67fd589d4113::input-params ::GET::::{}
2024-07-07 07:13:00::info::/v1/api/user/readUserProfile/665edd23fa87b27398b73d10::b9b88b1e-c16d-4f5f-87e4-9bb285a33530::input-params ::GET::::{}
2024-07-07 07:13:21::info::/v1/api/user/me::93d999d9-6b5a-4378-8561-dfb0dfd14f57::input-params ::GET::::{}
2024-07-07 07:13:21::info::/v1/api/user/readUserProfile/665edd23fa87b27398b73d10::4df62e62-f9b9-46ad-ae63-6098fab29e32::input-params ::GET::::{}
2024-07-07 07:13:22::info::/v1/api/user/readUserProfile/665edd23fa87b27398b73d10::f2310432-f865-4a1b-829b-eeba99fdf029::input-params ::GET::::{}
2024-07-07 07:13:36::info::/v1/api/user/me::eb2a4eeb-18d7-4958-ad42-00ea3233fceb::input-params ::GET::::{}
2024-07-07 07:13:37::info::/v1/api/user/readUserProfile/665edd23fa87b27398b73d10::7ac3176b-706d-4e89-9333-5d2fa1c0b6f7::input-params ::GET::::{}
2024-07-07 07:13:37::info::/v1/api/user/readUserProfile/665edd23fa87b27398b73d10::fb790a92-3d11-4580-91b9-23bf861af05a::input-params ::GET::::{}
2024-07-07 07:13:38::info::/v1/api/user/me::386b654f-68e8-4b62-9e13-6033b6ba3dc7::input-params ::GET::::{}
2024-07-07 07:13:38::info::/v1/api/user/readUserProfile/665edd23fa87b27398b73d10::fb480dd5-f54e-4d65-b66d-b2bcfaae3eb8::input-params ::GET::::{}
2024-07-07 07:13:49::info::/v1/api/user/me::8f2ca86d-36c1-444b-b882-176213ff975f::input-params ::GET::::{}
2024-07-07 07:13:49::info::/v1/api/user/readUserProfile/665edd23fa87b27398b73d10::037dc48d-fbf0-47ae-8693-a71bb11acd31::input-params ::GET::::{}
2024-07-07 07:13:50::info::/v1/api/user/readUserProfile/665edd23fa87b27398b73d10::db08c497-8316-4e63-8336-c13dad69ea0a::input-params ::GET::::{}
2024-07-07 07:15:01::info::/v1/api/user/me::1747e65b-d997-4fc4-99c9-54f73b0d0744::input-params ::GET::::{}
2024-07-07 07:15:01::info::/v1/api/user/readUserProfile/665edd23fa87b27398b73d10::357807e8-12a8-4e4e-9385-9b5d664879fc::input-params ::GET::::{}
2024-07-07 07:16:31::info::/v1/api/user/me::2054cc60-b6ab-4b5a-a04c-deca28988d03::input-params ::GET::::{}
2024-07-07 07:16:31::info::/v1/api/user/readUserProfile/665edd23fa87b27398b73d10::97fc834f-8ab9-480f-9a1e-e7cec9ee234f::input-params ::GET::::{}
2024-07-07 07:16:36::info::/v1/api/user/readUserProfile/665edd23fa87b27398b73d10::519234f5-09fa-4e55-b7d8-e92a4680cb96::input-params ::GET::::{}
2024-07-07 07:17:19::info::/v1/api/user/readUserProfile/665edd23fa87b27398b73d10::6fa7cf2b-da37-4d37-a298-795be9b6276a::input-params ::GET::::{}
2024-07-07 07:19:11::info::/v1/api/user/me::5c9226fb-e8b5-4014-bf22-7ed39313667f::input-params ::GET::::{}
2024-07-07 07:19:11::info::/v1/api/user/readUserProfile/665edd23fa87b27398b73d10::710ffa88-d8c6-4c95-bde1-35d477ffd18e::input-params ::GET::::{}
2024-07-07 07:19:14::info::/v1/api/user/readUserProfile/665edd23fa87b27398b73d10::d89af0db-ce11-4a74-81b6-7ebd731dd8f2::input-params ::GET::::{}
2024-07-07 07:19:24::info::/v1/api/user/me::916d74a6-b822-41d7-b0b9-a9e7e8cd87c1::input-params ::GET::::{}
2024-07-07 07:19:24::info::/v1/api/user/readUserProfile/665edd23fa87b27398b73d10::206822ff-7a28-4a14-a794-9516db9c9a42::input-params ::GET::::{}
2024-07-07 07:19:25::info::/v1/api/user/readUserProfile/665edd23fa87b27398b73d10::0bad7a3d-48f1-4d7e-8f3d-08d58ffd3097::input-params ::GET::::{}
2024-07-07 07:19:35::info::/v1/api/user/me::38a5e7fd-cbba-4114-82b9-28a349f308a8::input-params ::GET::::{}
2024-07-07 07:19:35::info::/v1/api/user/readUserProfile/665edd23fa87b27398b73d10::b3c3195d-4827-4629-950c-6ea445478e0b::input-params ::GET::::{}
2024-07-07 07:19:36::info::/v1/api/user/readUserProfile/665edd23fa87b27398b73d10::74d639d9-2f0f-467c-af5b-1f1414b109e6::input-params ::GET::::{}
2024-07-07 07:19:47::info::/v1/api/user/readUserProfile/665edd23fa87b27398b73d10::a5fc5d9b-e87d-4b52-bd69-e72f1956e930::input-params ::GET::::{}
2024-07-07 07:20:12::info::/v1/api/user/me::af34f3d5-3567-45fe-abbc-b0e213d4d2c1::input-params ::GET::::{}
2024-07-07 07:20:12::info::/v1/api/movement/readMovements::3df859dc-1b84-4559-b7f9-508b9d7c1b58::input-params ::GET::::{}
2024-07-07 07:20:12::info::/v1/api/user/readUserProfile/665edd23fa87b27398b73d10::80087404-6b6f-4a12-a92c-29e8641e3eaf::input-params ::GET::::{}
2024-07-07 07:20:12::info::/v1/api/movement/readMovements::813cb391-9ec5-40d5-8673-7f6a7fdedfea::input-params ::GET::::{}
2024-07-07 07:20:12::info::/v1/api/user/readUserProfile/665edd23fa87b27398b73d10::e3ffb418-ba7f-4907-890b-b31bb663ba4d::input-params ::GET::::{}
2024-07-07 07:20:19::info::/v1/api/user/me::c1fe9cca-88d4-4fa5-99c3-cbd7a0614099::input-params ::GET::::{}
2024-07-07 07:20:19::info::/v1/api/movement/readMovements::82fcd93f-2af5-4971-8c75-e22df222a406::input-params ::GET::::{}
2024-07-07 07:20:19::info::/v1/api/user/readUserProfile/665edd23fa87b27398b73d10::0398c9f8-1968-4c7a-a341-f8d325f3a334::input-params ::GET::::{}
2024-07-07 07:20:22::info::/v1/api/user/me::83da8abc-5183-4692-8a5a-ef4176ac67eb::input-params ::GET::::{}
2024-07-07 07:20:22::info::/v1/api/movement/readMovements::83482d64-6cef-4f96-ad9f-030d61ed6006::input-params ::GET::::{}
2024-07-07 07:20:22::info::/v1/api/user/readUserProfile/665edd23fa87b27398b73d10::99025939-bb1a-41b2-bdd0-07740871a2d3::input-params ::GET::::{}
2024-07-07 07:20:27::info::/v1/api/movement/readMovements::4812e308-6ab5-446f-bac0-87479e741db8::input-params ::GET::::{}
2024-07-07 07:20:27::info::/v1/api/user/readUserProfile/665edd23fa87b27398b73d10::6435f658-7916-48f5-96f5-840329577432::input-params ::GET::::{}
2024-07-07 07:20:57::info::/v1/api/movement/readMovements::b29c04c9-d749-4c16-ba4c-257cf05a11b8::input-params ::GET::::{}
2024-07-07 07:20:57::info::/v1/api/user/readUserProfile/665edd23fa87b27398b73d10::373d80f1-00f3-4b3b-b3cc-c76418c65622::input-params ::GET::::{}
2024-07-07 07:21:45::info::/v1/api/movement/readMovements::afd00167-cd91-4848-9b3f-be029a005f85::input-params ::GET::::{}
2024-07-07 07:21:45::info::/v1/api/user/readUserProfile/665edd23fa87b27398b73d10::88da9653-acef-4e26-911d-ab6adf15ba39::input-params ::GET::::{}
2024-07-07 07:22:02::info::/v1/api/movement/readMovements::3df7f3e7-c4d5-4460-b818-f1cf00a3165c::input-params ::GET::::{}
2024-07-07 07:22:02::info::/v1/api/user/readUserProfile/665edd23fa87b27398b73d10::b64a7462-46ef-41df-8568-f562851bb9d1::input-params ::GET::::{}
2024-07-07 07:22:45::info::/v1/api/movement/readMovements::e54f0a9d-4f3e-4b6d-8cec-74b35aea9176::input-params ::GET::::{}
2024-07-07 07:22:45::info::/v1/api/user/readUserProfile/665edd23fa87b27398b73d10::0a436afa-c0d2-4bf4-84d1-53eebf27822f::input-params ::GET::::{}
2024-07-07 07:22:59::info::/v1/api/movement/readMovements::be270b3c-3e13-4901-abbb-5903ecb73f7f::input-params ::GET::::{}
2024-07-07 07:22:59::info::/v1/api/user/readUserProfile/665edd23fa87b27398b73d10::6c983cf3-f329-4473-b63d-84ea02e50854::input-params ::GET::::{}
2024-07-07 07:24:45::info::/v1/api/movement/readMovements::538f94f2-0167-4400-b6ee-3c70572da163::input-params ::GET::::{}
2024-07-07 07:24:45::info::/v1/api/user/readUserProfile/665edd23fa87b27398b73d10::767ee552-6b8b-400f-a7de-6c7b52712482::input-params ::GET::::{}
2024-07-07 07:25:05::info::/v1/api/movement/readMovements::6bf27fad-1fe2-44bd-94bb-32c49a7784c3::input-params ::GET::::{}
2024-07-07 07:25:05::info::/v1/api/user/readUserProfile/665edd23fa87b27398b73d10::5f60c40c-eac7-4aa1-9a34-ca55c0e3c8e3::input-params ::GET::::{}
2024-07-07 07:25:07::info::/v1/api/movement/readMovements::f3842c9f-cda8-4c32-b6a9-0e11d6b5714a::input-params ::GET::::{}
2024-07-07 07:25:07::info::/v1/api/user/readUserProfile/665edd23fa87b27398b73d10::b9cdbd90-35bf-4308-9bac-602591b6d9b1::input-params ::GET::::{}
2024-07-07 07:27:05::info::/v1/api/movement/readMovements::1003a80e-d8ab-4825-a0ab-46c0af5da126::input-params ::GET::::{}
2024-07-07 07:27:05::info::/v1/api/user/readUserProfile/665edd23fa87b27398b73d10::c308bd4e-54e3-4ddc-8570-140b7ca33168::input-params ::GET::::{}
2024-07-07 07:31:01::info::/v1/api/movement/readMovements::24541982-4082-4cb1-a704-a8af50083b1b::input-params ::GET::::{}
2024-07-07 07:31:01::info::/v1/api/user/readUserProfile/665edd23fa87b27398b73d10::c4424be3-e72a-4105-a0b9-9ddb964f4960::input-params ::GET::::{}
2024-07-07 07:32:51::info::/v1/api/movement/readMovements::0bd7800a-5646-43b0-9cd5-ab1418f99d41::input-params ::GET::::{}
2024-07-07 07:32:51::info::/v1/api/user/readUserProfile/665edd23fa87b27398b73d10::390e3709-1f84-45b4-8b2f-e2d09092cb60::input-params ::GET::::{}
2024-07-07 07:32:52::info::/v1/api/movement/readMovements::1f4c89bf-3b8c-4fa5-b501-ab9d8baf4f8a::input-params ::GET::::{}
2024-07-07 07:32:52::info::/v1/api/user/readUserProfile/665edd23fa87b27398b73d10::6d4742be-bb38-4f6e-94c0-7268049c02e1::input-params ::GET::::{}
2024-07-07 07:33:07::info::/v1/api/movement/readMovements::9062a7d2-17c3-42ef-b14a-1b39d6cf5474::input-params ::GET::::{}
2024-07-07 07:33:07::info::/v1/api/user/readUserProfile/665edd23fa87b27398b73d10::c831b975-3322-4ae0-9634-c503bb1d4930::input-params ::GET::::{}
2024-07-07 07:33:18::info::/v1/api/movement/readMovements::55c687ae-ec94-4c0e-b6e0-afc9f7f3ac63::input-params ::GET::::{}
2024-07-07 07:33:18::info::/v1/api/user/readUserProfile/665edd23fa87b27398b73d10::9a74b5b5-3c97-4ebe-b8ae-acfa2613923f::input-params ::GET::::{}
2024-07-07 07:37:18::info::/v1/api/movement/readMovements::9dece27f-29c3-4f70-b70a-ae9d06ba8571::input-params ::GET::::{}
2024-07-07 07:37:18::info::/v1/api/user/readUserProfile/665edd23fa87b27398b73d10::114d9bc9-35b0-4d74-9014-c80fcf629a59::input-params ::GET::::{}
2024-07-07 07:37:21::info::/v1/api/movement/readMovements::4f822be5-2292-4079-b88b-254694da0d92::input-params ::GET::::{}
2024-07-07 07:37:21::info::/v1/api/user/readUserProfile/665edd23fa87b27398b73d10::d1622b26-5b6b-437f-959e-c251a04f7f6c::input-params ::GET::::{}
2024-07-07 07:37:25::info::/v1/api/movement/readMovements::429b037e-84a2-4857-a094-fd309a3144b1::input-params ::GET::::{}
2024-07-07 07:37:25::info::/v1/api/user/readUserProfile/665edd23fa87b27398b73d10::5f8443c4-0fab-408c-baa0-04e171dc4243::input-params ::GET::::{}
2024-07-07 07:37:33::info::/v1/api/movement/readMovements::87f0c699-6931-4bc2-a2ed-f7951083f711::input-params ::GET::::{}
2024-07-07 07:37:34::info::/v1/api/user/readUserProfile/665edd23fa87b27398b73d10::88b5f0f6-13cf-4e21-848a-a38c207932b0::input-params ::GET::::{}
2024-07-07 07:37:38::info::/v1/api/movement/readMovements::e063c33b-8c03-402b-8a53-c32a70db2715::input-params ::GET::::{}
2024-07-07 07:37:38::info::/v1/api/user/readUserProfile/665edd23fa87b27398b73d10::0939b0f0-0732-4a98-a07e-f7efbf1bd399::input-params ::GET::::{}
2024-07-07 07:38:04::info::/v1/api/movement/readMovements::0a5ef4a4-b01b-4085-8844-b2dbebd3ce3c::input-params ::GET::::{}
2024-07-07 07:38:04::info::/v1/api/user/readUserProfile/665edd23fa87b27398b73d10::f0196b0a-90ce-42e0-8c43-6b22996fbf82::input-params ::GET::::{}
2024-07-07 07:38:09::info::/v1/api/movement/readMovements::22b5970a-ba0a-4655-b713-7a3a28b33f7d::input-params ::GET::::{}
2024-07-07 07:38:09::info::/v1/api/user/readUserProfile/665edd23fa87b27398b73d10::13e1620c-6e25-40e4-9e9c-1d20307b6c36::input-params ::GET::::{}
2024-07-07 07:39:17::info::/v1/api/movement/readMovements::4acc5ecf-677f-4ed5-81b1-8f84d81b1743::input-params ::GET::::{}
2024-07-07 07:39:17::info::/v1/api/user/readUserProfile/665edd23fa87b27398b73d10::fdbc8f86-e30a-4a31-90ec-f27ff99c4ae8::input-params ::GET::::{}
2024-07-07 07:39:31::info::/v1/api/movement/readMovements::0f3b5470-02e7-4c45-88b1-821e50209f26::input-params ::GET::::{}
2024-07-07 07:39:31::info::/v1/api/user/readUserProfile/665edd23fa87b27398b73d10::8e37e040-5050-47c6-b9aa-5168d9c51d37::input-params ::GET::::{}
2024-07-07 07:40:19::info::/v1/api/movement/readMovements::2126280a-6d94-423b-b38b-e500c3ff0f08::input-params ::GET::::{}
2024-07-07 07:40:19::info::/v1/api/user/readUserProfile/665edd23fa87b27398b73d10::a8d3a257-3d27-402b-b5a6-b4fc90e0479c::input-params ::GET::::{}
2024-07-07 07:40:22::info::/v1/api/movement/readMovements::aebe146c-8881-40f2-8aea-c3c04a359e95::input-params ::GET::::{}
2024-07-07 07:40:22::info::/v1/api/user/readUserProfile/665edd23fa87b27398b73d10::b52d5566-9aab-485b-a5d7-3f776d737772::input-params ::GET::::{}
2024-07-07 07:40:28::info::/v1/api/movement/readMovements::eaa40818-730a-4306-99cf-044e9f597cb5::input-params ::GET::::{}
2024-07-07 07:40:28::info::/v1/api/user/readUserProfile/665edd23fa87b27398b73d10::04d7f616-1128-4a34-a173-7b2f0b071796::input-params ::GET::::{}
2024-07-07 07:40:36::info::/v1/api/movement/readMovements::ceb4fb66-9d11-4b87-a508-16b2c9aedd7c::input-params ::GET::::{}
2024-07-07 07:40:36::info::/v1/api/user/readUserProfile/665edd23fa87b27398b73d10::38ef5515-fe11-4bb7-808f-da96fc77e5a4::input-params ::GET::::{}
2024-07-07 07:42:15::info::/v1/api/movement/readMovements::37070f70-a540-4e10-bd0a-0b1cd81f87c7::input-params ::GET::::{}
2024-07-07 07:42:15::info::/v1/api/user/readUserProfile/665edd23fa87b27398b73d10::8cfd9bef-5aec-46b9-9756-ac692348225a::input-params ::GET::::{}
2024-07-07 07:42:41::info::/v1/api/movement/readMovements::308ca38a-b626-4bdd-8054-8543d4ea19a7::input-params ::GET::::{}
2024-07-07 07:42:41::info::/v1/api/user/readUserProfile/665edd23fa87b27398b73d10::50bc38f7-a24b-45f8-a955-8aabcc20485c::input-params ::GET::::{}
2024-07-07 07:42:44::info::/v1/api/movement/readMovements::850b84a6-b174-4a80-a8c9-f2563af7a989::input-params ::GET::::{}
2024-07-07 07:42:44::info::/v1/api/user/readUserProfile/665edd23fa87b27398b73d10::cafdfe8b-78cb-4b81-8f11-a17cf74c2cd6::input-params ::GET::::{}
2024-07-07 07:42:48::info::/v1/api/user/me::0c20248e-5b0f-483f-94d8-e5e7c5800726::input-params ::GET::::{}
2024-07-07 07:42:48::info::/v1/api/movement/readMovements::b7670c22-c909-4016-9d28-3c86b6f43302::input-params ::GET::::{}
2024-07-07 07:43:05::info::/v1/api/movement/readMovements::679276eb-460e-43ae-8714-494bd86cc37b::input-params ::GET::::{}
2024-07-07 07:43:05::info::/v1/api/user/readUserProfile/665edd23fa87b27398b73d10::69f690b1-df71-4fa1-84ca-cf5d5cbdfc76::input-params ::GET::::{}
2024-07-07 07:43:11::info::/v1/api/movement/readMovements::883194be-4f11-4e89-847e-666181c9d6e5::input-params ::GET::::{}
2024-07-07 07:43:11::info::/v1/api/user/readUserProfile/665edd23fa87b27398b73d10::10adf303-bc7c-4583-bd53-618d6e331641::input-params ::GET::::{}
2024-07-07 07:43:18::info::/v1/api/movement/readMovements::bfc3cf75-a987-4993-92e3-672eef812e6c::input-params ::GET::::{}
2024-07-07 07:43:18::info::/v1/api/user/readUserProfile/665edd23fa87b27398b73d10::558ea5ff-42e4-4bb7-9328-35c2918e2c1a::input-params ::GET::::{}
2024-07-07 07:43:43::info::/v1/api/movement/readMovements::aff2ed52-f496-4c0a-ad4c-96a55a0cd1cf::input-params ::GET::::{}
2024-07-07 07:43:43::info::/v1/api/user/readUserProfile/665edd23fa87b27398b73d10::a2f64135-b3ed-4bdd-a38b-89d450fd8967::input-params ::GET::::{}
2024-07-07 07:43:45::info::/v1/api/movement/readMovements::42e9baf0-6978-4a93-a7ef-7f3cd78dad10::input-params ::GET::::{}
2024-07-07 07:43:45::info::/v1/api/user/readUserProfile/665edd23fa87b27398b73d10::22a1ee3e-3f01-44e8-9e40-7e991493f21d::input-params ::GET::::{}
2024-07-07 07:43:47::info::/v1/api/movement/readMovements::a4ecf9a1-4e34-4b03-bc6b-9af919a01455::input-params ::GET::::{}
2024-07-07 07:43:49::info::/v1/api/movement/readMovements::57284ad1-b1a3-4c0d-8be8-a66e915845c5::input-params ::GET::::{}
2024-07-07 07:43:49::info::/v1/api/user/me::e6148750-a9a3-4c43-b588-e31e4d2dff5c::input-params ::GET::::{}
2024-07-07 07:43:49::info::/v1/api/movement/readMovements::853b2b6d-45f3-4bbd-a417-254f3fc22194::input-params ::GET::::{}
2024-07-07 07:43:50::info::/v1/api/movement/readMovements::af265057-fc8e-40b7-b444-7e6c8322f109::input-params ::GET::::{}
2024-07-07 07:43:50::info::/v1/api/user/readUserProfile/665edd23fa87b27398b73d10::013166aa-e74f-4259-a45a-7222dbebdd0c::input-params ::GET::::{}
2024-07-07 07:46:44::info::/v1/api/movement/readMovements::d3b21673-780c-49d0-ab08-6d2a4af85c8b::input-params ::GET::::{}
2024-07-07 07:46:44::info::/v1/api/user/readUserProfile/665edd23fa87b27398b73d10::2cf90bad-b0c0-461b-ac59-bb6d9c069a81::input-params ::GET::::{}
2024-07-07 07:48:59::info::/v1/api/movement/readMovements::c5153165-3c7d-4942-a8ca-5391ec6b86cc::input-params ::GET::::{}
2024-07-07 07:48:59::info::/v1/api/user/readUserProfile/665edd23fa87b27398b73d10::efd8237e-7522-4b13-8134-8d0a867bcd2c::input-params ::GET::::{}
2024-07-07 08:27:21::info::/v1/api/user/me::397636b6-55d6-480f-b4f4-05013215a996::input-params ::GET::::{}
2024-07-07 08:27:21::info::/v1/api/movement/readMovements::dec77460-2b1d-4cc6-879e-33fb7e3f5da0::input-params ::GET::::{}
2024-07-07 08:27:21::info::/v1/api/user/me::3a0c8040-f04b-495b-8cff-550565eb67a7::input-params ::GET::::{}
2024-07-07 08:27:21::info::/v1/api/movement/readMovements::4428e06e-41bc-4f69-91ca-38355f0178de::input-params ::GET::::{}
2024-07-07 08:27:21::info::/v1/api/user/readUserProfile/665edd23fa87b27398b73d10::9dfa3df4-dcf7-4b2b-ae81-73f69e3fa4e4::input-params ::GET::::{}
2024-07-07 08:28:56::info::/v1/api/movement/readMovements::6ef0a043-5b6b-45c6-94a1-5ea5216017fb::input-params ::GET::::{}
2024-07-07 08:28:56::info::/v1/api/user/readUserProfile/665edd23fa87b27398b73d10::feaab8d6-7edc-447f-84ab-d350dc537726::input-params ::GET::::{}
2024-07-07 08:29:02::info::/v1/api/movement/readMovements::a968cece-ceaa-46df-9356-45d164f2696c::input-params ::GET::::{}
2024-07-07 08:29:02::info::/v1/api/user/readUserProfile/665edd23fa87b27398b73d10::a2239926-33f1-4a8a-adf4-1b3b46d867a3::input-params ::GET::::{}
2024-07-07 09:23:13::info::/v1/api/movement/readMovements::837b91f9-f3ac-45f3-8a91-d5b553c41a7d::input-params ::GET::::{}
2024-07-07 09:23:13::info::/v1/api/user/readUserProfile/665edd23fa87b27398b73d10::cadf00c2-23dd-462c-aca4-25d8abefe65c::input-params ::GET::::{}
2024-07-07 09:23:13::info::/v1/api/user/me::a0e3bc08-baf3-4243-ab09-0d3ae66661d8::input-params ::GET::::{}
2024-07-07 09:23:13::info::/v1/api/movement/readMovements::968370ae-2d81-43e2-b7f0-46cbd3e4ac63::input-params ::GET::::{}
2024-07-07 09:23:13::info::/v1/api/user/readUserProfile/665edd23fa87b27398b73d10::fabfe856-bd29-4487-a4b9-528d50f0929e::input-params ::GET::::{}
2024-07-07 09:23:14::info::/v1/api/movement/readMovements::c994537b-2f65-4338-92e0-3c2c595ae4af::input-params ::GET::::{}
2024-07-07 09:23:14::info::/v1/api/user/readUserProfile/665edd23fa87b27398b73d10::1538bac0-a68b-4f53-b637-02def77f892a::input-params ::GET::::{}
