2024-06-25 08:26:25::info::/v1/api/user/me::dc77befb-9917-4eb3-b6fb-3ab9b49cf666::input-params ::GET::::{}
2024-06-25 08:26:29::info::/v1/api/user/readUserProfile/665edd23fa87b27398b73d10::56eea722-beff-4250-95c6-756f98ef0dfb::input-params ::GET::::{}
2024-06-25 08:26:47::info::/v1/api/serviceCategory/readServiceCategoriesWithServices/665edd23fa87b27398b73d10::1a2258a3-8130-40e5-b453-b0c03a305dd2::input-params ::GET::::{}
2024-06-25 08:26:58::info::/v1/api/serviceCategory/readServiceCategoriesWithServices/665edd23fa87b27398b73d10::f2ed2e7c-f3b6-4191-9dc1-b9ad229327c5::input-params ::GET::::{}
2024-06-25 08:28:42::info::/v1/api/user/me::34f6b4d3-6255-45e5-9673-e4aae05af1d8::input-params ::GET::::{}
2024-06-25 08:29:57::info::/v1/api/user/readUserProfile/665edd23fa87b27398b73d10::255d8c72-4e67-4e35-bed7-0740b3a79913::input-params ::GET::::{}
2024-06-25 08:30:02::info::/v1/api/serviceCategory/readServiceCategoriesWithServices/665edd23fa87b27398b73d10::1384bb14-ae3e-4396-a13f-43872b02245d::input-params ::GET::::{}
2024-06-25 08:30:17::info::/v1/api/user/readUserProfile/665edd23fa87b27398b73d10::7de64b48-38d3-4077-a5bd-5ea5ba5b9cb3::input-params ::GET::::{}
2024-06-25 08:30:20::info::/v1/api/serviceCategory/readServiceCategoriesWithServices/665edd23fa87b27398b73d10::809261a3-7d87-4cb8-b4aa-15faac9f12ca::input-params ::GET::::{}
2024-06-25 08:31:35::info::/v1/api/user/me::16ed977b-62df-4585-97dd-72a3ccf75dca::input-params ::GET::::{}
2024-06-25 08:31:38::info::/v1/api/user/readUserProfile/665edd23fa87b27398b73d10::7d59a7a5-ae2d-41fd-89ce-31b2e101da08::input-params ::GET::::{}
2024-06-25 08:32:30::info::/v1/api/user/me::4538d796-6685-4a8c-b6f4-317f5d33791a::input-params ::GET::::{}
2024-06-25 08:32:30::info::/v1/api/user/readUserProfile/665edd23fa87b27398b73d10::eecdd742-eb26-48e9-b995-e6a29854ba5e::input-params ::GET::::{}
2024-06-25 08:32:37::info::/v1/api/serviceCategory/readServiceCategoriesWithServices/665edd23fa87b27398b73d10::d8402c90-1c0b-4808-adaf-97479a403aed::input-params ::GET::::{}
2024-06-25 08:32:51::info::/v1/api/user/readUserProfile/665edd23fa87b27398b73d10::64b0ca06-da9b-4f87-9687-eadfbf1327e6::input-params ::GET::::{}
2024-06-25 08:33:04::info::/v1/api/serviceCategory/readServiceCategoriesWithServices/665edd23fa87b27398b73d10::c066c6d5-d357-43a4-9eb9-4330893ad26d::input-params ::GET::::{}
2024-06-25 08:33:12::info::/v1/api/user/readUserProfile/665edd23fa87b27398b73d10::32647400-72a5-4a6b-b3c8-e7058dea2193::input-params ::GET::::{}
2024-06-25 08:33:14::info::/v1/api/serviceCategory/readServiceCategoriesWithServices/665edd23fa87b27398b73d10::28ca1bca-0e2d-4608-af9a-3798d1498ecf::input-params ::GET::::{}
2024-06-25 08:33:16::info::/v1/api/serviceCategory/readServiceCategoriesWithServices/665edd23fa87b27398b73d10::6fcd6511-6e55-4706-8275-b7c6a1919516::input-params ::GET::::{}
2024-06-25 08:33:52::info::/v1/api/user/readUserProfile/665edd23fa87b27398b73d10::1884c0df-cc45-40a4-9f56-74e8c7c36443::input-params ::GET::::{}
2024-06-25 08:33:59::info::/v1/api/serviceCategory/readServiceCategoriesWithServices/665edd23fa87b27398b73d10::b8094038-f76b-4ec9-b88e-991c40b16b1d::input-params ::GET::::{}
2024-06-25 08:34:25::info::/v1/api/user/me::d5536e3f-5cd6-4b55-aaf5-b389c1fece3b::input-params ::GET::::{}
2024-06-25 08:34:25::info::/v1/api/user/readUserProfile/665edd23fa87b27398b73d10::2dda8689-54fd-4029-bdf1-469a2b2a30ee::input-params ::GET::::{}
2024-06-25 08:34:25::info::/v1/api/user/me::b5a7bad9-a9fa-4108-a4ad-fb7a579fbd06::input-params ::GET::::{}
2024-06-25 08:34:25::info::/v1/api/user/readUserProfile/665edd23fa87b27398b73d10::9e939fcc-372d-4946-ac72-e739d3a794fe::input-params ::GET::::{}
2024-06-25 08:35:42::info::/v1/api/user/me::e790ce0f-989f-425b-b97c-eb5c0ca1ed0e::input-params ::GET::::{}
2024-06-25 08:35:52::info::/v1/api/user/me::414f5539-3d45-4d2e-97a8-aa2e0aa2994f::input-params ::GET::::{}
2024-06-25 08:35:54::info::/v1/api/user/readUserProfile/665edd23fa87b27398b73d10::cbe1e03d-9b79-4575-a38a-dff6875a56d4::input-params ::GET::::{}
2024-06-25 08:35:55::info::/v1/api/serviceCategory/readServiceCategoriesWithServices/665edd23fa87b27398b73d10::d592a454-42ad-456d-b8e4-1f3a5493bafa::input-params ::GET::::{}
2024-06-25 08:37:31::info::/v1/api/user/me::2ab39c2b-4c18-456a-af3f-00f05afeab1e::input-params ::GET::::{}
2024-06-25 08:37:33::info::/v1/api/user/me::cd36117d-122d-43f1-8cfb-a5fc2120d723::input-params ::GET::::{}
2024-06-25 08:37:38::info::/v1/api/user/me::b28cb9bc-2cd1-402c-a976-f791b85351d7::input-params ::GET::::{}
2024-06-25 08:37:59::info::/v1/api/user/readUserProfile/665edd23fa87b27398b73d10::6709be71-2b52-43fe-a9d7-0a98b225de4e::input-params ::GET::::{}
2024-06-25 08:47:34::info::/v1/api/user/me::8371101e-70d0-4090-9a82-0e0d85a9d2d6::input-params ::GET::::{}
2024-06-25 08:58:12::info::/v1/api/user/readUserProfile/665edd23fa87b27398b73d10::8962c89e-709b-42a8-aba2-87118ecaf207::input-params ::GET::::{}
2024-06-25 08:58:26::info::/v1/api/user/me::d255332c-4f8b-4f93-b164-bc2d6c0e49a5::input-params ::GET::::{}
2024-06-25 08:58:26::info::/v1/api/user/readUserProfile/665edd23fa87b27398b73d10::7a694f36-3832-407b-845c-1961f59dcfe4::input-params ::GET::::{}
2024-06-25 08:59:52::info::/v1/api/user/me::79387959-eb6b-46a8-be01-6e6b5c2d6f90::input-params ::GET::::{}
2024-06-25 08:59:52::info::/v1/api/user/readUserProfile/665edd23fa87b27398b73d10::e5abf254-6714-4e20-b3e7-987101bb7945::input-params ::GET::::{}
2024-06-25 08:59:54::info::/v1/api/serviceCategory/readServiceCategoriesWithServices/665edd23fa87b27398b73d10::a072eff4-2c8d-4e58-afb4-04fce2861cea::input-params ::GET::::{}
2024-06-25 09:00:07::info::/v1/api/user/me::ae0c53d5-e282-4b1f-a9f9-e043fce19c3d::input-params ::GET::::{}
2024-06-25 09:00:07::info::/v1/api/user/readUserProfile/665edd23fa87b27398b73d10::705ce9ba-b2a5-41c2-80ff-659ec8a8f549::input-params ::GET::::{}
2024-06-25 09:00:07::info::/v1/api/serviceCategory/readServiceCategoriesWithServices/665edd23fa87b27398b73d10::a8fe7909-b30a-4447-b9ec-853fc3f08763::input-params ::GET::::{}
2024-06-25 09:05:36::info::/v1/api/user/me::aa620ba3-6dd6-431f-9bbd-ab60894ebadd::input-params ::GET::::{}
2024-06-25 09:05:36::info::/v1/api/user/readUserProfile/665edd23fa87b27398b73d10::6abfaa9b-f7d6-42fa-90eb-b454e5adb2d1::input-params ::GET::::{}
2024-06-25 09:05:36::info::/v1/api/serviceCategory/readServiceCategoriesWithServices/665edd23fa87b27398b73d10::e7fa377d-289d-4cc4-b2c5-0ba31bb675be::input-params ::GET::::{}
2024-06-25 09:05:58::info::/v1/api/user/me::8f9699f5-e642-448d-9647-164903eaa920::input-params ::GET::::{}
2024-06-25 09:05:58::info::/v1/api/user/readUserProfile/665edd23fa87b27398b73d10::4ea44cd8-2def-402b-8d40-9d2caea246bb::input-params ::GET::::{}
2024-06-25 09:05:58::info::/v1/api/serviceCategory/readServiceCategoriesWithServices/665edd23fa87b27398b73d10::36b0a594-3b14-44c9-a28a-ddcadcc5701c::input-params ::GET::::{}
2024-06-25 09:06:14::info::/v1/api/serviceCategory/readServiceCategoriesWithServices/665edd23fa87b27398b73d10::fc2af652-a8a8-4e8c-a58b-0e638efbcdcf::input-params ::GET::::{}
2024-06-25 09:06:18::info::/v1/api/user/me::0f921b98-a327-4aa3-894e-073b15bde596::input-params ::GET::::{}
2024-06-25 09:06:18::info::/v1/api/user/readUserProfile/665edd23fa87b27398b73d10::6a036801-2ef1-4dbd-a67e-4bb19d9702ea::input-params ::GET::::{}
2024-06-25 09:06:18::info::/v1/api/serviceCategory/readServiceCategoriesWithServices/665edd23fa87b27398b73d10::0bd91fdf-844f-4e7c-8823-61bd0f4fe06c::input-params ::GET::::{}
2024-06-25 09:06:48::info::/v1/api/user/me::829b22a6-8188-4bf0-a661-b85e79c132a3::input-params ::GET::::{}
2024-06-25 09:06:48::info::/v1/api/user/readUserProfile/665edd23fa87b27398b73d10::4a0c6dac-58dc-4b16-a856-e33c1c603b53::input-params ::GET::::{}
2024-06-25 09:06:48::info::/v1/api/serviceCategory/readServiceCategoriesWithServices/665edd23fa87b27398b73d10::cf846e21-5175-45e0-8757-1f3924d9ed33::input-params ::GET::::{}
2024-06-25 09:07:14::info::/v1/api/user/readUserProfile/665edd23fa87b27398b73d10::be958479-4730-4285-bd7f-ba571bae96f1::input-params ::GET::::{}
2024-06-25 09:07:16::info::/v1/api/serviceCategory/readServiceCategoriesWithServices/665edd23fa87b27398b73d10::f86377a6-204e-421b-b5be-913236e9d6d8::input-params ::GET::::{}
2024-06-25 09:07:25::info::/v1/api/user/me::90cf0f91-be43-4662-b797-a051c838d85d::input-params ::GET::::{}
2024-06-25 09:07:25::info::/v1/api/user/readUserProfile/665edd23fa87b27398b73d10::2b398e28-9ae6-4a0a-a982-cfe300b4193e::input-params ::GET::::{}
2024-06-25 09:07:25::info::/v1/api/serviceCategory/readServiceCategoriesWithServices/665edd23fa87b27398b73d10::c165db96-c5c7-4a9b-bfaa-54f8da8cb070::input-params ::GET::::{}
