2024-07-08 08:41:18::error::/v1/api/order/readMemberOrderHistory::4495b7f7-771f-4b9c-910e-305a1ea86903::404 - NaNms - Response: {"status":404}::{"message":"Not Found"}
2024-07-08 09:34:01::error::/v1/api/postCategory/createPostCategory::3ef0f446-796d-47e6-9622-e3ce7e35b761::undefined - NaNms - Response: {"index":0,"code":11000,"keyPattern":{"title":1},"keyValue":{"title":"album04"}}::{"message":"E11000 duplicate key error collection: Fiyonce.PostCategories index: title_1 dup key: { title: \"album04\" }"}
2024-07-08 09:42:35::error::/v1/api/order/readMemberOrderHistory::dea6d5ca-b553-4ec4-a8c2-8d0997582422::404 - NaNms - Response: {"status":404}::{"message":"Not Found"}
2024-07-08 13:07:42::error::/v1/api/post/readPost/x::337f1950-868f-4505-8531-659c14fe2e2c::undefined - NaNms - Response: {"stringValue":"\"x\"","valueType":"string","kind":"ObjectId","value":"x","path":"_id","reason":{},"name":"CastError","message":"Cast to ObjectId failed for value \"x\" (type string) at path \"_id\" for model \"Post\""}::{"message":"Cast to ObjectId failed for value \"x\" (type string) at path \"_id\" for model \"Post\""}
2024-07-08 13:13:01::error::/v1/api/post/updatePost/668b502dab18060593f600a9::0f6fa7b6-0806-4d58-940c-32d75f959335::undefined - NaNms - Response: {}::{"message":"Post update failed"}
2024-07-08 13:13:13::error::/v1/api/post/updatePost/668b502dab18060593f600a9::0706e12b-2e81-4e98-a8b3-72a2815de85c::undefined - NaNms - Response: {}::{"message":"Post update failed"}
2024-07-08 13:13:47::error::/v1/api/post/updatePost/668b502dab18060593f600a9::61b9dc0b-3bb4-498b-9828-1be54c08381b::undefined - NaNms - Response: {}::{"message":"Post update failed"}
2024-07-08 13:14:30::error::/v1/api/post/updatePost/668b502dab18060593f600a9::87dd5e24-5deb-45d7-9cf4-1df582e6fc75::undefined - NaNms - Response: {}::{"message":"Post update failed"}
2024-07-08 13:15:34::error::/v1/api/post/updatePost/668b502dab18060593f600a9::decb9f6a-ea67-4fde-801e-55b27d5a66b4::undefined - NaNms - Response: {}::{"message":"Post update failed"}
2024-07-08 13:20:24::error::/v1/api/post/updatePost/668b502dab18060593f600a9::45cac647-3293-439f-ada2-d95f036af4e9::undefined - NaNms - Response: {}::{"message":"Post update failed"}
2024-07-08 14:32:58::error::/v1/api/post/createPost::533034d8-e01d-4266-a13e-f5cc4e4bc064::403 - 0ms - Response: {"status":403,"now":1720423978835}::{"message":"Please provide artwork files"}
2024-07-08 14:33:22::error::/v1/api/post/updatePost/668b9637f0595b6f6787ac90::80892bff-e641-4bbc-a366-9b8da83606cd::undefined - NaNms - Response: {}::{"message":"Post update failed"}
2024-07-08 14:38:00::error::/v1/api/order/readMemberOrderHistory::a7f6f181-5a38-408c-8de1-9ff95b877e0e::404 - NaNms - Response: {"status":404}::{"message":"Not Found"}
2024-07-08 14:39:05::error::/v1/api/order/readMemberOrderHistory::db5ccff7-5a28-4da3-88ac-68031f501a6f::404 - NaNms - Response: {"status":404}::{"message":"Not Found"}
2024-07-08 14:39:06::error::/v1/api/order/readMemberOrderHistory::323c08ce-6646-46a1-b2b2-9212a0af53f1::404 - NaNms - Response: {"status":404}::{"message":"Not Found"}
2024-07-08 14:39:20::error::/v1/api/order/readMemberOrderHistory::cbddbc12-c298-4599-97f5-ce024d69d135::404 - NaNms - Response: {"status":404}::{"message":"Not Found"}
2024-07-08 14:39:22::error::/v1/api/order/readMemberOrderHistory::1d970bdc-358e-42a7-a4fe-9c9ff4843846::404 - NaNms - Response: {"status":404}::{"message":"Not Found"}
2024-07-08 14:39:29::error::/v1/api/order/readMemberOrderHistory::1dd2c779-9b59-4444-9f9a-47b8897c2c10::404 - NaNms - Response: {"status":404}::{"message":"Not Found"}
2024-07-08 14:40:06::error::/v1/api/order/readMemberOrderHistory::787b8e94-0bfc-4611-9410-8e1b744de4a9::404 - NaNms - Response: {"status":404}::{"message":"Not Found"}
2024-07-08 14:40:24::error::/v1/api/order/readMemberOrderHistory::49744827-12c3-420e-b6eb-56eff7f45613::404 - NaNms - Response: {"status":404}::{"message":"Not Found"}
2024-07-08 14:40:57::error::/v1/api/order/readMemberOrderHistory::041676d9-20e9-4f53-a8ca-f973f73640c7::404 - NaNms - Response: {"status":404}::{"message":"Not Found"}
2024-07-08 14:41:12::error::/v1/api/order/readMemberOrderHistory::eb2f280a-4d8c-4d25-aa21-3b7660ee116b::404 - NaNms - Response: {"status":404}::{"message":"Not Found"}
2024-07-08 14:41:32::error::/v1/api/order/readMemberOrderHistory::88af02bd-d079-4f18-89d9-c3de1f9679d5::404 - NaNms - Response: {"status":404}::{"message":"Not Found"}
2024-07-08 14:41:40::error::/v1/api/order/readMemberOrderHistory::8ea70c51-fada-43b9-bd2a-8c2b9a4a1fe5::404 - NaNms - Response: {"status":404}::{"message":"Not Found"}
2024-07-08 14:42:55::error::/v1/api/order/readMemberOrderHistory::92776462-b15a-4e3c-82ac-aefe15a1cbb2::404 - NaNms - Response: {"status":404}::{"message":"Not Found"}
2024-07-08 14:43:08::error::/v1/api/order/readMemberOrderHistory::72f19983-409d-4a0e-ad26-3a7884c2419a::404 - NaNms - Response: {"status":404}::{"message":"Not Found"}
2024-07-08 14:43:20::error::/v1/api/order/readMemberOrderHistory::b9e668a2-9f42-4f08-b502-f32eb806ea76::404 - NaNms - Response: {"status":404}::{"message":"Not Found"}
2024-07-08 14:43:53::error::/v1/api/order/readMemberOrderHistory::d3fe210d-0485-4b97-8acb-edb11e1958e3::404 - NaNms - Response: {"status":404}::{"message":"Not Found"}
2024-07-08 14:43:54::error::/v1/api/order/readMemberOrderHistory::01f84484-df69-4867-b77a-1df36d439a3c::404 - NaNms - Response: {"status":404}::{"message":"Not Found"}
2024-07-08 14:43:59::error::/v1/api/order/readMemberOrderHistory::63064145-36b6-4baa-9160-d9d9758edef4::404 - NaNms - Response: {"status":404}::{"message":"Not Found"}
2024-07-08 14:45:11::error::/v1/api/order/readMemberOrderHistory::acb6f63d-d84f-4451-a03a-c7f6461ca763::404 - NaNms - Response: {"status":404}::{"message":"Not Found"}
2024-07-08 14:45:21::error::/v1/api/order/readMemberOrderHistory::af52a133-1329-4741-ab59-ad2a3ada4c0b::404 - NaNms - Response: {"status":404}::{"message":"Not Found"}
2024-07-08 14:45:37::error::/v1/api/order/readMemberOrderHistory::62f51474-a0c4-497f-8dbd-2ff03fd573ae::404 - NaNms - Response: {"status":404}::{"message":"Not Found"}
2024-07-08 14:45:37::error::/v1/api/order/readMemberOrderHistory::46269e02-a680-4dd8-9763-fad6f7d70a15::404 - NaNms - Response: {"status":404}::{"message":"Not Found"}
2024-07-08 14:45:38::error::/v1/api/order/readMemberOrderHistory::1c5519a2-ed67-4123-9687-34c4b273e3a1::404 - NaNms - Response: {"status":404}::{"message":"Not Found"}
2024-07-08 14:46:12::error::/v1/api/order/readMemberOrderHistory::302dae36-3a18-4be1-a674-48725ada633d::404 - NaNms - Response: {"status":404}::{"message":"Not Found"}
2024-07-08 14:46:14::error::/v1/api/order/readMemberOrderHistory::23fa4f81-e2e7-4a56-8085-cd547e4e201b::404 - NaNms - Response: {"status":404}::{"message":"Not Found"}
2024-07-08 14:46:33::error::/v1/api/order/readMemberOrderHistory::184045f2-d00b-463f-9737-07212d053b77::404 - NaNms - Response: {"status":404}::{"message":"Not Found"}
2024-07-08 14:46:34::error::/v1/api/order/readMemberOrderHistory::63ad28e4-85f2-4159-b4ab-f6ca6d100359::404 - NaNms - Response: {"status":404}::{"message":"Not Found"}
2024-07-08 14:46:48::error::/v1/api/order/readMemberOrderHistory::776bcf74-5800-4f4c-a275-30d71e2c5ee3::404 - NaNms - Response: {"status":404}::{"message":"Not Found"}
2024-07-08 14:46:48::error::/v1/api/order/readMemberOrderHistory::0884153b-c94f-429e-8dbf-cd457b27f878::404 - NaNms - Response: {"status":404}::{"message":"Not Found"}
2024-07-08 14:47:12::error::/v1/api/order/readMemberOrderHistory::e96c8b90-dce8-47ff-912c-85418f2a3cf7::404 - NaNms - Response: {"status":404}::{"message":"Not Found"}
2024-07-08 14:47:20::error::/v1/api/order/readMemberOrderHistory::a8716aed-30a5-409f-afb0-b29354956d4e::404 - NaNms - Response: {"status":404}::{"message":"Not Found"}
2024-07-08 14:47:33::error::/v1/api/order/readMemberOrderHistory::73d373ca-37f6-47be-9097-1f088274e8b9::404 - NaNms - Response: {"status":404}::{"message":"Not Found"}
2024-07-08 14:47:37::error::/v1/api/order/readMemberOrderHistory::7817d055-3ee0-4903-a259-f6c39f3dbc3c::404 - NaNms - Response: {"status":404}::{"message":"Not Found"}
2024-07-08 14:47:51::error::/v1/api/order/readMemberOrderHistory::3c66d798-3948-4276-b3fb-fc647454328a::404 - NaNms - Response: {"status":404}::{"message":"Not Found"}
2024-07-08 14:47:57::error::/v1/api/order/readMemberOrderHistory::88963639-a829-4b6b-8ac4-e9d845e9de5f::404 - NaNms - Response: {"status":404}::{"message":"Not Found"}
2024-07-08 14:48:15::error::/v1/api/order/readMemberOrderHistory::32c699fa-5918-4c99-a1ac-b45745298b4b::404 - NaNms - Response: {"status":404}::{"message":"Not Found"}
2024-07-08 14:48:16::error::/v1/api/order/readMemberOrderHistory::2f77e829-c0f5-4bb1-9b75-bf9a05e30a0c::404 - NaNms - Response: {"status":404}::{"message":"Not Found"}
2024-07-08 16:38:42::error::/v1/api/order/readMemberOrderHistory::f40d8ddc-8b36-4593-867f-b3bb564cc701::404 - NaNms - Response: {"status":404}::{"message":"Not Found"}
2024-07-08 16:51:26::error::/v1/api/order/readMemberOrderHistory::078aa9c7-6d15-4b05-9051-195e79ba713a::404 - NaNms - Response: {"status":404}::{"message":"Not Found"}
2024-07-08 17:30:14::error::/v1/api/order/readMemberOrderHistory::0670b393-c9cf-41e0-a6f6-e06ceddab149::404 - NaNms - Response: {"status":404}::{"message":"Not Found"}
2024-07-08 17:46:00::error::/v1/api/order/readMemberOrderHistory::8cb745b5-5e1b-4b1c-817a-8aa5fa56888a::404 - NaNms - Response: {"status":404}::{"message":"Not Found"}
2024-07-08 17:48:34::error::/v1/api/order/readMemberOrderHistory::37191504-9593-4bc1-9dde-0cd88a31f363::404 - NaNms - Response: {"status":404}::{"message":"Not Found"}
2024-07-08 17:48:36::error::/v1/api/order/readMemberOrderHistory::d21e2b00-3441-4adf-bfc4-f9acc7f12ca0::404 - NaNms - Response: {"status":404}::{"message":"Not Found"}
2024-07-08 18:00:04::error::/v1/api/post/deletePost/668b9637f0595b6f6787ac90::4a19edce-3184-499e-b64a-bece51735c69::404 - 1ms - Response: {"status":404,"now":1720436404240}::{"message":"Post not found"}
2024-07-08 18:00:18::error::/v1/api/post/readPost/668b502dab18060593f600a9::17e5c0af-11ca-4d74-8bfd-9f7b24f97a00::404 - 0ms - Response: {"status":404,"now":1720436418457}::{"message":"Post not found"}
2024-07-08 19:19:49::error::/v1/api/post/deletePost/668b5019ab18060593f60075::9a5185c2-e546-430e-b72a-7d0404c53d19::404 - 0ms - Response: {"status":404,"now":1720441189686}::{"message":"Post not found"}
2024-07-08 19:20:20::error::/v1/api/post/deletePdfsdfsost/668a604e154ee7c6fbc64478::aed33257-f732-4511-9715-c775ab8fa95e::404 - NaNms - Response: {"status":404}::{"message":"Not Found"}
2024-07-08 19:20:27::error::/v1/api/post/deletePdfsdfsost/668a604e154ee7c6fbc64478::96738553-103e-42a0-a7b7-a5deeb40d57f::404 - NaNms - Response: {"status":404}::{"message":"Not Found"}
2024-07-08 19:21:38::error::/v1/api/post/deletedfefrrePost/668a60b6154ee7c6fbc644a2::35fa1349-4e3e-47c2-ae71-f0381986f180::404 - NaNms - Response: {"status":404}::{"message":"Not Found"}
2024-07-08 19:22:02::error::/v1/api/post/deletedfefrrePost/668a60b6154ee7c6fbc644a2::cea6e01e-c808-44aa-9d0d-8878d3911cc9::404 - NaNms - Response: {"status":404}::{"message":"Not Found"}
2024-07-08 19:22:17::error::/v1/api/post/deletedfefrrePost/668a60b6154ee7c6fbc644a2::38060472-688c-43aa-9e8a-d59926561d3e::404 - NaNms - Response: {"status":404}::{"message":"Not Found"}
2024-07-08 19:58:28::error::/v1/api/order/readMemberOrderHistory::419c2b90-eedf-4016-bba0-58584ea7f82f::404 - NaNms - Response: {"status":404}::{"message":"Not Found"}
2024-07-08 19:58:37::error::/v1/api/order/readMemberOrderHistory::44d09374-4772-4559-8223-6f5291bdd83a::404 - NaNms - Response: {"status":404}::{"message":"Not Found"}
2024-07-08 19:58:45::error::/v1/api/order/readMemberOrderHistory::617acd7e-5692-4a74-807c-bb5947bc6fe8::404 - NaNms - Response: {"status":404}::{"message":"Not Found"}
2024-07-08 19:59:11::error::/v1/api/order/readMemberOrderHistory::5b22dac3-16bc-404a-a230-f10ba5b446c7::404 - NaNms - Response: {"status":404}::{"message":"Not Found"}
2024-07-08 19:59:11::error::/v1/api/order/readMemberOrderHistory::14d55b94-d158-43b4-913f-e6332737ee4b::404 - NaNms - Response: {"status":404}::{"message":"Not Found"}
2024-07-08 19:59:16::error::/v1/api/order/readMemberOrderHistory::cb5cb5b2-1c26-429a-9be5-981d7cca4fc7::404 - NaNms - Response: {"status":404}::{"message":"Not Found"}
2024-07-08 19:59:17::error::/v1/api/order/readMemberOrderHistory::d7130a32-6a15-4ffa-b302-67c7c7a98f70::404 - NaNms - Response: {"status":404}::{"message":"Not Found"}
2024-07-08 20:00:23::error::/v1/api/order/readMemberOrderHistory::41a67ec2-b1b9-4712-ae7f-be76f852dab9::404 - NaNms - Response: {"status":404}::{"message":"Not Found"}
2024-07-08 20:00:38::error::/v1/api/order/readMemberOrderHistory::3e3e1044-f186-4e27-87fb-4baae09045a2::404 - NaNms - Response: {"status":404}::{"message":"Not Found"}
2024-07-08 20:00:42::error::/v1/api/order/readMemberOrderHistory::647da309-5631-4b2c-a221-0cb0a8a4ecf0::404 - NaNms - Response: {"status":404}::{"message":"Not Found"}
2024-07-08 20:01:25::error::/v1/api/order/readMemberOrderHistory::db6c1099-6f1d-4e47-a20a-e22814b2ecde::404 - NaNms - Response: {"status":404}::{"message":"Not Found"}
2024-07-08 20:02:09::error::/v1/api/order/readMemberOrderHistory::b94ca4f4-72e5-491d-b2cf-ed5835a2be62::404 - NaNms - Response: {"status":404}::{"message":"Not Found"}
2024-07-08 20:02:30::error::/v1/api/order/readMemberOrderHistory::156039a4-9315-414c-8238-0c51ea4e4f46::404 - NaNms - Response: {"status":404}::{"message":"Not Found"}
2024-07-08 20:02:34::error::/v1/api/order/readMemberOrderHistory::6b6b6e33-3092-4a1c-aff5-66f9acd59771::404 - NaNms - Response: {"status":404}::{"message":"Not Found"}
2024-07-08 20:02:39::error::/v1/api/order/readMemberOrderHistory::c4409dab-0fd6-45e2-b4c0-9433725616c6::404 - NaNms - Response: {"status":404}::{"message":"Not Found"}
2024-07-08 20:02:49::error::/v1/api/order/readMemberOrderHistory::a80021ee-f7fa-43d0-9e90-8969ad6426e5::404 - NaNms - Response: {"status":404}::{"message":"Not Found"}
2024-07-08 20:03:13::error::/v1/api/order/readMemberOrderHistory::46e282bf-4074-4530-8310-7234e9e22e50::404 - NaNms - Response: {"status":404}::{"message":"Not Found"}
2024-07-08 20:03:28::error::/v1/api/order/readMemberOrderHistory::3e504df7-08fb-4075-b1d1-5d197050002f::404 - NaNms - Response: {"status":404}::{"message":"Not Found"}
2024-07-08 20:03:29::error::/v1/api/order/readMemberOrderHistory::7cfb7193-42b2-4988-be57-03aee4e1559d::404 - NaNms - Response: {"status":404}::{"message":"Not Found"}
2024-07-08 20:04:09::error::/v1/api/order/readMemberOrderHistory::e6cd74e3-cc93-445c-915f-89b61483031a::404 - NaNms - Response: {"status":404}::{"message":"Not Found"}
2024-07-08 20:04:11::error::/v1/api/order/readMemberOrderHistory::c7c4b262-bcd9-4b2d-997f-b613cb245a00::404 - NaNms - Response: {"status":404}::{"message":"Not Found"}
2024-07-08 20:04:20::error::/v1/api/order/readMemberOrderHistory::e0bcae31-6b9f-45a1-8332-21a519a2f31a::404 - NaNms - Response: {"status":404}::{"message":"Not Found"}
2024-07-08 20:04:25::error::/v1/api/order/readMemberOrderHistory::7ed51aaa-7195-49c2-9ae6-c9e8266bec4f::404 - NaNms - Response: {"status":404}::{"message":"Not Found"}
2024-07-08 20:04:46::error::/v1/api/order/readMemberOrderHistory::8a0dfe70-9e52-4fed-9a77-8ff2aa2a4189::404 - NaNms - Response: {"status":404}::{"message":"Not Found"}
2024-07-08 20:05:18::error::/v1/api/order/readMemberOrderHistory::442d100f-7e90-4e9c-90b9-6c847f30381c::404 - NaNms - Response: {"status":404}::{"message":"Not Found"}
2024-07-08 20:05:28::error::/v1/api/order/readMemberOrderHistory::0e6c8492-e490-450b-be6b-1663ada51b9a::404 - NaNms - Response: {"status":404}::{"message":"Not Found"}
2024-07-08 20:06:04::error::/v1/api/order/readMemberOrderHistory::34ce8d0e-812d-4a4f-bf3c-c570535d8a7e::404 - NaNms - Response: {"status":404}::{"message":"Not Found"}
2024-07-08 20:06:13::error::/v1/api/order/readMemberOrderHistory::2810e54a-0815-4ca6-8057-8614ada45d61::404 - NaNms - Response: {"status":404}::{"message":"Not Found"}
2024-07-08 20:06:57::error::/v1/api/order/readMemberOrderHistory::142d7365-78fc-4539-965f-d197b51654b0::404 - NaNms - Response: {"status":404}::{"message":"Not Found"}
2024-07-08 20:11:59::error::/v1/api/order/readMemberOrderHistory::f9d1b741-f1a8-4fef-94fe-9f056674eb80::404 - NaNms - Response: {"status":404}::{"message":"Not Found"}
2024-07-08 20:12:19::error::/v1/api/order/readMemberOrderHistory::62f59b3e-3f11-42d6-8350-26c119d06543::404 - NaNms - Response: {"status":404}::{"message":"Not Found"}
2024-07-08 20:12:31::error::/v1/api/order/readMemberOrderHistory::576c463d-7d02-48eb-86aa-051667ee3b19::404 - NaNms - Response: {"status":404}::{"message":"Not Found"}
2024-07-08 20:12:50::error::/v1/api/order/readMemberOrderHistory::5bc1db3d-0c2c-43cb-b680-0145546d27e0::404 - NaNms - Response: {"status":404}::{"message":"Not Found"}
2024-07-08 20:12:53::error::/v1/api/order/readMemberOrderHistory::46efd854-51cd-43cd-b1cd-b34a05163a64::404 - NaNms - Response: {"status":404}::{"message":"Not Found"}
2024-07-08 20:13:02::error::/v1/api/order/readMemberOrderHistory::714eb718-9ab9-4037-816e-ccf6886d83e9::404 - NaNms - Response: {"status":404}::{"message":"Not Found"}
2024-07-08 20:13:06::error::/v1/api/order/readMemberOrderHistory::aa0f19f4-3981-426e-9a3e-58e1ade63105::404 - NaNms - Response: {"status":404}::{"message":"Not Found"}
2024-07-08 20:14:06::error::/v1/api/order/readMemberOrderHistory::2d96ab7b-64f6-48f5-bbb6-afcf364a0b65::404 - NaNms - Response: {"status":404}::{"message":"Not Found"}
2024-07-08 20:14:44::error::/v1/api/order/readMemberOrderHistory::0feb680d-052f-4d2b-a773-5cd72ca69e79::404 - NaNms - Response: {"status":404}::{"message":"Not Found"}
2024-07-08 20:14:52::error::/v1/api/order/readMemberOrderHistory::4fe44c3b-6241-45e4-a1c4-fa3d2adff9b3::404 - NaNms - Response: {"status":404}::{"message":"Not Found"}
2024-07-08 20:14:53::error::/v1/api/order/readMemberOrderHistory::153e7e62-8c6c-4885-b120-83b3e2257722::404 - NaNms - Response: {"status":404}::{"message":"Not Found"}
2024-07-08 20:14:53::error::/v1/api/order/readMemberOrderHistory::8f2e998c-72c1-4f25-83a3-7b26b59a43a8::404 - NaNms - Response: {"status":404}::{"message":"Not Found"}
2024-07-08 20:16:45::error::/v1/api/order/readMemberOrderHistory::83e2a91e-4b4d-4740-b930-635b6aadc229::404 - NaNms - Response: {"status":404}::{"message":"Not Found"}
2024-07-08 20:26:43::error::/v1/api/post/updatePost/668be6ec7e77f67cfd681c2e::0307a161-0d44-4e68-adbf-1c1dce84b3ee::undefined - NaNms - Response: {}::{"message":"Post update failed"}
2024-07-08 20:27:44::error::/v1/api/post/updatePost/668be6ec7e77f67cfd681c2e::09b6fe85-d01c-4243-b729-3f0818c1fbf7::undefined - NaNms - Response: {}::{"message":"Post update failed"}
2024-07-08 20:43:26::error::/v1/api/post/createPost::c45a7c99-4fc1-4f4c-bd63-a46c13c08f3e::403 - 1ms - Response: {"status":403,"now":1720446206175}::{"message":"Please provide artwork files"}
2024-07-08 20:43:47::error::/v1/api/post/createPost::6fa5faa4-1d13-42de-9cb1-189027e2fda6::undefined - NaNms - Response: {}::{"message":"File upload or database save failed"}
2024-07-08 20:53:53::error::/v1/api/order/readMemberOrderHistory::8ca40945-65a5-47f7-b2bf-51698b4110c5::404 - NaNms - Response: {"status":404}::{"message":"Not Found"}
2024-07-08 20:56:52::error::/v1/api/post/deletePost/undefined::e8bde527-4dc1-4b52-8dd5-7b0e8a2cfbd5::undefined - NaNms - Response: {"stringValue":"\"undefined\"","valueType":"string","kind":"ObjectId","value":"undefined","path":"_id","reason":{},"name":"CastError","message":"Cast to ObjectId failed for value \"undefined\" (type string) at path \"_id\" for model \"Post\""}::{"message":"Cast to ObjectId failed for value \"undefined\" (type string) at path \"_id\" for model \"Post\""}
2024-07-08 20:56:58::error::/v1/api/post/deletePost/undefined::2ad78a1a-8e75-4a3b-8b5f-3622e627163c::undefined - NaNms - Response: {"stringValue":"\"undefined\"","valueType":"string","kind":"ObjectId","value":"undefined","path":"_id","reason":{},"name":"CastError","message":"Cast to ObjectId failed for value \"undefined\" (type string) at path \"_id\" for model \"Post\""}::{"message":"Cast to ObjectId failed for value \"undefined\" (type string) at path \"_id\" for model \"Post\""}
