2024-06-27 09:51:01::error::/v1/api/user/me::658a875e-60d2-460b-8e48-707e93a3f985::403 - 1ms - Response: {"status":403,"now":1719456661759}::{"message":"Access token missing"}
2024-06-27 10:17:01::error::/v1/api/c::388c5011-d2b1-478f-9aa0-7b68c5085525::404 - NaNms - Response: {"status":404}::{"message":"Not Found"}
2024-06-27 10:39:09::error::/v1/api/termOfService/readTermOfServices::70dd7d44-d824-4941-aa42-86f6c2a7b04b::undefined - NaNms - Response: {}::{"message":"CommissionService is not defined"}
2024-06-27 10:39:11::error::/v1/api/termOfService/readTermOfServices::9f1a6b1d-9318-41d7-9608-a4ea88bffdc8::undefined - NaNms - Response: {}::{"message":"CommissionService is not defined"}
2024-06-27 10:39:13::error::/v1/api/termOfService/readTermOfServices::93c2c162-6e91-4d2a-8a45-441ca2aaaf5e::undefined - NaNms - Response: {}::{"message":"CommissionService is not defined"}
2024-06-27 10:39:14::error::/v1/api/termOfService/readTermOfServices::df97762a-4545-412b-8ed1-dbfef2e969ae::undefined - NaNms - Response: {}::{"message":"CommissionService is not defined"}
2024-06-27 12:01:27::error::/v1/api/talentRequest/viewTalentRequestsByStatus/pending::fbfbdf7d-a046-497b-860e-11c33d0b2796::404 - NaNms - Response: {"status":404}::{"message":"Not Found"}
2024-06-27 12:01:28::error::/v1/api/talentRequest/viewTalentRequestsByStatus/pending::5d43b07c-6a41-4bf4-9fee-495cbc7f9f6c::404 - NaNms - Response: {"status":404}::{"message":"Not Found"}
2024-06-27 12:01:30::error::/v1/api/talentRequest/viewTalentRequestsByStatus/pending::0ea4d0ea-1c74-4c87-ac7b-edb28208020f::404 - NaNms - Response: {"status":404}::{"message":"Not Found"}
2024-06-27 12:01:34::error::/v1/api/talentRequest/viewTalentRequestsByStatus/pending::e47682b2-40b8-4983-af16-29478f5e8373::404 - NaNms - Response: {"status":404}::{"message":"Not Found"}
2024-06-27 12:01:45::error::/v1/api/talentRequest/viewTalentRequestsByStatus/pending::42c31be1-ebcc-470f-bb08-0aa190497182::404 - NaNms - Response: {"status":404}::{"message":"Not Found"}
2024-06-27 12:01:46::error::/v1/api/talentRequest/viewTalentRequestsByStatus/pending::a962734a-5f47-430f-9852-8beb51163ea8::404 - NaNms - Response: {"status":404}::{"message":"Not Found"}
2024-06-27 12:01:48::error::/v1/api/talentRequest/viewTalentRequestsByStatus/pending::6c6376bf-aec7-4894-a907-d30d6602b80e::404 - NaNms - Response: {"status":404}::{"message":"Not Found"}
2024-06-27 12:01:52::error::/v1/api/talentRequest/viewTalentRequestsByStatus/pending::decdfb95-3d7f-447f-a7d6-fc13a3d17297::404 - NaNms - Response: {"status":404}::{"message":"Not Found"}
2024-06-27 12:03:40::error::/v1/api/talentRequest/viewTalentRequestsByStatus/pending::a6a3890d-562e-4f02-a42a-a3ce0ca052f5::404 - NaNms - Response: {"status":404}::{"message":"Not Found"}
2024-06-27 12:03:41::error::/v1/api/talentRequest/viewTalentRequestsByStatus/pending::46afc2d7-42df-469e-afea-bad36f23f76e::404 - NaNms - Response: {"status":404}::{"message":"Not Found"}
2024-06-27 12:03:43::error::/v1/api/talentRequest/viewTalentRequestsByStatus/pending::c6194722-57d8-4745-893e-98b98c672113::404 - NaNms - Response: {"status":404}::{"message":"Not Found"}
2024-06-27 12:03:47::error::/v1/api/talentRequest/viewTalentRequestsByStatus/pending::1c6d99e9-5d79-4e77-a854-3a7e18c4fab5::404 - NaNms - Response: {"status":404}::{"message":"Not Found"}
2024-06-27 16:23:14::error::/v1/api/movement/updateMovement/[object%20FormData]::b1e13a33-498b-4ad6-b529-824e965fe27a::undefined - NaNms - Response: {"stringValue":"\"[object FormData]\"","valueType":"string","kind":"ObjectId","value":"[object FormData]","path":"_id","reason":{},"name":"CastError","message":"Cast to ObjectId failed for value \"[object FormData]\" (type string) at path \"_id\" for model \"Movement\""}::{"message":"Cast to ObjectId failed for value \"[object FormData]\" (type string) at path \"_id\" for model \"Movement\""}
2024-06-27 16:24:45::error::/v1/api/movement/updateMovement/undefined::bb4d367f-8f83-4947-b86e-4d74d394225d::undefined - NaNms - Response: {"stringValue":"\"undefined\"","valueType":"string","kind":"ObjectId","value":"undefined","path":"_id","reason":{},"name":"CastError","message":"Cast to ObjectId failed for value \"undefined\" (type string) at path \"_id\" for model \"Movement\""}::{"message":"Cast to ObjectId failed for value \"undefined\" (type string) at path \"_id\" for model \"Movement\""}
2024-06-27 16:24:55::error::/v1/api/movement/updateMovement/undefined::42c0e74e-12f1-4ba8-a5f6-175cf599ef92::undefined - NaNms - Response: {"stringValue":"\"undefined\"","valueType":"string","kind":"ObjectId","value":"undefined","path":"_id","reason":{},"name":"CastError","message":"Cast to ObjectId failed for value \"undefined\" (type string) at path \"_id\" for model \"Movement\""}::{"message":"Cast to ObjectId failed for value \"undefined\" (type string) at path \"_id\" for model \"Movement\""}
2024-06-27 16:27:25::error::/v1/api/movement/updateMovement/undefined::6ed69536-6940-47f6-9262-0e4f92828738::400 - NaNms - Response: {"expose":true,"statusCode":400,"status":400,"body":"\"\"","type":"entity.parse.failed"}::{"message":"Unexpected token '\"', \"\"\"\" is not valid JSON"}
2024-06-27 16:28:13::error::/v1/api/movement/updateMovement/undefined::8e3b2376-b9f3-4f5a-84d8-ce3e00cce765::400 - NaNms - Response: {"expose":true,"statusCode":400,"status":400,"body":"\"\"","type":"entity.parse.failed"}::{"message":"Unexpected token '\"', \"\"\"\" is not valid JSON"}
2024-06-27 16:28:58::error::/v1/api/movement/updateMovement/undefined::a30032ee-4fcd-46c0-97f4-2cb9b6459088::400 - NaNms - Response: {"expose":true,"statusCode":400,"status":400,"body":"\"\"","type":"entity.parse.failed"}::{"message":"Unexpected token '\"', \"\"\"\" is not valid JSON"}
2024-06-27 16:36:07::error::/v1/api/movement/deleteMovement/undefined::0cd4e76e-0269-4000-8c1e-8a0dad5948d5::undefined - NaNms - Response: {"stringValue":"\"undefined\"","valueType":"string","kind":"ObjectId","value":"undefined","path":"_id","reason":{},"name":"CastError","message":"Cast to ObjectId failed for value \"undefined\" (type string) at path \"_id\" for model \"Movement\""}::{"message":"Cast to ObjectId failed for value \"undefined\" (type string) at path \"_id\" for model \"Movement\""}
2024-06-27 16:36:27::error::/v1/api/movement/deleteMovement/undefined::99731aa6-67d7-46d7-ab33-8c69d673e9a5::undefined - NaNms - Response: {"stringValue":"\"undefined\"","valueType":"string","kind":"ObjectId","value":"undefined","path":"_id","reason":{},"name":"CastError","message":"Cast to ObjectId failed for value \"undefined\" (type string) at path \"_id\" for model \"Movement\""}::{"message":"Cast to ObjectId failed for value \"undefined\" (type string) at path \"_id\" for model \"Movement\""}
