2024-10-01 10:47:26::error::/v1/api/proposal/sendProposal/66fb6fec7429f4b9fdd2d110::6e4501e5-67de-45e0-9f38-ce6549ba0a58::403 - 2ms - Response: {"status":403,"now":1727754446633}::{"message":"Vui lòng cập nhật mã số thuế của bạn để thực hiện thao tác này"}
2024-10-01 11:10:26::error::/v1/api/proposal/sendProposal/66fb6fec7429f4b9fdd2d110::34995455-80fb-455a-8e62-805cdf0a6e0c::undefined - NaNms - Response: {}::{"message":"Cannot read properties of undefined (reading 'length')"}
2024-10-01 14:27:25::error::/v1/api/user/me::6e358cd4-ffc1-4d8e-acc9-1760f5c22a6c::404 - 2ms - Response: {"status":404,"now":1727767645893}::{"message":"Bạn cần đăng nhập để thực hiện thao tác này"}
2024-10-01 14:27:26::error::/v1/api/user/me::31151ffb-2b84-49ed-9577-1672c26690a9::404 - 2ms - Response: {"status":404,"now":1727767646357}::{"message":"Bạn cần đăng nhập để thực hiện thao tác này"}
2024-10-01 14:27:43::error::/favicon.ico::7af93e78-a962-43bb-8b7f-e6e1019207ad::404 - NaNms - Response: {"status":404}::{"message":"Not Found"}
2024-10-01 14:27:52::error::/users/login::01f01f29-92c5-4c53-be19-5766d4c95ca2::404 - NaNms - Response: {"status":404}::{"message":"Not Found"}
2024-10-01 14:28:10::error::/v1/api/auth/users/login::862870e3-428b-4b3a-a60e-94447352fb92::401 - 1ms - Response: {"status":401,"now":1727767690283}::{"message":"Tài khoản hoặc mật khẩu không chính xác"}
2024-10-01 14:34:08::error::/v1/api/proposal/sendProposal/66fb6fec7429f4b9fdd2d110::33c7fef5-33de-4e10-89b9-157f34f80178::undefined - NaNms - Response: {}::{"message":"Cannot read properties of undefined (reading 'length')"}
2024-10-01 14:34:41::error::/v1/api/proposal/sendProposal/66fb6fec7429f4b9fdd2d110::badaad25-959a-4051-ba01-56cffa66026e::undefined - NaNms - Response: {}::{"message":"Cannot read properties of undefined (reading 'length')"}
2024-10-01 14:41:02::error::/v1/api/proposal/sendProposal/66fb6fec7429f4b9fdd2d110::2a339b4a-08f9-4133-a05c-527d46fe2e31::403 - 3ms - Response: {"status":403,"now":1727768462794}::{"message":"Vui lòng cập nhật mã số thuế của bạn để thực hiện thao tác này"}
2024-10-01 14:47:48::error::/v1/api/proposal/sendProposal/66fb6fec7429f4b9fdd2d110::3a87e8b1-703d-4fe2-9f7f-97a9dec9e6d2::403 - 3ms - Response: {"status":403,"now":1727768868708}::{"message":"Bạn đã gửi đơn ứng cho đơn hàng này rồi"}
2024-10-01 14:52:54::error::/v1/api/user/me::9c21f3c4-f841-41a8-872e-4934b4d99204::403 - 1ms - Response: {"status":403,"now":1727769174847}::{"message":"Access token missing"}
2024-10-01 14:54:43::error::/v1/api/notification/createNotification::589719ea-1aa5-4467-8709-f4745056cf76::undefined - NaNms - Response: {"errors":{"url":{"name":"ValidatorError","message":"Path `url` is required.","properties":{"message":"Path `url` is required.","type":"required","path":"url"},"kind":"required","path":"url"}},"_message":"Notification validation failed","name":"ValidationError","message":"Notification validation failed: url: Path `url` is required."}::{"message":"Notification validation failed: url: Path `url` is required."}
2024-10-01 14:55:40::error::/v1/api/conversation/readConversationWithOtherMember/66a5ac2d73370474cf4eb369::494eec78-b29c-452e-b71d-d20ad0c31e1b::undefined - NaNms - Response: {}::{"message":"Failed to read conversation"}
2024-10-01 14:55:46::error::/v1/api/conversation/readConversationWithOtherMember/66a5a6a373370474cf4eae1d::37feed6c-5d72-4329-b288-f96b3d8e23a3::undefined - NaNms - Response: {}::{"message":"Failed to read conversation"}
2024-10-01 14:55:51::error::/v1/api/conversation/readConversationWithOtherMember/66a5ac2d73370474cf4eb369::d29ab936-eecf-4453-ba05-eae92b4d414d::undefined - NaNms - Response: {}::{"message":"Failed to read conversation"}
2024-10-01 14:56:11::error::/v1/api/notification/createNotification::ebef50fc-5db5-4295-aaf2-b3758688803b::403 - 0ms - Response: {"status":403,"now":1727769371467}::{"message":"Invalid type"}
2024-10-01 14:56:23::error::/v1/api/conversation/readConversationWithOtherMember/66a5ac2d73370474cf4eb369::ec8364fd-1220-4354-8055-073931ceec19::undefined - NaNms - Response: {}::{"message":"Failed to read conversation"}
2024-10-01 14:56:23::error::/v1/api/conversation/readConversationWithOtherMember/66a5ac2d73370474cf4eb369::9533910e-bd76-48dc-b538-2fc5fa1a798a::undefined - NaNms - Response: {}::{"message":"Failed to read conversation"}
2024-10-01 14:56:34::error::/v1/api/conversation/readConversationWithOtherMember/66a5ac2d73370474cf4eb369::38d1af7c-f613-44a6-a1b0-9abfeec25594::undefined - NaNms - Response: {}::{"message":"Failed to read conversation"}
2024-10-01 15:03:21::error::/v1/api/conversation/readConversationWithOtherMember/66a5ac2d73370474cf4eb369::64c0b207-8e28-44da-88b7-c05e712b79a2::undefined - NaNms - Response: {}::{"message":"Failed to read conversation"}
2024-10-01 15:03:25::error::/v1/api/conversation/readConversationWithOtherMember/66a5ac2d73370474cf4eb369::30025dc5-ed7c-41bd-9b20-3cb0d8e06cb8::undefined - NaNms - Response: {}::{"message":"Failed to read conversation"}
2024-10-01 15:04:50::error::/v1/api/conversation/readConversationWithOtherMember/66a5ac2d73370474cf4eb369::f28b4d4c-e4fe-4e43-b742-2d821f92135a::undefined - NaNms - Response: {}::{"message":"Failed to read conversation"}
2024-10-01 15:08:57::error::/v1/api/conversation/readConversationWithOtherMember/66a5ac2d73370474cf4eb369::1b8a4154-797a-4bf0-ac61-6ba7eadb8970::undefined - NaNms - Response: {}::{"message":"Failed to read conversation"}
2024-10-01 15:17:40::error::/v1/api/conversation/readConversationWithOtherMember/66a5ac2d73370474cf4eb369::fed6f82f-540d-4546-8ebe-3e00e0bf39b9::undefined - NaNms - Response: {}::{"message":"Failed to read conversation"}
2024-10-01 15:26:03::error::/v1/api/conversation/readConversationWithOtherMember/66a5ac2d73370474cf4eb369::f4a12458-747f-4d67-acee-478e8052898e::undefined - NaNms - Response: {}::{"message":"Failed to read conversation"}
2024-10-01 15:27:42::error::/v1/api/conversation/readConversationWithOtherMember/66a5ac2d73370474cf4eb369::baea88c6-4d55-4359-b302-918093cc3213::undefined - NaNms - Response: {}::{"message":"Failed to read conversation"}
2024-10-01 15:30:49::error::/v1/api/proposal/generatePaymentUrl/66fba918970b2e7b9a89c55f::41a1a1fb-c36c-4114-8b95-b11955733ee3::403 - 1ms - Response: {"status":403,"now":1727771449527}::{"message":"Order is not approved"}
2024-10-01 15:32:41::error::/v1/api/proposal/generatePaymentUrl/66fba918970b2e7b9a89c55f::25ed5fc8-5205-44ea-90ee-c0fa8b727268::403 - 1ms - Response: {"status":403,"now":1727771561509}::{"message":"Order is not approved"}
2024-10-01 15:32:54::error::/v1/api/conversation/readConversationWithOtherMember/66a5ac2d73370474cf4eb369::5d4ea070-fc7b-40d2-a431-d5a65f943588::undefined - NaNms - Response: {}::{"message":"Failed to read conversation"}
2024-10-01 15:52:11::error::/v1/api/conversation/readConversationWithOtherMember/66a5ac2d73370474cf4eb369::f0a540a7-b361-4695-8c47-879d1b35761e::undefined - NaNms - Response: {}::{"message":"Failed to read conversation"}
2024-10-01 15:52:50::error::/v1/api/conversation/readConversationWithOtherMember/66a5ac2d73370474cf4eb369::df7b52b0-130b-45fd-9d28-38082d2b808a::undefined - NaNms - Response: {}::{"message":"Failed to read conversation"}
2024-10-01 15:53:05::error::/v1/api/conversation/readConversationWithOtherMember/66a5ac2d73370474cf4eb369::137704fa-1241-4e1a-8aba-0a3558d40175::undefined - NaNms - Response: {}::{"message":"Failed to read conversation"}
2024-10-01 16:09:28::error::/v1/api/order/deliverOrder/66fb6fec7429f4b9fdd2d110::c8ababe7-53d4-4fd7-bb81-e03785b45cfd::undefined - NaNms - Response: {}::{"message":"uploadFinalProduct is not defined"}
2024-10-01 16:11:16::error::/v1/api/order/finishOrder/66fb6fec7429f4b9fdd2d110::470ff1d2-697a-483a-8cf5-8ac89e49a647::401 - 1ms - Response: {"status":401,"now":1727773876537}::{"message":"You are not authorized to finish this order"}
