2024-09-21 07:41:24::error::/v1/api/conversation/readConversations::d3fb82a0-116d-4fa8-a458-1ac3fb4848bd::undefined - NaNms - Response: {}::{"message":"Cannot read properties of null (reading '_id')"}
2024-09-21 07:41:36::error::/v1/api/conversation/readConversations::0f958132-3337-4fc9-87bd-0059f194800b::undefined - NaNms - Response: {}::{"message":"Cannot read properties of null (reading '_id')"}
2024-09-21 07:41:39::error::/v1/api/conversation/readConversations::84d4940f-5528-494a-a57c-ee3060e2bccb::undefined - NaNms - Response: {}::{"message":"Cannot read properties of null (reading '_id')"}
2024-09-21 07:42:30::error::/v1/api/conversation/readConversations::f3d57dfe-7d4d-4f06-9e56-5cbedee1ff28::undefined - NaNms - Response: {}::{"message":"Cannot read properties of null (reading '_id')"}
2024-09-21 07:46:30::error::/v1/api/conversation/readConversations::b643d1b6-e604-4a68-9871-89a9eadad44b::undefined - NaNms - Response: {}::{"message":"Cannot read properties of null (reading '_id')"}
2024-09-21 07:46:40::error::/v1/api/conversation/readConversations::54e8b695-0473-4086-86a2-69be4dcab51e::undefined - NaNms - Response: {}::{"message":"Cannot read properties of null (reading '_id')"}
2024-09-21 07:47:41::error::/v1/api/conversation/readConversations::1f26bc98-451d-4419-8272-4ec2691f5782::undefined - NaNms - Response: {}::{"message":"Cannot read properties of null (reading '_id')"}
2024-09-21 07:47:44::error::/v1/api/conversation/readConversations::31361e07-6a40-43cb-8c2a-7d31c18bd6ee::undefined - NaNms - Response: {}::{"message":"Cannot read properties of null (reading '_id')"}
2024-09-21 07:50:42::error::/v1/api/conversation/readConversations::731cf701-35e4-4c3c-9781-45f342db3839::undefined - NaNms - Response: {}::{"message":"Cannot read properties of null (reading '_id')"}
2024-09-21 07:50:44::error::/v1/api/conversation/readConversations::8b783a88-2ec8-4ef1-bc9c-6d627336db27::undefined - NaNms - Response: {}::{"message":"Cannot read properties of null (reading '_id')"}
2024-09-21 07:51:34::error::/v1/api/conversation/readConversations::fdf68535-7ae0-43d2-b1ec-919e7ae1fddd::undefined - NaNms - Response: {}::{"message":"Cannot read properties of null (reading '_id')"}
2024-09-21 07:51:37::error::/v1/api/conversation/readConversations::4856cac7-b567-45f9-91d6-4442c4b40483::undefined - NaNms - Response: {}::{"message":"Cannot read properties of null (reading '_id')"}
2024-09-21 07:51:39::error::/v1/api/conversation/readConversations::2522f8a3-fe05-4da0-aa6a-6284a721fb6e::undefined - NaNms - Response: {}::{"message":"Cannot read properties of null (reading '_id')"}
2024-09-21 07:51:48::error::/v1/api/conversation/readConversations::7d8f5488-041b-4b86-9587-2d21c5b51a58::undefined - NaNms - Response: {}::{"message":"Cannot read properties of null (reading '_id')"}
2024-09-21 07:51:52::error::/v1/api/conversation/readConversations::34cbbcd1-92f8-4a85-bd42-287cf195754c::undefined - NaNms - Response: {}::{"message":"Cannot read properties of null (reading '_id')"}
2024-09-21 07:52:08::error::/v1/api/conversation/readConversations::e2c2e407-7b9e-4a92-9e61-878cb9063fb2::undefined - NaNms - Response: {}::{"message":"Cannot read properties of null (reading '_id')"}
2024-09-21 07:52:10::error::/v1/api/conversation/readConversations::bc3f8cba-1bbb-42d0-9722-20d498798da4::undefined - NaNms - Response: {}::{"message":"Cannot read properties of null (reading '_id')"}
2024-09-21 07:52:16::error::/v1/api/conversation/readConversations::5e7d2ac6-91a5-43a0-ba13-4fb136717681::undefined - NaNms - Response: {}::{"message":"Cannot read properties of null (reading '_id')"}
2024-09-21 08:27:45::error::/v1/api/user/me::64dd3347-b006-47a7-950a-fcbec06560ad::403 - 1ms - Response: {"status":403,"now":1726882065424}::{"message":"Access token missing"}
2024-09-21 08:28:17::error::/v1/api/user/me::5eb03938-426d-4656-a4e0-5de8a8b71c53::403 - 0ms - Response: {"status":403,"now":1726882097528}::{"message":"Access token missing"}
2024-09-21 08:28:20::error::/v1/api/user/me::ff328429-c75b-4483-9c52-4385041c2d8c::403 - 0ms - Response: {"status":403,"now":1726882100938}::{"message":"Access token missing"}
2024-09-21 08:28:27::error::/v1/api/user/me::4146059e-8138-4e40-9d8c-9c6232c456f4::403 - 1ms - Response: {"status":403,"now":1726882107062}::{"message":"Access token missing"}
2024-09-21 08:28:36::error::/v1/api/user/me::6722eb26-318a-49ed-83bf-44ccb0a0a42d::403 - 0ms - Response: {"status":403,"now":1726882116249}::{"message":"Access token missing"}
2024-09-21 08:28:44::error::/v1/api/user/me::6cae70df-e244-4c0b-be2b-e11460dd15c7::403 - 0ms - Response: {"status":403,"now":1726882124947}::{"message":"Access token missing"}
2024-09-21 08:28:46::error::/v1/api/user/me::fe257ec0-34d6-4967-b240-720cc1ebd05e::403 - 0ms - Response: {"status":403,"now":1726882126161}::{"message":"Access token missing"}
2024-09-21 08:28:51::error::/v1/api/user/me::fb55bbb5-1e74-4a7a-9d4c-8df96668005c::403 - 0ms - Response: {"status":403,"now":1726882131515}::{"message":"Access token missing"}
2024-09-21 08:28:54::error::/v1/api/user/me::869424f6-cfee-4113-bfbe-729ec1015f5a::403 - 0ms - Response: {"status":403,"now":1726882134560}::{"message":"Access token missing"}
2024-09-21 08:28:58::error::/v1/api/user/me::8e2e0e92-2697-4bd8-8a90-527aca8ea983::403 - 0ms - Response: {"status":403,"now":1726882138765}::{"message":"Access token missing"}
2024-09-21 08:29:10::error::/v1/api/user/me::1af5c90f-9f46-4d5b-b7cf-23ca34b5a23b::403 - 0ms - Response: {"status":403,"now":1726882150895}::{"message":"Access token missing"}
2024-09-21 10:18:55::error::/v1/api/conversation/readConversationWithOtherMember/66a5ac2d73370474cf4eb369::52f0ec93-ef35-4c38-9a0f-f96d0fad1113::undefined - NaNms - Response: {}::{"message":"Failed to read conversation"}
2024-09-21 10:19:42::error::/v1/api/conversation/sendMessage::490b175e-5c33-4df2-97e7-6e89e5db19b9::undefined - NaNms - Response: {}::{"message":"Failed to send message"}
2024-09-21 10:19:44::error::/v1/api/conversation/sendMessage::73dae65f-df3f-419d-8c1c-3c86e587f4ef::undefined - NaNms - Response: {}::{"message":"Failed to send message"}
2024-09-21 10:19:44::error::/v1/api/conversation/sendMessage::7ea648f8-1771-4485-a814-3fa07710f5eb::undefined - NaNms - Response: {}::{"message":"Failed to send message"}
2024-09-21 10:19:45::error::/v1/api/conversation/sendMessage::4f895fc2-37f4-46f3-bef1-e62eba60914b::undefined - NaNms - Response: {}::{"message":"Failed to send message"}
2024-09-21 10:19:46::error::/v1/api/conversation/sendMessage::07dca361-0fb3-4353-b999-2801523133ef::undefined - NaNms - Response: {}::{"message":"Failed to send message"}
2024-09-21 10:19:47::error::/v1/api/conversation/sendMessage::793c64c3-5771-4546-9451-69f29f8036b9::undefined - NaNms - Response: {}::{"message":"Failed to send message"}
2024-09-21 10:19:49::error::/v1/api/conversation/sendMessage::33c59b6e-5b9f-47fa-8d01-b5856ac08382::undefined - NaNms - Response: {}::{"message":"Failed to send message"}
2024-09-21 10:19:49::error::/v1/api/conversation/sendMessage::cfc3d199-c743-42d2-87a3-2ddc54f6a7fb::undefined - NaNms - Response: {}::{"message":"Failed to send message"}
2024-09-21 10:19:51::error::/v1/api/conversation/sendMessage::07f2438a-b486-4175-8b48-fcaec7239b30::undefined - NaNms - Response: {}::{"message":"Failed to send message"}
2024-09-21 10:19:51::error::/v1/api/conversation/sendMessage::438ae510-20ef-4209-9b62-4ea8017b2787::undefined - NaNms - Response: {}::{"message":"Failed to send message"}
2024-09-21 10:23:31::error::/v1/api/conversation/sendMessage::51523f74-d6bc-456f-b285-856a411d198a::undefined - NaNms - Response: {}::{"message":"Failed to send message"}
