2024-08-14 08:42:54::error::/v1/api/talentRequest/readTalentRequest::f89609ad-4391-4f2a-9631-d464b0661d85::404 - NaNms - Response: {"status":404}::{"message":"Not Found"}
2024-08-14 08:43:06::error::/v1/api/talentRequest/readTalentRequest::2d1e9563-3e9f-462e-8678-aa998a8ffebe::404 - NaNms - Response: {"status":404}::{"message":"Not Found"}
2024-08-14 08:43:19::error::/v1/api/talentRequest/readTalentRequest::d79c214b-2da2-4ff4-83a6-c3bff5cc3cba::404 - NaNms - Response: {"status":404}::{"message":"Not Found"}
2024-08-14 08:43:23::error::/v1/api/talentRequest/readTalentRequest::a15cd593-fd2a-4c95-8b31-c194a67d054e::404 - NaNms - Response: {"status":404}::{"message":"Not Found"}
2024-08-14 08:43:26::error::/v1/api/talentRequest/readTalentRequest::171a5b1c-3933-450e-b0ae-4bb79623ab4a::404 - NaNms - Response: {"status":404}::{"message":"Not Found"}
2024-08-14 08:43:27::error::/v1/api/talentRequest/readTalentRequest::535d6e1a-173f-43d4-9727-4608ad34c28c::404 - NaNms - Response: {"status":404}::{"message":"Not Found"}
2024-08-14 08:43:30::error::/v1/api/talentRequest/readTalentRequest::7daf7467-b5fc-4c9d-9fbd-2c0a4c3b6c41::404 - NaNms - Response: {"status":404}::{"message":"Not Found"}
2024-08-14 08:43:33::error::/v1/api/talentRequest/readTalentRequest::c7ec5d3a-d0ea-40ad-b41d-6efbaa74a6b7::404 - NaNms - Response: {"status":404}::{"message":"Not Found"}
2024-08-14 08:43:57::error::/v1/api/talentRequest/readTalentRequest::40ab0c9c-80b3-4f52-b81b-7abadfd5f789::404 - NaNms - Response: {"status":404}::{"message":"Not Found"}
2024-08-14 08:44:00::error::/v1/api/talentRequest/readTalentRequest::b3e752fc-2319-45a2-bd5a-5efda772d204::404 - NaNms - Response: {"status":404}::{"message":"Not Found"}
2024-08-14 08:44:08::error::/v1/api/talentRequest/readTalentRequest::f7756f46-5cdc-4172-83dc-618ca3e45427::404 - NaNms - Response: {"status":404}::{"message":"Not Found"}
2024-08-14 08:44:10::error::/v1/api/talentRequest/readTalentRequest::1ff4a3b2-0d47-41e6-8c8a-8a2acc720f24::404 - NaNms - Response: {"status":404}::{"message":"Not Found"}
2024-08-14 08:44:16::error::/v1/api/talentRequest/readTalentRequest::1755e887-83a4-4a0e-9eef-debdf804d613::404 - NaNms - Response: {"status":404}::{"message":"Not Found"}
2024-08-14 08:44:29::error::/v1/api/talentRequest/readTalentRequest::6b3b4989-8175-4d07-b2dc-147dda1f22b2::404 - NaNms - Response: {"status":404}::{"message":"Not Found"}
2024-08-14 08:44:31::error::/v1/api/talentRequest/readTalentRequest::7b309768-dd60-499a-8d53-e259a7e5a984::404 - NaNms - Response: {"status":404}::{"message":"Not Found"}
2024-08-14 08:49:18::error::/v1/api/talentRequest/readTalentRequest::fc683a27-5253-4f0d-acc5-c7e35e103219::404 - NaNms - Response: {"status":404}::{"message":"Not Found"}
2024-08-14 08:49:36::error::/v1/api/talentRequest/readTalentRequest::16afc3f8-a929-4e5e-a33e-9b32fce592d9::404 - NaNms - Response: {"status":404}::{"message":"Not Found"}
2024-08-14 08:49:50::error::/v1/api/talentRequest/readTalentRequest::f311336c-3105-4efa-bd72-ea0d30281fac::404 - NaNms - Response: {"status":404}::{"message":"Not Found"}
2024-08-14 08:49:56::error::/v1/api/talentRequest/readTalentRequest::0d0d5306-5adb-42bb-b995-08b09c7350a4::404 - NaNms - Response: {"status":404}::{"message":"Not Found"}
2024-08-14 08:50:06::error::/v1/api/talentRequest/readTalentRequest::05f976b2-2601-4b17-ae5e-9fe279c5d18f::404 - NaNms - Response: {"status":404}::{"message":"Not Found"}
2024-08-14 08:50:12::error::/v1/api/talentRequest/readTalentRequest::7463d604-f426-47ac-97de-e53d17a8415f::404 - NaNms - Response: {"status":404}::{"message":"Not Found"}
2024-08-14 08:50:13::error::/v1/api/talentRequest/readTalentRequest::5d617f00-fb45-4dd0-b72b-d891a8f4726e::404 - NaNms - Response: {"status":404}::{"message":"Not Found"}
2024-08-14 08:51:59::error::/v1/api/talentRequest/readTalentRequest::2819cc58-ad47-4ce4-b062-fd3388b984ce::404 - NaNms - Response: {"status":404}::{"message":"Not Found"}
2024-08-14 09:05:55::error::/v1/api/user/me::4c683ecf-2899-4150-92b0-0b9757bdc365::undefined - NaNms - Response: {"reason":{"type":"ReplicaSetNoPrimary","servers":{},"stale":false,"compatible":true,"heartbeatFrequencyMS":10000,"localThresholdMS":15,"setName":"atlas-8si60b-shard-0","maxElectionId":"7fffffff0000000000000018","maxSetVersion":5,"commonWireVersion":0,"logicalSessionTimeoutMinutes":null}}::{"message":"getaddrinfo ENOTFOUND ac-ohhtiix-shard-00-01.oedyizh.mongodb.net"}
2024-08-14 09:22:51::error::/v1/api/talentRequest/readTalentRequest::12be6328-cb34-4bff-b279-8933691e51a7::404 - NaNms - Response: {"status":404}::{"message":"Not Found"}
2024-08-14 11:16:08::error::/v1/api/user/me::6639a3ed-dc64-4041-88e6-165a490b7de7::undefined - NaNms - Response: {"reason":{"type":"ReplicaSetNoPrimary","servers":{},"stale":false,"compatible":true,"heartbeatFrequencyMS":10000,"localThresholdMS":15,"setName":"atlas-8si60b-shard-0","maxElectionId":"7fffffff0000000000000018","maxSetVersion":5,"commonWireVersion":0,"logicalSessionTimeoutMinutes":null}}::{"message":"getaddrinfo ENOTFOUND ac-ohhtiix-shard-00-01.oedyizh.mongodb.net"}
2024-08-14 11:56:53::error::/v1/api/user/me::40db230d-873b-4ee0-a7b4-f810ca078e19::403 - 0ms - Response: {"status":403,"now":1723611413381}::{"message":"Access token missing"}
2024-08-14 13:43:37::error::/v1/api/proposal/readProposal/undefined::feed57ef-4026-4d86-ab09-194c3c03d0ad::undefined - NaNms - Response: {"stringValue":"\"undefined\"","valueType":"string","kind":"ObjectId","value":"undefined","path":"_id","reason":{},"name":"CastError","message":"Cast to ObjectId failed for value \"undefined\" (type string) at path \"_id\" for model \"Proposal\""}::{"message":"Cast to ObjectId failed for value \"undefined\" (type string) at path \"_id\" for model \"Proposal\""}
2024-08-14 13:44:04::error::/v1/api/proposal/readProposal/undefined::f2149caf-e7a1-4a0f-8e54-9e1d553e660b::undefined - NaNms - Response: {"stringValue":"\"undefined\"","valueType":"string","kind":"ObjectId","value":"undefined","path":"_id","reason":{},"name":"CastError","message":"Cast to ObjectId failed for value \"undefined\" (type string) at path \"_id\" for model \"Proposal\""}::{"message":"Cast to ObjectId failed for value \"undefined\" (type string) at path \"_id\" for model \"Proposal\""}
2024-08-14 13:44:18::error::/v1/api/proposal/readProposal/undefined::dddbee45-75ad-4b04-878a-35a6aba87e85::undefined - NaNms - Response: {"stringValue":"\"undefined\"","valueType":"string","kind":"ObjectId","value":"undefined","path":"_id","reason":{},"name":"CastError","message":"Cast to ObjectId failed for value \"undefined\" (type string) at path \"_id\" for model \"Proposal\""}::{"message":"Cast to ObjectId failed for value \"undefined\" (type string) at path \"_id\" for model \"Proposal\""}
2024-08-14 13:44:41::error::/v1/api/proposal/readProposal/undefined::dd4b38c7-826f-4290-915d-02243c1fdd98::undefined - NaNms - Response: {"stringValue":"\"undefined\"","valueType":"string","kind":"ObjectId","value":"undefined","path":"_id","reason":{},"name":"CastError","message":"Cast to ObjectId failed for value \"undefined\" (type string) at path \"_id\" for model \"Proposal\""}::{"message":"Cast to ObjectId failed for value \"undefined\" (type string) at path \"_id\" for model \"Proposal\""}
2024-08-14 13:44:42::error::/v1/api/proposal/readProposal/undefined::a2b9983f-db80-4ee5-a8c1-2b16f7ecc97d::undefined - NaNms - Response: {"stringValue":"\"undefined\"","valueType":"string","kind":"ObjectId","value":"undefined","path":"_id","reason":{},"name":"CastError","message":"Cast to ObjectId failed for value \"undefined\" (type string) at path \"_id\" for model \"Proposal\""}::{"message":"Cast to ObjectId failed for value \"undefined\" (type string) at path \"_id\" for model \"Proposal\""}
2024-08-14 13:44:54::error::/v1/api/proposal/readProposal/undefined::df8380f5-5c5f-4501-bcaf-03ecca4bc250::undefined - NaNms - Response: {"stringValue":"\"undefined\"","valueType":"string","kind":"ObjectId","value":"undefined","path":"_id","reason":{},"name":"CastError","message":"Cast to ObjectId failed for value \"undefined\" (type string) at path \"_id\" for model \"Proposal\""}::{"message":"Cast to ObjectId failed for value \"undefined\" (type string) at path \"_id\" for model \"Proposal\""}
2024-08-14 13:50:10::error::/v1/api/proposal/readProposal/undefined::e5f20b24-5bf4-4e9f-9ee6-6c18bc75af7b::undefined - NaNms - Response: {"stringValue":"\"undefined\"","valueType":"string","kind":"ObjectId","value":"undefined","path":"_id","reason":{},"name":"CastError","message":"Cast to ObjectId failed for value \"undefined\" (type string) at path \"_id\" for model \"Proposal\""}::{"message":"Cast to ObjectId failed for value \"undefined\" (type string) at path \"_id\" for model \"Proposal\""}
2024-08-14 13:50:37::error::/v1/api/proposal/readProposal/undefined::74ab4a99-f33f-4b89-95b2-1d866f0c51fd::undefined - NaNms - Response: {"stringValue":"\"undefined\"","valueType":"string","kind":"ObjectId","value":"undefined","path":"_id","reason":{},"name":"CastError","message":"Cast to ObjectId failed for value \"undefined\" (type string) at path \"_id\" for model \"Proposal\""}::{"message":"Cast to ObjectId failed for value \"undefined\" (type string) at path \"_id\" for model \"Proposal\""}
2024-08-14 13:50:43::error::/v1/api/proposal/readProposal/undefined::5a4fbbc0-3c7f-4fe9-8e7b-34fe8afe62e2::undefined - NaNms - Response: {"stringValue":"\"undefined\"","valueType":"string","kind":"ObjectId","value":"undefined","path":"_id","reason":{},"name":"CastError","message":"Cast to ObjectId failed for value \"undefined\" (type string) at path \"_id\" for model \"Proposal\""}::{"message":"Cast to ObjectId failed for value \"undefined\" (type string) at path \"_id\" for model \"Proposal\""}
2024-08-14 13:50:57::error::/v1/api/proposal/readProposal/undefined::3bd8c70a-b6d9-4ae9-96a9-ada2465e13c4::undefined - NaNms - Response: {"stringValue":"\"undefined\"","valueType":"string","kind":"ObjectId","value":"undefined","path":"_id","reason":{},"name":"CastError","message":"Cast to ObjectId failed for value \"undefined\" (type string) at path \"_id\" for model \"Proposal\""}::{"message":"Cast to ObjectId failed for value \"undefined\" (type string) at path \"_id\" for model \"Proposal\""}
2024-08-14 13:50:58::error::/v1/api/proposal/readProposal/undefined::e1835296-4f69-4676-aa8d-59155c401d2a::undefined - NaNms - Response: {"stringValue":"\"undefined\"","valueType":"string","kind":"ObjectId","value":"undefined","path":"_id","reason":{},"name":"CastError","message":"Cast to ObjectId failed for value \"undefined\" (type string) at path \"_id\" for model \"Proposal\""}::{"message":"Cast to ObjectId failed for value \"undefined\" (type string) at path \"_id\" for model \"Proposal\""}
2024-08-14 13:51:04::error::/v1/api/proposal/readProposal/undefined::f5450007-e3e5-484c-9182-5b38c6adb9f1::undefined - NaNms - Response: {"stringValue":"\"undefined\"","valueType":"string","kind":"ObjectId","value":"undefined","path":"_id","reason":{},"name":"CastError","message":"Cast to ObjectId failed for value \"undefined\" (type string) at path \"_id\" for model \"Proposal\""}::{"message":"Cast to ObjectId failed for value \"undefined\" (type string) at path \"_id\" for model \"Proposal\""}
2024-08-14 13:53:34::error::/v1/api/proposal/readProposal/undefined::fe4ec02e-0834-4df9-9f1b-72e8fad445a0::undefined - NaNms - Response: {"stringValue":"\"undefined\"","valueType":"string","kind":"ObjectId","value":"undefined","path":"_id","reason":{},"name":"CastError","message":"Cast to ObjectId failed for value \"undefined\" (type string) at path \"_id\" for model \"Proposal\""}::{"message":"Cast to ObjectId failed for value \"undefined\" (type string) at path \"_id\" for model \"Proposal\""}
2024-08-14 14:26:19::error::/v1/api/conversation/readConversationWithOtherMember/66a58ec99acbcdfb3d3f1692::03b2ccfd-5fb8-42f0-954e-de459bd36de5::undefined - NaNms - Response: {}::{"message":"Failed to read conversation"}
2024-08-14 14:26:25::error::/v1/api/conversation/sendMessage::343f3f51-2cc8-430a-8123-2d09c30dfc04::undefined - NaNms - Response: {}::{"message":"Failed to send message"}
2024-08-14 14:26:52::error::/v1/api/conversation/sendMessage::01457a5f-5051-4290-9d83-3bc2fa681446::undefined - NaNms - Response: {}::{"message":"Failed to send message"}
2024-08-14 14:27:16::error::/v1/api/conversation/sendMessage::99c228b1-8ae9-4004-885f-b65b25d92d93::404 - NaNms - Response: {"status":404}::{"message":"Not Found"}
2024-08-14 14:27:16::error::/favicon.ico::823fbc29-5511-42d9-b370-bc8e9e147a99::404 - NaNms - Response: {"status":404}::{"message":"Not Found"}
2024-08-14 14:29:01::error::/v1/api/conversation/readConversationWithOtherMember/66a5f1b254ac59de697b59f9::8aab7340-d9b6-4bfc-a854-21e3906b6bb2::undefined - NaNms - Response: {}::{"message":"Failed to read conversation"}
2024-08-14 14:29:03::error::/v1/api/conversation/sendMessage::eb2788e7-20e5-4fb4-8bd0-406903834e91::undefined - NaNms - Response: {}::{"message":"Failed to send message"}
2024-08-14 14:31:46::error::/v1/api/conversation/readConversations::ffc08d20-64e0-4bdc-9007-0b962a1a9ee6::undefined - NaNms - Response: {}::{"message":"sort() only takes 1 Argument"}
2024-08-14 14:31:46::error::/v1/api/conversation/readConversations::40106d82-fef9-4613-b2d0-333a35e832b4::undefined - NaNms - Response: {}::{"message":"sort() only takes 1 Argument"}
2024-08-14 14:31:47::error::/v1/api/conversation/readConversations::e4b98992-f4f5-4921-bce3-27004f1b2c12::undefined - NaNms - Response: {}::{"message":"sort() only takes 1 Argument"}
2024-08-14 14:31:47::error::/v1/api/conversation/readConversations::9de9c357-d5e5-4198-bba7-e76b5a31de7a::undefined - NaNms - Response: {}::{"message":"sort() only takes 1 Argument"}
2024-08-14 14:32:15::error::/v1/api/conversation/readConversations::f760730d-40e9-4045-bbc7-a43cca9e3668::undefined - NaNms - Response: {}::{"message":"Invalid sort() argument, must be array of arrays"}
2024-08-14 14:32:19::error::/v1/api/conversation/readConversations::c29a8708-0272-4f47-a21a-cc4975aeeb10::undefined - NaNms - Response: {}::{"message":"Invalid sort() argument, must be array of arrays"}
2024-08-14 14:32:32::error::/v1/api/conversation/readConversations::2cef780c-90b6-4f5a-bb12-e928c0ac938e::undefined - NaNms - Response: {}::{"message":"sort() only takes 1 Argument"}
2024-08-14 21:04:41::error::/v1/api/talentRequest/readTalentRequest::68dfa253-c349-4bbe-b774-2bb6fa668ced::404 - NaNms - Response: {"status":404}::{"message":"Not Found"}
