2024-06-28 11:21:52::error::/v1/api/termOfService/g::ad330da0-3590-412a-a498-05a4c66db70b::404 - NaNms - Response: {"status":404}::{"message":"Not Found"}
2024-06-28 11:22:12::error::/v1/api/termOfService/g::e82ee2df-542c-4297-8062-6d1fd8ea9915::404 - NaNms - Response: {"status":404}::{"message":"Not Found"}
2024-06-28 11:23:32::error::/v1/api/termOfService/g::d2d920d3-ae51-4fab-8320-e0b35031f92d::404 - NaNms - Response: {"status":404}::{"message":"Not Found"}
2024-06-28 11:24:23::error::/v1/api/termOfService/g::8a66dfd2-8206-4df5-bbf9-4c53cf07dd53::404 - NaNms - Response: {"status":404}::{"message":"Not Found"}
2024-06-28 11:24:25::error::/v1/api/termOfService/g::bac57cf7-fde5-42d9-a753-85854e16c9e8::404 - NaNms - Response: {"status":404}::{"message":"Not Found"}
2024-06-28 11:24:27::error::/v1/api/termOfService/g::c9b4a5f3-735c-45b6-a2ee-c4003daa93cd::404 - NaNms - Response: {"status":404}::{"message":"Not Found"}
2024-06-28 11:24:32::error::/v1/api/termOfService/g::f6e14d56-c997-480f-91d4-572c62291443::404 - NaNms - Response: {"status":404}::{"message":"Not Found"}
2024-06-28 11:24:34::error::/v1/api/termOfService/g::d8f4866c-3547-4827-b3ee-01269ca709e1::404 - NaNms - Response: {"status":404}::{"message":"Not Found"}
2024-06-28 11:24:39::error::/v1/api/termOfService/g::9e743138-1d6a-45ea-b216-1f0f88165ca8::404 - NaNms - Response: {"status":404}::{"message":"Not Found"}
2024-06-28 11:24:41::error::/v1/api/termOfService/g::24f0b0b2-db3e-4934-8307-ba3d41c46346::404 - NaNms - Response: {"status":404}::{"message":"Not Found"}
2024-06-28 11:24:41::error::/v1/api/termOfService/g::19eeac4a-8ef9-404b-b7c8-e8f89a7422ac::404 - NaNms - Response: {"status":404}::{"message":"Not Found"}
2024-06-28 11:25:29::error::/v1/api/termOfService/g::806f0452-d0e3-4722-b490-86a9896823df::404 - NaNms - Response: {"status":404}::{"message":"Not Found"}
2024-06-28 11:25:32::error::/v1/api/termOfService/g::685d4c5a-eefb-489e-8f64-efb2ee14ad9c::404 - NaNms - Response: {"status":404}::{"message":"Not Found"}
2024-06-28 11:25:34::error::/v1/api/termOfService/g::e08f8f0c-3619-495e-b295-bdbc40f1b05d::404 - NaNms - Response: {"status":404}::{"message":"Not Found"}
2024-06-28 11:25:49::error::/v1/api/termOfService/g::0d2957b0-c962-4367-93e0-5e582e78f28a::404 - NaNms - Response: {"status":404}::{"message":"Not Found"}
2024-06-28 11:25:51::error::/v1/api/termOfService/g::d06d55ca-8bc6-4dc8-82d0-78f6eb8be89e::404 - NaNms - Response: {"status":404}::{"message":"Not Found"}
2024-06-28 11:27:46::error::/v1/api/termOfService/g::4f65377c-60ef-42c3-af6c-33f458ff9037::404 - NaNms - Response: {"status":404}::{"message":"Not Found"}
2024-06-28 11:27:49::error::/v1/api/termOfService/g::44b5585e-adf6-4f8d-bc58-1ffa94e8bfe6::404 - NaNms - Response: {"status":404}::{"message":"Not Found"}
2024-06-28 11:27:53::error::/v1/api/termOfService/g::8bd58f86-5eae-4395-9ec7-c0076186fb62::404 - NaNms - Response: {"status":404}::{"message":"Not Found"}
2024-06-28 11:28:13::error::/v1/api/termOfService/g::3489f6bc-01d9-4c96-bc69-fcfc992fe4dd::404 - NaNms - Response: {"status":404}::{"message":"Not Found"}
2024-06-28 11:28:21::error::/v1/api/termOfService/g::d6a29cbb-28e4-48ad-b541-c322f60654f2::404 - NaNms - Response: {"status":404}::{"message":"Not Found"}
2024-06-28 11:28:26::error::/v1/api/termOfService/g::497f8d2b-d527-4e5f-93b8-01f3a50a05e5::404 - NaNms - Response: {"status":404}::{"message":"Not Found"}
2024-06-28 11:28:31::error::/v1/api/termOfService/g::db4c52e7-3b1e-4790-baa2-61eaff77f7af::404 - NaNms - Response: {"status":404}::{"message":"Not Found"}
2024-06-28 11:28:36::error::/v1/api/termOfService/g::72c041e5-6b0d-488c-83f8-21bbfb815e6f::404 - NaNms - Response: {"status":404}::{"message":"Not Found"}
2024-06-28 11:28:41::error::/v1/api/termOfService/g::97825c68-229d-4fa3-830a-037364bc802f::404 - NaNms - Response: {"status":404}::{"message":"Not Found"}
2024-06-28 11:28:46::error::/v1/api/termOfService/g::ff39886f-6246-4b12-b4a3-a6acc92b02a7::404 - NaNms - Response: {"status":404}::{"message":"Not Found"}
2024-06-28 11:29:06::error::/v1/api/termOfService/g::780f83e0-137b-41fe-8208-f74a47736b2e::404 - NaNms - Response: {"status":404}::{"message":"Not Found"}
2024-06-28 11:29:22::error::/v1/api/termOfService/g::cd5d2cc0-152b-402a-9f11-9ba04cb52991::404 - NaNms - Response: {"status":404}::{"message":"Not Found"}
2024-06-28 11:29:40::error::/v1/api/termOfService/g::390a9944-0f34-409e-9105-aff729127b29::404 - NaNms - Response: {"status":404}::{"message":"Not Found"}
2024-06-28 11:29:52::error::/v1/api/termOfService/g::832430b7-15ff-40e8-aef8-c8a09f05e15a::404 - NaNms - Response: {"status":404}::{"message":"Not Found"}
2024-06-28 11:30:08::error::/v1/api/termOfService/g::e62ee1c5-260b-433f-8eec-59e3f90d1ff7::404 - NaNms - Response: {"status":404}::{"message":"Not Found"}
2024-06-28 11:30:14::error::/v1/api/termOfService/g::3424e9a1-5533-499d-98ae-e88d270c87cb::404 - NaNms - Response: {"status":404}::{"message":"Not Found"}
2024-06-28 11:30:22::error::/v1/api/termOfService/g::af4c780e-a9ad-4f2d-ad13-8a45a1ed60d4::404 - NaNms - Response: {"status":404}::{"message":"Not Found"}
2024-06-28 11:30:30::error::/v1/api/termOfService/g::ed6ec44c-3ad0-4768-8b6c-7af982047b07::404 - NaNms - Response: {"status":404}::{"message":"Not Found"}
2024-06-28 11:30:34::error::/v1/api/termOfService/g::8bd31a4d-34cd-4c69-b216-f1dd8fd8683d::404 - NaNms - Response: {"status":404}::{"message":"Not Found"}
2024-06-28 11:30:40::error::/v1/api/termOfService/g::0d633fec-361f-4c1d-b4b5-fb76770f1bac::404 - NaNms - Response: {"status":404}::{"message":"Not Found"}
2024-06-28 11:30:48::error::/v1/api/termOfService/g::9264bcf5-ffa4-41ea-b995-7652711eddd6::404 - NaNms - Response: {"status":404}::{"message":"Not Found"}
2024-06-28 11:30:53::error::/v1/api/termOfService/g::8de288ce-fab6-40fc-9a36-b659bc10980a::404 - NaNms - Response: {"status":404}::{"message":"Not Found"}
2024-06-28 11:31:06::error::/v1/api/termOfService/g::304f0753-1360-40f2-a171-2ec026c42956::404 - NaNms - Response: {"status":404}::{"message":"Not Found"}
2024-06-28 11:31:12::error::/v1/api/termOfService/g::18f97e0a-4300-49fd-b7ae-a5eae1179d03::404 - NaNms - Response: {"status":404}::{"message":"Not Found"}
2024-06-28 11:31:20::error::/v1/api/termOfService/g::b2ca7c62-0a3b-48b0-9363-08eeb52fa6d0::404 - NaNms - Response: {"status":404}::{"message":"Not Found"}
2024-06-28 11:31:26::error::/v1/api/termOfService/g::f5432867-ba33-41fd-b346-d022fd96c448::404 - NaNms - Response: {"status":404}::{"message":"Not Found"}
2024-06-28 11:31:34::error::/v1/api/termOfService/g::bba0e16b-6809-4887-a9c0-339d0b6c668c::404 - NaNms - Response: {"status":404}::{"message":"Not Found"}
2024-06-28 11:31:40::error::/v1/api/termOfService/g::9c143bba-bb6d-452b-84cf-190572c13b23::404 - NaNms - Response: {"status":404}::{"message":"Not Found"}
2024-06-28 11:31:49::error::/v1/api/termOfService/g::2f433854-9dfe-49b2-9cfb-66d04ac1b052::404 - NaNms - Response: {"status":404}::{"message":"Not Found"}
2024-06-28 11:32:05::error::/v1/api/termOfService/g::853fda27-67cf-4b49-a268-ffa918f15c57::404 - NaNms - Response: {"status":404}::{"message":"Not Found"}
2024-06-28 11:32:13::error::/v1/api/termOfService/g::9e432ef3-5e2b-47e8-81b0-b3ae6c18ac83::404 - NaNms - Response: {"status":404}::{"message":"Not Found"}
2024-06-28 11:32:25::error::/v1/api/termOfService/g::b4d2237e-6643-4e3f-b133-6d6e29bed500::404 - NaNms - Response: {"status":404}::{"message":"Not Found"}
2024-06-28 11:32:30::error::/v1/api/termOfService/g::62a27311-008f-4f0c-81b3-a1098856f2a4::404 - NaNms - Response: {"status":404}::{"message":"Not Found"}
2024-06-28 11:32:35::error::/v1/api/termOfService/g::a2c4ff17-1808-4816-97f7-9251ba8d9bc7::404 - NaNms - Response: {"status":404}::{"message":"Not Found"}
2024-06-28 11:33:40::error::/v1/api/termOfService/g::3978c781-8818-4f00-b41f-ac6269a707a5::404 - NaNms - Response: {"status":404}::{"message":"Not Found"}
2024-06-28 11:33:51::error::/v1/api/termOfService/g::69dc7d60-fcc4-4c3d-b7c1-d8c38575d0de::404 - NaNms - Response: {"status":404}::{"message":"Not Found"}
2024-06-28 11:33:58::error::/v1/api/termOfService/g::541ea525-eb32-453a-87ee-8a97b79dac00::404 - NaNms - Response: {"status":404}::{"message":"Not Found"}
2024-06-28 11:35:45::error::/v1/api/termOfService/g::500d4354-3e10-404e-99bd-1acf9fb510f6::404 - NaNms - Response: {"status":404}::{"message":"Not Found"}
2024-06-28 11:36:36::error::/v1/api/termOfService/g::a6689d56-3747-485a-a666-e1b46b26e691::404 - NaNms - Response: {"status":404}::{"message":"Not Found"}
2024-06-28 11:36:46::error::/v1/api/termOfService/g::973c2581-6210-4299-ab66-70cc75b65a3b::404 - NaNms - Response: {"status":404}::{"message":"Not Found"}
2024-06-28 11:37:12::error::/v1/api/termOfService/g::a3c83ec3-4df5-4de8-bcca-277ef8f6d586::404 - NaNms - Response: {"status":404}::{"message":"Not Found"}
2024-06-28 11:39:06::error::/v1/api/termOfService/g::8adf0b68-e3a1-4788-85d7-93fa71e81c51::404 - NaNms - Response: {"status":404}::{"message":"Not Found"}
2024-06-28 11:39:13::error::/v1/api/termOfService/g::818f46cd-df6b-4d1e-9849-586e3f289e9c::404 - NaNms - Response: {"status":404}::{"message":"Not Found"}
2024-06-28 11:40:04::error::/v1/api/termOfService/g::de24585c-afe4-4641-b755-72dcab3eb9d8::404 - NaNms - Response: {"status":404}::{"message":"Not Found"}
2024-06-28 11:40:49::error::/v1/api/termOfService/g::ef62044d-e4e1-4565-885f-da54ed5aa19d::404 - NaNms - Response: {"status":404}::{"message":"Not Found"}
2024-06-28 11:41:44::error::/v1/api/termOfService/g::2a904f74-bcb9-46a1-9da4-a6f07397f01d::404 - NaNms - Response: {"status":404}::{"message":"Not Found"}
2024-06-28 11:41:50::error::/v1/api/termOfService/g::9530d941-4a55-47ac-9cbf-54ce9c5e5ce6::404 - NaNms - Response: {"status":404}::{"message":"Not Found"}
2024-06-28 12:00:36::error::/v1/api/termOfService/g::4bb531f3-9c50-475e-9135-739bf78cc629::404 - NaNms - Response: {"status":404}::{"message":"Not Found"}
2024-06-28 12:00:36::error::/v1/api/termOfService/g::34efab39-1b65-4e57-92f2-e30757228a0b::404 - NaNms - Response: {"status":404}::{"message":"Not Found"}
2024-06-28 12:01:06::error::/v1/api/termOfService/g::e8478cb8-978b-4a44-9a75-1c80a04bea3d::404 - NaNms - Response: {"status":404}::{"message":"Not Found"}
2024-06-28 12:04:34::error::/v1/api/termOfService/g::b235a58e-ab89-4e7d-b7fc-594812ed3adf::404 - NaNms - Response: {"status":404}::{"message":"Not Found"}
2024-06-28 12:04:49::error::/v1/api/termOfService/g::77d00a31-c012-4c87-8479-7ce584e3e852::404 - NaNms - Response: {"status":404}::{"message":"Not Found"}
2024-06-28 12:04:55::error::/v1/api/termOfService/g::2be4ef60-378b-4c6a-b608-c238e7352952::404 - NaNms - Response: {"status":404}::{"message":"Not Found"}
2024-06-28 12:05:31::error::/v1/api/termOfService/g::a79a52e7-f15a-4b91-b875-06d131531c3d::404 - NaNms - Response: {"status":404}::{"message":"Not Found"}
2024-06-28 12:06:04::error::/v1/api/termOfService/g::3f79cb4e-2c33-46de-96f2-e77e7ac64d63::404 - NaNms - Response: {"status":404}::{"message":"Not Found"}
2024-06-28 12:06:05::error::/v1/api/termOfService/g::97ed7e6b-6186-4fe4-9ad3-c3ab42812d8b::404 - NaNms - Response: {"status":404}::{"message":"Not Found"}
2024-06-28 12:06:08::error::/v1/api/termOfService/g::c1cbd257-5d66-4ad1-a406-1feef29c7610::404 - NaNms - Response: {"status":404}::{"message":"Not Found"}
2024-06-28 12:06:29::error::/v1/api/termOfService/g::51246781-3da2-4474-9f93-643adb19cdc5::404 - NaNms - Response: {"status":404}::{"message":"Not Found"}
2024-06-28 12:06:41::error::/v1/api/termOfService/g::d0761c29-7ab7-4c6d-ab82-ceff0bc8848a::404 - NaNms - Response: {"status":404}::{"message":"Not Found"}
2024-06-28 12:06:46::error::/v1/api/termOfService/g::4785c287-c3fa-48ba-8dae-5a56f4978464::404 - NaNms - Response: {"status":404}::{"message":"Not Found"}
2024-06-28 12:07:15::error::/v1/api/termOfService/g::443e350b-14af-4a8a-9e1c-9b61f5526053::404 - NaNms - Response: {"status":404}::{"message":"Not Found"}
2024-06-28 12:07:21::error::/v1/api/termOfService/g::7c1cefe5-1552-4f1c-9e68-8517dfd5f60a::404 - NaNms - Response: {"status":404}::{"message":"Not Found"}
2024-06-28 12:07:54::error::/v1/api/termOfService/g::cb66901e-4bf8-4a53-b8f7-9a0702e12bd1::404 - NaNms - Response: {"status":404}::{"message":"Not Found"}
2024-06-28 12:08:03::error::/v1/api/termOfService/g::a01b1f96-249d-4b48-bc68-21093f7dcd3d::404 - NaNms - Response: {"status":404}::{"message":"Not Found"}
2024-06-28 12:08:24::error::/v1/api/termOfService/g::4078ac12-bc81-474c-b68b-74c385290321::404 - NaNms - Response: {"status":404}::{"message":"Not Found"}
2024-06-28 12:09:29::error::/v1/api/termOfService/g::6cc6c008-fe39-42da-a19c-43ba65baf3d8::404 - NaNms - Response: {"status":404}::{"message":"Not Found"}
2024-06-28 12:10:35::error::/v1/api/termOfService/g::62f1b8db-b2c7-47f6-a99d-0081e29c3074::404 - NaNms - Response: {"status":404}::{"message":"Not Found"}
2024-06-28 12:10:42::error::/v1/api/termOfService/g::fa78feb2-1b2e-4acd-ae32-685cca21d455::404 - NaNms - Response: {"status":404}::{"message":"Not Found"}
2024-06-28 12:10:47::error::/v1/api/termOfService/g::f937fa72-960d-4a80-83d8-101b9579ab58::404 - NaNms - Response: {"status":404}::{"message":"Not Found"}
2024-06-28 12:10:53::error::/v1/api/termOfService/g::f2ee6714-fb24-4ad4-a2f6-6aef0cadb76f::404 - NaNms - Response: {"status":404}::{"message":"Not Found"}
2024-06-28 12:12:29::error::/v1/api/termOfService/readTermOfService::7ebdd9b9-00a3-4343-8d7c-28af264f4829::404 - NaNms - Response: {"status":404}::{"message":"Not Found"}
2024-06-28 12:17:29::error::/v1/api/termOfService/deleteTermOfService/667e1d38fbc2f5ca4fef219c::c45a8cfc-ded2-4f20-a588-a348155e6dd3::404 - NaNms - Response: {"status":404}::{"message":"Not Found"}
2024-06-28 12:17:46::error::/v1/api/termOfService/deleteTermOfService/667e1d38fbc2f5ca4fef219c::75c0c7cb-098f-4635-8744-2983ac005417::404 - NaNms - Response: {"status":404}::{"message":"Not Found"}
2024-06-28 12:18:05::error::/v1/api/termOfService/deleteTermOfService/667e1d38fbc2f5ca4fef219c::7d38998a-b8c1-4e4e-b006-650746eb61b4::404 - NaNms - Response: {"status":404}::{"message":"Not Found"}
2024-06-28 12:20:41::error::/v1/api/termOfService/deleteTermOfService/667e1d38fbc2f5ca4fef219c::2e6508f2-a274-4d92-88ad-57c26bbad67d::404 - NaNms - Response: {"status":404}::{"message":"Not Found"}
2024-06-28 12:25:49::error::/v1/api/termOfService/deleteTermOfService/667e1d38fbc2f5ca4fef219c::decf1bb0-a212-46d8-9a82-46708334b76c::404 - NaNms - Response: {"status":404}::{"message":"Not Found"}
2024-06-28 12:27:05::error::/v1/api/termOfService/deleteTermOfService/667e1d38fbc2f5ca4fef219c::9715e252-d598-4cdf-b9d6-91c24a1c1bda::404 - NaNms - Response: {"status":404}::{"message":"Not Found"}
2024-06-28 12:31:15::error::/v1/api/termOfService/deleteTermOfService/667cda46da62925f65daf157::3c997bfe-8830-4d03-8500-ae8838b10451::404 - 0ms - Response: {"status":404,"now":1719552675992}::{"message":"TermOfService not found"}
2024-06-28 12:41:38::error::/v1/api/termOfService/updateTermOfService::e033ba46-ac18-439a-b9ff-3fda6baacb87::404 - NaNms - Response: {"status":404}::{"message":"Not Found"}
2024-06-28 12:41:57::error::/v1/api/termOfService/deleteTermOfSerdvice/667ce18fae80503c5e9a6410::3761812a-5fb1-4847-8d11-21686edb8bf1::404 - NaNms - Response: {"status":404}::{"message":"Not Found"}
2024-06-28 12:42:17::error::/v1/api/termOfService/deleteTermOfSerdvice/667ce18fae80503c5e9a6410::2466aba2-2c0d-476f-a8b2-022057396e72::404 - NaNms - Response: {"status":404}::{"message":"Not Found"}
2024-06-28 12:42:25::error::/v1/api/termOfService/deleteTermOfSerdvice/667ce18fae80503c5e9a6410::3d8f3c60-7640-4a89-bf18-99b2ab772988::404 - NaNms - Response: {"status":404}::{"message":"Not Found"}
2024-06-28 12:42:36::error::/v1/api/termOfService/deleteTermOfSerdvice/667ce18fae80503c5e9a6410::6270010d-7a00-419a-a81f-7be8f50b1f62::404 - NaNms - Response: {"status":404}::{"message":"Not Found"}
2024-06-28 12:42:50::error::/v1/api/termOfService/deleteTermOfSerdvice/667ce18fae80503c5e9a6410::eb7ca62f-ced7-470b-8a2d-2ac63ae3eb34::404 - NaNms - Response: {"status":404}::{"message":"Not Found"}
2024-06-28 12:42:56::error::/v1/api/termOfService/deleteTermOfSerdvice/667ce18fae80503c5e9a6410::b34868f2-0326-4e22-9e76-5b89172a6c47::404 - NaNms - Response: {"status":404}::{"message":"Not Found"}
2024-06-28 12:43:00::error::/v1/api/termOfService/deleteTermOfSerdvice/667ce18fae80503c5e9a6410::051d72b4-c6f3-4aff-8307-9532ac1f6d58::404 - NaNms - Response: {"status":404}::{"message":"Not Found"}
2024-06-28 12:43:01::error::/v1/api/termOfService/deleteTermOfSerdvice/667ce18fae80503c5e9a6410::20a3d81a-77ed-4a94-8815-47e91b3105ed::404 - NaNms - Response: {"status":404}::{"message":"Not Found"}
2024-06-28 12:43:01::error::/v1/api/termOfService/deleteTermOfSerdvice/667ce18fae80503c5e9a6410::5cbc069f-3290-41f1-af74-357173ada081::404 - NaNms - Response: {"status":404}::{"message":"Not Found"}
2024-06-28 12:44:48::error::/v1/api/termOfService/updateTermOfService::c99a893b-2b25-4c63-bd59-2eab3961162d::404 - NaNms - Response: {"status":404}::{"message":"Not Found"}
2024-06-28 12:45:29::error::/v1/api/termOfService/updateTermOfService/inputs667ce18fae80503c5e9a6410::cc133b2f-c421-40b8-af4e-6e2ad7c21fc7::undefined - NaNms - Response: {"stringValue":"\"inputs667ce18fae80503c5e9a6410\"","valueType":"string","kind":"ObjectId","value":"inputs667ce18fae80503c5e9a6410","path":"_id","reason":{},"name":"CastError","message":"Cast to ObjectId failed for value \"inputs667ce18fae80503c5e9a6410\" (type string) at path \"_id\" for model \"TermOfService\""}::{"message":"Cast to ObjectId failed for value \"inputs667ce18fae80503c5e9a6410\" (type string) at path \"_id\" for model \"TermOfService\""}
2024-06-28 12:45:38::error::/v1/api/termOfService/updateTermOfService/inputs667ce18fae80503c5e9a6410::e120ac4f-d4f9-4ad7-9b48-87bf3e32d062::undefined - NaNms - Response: {"stringValue":"\"inputs667ce18fae80503c5e9a6410\"","valueType":"string","kind":"ObjectId","value":"inputs667ce18fae80503c5e9a6410","path":"_id","reason":{},"name":"CastError","message":"Cast to ObjectId failed for value \"inputs667ce18fae80503c5e9a6410\" (type string) at path \"_id\" for model \"TermOfService\""}::{"message":"Cast to ObjectId failed for value \"inputs667ce18fae80503c5e9a6410\" (type string) at path \"_id\" for model \"TermOfService\""}
2024-06-28 12:45:44::error::/v1/api/termOfService/updateTermOfService/inputs667ce18fae80503c5e9a6410::79ca25e9-4a39-40af-b7f9-bad8cad245c6::undefined - NaNms - Response: {"stringValue":"\"inputs667ce18fae80503c5e9a6410\"","valueType":"string","kind":"ObjectId","value":"inputs667ce18fae80503c5e9a6410","path":"_id","reason":{},"name":"CastError","message":"Cast to ObjectId failed for value \"inputs667ce18fae80503c5e9a6410\" (type string) at path \"_id\" for model \"TermOfService\""}::{"message":"Cast to ObjectId failed for value \"inputs667ce18fae80503c5e9a6410\" (type string) at path \"_id\" for model \"TermOfService\""}
2024-06-28 12:45:50::error::/v1/api/termOfService/updateTermOfService/inputs667ce18fae80503c5e9a6410::c5e14531-85aa-4cae-87cd-80c814cfa9c7::undefined - NaNms - Response: {"stringValue":"\"inputs667ce18fae80503c5e9a6410\"","valueType":"string","kind":"ObjectId","value":"inputs667ce18fae80503c5e9a6410","path":"_id","reason":{},"name":"CastError","message":"Cast to ObjectId failed for value \"inputs667ce18fae80503c5e9a6410\" (type string) at path \"_id\" for model \"TermOfService\""}::{"message":"Cast to ObjectId failed for value \"inputs667ce18fae80503c5e9a6410\" (type string) at path \"_id\" for model \"TermOfService\""}
2024-06-28 13:11:44::error::/v1/api/commissionService/createCommissionService::c7e99e67-7cc9-4f80-a91a-9aa158ae251a::403 - 0ms - Response: {"status":403,"now":1719555104333}::{"message":"Please provide artwork files"}
2024-06-28 13:16:35::error::/v1/api/commissionService/createCommissionService::e146ad74-976c-4832-ba90-241a8a4e6c48::403 - 0ms - Response: {"status":403,"now":1719555395558}::{"message":"Please provide artwork files"}
2024-06-28 14:51:28::error::/v1/api/user/me::1efe1a35-01a9-4ce7-9c08-931d3f83eedf::403 - 1ms - Response: {"status":403,"now":1719561088365}::{"message":"Access token missing"}
2024-06-28 14:51:50::error::/v1/api/user/me::f7285c1c-873e-45e7-8c1b-8f014da35d39::403 - 0ms - Response: {"status":403,"now":1719561110091}::{"message":"Access token missing"}
2024-06-28 14:52:05::error::/v1/api/user/me::8bc3e772-79b8-49b8-ab6b-213c490d301c::403 - 0ms - Response: {"status":403,"now":1719561125347}::{"message":"Access token missing"}
2024-06-28 14:52:32::error::/v1/api/user/me::f9cd6994-5baf-4e03-830b-d623328d4c78::403 - 0ms - Response: {"status":403,"now":1719561152164}::{"message":"Access token missing"}
2024-06-28 14:52:40::error::/v1/api/user/me::3f408205-64e5-4b68-b0ef-1fb080bf2f91::403 - 0ms - Response: {"status":403,"now":1719561160151}::{"message":"Access token missing"}
2024-06-28 14:53:50::error::/v1/api/user/me::3e672b65-2119-410e-9742-d452db402885::403 - 0ms - Response: {"status":403,"now":1719561230369}::{"message":"Access token missing"}
2024-06-28 14:57:30::error::/v1/api/termOfService/deleteTermOfSerdvice/667ce18fae80503c5e9a6410::7a4e6576-58b1-48fc-bcb1-033106718d97::404 - NaNms - Response: {"status":404}::{"message":"Not Found"}
2024-06-28 14:57:57::error::/v1/api/termOfService/deleteTermOfSerdvice/667e6cf740acf9c9d846020d::114091b0-af48-47d7-b81a-a2df02416524::404 - NaNms - Response: {"status":404}::{"message":"Not Found"}
2024-06-28 19:43:22::error::/v1/api/serviceCategory/updateServiceCategory/667e820940acf9c9d84606de::1ee717cc-ed7f-4b85-a209-a343582272e0::401 - 0ms - Response: {"status":401,"now":1719578602418}::{"message":"You can only update your service"}
2024-06-28 19:43:22::error::/v1/api/serviceCategory/updateServiceCategory/667e820940acf9c9d84606de::7c11196b-d830-46c9-a237-2f0d41df0ceb::401 - 1ms - Response: {"status":401,"now":1719578602966}::{"message":"You can only update your service"}
