2024-09-06 12:40:56::info::/v1/api/user/me::98e75ae5-fe29-4b02-99cf-c56f7d162b2d::input-params ::GET::::{}
2024-09-06 12:40:56::info::/v1/api/movement/readMovements::8ed1f336-5745-49cc-a1d5-99f7a4815a6c::input-params ::GET::::{}
2024-09-06 12:40:56::info::/v1/api/news/readNewss::e1a0bb56-026d-46e8-b470-2c114790361b::input-params ::GET::::{}
2024-09-06 12:40:56::info::/v1/api/recommender/readPopularPosts::1a837f01-98eb-42b2-a140-d6b995c5e009::input-params ::GET::::{}
2024-09-06 12:41:12::info::/v1/api/user/readUserProfile/66a59f2c73370474cf4eaada::b62f42b1-91b4-4839-b5a0-2eb1b0f4745a::input-params ::GET::::{}
2024-09-06 12:41:12::info::/v1/api/order/readMemberOrderHistory::38cfa95b-5ad4-4176-b5d1-5474ab0a4de4::input-params ::GET::::{}
2024-09-06 12:41:23::info::/v1/api/order/readMemberOrderHistory::2e33d8ab-7cee-4cc4-8024-81d4ac8e099b::input-params ::GET::::{}
2024-09-06 12:41:36::info::/v1/api/auth/users/logout::2abf5816-cac5-466e-b478-b4e92bc7ec94::input-params ::POST::::{}
2024-09-06 12:41:36::info::/v1/api/user/me::0663d816-2109-418f-bb15-5408d6bd2876::input-params ::GET::::{}
2024-09-06 12:41:36::error::/v1/api/user/me::0663d816-2109-418f-bb15-5408d6bd2876::403 - 1ms - Response: {"status":403,"now":1725601296615}::{"message":"Access token missing"}
2024-09-06 12:41:45::info::/v1/api/auth/users/login::50995e9b-17bc-40ab-abad-a113a5bb93cb::input-params ::POST::::{"email":"phapluudev2k5@gmail.com","password":"PhapNhat987AZ@!"}
2024-09-06 12:41:45::info::/v1/api/order/readMemberOrderHistory::be468abb-d01d-4820-888d-96b9e1a4bd6a::input-params ::GET::::{}
2024-09-06 12:41:47::info::/v1/api/auth/users/logout::9251bbf1-7402-4cd8-8b65-c837c920fc1d::input-params ::POST::::{}
2024-09-06 12:41:47::info::/v1/api/user/me::b7441cfd-ef48-4406-b054-2723667c5106::input-params ::GET::::{}
2024-09-06 12:41:47::error::/v1/api/user/me::b7441cfd-ef48-4406-b054-2723667c5106::403 - 1ms - Response: {"status":403,"now":1725601307694}::{"message":"Access token missing"}
2024-09-06 12:41:51::info::/v1/api/auth/users/login::39326d77-8da7-447d-8fb8-809003bf2270::input-params ::POST::::{"email":"phapluu9ithd@gmail.com","password":"PhapNhat987AZ@"}
2024-09-06 12:41:51::info::/v1/api/order/readTalentOrderHistory::6cce5c3a-dcf8-46f1-8a04-cdd09a07f3f6::input-params ::GET::::{}
2024-09-06 12:43:02::info::/v1/api/movement/readMovements::6ebf0e5a-6eb0-4dab-9597-ab6f3106dbae::input-params ::GET::::{}
2024-09-06 12:43:02::info::/v1/api/order/readTalentOrderHistory::4715ed01-cc24-4f9e-9678-f354ebb123ec::input-params ::GET::::{}
2024-09-06 12:43:06::info::/v1/api/movement/readMovements::8d2725b6-06f4-4286-a97c-056f93471969::input-params ::GET::::{}
2024-09-06 12:43:06::info::/v1/api/order/readTalentOrderHistory::cc9c9e5d-4db0-4ded-b949-dc1360447c7d::input-params ::GET::::{}
2024-09-06 12:43:23::info::/v1/api/movement/readMovements::8b769e4f-0bfe-48fd-9de8-a55c160c3fee::input-params ::GET::::{}
2024-09-06 12:43:23::info::/v1/api/order/readTalentOrderHistory::d2ef979a-0c5c-4f49-b82f-196bfe7ca01a::input-params ::GET::::{}
2024-09-06 12:43:29::info::/v1/api/movement/readMovements::0e0ebfa7-c04b-4147-9454-e23fd6dd5bee::input-params ::GET::::{}
2024-09-06 12:43:30::info::/v1/api/order/readTalentOrderHistory::0a71ebfb-e99e-45b6-885c-7d2847836b81::input-params ::GET::::{}
2024-09-06 12:44:41::info::/v1/api/order/readTalentOrderHistory::06c3995c-44fe-42d1-aa02-43c31de88abc::input-params ::GET::::{}
2024-09-06 12:44:41::info::/v1/api/movement/readMovements::cd4af75a-9791-42d2-a6e4-d33db7279d2d::input-params ::GET::::{}
2024-09-06 12:45:27::info::/v1/api/movement/readMovements::f0ef3671-3aa7-4afe-a4d9-85a6bc58aa62::input-params ::GET::::{}
2024-09-06 12:45:27::info::/v1/api/order/readTalentOrderHistory::e22d68ec-793c-43a1-8793-5397b0da8bd0::input-params ::GET::::{}
2024-09-06 13:00:39::info::/v1/api/movement/readMovements::88c109d0-d360-4ee5-96c2-70105bf51bdd::input-params ::GET::::{}
2024-09-06 13:00:39::info::/v1/api/order/readTalentOrderHistory::5268c0b0-2d7c-4f4b-ae93-5577dc907737::input-params ::GET::::{}
2024-09-06 13:00:41::info::/v1/api/movement/readMovements::41f29490-9ec9-4d22-a31a-61e992b69a62::input-params ::GET::::{}
2024-09-06 13:00:41::info::/v1/api/order/readTalentOrderHistory::8f6a74ae-93bd-4d5f-98ce-b7b4db414549::input-params ::GET::::{}
2024-09-06 13:31:39::info::/v1/api/movement/readMovements::0d6915c9-3178-408c-bcdc-2132cfb4e39f::input-params ::GET::::{}
2024-09-06 13:31:39::info::/v1/api/order/readTalentOrderHistory::44583099-ab53-46ac-8d76-f768ca68da8a::input-params ::GET::::{}
2024-09-06 13:31:59::info::/v1/api/order/readTalentOrderHistory::5f8ede13-31ae-40cb-9d4a-5ec40abc2049::input-params ::GET::::{}
2024-09-06 13:31:59::info::/v1/api/movement/readMovements::59a46163-31fc-4e98-be51-b8426e89fd46::input-params ::GET::::{}
2024-09-06 13:31:59::info::/v1/api/user/me::0bfbffbb-7ed6-4bc1-bd57-2e2c2fd48426::input-params ::GET::::{}
2024-09-06 13:32:00::info::/v1/api/movement/readMovements::7b36bfee-7c77-4f57-b33f-703975a27339::input-params ::GET::::{}
2024-09-06 13:32:00::info::/v1/api/order/readTalentOrderHistory::04ee1693-8261-487f-883c-cb747c025778::input-params ::GET::::{}
2024-09-06 13:32:04::info::/v1/api/order/readTalentOrderHistory::45deb1cf-3f4a-45f4-87ad-e29f528b8380::input-params ::GET::::{}
2024-09-06 13:32:04::info::/v1/api/movement/readMovements::ec2c914a-6342-4828-b487-1638d316f1c4::input-params ::GET::::{}
2024-09-06 14:10:19::info::/v1/api/movement/readMovements::2a49ecc1-ed6e-4d8d-9ff8-663ce5da6e4b::input-params ::GET::::{}
2024-09-06 14:10:19::info::/v1/api/order/readTalentOrderHistory::a438711c-75c6-43d1-9253-8f2baa46b83c::input-params ::GET::::{}
2024-09-06 14:10:57::info::/v1/api/movement/readMovements::186a7dfd-d40b-4e65-b00c-37c0088991f1::input-params ::GET::::{}
2024-09-06 14:10:57::info::/v1/api/order/readTalentOrderHistory::bffae914-9080-4667-9760-55ab83afcbf1::input-params ::GET::::{}
2024-09-06 14:11:01::info::/v1/api/movement/readMovements::a31142b9-1d5d-4069-92ed-1bf3e65e7c31::input-params ::GET::::{}
2024-09-06 14:11:01::info::/v1/api/order/readTalentOrderHistory::e763097d-8d15-4b8c-bee0-02f893322ccb::input-params ::GET::::{}
2024-09-06 14:12:26::info::/v1/api/news/readNewss::009a45d6-1c75-4623-b5df-c2ae01c171d1::input-params ::GET::::{}
2024-09-06 14:12:26::info::/v1/api/recommender/readPopularPosts::bd226dcc-15b7-40ba-a2aa-6c607e86923e::input-params ::GET::::{}
2024-09-06 14:12:44::info::/v1/api/user/readUserProfile/66a5ac2d73370474cf4eb369::9485a54c-0e48-4618-9e5d-17095505ff6b::input-params ::GET::::{}
2024-09-06 14:12:45::info::/v1/api/serviceCategory/readServiceCategoriesWithServices/66a5ac2d73370474cf4eb369::e012c585-1cfd-4911-bc89-3347c6742149::input-params ::GET::::{}
2024-09-06 14:12:50::info::/v1/api/movement/readMovements::ba3a2f52-1898-4478-98a1-a2848e0f2d0d::input-params ::GET::::{}
2024-09-06 14:12:50::info::/v1/api/user/readUserProfile/66a5ac2d73370474cf4eb369::f4076e69-87dd-466c-8dfb-55763a6e7f56::input-params ::GET::::{}
2024-09-06 14:12:50::info::/v1/api/serviceCategory/readServiceCategoriesWithServices/66a5ac2d73370474cf4eb369::d56d1f4b-3782-4574-8c44-cbf44c2b3f7a::input-params ::GET::::{}
2024-09-06 14:18:42::info::/v1/api/movement/readMovements::e0840187-726e-4cc6-a5c0-c6506977f827::input-params ::GET::::{}
2024-09-06 14:21:45::info::/v1/api/movement/readMovements::80f2a6bf-92c1-4aa6-8aa5-b0f135b72d49::input-params ::GET::::{}
2024-09-06 14:26:39::info::/v1/api/movement/readMovements::1b7274b5-8a65-4f8b-b072-71698a9d6541::input-params ::GET::::{}
2024-09-06 14:26:45::info::/v1/api/news/readNewss::75ff2973-2cff-4403-9b5b-a8875ab7043a::input-params ::GET::::{}
2024-09-06 14:26:45::info::/v1/api/recommender/readPopularPosts::d7ecc111-e783-4e38-bc66-b9435cdc1d7d::input-params ::GET::::{}
2024-09-06 14:28:04::info::/v1/api/news/readNewss::75521e9d-6974-4942-96b8-d26bc8a97f2c::input-params ::GET::::{}
2024-09-06 14:28:04::info::/v1/api/movement/readMovements::d68af522-61e9-490d-8889-479c42995505::input-params ::GET::::{}
2024-09-06 14:28:04::info::/v1/api/recommender/readPopularPosts::3ddda449-7253-41d4-a891-9dbf8be0733f::input-params ::GET::::{}
2024-09-06 14:28:06::info::/v1/api/order/readOrders::db15aee3-dda9-4cdb-a4c5-46f2ecadcf6a::input-params ::GET::::{"isDirect":"false","sortBy":"createdAt","sortOrder":"desc"}
2024-09-06 14:28:23::info::/v1/api/order/readOrder/66bed383f0bf4bb2c6f01b7d::2a6804db-3d9a-4263-a698-0b52cd615247::input-params ::GET::::{}
2024-09-06 14:28:25::info::/v1/api/proposal/readProposals/66bed383f0bf4bb2c6f01b7d::1e868f76-c4d5-426c-81f0-df0f41008211::input-params ::GET::::{}
2024-09-06 14:28:28::info::/v1/api/proposal/readProposal/66bf658d38b825623423bf9d::65247fe8-1d94-4197-9148-0c2c78c12696::input-params ::GET::::{}
2024-09-06 14:28:30::info::/v1/api/proposal/readProposals/66bed383f0bf4bb2c6f01b7d::12611beb-579e-4497-899c-8984e92e0a74::input-params ::GET::::{}
2024-09-06 14:30:01::info::/v1/api/order/readTalentOrderHistory::b0bee472-be21-4a15-af5e-c216153c8b8e::input-params ::GET::::{}
2024-09-06 14:30:44::info::/v1/api/movement/readMovements::be563fe0-cf03-4977-9ef1-d5abc6037e67::input-params ::GET::::{}
2024-09-06 14:30:44::info::/v1/api/order/readTalentOrderHistory::061c7774-f402-4048-be74-88d9073296ce::input-params ::GET::::{}
2024-09-06 14:30:45::info::/v1/api/news/readNewss::4bb469ef-1d9b-4bdf-9413-b4efc9de53d4::input-params ::GET::::{}
2024-09-06 14:30:45::info::/v1/api/recommender/readPopularPosts::39acfe32-1518-476e-bd89-759ec35dcfb9::input-params ::GET::::{}
2024-09-06 14:33:20::info::/v1/api/movement/readMovements::eb88b0ae-a000-4111-96bb-22169c9c1b4c::input-params ::GET::::{}
2024-09-06 14:33:20::info::/v1/api/news/readNewss::adb6e31d-0479-4f74-8bd5-4c9319b56fc6::input-params ::GET::::{}
2024-09-06 14:33:20::info::/v1/api/recommender/readPopularPosts::65146dd6-cc9d-41cf-8898-ef22994d2619::input-params ::GET::::{}
2024-09-06 14:34:48::info::/v1/api/movement/readMovements::9c7be327-87ab-445a-9f4f-26b11afbe453::input-params ::GET::::{}
2024-09-06 14:34:48::info::/v1/api/news/readNewss::8d4686f7-0119-49f3-8706-183eedf22b5e::input-params ::GET::::{}
2024-09-06 14:34:48::info::/v1/api/recommender/readPopularPosts::9375476a-65fa-4579-baf3-57b9822b2154::input-params ::GET::::{}
2024-09-06 14:36:46::info::/v1/api/user/readUserProfile/66a5ac2d73370474cf4eb369::ecb2f46a-2154-4f27-9108-303b9f541790::input-params ::GET::::{}
2024-09-06 14:36:47::info::/v1/api/serviceCategory/readServiceCategoriesWithServices/66a5ac2d73370474cf4eb369::50010b1b-ecdf-461b-b34d-88d049e35f2f::input-params ::GET::::{}
2024-09-06 14:36:48::info::/v1/api/post/readPostCategoriesWithPosts/66a5ac2d73370474cf4eb369::ca1e61d6-3aec-4e7e-8318-5b0b3b2beec8::input-params ::GET::::{}
2024-09-06 14:37:15::info::/v1/api/serviceCategory/readServiceCategoriesWithServices/66a5ac2d73370474cf4eb369::16ac1e2c-523d-420a-9120-3f49baf70b2a::input-params ::GET::::{}
2024-09-06 14:38:25::info::/v1/api/news/readNewss::274c7348-0537-4b47-b00e-c90f148a7907::input-params ::GET::::{}
2024-09-06 14:38:25::info::/v1/api/recommender/readPopularPosts::a8dfbdcb-1f5c-47c3-9de7-69cad7c74099::input-params ::GET::::{}
2024-09-06 14:38:45::info::/v1/api/challenge/readChallenges::1b8e7b86-4c46-4d96-ab66-c5d6c77ae352::input-params ::GET::::{}
2024-09-06 14:38:48::info::/v1/api/news/readNewss::8d2e8090-82c4-4f87-afba-288f9b7522e9::input-params ::GET::::{}
2024-09-06 14:38:48::info::/v1/api/recommender/readPopularPosts::8bb95b16-839b-489c-8b9b-22a09baa7b3e::input-params ::GET::::{}
2024-09-06 14:39:05::info::/v1/api/post/readPost/66a5aacc73370474cf4eb218::c5fe010d-44e1-4504-a5a1-2d0406a15078::input-params ::GET::::{}
2024-09-06 14:39:17::info::/v1/api/post/readPost/66a5aacc73370474cf4eb218::ba67c9e5-00ae-4dbc-896c-560f5403918f::input-params ::GET::::{}
2024-09-06 14:42:05::info::/v1/api/user/readUserProfile/66a5ac2d73370474cf4eb369::7a58eb74-619c-41d4-a17e-cf850f190e4f::input-params ::GET::::{}
2024-09-06 14:42:05::info::/v1/api/serviceCategory/readServiceCategoriesWithServices/66a5ac2d73370474cf4eb369::a7ccedce-0539-42fd-aec8-35182c08d37a::input-params ::GET::::{}
2024-09-06 14:42:07::info::/v1/api/news/readNewss::faecb07b-b47e-4648-b784-6a778f31023b::input-params ::GET::::{}
2024-09-06 14:42:07::info::/v1/api/recommender/readPopularPosts::dec8ac6d-a8b1-46e1-8950-1e8ce9ae5eee::input-params ::GET::::{}
2024-09-06 14:42:26::info::/v1/api/order/readOrders::a5b52869-d3ee-420f-964a-f77b0aca1dcb::input-params ::GET::::{"isDirect":"false","sortBy":"createdAt","sortOrder":"desc"}
2024-09-06 14:42:27::info::/v1/api/challenge/readChallenges::90327975-ae3f-4d0e-8638-51734ae400fe::input-params ::GET::::{}
2024-09-06 14:42:32::info::/v1/api/recommender/readPopularPosts::e730cc96-59b2-46df-9bbc-74173212d54e::input-params ::GET::::{}
2024-09-06 14:42:32::info::/v1/api/news/readNewss::f2533e8b-4c14-45d8-b121-47059fe19b54::input-params ::GET::::{}
2024-09-06 14:44:06::info::/v1/api/news/readNewss::68aadf46-9cef-48d7-9628-0f358bfc8670::input-params ::GET::::{}
2024-09-06 14:44:06::info::/v1/api/movement/readMovements::86877619-bbab-4228-97a1-edf12287f0e4::input-params ::GET::::{}
2024-09-06 14:44:06::info::/v1/api/recommender/readPopularPosts::17f3c7c2-772e-46d1-b5c2-7d17f3e9ed1a::input-params ::GET::::{}
2024-09-06 14:45:04::info::/v1/api/user/me::006457cc-7b2f-4d04-8846-7916050a1620::input-params ::GET::::{}
2024-09-06 14:45:04::info::/v1/api/movement/readMovements::adbdd966-88ff-4876-b146-0c044f7e5de1::input-params ::GET::::{}
2024-09-06 14:45:04::info::/v1/api/news/readNewss::e70b21d4-971d-49e2-9a00-b501ca38a550::input-params ::GET::::{}
2024-09-06 14:45:04::info::/v1/api/recommender/readPopularPosts::2039a8ff-1c6c-467b-b4ea-d94dd599bc8f::input-params ::GET::::{}
