2024-07-06 11:51:59::error::/v1/api/post/createPost::da6c13d8-8452-44ad-8891-797ce7f49313::403 - 1ms - Response: {"status":403,"now":1720241519201}::{"message":"You are not a talent"}
2024-07-06 11:53:06::error::/v1/api/artwork/readArtwork/6688cd89229fc4022ea79044::5350a2c3-fc33-4fc9-a317-86b4238c9f76::404 - NaNms - Response: {"status":404}::{"message":"Not Found"}
2024-07-06 11:53:14::error::/v1/api/artwork/readPost/6688cd89229fc4022ea79044::b8dff5ef-bac0-472d-b556-96984e0e8f22::404 - NaNms - Response: {"status":404}::{"message":"Not Found"}
2024-07-06 20:09:24::error::/v1/api/order/viewTalentOrderHistory::46eeef0c-f720-4819-b7b9-7284682e86aa::404 - NaNms - Response: {"status":404}::{"message":"Not Found"}
2024-07-06 20:10:19::error::/v1/api/order/viewTalentOrderHistory/66601810d3737cbcac3bc91e::0b9cc8c8-bb95-4547-9763-58a54457cfcd::404 - NaNms - Response: {"status":404}::{"message":"Not Found"}
2024-07-06 20:10:29::error::/v1/api/order/readTalentOrderHistory/66601810d3737cbcac3bc91e::350620e2-a0c6-4e5d-ae79-a51727639a61::404 - NaNms - Response: {"status":404}::{"message":"Not Found"}
2024-07-06 20:11:04::error::/v1/api/order/readTalentOrderHistory::8bc5facf-4549-4666-9d9f-377ab36a06de::undefined - NaNms - Response: {}::{"message":"mongoose is not defined"}
2024-07-06 20:11:30::error::/v1/api/order/readTalentOrderHistory::e6f9c918-fb76-44d6-9113-4c9fe1059e5b::undefined - NaNms - Response: {}::{"message":"Class constructor ObjectId cannot be invoked without 'new'"}
2024-07-06 20:36:26::error::/v1/api/order/readMemberOrderHistory::838585d4-bdbf-4a3e-9847-905f1612ec03::404 - NaNms - Response: {"status":404}::{"message":"Not Found"}
2024-07-06 20:38:54::error::/v1/api/order/readMemberOrderHistory::a97e5f1d-7e8a-4c54-a8c5-e0e7586647a2::404 - NaNms - Response: {"status":404}::{"message":"Not Found"}
2024-07-06 20:39:23::error::/v1/api/order/readMemberOrderHistory::232292b8-da11-4ff4-9b9b-63aaf1dba909::404 - NaNms - Response: {"status":404}::{"message":"Not Found"}
2024-07-06 20:39:27::error::/v1/api/order/readMemberOrderHistory::8eb9cc0b-0e16-4354-ad5d-7a13222076be::404 - NaNms - Response: {"status":404}::{"message":"Not Found"}
2024-07-06 20:39:28::error::/v1/api/order/readMemberOrderHistory::44f86981-e3f0-45a7-a0b0-9d099af4a5d1::404 - NaNms - Response: {"status":404}::{"message":"Not Found"}
2024-07-06 20:39:48::error::/v1/api/order/readMemberOrderHistory::b6d310a5-ef02-41ad-92ae-a8c1cfd5e10a::404 - NaNms - Response: {"status":404}::{"message":"Not Found"}
2024-07-06 20:39:49::error::/v1/api/order/readMemberOrderHistory::72d62215-196b-4e9f-a461-4cf4016652bb::404 - NaNms - Response: {"status":404}::{"message":"Not Found"}
2024-07-06 20:39:49::error::/v1/api/order/readMemberOrderHistory::8aa9a58a-c69e-42be-a6c0-918626f91618::404 - NaNms - Response: {"status":404}::{"message":"Not Found"}
2024-07-06 20:40:11::error::/v1/api/order/readMemberOrderHistory::4def22dd-1559-4476-91e9-8216900afd83::404 - NaNms - Response: {"status":404}::{"message":"Not Found"}
2024-07-06 20:40:12::error::/v1/api/order/readMemberOrderHistory::251e85d5-2d2d-4370-8bcb-ca5d01d5a876::404 - NaNms - Response: {"status":404}::{"message":"Not Found"}
2024-07-06 20:40:32::error::/v1/api/order/readMemberOrderHistory::0e055484-e2fb-4a46-bb20-00fe8f9fd722::404 - NaNms - Response: {"status":404}::{"message":"Not Found"}
2024-07-06 20:40:47::error::/v1/api/order/readMemberOrderHistory::bc1a022e-4bf5-43fb-8232-f54fbbe82417::404 - NaNms - Response: {"status":404}::{"message":"Not Found"}
2024-07-06 20:43:24::error::/v1/api/order/readMemberOrderHistory::417c28c6-5ef6-4038-9b16-96fc2a9d77e3::404 - NaNms - Response: {"status":404}::{"message":"Not Found"}
2024-07-06 20:43:29::error::/v1/api/order/readMemberOrderHistory::f6e5c51e-e9a5-42b7-a568-6a2f2a7784e2::404 - NaNms - Response: {"status":404}::{"message":"Not Found"}
2024-07-06 20:57:04::error::/v1/api/order/readMemberOrderHistory::b18c790b-4821-4b29-9630-393a917c99c8::404 - NaNms - Response: {"status":404}::{"message":"Not Found"}
2024-07-06 20:57:27::error::/v1/api/order/readMemberOrderHistory::6e6f0b55-6398-465e-b149-eda878cbb9bb::404 - NaNms - Response: {"status":404}::{"message":"Not Found"}
2024-07-06 20:57:50::error::/v1/api/order/readMemberOrderHistory::e9f32294-1d75-4aa6-9016-272ce2be3776::404 - NaNms - Response: {"status":404}::{"message":"Not Found"}
2024-07-06 20:58:03::error::/v1/api/order/readMemberOrderHistory::a7288e2f-f2db-4738-a0e4-befc062733db::404 - NaNms - Response: {"status":404}::{"message":"Not Found"}
2024-07-06 21:04:19::error::/v1/api/order/readMemberOrderHistory::104c5dc1-b399-452f-a45c-c7adc5ec1770::404 - NaNms - Response: {"status":404}::{"message":"Not Found"}
2024-07-06 21:04:46::error::/v1/api/order/readMemberOrderHistory::d8554f0f-62cc-413c-b419-8d55e2c9bc3c::404 - NaNms - Response: {"status":404}::{"message":"Not Found"}
2024-07-06 21:04:59::error::/v1/api/order/readMemberOrderHistory::70c15d43-89c2-450e-8422-2053c69c62bb::404 - NaNms - Response: {"status":404}::{"message":"Not Found"}
2024-07-06 21:05:06::error::/v1/api/order/readMemberOrderHistory::9d964f00-a829-4900-a426-c69dfbd48e50::404 - NaNms - Response: {"status":404}::{"message":"Not Found"}
2024-07-06 21:05:19::error::/v1/api/order/readMemberOrderHistory::f8088838-851f-42cb-8a3a-73202e38b338::404 - NaNms - Response: {"status":404}::{"message":"Not Found"}
2024-07-06 21:05:22::error::/v1/api/order/readMemberOrderHistory::d688362c-3a83-4418-83eb-e894e99ce70b::404 - NaNms - Response: {"status":404}::{"message":"Not Found"}
2024-07-06 21:06:02::error::/v1/api/order/readMemberOrderHistory::420c0856-3d77-4fe4-9f08-7acac74b23d7::404 - NaNms - Response: {"status":404}::{"message":"Not Found"}
2024-07-06 21:06:37::error::/v1/api/order/readMemberOrderHistory::3e211c3e-73c7-4fe7-a1e9-d0b6e4a5affe::404 - NaNms - Response: {"status":404}::{"message":"Not Found"}
2024-07-06 21:09:05::error::/v1/api/order/readMemberOrderHistory::db30d8a5-6127-4578-8e36-89f1f7a5f0c6::404 - NaNms - Response: {"status":404}::{"message":"Not Found"}
2024-07-06 21:11:16::error::/v1/api/order/readMemberOrderHistory::e3fc8eb8-fd8c-4dca-9b0e-f469277220b9::404 - NaNms - Response: {"status":404}::{"message":"Not Found"}
2024-07-06 21:11:17::error::/v1/api/order/readMemberOrderHistory::59177ace-3692-4d75-beda-234fdd241aef::404 - NaNms - Response: {"status":404}::{"message":"Not Found"}
2024-07-06 21:12:25::error::/v1/api/order/readMemberOrderHistory::c908e22d-42d3-495f-b7d3-52c2588497a1::404 - NaNms - Response: {"status":404}::{"message":"Not Found"}
2024-07-06 21:12:40::error::/v1/api/order/readMemberOrderHistory::9d396b3f-5a29-4ec0-860d-4f9e574208b9::404 - NaNms - Response: {"status":404}::{"message":"Not Found"}
2024-07-06 21:12:40::error::/v1/api/order/readMemberOrderHistory::127a1bc7-fe4a-411c-ab34-8ae946651799::404 - NaNms - Response: {"status":404}::{"message":"Not Found"}
2024-07-06 21:13:03::error::/v1/api/order/readMemberOrderHistory::9d2d95a6-2994-46eb-ad12-74c648492b68::404 - NaNms - Response: {"status":404}::{"message":"Not Found"}
2024-07-06 21:13:05::error::/v1/api/order/readMemberOrderHistory::e1a48847-5487-42a6-8894-884b76aa8d52::404 - NaNms - Response: {"status":404}::{"message":"Not Found"}
2024-07-06 21:14:51::error::/v1/api/order/readMemberOrderHistory::3a3dffe4-8b29-4359-9dd9-69e9845c6729::404 - NaNms - Response: {"status":404}::{"message":"Not Found"}
2024-07-06 21:15:30::error::/v1/api/order/readMemberOrderHistory::cc06f9a2-64c6-426b-b7b7-ed780cfdcf85::404 - NaNms - Response: {"status":404}::{"message":"Not Found"}
2024-07-06 21:15:36::error::/v1/api/order/readMemberOrderHistory::a5156a98-ccdb-4118-8974-576258c747bf::404 - NaNms - Response: {"status":404}::{"message":"Not Found"}
2024-07-06 21:15:44::error::/v1/api/order/readMemberOrderHistory::328e9554-8c6c-4c41-a0c6-63288a9b6cca::404 - NaNms - Response: {"status":404}::{"message":"Not Found"}
2024-07-06 21:15:46::error::/v1/api/order/readMemberOrderHistory::68844e0c-1707-4057-bf8d-929c8a4155fa::404 - NaNms - Response: {"status":404}::{"message":"Not Found"}
2024-07-06 21:15:56::error::/v1/api/order/readMemberOrderHistory::03873962-a3a9-4b45-8e4c-ca7ad69a48dd::404 - NaNms - Response: {"status":404}::{"message":"Not Found"}
2024-07-06 21:15:59::error::/v1/api/order/readMemberOrderHistory::556c0d24-faa2-41a5-9afb-cdf9ec9dc059::404 - NaNms - Response: {"status":404}::{"message":"Not Found"}
2024-07-06 21:16:13::error::/v1/api/order/readMemberOrderHistory::4390c821-e6e8-40d7-a32a-7e40d168ad54::404 - NaNms - Response: {"status":404}::{"message":"Not Found"}
2024-07-06 21:16:14::error::/v1/api/order/readMemberOrderHistory::f80f85ae-434d-4a0f-825e-2f08de07574b::404 - NaNms - Response: {"status":404}::{"message":"Not Found"}
2024-07-06 21:16:18::error::/v1/api/order/readMemberOrderHistory::1e63d0ba-7853-42a0-abf2-20d65f149470::404 - NaNms - Response: {"status":404}::{"message":"Not Found"}
2024-07-06 21:17:33::error::/v1/api/order/readMemberOrderHistory::9d2fca4a-0263-4e34-8152-d1dac851bc34::404 - NaNms - Response: {"status":404}::{"message":"Not Found"}
2024-07-06 21:17:38::error::/v1/api/order/readMemberOrderHistory::5ec06341-1e61-4337-a270-5f440c3192a6::404 - NaNms - Response: {"status":404}::{"message":"Not Found"}
2024-07-06 21:18:08::error::/v1/api/order/readMemberOrderHistory::32156f22-ec2a-42dc-9a22-03f343d434aa::404 - NaNms - Response: {"status":404}::{"message":"Not Found"}
2024-07-06 21:18:10::error::/v1/api/order/readMemberOrderHistory::82ab11e0-1d69-433d-9009-51ce078cd57e::404 - NaNms - Response: {"status":404}::{"message":"Not Found"}
2024-07-06 21:18:16::error::/v1/api/order/readMemberOrderHistory::bc8c2d29-1257-44c0-8d6f-259a9a45f860::404 - NaNms - Response: {"status":404}::{"message":"Not Found"}
2024-07-06 21:18:34::error::/v1/api/order/readMemberOrderHistory::14e20acd-3cb9-4346-9fbf-255838d1f0e6::404 - NaNms - Response: {"status":404}::{"message":"Not Found"}
2024-07-06 21:24:49::error::/v1/api/order/readMemberOrderHistory::711f9215-7b08-4096-a371-06b480e632d9::404 - NaNms - Response: {"status":404}::{"message":"Not Found"}
