2024-07-13 10:06:39::info::/v1/api/auth/users/signUp::f2c650d6-8d72-4d30-961f-3229dadbe687::input-params ::POST::::{"fullName":"Phap Luu","email":"quangminhqungai@gmail.com","password":"123456789"}
2024-07-13 10:06:39::error::/v1/api/auth/users/signUp::f2c650d6-8d72-4d30-961f-3229dadbe687::undefined - NaNms - Response: {"index":0,"code":11000,"keyPattern":{"email":1},"keyValue":{"email":"quangminhqungai@gmail.com"}}::{"message":"E11000 duplicate key error collection: Fiyonce.UserOTPVerifications index: email_1 dup key: { email: \"quangminhqungai@gmail.com\" }"}
2024-07-13 10:07:33::info::/v1/api/auth/users/signUp::76c3b502-e255-4e22-a4f7-13818bdd671c::input-params ::POST::::{"fullName":"Phap Luu","email":"quangminhqungai@gmail.com","password":"123456789"}
2024-07-13 10:07:33::error::/v1/api/auth/users/signUp::76c3b502-e255-4e22-a4f7-13818bdd671c::undefined - NaNms - Response: {"index":0,"code":11000,"keyPattern":{"email":1},"keyValue":{"email":"quangminhqungai@gmail.com"}}::{"message":"E11000 duplicate key error collection: Fiyonce.UserOTPVerifications index: email_1 dup key: { email: \"quangminhqungai@gmail.com\" }"}
2024-07-13 10:07:57::info::/v1/api/auth/users/signUp::0d767589-d65d-4e86-a37e-e7b830cfc2dd::input-params ::POST::::{"fullName":"Phap Luu","email":"quangminhqungai@gmail.com","password":"123456789"}
2024-07-13 10:07:57::error::/v1/api/auth/users/signUp::0d767589-d65d-4e86-a37e-e7b830cfc2dd::undefined - NaNms - Response: {"index":0,"code":11000,"keyPattern":{"email":1},"keyValue":{"email":"quangminhqungai@gmail.com"}}::{"message":"E11000 duplicate key error collection: Fiyonce.UserOTPVerifications index: email_1 dup key: { email: \"quangminhqungai@gmail.com\" }"}
2024-07-13 10:09:22::info::/v1/api/auth/users/signUp::fd5c995c-0637-44a7-b05f-edf778ed4590::input-params ::POST::::{"fullName":"Phap Luu","email":"quangminhqungai@gmail.com","password":"123456789"}
2024-07-13 10:09:22::error::/v1/api/auth/users/signUp::fd5c995c-0637-44a7-b05f-edf778ed4590::undefined - NaNms - Response: {"index":0,"code":11000,"keyPattern":{"email":1},"keyValue":{"email":"quangminhqungai@gmail.com"}}::{"message":"E11000 duplicate key error collection: Fiyonce.UserOTPVerifications index: email_1 dup key: { email: \"quangminhqungai@gmail.com\" }"}
2024-07-13 10:09:56::info::/v1/api/auth/users/signUp::1a4a4b9d-bf97-4d26-8406-5d07f7123c16::input-params ::POST::::{"fullName":"Phap Luu","email":"quangminhqungai@gmail.com","password":"123456789"}
2024-07-13 10:09:56::error::/v1/api/auth/users/signUp::1a4a4b9d-bf97-4d26-8406-5d07f7123c16::undefined - NaNms - Response: {"index":0,"code":11000,"keyPattern":{"email":1},"keyValue":{"email":"quangminhqungai@gmail.com"}}::{"message":"E11000 duplicate key error collection: Fiyonce.UserOTPVerifications index: email_1 dup key: { email: \"quangminhqungai@gmail.com\" }"}
2024-07-13 10:11:00::info::/v1/api/auth/users/signUp::6f6df77c-0d8c-4876-a0d1-d6f309d03a26::input-params ::POST::::{"fullName":"Phap Luu","email":"quangminhqungai@gmail.com","password":"123456789"}
2024-07-13 10:11:00::error::/v1/api/auth/users/signUp::6f6df77c-0d8c-4876-a0d1-d6f309d03a26::undefined - NaNms - Response: {"index":0,"code":11000,"keyPattern":{"email":1},"keyValue":{"email":"quangminhqungai@gmail.com"}}::{"message":"E11000 duplicate key error collection: Fiyonce.UserOTPVerifications index: email_1 dup key: { email: \"quangminhqungai@gmail.com\" }"}
2024-07-13 10:14:13::info::/v1/api/auth/users/signUp::3bc6ab16-7797-4788-8334-e7baa65390e0::input-params ::POST::::{"fullName":"Phap Luu","email":"quangminhqungai@gmail.com","password":"123456789"}
2024-07-13 10:18:01::info::/v1/api/auth/users/signUp::a573922f-eebf-4055-b791-4c04a841346b::input-params ::POST::::{"fullName":"Phap Luu","email":"quangminhqungai@gmail.com","password":"123456789"}
2024-07-13 10:18:05::error::/v1/api/auth/users/signUp::a573922f-eebf-4055-b791-4c04a841346b::undefined - NaNms - Response: {}::{"message":"Cannot read properties of undefined (reading '_id')"}
2024-07-13 10:18:46::info::/v1/api/auth/users/signUp::7c78a167-a3cf-453c-af47-0a36013b2010::input-params ::POST::::{"fullName":"Phap Luu","email":"quangminhqungai@gmail.com","password":"123456789"}
2024-07-13 10:18:49::error::/v1/api/auth/users/signUp::7c78a167-a3cf-453c-af47-0a36013b2010::undefined - NaNms - Response: {}::{"message":"Cannot read properties of undefined (reading '_id')"}
2024-07-13 10:20:50::info::/v1/api/auth/users/signUp::f1c842be-c582-4879-9405-61cc451c8a97::input-params ::POST::::{"fullName":"Phap Luu","email":"quangminhqungai@gmail.com","password":"123456789"}
2024-07-13 10:23:07::info::/v1/api/auth/users/signUp::f136aa3d-6d5f-4664-8e63-3153152f9c80::input-params ::POST::::{"fullName":"Phap Luu","email":"quangminhqungai@gmail.com","password":"123456789"}
2024-07-13 10:23:11::info::/v1/api/auth/users/signUp::e451f16c-c1f4-4a4f-a4b9-0f50d320dd1b::input-params ::POST::::{"fullName":"Phap Luu","email":"quangminhqungai@gmail.com","password":"123456789"}
2024-07-13 10:23:18::info::/v1/api/auth/users/signUp::32a2d30c-855c-4fed-8e2f-1cd93553cb38::input-params ::POST::::{"fullName":"Phap Luu","email":"quangminhqungai@gmail.com","password":"123456789"}
2024-07-13 10:23:23::info::/v1/api/auth/users/signUp::8ae16fcc-0169-49da-9efc-4a85455d01b8::input-params ::POST::::{"fullName":"Phap Luu","email":"quangminhqungai@gmail.com","password":"123456789"}
2024-07-13 10:24:02::info::/v1/api/auth/users/signUp::5ae6d15e-85bd-4436-a040-c95c48772462::input-params ::POST::::{"fullName":"Phap Luu","email":"quangminhqungai@gmail.com","password":"123456789"}
2024-07-13 10:25:21::info::/v1/api/auth/users/signUp::2a9cbce9-c5ab-41a6-bbd5-86ed775100db::input-params ::POST::::{"fullName":"Phap Luu","email":"quangminhqungai@gmail.com","password":"123456789"}
2024-07-13 10:25:49::info::/v1/api/auth/users/signUp::adb4569a-39cb-482b-a526-c9a7ab383af2::input-params ::POST::::{"fullName":"Phap Luu","email":"quangminhqungai@gmail.com","password":"123456789"}
2024-07-13 10:25:49::error::/v1/api/auth/users/signUp::adb4569a-39cb-482b-a526-c9a7ab383af2::403 - 1ms - Response: {"status":403,"now":1720841149846}::{"message":"Error: OTP request limit reached for today"}
