2024-07-09 07:19:10::error::/v1/api/order/readMemberOrderHistory::0432220d-f1aa-40ff-9c19-b28f6f78c7e5::404 - NaNms - Response: {"status":404}::{"message":"Not Found"}
2024-07-09 07:19:13::error::/v1/api/order/readMemberOrderHistory::a046ea9e-785a-4781-8679-d45d1952709f::404 - NaNms - Response: {"status":404}::{"message":"Not Found"}
2024-07-09 07:19:58::error::/v1/api/order/readMemberOrderHistory::61dc1596-8173-4349-abcc-d0e9f30a795f::404 - NaNms - Response: {"status":404}::{"message":"Not Found"}
2024-07-09 07:20:00::error::/v1/api/order/readMemberOrderHistory::78e6fd1b-8c29-448b-9cea-e4aade64ff70::404 - NaNms - Response: {"status":404}::{"message":"Not Found"}
2024-07-09 07:20:49::error::/v1/api/order/readMemberOrderHistory::b3982a5a-f974-4fe0-bd93-5fa78cf76a9f::404 - NaNms - Response: {"status":404}::{"message":"Not Found"}
2024-07-09 07:24:40::error::/v1/api/order/readMemberOrderHistory::ccea7637-357c-446a-aa24-beb499d0dc7a::404 - NaNms - Response: {"status":404}::{"message":"Not Found"}
2024-07-09 07:25:10::error::/v1/api/order/readMemberOrderHistory::12f33a17-c448-4e3b-b150-99815a1f9c4b::404 - NaNms - Response: {"status":404}::{"message":"Not Found"}
2024-07-09 07:25:14::error::/v1/api/order/readMemberOrderHistory::f48db5c6-4db5-4fa3-aa60-2cf2b9605c14::404 - NaNms - Response: {"status":404}::{"message":"Not Found"}
2024-07-09 07:26:17::error::/v1/api/order/readMemberOrderHistory::83fb95a7-c56e-4d23-a9b6-40dc8d5f2194::404 - NaNms - Response: {"status":404}::{"message":"Not Found"}
2024-07-09 07:32:14::error::/v1/api/order/readMemberOrderHistory::6a435a8f-92da-49e0-8fc0-8a549761f300::404 - NaNms - Response: {"status":404}::{"message":"Not Found"}
2024-07-09 07:32:18::error::/v1/api/order/readMemberOrderHistory::16441d81-d5d3-4fa6-98bb-76501df3be49::404 - NaNms - Response: {"status":404}::{"message":"Not Found"}
2024-07-09 07:33:22::error::/v1/api/order/readMemberOrderHistory::515d86b1-8e23-4bad-ab37-93390d877e7f::404 - NaNms - Response: {"status":404}::{"message":"Not Found"}
2024-07-09 07:35:52::error::/v1/api/order/readMemberOrderHistory::d138b924-0bcc-43d4-8f52-20ea23ce35dc::404 - NaNms - Response: {"status":404}::{"message":"Not Found"}
2024-07-09 07:36:30::error::/v1/api/order/readMemberOrderHistory::b7ec6c57-c7f6-4daa-9879-229fe20e803d::404 - NaNms - Response: {"status":404}::{"message":"Not Found"}
2024-07-09 07:40:21::error::/v1/api/order/readMemberOrderHistory::a88ca963-36dc-4ab8-aac6-2b7c86e379a9::404 - NaNms - Response: {"status":404}::{"message":"Not Found"}
2024-07-09 07:41:52::error::/v1/api/order/readMemberOrderHistory::a4d07a3b-ae6a-4e0d-9f83-a48f6df1f3f1::404 - NaNms - Response: {"status":404}::{"message":"Not Found"}
2024-07-09 07:41:58::error::/v1/api/order/readMemberOrderHistory::07ace8a7-34d9-439c-915f-92e58934a580::404 - NaNms - Response: {"status":404}::{"message":"Not Found"}
2024-07-09 07:41:59::error::/v1/api/order/readMemberOrderHistory::6a51ca14-4a72-48a8-866c-b5d41aaecae0::404 - NaNms - Response: {"status":404}::{"message":"Not Found"}
2024-07-09 07:42:56::error::/v1/api/order/readMemberOrderHistory::dfd0cb47-1794-4468-b802-a97f62c79a56::404 - NaNms - Response: {"status":404}::{"message":"Not Found"}
2024-07-09 07:46:55::error::/v1/api/order/readMemberOrderHistory::82316755-d105-42de-864f-05b7659b4299::404 - NaNms - Response: {"status":404}::{"message":"Not Found"}
2024-07-09 07:47:40::error::/v1/api/order/readMemberOrderHistory::424c8a84-0a6e-4c03-afb1-811d7bdf747f::404 - NaNms - Response: {"status":404}::{"message":"Not Found"}
2024-07-09 07:47:42::error::/v1/api/order/readMemberOrderHistory::61cc4857-f08e-4889-b571-f89e7fd4c769::404 - NaNms - Response: {"status":404}::{"message":"Not Found"}
2024-07-09 07:49:31::error::/v1/api/order/readMemberOrderHistory::87db676c-3dc8-46a8-96a1-477790c564a3::404 - NaNms - Response: {"status":404}::{"message":"Not Found"}
2024-07-09 07:49:34::error::/v1/api/order/readMemberOrderHistory::9be2214d-089f-44d6-bbf0-1202c3e63700::404 - NaNms - Response: {"status":404}::{"message":"Not Found"}
2024-07-09 07:49:47::error::/v1/api/order/readMemberOrderHistory::f865568c-ef59-493f-8df5-6798ef643043::404 - NaNms - Response: {"status":404}::{"message":"Not Found"}
2024-07-09 07:49:52::error::/v1/api/order/readMemberOrderHistory::1b079b7f-5423-4bcc-a3db-a59464bb04f7::404 - NaNms - Response: {"status":404}::{"message":"Not Found"}
2024-07-09 07:50:24::error::/v1/api/order/readMemberOrderHistory::42c3ab2b-50e0-4844-90a1-b1c60053bd2d::404 - NaNms - Response: {"status":404}::{"message":"Not Found"}
2024-07-09 07:50:32::error::/v1/api/order/readMemberOrderHistory::86d7a6f5-97f2-49a8-bb4d-9f7f1a8b5dad::404 - NaNms - Response: {"status":404}::{"message":"Not Found"}
2024-07-09 07:50:38::error::/v1/api/order/readMemberOrderHistory::07df45b5-779a-424b-9798-31a65e7890ba::404 - NaNms - Response: {"status":404}::{"message":"Not Found"}
2024-07-09 07:50:50::error::/v1/api/order/readMemberOrderHistory::7340517e-bf33-4c31-b8b8-1fea3b39fd9e::404 - NaNms - Response: {"status":404}::{"message":"Not Found"}
2024-07-09 07:50:53::error::/v1/api/order/readMemberOrderHistory::22585776-ef43-4771-9467-84858a941de7::404 - NaNms - Response: {"status":404}::{"message":"Not Found"}
2024-07-09 07:51:12::error::/v1/api/order/readMemberOrderHistory::30cad081-3a5f-4a82-a702-e57281c18ac6::404 - NaNms - Response: {"status":404}::{"message":"Not Found"}
2024-07-09 07:51:29::error::/v1/api/order/readMemberOrderHistory::19f8ed46-e093-454d-be46-af9315fcd4f8::404 - NaNms - Response: {"status":404}::{"message":"Not Found"}
2024-07-09 07:51:46::error::/v1/api/order/readMemberOrderHistory::9a9985f7-2132-4abb-8a20-61a9e228e790::404 - NaNms - Response: {"status":404}::{"message":"Not Found"}
2024-07-09 07:52:05::error::/v1/api/order/readMemberOrderHistory::b7324e2e-22b7-477b-9c6f-c32f9f18fbd7::404 - NaNms - Response: {"status":404}::{"message":"Not Found"}
2024-07-09 07:52:56::error::/v1/api/order/readMemberOrderHistory::d228a7f3-34f8-4dab-ab73-f87470dc1c57::404 - NaNms - Response: {"status":404}::{"message":"Not Found"}
2024-07-09 07:53:03::error::/v1/api/order/readMemberOrderHistory::d48d9efd-b10b-4bf1-b01c-c4e1c085b385::404 - NaNms - Response: {"status":404}::{"message":"Not Found"}
2024-07-09 07:54:11::error::/v1/api/order/readMemberOrderHistory::7dbf1e7b-bb85-4302-b07c-783389b5af57::404 - NaNms - Response: {"status":404}::{"message":"Not Found"}
2024-07-09 07:54:23::error::/v1/api/order/readMemberOrderHistory::bbd192fc-3158-41a4-8205-2f4490237c3a::404 - NaNms - Response: {"status":404}::{"message":"Not Found"}
2024-07-09 07:54:48::error::/v1/api/order/readMemberOrderHistory::0e21e59b-8947-4af4-be4b-ffe4bfdec5eb::404 - NaNms - Response: {"status":404}::{"message":"Not Found"}
2024-07-09 07:55:19::error::/v1/api/order/readMemberOrderHistory::8669f367-7d21-405d-87ef-2e9cf4ee6d43::404 - NaNms - Response: {"status":404}::{"message":"Not Found"}
2024-07-09 07:55:50::error::/v1/api/order/readMemberOrderHistory::e6b2466e-f259-4651-bb8f-0a9183ee94b6::404 - NaNms - Response: {"status":404}::{"message":"Not Found"}
2024-07-09 07:56:17::error::/v1/api/order/readMemberOrderHistory::bcf4e3e9-541c-4a47-aa26-def9ef1fbaa9::404 - NaNms - Response: {"status":404}::{"message":"Not Found"}
2024-07-09 07:59:34::error::/v1/api/order/readMemberOrderHistory::97ec0e00-3c09-41ff-804d-604919c58d14::404 - NaNms - Response: {"status":404}::{"message":"Not Found"}
2024-07-09 08:00:16::error::/v1/api/order/readMemberOrderHistory::6d2db8e4-e1f3-4180-87b6-b4c56402e0e7::404 - NaNms - Response: {"status":404}::{"message":"Not Found"}
2024-07-09 08:01:35::error::/v1/api/order/readMemberOrderHistory::dd465722-98f8-4181-97dd-de61c9e0a394::404 - NaNms - Response: {"status":404}::{"message":"Not Found"}
2024-07-09 08:04:37::error::/v1/api/order/readMemberOrderHistory::9a0a35d8-1c51-4575-8144-f41634c3471f::404 - NaNms - Response: {"status":404}::{"message":"Not Found"}
2024-07-09 08:50:01::error::/v1/api/order/readMemberOrderHistory::43bcf260-d2b9-44b2-a349-bec5d70fdcd5::404 - NaNms - Response: {"status":404}::{"message":"Not Found"}
2024-07-09 08:50:02::error::/v1/api/order/readMemberOrderHistory::6c213077-a062-4808-97f7-6f9022404a28::404 - NaNms - Response: {"status":404}::{"message":"Not Found"}
2024-07-09 08:51:18::error::/v1/api/order/readMemberOrderHistory::bfc66647-689c-4f4c-bdeb-de6ce8d03303::404 - NaNms - Response: {"status":404}::{"message":"Not Found"}
2024-07-09 08:51:27::error::/v1/api/order/readMemberOrderHistory::0f60f24e-da66-4fc3-9e9c-0ef3f408c659::404 - NaNms - Response: {"status":404}::{"message":"Not Found"}
2024-07-09 08:52:31::error::/v1/api/order/readMemberOrderHistory::0314c000-47a9-4328-96f7-3d9fb11bbbbc::404 - NaNms - Response: {"status":404}::{"message":"Not Found"}
2024-07-09 08:54:01::error::/v1/api/order/readMemberOrderHistory::6b96185c-a238-49b4-8075-716e2d32e705::404 - NaNms - Response: {"status":404}::{"message":"Not Found"}
2024-07-09 08:54:09::error::/v1/api/order/readMemberOrderHistory::0df9498f-939a-4382-9a63-3943fb82c51b::404 - NaNms - Response: {"status":404}::{"message":"Not Found"}
2024-07-09 08:54:25::error::/v1/api/order/readMemberOrderHistory::f13527c5-367b-452e-b9c6-ac50589298e1::404 - NaNms - Response: {"status":404}::{"message":"Not Found"}
2024-07-09 08:54:25::error::/v1/api/order/rejectOrder/undefined::fdb03575-4eb3-473c-9258-22f8ce0a4819::undefined - NaNms - Response: {"stringValue":"\"undefined\"","valueType":"string","kind":"ObjectId","value":"undefined","path":"_id","reason":{},"name":"CastError","message":"Cast to ObjectId failed for value \"undefined\" (type string) at path \"_id\" for model \"Order\""}::{"message":"Cast to ObjectId failed for value \"undefined\" (type string) at path \"_id\" for model \"Order\""}
2024-07-09 08:54:54::error::/v1/api/order/readMemberOrderHistory::78728627-2af5-477d-87b5-66f231031cea::404 - NaNms - Response: {"status":404}::{"message":"Not Found"}
2024-07-09 08:54:55::error::/v1/api/order/rejectOrder/undefined::2233ac3d-4586-48b6-af33-cdcdf6885791::undefined - NaNms - Response: {"stringValue":"\"undefined\"","valueType":"string","kind":"ObjectId","value":"undefined","path":"_id","reason":{},"name":"CastError","message":"Cast to ObjectId failed for value \"undefined\" (type string) at path \"_id\" for model \"Order\""}::{"message":"Cast to ObjectId failed for value \"undefined\" (type string) at path \"_id\" for model \"Order\""}
2024-07-09 08:55:26::error::/v1/api/order/readMemberOrderHistory::15f32ca2-558d-406e-beef-a380963f2ad7::404 - NaNms - Response: {"status":404}::{"message":"Not Found"}
2024-07-09 08:55:26::error::/v1/api/order/readMemberOrderHistory::6183e58a-9a1e-40bc-a1bd-6dbb464f1475::404 - NaNms - Response: {"status":404}::{"message":"Not Found"}
2024-07-09 08:55:38::error::/v1/api/order/readMemberOrderHistory::9502455b-f518-422b-9fef-23b083327551::404 - NaNms - Response: {"status":404}::{"message":"Not Found"}
2024-07-09 08:55:57::error::/v1/api/order/readMemberOrderHistory::87e2c745-ea2c-42d6-8e29-7c1ead10ea0a::404 - NaNms - Response: {"status":404}::{"message":"Not Found"}
2024-07-09 08:55:59::error::/v1/api/order/readMemberOrderHistory::3dc12d29-0e5e-4a07-99d5-d6ba6194ad68::404 - NaNms - Response: {"status":404}::{"message":"Not Found"}
2024-07-09 08:59:03::error::/v1/api/order/readMemberOrderHistory::3f009f60-d59e-44df-ab72-10c7da8e0b32::404 - NaNms - Response: {"status":404}::{"message":"Not Found"}
2024-07-09 08:59:03::error::/v1/api/order/rejectOrder/667fc3453a96814dff38b5ce::ea388fd5-156d-4934-9d4c-68f1cf58ede2::403 - 0ms - Response: {"status":403,"now":1720490343769}::{"message":"Reject message is required"}
2024-07-09 08:59:51::error::/v1/api/order/readMemberOrderHistory::1ce960e2-97cf-459d-9522-eef08b22a33d::404 - NaNms - Response: {"status":404}::{"message":"Not Found"}
2024-07-09 08:59:52::error::/v1/api/order/rejectOrder/667fc3453a96814dff38b5ce::bb8eda5a-3dbb-42d4-a62d-d555d0414016::403 - 0ms - Response: {"status":403,"now":1720490392695}::{"message":"Reject message is required"}
2024-07-09 09:00:35::error::/v1/api/order/readMemberOrderHistory::dac009f1-3401-4a8f-8057-99a9f2aa0d86::404 - NaNms - Response: {"status":404}::{"message":"Not Found"}
2024-07-09 09:01:44::error::/v1/api/order/readMemberOrderHistory::5f95bd04-1109-461e-a611-ae46a3380cd7::404 - NaNms - Response: {"status":404}::{"message":"Not Found"}
2024-07-09 09:02:15::error::/v1/api/order/readMemberOrderHistory::73b1b98a-194b-4277-8469-2f5dd4e6c324::404 - NaNms - Response: {"status":404}::{"message":"Not Found"}
2024-07-09 09:04:43::error::/v1/api/order/readMemberOrderHistory::14151dc5-5a44-4281-bd2a-f63f5dea3108::404 - NaNms - Response: {"status":404}::{"message":"Not Found"}
2024-07-09 09:05:28::error::/v1/api/order/readMemberOrderHistory::b2e788ff-6437-4dd0-bbac-967b707a4472::404 - NaNms - Response: {"status":404}::{"message":"Not Found"}
2024-07-09 09:05:54::error::/v1/api/order/readMemberOrderHistory::cada7297-d93a-4785-ac03-a0fcf35395f1::404 - NaNms - Response: {"status":404}::{"message":"Not Found"}
2024-07-09 09:06:08::error::/v1/api/order/readMemberOrderHistory::d51092f9-811e-4a78-8780-2387dabe6dd5::404 - NaNms - Response: {"status":404}::{"message":"Not Found"}
2024-07-09 09:06:10::error::/v1/api/order/readMemberOrderHistory::b904d5e1-018c-4f08-9054-f5f3c42afb53::404 - NaNms - Response: {"status":404}::{"message":"Not Found"}
2024-07-09 09:06:30::error::/v1/api/order/readMemberOrderHistory::5292ca55-d21a-46a7-897e-1cb80647ebd4::404 - NaNms - Response: {"status":404}::{"message":"Not Found"}
2024-07-09 09:06:38::error::/v1/api/order/readMemberOrderHistory::ce3363c0-60d0-4e63-8352-f9186b430494::404 - NaNms - Response: {"status":404}::{"message":"Not Found"}
2024-07-09 09:08:35::error::/v1/api/order/readMemberOrderHistory::a833ada7-b909-4160-a40d-f660b080bc02::404 - NaNms - Response: {"status":404}::{"message":"Not Found"}
2024-07-09 09:10:30::error::/v1/api/order/readMemberOrderHistory::87688ce3-cf19-4b21-a0db-17080932c6ce::404 - NaNms - Response: {"status":404}::{"message":"Not Found"}
2024-07-09 09:10:35::error::/v1/api/order/readMemberOrderHistory::d38d74ee-e9c6-41a0-92de-4f402abcb7e3::404 - NaNms - Response: {"status":404}::{"message":"Not Found"}
2024-07-09 09:12:08::error::/v1/api/order/readMemberOrderHistory::35be1278-9860-4a38-a3b2-59cf83d99518::404 - NaNms - Response: {"status":404}::{"message":"Not Found"}
2024-07-09 09:12:10::error::/v1/api/order/readMemberOrderHistory::575101d4-8407-4446-b644-a5712293debf::404 - NaNms - Response: {"status":404}::{"message":"Not Found"}
2024-07-09 09:12:36::error::/v1/api/order/readMemberOrderHistory::73ad88eb-caa7-40a9-ab47-14483b677c92::404 - NaNms - Response: {"status":404}::{"message":"Not Found"}
2024-07-09 09:13:15::error::/v1/api/order/readMemberOrderHistory::16082fd3-bcb0-4589-acad-1568e2e385ee::404 - NaNms - Response: {"status":404}::{"message":"Not Found"}
2024-07-09 09:13:23::error::/v1/api/order/readMemberOrderHistory::d81e6187-4383-4eed-bd01-17a01825e62d::404 - NaNms - Response: {"status":404}::{"message":"Not Found"}
2024-07-09 09:13:35::error::/v1/api/order/readMemberOrderHistory::9ea61d27-cdbd-41a2-a5b8-fdc544f115b1::404 - NaNms - Response: {"status":404}::{"message":"Not Found"}
2024-07-09 09:13:47::error::/v1/api/order/readMemberOrderHistory::a274f5ad-ff64-4b68-9f18-cfac4cdc387d::404 - NaNms - Response: {"status":404}::{"message":"Not Found"}
2024-07-09 09:13:53::error::/v1/api/order/readMemberOrderHistory::43f3a707-1fec-40b6-97f8-f709f5131f76::404 - NaNms - Response: {"status":404}::{"message":"Not Found"}
2024-07-09 09:14:48::error::/v1/api/order/readMemberOrderHistory::a2b79116-b31a-41f8-aa0d-994904bb7727::404 - NaNms - Response: {"status":404}::{"message":"Not Found"}
2024-07-09 09:14:59::error::/v1/api/order/readMemberOrderHistory::5b0a2d88-cdc1-4938-a078-245a2d12000d::404 - NaNms - Response: {"status":404}::{"message":"Not Found"}
2024-07-09 09:15:09::error::/v1/api/order/readMemberOrderHistory::994688e1-4e25-4209-abfc-cc387e941b94::404 - NaNms - Response: {"status":404}::{"message":"Not Found"}
2024-07-09 09:15:23::error::/v1/api/order/readMemberOrderHistory::1aa0a96a-b232-421a-84ae-4cf6be5608eb::404 - NaNms - Response: {"status":404}::{"message":"Not Found"}
2024-07-09 09:15:40::error::/v1/api/order/readMemberOrderHistory::ce6b9cf5-e561-41ba-93ce-3346cd93f85d::404 - NaNms - Response: {"status":404}::{"message":"Not Found"}
2024-07-09 09:15:58::error::/v1/api/order/readMemberOrderHistory::48b7fb5a-cad5-49e4-8b41-fb84afba95d0::404 - NaNms - Response: {"status":404}::{"message":"Not Found"}
2024-07-09 09:16:40::error::/v1/api/order/readMemberOrderHistory::e1c4ea4b-4c6f-45c7-b591-867cbcfbb1b4::404 - NaNms - Response: {"status":404}::{"message":"Not Found"}
2024-07-09 09:16:50::error::/v1/api/order/readMemberOrderHistory::98344346-ab8b-4fc1-838a-a90ec86e31bf::404 - NaNms - Response: {"status":404}::{"message":"Not Found"}
2024-07-09 09:16:53::error::/v1/api/order/readMemberOrderHistory::02951afa-5a8e-47f6-91c9-1d4fc12e61b9::404 - NaNms - Response: {"status":404}::{"message":"Not Found"}
2024-07-09 09:22:56::error::/v1/api/order/readMemberOrderHistory::cdb70580-c416-45b0-82dd-b4c66c114e37::404 - NaNms - Response: {"status":404}::{"message":"Not Found"}
2024-07-09 09:23:18::error::/v1/api/order/readMemberOrderHistory::164ea9cb-30ae-4304-a470-0be87e718fc2::404 - NaNms - Response: {"status":404}::{"message":"Not Found"}
2024-07-09 09:23:22::error::/v1/api/order/rejectOrder/667fc3453a96814dff38b5ce::9dae4150-5244-4132-be7a-bc8ede6d87bc::404 - NaNms - Response: {"status":404}::{"message":"Not Found"}
2024-07-09 09:23:26::error::/v1/api/order/readMemberOrderHistory::f6a2318b-d54a-4343-b419-65df52b2eee0::404 - NaNms - Response: {"status":404}::{"message":"Not Found"}
2024-07-09 09:23:34::error::/v1/api/order/rejectOrder/667fc3453a96814dff38b5ce::d10e79f3-738c-4152-b563-7dd81fdfccf8::404 - NaNms - Response: {"status":404}::{"message":"Not Found"}
2024-07-09 09:23:57::error::/v1/api/order/readMemberOrderHistory::4d9a2b0e-8805-4ddc-a6b5-b0bb9405f3d2::404 - NaNms - Response: {"status":404}::{"message":"Not Found"}
2024-07-09 09:23:58::error::/v1/api/order/rejectOrder/667fc3453a96814dff38b5ce::ff76d374-4f8a-4391-8224-037672e6bee6::404 - NaNms - Response: {"status":404}::{"message":"Not Found"}
2024-07-09 09:24:29::error::/v1/api/order/readMemberOrderHistory::97c565da-64b6-47f2-934a-fbf51ae4a203::404 - NaNms - Response: {"status":404}::{"message":"Not Found"}
2024-07-09 09:24:30::error::/v1/api/order/rejectOrder/667fc3453a96814dff38b5ce::f7e31aae-4943-4b26-92c8-d51ab67c305b::404 - NaNms - Response: {"status":404}::{"message":"Not Found"}
2024-07-09 09:24:39::error::/v1/api/order/readMemberOrderHistory::43ba1f6b-19b6-484d-a9bb-f8263c10b198::404 - NaNms - Response: {"status":404}::{"message":"Not Found"}
2024-07-09 09:24:40::error::/v1/api/order/rejectOrder/667fc3453a96814dff38b5ce::635b35d8-060c-4247-9ed6-5f62e831859f::404 - NaNms - Response: {"status":404}::{"message":"Not Found"}
2024-07-09 09:25:47::error::/v1/api/order/readMemberOrderHistory::7191b7e4-71cc-4eae-aed5-966f3c6f82a0::404 - NaNms - Response: {"status":404}::{"message":"Not Found"}
2024-07-09 09:25:48::error::/v1/api/order/readMemberOrderHistory::75c40d0c-112b-4070-ba1e-fdef52cf3670::404 - NaNms - Response: {"status":404}::{"message":"Not Found"}
2024-07-09 09:25:48::error::/v1/api/order/rejectOrder/667fc3453a96814dff38b5ce::b10eb547-65e7-4a1f-a89f-baeb827c070b::403 - 0ms - Response: {"status":403,"now":1720491948453}::{"message":"Reject message is required"}
2024-07-09 09:26:02::error::/v1/api/order/readMemberOrderHistory::f24c5299-e853-439e-a073-db571fb31b97::404 - NaNms - Response: {"status":404}::{"message":"Not Found"}
2024-07-09 09:26:05::error::/v1/api/order/rejectOrder/667fc3453a96814dff38b5ce::466e81c2-d450-4581-b934-10d7591fda7e::403 - 0ms - Response: {"status":403,"now":1720491965892}::{"message":"Reject message is required"}
2024-07-09 09:26:33::error::/v1/api/order/readMemberOrderHistory::a10ce4c3-3931-4e83-aba1-5bf27c43174e::404 - NaNms - Response: {"status":404}::{"message":"Not Found"}
2024-07-09 09:26:33::error::/v1/api/order/rejectOrder/667fc3453a96814dff38b5ce::9dd6ad8c-2aab-489f-aa8a-256b9d714aaf::403 - 0ms - Response: {"status":403,"now":1720491993907}::{"message":"Reject message is required"}
2024-07-09 09:26:57::error::/v1/api/order/readMemberOrderHistory::d2f4c142-b357-4063-8d0e-89265ecb8f7a::404 - NaNms - Response: {"status":404}::{"message":"Not Found"}
2024-07-09 09:26:58::error::/v1/api/order/rejectOrder/667fc3453a96814dff38b5ce::334f9cee-919f-4692-93b6-d2637bc152d7::403 - 0ms - Response: {"status":403,"now":1720492018041}::{"message":"Reject message is required"}
2024-07-09 09:27:28::error::/v1/api/order/readMemberOrderHistory::2fe5f526-6c33-476a-bba0-49a157dfdf73::404 - NaNms - Response: {"status":404}::{"message":"Not Found"}
2024-07-09 09:27:29::error::/v1/api/order/rejectOrder/667fc3453a96814dff38b5ce::f1c07364-36ba-4ca1-88b3-39168f0efc97::403 - 1ms - Response: {"status":403,"now":1720492049090}::{"message":"Reject message is required"}
2024-07-09 09:28:06::error::/v1/api/order/readMemberOrderHistory::8520d452-bd52-44ed-bc23-2701d87adde5::404 - NaNms - Response: {"status":404}::{"message":"Not Found"}
2024-07-09 09:28:08::error::/v1/api/order/readMemberOrderHistory::b9736b7e-13fb-48c4-8be4-71e6fbdb3862::404 - NaNms - Response: {"status":404}::{"message":"Not Found"}
2024-07-09 09:28:24::error::/v1/api/order/readMemberOrderHistory::cf5d42b0-4dae-4079-9ef8-48f7e48aa8a3::404 - NaNms - Response: {"status":404}::{"message":"Not Found"}
2024-07-09 09:28:42::error::/v1/api/order/readMemberOrderHistory::661fef38-f79b-4a3d-ac77-ac5981f0b61d::404 - NaNms - Response: {"status":404}::{"message":"Not Found"}
2024-07-09 09:30:04::error::/v1/api/order/readMemberOrderHistory::dd8335cf-bc45-4922-ac15-9a03eecdb196::404 - NaNms - Response: {"status":404}::{"message":"Not Found"}
2024-07-09 09:30:17::error::/v1/api/order/readMemberOrderHistory::51814cdf-1084-4ce7-8d1a-9151377c4cd6::404 - NaNms - Response: {"status":404}::{"message":"Not Found"}
2024-07-09 09:32:11::error::/v1/api/order/readMemberOrderHistory::a3719a26-b95d-4664-b55f-108ecfb42899::404 - NaNms - Response: {"status":404}::{"message":"Not Found"}
2024-07-09 09:32:13::error::/v1/api/order/rejectOrder/667fc3453a96814dff38b5ce::8ae18180-286f-4a60-819e-68309a166948::403 - 0ms - Response: {"status":403,"now":1720492333056}::{"message":"Reject message is required"}
2024-07-09 09:32:18::error::/v1/api/order/readMemberOrderHistory::e3e89900-170a-4d66-816d-b7f2b2416ca1::404 - NaNms - Response: {"status":404}::{"message":"Not Found"}
2024-07-09 09:32:19::error::/v1/api/order/rejectOrder/667fc3453a96814dff38b5ce::26ba6e57-e235-4e31-a011-7373a3c78008::403 - 0ms - Response: {"status":403,"now":1720492339237}::{"message":"Reject message is required"}
2024-07-09 09:33:16::error::/v1/api/order/readMemberOrderHistory::0f09253a-caa2-4551-8714-dd18e69b48c0::404 - NaNms - Response: {"status":404}::{"message":"Not Found"}
2024-07-09 09:33:17::error::/v1/api/order/readMemberOrderHistory::2b12e7a4-0b45-42c3-a39c-9c57eb63bc7e::404 - NaNms - Response: {"status":404}::{"message":"Not Found"}
2024-07-09 09:33:24::error::/v1/api/order/readMemberOrderHistory::f68cf376-4496-474b-93d1-3b33bfacaa9f::404 - NaNms - Response: {"status":404}::{"message":"Not Found"}
2024-07-09 09:33:29::error::/v1/api/order/readMemberOrderHistory::62951e25-e27b-4cf5-84d1-a5d2ea07ea0f::404 - NaNms - Response: {"status":404}::{"message":"Not Found"}
2024-07-09 09:33:54::error::/v1/api/order/readMemberOrderHistory::d95ba7ae-449b-403f-8b95-5fe3e9368cc4::404 - NaNms - Response: {"status":404}::{"message":"Not Found"}
2024-07-09 09:34:26::error::/v1/api/order/readMemberOrderHistory::ad8694f3-ae6a-406e-8bf9-f26d8d10d93a::404 - NaNms - Response: {"status":404}::{"message":"Not Found"}
2024-07-09 09:34:38::error::/v1/api/order/readMemberOrderHistory::ed691724-2390-48f8-88aa-9c5a205a014a::404 - NaNms - Response: {"status":404}::{"message":"Not Found"}
2024-07-09 09:34:48::error::/v1/api/order/readMemberOrderHistory::da32d778-6eab-4127-bcbe-46ccb9bf48e5::404 - NaNms - Response: {"status":404}::{"message":"Not Found"}
2024-07-09 09:35:13::error::/v1/api/order/readMemberOrderHistory::cd4f4a6a-b511-4aca-b160-1e782f892878::404 - NaNms - Response: {"status":404}::{"message":"Not Found"}
2024-07-09 09:35:22::error::/v1/api/order/readMemberOrderHistory::d9a603fa-a513-4dd8-8acd-1cc0e617ebe3::404 - NaNms - Response: {"status":404}::{"message":"Not Found"}
2024-07-09 09:36:01::error::/v1/api/order/readMemberOrderHistory::e32bda4a-d025-4585-b5f4-68a7a664f3f8::404 - NaNms - Response: {"status":404}::{"message":"Not Found"}
2024-07-09 09:36:03::error::/v1/api/order/readMemberOrderHistory::67ef104e-767b-45ef-87ac-9390c9a7fbdb::404 - NaNms - Response: {"status":404}::{"message":"Not Found"}
2024-07-09 09:36:57::error::/v1/api/order/readMemberOrderHistory::baa084ab-a203-4c53-9f15-9aeee20a47f4::404 - NaNms - Response: {"status":404}::{"message":"Not Found"}
2024-07-09 09:37:08::error::/v1/api/order/readMemberOrderHistory::e0dc2f40-8e93-46c5-9fa4-b3cf804372d5::404 - NaNms - Response: {"status":404}::{"message":"Not Found"}
2024-07-09 09:37:09::error::/v1/api/order/readMemberOrderHistory::dd0f1a5e-d6ff-49ea-bc84-9bbff765cc19::404 - NaNms - Response: {"status":404}::{"message":"Not Found"}
2024-07-09 09:38:00::error::/v1/api/order/rejectOrder/667fc3453a96814dff38b5ce::1575b6e0-84dd-4f11-84dc-69983e0554e6::403 - 0ms - Response: {"status":403,"now":1720492680632}::{"message":"Reject message is required"}
2024-07-09 09:38:11::error::/v1/api/order/rejectOrder/667fc3453a96814dff38b5ce::84923c0c-f00a-4f3d-8eea-cac62513413f::403 - 1ms - Response: {"status":403,"now":1720492691267}::{"message":"Reject message is required"}
2024-07-09 09:38:21::error::/v1/api/order/rejectOrder/667fc3453a96814dff38b5ce::26728605-cffb-4720-a814-3bf39f9014e9::403 - 0ms - Response: {"status":403,"now":1720492701938}::{"message":"Reject message is required"}
2024-07-09 09:45:17::error::/v1/api/order/rejectOrder/667fc3453a96814dff38b5ce::02f15a5b-87da-4cd5-872e-7fc044ef505e::403 - 0ms - Response: {"status":403,"now":1720493117625}::{"message":"You cannot deny this order"}
2024-07-09 12:39:20::error::/v1/api/movement/readMovements::acd41141-a472-4e6c-9db1-ce9ac0f4ccf1::undefined - NaNms - Response: {}::{"message":"Operation `Movements.aggregate()` buffering timed out after 10000ms"}
2024-07-09 12:39:20::error::/v1/api/user/readUserProfile/665edd23fa87b27398b73d10::b6369310-0945-40f3-84fa-c5b57e78867c::undefined - NaNms - Response: {}::{"message":"Operation `Users.findOne()` buffering timed out after 10000ms"}
2024-07-09 12:39:20::error::/v1/api/order/readMemberOrderHistory::8b6c524a-0487-44aa-90fb-4be6147ec5db::undefined - NaNms - Response: {}::{"message":"Operation `Users.findOne()` buffering timed out after 10000ms"}
2024-07-09 12:39:20::error::/v1/api/order/readTalentOrderHistory::388fab4b-d856-49bc-ad51-67c5c3d9b76b::undefined - NaNms - Response: {}::{"message":"Operation `Users.findOne()` buffering timed out after 10000ms"}
2024-07-09 14:32:56::error::/v1/api/order/readArchivedOrderHistory::caa56b71-4173-4e52-8950-628043338a59::404 - NaNms - Response: {"status":404}::{"message":"Not Found"}
2024-07-09 14:33:05::error::/v1/api/order/readArchivedOrderHistory::e0475134-75e3-461f-baac-c2fee63633b0::404 - NaNms - Response: {"status":404}::{"message":"Not Found"}
2024-07-09 14:33:06::error::/v1/api/order/readArchivedOrderHistory::1fda6ca0-1c99-42f3-ad50-261a57fb9169::404 - NaNms - Response: {"status":404}::{"message":"Not Found"}
2024-07-09 14:33:20::error::/v1/api/order/readArchivedOrderHistory::094fdea8-4c24-42ea-9d22-e7b44da59eb2::404 - NaNms - Response: {"status":404}::{"message":"Not Found"}
2024-07-09 14:33:24::error::/v1/api/order/readArchivedOrderHistory::d2c07f90-df8b-4e6e-8244-b207e9e591c6::404 - NaNms - Response: {"status":404}::{"message":"Not Found"}
2024-07-09 14:33:45::error::/v1/api/order/readArchivedOrderHistory::f1771ab3-f0d1-4641-bce0-544198fa9dc0::404 - NaNms - Response: {"status":404}::{"message":"Not Found"}
2024-07-09 14:34:33::error::/v1/api/order/readArchivedOrderHistory::436ced7c-2d3f-46c5-bba0-82613edc51ea::404 - NaNms - Response: {"status":404}::{"message":"Not Found"}
2024-07-09 14:34:59::error::/v1/api/order/readArchivedOrderHistory::0e10b9d7-9f48-494e-83a8-91ee140eb491::404 - NaNms - Response: {"status":404}::{"message":"Not Found"}
2024-07-09 14:35:22::error::/v1/api/order/readArchivedOrderHistory::8546a45b-9fc1-4599-af9f-9cb3811c6290::404 - NaNms - Response: {"status":404}::{"message":"Not Found"}
2024-07-09 14:35:23::error::/v1/api/order/readArchivedOrderHistory::bb07c126-88fa-4f93-aa96-43d6729ae53b::404 - NaNms - Response: {"status":404}::{"message":"Not Found"}
2024-07-09 14:35:53::error::/v1/api/order/readArchivedOrderHistory::7c68dfb9-570a-4245-9332-49f8b4192204::404 - NaNms - Response: {"status":404}::{"message":"Not Found"}
2024-07-09 14:35:55::error::/v1/api/order/readArchivedOrderHistory::f903874d-040b-4aee-b42c-ce692ee1e934::404 - NaNms - Response: {"status":404}::{"message":"Not Found"}
2024-07-09 14:36:06::error::/v1/api/order/readArchivedOrderHistory::16a8b59c-520d-4a7e-bcf6-cd326d6805cb::404 - NaNms - Response: {"status":404}::{"message":"Not Found"}
2024-07-09 14:36:07::error::/v1/api/order/readArchivedOrderHistory::fe02e419-fa41-4051-aa73-597c0b18bed9::404 - NaNms - Response: {"status":404}::{"message":"Not Found"}
2024-07-09 14:36:24::error::/v1/api/order/readArchivedOrderHistory::1d2b7960-1904-4974-9092-232141f50ba8::404 - NaNms - Response: {"status":404}::{"message":"Not Found"}
2024-07-09 14:36:28::error::/v1/api/order/readArchivedOrderHistory::6ca67bd7-a074-4cf7-932c-110792ca3790::404 - NaNms - Response: {"status":404}::{"message":"Not Found"}
2024-07-09 14:36:33::error::/v1/api/order/readArchivedOrderHistory::a31531db-e809-4648-baa6-a36c8f33c863::404 - NaNms - Response: {"status":404}::{"message":"Not Found"}
2024-07-09 14:37:13::error::/v1/api/order/readArchivedOrderHistory::dc6f638a-2b96-421c-a9af-b7d895ca6462::404 - NaNms - Response: {"status":404}::{"message":"Not Found"}
2024-07-09 14:37:31::error::/v1/api/order/readArchivedOrderHistory::ae3f4b6f-4c7b-4f44-a47d-3cab73c2938f::404 - NaNms - Response: {"status":404}::{"message":"Not Found"}
2024-07-09 14:37:32::error::/v1/api/order/readArchivedOrderHistory::2eb3c72c-caa3-4e56-8c43-5afa5840c6f5::404 - NaNms - Response: {"status":404}::{"message":"Not Found"}
2024-07-09 14:37:37::error::/v1/api/order/readArchivedOrderHistory::90931128-ecbc-42e9-a3e1-d606257c22e1::404 - NaNms - Response: {"status":404}::{"message":"Not Found"}
2024-07-09 14:37:52::error::/v1/api/order/readArchivedOrderHistory::62916fd8-8b02-4c5a-9224-7bf0e9d3806a::404 - NaNms - Response: {"status":404}::{"message":"Not Found"}
2024-07-09 14:37:58::error::/v1/api/order/readArchivedOrderHistory::a42582ad-25f7-4fdb-8618-07fcb89174b2::404 - NaNms - Response: {"status":404}::{"message":"Not Found"}
2024-07-09 14:38:21::error::/v1/api/order/readArchivedOrderHistory::01d9fc31-ff90-4622-b1a6-c4d59688f0e0::404 - NaNms - Response: {"status":404}::{"message":"Not Found"}
2024-07-09 14:38:22::error::/v1/api/order/readArchivedOrderHistory::e011b43e-2f25-40df-bfb6-4735d5fe2dbd::404 - NaNms - Response: {"status":404}::{"message":"Not Found"}
2024-07-09 14:38:50::error::/v1/api/order/readArchivedOrderHistory::9febf2e7-7b24-4e6f-8eec-a8b34e2dfd75::404 - NaNms - Response: {"status":404}::{"message":"Not Found"}
2024-07-09 14:38:53::error::/v1/api/order/readArchivedOrderHistory::433b5a4c-cc55-401c-95a4-e6d884f2d4cf::404 - NaNms - Response: {"status":404}::{"message":"Not Found"}
2024-07-09 14:38:56::error::/v1/api/order/readArchivedOrderHistory::25edf179-6bcd-4458-906e-af434fd5af9b::404 - NaNms - Response: {"status":404}::{"message":"Not Found"}
2024-07-09 14:39:16::error::/v1/api/order/readArchivedOrderHistory::b154232e-a9d7-4c5e-9c8a-f841999f6cbf::404 - NaNms - Response: {"status":404}::{"message":"Not Found"}
2024-07-09 14:39:30::error::/v1/api/order/readArchivedOrderHistory::90b6d7be-d517-4e38-897b-efbce259d3e5::404 - NaNms - Response: {"status":404}::{"message":"Not Found"}
2024-07-09 14:39:39::error::/v1/api/order/readArchivedOrderHistory::6f17c9a9-7ea9-4357-bd99-b308c72fa2d5::404 - NaNms - Response: {"status":404}::{"message":"Not Found"}
2024-07-09 14:39:48::error::/v1/api/order/readArchivedOrderHistory::580cb937-bfd7-47c3-81fb-cdbab3951a0c::404 - NaNms - Response: {"status":404}::{"message":"Not Found"}
2024-07-09 14:39:59::error::/v1/api/order/readArchivedOrderHistory::c6e22530-ba18-4edb-a2bc-7a35cdaf6bde::404 - NaNms - Response: {"status":404}::{"message":"Not Found"}
2024-07-09 14:41:10::error::/v1/api/order/readArchivedOrderHistory::d316b189-1307-4e16-bb19-be729da8e571::404 - NaNms - Response: {"status":404}::{"message":"Not Found"}
2024-07-09 14:41:53::error::/v1/api/order/readArchivedOrderHistory::59069017-68e1-492d-8167-412bf4342e87::404 - NaNms - Response: {"status":404}::{"message":"Not Found"}
2024-07-09 14:42:21::error::/v1/api/order/readArchivedOrderHistory::7852d64c-e1eb-417b-8b3c-ed17228779b6::404 - NaNms - Response: {"status":404}::{"message":"Not Found"}
2024-07-09 14:42:33::error::/v1/api/order/readArchivedOrderHistory::adb9fbe2-ef51-44b9-b91e-658f6a95d16c::404 - NaNms - Response: {"status":404}::{"message":"Not Found"}
2024-07-09 14:42:46::error::/v1/api/order/readArchivedOrderHistory::19551d8b-a171-4b73-adb0-a270716c7e93::404 - NaNms - Response: {"status":404}::{"message":"Not Found"}
2024-07-09 14:42:55::error::/v1/api/order/readArchivedOrderHistory::796fd5da-f5bf-443f-91c8-70c24afb0c2c::404 - NaNms - Response: {"status":404}::{"message":"Not Found"}
2024-07-09 14:43:12::error::/v1/api/order/readArchivedOrderHistory::f517fc46-1306-4af4-b2f5-ed209c91705b::404 - NaNms - Response: {"status":404}::{"message":"Not Found"}
2024-07-09 14:43:17::error::/v1/api/order/readArchivedOrderHistory::fa266e52-5e73-476e-b7e8-b7cea33aa08b::404 - NaNms - Response: {"status":404}::{"message":"Not Found"}
2024-07-09 14:43:31::error::/v1/api/order/readArchivedOrderHistory::3d37facf-5da1-41ad-93e2-640f3d8622df::404 - NaNms - Response: {"status":404}::{"message":"Not Found"}
2024-07-09 14:44:08::error::/v1/api/order/readArchivedOrderHistory::c165f2f3-2312-4ba4-981c-af59676e29d9::404 - NaNms - Response: {"status":404}::{"message":"Not Found"}
2024-07-09 14:44:23::error::/v1/api/order/readArchivedOrderHistory::a50871fb-a131-4c79-842d-00bc6b80679c::404 - NaNms - Response: {"status":404}::{"message":"Not Found"}
2024-07-09 14:44:33::error::/v1/api/order/readArchivedOrderHistory::65eb47f6-5475-451a-b0ea-1c81a3490ec2::404 - NaNms - Response: {"status":404}::{"message":"Not Found"}
2024-07-09 14:45:08::error::/v1/api/order/readArchivedOrderHistory::cfd928c7-0709-4892-8a95-3cf4696717a9::404 - NaNms - Response: {"status":404}::{"message":"Not Found"}
2024-07-09 14:45:20::error::/v1/api/order/readArchivedOrderHistory::46fc195b-2de9-47c0-ab90-4536814b3b11::404 - NaNms - Response: {"status":404}::{"message":"Not Found"}
2024-07-09 14:45:21::error::/v1/api/order/readArchivedOrderHistory::5ecf6538-9138-4fb5-86af-7754317aa037::404 - NaNms - Response: {"status":404}::{"message":"Not Found"}
2024-07-09 14:45:25::error::/v1/api/order/readArchivedOrderHistory::baeb1fb9-c1a6-4d3e-a997-7189994cf784::404 - NaNms - Response: {"status":404}::{"message":"Not Found"}
2024-07-09 14:45:49::error::/v1/api/order/readArchivedOrderHistory::0e7b405b-dfd3-4716-97e9-fddc918fd55d::404 - NaNms - Response: {"status":404}::{"message":"Not Found"}
2024-07-09 14:46:03::error::/v1/api/order/readArchivedOrderHistory::e162c9ce-6835-4dba-9128-6913e0957f19::404 - NaNms - Response: {"status":404}::{"message":"Not Found"}
2024-07-09 14:46:11::error::/v1/api/order/readArchivedOrderHistory::fb24dc8f-19f9-4495-b0eb-eb25be726647::404 - NaNms - Response: {"status":404}::{"message":"Not Found"}
2024-07-09 14:46:16::error::/v1/api/order/readArchivedOrderHistory::cc77cb50-cca6-4071-9abe-d62b94d83386::404 - NaNms - Response: {"status":404}::{"message":"Not Found"}
2024-07-09 14:46:16::error::/v1/api/order/readArchivedOrderHistory::79a56c7b-7e2c-45ca-84d3-8ebc8dddfdae::404 - NaNms - Response: {"status":404}::{"message":"Not Found"}
2024-07-09 14:46:51::error::/v1/api/order/readArchivedOrderHistory::fc2f2173-c3d3-4b36-ada4-7e48e33abd54::404 - NaNms - Response: {"status":404}::{"message":"Not Found"}
2024-07-09 14:47:10::error::/v1/api/order/readArchivedOrderHistory::7f4d508b-933d-4cdc-aa8b-7d50d1e117c1::404 - NaNms - Response: {"status":404}::{"message":"Not Found"}
2024-07-09 14:47:32::error::/v1/api/order/readArchivedOrderHistory::e17c66e3-1438-459c-b04f-42205cb8ecc3::404 - NaNms - Response: {"status":404}::{"message":"Not Found"}
2024-07-09 14:47:34::error::/v1/api/order/readArchivedOrderHistory::82a0e5c7-deb5-4082-8a57-7f09bf839db5::404 - NaNms - Response: {"status":404}::{"message":"Not Found"}
2024-07-09 14:48:18::error::/v1/api/order/readArchivedOrderHistory::13c7c695-2a41-4fdb-b341-0519a5ddd75a::404 - NaNms - Response: {"status":404}::{"message":"Not Found"}
2024-07-09 14:48:24::error::/v1/api/order/readArchivedOrderHistory::401f6f4f-7595-4013-bab5-916646c5eb8f::404 - NaNms - Response: {"status":404}::{"message":"Not Found"}
2024-07-09 14:48:30::error::/v1/api/order/readArchivedOrderHistory::0e1fcc28-11e5-48e9-9f98-12800b1cb778::404 - NaNms - Response: {"status":404}::{"message":"Not Found"}
2024-07-09 14:48:40::error::/v1/api/order/readArchivedOrderHistory::506f8a87-5d63-470f-9a2c-ace1c52463d2::404 - NaNms - Response: {"status":404}::{"message":"Not Found"}
2024-07-09 14:48:43::error::/v1/api/order/readArchivedOrderHistory::bd431676-437a-44fe-9d40-b440a4f853ac::404 - NaNms - Response: {"status":404}::{"message":"Not Found"}
2024-07-09 14:48:46::error::/v1/api/order/readArchivedOrderHistory::53ce2970-c12b-4a42-b933-0d4502faaa5d::404 - NaNms - Response: {"status":404}::{"message":"Not Found"}
2024-07-09 14:48:46::error::/v1/api/order/readArchivedOrderHistory::469a564c-19b9-4a48-8f8c-9dbd4af8cf2e::404 - NaNms - Response: {"status":404}::{"message":"Not Found"}
2024-07-09 14:48:51::error::/v1/api/order/readArchivedOrderHistory::9033d469-4f6c-4e2a-82a3-e051368a4d9d::404 - NaNms - Response: {"status":404}::{"message":"Not Found"}
2024-07-09 14:49:02::error::/v1/api/order/readArchivedOrderHistory::292b4def-2f87-4130-bdf1-bfb2132a7380::404 - NaNms - Response: {"status":404}::{"message":"Not Found"}
2024-07-09 14:49:04::error::/v1/api/order/readArchivedOrderHistory::80f4009f-1ee5-494d-b608-9f920b50bd9c::404 - NaNms - Response: {"status":404}::{"message":"Not Found"}
2024-07-09 14:49:05::error::/v1/api/order/readArchivedOrderHistory::e9e54eac-95aa-4ec0-8e37-2da475e3d4e7::404 - NaNms - Response: {"status":404}::{"message":"Not Found"}
2024-07-09 14:49:11::error::/v1/api/order/readArchivedOrderHistory::79ebbbdc-2b9c-4c84-89bc-0f0477981c97::404 - NaNms - Response: {"status":404}::{"message":"Not Found"}
2024-07-09 14:49:25::error::/v1/api/order/readArchivedOrderHistory::b4bf2905-ba8c-4fd8-a4bb-12c239967383::404 - NaNms - Response: {"status":404}::{"message":"Not Found"}
2024-07-09 14:50:59::error::/v1/api/order/readArchivedOrderHistory::21cc0560-d626-4441-b40f-b975239ca7cf::404 - NaNms - Response: {"status":404}::{"message":"Not Found"}
2024-07-09 14:52:28::error::/v1/api/order/readArchivedOrderHistory::a0e5669b-3d74-4519-ad52-eb429675c380::404 - NaNms - Response: {"status":404}::{"message":"Not Found"}
2024-07-09 14:52:29::error::/v1/api/order/readArchivedOrderHistory::46653ee8-2f76-4604-b15f-6c6aa06a81d2::404 - NaNms - Response: {"status":404}::{"message":"Not Found"}
2024-07-09 14:52:42::error::/v1/api/order/readArchivedOrderHistory::a6de63be-055a-4baa-a678-20e49a783fc9::404 - NaNms - Response: {"status":404}::{"message":"Not Found"}
2024-07-09 14:52:42::error::/v1/api/order/readArchivedOrderHistory::39ec1c11-b2f3-4314-bd7f-676d329e9ec2::404 - NaNms - Response: {"status":404}::{"message":"Not Found"}
2024-07-09 14:52:42::error::/v1/api/order/readArchivedOrderHistory::56010461-82cb-4f5b-9afd-bb9ef4a52bec::404 - NaNms - Response: {"status":404}::{"message":"Not Found"}
2024-07-09 14:52:54::error::/v1/api/order/readArchivedOrderHistory::ee844e26-393c-432a-8bcf-db302847008a::404 - NaNms - Response: {"status":404}::{"message":"Not Found"}
2024-07-09 14:52:54::error::/v1/api/order/readArchivedOrderHistory::6b39f670-aee8-4cf1-92f9-29388d352c39::404 - NaNms - Response: {"status":404}::{"message":"Not Found"}
2024-07-09 14:56:01::error::/v1/api/order/readArchivedOrderHistory::c1d11b80-a5e4-41b4-9c70-41d933e018b4::404 - NaNms - Response: {"status":404}::{"message":"Not Found"}
2024-07-09 14:56:13::error::/v1/api/order/readArchivedOrderHistory::d61b4330-bcbb-4ca2-a3d7-5d0bf80d6862::404 - NaNms - Response: {"status":404}::{"message":"Not Found"}
2024-07-09 14:56:15::error::/v1/api/order/readArchivedOrderHistory::34e6bab1-6b6d-497a-9a02-efaa69288600::404 - NaNms - Response: {"status":404}::{"message":"Not Found"}
2024-07-09 14:58:29::error::/v1/api/order/readArchivedOrderHistory::d063e0f4-5f09-4dc8-a377-3b5d52d67e54::404 - NaNms - Response: {"status":404}::{"message":"Not Found"}
2024-07-09 14:59:04::error::/v1/api/order/readArchivedOrderHistory::1771237a-9a09-4775-b57c-c78e370c1625::404 - NaNms - Response: {"status":404}::{"message":"Not Found"}
2024-07-09 15:06:46::error::/v1/api/order/readArchivedOrderHistory::ed9aeadf-20b0-4611-9db8-4361e6740044::404 - NaNms - Response: {"status":404}::{"message":"Not Found"}
2024-07-09 15:06:46::error::/v1/api/order/readArchivedOrderHistory::4a7a6795-2c3d-4d8b-ac31-a7b57eacd1ef::404 - NaNms - Response: {"status":404}::{"message":"Not Found"}
2024-07-09 15:06:48::error::/v1/api/order/readArchivedOrderHistory::0ff0ecfb-0248-4306-8821-6cc5dc2698df::404 - NaNms - Response: {"status":404}::{"message":"Not Found"}
2024-07-09 15:07:13::error::/v1/api/order/readArchivedOrderHistory::180445b0-c5bf-4aea-ae9f-d7f8234416bf::404 - NaNms - Response: {"status":404}::{"message":"Not Found"}
2024-07-09 15:07:39::error::/v1/api/order/readArchivedOrderHistory::3718697d-8fd0-473b-af70-d170ba76be64::404 - NaNms - Response: {"status":404}::{"message":"Not Found"}
2024-07-09 15:07:46::error::/v1/api/order/readArchivedOrderHistory::6247228d-b855-48d0-9644-5e152e0b97d3::404 - NaNms - Response: {"status":404}::{"message":"Not Found"}
2024-07-09 15:09:30::error::/v1/api/order/readArchivedOrderHistory::d2e03982-9336-4a00-bb4b-92c40cd6d7bc::404 - NaNms - Response: {"status":404}::{"message":"Not Found"}
2024-07-09 15:09:31::error::/v1/api/order/readArchivedOrderHistory::68b17ad9-0b38-4957-a45b-0d23b30dc260::404 - NaNms - Response: {"status":404}::{"message":"Not Found"}
2024-07-09 15:09:34::error::/v1/api/order/readArchivedOrderHistory::e8431ec6-5527-48d5-801b-4b308caf6bb0::404 - NaNms - Response: {"status":404}::{"message":"Not Found"}
2024-07-09 15:22:55::error::/v1/api/order/readArchivedOrderHistory::71db9c0a-0eee-4cf8-9d0f-6ff4f199524a::404 - NaNms - Response: {"status":404}::{"message":"Not Found"}
2024-07-09 15:25:51::error::/v1/api/order/readArchivedOrderHistory::32bc52ae-d44c-4ead-b5b9-15803de42306::404 - NaNms - Response: {"status":404}::{"message":"Not Found"}
2024-07-09 15:25:54::error::/v1/api/order/readArchivedOrderHistory::6e1c608b-bbae-4720-9815-bc632e77efb9::404 - NaNms - Response: {"status":404}::{"message":"Not Found"}
2024-07-09 15:26:14::error::/v1/api/order/readArchivedOrderHistory::26326878-9863-4c04-9ea0-d50edf83e823::404 - NaNms - Response: {"status":404}::{"message":"Not Found"}
2024-07-09 15:26:21::error::/v1/api/order/readArchivedOrderHistory::bc4772db-ed34-4a97-9faf-3c22c82818b7::404 - NaNms - Response: {"status":404}::{"message":"Not Found"}
2024-07-09 15:27:00::error::/v1/api/order/readArchivedOrderHistory::bcc60efd-21dc-4a2e-abb5-4230e76faad3::404 - NaNms - Response: {"status":404}::{"message":"Not Found"}
2024-07-09 15:27:46::error::/v1/api/order/readArchivedOrderHistory::7743bfe5-62ab-4d57-9301-144bc9734991::404 - NaNms - Response: {"status":404}::{"message":"Not Found"}
2024-07-09 15:27:52::error::/v1/api/order/readArchivedOrderHistory::de1959ec-45e4-4e65-9ba8-37cec510a711::404 - NaNms - Response: {"status":404}::{"message":"Not Found"}
2024-07-09 15:28:23::error::/v1/api/order/readArchivedOrderHistory::59ce5ce5-1ee2-4844-a5bc-9f1f7c97315e::404 - NaNms - Response: {"status":404}::{"message":"Not Found"}
2024-07-09 15:28:43::error::/v1/api/order/readArchivedOrderHistory::817f6509-9bcd-499e-a9aa-dfda10f58c26::404 - NaNms - Response: {"status":404}::{"message":"Not Found"}
2024-07-09 15:29:04::error::/v1/api/order/readArchivedOrderHistory::9c1e566a-38ce-4cb4-8074-cf3434bdd678::404 - NaNms - Response: {"status":404}::{"message":"Not Found"}
2024-07-09 15:29:18::error::/v1/api/order/readArchivedOrderHistory::0ffb4212-771e-410e-b924-67dda0f24c68::404 - NaNms - Response: {"status":404}::{"message":"Not Found"}
2024-07-09 15:32:12::error::/v1/api/order/readArchivedOrderHistory::0759f3e9-618f-45e4-8bed-76ebdbe4d52d::404 - NaNms - Response: {"status":404}::{"message":"Not Found"}
2024-07-09 15:32:26::error::/v1/api/order/readArchivedOrderHistory::67a1a799-4b89-483d-9566-234dcb3fad88::404 - NaNms - Response: {"status":404}::{"message":"Not Found"}
2024-07-09 15:34:12::error::/v1/api/order/readArchivedOrderHistory::e0eef630-5701-4437-bfc8-a26ab369ec33::404 - NaNms - Response: {"status":404}::{"message":"Not Found"}
2024-07-09 15:34:20::error::/v1/api/order/readArchivedOrderHistory::5e4a1552-2f74-46d4-81e9-b6b37d5fadad::404 - NaNms - Response: {"status":404}::{"message":"Not Found"}
2024-07-09 15:34:40::error::/v1/api/order/readArchivedOrderHistory::49816608-6604-413f-b40c-bd2eadcc58f5::404 - NaNms - Response: {"status":404}::{"message":"Not Found"}
2024-07-09 15:34:44::error::/v1/api/order/readArchivedOrderHistory::e6166146-705a-4290-84f8-bf70cf9d6549::404 - NaNms - Response: {"status":404}::{"message":"Not Found"}
2024-07-09 15:34:44::error::/v1/api/order/readArchivedOrderHistory::b03d0f6e-42bd-4436-83e6-bc8154a48563::404 - NaNms - Response: {"status":404}::{"message":"Not Found"}
2024-07-09 15:37:03::error::/v1/api/order/readArchivedOrderHistory::ca818fd5-2a84-43af-8ff8-8859d0e1a479::404 - NaNms - Response: {"status":404}::{"message":"Not Found"}
2024-07-09 15:37:14::error::/v1/api/order/readArchivedOrderHistory::77365187-a946-45fb-9d7e-ef5903fbaefd::404 - NaNms - Response: {"status":404}::{"message":"Not Found"}
2024-07-09 15:37:54::error::/v1/api/order/readArchivedOrderHistory::443493a0-405d-4d0e-b8a2-4edc5e47ef83::404 - NaNms - Response: {"status":404}::{"message":"Not Found"}
2024-07-09 15:38:59::error::/v1/api/order/readArchivedOrderHistory::1af86f2e-3b99-40b8-be0c-63cdf204daa8::404 - NaNms - Response: {"status":404}::{"message":"Not Found"}
2024-07-09 15:41:22::error::/v1/api/order/readArchivedOrderHistory::79be68e9-2712-42d8-88e1-1a217b935077::404 - NaNms - Response: {"status":404}::{"message":"Not Found"}
2024-07-09 15:41:41::error::/v1/api/order/readArchivedOrderHistory::a9412416-086a-4f5a-86d3-22f213c12dc2::404 - NaNms - Response: {"status":404}::{"message":"Not Found"}
2024-07-09 15:41:43::error::/v1/api/order/readArchivedOrderHistory::1e2ba71c-e52b-44e7-9871-8457339c31bd::404 - NaNms - Response: {"status":404}::{"message":"Not Found"}
2024-07-09 15:42:29::error::/v1/api/order/readArchivedOrderHistory::a36cb718-61da-465b-9fce-ea1c832adb43::404 - NaNms - Response: {"status":404}::{"message":"Not Found"}
2024-07-09 15:43:07::error::/v1/api/order/readArchivedOrderHistory::b9bca4de-3310-42c6-bf69-1a044da7aa59::404 - NaNms - Response: {"status":404}::{"message":"Not Found"}
2024-07-09 15:43:25::error::/v1/api/order/readArchivedOrderHistory::46f17eb6-1b35-443a-b5b5-de0f5e41acfc::404 - NaNms - Response: {"status":404}::{"message":"Not Found"}
2024-07-09 15:44:43::error::/v1/api/order/readArchivedOrderHistory::11a937ce-f241-4c33-9571-e4204cd05bec::404 - NaNms - Response: {"status":404}::{"message":"Not Found"}
2024-07-09 15:45:22::error::/v1/api/order/readArchivedOrderHistory::65b1d9f6-b6df-4f51-99ab-88dc03ad33ac::404 - NaNms - Response: {"status":404}::{"message":"Not Found"}
2024-07-09 15:45:28::error::/v1/api/order/readArchivedOrderHistory::c26d71d9-6c57-4261-beee-db570d467222::404 - NaNms - Response: {"status":404}::{"message":"Not Found"}
2024-07-09 15:45:29::error::/v1/api/order/readArchivedOrderHistory::9072a457-51d5-4ba4-ad23-693eae7190c7::404 - NaNms - Response: {"status":404}::{"message":"Not Found"}
2024-07-09 15:45:31::error::/v1/api/order/readArchivedOrderHistory::c5505de4-4dc6-4813-b4a2-089132737820::404 - NaNms - Response: {"status":404}::{"message":"Not Found"}
2024-07-09 15:45:47::error::/v1/api/order/readArchivedOrderHistory::07c7f4f1-5730-496d-aae5-fa0a96da18eb::404 - NaNms - Response: {"status":404}::{"message":"Not Found"}
2024-07-09 15:46:18::error::/v1/api/order/readArchivedOrderHistory::b39fe488-5101-4030-b145-ee2f0e6a926e::404 - NaNms - Response: {"status":404}::{"message":"Not Found"}
2024-07-09 15:46:37::error::/v1/api/order/readArchivedOrderHistory::ff7d24a4-4189-44f5-bd59-03fc585e8775::404 - NaNms - Response: {"status":404}::{"message":"Not Found"}
2024-07-09 15:46:40::error::/v1/api/order/readArchivedOrderHistory::08037199-3f08-4df7-9c22-8d5d1cf73517::404 - NaNms - Response: {"status":404}::{"message":"Not Found"}
2024-07-09 15:46:44::error::/v1/api/order/readArchivedOrderHistory::ee066772-4694-4336-88a1-f154c13ce287::404 - NaNms - Response: {"status":404}::{"message":"Not Found"}
2024-07-09 15:46:55::error::/v1/api/order/readArchivedOrderHistory::6a90d9c5-7a8e-4670-a4b5-cf4f9f40c3d9::404 - NaNms - Response: {"status":404}::{"message":"Not Found"}
2024-07-09 15:47:31::error::/v1/api/order/readArchivedOrderHistory::724ac421-023a-4f90-93e3-056e72b23956::404 - NaNms - Response: {"status":404}::{"message":"Not Found"}
2024-07-09 15:47:31::error::/v1/api/order/readArchivedOrderHistory::36282003-2aa4-4231-bd04-6e2818468583::404 - NaNms - Response: {"status":404}::{"message":"Not Found"}
2024-07-09 15:47:42::error::/v1/api/order/readArchivedOrderHistory::11ad318b-3f27-445c-a431-8314f4bef20b::404 - NaNms - Response: {"status":404}::{"message":"Not Found"}
2024-07-09 15:48:36::error::/v1/api/order/readArchivedOrderHistory::66fb82f6-1ec7-4de3-b4e4-6a53c9798b09::404 - NaNms - Response: {"status":404}::{"message":"Not Found"}
2024-07-09 15:48:37::error::/v1/api/order/readArchivedOrderHistory::8d2d7a1b-f7e1-43e1-9631-b4c098adcffc::404 - NaNms - Response: {"status":404}::{"message":"Not Found"}
2024-07-09 15:48:40::error::/v1/api/order/readArchivedOrderHistory::04869578-dfde-405d-b9b4-8be195898d53::404 - NaNms - Response: {"status":404}::{"message":"Not Found"}
2024-07-09 15:48:42::error::/v1/api/order/readArchivedOrderHistory::28042fe8-9028-404f-b06a-d9744b5e43fb::404 - NaNms - Response: {"status":404}::{"message":"Not Found"}
2024-07-09 15:48:47::error::/v1/api/order/readArchivedOrderHistory::71f38bfc-8dd2-45dc-8df0-5a14ed509696::404 - NaNms - Response: {"status":404}::{"message":"Not Found"}
2024-07-09 15:49:38::error::/v1/api/order/readArchivedOrderHistory::38c442ee-4740-4de4-b8cd-3c0f8dbeff41::404 - NaNms - Response: {"status":404}::{"message":"Not Found"}
2024-07-09 15:49:39::error::/v1/api/order/readArchivedOrderHistory::c1938d97-2f9e-4008-b015-2dd4d99a9040::404 - NaNms - Response: {"status":404}::{"message":"Not Found"}
2024-07-09 15:49:42::error::/v1/api/order/readArchivedOrderHistory::b65c8390-d708-4ef7-904c-878183d02a0f::404 - NaNms - Response: {"status":404}::{"message":"Not Found"}
2024-07-09 15:50:18::error::/v1/api/order/readArchivedOrderHistory::d1851e18-69a4-4301-b6bb-7ad7d31634ec::404 - NaNms - Response: {"status":404}::{"message":"Not Found"}
2024-07-09 15:50:20::error::/v1/api/order/readArchivedOrderHistory::d46767f9-ca73-481a-af8b-213b68e9740a::404 - NaNms - Response: {"status":404}::{"message":"Not Found"}
2024-07-09 15:50:24::error::/v1/api/order/readArchivedOrderHistory::8e77b2d8-91bd-4ab6-ac6e-e8fedd773a3d::404 - NaNms - Response: {"status":404}::{"message":"Not Found"}
2024-07-09 15:50:25::error::/v1/api/order/readArchivedOrderHistory::f8cb088d-0fea-48d8-b9a0-036c6a3a79d3::404 - NaNms - Response: {"status":404}::{"message":"Not Found"}
2024-07-09 15:50:29::error::/v1/api/order/readArchivedOrderHistory::d2a95439-0565-42ec-bd44-5ba4e73e4cfc::404 - NaNms - Response: {"status":404}::{"message":"Not Found"}
2024-07-09 15:50:30::error::/v1/api/order/readArchivedOrderHistory::5266a978-2806-4cff-9648-a34584739458::404 - NaNms - Response: {"status":404}::{"message":"Not Found"}
2024-07-09 15:50:33::error::/v1/api/order/readArchivedOrderHistory::740355a4-c841-4f8e-acfb-808de25e56e7::404 - NaNms - Response: {"status":404}::{"message":"Not Found"}
2024-07-09 15:51:01::error::/v1/api/order/readArchivedOrderHistory::13aa14b1-b778-47fb-ac0a-31433ef6f532::404 - NaNms - Response: {"status":404}::{"message":"Not Found"}
2024-07-09 15:51:10::error::/v1/api/order/readArchivedOrderHistory::fced0d0f-f714-4a7f-b76f-f3916a4cb52b::404 - NaNms - Response: {"status":404}::{"message":"Not Found"}
2024-07-09 15:51:22::error::/v1/api/order/readArchivedOrderHistory::87c4b841-f17d-4801-a3bf-5bb1d6ed5182::404 - NaNms - Response: {"status":404}::{"message":"Not Found"}
2024-07-09 15:51:25::error::/v1/api/order/readArchivedOrderHistory::5ef7ecb5-a610-4c40-bc41-087acc3ed6f7::404 - NaNms - Response: {"status":404}::{"message":"Not Found"}
2024-07-09 15:51:34::error::/v1/api/order/readArchivedOrderHistory::e8371b5a-c0c3-4767-bad2-e139219308e4::404 - NaNms - Response: {"status":404}::{"message":"Not Found"}
2024-07-09 15:51:40::error::/v1/api/order/readArchivedOrderHistory::53f95605-a4cd-4012-ae07-9ac80c4c82ab::404 - NaNms - Response: {"status":404}::{"message":"Not Found"}
2024-07-09 15:51:43::error::/v1/api/order/readArchivedOrderHistory::02061e17-7b15-42e6-9994-e3197d5351a8::404 - NaNms - Response: {"status":404}::{"message":"Not Found"}
2024-07-09 15:52:11::error::/v1/api/order/readArchivedOrderHistory::b99c56bb-5ce3-4feb-afa1-a30402871ec3::404 - NaNms - Response: {"status":404}::{"message":"Not Found"}
2024-07-09 15:52:15::error::/v1/api/order/readArchivedOrderHistory::5e9ccbf0-6629-42fd-8fae-65cff99cd290::404 - NaNms - Response: {"status":404}::{"message":"Not Found"}
2024-07-09 15:52:16::error::/v1/api/order/readArchivedOrderHistory::a87a6a00-7aee-4983-9a23-8518052e0fe0::404 - NaNms - Response: {"status":404}::{"message":"Not Found"}
2024-07-09 15:52:24::error::/v1/api/order/readArchivedOrderHistory::7f82633e-ba6c-4b94-9e8d-3ae57e1f8010::404 - NaNms - Response: {"status":404}::{"message":"Not Found"}
2024-07-09 15:53:53::error::/v1/api/order/readArchivedOrderHistory::35dd3e48-953d-4dba-9641-861785acbca9::404 - NaNms - Response: {"status":404}::{"message":"Not Found"}
2024-07-09 15:54:14::error::/v1/api/order/readArchivedOrderHistory::03b70a48-6b3a-4652-bc6a-7d97795f6184::404 - NaNms - Response: {"status":404}::{"message":"Not Found"}
2024-07-09 15:54:21::error::/v1/api/order/readArchivedOrderHistory::d8c83776-4463-4eb8-afff-4203fb9d1e33::404 - NaNms - Response: {"status":404}::{"message":"Not Found"}
2024-07-09 15:54:27::error::/v1/api/order/readArchivedOrderHistory::1b1988f9-95bd-4d17-abfc-f79f44b3a1d3::404 - NaNms - Response: {"status":404}::{"message":"Not Found"}
2024-07-09 15:55:07::error::/v1/api/order/readArchivedOrderHistory::c3eb1658-bfdb-4a6b-a5e5-d2e301e45ec7::404 - NaNms - Response: {"status":404}::{"message":"Not Found"}
2024-07-09 15:55:10::error::/v1/api/order/readArchivedOrderHistory::81f6d79a-c864-4305-b34b-06d231efa3c4::404 - NaNms - Response: {"status":404}::{"message":"Not Found"}
2024-07-09 15:55:17::error::/v1/api/order/readArchivedOrderHistory::863bec4b-9f90-4796-a7a1-ee4ec0c1db83::404 - NaNms - Response: {"status":404}::{"message":"Not Found"}
2024-07-09 15:55:24::error::/v1/api/order/readArchivedOrderHistory::9717a557-04b3-478e-a22d-c171be08e935::404 - NaNms - Response: {"status":404}::{"message":"Not Found"}
2024-07-09 15:55:30::error::/v1/api/order/readArchivedOrderHistory::fbb207e7-1688-41d4-a3fe-c4bf403604a5::404 - NaNms - Response: {"status":404}::{"message":"Not Found"}
2024-07-09 15:55:38::error::/v1/api/order/readArchivedOrderHistory::0deb8122-4730-47a2-8bc5-0f83c9c28593::404 - NaNms - Response: {"status":404}::{"message":"Not Found"}
2024-07-09 15:55:57::error::/v1/api/order/readArchivedOrderHistory::5c6ea309-d500-45ef-84b4-1d0a90011c00::404 - NaNms - Response: {"status":404}::{"message":"Not Found"}
2024-07-09 15:56:07::error::/v1/api/order/readArchivedOrderHistory::4ce8f61c-7a28-4b90-94e2-7eef69118a42::404 - NaNms - Response: {"status":404}::{"message":"Not Found"}
2024-07-09 15:58:28::error::/v1/api/order/readArchivedOrderHistory::c36a70f2-44b1-4cc5-b9e4-7811199feae2::404 - NaNms - Response: {"status":404}::{"message":"Not Found"}
2024-07-09 15:58:32::error::/v1/api/order/readArchivedOrderHistory::9ee553e2-12d1-4e4b-b580-a1ec52d2c020::404 - NaNms - Response: {"status":404}::{"message":"Not Found"}
2024-07-09 15:58:55::error::/v1/api/order/readArchivedOrderHistory::9cd144c9-3abd-4383-a307-12204e6b09a6::404 - NaNms - Response: {"status":404}::{"message":"Not Found"}
2024-07-09 15:58:56::error::/v1/api/order/readArchivedOrderHistory::a475c6db-edc6-4c36-9866-653ef2db1180::404 - NaNms - Response: {"status":404}::{"message":"Not Found"}
2024-07-09 15:59:02::error::/v1/api/order/readArchivedOrderHistory::55d7d437-4cc1-4f43-b4b3-6e822a9cb025::404 - NaNms - Response: {"status":404}::{"message":"Not Found"}
2024-07-09 15:59:06::error::/v1/api/order/readArchivedOrderHistory::f121debb-96fd-4236-83d9-c0637f5e6b83::404 - NaNms - Response: {"status":404}::{"message":"Not Found"}
2024-07-09 15:59:54::error::/v1/api/order/readArchivedOrderHistory::384bb8eb-9fac-4a03-93fa-cd12fec9b550::404 - NaNms - Response: {"status":404}::{"message":"Not Found"}
2024-07-09 15:59:55::error::/v1/api/order/readArchivedOrderHistory::2bc401f2-d1dc-4f80-9a4d-6ecf3853ab9b::404 - NaNms - Response: {"status":404}::{"message":"Not Found"}
2024-07-09 16:00:23::error::/v1/api/order/readArchivedOrderHistory::455be73b-665b-45bc-96b1-77c1d2c185c1::404 - NaNms - Response: {"status":404}::{"message":"Not Found"}
2024-07-09 16:00:27::error::/v1/api/order/readArchivedOrderHistory::dd140412-97bd-4c78-9295-790daeaaacb3::404 - NaNms - Response: {"status":404}::{"message":"Not Found"}
2024-07-09 16:00:53::error::/v1/api/order/readArchivedOrderHistory::1892a6ee-b923-4cff-afb5-b695f799adf7::404 - NaNms - Response: {"status":404}::{"message":"Not Found"}
2024-07-09 16:01:04::error::/v1/api/order/readArchivedOrderHistory::42a22dd4-61da-4d12-8fdf-e4a726ea5a72::404 - NaNms - Response: {"status":404}::{"message":"Not Found"}
2024-07-09 16:01:15::error::/v1/api/order/readArchivedOrderHistory::5bf93274-4f4c-4df3-91db-5a21986ea5f8::404 - NaNms - Response: {"status":404}::{"message":"Not Found"}
2024-07-09 16:03:29::error::/v1/api/order/readArchivedOrderHistory::37500325-3a42-495d-9c45-b810c3953341::404 - NaNms - Response: {"status":404}::{"message":"Not Found"}
2024-07-09 16:04:10::error::/v1/api/order/readArchivedOrderHistory::974f378b-3e6d-436b-a65e-1e8fb74abdb3::404 - NaNms - Response: {"status":404}::{"message":"Not Found"}
2024-07-09 16:04:35::error::/v1/api/order/readArchivedOrderHistory::16fb50ea-4f77-48c1-af21-fdbe7912f4c3::404 - NaNms - Response: {"status":404}::{"message":"Not Found"}
2024-07-09 16:08:10::error::/v1/api/order/readArchivedOrderHistory::9efbdb64-86d9-402b-b847-2a6020689b73::404 - NaNms - Response: {"status":404}::{"message":"Not Found"}
2024-07-09 16:16:19::error::/v1/api/order/readArchivedOrderHistory::5013e655-6919-4afa-97f1-cd63bc6e505b::404 - NaNms - Response: {"status":404}::{"message":"Not Found"}
2024-07-09 16:16:20::error::/v1/api/order/readArchivedOrderHistory::f7bde6ad-8ba4-482c-897b-6189b63032cd::404 - NaNms - Response: {"status":404}::{"message":"Not Found"}
2024-07-09 16:17:00::error::/v1/api/order/readArchivedOrderHistory::1c148a28-37d6-4dcf-8243-685016ccc70e::404 - NaNms - Response: {"status":404}::{"message":"Not Found"}
2024-07-09 16:17:31::error::/v1/api/order/readArchivedOrderHistory::84729881-605b-42a9-9a81-20c3f383b131::404 - NaNms - Response: {"status":404}::{"message":"Not Found"}
2024-07-09 16:17:40::error::/v1/api/order/readArchivedOrderHistory::9aa76063-beca-4967-96b5-b80c6dc9e34b::404 - NaNms - Response: {"status":404}::{"message":"Not Found"}
2024-07-09 16:17:46::error::/v1/api/order/readArchivedOrderHistory::3f6d9f17-0e43-40b4-b575-9957404918d2::404 - NaNms - Response: {"status":404}::{"message":"Not Found"}
2024-07-09 16:17:59::error::/v1/api/order/readArchivedOrderHistory::22043df0-626d-41fb-907a-fab520910c6c::404 - NaNms - Response: {"status":404}::{"message":"Not Found"}
2024-07-09 16:18:12::error::/v1/api/order/readArchivedOrderHistory::2896ffb2-ab96-4c2e-abc5-b13ab22a09ea::404 - NaNms - Response: {"status":404}::{"message":"Not Found"}
2024-07-09 16:18:13::error::/v1/api/order/readArchivedOrderHistory::2bd60fd0-e8e2-4a99-8db6-577d4e9bdd7a::404 - NaNms - Response: {"status":404}::{"message":"Not Found"}
2024-07-09 16:18:49::error::/v1/api/order/readArchivedOrderHistory::4fb18bcc-e95a-4f41-aae3-0121ee2e432c::404 - NaNms - Response: {"status":404}::{"message":"Not Found"}
2024-07-09 16:18:56::error::/v1/api/order/readArchivedOrderHistory::18b4ce65-0606-4e0f-add2-a81d8a3586e2::404 - NaNms - Response: {"status":404}::{"message":"Not Found"}
2024-07-09 16:19:04::error::/v1/api/order/readArchivedOrderHistory::d734ea24-01a4-477b-aeed-76b0829a21fe::404 - NaNms - Response: {"status":404}::{"message":"Not Found"}
2024-07-09 16:19:15::error::/v1/api/order/readArchivedOrderHistory::01e49c94-278e-4231-aa8d-87f26436f1bb::404 - NaNms - Response: {"status":404}::{"message":"Not Found"}
2024-07-09 16:19:29::error::/v1/api/order/readArchivedOrderHistory::c6d9b722-1537-4658-8290-68e70b3e11ef::404 - NaNms - Response: {"status":404}::{"message":"Not Found"}
2024-07-09 16:20:03::error::/v1/api/order/readArchivedOrderHistory::d1c897fa-73da-407c-b34f-25f4f92c40b2::404 - NaNms - Response: {"status":404}::{"message":"Not Found"}
2024-07-09 16:20:19::error::/v1/api/order/readArchivedOrderHistory::0ea8a14c-87ea-47db-9f62-50612313f417::404 - NaNms - Response: {"status":404}::{"message":"Not Found"}
2024-07-09 16:20:25::error::/v1/api/order/readArchivedOrderHistory::4f8cd222-60db-4959-8b5e-d5b77e1c9c56::404 - NaNms - Response: {"status":404}::{"message":"Not Found"}
2024-07-09 16:20:47::error::/v1/api/order/readArchivedOrderHistory::19a7c7aa-5843-41ce-916a-3b0086034ff4::404 - NaNms - Response: {"status":404}::{"message":"Not Found"}
2024-07-09 16:21:00::error::/v1/api/order/readArchivedOrderHistory::c9f71f3a-48e9-4334-929e-1d023305af93::404 - NaNms - Response: {"status":404}::{"message":"Not Found"}
2024-07-09 16:21:03::error::/v1/api/order/readArchivedOrderHistory::36eca1c0-4bec-4a4a-b3bd-e53a6825bb86::404 - NaNms - Response: {"status":404}::{"message":"Not Found"}
2024-07-09 16:21:07::error::/v1/api/order/readArchivedOrderHistory::4ba91e61-8542-4a6b-8fee-d265dd9cdd2c::404 - NaNms - Response: {"status":404}::{"message":"Not Found"}
2024-07-09 16:21:17::error::/v1/api/order/readArchivedOrderHistory::f70915e6-c27e-442f-ae66-81be3b19c2e8::404 - NaNms - Response: {"status":404}::{"message":"Not Found"}
2024-07-09 16:35:31::error::/v1/api/order/readArchivedOrderHistory::45bdeab8-d397-4ed4-b714-d8e6636965a6::404 - NaNms - Response: {"status":404}::{"message":"Not Found"}
2024-07-09 16:35:44::error::/v1/api/order/readArchivedOrderHistory::66ce1c25-b17d-4c97-a0f9-7632d137ac93::404 - NaNms - Response: {"status":404}::{"message":"Not Found"}
2024-07-09 16:36:00::error::/v1/api/order/readArchivedOrderHistory::68174f1b-2e5b-460b-a7b3-5c2efda908d9::404 - NaNms - Response: {"status":404}::{"message":"Not Found"}
2024-07-09 16:36:10::error::/v1/api/order/readArchivedOrderHistory::178927d7-ab24-43bd-ac2a-9d160ea1dc6e::404 - NaNms - Response: {"status":404}::{"message":"Not Found"}
2024-07-09 16:37:37::error::/v1/api/order/readArchivedOrderHistory::e59525d4-8451-41e7-b29e-ae617146b16a::404 - NaNms - Response: {"status":404}::{"message":"Not Found"}
2024-07-09 16:44:24::error::/v1/api/order/readArchivedOrderHistory::833f4ae7-9cdb-4a68-88d4-8a1e12cd7f76::404 - NaNms - Response: {"status":404}::{"message":"Not Found"}
2024-07-09 16:44:32::error::/v1/api/order/readArchivedOrderHistory::a787be4c-212f-459b-9f63-711a80d06498::404 - NaNms - Response: {"status":404}::{"message":"Not Found"}
2024-07-09 16:46:08::error::/v1/api/order/readArchivedOrderHistory::b7e6faaa-be22-43aa-a47e-bf596aa4d24f::404 - NaNms - Response: {"status":404}::{"message":"Not Found"}
2024-07-09 16:49:03::error::/v1/api/order/readArchivedOrderHistory::0d4501df-a20c-41dc-aa57-9d034fc039c1::404 - NaNms - Response: {"status":404}::{"message":"Not Found"}
2024-07-09 16:49:34::error::/v1/api/order/readArchivedOrderHistory::c737a295-974c-415f-95e5-1c8134d8772f::404 - NaNms - Response: {"status":404}::{"message":"Not Found"}
2024-07-09 16:50:10::error::/v1/api/order/readArchivedOrderHistory::056fcb25-dae0-4b51-afd0-292af9a0ebad::404 - NaNms - Response: {"status":404}::{"message":"Not Found"}
2024-07-09 16:50:11::error::/v1/api/order/readArchivedOrderHistory::e58dec1a-7692-4ead-93ef-b7ee8d898985::404 - NaNms - Response: {"status":404}::{"message":"Not Found"}
2024-07-09 16:50:13::error::/v1/api/order/readArchivedOrderHistory::6a10b834-7d16-4bd3-9f16-6b014b133a9f::404 - NaNms - Response: {"status":404}::{"message":"Not Found"}
2024-07-09 16:50:25::error::/v1/api/order/readArchivedOrderHistory::ab48026d-ef8a-40ec-8cc7-e3c2a1583e77::404 - NaNms - Response: {"status":404}::{"message":"Not Found"}
2024-07-09 16:50:33::error::/v1/api/order/readArchivedOrderHistory::a2524cfa-7d19-4e26-9206-802abb93bb83::404 - NaNms - Response: {"status":404}::{"message":"Not Found"}
2024-07-09 16:50:53::error::/v1/api/order/readArchivedOrderHistory::87c18878-4ba8-46ae-abf6-97e146fa0515::404 - NaNms - Response: {"status":404}::{"message":"Not Found"}
2024-07-09 16:51:05::error::/v1/api/order/readArchivedOrderHistory::a8d3dce6-1849-454d-9d83-fa5f77988725::404 - NaNms - Response: {"status":404}::{"message":"Not Found"}
2024-07-09 16:51:07::error::/v1/api/order/readArchivedOrderHistory::036a7147-2f17-4d08-a815-73f5618643dc::404 - NaNms - Response: {"status":404}::{"message":"Not Found"}
2024-07-09 16:51:17::error::/v1/api/order/readArchivedOrderHistory::2ddd4532-0fa1-48d6-8502-e8bde0713acf::404 - NaNms - Response: {"status":404}::{"message":"Not Found"}
2024-07-09 16:51:33::error::/v1/api/order/readArchivedOrderHistory::3ac0e538-1ff2-4397-a8ba-3ba4ef123ee4::404 - NaNms - Response: {"status":404}::{"message":"Not Found"}
2024-07-09 16:51:37::error::/v1/api/order/readArchivedOrderHistory::abbd6f7d-a106-4a72-9e90-20adbc28c410::404 - NaNms - Response: {"status":404}::{"message":"Not Found"}
2024-07-09 16:51:46::error::/v1/api/order/readArchivedOrderHistory::5d996dd3-a1a5-429a-b24a-a23b5c99b631::404 - NaNms - Response: {"status":404}::{"message":"Not Found"}
2024-07-09 16:52:14::error::/v1/api/order/readArchivedOrderHistory::01b4e519-5d2e-4faf-8142-c2cc28adf125::404 - NaNms - Response: {"status":404}::{"message":"Not Found"}
2024-07-09 16:52:30::error::/v1/api/order/readArchivedOrderHistory::e8b100b8-1e3f-4081-82ec-ea40337dd845::404 - NaNms - Response: {"status":404}::{"message":"Not Found"}
2024-07-09 16:52:47::error::/v1/api/order/readArchivedOrderHistory::f73c05b0-dda9-4f26-b9be-c6fd8ec5a44b::404 - NaNms - Response: {"status":404}::{"message":"Not Found"}
2024-07-09 16:52:57::error::/v1/api/order/readArchivedOrderHistory::ff31af19-6767-42b8-a34e-9e6a4e94d944::404 - NaNms - Response: {"status":404}::{"message":"Not Found"}
2024-07-09 16:52:59::error::/v1/api/order/readArchivedOrderHistory::c980e54c-4100-4c81-a165-274d42883b9b::404 - NaNms - Response: {"status":404}::{"message":"Not Found"}
2024-07-09 16:53:05::error::/v1/api/order/readArchivedOrderHistory::987a989f-3150-4baa-a453-2b3767235341::404 - NaNms - Response: {"status":404}::{"message":"Not Found"}
2024-07-09 16:53:35::error::/v1/api/order/readArchivedOrderHistory::899e00a7-67ec-48e0-976b-9ea8822e1d07::404 - NaNms - Response: {"status":404}::{"message":"Not Found"}
2024-07-09 16:53:38::error::/v1/api/order/readArchivedOrderHistory::fa49fa31-f594-43bc-8aa6-2b582ab12500::404 - NaNms - Response: {"status":404}::{"message":"Not Found"}
2024-07-09 16:53:49::error::/v1/api/order/readArchivedOrderHistory::0722c82a-6b05-41e2-be7a-124a9462018d::404 - NaNms - Response: {"status":404}::{"message":"Not Found"}
2024-07-09 16:54:09::error::/v1/api/order/readArchivedOrderHistory::fe0be0cd-136e-4937-92c9-1c858930b287::404 - NaNms - Response: {"status":404}::{"message":"Not Found"}
2024-07-09 16:54:10::error::/v1/api/order/readArchivedOrderHistory::7e1a711d-de12-4524-8ac9-df7ed8a60fff::404 - NaNms - Response: {"status":404}::{"message":"Not Found"}
2024-07-09 16:54:10::error::/v1/api/order/readArchivedOrderHistory::a46b779a-9cac-4e3c-a4ac-170c09a50242::404 - NaNms - Response: {"status":404}::{"message":"Not Found"}
2024-07-09 16:54:52::error::/v1/api/order/readArchivedOrderHistory::100faeae-3f42-4ff0-9263-bb2a223089f1::404 - NaNms - Response: {"status":404}::{"message":"Not Found"}
2024-07-09 16:54:55::error::/v1/api/order/readArchivedOrderHistory::7e2ad930-1743-4b1e-93bc-2fcd49ef1aec::404 - NaNms - Response: {"status":404}::{"message":"Not Found"}
2024-07-09 16:54:56::error::/v1/api/order/readArchivedOrderHistory::58eb8ea3-045b-46de-b93f-8820e223f52d::404 - NaNms - Response: {"status":404}::{"message":"Not Found"}
2024-07-09 16:54:58::error::/v1/api/order/readArchivedOrderHistory::1f7b817e-6161-493b-95e4-81661b645a05::404 - NaNms - Response: {"status":404}::{"message":"Not Found"}
2024-07-09 16:55:13::error::/v1/api/order/readArchivedOrderHistory::ede224a6-71be-4b7c-9be7-f77aa1f18320::404 - NaNms - Response: {"status":404}::{"message":"Not Found"}
2024-07-09 16:55:33::error::/v1/api/order/readArchivedOrderHistory::d22d8250-a6c3-405e-9367-2206e8d498c2::404 - NaNms - Response: {"status":404}::{"message":"Not Found"}
2024-07-09 16:56:04::error::/v1/api/order/readArchivedOrderHistory::1809d8cd-35e7-4c60-9fc3-a27893c806b2::404 - NaNms - Response: {"status":404}::{"message":"Not Found"}
2024-07-09 16:56:11::error::/v1/api/order/readArchivedOrderHistory::352fa0cf-a1ed-4bc7-939f-b37db82f81f6::404 - NaNms - Response: {"status":404}::{"message":"Not Found"}
2024-07-09 16:56:16::error::/v1/api/order/readArchivedOrderHistory::160a8bdb-38ec-4285-8655-11195937330a::404 - NaNms - Response: {"status":404}::{"message":"Not Found"}
2024-07-09 16:56:20::error::/v1/api/order/readArchivedOrderHistory::32033a45-72da-4d70-b9be-21ebc59b281b::404 - NaNms - Response: {"status":404}::{"message":"Not Found"}
2024-07-09 16:57:19::error::/v1/api/order/readArchivedOrderHistory::ebeeeae4-5da1-4ccd-be63-3b43bea4fae2::404 - NaNms - Response: {"status":404}::{"message":"Not Found"}
2024-07-09 16:57:23::error::/v1/api/order/readArchivedOrderHistory::df806f4d-07ea-4f50-a52f-dbcf069fbab2::404 - NaNms - Response: {"status":404}::{"message":"Not Found"}
2024-07-09 16:57:39::error::/v1/api/order/readArchivedOrderHistory::0ec07d2f-bf40-4753-bdd0-21468622ac3c::404 - NaNms - Response: {"status":404}::{"message":"Not Found"}
2024-07-09 16:57:42::error::/v1/api/order/readArchivedOrderHistory::e478e396-3e12-4df6-a312-317b2ef5aa03::404 - NaNms - Response: {"status":404}::{"message":"Not Found"}
2024-07-09 16:59:38::error::/v1/api/order/readArchivedOrderHistory::b5af8ad5-1608-45f7-a5c4-4ee8d60498ff::404 - NaNms - Response: {"status":404}::{"message":"Not Found"}
2024-07-09 16:59:46::error::/v1/api/order/readArchivedOrderHistory::7447ad4e-8488-49d2-b341-5862f21a652e::404 - NaNms - Response: {"status":404}::{"message":"Not Found"}
2024-07-09 17:00:09::error::/v1/api/order/readArchivedOrderHistory::cff4ff93-e52e-4d2a-b988-8f9b634b7eed::404 - NaNms - Response: {"status":404}::{"message":"Not Found"}
2024-07-09 17:00:25::error::/v1/api/order/readArchivedOrderHistory::7ff88a6c-7b51-4c22-b6fc-d37621acebf9::404 - NaNms - Response: {"status":404}::{"message":"Not Found"}
2024-07-09 17:00:36::error::/v1/api/order/readArchivedOrderHistory::20c239b2-e866-4bea-b47e-a676461957d7::404 - NaNms - Response: {"status":404}::{"message":"Not Found"}
2024-07-09 17:00:38::error::/v1/api/order/readArchivedOrderHistory::2039de30-8a35-415d-a125-cbf21eb009e7::404 - NaNms - Response: {"status":404}::{"message":"Not Found"}
2024-07-09 17:00:41::error::/v1/api/order/readArchivedOrderHistory::2fad58f4-e0ca-41b8-87c2-f0f53beb82ef::404 - NaNms - Response: {"status":404}::{"message":"Not Found"}
2024-07-09 17:00:44::error::/v1/api/order/readArchivedOrderHistory::cda6e89a-7ae5-4c66-835f-7ef7bf59f2b1::404 - NaNms - Response: {"status":404}::{"message":"Not Found"}
2024-07-09 18:18:33::error::/v1/api/order/readArchivedOrderHistory::83a4bd47-9b3d-4cdf-8975-0ec6956275c1::404 - NaNms - Response: {"status":404}::{"message":"Not Found"}
2024-07-09 18:18:33::error::/v1/api/order/readArchivedOrderHistory::9c7cd773-ed28-4833-b456-d58bc1ba0080::404 - NaNms - Response: {"status":404}::{"message":"Not Found"}
2024-07-09 18:18:43::error::/v1/api/order/readArchivedOrderHistory::b2a121a5-59b7-4380-9605-f9c0662fce99::404 - NaNms - Response: {"status":404}::{"message":"Not Found"}
2024-07-09 18:19:36::error::/v1/api/order/readArchivedOrderHistory::a88feb7c-6f3c-4ba6-920f-76af7c990ff5::404 - NaNms - Response: {"status":404}::{"message":"Not Found"}
2024-07-09 18:19:38::error::/v1/api/order/readArchivedOrderHistory::f44f1bfd-e055-43a3-9267-6331b4a08dcb::404 - NaNms - Response: {"status":404}::{"message":"Not Found"}
2024-07-09 18:19:57::error::/v1/api/order/readArchivedOrderHistory::d23814d6-4be1-449a-8121-a670cd4a290b::404 - NaNms - Response: {"status":404}::{"message":"Not Found"}
2024-07-09 18:20:12::error::/v1/api/order/readArchivedOrderHistory::f7041d88-6bb7-42b9-a1c0-2a0f65b2820e::404 - NaNms - Response: {"status":404}::{"message":"Not Found"}
2024-07-09 18:20:22::error::/v1/api/order/readArchivedOrderHistory::75457a4c-f6e1-433c-9e1d-f91c0cd476dd::404 - NaNms - Response: {"status":404}::{"message":"Not Found"}
2024-07-09 18:21:14::error::/v1/api/order/readArchivedOrderHistory::6375a270-941f-4fe9-a9cd-0beb8bb50a85::404 - NaNms - Response: {"status":404}::{"message":"Not Found"}
2024-07-09 18:21:19::error::/v1/api/order/readArchivedOrderHistory::d3cabba2-4457-41ef-bbaf-3fd269b4d10c::404 - NaNms - Response: {"status":404}::{"message":"Not Found"}
2024-07-09 18:21:31::error::/v1/api/order/readArchivedOrderHistory::019f1e66-edfd-4ab0-8082-039db6721284::404 - NaNms - Response: {"status":404}::{"message":"Not Found"}
2024-07-09 18:21:50::error::/v1/api/order/readArchivedOrderHistory::c73910ec-1408-40ba-8b52-b84ee4a142d0::404 - NaNms - Response: {"status":404}::{"message":"Not Found"}
2024-07-09 18:21:52::error::/v1/api/order/readArchivedOrderHistory::60e74ec9-dc35-499e-b279-d3a631d43dea::404 - NaNms - Response: {"status":404}::{"message":"Not Found"}
2024-07-09 18:22:06::error::/v1/api/order/readArchivedOrderHistory::fa477a33-a3e6-4d9a-865e-f97ba279d934::404 - NaNms - Response: {"status":404}::{"message":"Not Found"}
2024-07-09 18:25:25::error::/v1/api/order/readArchivedOrderHistory::c6c09ee9-5502-4c01-93e9-1ba3ef9dae65::404 - NaNms - Response: {"status":404}::{"message":"Not Found"}
2024-07-09 18:25:33::error::/v1/api/order/readArchivedOrderHistory::d301d8fb-357b-4e9b-a0e7-e43de112be12::404 - NaNms - Response: {"status":404}::{"message":"Not Found"}
2024-07-09 18:25:53::error::/v1/api/order/readArchivedOrderHistory::ca945b7b-f446-440b-9380-7332ba42a6ef::404 - NaNms - Response: {"status":404}::{"message":"Not Found"}
2024-07-09 18:26:11::error::/v1/api/order/readArchivedOrderHistory::82d762d6-1935-428b-9f51-df92ad993da6::404 - NaNms - Response: {"status":404}::{"message":"Not Found"}
2024-07-09 18:29:14::error::/v1/api/order/readArchivedOrderHistory::afb01c28-f861-41ad-95e2-f713ccf2736b::404 - NaNms - Response: {"status":404}::{"message":"Not Found"}
2024-07-09 18:29:25::error::/v1/api/order/readArchivedOrderHistory::64b040ba-a181-4a2e-83ca-8f94d6e1f160::404 - NaNms - Response: {"status":404}::{"message":"Not Found"}
2024-07-09 18:29:31::error::/v1/api/order/readArchivedOrderHistory::49fbfa17-a488-4490-a275-06cab27663a8::404 - NaNms - Response: {"status":404}::{"message":"Not Found"}
2024-07-09 18:29:35::error::/v1/api/order/readArchivedOrderHistory::26e0085c-6995-4ea4-938b-532b68d21956::404 - NaNms - Response: {"status":404}::{"message":"Not Found"}
2024-07-09 18:31:11::error::/v1/api/order/readArchivedOrderHistory::91f2b6ce-3811-4c72-bf74-8ef79668ed6f::404 - NaNms - Response: {"status":404}::{"message":"Not Found"}
2024-07-09 18:32:24::error::/v1/api/order/readArchivedOrderHistory::d5e7778b-87c2-4062-ae91-d7bbe0ae96fe::404 - NaNms - Response: {"status":404}::{"message":"Not Found"}
2024-07-09 18:32:38::error::/v1/api/order/readArchivedOrderHistory::22ec37b2-ee5f-4fb7-b1aa-c0c20d1c9219::404 - NaNms - Response: {"status":404}::{"message":"Not Found"}
2024-07-09 18:32:49::error::/v1/api/order/readArchivedOrderHistory::9ceb8b39-9e0d-43ca-a350-9aa29fe7463b::404 - NaNms - Response: {"status":404}::{"message":"Not Found"}
2024-07-09 18:32:55::error::/v1/api/order/readArchivedOrderHistory::f070c490-e5ce-490e-b00c-db1c7ebab4c7::404 - NaNms - Response: {"status":404}::{"message":"Not Found"}
2024-07-09 18:32:55::error::/v1/api/order/readArchivedOrderHistory::0d2920ef-eb9a-48ab-bf45-1043f7778e51::404 - NaNms - Response: {"status":404}::{"message":"Not Found"}
2024-07-09 18:33:03::error::/v1/api/order/readArchivedOrderHistory::525c1707-b406-49df-927c-af73210ff2ad::404 - NaNms - Response: {"status":404}::{"message":"Not Found"}
2024-07-09 18:33:33::error::/v1/api/order/readArchivedOrderHistory::86d9227b-189f-4b35-9011-19488bb00e5a::404 - NaNms - Response: {"status":404}::{"message":"Not Found"}
2024-07-09 18:33:41::error::/v1/api/order/readArchivedOrderHistory::05a50d2c-bf26-47b7-a912-9d96745fd7ff::404 - NaNms - Response: {"status":404}::{"message":"Not Found"}
2024-07-09 18:33:44::error::/v1/api/order/readArchivedOrderHistory::c43a9c9d-6798-4a84-b821-37d26515ea5c::404 - NaNms - Response: {"status":404}::{"message":"Not Found"}
2024-07-09 18:34:02::error::/v1/api/order/readArchivedOrderHistory::622491ce-b49f-411c-92f7-58cec7650a98::404 - NaNms - Response: {"status":404}::{"message":"Not Found"}
2024-07-09 18:34:14::error::/v1/api/order/readArchivedOrderHistory::088a1964-2688-4eb5-8685-d3d62ba32b0f::404 - NaNms - Response: {"status":404}::{"message":"Not Found"}
2024-07-09 18:34:27::error::/v1/api/order/readArchivedOrderHistory::2259e410-750e-4fa2-90f7-f70b9074ca6f::404 - NaNms - Response: {"status":404}::{"message":"Not Found"}
2024-07-09 18:35:11::error::/v1/api/order/readArchivedOrderHistory::21047dba-6500-4ce5-9c99-4b91ec617041::404 - NaNms - Response: {"status":404}::{"message":"Not Found"}
2024-07-09 18:35:28::error::/v1/api/order/readArchivedOrderHistory::de14f59a-3862-4dfd-a488-80b367092f1b::404 - NaNms - Response: {"status":404}::{"message":"Not Found"}
2024-07-09 18:35:33::error::/v1/api/order/readArchivedOrderHistory::ab978838-97aa-45d9-89fd-28a91d09fea8::404 - NaNms - Response: {"status":404}::{"message":"Not Found"}
2024-07-09 18:35:47::error::/v1/api/order/readArchivedOrderHistory::5278c577-bae2-4770-b6cc-675ade89167f::404 - NaNms - Response: {"status":404}::{"message":"Not Found"}
2024-07-09 18:36:15::error::/v1/api/order/readArchivedOrderHistory::1d5864af-6b28-4b1d-a28f-3b70fe461b4b::404 - NaNms - Response: {"status":404}::{"message":"Not Found"}
2024-07-09 18:36:48::error::/v1/api/order/readArchivedOrderHistory::e98f71fe-1e3d-48bb-a323-bd844f23cda2::404 - NaNms - Response: {"status":404}::{"message":"Not Found"}
2024-07-09 18:40:38::error::/v1/api/order/readArchivedOrderHistory::c289bcad-bfa3-4e5f-be7b-42a7f77b2dcd::404 - NaNms - Response: {"status":404}::{"message":"Not Found"}
2024-07-09 18:40:52::error::/v1/api/order/readArchivedOrderHistory::3abf6c2f-7c49-4b90-b780-d7c25440178a::404 - NaNms - Response: {"status":404}::{"message":"Not Found"}
2024-07-09 18:41:41::error::/v1/api/order/readArchivedOrderHistory::870a68a7-e401-4381-ae4e-17f769b53def::404 - NaNms - Response: {"status":404}::{"message":"Not Found"}
2024-07-09 18:41:49::error::/v1/api/order/readArchivedOrderHistory::d2b8a9a5-9f33-4e5d-9e50-70fd280fcd6c::404 - NaNms - Response: {"status":404}::{"message":"Not Found"}
2024-07-09 18:42:06::error::/v1/api/order/readArchivedOrderHistory::4449ac51-bcf9-4de5-ab9c-49a977634434::404 - NaNms - Response: {"status":404}::{"message":"Not Found"}
2024-07-09 18:42:15::error::/v1/api/order/readArchivedOrderHistory::db663b13-9ddc-47a4-8d17-05a55c98891b::404 - NaNms - Response: {"status":404}::{"message":"Not Found"}
2024-07-09 18:42:18::error::/v1/api/order/readArchivedOrderHistory::a6d0c246-de98-4bf8-94c2-fa551dd332e1::404 - NaNms - Response: {"status":404}::{"message":"Not Found"}
2024-07-09 18:42:20::error::/v1/api/order/readArchivedOrderHistory::44d38259-ef02-48eb-a22c-84bac8fe2ee8::404 - NaNms - Response: {"status":404}::{"message":"Not Found"}
2024-07-09 18:44:14::error::/v1/api/order/readArchivedOrderHistory::d0a38987-dd5a-432d-86bd-c87604e6b9bc::404 - NaNms - Response: {"status":404}::{"message":"Not Found"}
2024-07-09 18:44:17::error::/v1/api/order/readArchivedOrderHistory::e10ba890-3b6f-45f0-bafb-1394e9ab7008::404 - NaNms - Response: {"status":404}::{"message":"Not Found"}
2024-07-09 18:44:26::error::/v1/api/order/readArchivedOrderHistory::8f518474-36bb-4764-85e4-cb3a0d2f795a::404 - NaNms - Response: {"status":404}::{"message":"Not Found"}
2024-07-09 18:44:51::error::/v1/api/order/readArchivedOrderHistory::0aac7d9d-9a8b-485d-8c98-e1e6b5972507::404 - NaNms - Response: {"status":404}::{"message":"Not Found"}
2024-07-09 18:45:02::error::/v1/api/order/readArchivedOrderHistory::c1a27ee6-e3cf-4d7f-ab4c-19a3b2cbb9b0::404 - NaNms - Response: {"status":404}::{"message":"Not Found"}
2024-07-09 18:45:32::error::/v1/api/order/readArchivedOrderHistory::6cd2939a-03c8-4637-911e-800862883173::404 - NaNms - Response: {"status":404}::{"message":"Not Found"}
2024-07-09 18:45:56::error::/v1/api/order/readArchivedOrderHistory::162334d5-bc13-44d5-94f9-765550083aeb::404 - NaNms - Response: {"status":404}::{"message":"Not Found"}
2024-07-09 18:47:00::error::/v1/api/order/readArchivedOrderHistory::fd524b8a-47b5-4684-a284-12a31bff977e::404 - NaNms - Response: {"status":404}::{"message":"Not Found"}
2024-07-09 18:49:30::error::/v1/api/order/readArchivedOrderHistory::2deefe5e-1e83-4170-b860-30854b54d87d::404 - NaNms - Response: {"status":404}::{"message":"Not Found"}
2024-07-09 18:49:33::error::/v1/api/order/readArchivedOrderHistory::945a4255-67b4-4536-a0b0-67f0923b9c17::404 - NaNms - Response: {"status":404}::{"message":"Not Found"}
2024-07-09 18:49:43::error::/v1/api/order/readArchivedOrderHistory::8714006d-9fa3-4258-b943-8fc021387251::404 - NaNms - Response: {"status":404}::{"message":"Not Found"}
2024-07-09 18:49:49::error::/v1/api/order/readArchivedOrderHistory::536ad50b-6c3d-4b6b-a1ac-ed4f5d8ccb8a::404 - NaNms - Response: {"status":404}::{"message":"Not Found"}
2024-07-09 18:50:07::error::/v1/api/order/readArchivedOrderHistory::0776532f-21f2-4f07-a6bc-24378cf8a32c::404 - NaNms - Response: {"status":404}::{"message":"Not Found"}
2024-07-09 18:50:09::error::/v1/api/order/readArchivedOrderHistory::511b00c2-aa18-4fe6-a060-7379a195d967::404 - NaNms - Response: {"status":404}::{"message":"Not Found"}
2024-07-09 18:50:17::error::/v1/api/order/readArchivedOrderHistory::77cea3fe-399e-43f4-b2dc-224d128e0143::404 - NaNms - Response: {"status":404}::{"message":"Not Found"}
2024-07-09 18:50:24::error::/v1/api/order/readArchivedOrderHistory::757d396c-bb13-4d95-a759-4130f167734b::404 - NaNms - Response: {"status":404}::{"message":"Not Found"}
2024-07-09 18:54:33::error::/v1/api/order/readArchivedOrderHistory::93b9f422-084c-4c96-bd04-6e1e9ab9f218::404 - NaNms - Response: {"status":404}::{"message":"Not Found"}
2024-07-09 18:54:50::error::/v1/api/order/readArchivedOrderHistory::53d3f29c-d333-467e-8cf1-904de34cfd2a::404 - NaNms - Response: {"status":404}::{"message":"Not Found"}
2024-07-09 18:55:09::error::/v1/api/order/readArchivedOrderHistory::a9e215ab-1069-449e-8537-6c3d7f699296::404 - NaNms - Response: {"status":404}::{"message":"Not Found"}
2024-07-09 18:55:23::error::/v1/api/order/readArchivedOrderHistory::c955e712-4614-4ed4-83d0-755006822ae2::404 - NaNms - Response: {"status":404}::{"message":"Not Found"}
2024-07-09 18:55:23::error::/v1/api/order/readArchivedOrderHistory::5423363b-4d5b-459c-8c92-ca799daa3907::404 - NaNms - Response: {"status":404}::{"message":"Not Found"}
2024-07-09 18:55:38::error::/v1/api/order/readArchivedOrderHistory::4281ec82-d219-4eba-a6b3-605f21008c13::404 - NaNms - Response: {"status":404}::{"message":"Not Found"}
2024-07-09 18:55:46::error::/v1/api/order/readArchivedOrderHistory::b6571d98-d363-40ad-9add-9c4e7bfd8be4::404 - NaNms - Response: {"status":404}::{"message":"Not Found"}
2024-07-09 18:56:47::error::/v1/api/order/readArchivedOrderHistory::f48b759d-e29d-4938-94a6-f7e5248247d6::404 - NaNms - Response: {"status":404}::{"message":"Not Found"}
2024-07-09 18:56:50::error::/v1/api/order/readArchivedOrderHistory::d1e6ef78-c111-44b2-9a46-8382f3f0527d::404 - NaNms - Response: {"status":404}::{"message":"Not Found"}
2024-07-09 18:57:15::error::/v1/api/order/readArchivedOrderHistory::de8ad122-9f11-4c32-8b96-a19629c6d7a7::404 - NaNms - Response: {"status":404}::{"message":"Not Found"}
2024-07-09 18:57:19::error::/v1/api/order/readArchivedOrderHistory::5c8faa96-cded-4a1f-8324-fbc4e929f380::404 - NaNms - Response: {"status":404}::{"message":"Not Found"}
2024-07-09 18:59:28::error::/v1/api/order/readArchivedOrderHistory::0294a3b1-f152-46cf-9627-ffdebfff9853::404 - NaNms - Response: {"status":404}::{"message":"Not Found"}
2024-07-09 18:59:36::error::/v1/api/order/readArchivedOrderHistory::c0749923-f3c4-489c-8d79-5f76eb8666df::404 - NaNms - Response: {"status":404}::{"message":"Not Found"}
