2024-08-23 13:16:53::error::/v1/api/user/me::01d99e66-4429-4b2b-9a88-f1e22c4608f1::403 - 1ms - Response: {"status":403,"now":1724393813347}::{"message":"Access token missing"}
2024-08-23 13:50:51::error::/v1/api/helpTopic/readHelpTopics::d13cebb5-638c-4506-b8d3-a18a65ad837f::404 - NaNms - Response: {"status":404}::{"message":"Not Found"}
2024-08-23 13:50:53::error::/v1/api/helpTopic/readHelpTopics::cf700313-0d7c-4edc-80a6-69ad2a583327::404 - NaNms - Response: {"status":404}::{"message":"Not Found"}
2024-08-23 13:50:54::error::/v1/api/helpTopic/readHelpTopics::06561819-91be-4702-8a05-646839fea85f::404 - NaNms - Response: {"status":404}::{"message":"Not Found"}
2024-08-23 13:51:01::error::/v1/api/helpTopic/readHelpTopics::57601b68-552c-49d9-86d1-f82a38014292::404 - NaNms - Response: {"status":404}::{"message":"Not Found"}
2024-08-23 13:51:06::error::/v1/api/helpTopic/readHelpTopics::9a2f3e61-4054-477d-b24d-e26022d00d4a::404 - NaNms - Response: {"status":404}::{"message":"Not Found"}
2024-08-23 13:51:08::error::/v1/api/helpTopic/readHelpTopics::3f764d2d-abc7-4c9f-88eb-ae50eac096d9::404 - NaNms - Response: {"status":404}::{"message":"Not Found"}
2024-08-23 13:51:12::error::/v1/api/helpTopic/readHelpTopics::0129a3ed-669f-4cc5-b0db-0f8c8d2bfe5c::404 - NaNms - Response: {"status":404}::{"message":"Not Found"}
2024-08-23 13:51:13::error::/v1/api/helpTopic/readHelpTopics::e8b6e8ec-7431-4273-b4aa-6646a507e188::404 - NaNms - Response: {"status":404}::{"message":"Not Found"}
2024-08-23 13:51:14::error::/v1/api/helpTopic/readHelpTopics::c82437e0-6de1-4063-933f-bc68ad76c223::404 - NaNms - Response: {"status":404}::{"message":"Not Found"}
2024-08-23 13:51:15::error::/v1/api/helpTopic/readHelpTopics::4c23db2d-77cc-42f8-be33-bba7eb605d87::404 - NaNms - Response: {"status":404}::{"message":"Not Found"}
2024-08-23 13:51:16::error::/v1/api/helpTopic/readHelpTopics::98302365-b8fa-4e35-96dd-2e82be03141e::404 - NaNms - Response: {"status":404}::{"message":"Not Found"}
2024-08-23 13:51:20::error::/v1/api/helpTopic/readHelpTopics::bf6830f4-fe4b-489d-81f7-1be70916ff94::404 - NaNms - Response: {"status":404}::{"message":"Not Found"}
2024-08-23 13:51:29::error::/v1/api/helpTopic/readHelpTopics::5f12364c-5783-408a-9306-320e82fc0176::404 - NaNms - Response: {"status":404}::{"message":"Not Found"}
2024-08-23 13:51:37::error::/v1/api/helpTopic/readHelpTopics::aae541b0-b65e-4011-a8d0-fb2fe2e74acc::404 - NaNms - Response: {"status":404}::{"message":"Not Found"}
2024-08-23 13:51:39::error::/v1/api/helpTopic/readHelpTopics::6001a282-b865-4f13-93bc-b092c8921d4d::404 - NaNms - Response: {"status":404}::{"message":"Not Found"}
2024-08-23 13:51:44::error::/v1/api/helpTopic/readHelpTopics::8b12a3a1-807e-447f-a215-46ba33957280::404 - NaNms - Response: {"status":404}::{"message":"Not Found"}
2024-08-23 13:51:45::error::/v1/api/helpTopic/readHelpTopics::89aa38e0-650a-4866-8e7a-0d910c9db8fa::404 - NaNms - Response: {"status":404}::{"message":"Not Found"}
2024-08-23 13:51:53::error::/v1/api/helpTopic/readHelpTopics::3cbc0c3d-8c56-4000-afaa-1d91463dc2fb::404 - NaNms - Response: {"status":404}::{"message":"Not Found"}
2024-08-23 13:51:55::error::/v1/api/helpTopic/readHelpTopics::0424d360-17f4-4e51-a813-cfe69c1666e1::404 - NaNms - Response: {"status":404}::{"message":"Not Found"}
2024-08-23 13:52:07::error::/v1/api/helpTopic/readHelpTopics::fbfd1ac2-08b1-4e31-8c02-321409e83495::404 - NaNms - Response: {"status":404}::{"message":"Not Found"}
2024-08-23 13:52:18::error::/v1/api/helpTopic/readHelpTopics::b524e2b2-64bf-4767-8cbe-7328a5ab1315::404 - NaNms - Response: {"status":404}::{"message":"Not Found"}
2024-08-23 13:52:20::error::/v1/api/helpTopic/readHelpTopics::8b9c6623-46b1-4db9-a9c8-22eec4e5d1cc::404 - NaNms - Response: {"status":404}::{"message":"Not Found"}
2024-08-23 13:52:28::error::/v1/api/helpTopic/readHelpTopics::58fde3ec-21c3-404b-9396-d9099fdb4b67::404 - NaNms - Response: {"status":404}::{"message":"Not Found"}
2024-08-23 13:52:38::error::/v1/api/helpTopic/readHelpTopics::90fd9eb7-31a2-46c4-8d10-62d3327a00bf::404 - NaNms - Response: {"status":404}::{"message":"Not Found"}
2024-08-23 13:52:48::error::/v1/api/helpTopic/readHelpTopics::c200da23-2c45-4ca4-ba99-8ea59513efee::404 - NaNms - Response: {"status":404}::{"message":"Not Found"}
2024-08-23 13:52:49::error::/v1/api/helpTopic/readHelpTopics::a3c4f8d2-72dc-4179-bfee-5c227b931ae9::404 - NaNms - Response: {"status":404}::{"message":"Not Found"}
2024-08-23 13:52:54::error::/v1/api/helpTopic/readHelpTopics::c3de9c19-c14a-4eaf-a93e-c2caadc2c5ff::404 - NaNms - Response: {"status":404}::{"message":"Not Found"}
2024-08-23 13:52:57::error::/v1/api/helpTopic/readHelpTopics::63bee851-6842-4d2f-a80c-48dda9069410::404 - NaNms - Response: {"status":404}::{"message":"Not Found"}
2024-08-23 13:52:59::error::/v1/api/helpTopic/readHelpTopics::8f368ce4-d6d3-42d7-a934-4262b5f96502::404 - NaNms - Response: {"status":404}::{"message":"Not Found"}
2024-08-23 13:53:00::error::/v1/api/helpTopic/readHelpTopics::6e35704e-5c21-45da-a92a-94cb23517547::404 - NaNms - Response: {"status":404}::{"message":"Not Found"}
2024-08-23 13:53:09::error::/v1/api/helpTopic/readHelpTopics::a34449a8-cd1d-42e2-9c47-7731eb1f0168::404 - NaNms - Response: {"status":404}::{"message":"Not Found"}
2024-08-23 13:53:11::error::/v1/api/helpTopic/readHelpTopics::531005a3-9859-43c6-ad61-e0307327d0ca::404 - NaNms - Response: {"status":404}::{"message":"Not Found"}
2024-08-23 13:53:14::error::/v1/api/helpTopic/readHelpTopics::b4cad2b7-44db-490e-b8db-e77982656300::404 - NaNms - Response: {"status":404}::{"message":"Not Found"}
2024-08-23 13:53:24::error::/v1/api/helpTopic/readHelpTopics::a02ea73d-ee1c-46da-b818-4d9d1d2bde82::404 - NaNms - Response: {"status":404}::{"message":"Not Found"}
2024-08-23 13:53:26::error::/v1/api/helpTopic/readHelpTopics::022c9b71-08d5-424a-86ad-4110c5e405b5::404 - NaNms - Response: {"status":404}::{"message":"Not Found"}
2024-08-23 13:53:30::error::/v1/api/helpTopic/readHelpTopics::41220c2f-0d5a-4bc5-b2a8-1461ad6ae39d::404 - NaNms - Response: {"status":404}::{"message":"Not Found"}
2024-08-23 13:53:39::error::/v1/api/helpTopic/readHelpTopics::d202c518-7b68-4719-a83f-45a4efcc211c::404 - NaNms - Response: {"status":404}::{"message":"Not Found"}
2024-08-23 13:53:40::error::/v1/api/helpTopic/readHelpTopics::effa5a53-730e-4a13-8561-bd692659387c::404 - NaNms - Response: {"status":404}::{"message":"Not Found"}
2024-08-23 13:53:51::error::/v1/api/helpTopic/readHelpTopics::fc5f8277-1da2-460d-97eb-c67885d134f5::404 - NaNms - Response: {"status":404}::{"message":"Not Found"}
2024-08-23 13:53:52::error::/v1/api/helpTopic/readHelpTopics::1164dc14-97c3-4fbb-b6f8-d903abc8b7f6::404 - NaNms - Response: {"status":404}::{"message":"Not Found"}
2024-08-23 13:53:54::error::/v1/api/helpTopic/readHelpTopics::d8069bd4-f19c-4127-91de-3d17503949f1::404 - NaNms - Response: {"status":404}::{"message":"Not Found"}
2024-08-23 13:53:55::error::/v1/api/helpTopic/readHelpTopics::bfd1d207-46cc-46ba-ac30-f479ea9c763f::404 - NaNms - Response: {"status":404}::{"message":"Not Found"}
2024-08-23 13:56:11::error::/v1/api/helpTopic/readHelpTopics::c6c17146-281f-4d68-8179-0399ad18171c::404 - NaNms - Response: {"status":404}::{"message":"Not Found"}
2024-08-23 13:56:56::error::/v1/api/helpTopic/readHelpTopics::011108d3-115e-4800-8787-9ae613aab786::404 - NaNms - Response: {"status":404}::{"message":"Not Found"}
2024-08-23 13:57:00::error::/v1/api/helpTopic/readHelpTopics::ca4a0001-0719-468c-9c2f-0c5a104b413b::404 - NaNms - Response: {"status":404}::{"message":"Not Found"}
2024-08-23 13:57:04::error::/v1/api/helpTopic/readHelpTopics::1b7a5730-61fd-4f9d-89d4-4343243be28f::404 - NaNms - Response: {"status":404}::{"message":"Not Found"}
2024-08-23 13:57:08::error::/v1/api/helpTopic/readHelpTopics::aea1b503-7600-4fd3-8a54-daa54d2183fa::404 - NaNms - Response: {"status":404}::{"message":"Not Found"}
2024-08-23 13:57:32::error::/v1/api/helpTopic/readHelpTopics::74eb76b2-8289-438b-8ab4-6d072d735846::404 - NaNms - Response: {"status":404}::{"message":"Not Found"}
2024-08-23 13:57:41::error::/v1/api/helpTopic/readHelpTopics::538db1ca-1e5c-4a57-baa1-4e5c824fce96::404 - NaNms - Response: {"status":404}::{"message":"Not Found"}
2024-08-23 13:57:49::error::/v1/api/helpTopic/readHelpTopics::bdae8293-4afe-4d9f-b197-eb046351392f::404 - NaNms - Response: {"status":404}::{"message":"Not Found"}
2024-08-23 13:58:01::error::/v1/api/helpTopic/readHelpTopics::e9dd42c8-92a7-42ca-91d5-dfb33843f8ac::404 - NaNms - Response: {"status":404}::{"message":"Not Found"}
2024-08-23 13:58:07::error::/v1/api/helpTopic/readHelpTopics::492787e2-dd80-48d8-afa8-c8304cff6135::404 - NaNms - Response: {"status":404}::{"message":"Not Found"}
2024-08-23 13:58:13::error::/v1/api/helpTopic/readHelpTopics::7bda542d-0458-424c-9ede-f42704505f8f::404 - NaNms - Response: {"status":404}::{"message":"Not Found"}
2024-08-23 13:58:17::error::/v1/api/helpTopic/readHelpTopics::afefb9e5-e57b-4d75-bfcb-b21871e83b2b::404 - NaNms - Response: {"status":404}::{"message":"Not Found"}
2024-08-23 13:58:24::error::/v1/api/helpTopic/readHelpTopics::cbcfd9f7-5189-4618-adb9-177f56cef936::404 - NaNms - Response: {"status":404}::{"message":"Not Found"}
2024-08-23 13:58:25::error::/v1/api/helpTopic/readHelpTopics::28561614-14f5-4492-b43f-c779902283b1::404 - NaNms - Response: {"status":404}::{"message":"Not Found"}
2024-08-23 13:58:29::error::/v1/api/helpTopic/readHelpTopics::9d955ffa-debb-4af7-8cbf-3f0141c12033::404 - NaNms - Response: {"status":404}::{"message":"Not Found"}
2024-08-23 13:58:29::error::/v1/api/helpTopic/readHelpTopics::845f4e35-6821-4c81-9f84-b2e96b5a6185::404 - NaNms - Response: {"status":404}::{"message":"Not Found"}
2024-08-23 13:58:39::error::/v1/api/helpTopic/readHelpTopics::7ce712da-06de-453d-ab53-65850c6280cb::404 - NaNms - Response: {"status":404}::{"message":"Not Found"}
2024-08-23 13:58:41::error::/v1/api/helpTopic/readHelpTopics::2aa4dffb-ebc1-4b99-8163-8cfa1ce123e5::404 - NaNms - Response: {"status":404}::{"message":"Not Found"}
2024-08-23 13:59:02::error::/v1/api/helpTopic/readHelpTopics::dc0ab0c1-9bb4-4ce7-98d2-40e8500278e1::404 - NaNms - Response: {"status":404}::{"message":"Not Found"}
2024-08-23 13:59:06::error::/v1/api/helpTopic/readHelpTopics::86077bdd-7e89-401b-b3f7-98f1fd76f9ae::404 - NaNms - Response: {"status":404}::{"message":"Not Found"}
2024-08-23 13:59:09::error::/v1/api/helpTopic/readHelpTopics::51677b4b-01d3-4165-9155-ae8a3acb08ed::404 - NaNms - Response: {"status":404}::{"message":"Not Found"}
2024-08-23 13:59:09::error::/v1/api/helpTopic/readHelpTopics::ad4829b8-028f-40ae-9229-d55f6a2bf7d0::404 - NaNms - Response: {"status":404}::{"message":"Not Found"}
2024-08-23 13:59:31::error::/v1/api/helpTopic/readHelpTopics::c2e06e2f-ff49-417b-aea5-7276cd961f25::404 - NaNms - Response: {"status":404}::{"message":"Not Found"}
2024-08-23 13:59:35::error::/v1/api/helpTopic/readHelpTopics::ea9ea936-c5fe-4f94-a51b-88674fb449f4::404 - NaNms - Response: {"status":404}::{"message":"Not Found"}
2024-08-23 13:59:50::error::/v1/api/helpTopic/readHelpTopics::e33ea581-3bba-40a0-9848-fcdb928146eb::404 - NaNms - Response: {"status":404}::{"message":"Not Found"}
2024-08-23 13:59:56::error::/v1/api/helpTopic/readHelpTopics::b436ad88-1e90-4ab9-a610-c1553ce10f88::404 - NaNms - Response: {"status":404}::{"message":"Not Found"}
2024-08-23 14:00:01::error::/v1/api/helpTopic/readHelpTopics::5d31e634-4daf-46e4-98e4-0b9af9cd8fc8::404 - NaNms - Response: {"status":404}::{"message":"Not Found"}
2024-08-23 14:00:02::error::/v1/api/helpTopic/readHelpTopics::443e8ff7-1767-4096-83e2-29ca3d529383::404 - NaNms - Response: {"status":404}::{"message":"Not Found"}
2024-08-23 14:00:07::error::/v1/api/helpTopic/readHelpTopics::be7ef2fc-62f6-4079-a0f9-80b96bad7e72::404 - NaNms - Response: {"status":404}::{"message":"Not Found"}
2024-08-23 14:00:12::error::/v1/api/helpTopic/readHelpTopics::db6b178e-d4e7-4718-8669-d6e899d64655::404 - NaNms - Response: {"status":404}::{"message":"Not Found"}
2024-08-23 14:00:13::error::/v1/api/helpTopic/readHelpTopics::215b6315-be40-47f7-bfb0-94f370fcff35::404 - NaNms - Response: {"status":404}::{"message":"Not Found"}
2024-08-23 14:00:13::error::/v1/api/helpTopic/readHelpTopics::ab85b7b3-94ae-478e-8556-e9257ec1f728::404 - NaNms - Response: {"status":404}::{"message":"Not Found"}
2024-08-23 14:00:18::error::/v1/api/helpTopic/readHelpTopics::87b48d42-3839-409b-9e08-69cab68e3e13::404 - NaNms - Response: {"status":404}::{"message":"Not Found"}
2024-08-23 14:00:57::error::/v1/api/helpTopic/readHelpTopics::0da9c23e-1774-45a3-b8fa-7d0de1f05322::404 - NaNms - Response: {"status":404}::{"message":"Not Found"}
2024-08-23 14:00:58::error::/v1/api/helpTopic/readHelpTopics::81e67744-089e-4a6e-ae92-7f166a8db0cc::404 - NaNms - Response: {"status":404}::{"message":"Not Found"}
2024-08-23 14:01:00::error::/v1/api/helpTopic/readHelpTopics::9f937769-2662-493e-a93c-ea5b4f90d7b4::404 - NaNms - Response: {"status":404}::{"message":"Not Found"}
2024-08-23 14:01:01::error::/v1/api/helpTopic/readHelpTopics::83e93857-4c1d-4f00-9b18-252738f1a72c::404 - NaNms - Response: {"status":404}::{"message":"Not Found"}
2024-08-23 14:01:02::error::/v1/api/helpTopic/readHelpTopics::454ea39c-4a7f-43ed-a950-4653f91a948b::404 - NaNms - Response: {"status":404}::{"message":"Not Found"}
2024-08-23 14:01:04::error::/v1/api/helpTopic/readHelpTopics::dce04ff8-c436-485a-9e45-cbcc9e2f2b7e::404 - NaNms - Response: {"status":404}::{"message":"Not Found"}
2024-08-23 14:01:05::error::/v1/api/helpTopic/readHelpTopics::8dfaad56-6caf-46a8-b43b-0f9f622f51ef::404 - NaNms - Response: {"status":404}::{"message":"Not Found"}
2024-08-23 14:01:07::error::/v1/api/helpTopic/readHelpTopics::91af31b1-89b5-48e8-a042-25800b942df5::404 - NaNms - Response: {"status":404}::{"message":"Not Found"}
2024-08-23 14:01:07::error::/v1/api/helpTopic/readHelpTopics::0d37f0d9-2de8-437a-9d52-1004f6bc7217::404 - NaNms - Response: {"status":404}::{"message":"Not Found"}
2024-08-23 14:01:14::error::/v1/api/helpTopic/readHelpTopics::fefbe3ed-9825-43d9-ab30-98d105bd6064::404 - NaNms - Response: {"status":404}::{"message":"Not Found"}
2024-08-23 14:01:54::error::/v1/api/helpTopic/readHelpTopics::fbadda69-43b1-4046-8d4b-8f0e55938351::404 - NaNms - Response: {"status":404}::{"message":"Not Found"}
2024-08-23 14:02:01::error::/v1/api/helpTopic/readHelpTopics::7a08f1cc-2754-40f6-bcef-386a665653e3::404 - NaNms - Response: {"status":404}::{"message":"Not Found"}
2024-08-23 14:02:13::error::/v1/api/helpTopic/readHelpTopics::becfc3f6-398e-4a6e-820e-143f4c85170c::404 - NaNms - Response: {"status":404}::{"message":"Not Found"}
2024-08-23 14:02:16::error::/v1/api/helpTopic/readHelpTopics::88f05a59-65de-46a6-93a6-af9f33e5efa0::404 - NaNms - Response: {"status":404}::{"message":"Not Found"}
2024-08-23 14:02:25::error::/v1/api/helpTopic/readHelpTopics::aa9b45f9-2c10-4384-8c72-c542a80a4bcd::404 - NaNms - Response: {"status":404}::{"message":"Not Found"}
2024-08-23 14:03:47::error::/v1/api/helpTopic/readHelpTopics::37dc0ccb-d0b3-420e-9080-0d9392ca3e7f::404 - NaNms - Response: {"status":404}::{"message":"Not Found"}
2024-08-23 14:03:47::error::/v1/api/helpTopic/readHelpArticles::84a0909e-0a48-4f97-af05-dee4defd7c0d::404 - NaNms - Response: {"status":404}::{"message":"Not Found"}
2024-08-23 14:03:51::error::/v1/api/helpTopic/readHelpTopics::32a4a55c-d8dc-4c4e-8c9c-f4986e4ebe56::404 - NaNms - Response: {"status":404}::{"message":"Not Found"}
2024-08-23 14:03:51::error::/v1/api/helpTopic/readHelpArticles::2f003a02-8b41-43de-818e-ab583dd6cdef::404 - NaNms - Response: {"status":404}::{"message":"Not Found"}
2024-08-23 14:03:56::error::/v1/api/helpTopic/readHelpTopics::c2edee10-f5c2-4d48-bbfb-77e11b5cf442::404 - NaNms - Response: {"status":404}::{"message":"Not Found"}
2024-08-23 14:03:56::error::/v1/api/helpTopic/readHelpArticles::3aede463-66b7-4d9a-9ad1-40a09e0a85c9::404 - NaNms - Response: {"status":404}::{"message":"Not Found"}
2024-08-23 14:04:04::error::/v1/api/helpTopic/readHelpTopics::8162df4f-2778-4c84-a11e-6d1861b70d2f::404 - NaNms - Response: {"status":404}::{"message":"Not Found"}
2024-08-23 14:04:04::error::/v1/api/helpArticle/readHelpArticles::e866be75-6b0d-4eca-8174-64fa5452e21c::404 - NaNms - Response: {"status":404}::{"message":"Not Found"}
2024-08-23 14:04:10::error::/v1/api/helpTopic/readHelpTopics::36d73410-b8b0-48ad-8217-f650052ac5ee::404 - NaNms - Response: {"status":404}::{"message":"Not Found"}
2024-08-23 14:04:10::error::/v1/api/helpArticle/readHelpArticles::4d01f536-b48e-4e38-86f2-41f0314f4979::404 - NaNms - Response: {"status":404}::{"message":"Not Found"}
2024-08-23 14:04:20::error::/v1/api/helpTopic/readHelpTopics::3dbe75e9-5469-46a7-9f8a-3be16abf26c4::404 - NaNms - Response: {"status":404}::{"message":"Not Found"}
2024-08-23 14:04:20::error::/v1/api/helpArticle/readHelpArticles::61204341-eee3-4cf6-932d-406bfc5c1783::404 - NaNms - Response: {"status":404}::{"message":"Not Found"}
2024-08-23 14:04:25::error::/v1/api/helpTopic/readHelpTopics::184b5fe7-800e-403c-b049-b2ff718fc1e3::404 - NaNms - Response: {"status":404}::{"message":"Not Found"}
2024-08-23 14:04:25::error::/v1/api/helpArticle/readHelpArticles::1903d071-135a-490e-ba17-3de56edfb94a::404 - NaNms - Response: {"status":404}::{"message":"Not Found"}
2024-08-23 14:04:57::error::/v1/api/helpTopic/readHelpTopics::f162678e-eb63-42a3-9e8f-78532778f0b1::404 - NaNms - Response: {"status":404}::{"message":"Not Found"}
2024-08-23 14:04:57::error::/v1/api/helpArticle/readHelpArticles::13955925-0a80-4c79-ab46-831a2c2b148a::404 - NaNms - Response: {"status":404}::{"message":"Not Found"}
2024-08-23 14:05:05::error::/v1/api/helpTopic/readHelpTopics::04bbc89e-824c-48fa-8975-e7fb16ba0e3d::404 - NaNms - Response: {"status":404}::{"message":"Not Found"}
2024-08-23 14:05:05::error::/v1/api/helpArticle/readHelpArticles::bbb8c9f7-391c-43e7-aa4e-6e56d278b348::404 - NaNms - Response: {"status":404}::{"message":"Not Found"}
2024-08-23 14:05:08::error::/v1/api/helpTopic/readHelpTopics::fa60b4a5-010c-4bc6-acd3-9b4cd469e534::404 - NaNms - Response: {"status":404}::{"message":"Not Found"}
2024-08-23 14:05:08::error::/v1/api/helpArticle/readHelpArticles::417903d9-5bc3-4f77-a466-b87c14436cf6::404 - NaNms - Response: {"status":404}::{"message":"Not Found"}
2024-08-23 14:05:17::error::/v1/api/helpTopic/readHelpTopics::55706067-7827-4737-adf0-e140a7620245::404 - NaNms - Response: {"status":404}::{"message":"Not Found"}
2024-08-23 14:05:17::error::/v1/api/helpArticle/readHelpArticles::f53b773f-9a33-4b04-8124-240cb1e1fd0f::404 - NaNms - Response: {"status":404}::{"message":"Not Found"}
2024-08-23 14:05:18::error::/v1/api/helpTopic/readHelpTopics::68b8cdb3-5bfd-4c2d-8c1f-cb6aee578a90::404 - NaNms - Response: {"status":404}::{"message":"Not Found"}
2024-08-23 14:05:18::error::/v1/api/helpArticle/readHelpArticles::da1f2b7b-b76a-423d-9831-2060b3eaca9a::404 - NaNms - Response: {"status":404}::{"message":"Not Found"}
2024-08-23 14:05:32::error::/v1/api/helpTopic/readHelpTopics::90446a3b-fb22-41fb-be8f-65c7e9c2ca13::404 - NaNms - Response: {"status":404}::{"message":"Not Found"}
2024-08-23 14:05:32::error::/v1/api/helpArticle/readHelpArticles::acd34d44-b534-4194-a8eb-c5c985e0964f::404 - NaNms - Response: {"status":404}::{"message":"Not Found"}
2024-08-23 14:05:39::error::/v1/api/helpTopic/readHelpTopics::2f975b19-0c42-4028-b643-13f79e5011b4::404 - NaNms - Response: {"status":404}::{"message":"Not Found"}
2024-08-23 14:05:39::error::/v1/api/helpArticle/readHelpArticles::e8490b88-e8bd-4315-a477-e80c1ed7118c::404 - NaNms - Response: {"status":404}::{"message":"Not Found"}
2024-08-23 14:05:43::error::/v1/api/helpTopic/readHelpTopics::50b17b9b-de61-4751-a63c-d8ab23ea2b0a::404 - NaNms - Response: {"status":404}::{"message":"Not Found"}
2024-08-23 14:05:43::error::/v1/api/helpArticle/readHelpArticles::d0cb81b1-952a-44fd-94e8-833ce197a725::404 - NaNms - Response: {"status":404}::{"message":"Not Found"}
2024-08-23 14:05:47::error::/v1/api/helpTopic/readHelpTopics::70171ba0-eca6-45d6-8682-4be652ce6234::404 - NaNms - Response: {"status":404}::{"message":"Not Found"}
2024-08-23 14:05:47::error::/v1/api/helpArticle/readHelpArticles::145c8c7c-2d70-44e6-babe-95e60dfcea75::404 - NaNms - Response: {"status":404}::{"message":"Not Found"}
2024-08-23 14:05:51::error::/v1/api/helpTopic/readHelpTopics::28cc03e4-5474-4d73-bb26-4eb7c107a54d::404 - NaNms - Response: {"status":404}::{"message":"Not Found"}
2024-08-23 14:05:51::error::/v1/api/helpArticle/readHelpArticles::3a578949-2809-47db-af88-9037c17cc024::404 - NaNms - Response: {"status":404}::{"message":"Not Found"}
2024-08-23 14:05:53::error::/v1/api/helpTopic/readHelpTopics::6a4d1300-32d0-4e76-827d-41cecac3ee39::404 - NaNms - Response: {"status":404}::{"message":"Not Found"}
2024-08-23 14:05:53::error::/v1/api/helpArticle/readHelpArticles::c004ae1c-0bf2-4b00-8271-125b2385fa2e::404 - NaNms - Response: {"status":404}::{"message":"Not Found"}
2024-08-23 14:05:58::error::/v1/api/helpTopic/readHelpTopics::cd44eb74-6a3f-4941-9cd2-2b88c358d309::404 - NaNms - Response: {"status":404}::{"message":"Not Found"}
2024-08-23 14:05:58::error::/v1/api/helpArticle/readHelpArticles::e762c41a-94c9-4d3f-8266-6bca82a4d2e1::404 - NaNms - Response: {"status":404}::{"message":"Not Found"}
2024-08-23 14:06:01::error::/v1/api/helpTopic/readHelpTopics::35f8e1d7-ed46-44a4-9d44-5ae8b018b239::404 - NaNms - Response: {"status":404}::{"message":"Not Found"}
2024-08-23 14:06:01::error::/v1/api/helpArticle/readHelpArticles::52bfaf10-5671-47bc-a7e9-c1149537d4fb::404 - NaNms - Response: {"status":404}::{"message":"Not Found"}
2024-08-23 14:06:02::error::/v1/api/helpTopic/readHelpTopics::8ba9c4c8-46f5-413d-8104-30645f78e91e::404 - NaNms - Response: {"status":404}::{"message":"Not Found"}
2024-08-23 14:06:02::error::/v1/api/helpArticle/readHelpArticles::1122bfa9-a562-444c-8f24-c3bec8467191::404 - NaNms - Response: {"status":404}::{"message":"Not Found"}
2024-08-23 14:06:18::error::/v1/api/helpTopic/readHelpTopics::75ec5d01-f259-4c40-b5c6-86e5265e0660::404 - NaNms - Response: {"status":404}::{"message":"Not Found"}
2024-08-23 14:06:18::error::/v1/api/helpArticle/readHelpArticles::c3e507e7-33df-48e7-9e38-0050eade2d1f::404 - NaNms - Response: {"status":404}::{"message":"Not Found"}
2024-08-23 14:06:25::error::/v1/api/helpTopic/readHelpTopics::72ee3ec4-4efb-478e-a392-d078f24d2f4b::404 - NaNms - Response: {"status":404}::{"message":"Not Found"}
2024-08-23 14:06:25::error::/v1/api/helpArticle/readHelpArticles::1b5232b2-405d-4ef5-be31-fb7dea2bae61::404 - NaNms - Response: {"status":404}::{"message":"Not Found"}
2024-08-23 14:06:38::error::/v1/api/helpTopic/readHelpTopics::c9c6d964-0ff1-4894-b812-73f7cc38d5c9::404 - NaNms - Response: {"status":404}::{"message":"Not Found"}
2024-08-23 14:06:38::error::/v1/api/helpArticle/readHelpArticles::0f4e58ec-7767-4d9c-9dd1-1a3e96828381::404 - NaNms - Response: {"status":404}::{"message":"Not Found"}
2024-08-23 14:06:39::error::/v1/api/helpTopic/readHelpTopics::e0557da9-7b4d-4028-8f12-e87bf7448726::404 - NaNms - Response: {"status":404}::{"message":"Not Found"}
2024-08-23 14:06:39::error::/v1/api/helpArticle/readHelpArticles::54ffe1c5-1a68-4996-96af-60edbacbea87::404 - NaNms - Response: {"status":404}::{"message":"Not Found"}
2024-08-23 14:06:39::error::/v1/api/helpTopic/readHelpTopics::f4d164ba-03ce-4156-9d54-bd914c0fd2ca::404 - NaNms - Response: {"status":404}::{"message":"Not Found"}
2024-08-23 14:06:39::error::/v1/api/helpArticle/readHelpArticles::03ab0e80-dbc0-4fe6-ac4b-492a569f33c7::404 - NaNms - Response: {"status":404}::{"message":"Not Found"}
2024-08-23 14:07:34::error::/v1/api/helpTopic/readHelpTopics::ebed6161-793f-4264-95be-b7cd57d57fe9::404 - NaNms - Response: {"status":404}::{"message":"Not Found"}
2024-08-23 14:07:34::error::/v1/api/helpArticle/readHelpArticles::b43cf2b2-3ae0-4453-8c55-85c713fbc8d7::404 - NaNms - Response: {"status":404}::{"message":"Not Found"}
2024-08-23 14:07:39::error::/v1/api/helpTopic/readHelpTopics::8fda64d3-c569-4a73-8b43-5e449a8aadf9::404 - NaNms - Response: {"status":404}::{"message":"Not Found"}
2024-08-23 14:07:39::error::/v1/api/helpArticle/readHelpArticles::b356098f-f6d8-416f-a310-ca2dc2a0a602::404 - NaNms - Response: {"status":404}::{"message":"Not Found"}
2024-08-23 14:07:52::error::/v1/api/helpTopic/readHelpTopics::8fc08f02-6dd1-4503-a7a0-6a388c11be73::404 - NaNms - Response: {"status":404}::{"message":"Not Found"}
2024-08-23 14:07:52::error::/v1/api/helpArticle/readHelpArticles::232011c3-fd47-4f46-a4cb-7a7ac79bd5e6::404 - NaNms - Response: {"status":404}::{"message":"Not Found"}
2024-08-23 14:07:53::error::/v1/api/helpTopic/readHelpTopics::69f6937c-e39f-4cda-adb7-a42ad28372c4::404 - NaNms - Response: {"status":404}::{"message":"Not Found"}
2024-08-23 14:07:53::error::/v1/api/helpArticle/readHelpArticles::cca48f70-c602-4f52-9496-c09cb5965b62::404 - NaNms - Response: {"status":404}::{"message":"Not Found"}
2024-08-23 14:07:54::error::/v1/api/helpTopic/readHelpTopics::46b08414-5edc-405e-ab6a-9de545f643ed::404 - NaNms - Response: {"status":404}::{"message":"Not Found"}
2024-08-23 14:07:54::error::/v1/api/helpArticle/readHelpArticles::01615b42-a6eb-48f9-ab35-0daf2e7bbbe6::404 - NaNms - Response: {"status":404}::{"message":"Not Found"}
2024-08-23 14:08:01::error::/v1/api/helpTopic/readHelpTopics::6a58961b-2520-4fbd-8570-b3e1b16ae4f1::404 - NaNms - Response: {"status":404}::{"message":"Not Found"}
2024-08-23 14:08:01::error::/v1/api/helpArticle/readHelpArticles::e9899b6d-757c-422f-975e-1f083a1313aa::404 - NaNms - Response: {"status":404}::{"message":"Not Found"}
2024-08-23 14:08:06::error::/v1/api/helpTopic/readHelpTopics::75e80154-d752-4274-829e-a6bae7b15b4c::404 - NaNms - Response: {"status":404}::{"message":"Not Found"}
2024-08-23 14:08:06::error::/v1/api/helpArticle/readHelpArticles::bdf82f2d-4b6c-4f4e-9e8b-e6c6af2b795f::404 - NaNms - Response: {"status":404}::{"message":"Not Found"}
2024-08-23 14:08:07::error::/v1/api/helpTopic/readHelpTopics::a063e067-dd70-4130-af30-fcaeb3ce6573::404 - NaNms - Response: {"status":404}::{"message":"Not Found"}
2024-08-23 14:08:07::error::/v1/api/helpArticle/readHelpArticles::607eb87b-cc55-4823-ae9d-c94f1838ffe4::404 - NaNms - Response: {"status":404}::{"message":"Not Found"}
2024-08-23 14:08:13::error::/v1/api/helpTopic/readHelpTopics::30c087b6-e798-4bd7-813a-4c3d868a22f8::404 - NaNms - Response: {"status":404}::{"message":"Not Found"}
2024-08-23 14:08:13::error::/v1/api/helpArticle/readHelpArticles::426751ec-dbab-40ad-b46b-2e37ba281d81::404 - NaNms - Response: {"status":404}::{"message":"Not Found"}
2024-08-23 14:08:13::error::/v1/api/helpTopic/readHelpTopics::d8ce3377-9783-42ee-b938-7af2248cc5c0::404 - NaNms - Response: {"status":404}::{"message":"Not Found"}
2024-08-23 14:08:13::error::/v1/api/helpArticle/readHelpArticles::cce43cd7-cb77-4af3-a97a-64bc5f633592::404 - NaNms - Response: {"status":404}::{"message":"Not Found"}
2024-08-23 14:08:31::error::/v1/api/helpTopic/readHelpTopics::b719bb1c-0692-46d1-8d78-acc6804fd647::404 - NaNms - Response: {"status":404}::{"message":"Not Found"}
2024-08-23 14:08:31::error::/v1/api/helpArticle/readHelpArticles::02fff6c5-6ec0-4447-8e8d-f1cb2ecfa682::404 - NaNms - Response: {"status":404}::{"message":"Not Found"}
2024-08-23 14:08:34::error::/v1/api/helpTopic/readHelpTopics::58882e69-1104-4529-907b-8b686e0c2d02::404 - NaNms - Response: {"status":404}::{"message":"Not Found"}
2024-08-23 14:08:34::error::/v1/api/helpArticle/readHelpArticles::fa3df21c-25b8-4fc4-8224-158283178a24::404 - NaNms - Response: {"status":404}::{"message":"Not Found"}
2024-08-23 14:08:39::error::/v1/api/helpArticle/readHelpArticles::111e7030-8448-4a11-a823-1ffe0535b580::404 - NaNms - Response: {"status":404}::{"message":"Not Found"}
2024-08-23 14:08:39::error::/v1/api/helpTopic/readHelpTopics::28fe3f82-e156-4b64-98bc-520e0c4a2101::404 - NaNms - Response: {"status":404}::{"message":"Not Found"}
2024-08-23 14:08:40::error::/v1/api/helpTopic/readHelpTopics::bd7301b2-e45f-4193-a2ba-eac72bcbda99::404 - NaNms - Response: {"status":404}::{"message":"Not Found"}
2024-08-23 14:08:40::error::/v1/api/helpArticle/readHelpArticles::f50e3cf8-af4a-4b37-8968-92f4142da030::404 - NaNms - Response: {"status":404}::{"message":"Not Found"}
2024-08-23 14:08:45::error::/v1/api/helpArticle/readHelpArticles::0bfd02f6-8bef-411a-ba31-7c903434f835::404 - NaNms - Response: {"status":404}::{"message":"Not Found"}
2024-08-23 14:08:45::error::/v1/api/helpTopic/readHelpTopics::edb5f4c6-475c-4689-abfe-42fb163cc42b::404 - NaNms - Response: {"status":404}::{"message":"Not Found"}
2024-08-23 14:08:47::error::/v1/api/helpTopic/readHelpTopics::f882d368-d121-4dc3-939c-431cee538572::404 - NaNms - Response: {"status":404}::{"message":"Not Found"}
2024-08-23 14:08:47::error::/v1/api/helpArticle/readHelpArticles::c9b42586-9f97-41ff-bbdd-1539d51d9a39::404 - NaNms - Response: {"status":404}::{"message":"Not Found"}
2024-08-23 14:08:53::error::/v1/api/helpTopic/readHelpTopics::1a342d40-0e3e-49c9-9fff-28c53a8dd69c::404 - NaNms - Response: {"status":404}::{"message":"Not Found"}
2024-08-23 14:08:53::error::/v1/api/helpArticle/readHelpArticles::c36f2f96-814d-40c6-ae3e-fdf50d92c8cb::404 - NaNms - Response: {"status":404}::{"message":"Not Found"}
2024-08-23 14:08:54::error::/v1/api/helpTopic/readHelpTopics::d130a026-450d-4aea-be9c-e0cffb063467::404 - NaNms - Response: {"status":404}::{"message":"Not Found"}
2024-08-23 14:08:54::error::/v1/api/helpArticle/readHelpArticles::6e70427c-76bb-4326-ba06-de50ca42ff7f::404 - NaNms - Response: {"status":404}::{"message":"Not Found"}
2024-08-23 14:10:31::error::/v1/api/helpTopic/readHelpTopics::3f3d3010-be13-4775-a2cf-75c72a4b1f72::404 - NaNms - Response: {"status":404}::{"message":"Not Found"}
2024-08-23 14:10:31::error::/v1/api/helpArticle/readHelpArticles::2c9ca042-38f2-4f49-b9b1-9a11a15d6597::404 - NaNms - Response: {"status":404}::{"message":"Not Found"}
2024-08-23 14:10:31::error::/v1/api/helpTopic/readHelpTopics::e988c209-45ad-4451-8f09-af15890c1d7c::404 - NaNms - Response: {"status":404}::{"message":"Not Found"}
2024-08-23 14:10:31::error::/v1/api/helpArticle/readHelpArticles::324e0f24-cdba-4e31-b5b9-96311c9b81ef::404 - NaNms - Response: {"status":404}::{"message":"Not Found"}
2024-08-23 14:10:33::error::/v1/api/helpTopic/readHelpTopics::9560d5f2-2c01-4b87-ba0c-4148de40a674::404 - NaNms - Response: {"status":404}::{"message":"Not Found"}
2024-08-23 14:10:33::error::/v1/api/helpArticle/readHelpArticles::71846ec3-ab61-4abc-b32a-c3c5e6671b93::404 - NaNms - Response: {"status":404}::{"message":"Not Found"}
2024-08-23 14:10:34::error::/v1/api/helpTopic/readHelpTopics::4120a639-d367-4e50-9863-6e948461389c::404 - NaNms - Response: {"status":404}::{"message":"Not Found"}
2024-08-23 14:10:34::error::/v1/api/helpArticle/readHelpArticles::2c7ebd62-391b-443f-afaf-50384d237b3e::404 - NaNms - Response: {"status":404}::{"message":"Not Found"}
2024-08-23 14:10:34::error::/v1/api/helpTopic/readHelpTopics::5a9a5ee3-d566-480f-82a9-b9464383ee72::404 - NaNms - Response: {"status":404}::{"message":"Not Found"}
2024-08-23 14:10:34::error::/v1/api/helpArticle/readHelpArticles::a1aef36c-74a5-4565-a02c-4789b8ba75dc::404 - NaNms - Response: {"status":404}::{"message":"Not Found"}
2024-08-23 14:11:06::error::/v1/api/helpTopic/readHelpTopics::49c9a192-1806-4a22-8397-7ea4f3742684::404 - NaNms - Response: {"status":404}::{"message":"Not Found"}
2024-08-23 14:11:06::error::/v1/api/helpArticle/readHelpArticles::9fd05768-de31-4b5c-8149-3930b8df68ae::404 - NaNms - Response: {"status":404}::{"message":"Not Found"}
2024-08-23 14:11:36::error::/v1/api/helpTopic/readHelpTopics::773099b4-481c-4cb5-8518-b33e18b85fba::404 - NaNms - Response: {"status":404}::{"message":"Not Found"}
2024-08-23 14:11:36::error::/v1/api/helpArticle/readHelpArticles::873682b8-315b-41cc-a747-8e245e641445::404 - NaNms - Response: {"status":404}::{"message":"Not Found"}
2024-08-23 14:11:39::error::/v1/api/helpTopic/readHelpTopics::74a73e2d-e306-4720-9ed0-5b5a1d0d8f7b::404 - NaNms - Response: {"status":404}::{"message":"Not Found"}
2024-08-23 14:11:39::error::/v1/api/helpArticle/readHelpArticles::1a314788-96d3-450d-ae6f-8cbcdd560327::404 - NaNms - Response: {"status":404}::{"message":"Not Found"}
2024-08-23 14:12:00::error::/v1/api/helpTopic/readHelpTopics::64ce1b26-009a-48a1-920f-b51ebf9565ba::404 - NaNms - Response: {"status":404}::{"message":"Not Found"}
2024-08-23 14:12:00::error::/v1/api/helpArticle/readHelpArticles::00457b43-8701-437f-9ff7-aaf7cba8d7e4::404 - NaNms - Response: {"status":404}::{"message":"Not Found"}
2024-08-23 14:12:00::error::/v1/api/helpTopic/readHelpTopics::27c91bdf-4b76-4741-ba35-b1dee6385322::404 - NaNms - Response: {"status":404}::{"message":"Not Found"}
2024-08-23 14:12:00::error::/v1/api/helpArticle/readHelpArticles::0e251498-e669-42ce-a4dd-d21e53ca32e9::404 - NaNms - Response: {"status":404}::{"message":"Not Found"}
2024-08-23 14:12:11::error::/v1/api/helpTopic/readHelpTopics::1853edb4-d0f7-48f4-b6f2-d7e2867a66bd::404 - NaNms - Response: {"status":404}::{"message":"Not Found"}
2024-08-23 14:12:11::error::/v1/api/helpArticle/readHelpArticles::118efb70-a118-4659-857c-1f902420e025::404 - NaNms - Response: {"status":404}::{"message":"Not Found"}
2024-08-23 14:12:36::error::/v1/api/helpTopic/readHelpTopics::fb4aaf56-3175-47cc-8d8f-207da049b666::404 - NaNms - Response: {"status":404}::{"message":"Not Found"}
2024-08-23 14:12:36::error::/v1/api/helpArticle/readHelpArticles::a73cafd4-249b-4b6b-a385-d50d4bab60e5::404 - NaNms - Response: {"status":404}::{"message":"Not Found"}
2024-08-23 14:12:37::error::/v1/api/helpTopic/readHelpTopics::5fb5556d-44c9-4931-8f86-70da10b48fb1::404 - NaNms - Response: {"status":404}::{"message":"Not Found"}
2024-08-23 14:12:37::error::/v1/api/helpArticle/readHelpArticles::24e81c56-71b9-455f-958c-8d835df3b348::404 - NaNms - Response: {"status":404}::{"message":"Not Found"}
2024-08-23 14:12:41::error::/v1/api/helpTopic/readHelpTopics::f0fc0b69-15a4-451e-bd29-95cd5db87052::404 - NaNms - Response: {"status":404}::{"message":"Not Found"}
2024-08-23 14:12:41::error::/v1/api/helpArticle/readHelpArticles::832c6d1d-1593-4e0c-b9c5-f20ab5e87438::404 - NaNms - Response: {"status":404}::{"message":"Not Found"}
2024-08-23 14:12:41::error::/v1/api/helpTopic/readHelpTopics::d818e3b7-85d1-4322-81c1-d2cee7108660::404 - NaNms - Response: {"status":404}::{"message":"Not Found"}
2024-08-23 14:12:41::error::/v1/api/helpArticle/readHelpArticles::4eb6836d-960c-4912-8288-92ae472a126b::404 - NaNms - Response: {"status":404}::{"message":"Not Found"}
2024-08-23 14:12:48::error::/v1/api/helpTopic/readHelpTopics::23291cd8-9070-4e83-98c6-2f3fa8e3791a::404 - NaNms - Response: {"status":404}::{"message":"Not Found"}
2024-08-23 14:12:48::error::/v1/api/helpArticle/readHelpArticles::1f595aaf-c091-4cb3-9d76-edaa18f4122a::404 - NaNms - Response: {"status":404}::{"message":"Not Found"}
2024-08-23 14:12:48::error::/v1/api/helpTopic/readHelpTopics::d2038d56-bfa6-4a03-8654-25466e28e22a::404 - NaNms - Response: {"status":404}::{"message":"Not Found"}
2024-08-23 14:12:48::error::/v1/api/helpArticle/readHelpArticles::13fabdcb-6c95-4b97-994c-55ccf9f3d13e::404 - NaNms - Response: {"status":404}::{"message":"Not Found"}
2024-08-23 14:12:49::error::/v1/api/helpTopic/readHelpTopics::a8c451e8-25ed-4284-8a99-46a948730385::404 - NaNms - Response: {"status":404}::{"message":"Not Found"}
2024-08-23 14:12:49::error::/v1/api/helpArticle/readHelpArticles::5720aed6-1104-4c7d-91dd-61e4c4bebd7e::404 - NaNms - Response: {"status":404}::{"message":"Not Found"}
2024-08-23 14:12:50::error::/v1/api/helpTopic/readHelpTopics::ed24c25e-45ae-4e4f-903f-a1dfb1e1b623::404 - NaNms - Response: {"status":404}::{"message":"Not Found"}
2024-08-23 14:12:50::error::/v1/api/helpArticle/readHelpArticles::0e8f5092-936a-4771-831c-8ac9b5fe72a3::404 - NaNms - Response: {"status":404}::{"message":"Not Found"}
2024-08-23 14:12:50::error::/v1/api/helpTopic/readHelpTopics::35585e91-52ce-47cd-a5e7-cc44aafd90b2::404 - NaNms - Response: {"status":404}::{"message":"Not Found"}
2024-08-23 14:12:50::error::/v1/api/helpArticle/readHelpArticles::365f21c4-ea5b-4fb4-a479-3e37ef33fb6c::404 - NaNms - Response: {"status":404}::{"message":"Not Found"}
2024-08-23 14:13:00::error::/v1/api/helpTopic/readHelpTopics::386a2a20-c4b8-4f5b-9061-82dc3a994274::404 - NaNms - Response: {"status":404}::{"message":"Not Found"}
2024-08-23 14:13:00::error::/v1/api/helpArticle/readHelpArticles::fc4edc40-4162-49ce-a796-b628045172f9::404 - NaNms - Response: {"status":404}::{"message":"Not Found"}
2024-08-23 14:13:01::error::/v1/api/helpTopic/readHelpTopics::e8070936-77d8-41d4-9ec7-7c6edaa29803::404 - NaNms - Response: {"status":404}::{"message":"Not Found"}
2024-08-23 14:13:01::error::/v1/api/helpArticle/readHelpArticles::d18effee-e223-478b-8ad4-eb52991a5e75::404 - NaNms - Response: {"status":404}::{"message":"Not Found"}
2024-08-23 14:13:35::error::/v1/api/helpTopic/readHelpTopics::eab368c1-4356-4e87-9fbc-a4049f8de62f::404 - NaNms - Response: {"status":404}::{"message":"Not Found"}
2024-08-23 14:13:35::error::/v1/api/helpArticle/readHelpArticles::a166f59e-9488-4aff-8a68-73cbb9f7b8b4::404 - NaNms - Response: {"status":404}::{"message":"Not Found"}
2024-08-23 14:14:58::error::/v1/api/helpTopic/readHelpTopics::ab087927-184f-4c8b-a6ee-2326d89f09eb::404 - NaNms - Response: {"status":404}::{"message":"Not Found"}
2024-08-23 14:14:58::error::/v1/api/helpArticle/readHelpArticles::1111309d-d8e8-4dae-88b0-bf40cd10c604::404 - NaNms - Response: {"status":404}::{"message":"Not Found"}
2024-08-23 14:17:30::error::/v1/api/helpTopic/readHelpTopics::f816c284-2ee3-487c-bf65-fb8352277fe8::404 - NaNms - Response: {"status":404}::{"message":"Not Found"}
2024-08-23 14:17:30::error::/v1/api/helpArticle/readHelpArticles::e284d41f-9c89-460d-8408-7540026d0b77::404 - NaNms - Response: {"status":404}::{"message":"Not Found"}
2024-08-23 14:17:31::error::/v1/api/helpTopic/readHelpTopics::8a516ec9-52af-4b08-ad83-22cab0991c73::404 - NaNms - Response: {"status":404}::{"message":"Not Found"}
2024-08-23 14:17:31::error::/v1/api/helpArticle/readHelpArticles::e9aadcc3-ba88-4dd1-a6b3-0b3c3871a8de::404 - NaNms - Response: {"status":404}::{"message":"Not Found"}
2024-08-23 14:17:44::error::/v1/api/helpTopic/readHelpTopics::d2d0dd7e-6e20-441e-9cb6-a29dd94f7d20::404 - NaNms - Response: {"status":404}::{"message":"Not Found"}
2024-08-23 14:17:44::error::/v1/api/helpArticle/readHelpArticles::959979cd-42c0-417d-b503-496b8f700ac2::404 - NaNms - Response: {"status":404}::{"message":"Not Found"}
2024-08-23 14:27:49::error::/v1/api/helpTopic/readHelpTopics::bf7b675f-2cf0-4f77-9ef0-91c7b5120709::404 - NaNms - Response: {"status":404}::{"message":"Not Found"}
2024-08-23 14:27:49::error::/v1/api/helpArticle/readHelpArticles::68938794-d25b-4f7c-a581-d461435073be::404 - NaNms - Response: {"status":404}::{"message":"Not Found"}
2024-08-23 14:28:07::error::/v1/api/helpTopic/readHelpTopics::279a339e-c8f2-43ed-882d-c1d97cda5b12::404 - NaNms - Response: {"status":404}::{"message":"Not Found"}
2024-08-23 14:28:07::error::/v1/api/helpArticle/readHelpArticles::bbc1453f-7cd3-422f-a1ba-b03b8f4f112d::404 - NaNms - Response: {"status":404}::{"message":"Not Found"}
2024-08-23 14:28:09::error::/v1/api/helpTopic/readHelpTopics::4ace6efc-ac49-4530-969a-14347d16bd27::404 - NaNms - Response: {"status":404}::{"message":"Not Found"}
2024-08-23 14:28:09::error::/v1/api/helpArticle/readHelpArticles::a9838f99-9ce0-4604-bec2-fd71c95e82af::404 - NaNms - Response: {"status":404}::{"message":"Not Found"}
2024-08-23 14:28:15::error::/v1/api/helpTopic/readHelpTopics::a69e52e1-f680-4bfd-907c-aa5208a8d401::404 - NaNms - Response: {"status":404}::{"message":"Not Found"}
2024-08-23 14:28:15::error::/v1/api/helpArticle/readHelpArticles::76b0895a-02bf-4dfb-bae7-edef2d9ecb05::404 - NaNms - Response: {"status":404}::{"message":"Not Found"}
2024-08-23 14:30:43::error::/v1/api/helpTopic/readHelpTopics::01efda71-599d-424f-a9fc-b25cb7829ae8::404 - NaNms - Response: {"status":404}::{"message":"Not Found"}
2024-08-23 14:30:43::error::/v1/api/helpArticle/readHelpArticles::7f5d7f13-a0ce-4b8d-bfc1-b849e92cc570::404 - NaNms - Response: {"status":404}::{"message":"Not Found"}
2024-08-23 14:31:21::error::/v1/api/helpTopic/readHelpTopics::4b1fbc97-7a61-4c72-9e4b-dd0ed858c758::404 - NaNms - Response: {"status":404}::{"message":"Not Found"}
2024-08-23 14:31:21::error::/v1/api/helpArticle/readHelpArticles::92419096-41f9-4411-b264-57dfc8bad6c7::404 - NaNms - Response: {"status":404}::{"message":"Not Found"}
2024-08-23 14:31:38::error::/v1/api/helpTopic/readHelpTopics::49342847-5937-49c1-bb5d-08b033ceb353::404 - NaNms - Response: {"status":404}::{"message":"Not Found"}
2024-08-23 14:31:38::error::/v1/api/helpArticle/readHelpArticles::79175b9f-cf40-4fb1-898e-f86315cfc3cf::404 - NaNms - Response: {"status":404}::{"message":"Not Found"}
2024-08-23 14:31:41::error::/v1/api/helpTopic/readHelpTopics::c6fa3d65-d269-484c-a383-b641b99d9375::404 - NaNms - Response: {"status":404}::{"message":"Not Found"}
2024-08-23 14:31:41::error::/v1/api/helpArticle/readHelpArticles::be47849b-77b9-4ecd-a104-1e4278452cfd::404 - NaNms - Response: {"status":404}::{"message":"Not Found"}
2024-08-23 14:31:42::error::/v1/api/helpTopic/createHelpTopic::4634a376-160e-49e4-a296-369648667c4a::404 - NaNms - Response: {"status":404}::{"message":"Not Found"}
2024-08-23 14:32:31::error::/v1/api/helpTopic/readHelpTopics::2e7854d6-0001-4f75-89c0-af53d85c3eac::404 - NaNms - Response: {"status":404}::{"message":"Not Found"}
2024-08-23 14:32:31::error::/v1/api/helpArticle/readHelpArticles::46eaa3b1-e6c3-42c8-8a48-d3a21e3316ab::404 - NaNms - Response: {"status":404}::{"message":"Not Found"}
2024-08-23 14:32:40::error::/v1/api/helpTopic/readHelpTopics::d928fcb9-617e-4925-b861-8531eae518e1::404 - NaNms - Response: {"status":404}::{"message":"Not Found"}
2024-08-23 14:32:40::error::/v1/api/helpArticle/readHelpArticles::e5cd5293-f04d-4f0e-a135-a61cbeb10877::404 - NaNms - Response: {"status":404}::{"message":"Not Found"}
2024-08-23 14:32:42::error::/v1/api/helpTopic/createHelpTopic::37ccce7c-5e92-4d6d-8913-b88dadb7b026::404 - NaNms - Response: {"status":404}::{"message":"Not Found"}
2024-08-23 14:33:42::error::/v1/api/helpTopic/readHelpTopics::faa7f60e-23e9-4d6f-bad4-08b4dd250f0e::404 - NaNms - Response: {"status":404}::{"message":"Not Found"}
2024-08-23 14:33:42::error::/v1/api/helpArticle/readHelpArticles::4f191297-0155-47a4-a261-11f931c2d509::404 - NaNms - Response: {"status":404}::{"message":"Not Found"}
2024-08-23 14:33:55::error::/v1/api/helpTopic/readHelpTopics::d5140524-f3b4-48d5-9100-dd2c620cd0fb::404 - NaNms - Response: {"status":404}::{"message":"Not Found"}
2024-08-23 14:33:55::error::/v1/api/helpArticle/readHelpArticles::0ddb3b77-5cee-490c-94c9-4b248be482a3::404 - NaNms - Response: {"status":404}::{"message":"Not Found"}
2024-08-23 14:34:05::error::/v1/api/helpTopic/readHelpTopics::8ab78950-7474-4f57-9454-c8e7d3406aba::404 - NaNms - Response: {"status":404}::{"message":"Not Found"}
2024-08-23 14:34:05::error::/v1/api/helpArticle/readHelpArticles::1b4de048-1776-48fa-8481-45e735d9fd3c::404 - NaNms - Response: {"status":404}::{"message":"Not Found"}
2024-08-23 14:34:08::error::/v1/api/helpTopic/readHelpTopics::68ae8396-64e7-4433-8d77-c597e8227874::404 - NaNms - Response: {"status":404}::{"message":"Not Found"}
2024-08-23 14:34:11::error::/v1/api/helpTopic/readHelpTopics::cdfe20ed-4529-43ce-8faf-a212a4f56cef::404 - NaNms - Response: {"status":404}::{"message":"Not Found"}
2024-08-23 14:34:23::error::/v1/api/help/createHelpTopic::dbfcb48d-3948-42d9-b9b3-01cfc64ef2d2::undefined - NaNms - Response: {"errors":{"title":{"name":"ValidatorError","message":"Path `title` is required.","properties":{"message":"Path `title` is required.","type":"required","path":"title"},"kind":"required","path":"title"}},"_message":"HelpTopic validation failed","name":"ValidationError","message":"HelpTopic validation failed: title: Path `title` is required."}::{"message":"HelpTopic validation failed: title: Path `title` is required."}
2024-08-23 15:00:43::error::/v1/api/helpArticle/createHelpArticle::67c9f013-edcb-4fee-838c-ead42d4307ad::404 - NaNms - Response: {"status":404}::{"message":"Not Found"}
2024-08-23 15:01:17::error::/v1/api/help/createHelpArticle::5dedc3de-a0b4-4a7b-873b-db87a1f7855d::403 - 0ms - Response: {"status":403,"now":1724400077810}::{"message":"Help topic not found"}
2024-08-23 15:02:47::error::/v1/api/help/createHelpArticle::dbc19ca5-70ac-40c0-9ca0-577ec273376e::403 - 1ms - Response: {"status":403,"now":1724400167770}::{"message":"Help topic not found"}
2024-08-23 15:17:33::error::/v1/api/help/deleteHelpTopic/[object%20Object]::fe1261c7-9a62-49eb-9510-e4f48f701e44::undefined - NaNms - Response: {"stringValue":"\"[object Object]\"","valueType":"string","kind":"ObjectId","value":"[object Object]","path":"_id","reason":{},"name":"CastError","message":"Cast to ObjectId failed for value \"[object Object]\" (type string) at path \"_id\" for model \"HelpTopic\""}::{"message":"Cast to ObjectId failed for value \"[object Object]\" (type string) at path \"_id\" for model \"HelpTopic\""}
2024-08-23 15:35:33::error::/v1/api/news/deleteNews/66c84249feef194e612c9c95::2a4889c5-722a-4139-b5aa-6061982a4d4e::404 - 1ms - Response: {"status":404,"now":1724402133584}::{"message":"News not found"}
2024-08-23 15:37:07::error::/v1/api/news/deleteNews/66c84249feef194e612c9c95::7026da70-0ed8-4856-83d2-d38c6d51615e::404 - 1ms - Response: {"status":404,"now":1724402227122}::{"message":"News not found"}
2024-08-23 20:07:06::error::/v1/api/news/updateNews/66a8f46e143aa910a3d771f9::c725bc45-5ca2-49b5-ac47-8a5f67aeb304::403 - 0ms - Response: {"status":403,"now":1724418426216}::{"message":"Error updating news"}
2024-08-23 20:07:17::error::/v1/api/news/updateNews/66a8f46e143aa910a3d771f9::9eaf89bb-3712-43ee-823a-ee4410eadb28::403 - 1ms - Response: {"status":403,"now":1724418437392}::{"message":"Error updating news"}
2024-08-23 20:12:08::error::/v1/api/news/updateNews/66a8d42a143aa910a3d75287::cfb3da6d-77b7-4afe-8bf7-7a4ec052b91a::403 - 0ms - Response: {"status":403,"now":1724418728313}::{"message":"Error updating news"}
2024-08-23 20:12:53::error::/v1/api/news/updateNews/66a8d42a143aa910a3d75287::93e3a926-6832-4872-a981-38fabd299d3f::403 - 0ms - Response: {"status":403,"now":1724418773256}::{"message":"Error updating news"}
