2024-08-26 11:04:04::info::/v1/api/auth/users/signUp::dcba5800-1cc6-40fe-8cc2-0ca663de3230::input-params ::POST::::{"fullName":"Huy Nguyen","email":"abzdq12z@gmail.com","password":"123456789","referralCode":"f20f8d49"}
2024-08-26 11:04:12::info::/v1/api/auth/users/signUp::0049f136-9f31-4e80-a13f-dc53d8c92ed7::input-params ::POST::::{"fullName":"Huy Nguyen","email":"abzdq12z@gmail.com","password":"123456789","referralCode":"2bfc3f17"}
2024-08-26 11:08:10::info::/v1/api/auth/users/verifyOtp::065674a9-7ea8-4189-880d-f9217712ffe9::input-params ::POST::::{"email":"abzdq12z@gmail.com","otp":"815335"}
2024-08-26 11:14:38::info::/v1/api/auth/users/signUp::1b2c36a1-19ab-41ce-b4b4-d09a25c4348c::input-params ::POST::::{"fullName":"Huy Nguyen","email":"abzdq12z@gmail.com","password":"123456789","referralCode":"5a3acf0c"}
2024-08-26 11:15:06::info::/v1/api/auth/users/verifyOtp::ee317c55-904a-4d4a-bfdb-615e6d1538b5::input-params ::POST::::{"email":"abzdq12z@gmail.com","otp":"143556"}
2024-08-26 11:18:52::info::/v1/api/auth/users/login::e850848a-554c-4626-8a37-5d8dfc531e36::input-params ::POST::::{"email":"phapluudev2k5@gmail.com","password":"PhapNhat987AZ@!"}
2024-08-26 11:20:42::info::/v1/api/auth/users/signUp::4d97720c-a7ea-4671-a910-dfaa97089aed::input-params ::POST::::{"fullName":"Huy Nguyen","email":"abzdq12@gmail.com","password":"123456789","referralCode":"5a3acf0c"}
2024-08-26 11:21:13::info::/v1/api/auth/users/verifyOtp::95b22bc6-a9e9-4855-8b0c-ea3b0c27d542::input-params ::POST::::{"email":"abzdq12@gmail.com","otp":"235471"}
2024-08-26 11:22:59::info::/v1/api/auth/users/signUp::e288497e-9d5b-45a6-a692-6d33e794cfa2::input-params ::POST::::{"fullName":"Huy Nguyen","email":"abzdq12za@gmail.com","password":"123456789","referralCode":"5a3acf0c"}
2024-08-26 11:23:29::info::/v1/api/auth/users/verifyOtp::b0744ddb-158a-4216-ad82-036cd62278de::input-params ::POST::::{"email":"abzdq12za@gmail.com","otp":"659678"}
2024-08-26 11:24:18::info::/v1/api/auth/users/login::e6a786fa-6d9f-4ec1-b051-22bb527e458f::input-params ::POST::::{"email":"phapluudev2k5@gmail.com","password":"PhapNhat987AZ@!"}
2024-08-26 11:25:24::info::/v1/api/badge/createBadge::28ff743b-29b9-4646-9770-7917a73a1069::input-params ::POST::::{}
2024-08-26 11:25:24::error::/v1/api/badge/createBadge::28ff743b-29b9-4646-9770-7917a73a1069::403 - 1ms - Response: {"status":403,"now":1724646324267}::{"message":"Please provide a thumbnail!"}
2024-08-26 11:25:34::info::/v1/api/badge/createBadge::e4feca7c-df7f-40d5-9e54-9839d2ac3092::input-params ::POST::::{}
2024-08-26 11:25:50::info::/v1/api/auth/users/signUp::033c4a63-a3c4-4b2a-9eec-07e05430e7b7::input-params ::POST::::{"fullName":"Huy Nguyen","email":"abzdq12zaaz@gmail.com","password":"123456789","referralCode":"5a3acf0c"}
2024-08-26 11:26:22::info::/v1/api/auth/users/verifyOtp::2230ec1b-770f-4826-8e36-cca1c289f5fd::input-params ::POST::::{"email":"abzdq12zaaz@gmail.com","otp":"880592"}
2024-08-26 11:32:41::info::/v1/api/badge/createBadge::2f7ef042-a11b-45f7-87c8-6b98b109e1e0::input-params ::POST::::{}
2024-08-26 11:32:46::info::/v1/api/auth/users/login::04b90c8f-93d6-4ed3-a148-1ebe940594d6::input-params ::POST::::{"email":"phapluudev2k5@gmail.com","password":"PhapNhat987AZ@!"}
2024-08-26 11:32:49::info::/v1/api/badge/createBadge::401555ce-f3b5-403d-a318-05dba68477ca::input-params ::POST::::{}
2024-08-26 11:34:25::info::/v1/api/auth/users/signUp::885d5e04-6002-4c79-a4e6-3db581a051e6::input-params ::POST::::{"fullName":"Huy Nguyen","email":"abzdq12zaazb@gmail.com","password":"123456789","referralCode":"5a3acf0c"}
2024-08-26 11:34:59::info::/v1/api/auth/users/verifyOtp::ef64c84c-078b-41ea-b734-8be143502c27::input-params ::POST::::{"email":"abzdq12zaazb@gmail.com","otp":"343156"}
