2024-07-11 14:49:49::error::/v1/api/movement/readMovements::e86d98ea-8102-464b-bb89-136cd12bff37::undefined - NaNms - Response: {}::{"message":"Operation `Movements.aggregate()` buffering timed out after 10000ms"}
2024-07-11 14:50:18::error::/v1/api/movement/readMovements::dcf0b7e7-7a28-4599-bd92-596857fee238::undefined - NaNms - Response: {}::{"message":"Operation `Movements.aggregate()` buffering timed out after 10000ms"}
2024-07-11 14:50:40::error::/v1/api/movement/readMovements::dc891bde-b7a4-42bb-b6e4-23b27628283d::undefined - NaNms - Response: {}::{"message":"Operation `Movements.aggregate()` buffering timed out after 10000ms"}
2024-07-11 14:51:06::error::/v1/api/movement/readMovements::d75b81e6-9f2c-4093-b798-e89c61cf8b7d::undefined - NaNms - Response: {}::{"message":"Operation `Movements.aggregate()` buffering timed out after 10000ms"}
2024-07-11 14:51:20::error::/v1/api/movement/readMovements::e0fe1ab0-1e5b-4133-8a11-b2732b6aa9d7::undefined - NaNms - Response: {}::{"message":"Operation `Movements.aggregate()` buffering timed out after 10000ms"}
2024-07-11 14:51:33::error::/v1/api/movement/readMovements::1ff0f541-8aff-4dac-9ebc-026998d41c88::undefined - NaNms - Response: {}::{"message":"Operation `Movements.aggregate()` buffering timed out after 10000ms"}
2024-07-11 14:51:49::error::/v1/api/movement/readMovements::daa5144a-7948-4521-916e-7179b758c99c::undefined - NaNms - Response: {}::{"message":"Operation `Movements.aggregate()` buffering timed out after 10000ms"}
2024-07-11 14:55:34::error::/v1/api/movement/readMovements::c6faeac8-84cf-432c-ab5a-aae112736e39::undefined - NaNms - Response: {}::{"message":"Operation `Movements.aggregate()` buffering timed out after 10000ms"}
2024-07-11 14:56:01::error::/v1/api/movement/readMovements::4fb9def5-648c-4368-84ef-0d4b745260ec::undefined - NaNms - Response: {}::{"message":"Operation `Movements.aggregate()` buffering timed out after 10000ms"}
2024-07-11 14:58:04::error::/v1/api/movement/readMovements::6dca8dc8-99f1-412b-96aa-fe508b30344b::undefined - NaNms - Response: {}::{"message":"Operation `Movements.aggregate()` buffering timed out after 10000ms"}
2024-07-11 14:58:42::error::/v1/api/movement/readMovements::72d1485d-8ee4-42e0-b9fe-a56fa70cbf52::undefined - NaNms - Response: {}::{"message":"Operation `Movements.aggregate()` buffering timed out after 10000ms"}
2024-07-11 14:59:22::error::/v1/api/movement/readMovements::6caebd82-b1c2-442d-a1e6-226609e6534e::undefined - NaNms - Response: {}::{"message":"Operation `Movements.aggregate()` buffering timed out after 10000ms"}
2024-07-11 14:59:57::error::/v1/api/movement/readMovements::bbb3b8f2-0c9c-4bd6-8530-2442419d713e::undefined - NaNms - Response: {}::{"message":"Operation `Movements.aggregate()` buffering timed out after 10000ms"}
2024-07-11 15:00:27::error::/v1/api/movement/readMovements::8eeb67d0-0746-4b83-b012-70c1cb5b7bb9::undefined - NaNms - Response: {}::{"message":"Operation `Movements.aggregate()` buffering timed out after 10000ms"}
2024-07-11 15:00:59::error::/v1/api/movement/readMovements::68e8e3ac-2457-4be7-a1ed-55c15a400dd8::undefined - NaNms - Response: {}::{"message":"Operation `Movements.aggregate()` buffering timed out after 10000ms"}
2024-07-11 15:01:28::error::/v1/api/movement/readMovements::d8be4c3f-6927-4c7a-b5e3-ca65e3db87c8::undefined - NaNms - Response: {}::{"message":"Operation `Movements.aggregate()` buffering timed out after 10000ms"}
2024-07-11 15:01:33::error::/v1/api/user/readUserProfile/665edd23fa87b27398b73d10::8db58024-4c83-4fe7-bbaa-5a4f53ddb289::undefined - NaNms - Response: {}::{"message":"Operation `Users.findOne()` buffering timed out after 10000ms"}
2024-07-11 15:01:45::error::/v1/api/movement/readMovements::e1a36278-a363-410f-b7e9-10ffa895b5b8::undefined - NaNms - Response: {}::{"message":"Operation `Movements.aggregate()` buffering timed out after 10000ms"}
2024-07-11 15:01:45::error::/v1/api/user/readUserProfile/665edd23fa87b27398b73d10::6855b1e1-3d2d-438c-a170-95be20871d96::undefined - NaNms - Response: {}::{"message":"Operation `Users.findOne()` buffering timed out after 10000ms"}
2024-07-11 15:01:48::error::/v1/api/user/me::49cdac7c-9914-48e5-9694-1fc9684edac0::undefined - NaNms - Response: {}::{"message":"Operation `Users.findOne()` buffering timed out after 10000ms"}
2024-07-11 15:01:53::error::/v1/api/order/readArchivedOrderHistory::708d5cc5-d4f5-4701-9a85-6269f19e87d7::404 - NaNms - Response: {"status":404}::{"message":"Not Found"}
2024-07-11 15:01:59::error::/v1/api/order/readArchivedOrderHistory::23be7a92-43fa-4048-bd7e-7bc870aa934e::404 - NaNms - Response: {"status":404}::{"message":"Not Found"}
2024-07-11 15:28:18::error::/v1/api/order/readArchivedOrderHistory::e4f8e433-11a2-4ca8-a9a2-cda73a390cbb::404 - NaNms - Response: {"status":404}::{"message":"Not Found"}
2024-07-11 15:28:21::error::/v1/api/order/readArchivedOrderHistory::a3c31917-aa82-43be-8d8e-0fdcff347d0c::404 - NaNms - Response: {"status":404}::{"message":"Not Found"}
2024-07-11 15:28:45::error::/v1/api/order/readArchivedOrderHistory::651a2099-13a3-4b0a-9957-0906740c074a::404 - NaNms - Response: {"status":404}::{"message":"Not Found"}
2024-07-11 15:29:00::error::/v1/api/order/readArchivedOrderHistory::a4e4cf01-9dca-48e2-81a1-9e03f95059fc::404 - NaNms - Response: {"status":404}::{"message":"Not Found"}
2024-07-11 15:29:28::error::/v1/api/order/readArchivedOrderHistory::8f4f6fc0-edb2-42e9-bc67-0669a6e81dba::404 - NaNms - Response: {"status":404}::{"message":"Not Found"}
2024-07-11 15:29:44::error::/v1/api/order/readArchivedOrderHistory::847f74c8-6676-4cac-96f7-09b158f172f2::404 - NaNms - Response: {"status":404}::{"message":"Not Found"}
2024-07-11 15:29:53::error::/v1/api/order/readArchivedOrderHistory::9a90089a-ad3c-4246-9d4f-fb232a093685::404 - NaNms - Response: {"status":404}::{"message":"Not Found"}
2024-07-11 15:30:16::error::/v1/api/order/readArchivedOrderHistory::534c0f4f-bf21-4126-9f34-3d3402bde31e::404 - NaNms - Response: {"status":404}::{"message":"Not Found"}
2024-07-11 15:30:33::error::/v1/api/order/readArchivedOrderHistory::a4487d07-203a-440a-a383-3758e3745886::404 - NaNms - Response: {"status":404}::{"message":"Not Found"}
2024-07-11 15:31:25::error::/v1/api/order/readArchivedOrderHistory::0f8548a6-b697-4b9d-850f-45c38cb504b6::404 - NaNms - Response: {"status":404}::{"message":"Not Found"}
2024-07-11 15:31:34::error::/v1/api/order/readArchivedOrderHistory::b748b52b-76e8-477c-a166-e1eca3c5b4dd::404 - NaNms - Response: {"status":404}::{"message":"Not Found"}
2024-07-11 15:31:57::error::/v1/api/order/readArchivedOrderHistory::f86bec67-7999-4638-b9cd-66462a336960::404 - NaNms - Response: {"status":404}::{"message":"Not Found"}
2024-07-11 15:32:03::error::/v1/api/order/readArchivedOrderHistory::fc134a37-2dd5-4640-a09d-b957f5e79dc5::404 - NaNms - Response: {"status":404}::{"message":"Not Found"}
2024-07-11 15:36:30::error::/v1/api/order/readArchivedOrderHistory::fd993bc0-a58f-4056-b84c-9e179d4af708::404 - NaNms - Response: {"status":404}::{"message":"Not Found"}
2024-07-11 15:36:42::error::/v1/api/order/readArchivedOrderHistory::a939ab67-c463-4a98-ab3e-6e0a3c25d81b::404 - NaNms - Response: {"status":404}::{"message":"Not Found"}
2024-07-11 15:36:46::error::/v1/api/order/readArchivedOrderHistory::8daf5f22-c963-41c2-8ef1-70f81f052c8e::404 - NaNms - Response: {"status":404}::{"message":"Not Found"}
2024-07-11 15:37:02::error::/v1/api/order/readArchivedOrderHistory::ffcee496-4c6a-4166-b408-b69ae330380d::404 - NaNms - Response: {"status":404}::{"message":"Not Found"}
2024-07-11 15:37:14::error::/v1/api/order/readArchivedOrderHistory::bdb32869-74ce-4b6c-a5df-6aa694179663::404 - NaNms - Response: {"status":404}::{"message":"Not Found"}
2024-07-11 15:39:36::error::/v1/api/order/readArchivedOrderHistory::bf430259-9798-480d-acad-a2af502bea2a::404 - NaNms - Response: {"status":404}::{"message":"Not Found"}
2024-07-11 15:39:52::error::/v1/api/order/readArchivedOrderHistory::5bb2f132-0676-4cbc-a69d-022a4388d70e::404 - NaNms - Response: {"status":404}::{"message":"Not Found"}
2024-07-11 15:39:56::error::/v1/api/order/readArchivedOrderHistory::bd069bf4-4d56-468d-9dbc-a442cd2efb68::404 - NaNms - Response: {"status":404}::{"message":"Not Found"}
2024-07-11 15:40:32::error::/v1/api/order/readArchivedOrderHistory::3debc602-2180-4047-8893-72aed0fd1265::404 - NaNms - Response: {"status":404}::{"message":"Not Found"}
2024-07-11 15:41:59::error::/v1/api/order/readArchivedOrderHistory::bebebcb0-b728-4329-874d-e33ab45619f2::404 - NaNms - Response: {"status":404}::{"message":"Not Found"}
2024-07-11 15:42:15::error::/v1/api/order/readArchivedOrderHistory::15fc9d7c-0359-4404-a155-41232a44b472::404 - NaNms - Response: {"status":404}::{"message":"Not Found"}
2024-07-11 15:42:47::error::/v1/api/order/readArchivedOrderHistory::a4d53410-71d5-4a4c-ab15-aa529cbdcfe1::404 - NaNms - Response: {"status":404}::{"message":"Not Found"}
2024-07-11 15:42:51::error::/v1/api/order/readArchivedOrderHistory::72c7cfb0-210e-4665-91f9-f954c21dfc41::404 - NaNms - Response: {"status":404}::{"message":"Not Found"}
2024-07-11 15:43:08::error::/v1/api/order/readArchivedOrderHistory::92ed05b2-8750-46e1-90a4-d5c70adf97a9::404 - NaNms - Response: {"status":404}::{"message":"Not Found"}
2024-07-11 15:43:18::error::/v1/api/order/readArchivedOrderHistory::fab84c16-0ad8-4632-ad45-d4e764e30b6f::404 - NaNms - Response: {"status":404}::{"message":"Not Found"}
2024-07-11 15:43:49::error::/v1/api/order/readArchivedOrderHistory::7e02f036-b0f6-4899-b203-d5326bab1c82::404 - NaNms - Response: {"status":404}::{"message":"Not Found"}
2024-07-11 15:43:50::error::/v1/api/order/readArchivedOrderHistory::f9fb256d-3dc7-413d-b258-ce963123cec7::404 - NaNms - Response: {"status":404}::{"message":"Not Found"}
2024-07-11 15:43:57::error::/v1/api/order/readArchivedOrderHistory::87f9d5ec-4a2f-4265-9fbc-30c52dd3a112::404 - NaNms - Response: {"status":404}::{"message":"Not Found"}
2024-07-11 15:44:34::error::/v1/api/order/readArchivedOrderHistory::4ab8fd72-5c31-4cb3-a940-3b4f4d86973b::404 - NaNms - Response: {"status":404}::{"message":"Not Found"}
2024-07-11 15:47:15::error::/v1/api/order/readArchivedOrderHistory::68cca77d-a045-4ba1-bebf-c56ab16cc3e1::404 - NaNms - Response: {"status":404}::{"message":"Not Found"}
2024-07-11 15:47:32::error::/v1/api/order/readArchivedOrderHistory::144a15a4-0359-49fb-805d-8b0ca63f2335::404 - NaNms - Response: {"status":404}::{"message":"Not Found"}
2024-07-11 15:49:47::error::/v1/api/order/readArchivedOrderHistory::8b526df5-d966-4f3e-adc4-6d7c33b87a42::404 - NaNms - Response: {"status":404}::{"message":"Not Found"}
2024-07-11 15:50:24::error::/v1/api/order/readArchivedOrderHistory::9996cb68-0f2c-46c0-94f5-a0cd39366894::404 - NaNms - Response: {"status":404}::{"message":"Not Found"}
2024-07-11 15:52:41::error::/v1/api/order/readArchivedOrderHistory::76347049-3063-49f4-bb1f-94ebbad7d798::404 - NaNms - Response: {"status":404}::{"message":"Not Found"}
2024-07-11 15:53:06::error::/v1/api/order/readArchivedOrderHistory::a47e7531-bfa2-4e13-a8ab-03568ff97d2d::404 - NaNms - Response: {"status":404}::{"message":"Not Found"}
2024-07-11 15:53:10::error::/v1/api/order/readArchivedOrderHistory::fac0a506-b635-4a31-9ea7-8111a801b7f5::404 - NaNms - Response: {"status":404}::{"message":"Not Found"}
2024-07-11 15:53:15::error::/v1/api/order/readArchivedOrderHistory::409e1726-83f6-4d68-ada1-65d8ed54378d::404 - NaNms - Response: {"status":404}::{"message":"Not Found"}
2024-07-11 15:53:29::error::/v1/api/order/readArchivedOrderHistory::04ead310-09e5-4e88-b52a-3b92ced78b45::404 - NaNms - Response: {"status":404}::{"message":"Not Found"}
2024-07-11 15:53:33::error::/v1/api/order/readArchivedOrderHistory::4e813c45-f773-4893-9056-8d765b2fbaf3::404 - NaNms - Response: {"status":404}::{"message":"Not Found"}
2024-07-11 15:53:49::error::/v1/api/order/readArchivedOrderHistory::df7cc63d-b7d3-4485-aa74-7eebfeadfebc::404 - NaNms - Response: {"status":404}::{"message":"Not Found"}
2024-07-11 15:53:58::error::/v1/api/order/readArchivedOrderHistory::2909026e-284c-4503-bcda-8f37afced430::404 - NaNms - Response: {"status":404}::{"message":"Not Found"}
2024-07-11 15:54:01::error::/v1/api/order/readArchivedOrderHistory::3a97a436-5171-47c0-8204-3a1bd701d8f3::404 - NaNms - Response: {"status":404}::{"message":"Not Found"}
2024-07-11 15:54:53::error::/v1/api/order/readArchivedOrderHistory::f726ccee-e3f6-45a2-a101-83adc37fcefe::404 - NaNms - Response: {"status":404}::{"message":"Not Found"}
2024-07-11 15:55:02::error::/v1/api/order/readArchivedOrderHistory::0428b1a3-2eaa-4f94-b1f2-5570ace90025::404 - NaNms - Response: {"status":404}::{"message":"Not Found"}
2024-07-11 15:55:05::error::/v1/api/order/readArchivedOrderHistory::7c93e6c1-4776-44f1-9ea3-17b97d9f7cb1::404 - NaNms - Response: {"status":404}::{"message":"Not Found"}
2024-07-11 15:55:19::error::/v1/api/order/readArchivedOrderHistory::fd0ae059-be2e-464b-8c06-c2015ba2e851::404 - NaNms - Response: {"status":404}::{"message":"Not Found"}
2024-07-11 15:55:27::error::/v1/api/order/readArchivedOrderHistory::1c722470-dc6e-4065-ab23-0b88cfa1669a::404 - NaNms - Response: {"status":404}::{"message":"Not Found"}
2024-07-11 15:55:32::error::/v1/api/order/readArchivedOrderHistory::9a5a884d-7e6a-4303-b8e3-41924cb14d42::404 - NaNms - Response: {"status":404}::{"message":"Not Found"}
2024-07-11 15:55:44::error::/v1/api/order/readArchivedOrderHistory::0ca21e3e-fbb9-453d-84a4-0b24678f058a::404 - NaNms - Response: {"status":404}::{"message":"Not Found"}
2024-07-11 15:55:50::error::/v1/api/order/readArchivedOrderHistory::20a1d031-6278-47ce-9ef8-7869643933d9::404 - NaNms - Response: {"status":404}::{"message":"Not Found"}
2024-07-11 15:55:54::error::/v1/api/order/readArchivedOrderHistory::9816eb13-98f7-453d-8c70-18c12fbd9dd3::404 - NaNms - Response: {"status":404}::{"message":"Not Found"}
2024-07-11 15:56:03::error::/v1/api/order/readArchivedOrderHistory::5b80883e-0792-457f-94c4-3ffa611a3d71::404 - NaNms - Response: {"status":404}::{"message":"Not Found"}
2024-07-11 15:56:19::error::/v1/api/order/readArchivedOrderHistory::28e2a841-edba-40fc-8601-0e498085dd94::404 - NaNms - Response: {"status":404}::{"message":"Not Found"}
2024-07-11 15:56:23::error::/v1/api/order/readArchivedOrderHistory::5c566009-05e2-4bbf-a189-4001455cad89::404 - NaNms - Response: {"status":404}::{"message":"Not Found"}
2024-07-11 15:56:25::error::/v1/api/order/readArchivedOrderHistory::31e7b864-8792-445d-8f4e-0334d07fdff7::404 - NaNms - Response: {"status":404}::{"message":"Not Found"}
2024-07-11 15:56:36::error::/v1/api/order/readArchivedOrderHistory::40e29a23-c8a3-4a68-bbf7-2cbd55ea8d3e::404 - NaNms - Response: {"status":404}::{"message":"Not Found"}
2024-07-11 15:57:04::error::/v1/api/order/readArchivedOrderHistory::a3b187ce-e482-4bc6-9347-6af517625f5c::404 - NaNms - Response: {"status":404}::{"message":"Not Found"}
2024-07-11 15:57:26::error::/v1/api/order/readArchivedOrderHistory::083817a1-14ca-4df7-bcf1-935efc616b9f::404 - NaNms - Response: {"status":404}::{"message":"Not Found"}
2024-07-11 15:57:49::error::/v1/api/order/readArchivedOrderHistory::89f3d3c4-0467-4137-ad9f-59c7a3904aa9::404 - NaNms - Response: {"status":404}::{"message":"Not Found"}
2024-07-11 15:58:04::error::/v1/api/order/readArchivedOrderHistory::99e5a91d-9dfd-40bf-ae74-4cc290948444::404 - NaNms - Response: {"status":404}::{"message":"Not Found"}
2024-07-11 15:58:10::error::/v1/api/order/readArchivedOrderHistory::ec975a48-d250-4e14-9f55-1e3f6fb63e61::404 - NaNms - Response: {"status":404}::{"message":"Not Found"}
2024-07-11 15:58:13::error::/v1/api/order/readArchivedOrderHistory::5ed56475-1aa1-4b98-9113-dbf40d730cf3::404 - NaNms - Response: {"status":404}::{"message":"Not Found"}
2024-07-11 15:58:19::error::/v1/api/order/readArchivedOrderHistory::0893f027-1066-4ed4-b20a-82dfae7ab27b::404 - NaNms - Response: {"status":404}::{"message":"Not Found"}
2024-07-11 15:58:25::error::/v1/api/order/readArchivedOrderHistory::2fd4901c-58f8-4c8d-b58e-00710baf1b3c::404 - NaNms - Response: {"status":404}::{"message":"Not Found"}
2024-07-11 15:58:28::error::/v1/api/order/readArchivedOrderHistory::ffe59297-2295-47bf-aebf-2c94b0bdea81::404 - NaNms - Response: {"status":404}::{"message":"Not Found"}
2024-07-11 15:58:32::error::/v1/api/order/readArchivedOrderHistory::88f2050f-2ab2-4e61-b1a1-8b16b847dfba::404 - NaNms - Response: {"status":404}::{"message":"Not Found"}
2024-07-11 15:58:42::error::/v1/api/order/readArchivedOrderHistory::03177084-0885-4a64-9d11-57484535d8d5::404 - NaNms - Response: {"status":404}::{"message":"Not Found"}
2024-07-11 15:59:01::error::/v1/api/order/readArchivedOrderHistory::a51bc41f-3bc1-4a0c-baef-04799b896d39::404 - NaNms - Response: {"status":404}::{"message":"Not Found"}
2024-07-11 15:59:30::error::/v1/api/order/readArchivedOrderHistory::ba0d53ca-ab8f-4323-95d7-ee9b7565c0c7::404 - NaNms - Response: {"status":404}::{"message":"Not Found"}
2024-07-11 15:59:39::error::/v1/api/order/readArchivedOrderHistory::8e943221-1445-4849-8100-2b390627c17a::404 - NaNms - Response: {"status":404}::{"message":"Not Found"}
2024-07-11 16:00:03::error::/v1/api/order/readArchivedOrderHistory::aa59d017-662c-444b-a370-d88c34645919::404 - NaNms - Response: {"status":404}::{"message":"Not Found"}
2024-07-11 16:00:28::error::/v1/api/order/readArchivedOrderHistory::24b0585c-0230-49d7-b386-7bc9caad1040::404 - NaNms - Response: {"status":404}::{"message":"Not Found"}
2024-07-11 16:00:38::error::/v1/api/order/readArchivedOrderHistory::900d20c2-ba77-4180-a63c-be0e6fc6442f::404 - NaNms - Response: {"status":404}::{"message":"Not Found"}
2024-07-11 16:00:58::error::/v1/api/order/readArchivedOrderHistory::7c5bf522-8a5b-4ae8-a48a-d87c7dea2fc2::404 - NaNms - Response: {"status":404}::{"message":"Not Found"}
2024-07-11 16:01:55::error::/v1/api/order/readArchivedOrderHistory::0779aad0-3b30-4fd9-8140-88b81a55c322::404 - NaNms - Response: {"status":404}::{"message":"Not Found"}
2024-07-11 16:02:06::error::/v1/api/order/readArchivedOrderHistory::c69d9160-356d-467a-aa30-9c9b04feb569::404 - NaNms - Response: {"status":404}::{"message":"Not Found"}
2024-07-11 16:02:08::error::/v1/api/order/readArchivedOrderHistory::f9cfde99-8ad2-4cb7-9aad-53346438eae7::404 - NaNms - Response: {"status":404}::{"message":"Not Found"}
2024-07-11 16:02:13::error::/v1/api/order/readArchivedOrderHistory::87ac8815-a204-4dac-b847-351bdde8ed49::404 - NaNms - Response: {"status":404}::{"message":"Not Found"}
2024-07-11 16:02:25::error::/v1/api/order/readArchivedOrderHistory::f0832ff6-90e3-4164-83e1-e2a842832dcb::404 - NaNms - Response: {"status":404}::{"message":"Not Found"}
2024-07-11 16:02:45::error::/v1/api/order/readArchivedOrderHistory::9e8bca15-d27f-4a50-a80b-760c15cc84b1::404 - NaNms - Response: {"status":404}::{"message":"Not Found"}
2024-07-11 16:02:48::error::/v1/api/order/readArchivedOrderHistory::3733e7a2-751d-40f4-ae71-352745c4d275::404 - NaNms - Response: {"status":404}::{"message":"Not Found"}
2024-07-11 16:02:49::error::/v1/api/order/readArchivedOrderHistory::7a9898c0-66e9-4cb3-b3bd-8560ef83cd4a::404 - NaNms - Response: {"status":404}::{"message":"Not Found"}
2024-07-11 16:03:21::error::/v1/api/order/readArchivedOrderHistory::ef97d750-d4a5-4351-842a-1e7acf3b18c4::404 - NaNms - Response: {"status":404}::{"message":"Not Found"}
2024-07-11 16:05:27::error::/v1/api/order/readArchivedOrderHistory::067d4790-bfff-4059-9426-6aacd83bdd63::404 - NaNms - Response: {"status":404}::{"message":"Not Found"}
2024-07-11 16:07:36::error::/v1/api/order/readArchivedOrderHistory::f8b990ea-d1ad-419b-a3f3-a0a520fa393f::404 - NaNms - Response: {"status":404}::{"message":"Not Found"}
2024-07-11 16:07:42::error::/v1/api/order/readArchivedOrderHistory::21d82325-0ca4-43c5-812b-d637f1c385b1::404 - NaNms - Response: {"status":404}::{"message":"Not Found"}
2024-07-11 16:08:12::error::/v1/api/order/readArchivedOrderHistory::a0622244-1c81-4639-b9ce-48a7f0f814ff::404 - NaNms - Response: {"status":404}::{"message":"Not Found"}
2024-07-11 16:08:21::error::/v1/api/order/readArchivedOrderHistory::28d59673-19dd-4438-85fb-7457af122ced::404 - NaNms - Response: {"status":404}::{"message":"Not Found"}
2024-07-11 16:08:22::error::/v1/api/order/readArchivedOrderHistory::d1a66327-e77e-4967-811c-12fe514195b9::404 - NaNms - Response: {"status":404}::{"message":"Not Found"}
2024-07-11 16:08:30::error::/v1/api/order/readArchivedOrderHistory::edd18a42-0b62-4946-bef4-6a0a03668e92::404 - NaNms - Response: {"status":404}::{"message":"Not Found"}
2024-07-11 16:08:39::error::/v1/api/order/readArchivedOrderHistory::cd6aef47-c722-4776-9fef-f5fc7fa01356::404 - NaNms - Response: {"status":404}::{"message":"Not Found"}
2024-07-11 16:08:49::error::/v1/api/order/readArchivedOrderHistory::401e332f-f008-4614-99d1-820e9ffaa559::404 - NaNms - Response: {"status":404}::{"message":"Not Found"}
2024-07-11 16:08:51::error::/v1/api/order/readArchivedOrderHistory::4066dfdd-ed38-4a94-92ef-6bacfd5a6619::404 - NaNms - Response: {"status":404}::{"message":"Not Found"}
2024-07-11 16:09:15::error::/v1/api/order/readArchivedOrderHistory::6e1028f7-6b69-4438-b827-b71a3571a77f::404 - NaNms - Response: {"status":404}::{"message":"Not Found"}
2024-07-11 16:09:44::error::/v1/api/order/readArchivedOrderHistory::e833ffa4-3df7-4b27-a08d-afd668379a4a::404 - NaNms - Response: {"status":404}::{"message":"Not Found"}
2024-07-11 16:09:51::error::/v1/api/order/readArchivedOrderHistory::28f41c23-b00d-40dc-8b34-b14ecd2b5415::404 - NaNms - Response: {"status":404}::{"message":"Not Found"}
2024-07-11 16:09:56::error::/v1/api/order/readArchivedOrderHistory::36424c89-fff3-40d9-bd11-cf9807c12ffe::404 - NaNms - Response: {"status":404}::{"message":"Not Found"}
2024-07-11 16:10:26::error::/v1/api/order/readArchivedOrderHistory::2e1a4bee-eb67-4767-b618-c85fd77dc125::404 - NaNms - Response: {"status":404}::{"message":"Not Found"}
2024-07-11 16:10:32::error::/v1/api/order/readArchivedOrderHistory::3a78d1bd-5dd6-4331-9b4b-43c6b86c8812::404 - NaNms - Response: {"status":404}::{"message":"Not Found"}
2024-07-11 16:10:32::error::/v1/api/order/readArchivedOrderHistory::a69edee6-dcb8-47f2-846a-eaf833ae1408::404 - NaNms - Response: {"status":404}::{"message":"Not Found"}
2024-07-11 16:10:37::error::/v1/api/order/readArchivedOrderHistory::55e52182-8b98-414b-84eb-d992c2844b53::404 - NaNms - Response: {"status":404}::{"message":"Not Found"}
2024-07-11 16:12:23::error::/v1/api/order/readArchivedOrderHistory::3bd30cb0-77cd-4e99-afed-f0e6074b98b4::404 - NaNms - Response: {"status":404}::{"message":"Not Found"}
2024-07-11 16:12:33::error::/v1/api/order/readArchivedOrderHistory::07bac339-44c4-4777-83b2-631a31631948::404 - NaNms - Response: {"status":404}::{"message":"Not Found"}
2024-07-11 16:13:01::error::/v1/api/order/readArchivedOrderHistory::927ae922-09cf-485c-b445-d26eef67a513::404 - NaNms - Response: {"status":404}::{"message":"Not Found"}
2024-07-11 16:13:21::error::/v1/api/order/readArchivedOrderHistory::95e766a0-008c-4331-9f1b-b0a36355750f::404 - NaNms - Response: {"status":404}::{"message":"Not Found"}
2024-07-11 16:25:05::error::/v1/api/order/readArchivedOrderHistory::1ec8abb2-7b68-4842-a523-70923d081c08::404 - NaNms - Response: {"status":404}::{"message":"Not Found"}
2024-07-11 16:26:23::error::/v1/api/order/readArchivedOrderHistory::29e41c1b-d889-4c60-be46-cdf85e9d3550::404 - NaNms - Response: {"status":404}::{"message":"Not Found"}
2024-07-11 16:27:48::error::/v1/api/order/readArchivedOrderHistory::fa441f81-a7f7-4915-bea5-7c9f4e66d7e9::404 - NaNms - Response: {"status":404}::{"message":"Not Found"}
2024-07-11 16:27:49::error::/v1/api/order/readArchivedOrderHistory::6b429496-c929-4e9b-bcb5-450ac54580d5::404 - NaNms - Response: {"status":404}::{"message":"Not Found"}
2024-07-11 16:28:13::error::/v1/api/order/readArchivedOrderHistory::cfce3a81-b0eb-4fe1-979c-c1b2296d1e4d::404 - NaNms - Response: {"status":404}::{"message":"Not Found"}
2024-07-11 16:28:20::error::/v1/api/order/readArchivedOrderHistory::93e3b248-e706-417b-af30-b386a12cadb2::404 - NaNms - Response: {"status":404}::{"message":"Not Found"}
2024-07-11 16:28:34::error::/v1/api/order/readArchivedOrderHistory::58ac3807-a6de-4ed4-83f8-a0b53c3a65f5::404 - NaNms - Response: {"status":404}::{"message":"Not Found"}
2024-07-11 16:28:47::error::/v1/api/order/readArchivedOrderHistory::8a5fc125-256f-4df9-b07e-ec2519da54f2::404 - NaNms - Response: {"status":404}::{"message":"Not Found"}
2024-07-11 16:29:00::error::/v1/api/order/readArchivedOrderHistory::446dd30c-0c30-4a4a-b2cb-ab17c43eea2f::404 - NaNms - Response: {"status":404}::{"message":"Not Found"}
2024-07-11 16:29:11::error::/v1/api/order/readArchivedOrderHistory::3b46129b-4e02-4b42-a094-185c998d3565::404 - NaNms - Response: {"status":404}::{"message":"Not Found"}
2024-07-11 16:29:36::error::/v1/api/order/readArchivedOrderHistory::6c7c908e-3995-4eea-8147-7086a04cd253::404 - NaNms - Response: {"status":404}::{"message":"Not Found"}
2024-07-11 16:30:05::error::/v1/api/order/readArchivedOrderHistory::5ece7b44-1535-4f21-9140-3c24cc638ff9::404 - NaNms - Response: {"status":404}::{"message":"Not Found"}
2024-07-11 16:30:25::error::/v1/api/order/readArchivedOrderHistory::13d0492d-44d8-4554-8e2a-b6f4bc84f573::404 - NaNms - Response: {"status":404}::{"message":"Not Found"}
2024-07-11 16:30:27::error::/v1/api/order/readArchivedOrderHistory::bffda7ca-f8be-4ac8-8b28-ecd176b03e54::404 - NaNms - Response: {"status":404}::{"message":"Not Found"}
