2024-07-04 18:16:05::info::/v1/api/user/me::e459cb42-4135-4140-9a61-5a62adaf0e0b::input-params ::GET::::{}
2024-07-04 18:16:05::error::/v1/api/user/me::e459cb42-4135-4140-9a61-5a62adaf0e0b::403 - 3ms - Response: {"status":403,"now":1720091765994}::{"message":"Access token missing"}
2024-07-04 18:16:18::info::/v1/api/auth/users/login::91e5da75-19e6-4ad5-9816-36ef38b768f4::input-params ::POST::::{"email":"phapluu9ithd@gmail.com","password":"123456789"}
2024-07-04 18:16:20::info::/v1/api/user/me::79c6fa69-ec95-484d-9712-c2ccf6c49f51::input-params ::GET::::{}
2024-07-04 18:16:22::info::/v1/api/user/me::ab9c3ce0-c76b-4475-a89e-9c2d8c48121f::input-params ::GET::::{}
2024-07-04 18:16:23::info::/v1/api/user/me::12e93fde-d1cf-49a4-8f87-9e329e3f4141::input-params ::GET::::{}
2024-07-04 18:16:36::info::/v1/api/user/me::e35af2cf-3f12-43f9-9fae-92c5d7b2f635::input-params ::GET::::{}
2024-07-04 18:16:37::info::/v1/api/user/me::dabe303c-d632-47dd-8971-89bb4c6286a6::input-params ::GET::::{}
2024-07-04 18:20:27::info::/v1/api/user/me::d5a29799-02f2-4960-9217-bcd2c05ad7e9::input-params ::GET::::{}
2024-07-04 18:20:28::info::/v1/api/user/me::d029a9b4-3488-426b-a092-1e1290c3a98f::input-params ::GET::::{}
2024-07-04 18:20:40::info::/v1/api/user/me::1665bf2c-16d1-4251-83c3-5d7245ac29b3::input-params ::GET::::{}
2024-07-04 18:21:13::info::/v1/api/user/me::c6619176-fef6-4e5d-b74e-4c6e01f847d6::input-params ::GET::::{}
2024-07-04 18:21:28::info::/v1/api/user/me::3d27cbbe-967d-4957-bada-b43f106ee83a::input-params ::GET::::{}
2024-07-04 18:22:18::info::/v1/api/user/me::997c1594-ae1b-419d-a9f6-f84e2fa2ae4d::input-params ::GET::::{}
2024-07-04 18:28:59::info::/v1/api/user/me::86a24f67-6193-4b8c-9a17-e84f1a0e224c::input-params ::GET::::{}
2024-07-04 18:54:40::info::/v1/api/user/me::86914234-e74a-46ff-bcdd-041ca9d241ad::input-params ::GET::::{}
2024-07-04 19:15:49::info::/v1/api/user/me::295998dd-ab7e-4aba-8431-c0e3eb442ba3::input-params ::GET::::{}
2024-07-04 22:06:50::info::/v1/api/user/me::a53e0953-dd61-4d5d-b834-cae927bbdb60::input-params ::GET::::{}
2024-07-04 22:06:52::info::/v1/api/user/me::d5647c8e-d074-4a3b-ae7c-1e47814e0619::input-params ::GET::::{}
2024-07-04 22:06:56::info::/v1/api/user/me::63104b88-82da-4dd6-a11e-7bd97e3da3ad::input-params ::GET::::{}
