2024-09-08 10:36:32::error::/v1/api/user/me::36d77ef3-35ba-45e4-b22d-2672aa76c685::403 - 1ms - Response: {"status":403,"now":1725766592048}::{"message":"Access token missing"}
2024-09-08 10:36:56::error::/v1/api/user/me::3b5a943c-1ae7-4a1f-9d6f-3a1b0a7ab883::403 - 1ms - Response: {"status":403,"now":1725766616514}::{"message":"Access token missing"}
2024-09-08 10:37:18::error::/v1/api/user/me::11541ff8-b559-416d-8e42-8828087a3cae::403 - 0ms - Response: {"status":403,"now":1725766638457}::{"message":"Access token missing"}
2024-09-08 10:38:13::error::/v1/api/user/me::1c042c69-3524-4eba-a2da-b608b4f97341::403 - 0ms - Response: {"status":403,"now":1725766693322}::{"message":"Access token missing"}
2024-09-08 10:38:36::error::/v1/api/user/me::e09551c8-1251-4902-8c9d-e5bfab065111::403 - 0ms - Response: {"status":403,"now":1725766716016}::{"message":"Access token missing"}
2024-09-08 10:38:48::error::/v1/api/user/me::8cb88f1b-9379-447a-86b5-eb2aecd5c483::403 - 0ms - Response: {"status":403,"now":1725766728392}::{"message":"Access token missing"}
2024-09-08 10:38:54::error::/v1/api/user/me::b1476b4b-ee9a-4fbb-8a0c-33274986e4da::403 - 0ms - Response: {"status":403,"now":1725766734867}::{"message":"Access token missing"}
2024-09-08 10:39:16::error::/v1/api/user/me::63b36da8-e40f-40bb-b456-0c716eeff71c::403 - 0ms - Response: {"status":403,"now":1725766756975}::{"message":"Access token missing"}
2024-09-08 10:39:21::error::/v1/api/user/me::47c703de-7a91-4dd0-8e97-daf24812b626::403 - 0ms - Response: {"status":403,"now":1725766761379}::{"message":"Access token missing"}
2024-09-08 10:39:32::error::/v1/api/user/me::555065b4-bec1-4743-a3a4-ee9b3adbe5eb::403 - 0ms - Response: {"status":403,"now":1725766772706}::{"message":"Access token missing"}
2024-09-08 10:39:47::error::/v1/api/user/me::eb32937a-f6ab-4338-975d-07e171d8dfb7::403 - 0ms - Response: {"status":403,"now":1725766787331}::{"message":"Access token missing"}
2024-09-08 10:40:04::error::/v1/api/user/me::9838ff76-184d-4b4a-a7e1-998513f9481a::403 - 0ms - Response: {"status":403,"now":1725766804225}::{"message":"Access token missing"}
2024-09-08 10:40:12::error::/v1/api/user/me::9dd1c320-70f3-4f08-930a-61551486e67e::403 - 1ms - Response: {"status":403,"now":1725766812026}::{"message":"Access token missing"}
2024-09-08 10:40:29::error::/v1/api/user/me::52bc2cd8-b393-4ab3-a9bc-eb879813b71b::403 - 1ms - Response: {"status":403,"now":1725766829445}::{"message":"Access token missing"}
2024-09-08 10:40:34::error::/v1/api/user/me::13833dd0-20c1-4fdb-ba7c-c89c7c0be406::403 - 1ms - Response: {"status":403,"now":1725766834559}::{"message":"Access token missing"}
2024-09-08 10:40:42::error::/v1/api/user/me::b899a8f7-411d-41db-803d-bb1ad90c525e::403 - 0ms - Response: {"status":403,"now":1725766842637}::{"message":"Access token missing"}
2024-09-08 10:41:03::error::/v1/api/user/me::7768cc0c-22cb-430f-8a4c-0c1bc43c870f::403 - 0ms - Response: {"status":403,"now":1725766863321}::{"message":"Access token missing"}
2024-09-08 10:42:20::error::/v1/api/user/me::0eb19e6a-2263-4a16-b962-fffedd966af5::403 - 1ms - Response: {"status":403,"now":1725766940571}::{"message":"Access token missing"}
2024-09-08 10:42:38::error::/v1/api/user/me::2e482fc0-364c-4800-944c-362334d0e516::403 - 0ms - Response: {"status":403,"now":1725766958539}::{"message":"Access token missing"}
2024-09-08 10:42:48::error::/v1/api/user/me::8c45fe8d-3336-459e-9082-ef1659082331::403 - 0ms - Response: {"status":403,"now":1725766968119}::{"message":"Access token missing"}
2024-09-08 10:43:07::error::/v1/api/user/me::032459ba-0e0d-495d-82f8-3f0800c19d23::403 - 0ms - Response: {"status":403,"now":1725766987907}::{"message":"Access token missing"}
2024-09-08 10:43:33::error::/v1/api/user/me::a8823c1b-4c72-479d-822e-818923da0d7e::403 - 0ms - Response: {"status":403,"now":1725767013986}::{"message":"Access token missing"}
2024-09-08 10:43:34::error::/v1/api/user/me::3b0bab45-5868-4863-9b43-f6f8242dfb3f::403 - 0ms - Response: {"status":403,"now":1725767014124}::{"message":"Access token missing"}
2024-09-08 10:43:42::error::/v1/api/user/me::ff71eac4-f58e-45df-b7f5-c70ad6302bc1::403 - 0ms - Response: {"status":403,"now":1725767022553}::{"message":"Access token missing"}
2024-09-08 10:43:47::error::/v1/api/user/me::7a0414a3-59dd-4e10-9092-6faa9ce9b4eb::403 - 0ms - Response: {"status":403,"now":1725767027527}::{"message":"Access token missing"}
2024-09-08 10:43:58::error::/v1/api/user/me::f231fe8d-5bc4-42c0-a987-0f665cafa16c::403 - 0ms - Response: {"status":403,"now":1725767038162}::{"message":"Access token missing"}
2024-09-08 10:44:20::error::/v1/api/user/me::8a31835c-b25b-4e93-8a7e-c2f23edc97d8::403 - 1ms - Response: {"status":403,"now":1725767060448}::{"message":"Access token missing"}
2024-09-08 10:44:22::error::/v1/api/user/me::380098e3-a881-4ecc-8e68-c533462ed494::403 - 0ms - Response: {"status":403,"now":1725767062471}::{"message":"Access token missing"}
2024-09-08 10:45:06::error::/v1/api/user/me::afc49d84-2b3a-4801-94e7-abcf618f7f39::403 - 0ms - Response: {"status":403,"now":1725767106044}::{"message":"Access token missing"}
2024-09-08 10:45:12::error::/v1/api/user/me::dff50e29-f05e-4532-91b7-a2632b85d1f9::403 - 0ms - Response: {"status":403,"now":1725767112847}::{"message":"Access token missing"}
2024-09-08 10:45:58::error::/v1/api/user/me::335929ec-6a77-4ff2-ac9f-837b36e1e64d::403 - 0ms - Response: {"status":403,"now":1725767158580}::{"message":"Access token missing"}
2024-09-08 10:46:00::error::/v1/api/user/me::bc304747-96d3-448a-92c4-39d98aec865e::403 - 0ms - Response: {"status":403,"now":1725767160722}::{"message":"Access token missing"}
2024-09-08 10:46:05::error::/v1/api/user/me::a0e55267-7cc1-4263-ab26-71e068c49905::403 - 0ms - Response: {"status":403,"now":1725767165059}::{"message":"Access token missing"}
2024-09-08 10:46:14::error::/v1/api/user/me::11622b95-3ea5-4d3c-b919-56c80bab0ba3::403 - 1ms - Response: {"status":403,"now":1725767174435}::{"message":"Access token missing"}
2024-09-08 10:46:31::error::/v1/api/user/me::2ce6375a-4b2a-4bd9-b518-8feec3fa08be::403 - 0ms - Response: {"status":403,"now":1725767191115}::{"message":"Access token missing"}
2024-09-08 10:46:34::error::/v1/api/user/me::f3d2fa8f-5bc8-49f7-9774-5687b22ee497::403 - 1ms - Response: {"status":403,"now":1725767194393}::{"message":"Access token missing"}
2024-09-08 10:46:42::error::/v1/api/user/me::ebd2d0b2-ee99-4c4f-a816-cebd1fea50bc::403 - 0ms - Response: {"status":403,"now":1725767202147}::{"message":"Access token missing"}
2024-09-08 10:48:33::error::/v1/api/user/me::ed38417b-6cc9-4bb4-9fa4-9eef87d8bb1d::403 - 0ms - Response: {"status":403,"now":1725767313606}::{"message":"Access token missing"}
2024-09-08 10:48:37::error::/v1/api/user/me::97bae4f1-26d5-4b87-9765-fd786c8f11ff::403 - 0ms - Response: {"status":403,"now":1725767317159}::{"message":"Access token missing"}
2024-09-08 10:48:59::error::/v1/api/user/me::84761529-8f8a-477b-a107-38a4a06c3072::403 - 0ms - Response: {"status":403,"now":1725767339820}::{"message":"Access token missing"}
2024-09-08 10:49:13::error::/v1/api/user/me::61fac251-8d4b-44de-af2e-204eb825d4b0::403 - 0ms - Response: {"status":403,"now":1725767353597}::{"message":"Access token missing"}
2024-09-08 10:49:17::error::/v1/api/user/me::5373b34e-15a0-4d45-9f7a-8878d9bbb557::403 - 0ms - Response: {"status":403,"now":1725767357005}::{"message":"Access token missing"}
2024-09-08 10:49:37::error::/v1/api/user/me::b6012781-8a88-4ae0-bfa6-77f3dcd56dba::403 - 0ms - Response: {"status":403,"now":1725767377337}::{"message":"Access token missing"}
2024-09-08 10:50:31::error::/v1/api/user/me::1e92e82d-d814-4c91-a04a-ef7a0e6afd95::403 - 0ms - Response: {"status":403,"now":1725767431404}::{"message":"Access token missing"}
2024-09-08 10:50:31::error::/v1/api/user/me::b3179b7f-b88a-43e8-8725-098d7f9214d3::403 - 0ms - Response: {"status":403,"now":1725767431991}::{"message":"Access token missing"}
2024-09-08 10:50:34::error::/v1/api/user/me::bf46db77-a642-449a-8787-304e6900f0b2::403 - 0ms - Response: {"status":403,"now":1725767434519}::{"message":"Access token missing"}
2024-09-08 10:50:35::error::/v1/api/user/me::90c50d16-6bd2-434e-8a92-0b8bc5f6da13::403 - 0ms - Response: {"status":403,"now":1725767435008}::{"message":"Access token missing"}
2024-09-08 10:50:55::error::/v1/api/user/me::26f6d429-17c0-4b4b-b43a-572e5bf7a177::403 - 0ms - Response: {"status":403,"now":1725767455805}::{"message":"Access token missing"}
2024-09-08 10:51:34::error::/v1/api/user/me::5b4b8016-c365-4027-b582-f29d542eccdc::403 - 0ms - Response: {"status":403,"now":1725767494421}::{"message":"Access token missing"}
2024-09-08 10:51:35::error::/v1/api/user/me::029f66bb-986c-42a7-bc1f-e90523c3ee5e::403 - 0ms - Response: {"status":403,"now":1725767495619}::{"message":"Access token missing"}
2024-09-08 10:51:37::error::/v1/api/user/me::e2f6a896-feae-44e5-b285-40b3128161c6::403 - 0ms - Response: {"status":403,"now":1725767497419}::{"message":"Access token missing"}
2024-09-08 10:51:42::error::/v1/api/user/me::e4e7df4b-f86d-438e-b8b9-0c78c370a214::403 - 0ms - Response: {"status":403,"now":1725767502441}::{"message":"Access token missing"}
2024-09-08 10:51:47::error::/v1/api/user/me::46697081-d5cd-4266-8a98-8b45da61f072::403 - 1ms - Response: {"status":403,"now":1725767507711}::{"message":"Access token missing"}
2024-09-08 10:51:57::error::/v1/api/user/me::e0b48ffb-0a58-4938-bead-97fda20c50c1::403 - 0ms - Response: {"status":403,"now":1725767517282}::{"message":"Access token missing"}
2024-09-08 10:52:02::error::/v1/api/user/me::b116a2ab-51be-429a-850b-10ef31f14f58::403 - 0ms - Response: {"status":403,"now":1725767522610}::{"message":"Access token missing"}
2024-09-08 10:52:28::error::/v1/api/user/me::5e0d21fc-10c4-41f3-a3df-f35af9f46670::403 - 0ms - Response: {"status":403,"now":1725767548911}::{"message":"Access token missing"}
2024-09-08 10:57:27::error::/v1/api/user/me::a99370a3-0fb5-4477-a893-dc9c86089e49::403 - 0ms - Response: {"status":403,"now":1725767847146}::{"message":"Access token missing"}
2024-09-08 10:57:49::error::/v1/api/user/me::0d2547af-3326-44b2-82f4-a2b06c8dddf1::403 - 1ms - Response: {"status":403,"now":1725767869220}::{"message":"Access token missing"}
2024-09-08 10:57:50::error::/v1/api/user/me::f0f74e66-a2e8-46dc-a607-b5afbebd28db::403 - 0ms - Response: {"status":403,"now":1725767870454}::{"message":"Access token missing"}
2024-09-08 10:57:52::error::/v1/api/user/me::43ec0a37-83c0-463c-97de-7b59b0a82bff::403 - 0ms - Response: {"status":403,"now":1725767872602}::{"message":"Access token missing"}
2024-09-08 10:58:14::error::/v1/api/user/me::724e45f5-e4c0-4a40-b068-1d313f8394c9::403 - 0ms - Response: {"status":403,"now":1725767894091}::{"message":"Access token missing"}
2024-09-08 11:40:17::error::/v1/api/conversation/readConversationWithOtherMember/66a5f1b254ac59de697b59f9::01802de8-6e3c-4269-af9d-393f4aee7f6d::undefined - NaNms - Response: {}::{"message":"Failed to read conversation"}
2024-09-08 11:40:21::error::/v1/api/conversation/readConversationWithOtherMember/66a5f1b254ac59de697b59f9::51aafcdc-8ef2-4eaf-9306-a75c9023de5b::undefined - NaNms - Response: {}::{"message":"Failed to read conversation"}
2024-09-08 11:40:38::error::/v1/api/conversation/readConversationWithOtherMember/66a5f1b254ac59de697b59f9::5f35b5f8-a45e-4572-981b-4e731dc2680a::undefined - NaNms - Response: {}::{"message":"Failed to read conversation"}
2024-09-08 11:41:09::error::/v1/api/conversation/readConversationWithOtherMember/66a5f1b254ac59de697b59f9::a7f7335a-4070-4d88-8edf-ce740137e248::undefined - NaNms - Response: {}::{"message":"Failed to read conversation"}
2024-09-08 11:41:35::error::/v1/api/conversation/readConversationWithOtherMember/66a5f1b254ac59de697b59f9::50df6024-6fd7-4c11-bf51-7a9b0345cfb6::undefined - NaNms - Response: {}::{"message":"Failed to read conversation"}
2024-09-08 11:41:41::error::/v1/api/conversation/readConversationWithOtherMember/66a5f1b254ac59de697b59f9::7c6a3d65-9eca-468c-8027-aec9bfae81c4::undefined - NaNms - Response: {}::{"message":"Failed to read conversation"}
2024-09-08 11:41:49::error::/v1/api/conversation/readConversationWithOtherMember/66a5f1b254ac59de697b59f9::cc07f0e2-de0d-40cf-ae53-7122eeb9b5aa::undefined - NaNms - Response: {}::{"message":"Failed to read conversation"}
2024-09-08 11:42:09::error::/v1/api/conversation/readConversationWithOtherMember/66a5f1b254ac59de697b59f9::dc7b0685-6af1-4520-a9e0-1d5467144007::undefined - NaNms - Response: {}::{"message":"Failed to read conversation"}
2024-09-08 11:42:48::error::/v1/api/conversation/readConversationWithOtherMember/66a5f1b254ac59de697b59f9::b0624a15-ad71-45a3-be82-6c3acecf8cda::undefined - NaNms - Response: {}::{"message":"Failed to read conversation"}
2024-09-08 11:59:26::error::/v1/api/conversation/readConversationWithOtherMember/66a5f1b254ac59de697b59f9::986cb215-1874-45c3-ae66-ac3e62a914e7::undefined - NaNms - Response: {}::{"message":"Failed to read conversation"}
2024-09-08 11:59:52::error::/v1/api/conversation/readConversationWithOtherMember/66a5f1b254ac59de697b59f9::4fc7d6c8-dd01-47c0-b719-d2352473cbe8::undefined - NaNms - Response: {}::{"message":"Failed to read conversation"}
2024-09-08 12:00:03::error::/v1/api/conversation/readConversationWithOtherMember/66a5f1b254ac59de697b59f9::4a95bdea-d170-47a9-9f5d-de1ff6fd0b4b::undefined - NaNms - Response: {}::{"message":"Failed to read conversation"}
2024-09-08 12:00:08::error::/v1/api/conversation/readConversationWithOtherMember/66a5f1b254ac59de697b59f9::3140e118-112e-4c4a-9d83-c66537d291ff::undefined - NaNms - Response: {}::{"message":"Failed to read conversation"}
2024-09-08 12:00:30::error::/v1/api/conversation/readConversationWithOtherMember/66a5f1b254ac59de697b59f9::4ae4e19c-40c3-4b04-a37e-866b4710f17c::undefined - NaNms - Response: {}::{"message":"Failed to read conversation"}
2024-09-08 12:00:32::error::/v1/api/conversation/readConversationWithOtherMember/66a5f1b254ac59de697b59f9::a3b05bec-b9d0-410a-83bd-152c22253d03::undefined - NaNms - Response: {}::{"message":"Failed to read conversation"}
2024-09-08 12:00:39::error::/v1/api/conversation/readConversationWithOtherMember/66a5f1b254ac59de697b59f9::b2203230-bf89-4385-bcf3-ab2ddeaf9677::undefined - NaNms - Response: {}::{"message":"Failed to read conversation"}
2024-09-08 12:00:43::error::/v1/api/conversation/readConversationWithOtherMember/66a5f1b254ac59de697b59f9::5a2bdccb-0b30-4664-9db0-800cabf16010::undefined - NaNms - Response: {}::{"message":"Failed to read conversation"}
2024-09-08 12:00:48::error::/v1/api/conversation/readConversationWithOtherMember/66a5f1b254ac59de697b59f9::f2a3fff5-b9be-4e28-9b11-c6266af306fa::undefined - NaNms - Response: {}::{"message":"Failed to read conversation"}
2024-09-08 12:00:53::error::/v1/api/conversation/readConversationWithOtherMember/66a5f1b254ac59de697b59f9::2e32d402-32d3-4333-b3c6-349c181ec359::undefined - NaNms - Response: {}::{"message":"Failed to read conversation"}
2024-09-08 12:01:39::error::/v1/api/conversation/readConversationWithOtherMember/66a5f1b254ac59de697b59f9::517c8c32-048c-4916-b672-f2fd8d68b1ff::undefined - NaNms - Response: {}::{"message":"Failed to read conversation"}
2024-09-08 12:16:55::error::/v1/api/conversation/readConversationWithOtherMember/66a5f1b254ac59de697b59f9::cbae8835-799f-4669-855c-973a4d9c0bfb::undefined - NaNms - Response: {}::{"message":"Failed to read conversation"}
2024-09-08 12:17:19::error::/v1/api/conversation/readConversationWithOtherMember/66a5f1b254ac59de697b59f9::770aed86-6620-4220-8458-89770ada514f::undefined - NaNms - Response: {}::{"message":"Failed to read conversation"}
2024-09-08 12:17:37::error::/v1/api/conversation/readConversationWithOtherMember/66a5f1b254ac59de697b59f9::9f341668-91a4-409b-8c5a-014709631b35::undefined - NaNms - Response: {}::{"message":"Failed to read conversation"}
2024-09-08 12:17:55::error::/v1/api/conversation/readConversationWithOtherMember/66a5f1b254ac59de697b59f9::45a6e32b-eef6-4389-9bb4-9a13c8e5d430::undefined - NaNms - Response: {}::{"message":"Failed to read conversation"}
2024-09-08 12:18:32::error::/v1/api/conversation/readConversationWithOtherMember/66a5f1b254ac59de697b59f9::a6322ebd-2100-41bf-9709-046faea34869::undefined - NaNms - Response: {}::{"message":"Failed to read conversation"}
2024-09-08 12:18:49::error::/v1/api/conversation/readConversationWithOtherMember/66a5dfddca70ea1c3ee0bace::2fc3b3da-2f3c-48f3-aee8-981f0f43e11a::undefined - NaNms - Response: {}::{"message":"Failed to read conversation"}
2024-09-08 12:18:57::error::/v1/api/conversation/readConversationWithOtherMember/66a5dfddca70ea1c3ee0bace::c08489c6-f716-45f6-a771-a4860ef5a39e::undefined - NaNms - Response: {}::{"message":"Failed to read conversation"}
2024-09-08 12:21:20::error::/v1/api/conversation/readConversationWithOtherMember/66a5dfddca70ea1c3ee0bace::30a8433d-c1e1-4324-a8d8-beb85d2a0719::undefined - NaNms - Response: {}::{"message":"Failed to read conversation"}
2024-09-08 16:08:44::error::/v1/api/conversation/readConversationWithOtherMember/66a5dfddca70ea1c3ee0bace::93e64fd2-b95f-43f1-9628-223c1f8ac02c::undefined - NaNms - Response: {}::{"message":"Failed to read conversation"}
2024-09-08 16:12:15::error::/v1/api/conversation/readConversationWithOtherMember/66a5dfddca70ea1c3ee0bace::f6f9a284-dd9d-4ffe-a982-79d25c35b8a7::undefined - NaNms - Response: {}::{"message":"Failed to read conversation"}
2024-09-08 16:21:50::error::/v1/api/conversation/readConversationWithOtherMember/66a5dfddca70ea1c3ee0bace::e6c418f7-2dbf-4e4e-bbef-ca171e8a39de::undefined - NaNms - Response: {}::{"message":"Failed to read conversation"}
2024-09-08 16:22:04::error::/v1/api/conversation/readConversationWithOtherMember/66a5dfddca70ea1c3ee0bace::e33efc83-55fd-451d-9d62-8097ada5410a::undefined - NaNms - Response: {}::{"message":"Failed to read conversation"}
2024-09-08 16:22:05::error::/v1/api/recommender/readUsersToFollow::074e9a7f-ed07-4b52-bbec-466ecb04bb21::404 - NaNms - Response: {"status":404}::{"message":"Not Found"}
2024-09-08 16:22:06::error::/v1/api/recommender/readUsersToFollow::fba14ff7-29f2-4e52-a499-eddabb1d7ebb::404 - NaNms - Response: {"status":404}::{"message":"Not Found"}
2024-09-08 16:23:28::error::/v1/api/recommender/readUsersToFollow::1a81c43d-94f6-491f-80ae-f81a83e048f8::404 - NaNms - Response: {"status":404}::{"message":"Not Found"}
2024-09-08 16:23:29::error::/v1/api/conversation/readConversationWithOtherMember/66a5dfddca70ea1c3ee0bace::a7af86f1-a111-44b4-9165-db5d561b69b7::undefined - NaNms - Response: {}::{"message":"Failed to read conversation"}
2024-09-08 16:24:19::error::/v1/api/recommender/readUsersToFollow::c5722479-fa1c-4e29-82c8-673dcc7c9bbb::404 - NaNms - Response: {"status":404}::{"message":"Not Found"}
2024-09-08 16:24:20::error::/v1/api/conversation/readConversationWithOtherMember/66a5dfddca70ea1c3ee0bace::b6192781-ed54-4e3d-ad7f-3a9a5290094a::undefined - NaNms - Response: {}::{"message":"Failed to read conversation"}
2024-09-08 16:24:43::error::/v1/api/conversation/readConversationWithOtherMember/66a5dfddca70ea1c3ee0bace::b259fad0-1603-41b5-9383-ef268e0a2b53::undefined - NaNms - Response: {}::{"message":"Failed to read conversation"}
2024-09-08 16:42:58::error::/v1/api/recommender/recommendUsersToFollow::e8a3865d-ed9d-4c07-a6ca-501f3757dd0b::undefined - NaNms - Response: {}::{"message":"mongoose is not defined"}
2024-09-08 16:42:59::error::/v1/api/recommender/recommendUsersToFollow::092b32e6-ed60-46fa-ad46-01808ec89294::undefined - NaNms - Response: {}::{"message":"mongoose is not defined"}
2024-09-08 16:43:11::error::/v1/api/recommender/recommendUsersToFollow::1443e46a-ba35-4a76-887e-2305b7e0d080::undefined - NaNms - Response: {}::{"message":"mongoose is not defined"}
2024-09-08 16:43:39::error::/v1/api/recommender/recommendUsersToFollow::b834542f-1dd8-4dc2-b7b6-635c2cf9cf08::undefined - NaNms - Response: {}::{"message":"mongoose is not defined"}
2024-09-08 16:43:41::error::/v1/api/recommender/recommendUsersToFollow::96990a5f-134e-4c67-9fcf-6d7c7cabd6f9::undefined - NaNms - Response: {}::{"message":"mongoose is not defined"}
2024-09-08 16:43:42::error::/v1/api/recommender/recommendUsersToFollow::2a3317a6-95d3-4be7-97f6-4fd7efb308c7::undefined - NaNms - Response: {}::{"message":"mongoose is not defined"}
2024-09-08 16:43:44::error::/v1/api/recommender/recommendUsersToFollow::bfd8f8c8-431b-490b-8510-094ed3142cfa::undefined - NaNms - Response: {}::{"message":"mongoose is not defined"}
2024-09-08 16:43:50::error::/v1/api/recommender/recommendUsersToFollow::88aab531-efc9-49cf-b3b7-5b3c55d53f19::undefined - NaNms - Response: {}::{"message":"mongoose is not defined"}
2024-09-08 16:44:16::error::/v1/api/recommender/recommendUsersToFollow::62c13526-e33c-40ff-920b-cd4e36312a08::undefined - NaNms - Response: {}::{"message":"Class constructor ObjectId cannot be invoked without 'new'"}
2024-09-08 16:44:17::error::/v1/api/recommender/recommendUsersToFollow::59086378-81f5-46c5-942a-100ff4a1d80e::undefined - NaNms - Response: {}::{"message":"Class constructor ObjectId cannot be invoked without 'new'"}
2024-09-08 16:44:34::error::/v1/api/recommender/recommendUsersToFollow::6fa1f28e-72f7-4263-8f24-d776e4f581a0::undefined - NaNms - Response: {}::{"message":"Class constructor ObjectId cannot be invoked without 'new'"}
2024-09-08 16:44:36::error::/v1/api/recommender/recommendUsersToFollow::fda60abe-01c5-4be9-9f76-730f8dc68b0b::undefined - NaNms - Response: {}::{"message":"Class constructor ObjectId cannot be invoked without 'new'"}
2024-09-08 16:44:38::error::/v1/api/recommender/recommendUsersToFollow::7e10c2fd-a12a-42b8-88be-53e777bcf818::undefined - NaNms - Response: {}::{"message":"Class constructor ObjectId cannot be invoked without 'new'"}
2024-09-08 16:44:42::error::/v1/api/recommender/recommendUsersToFollow::cea87661-99fc-4ee4-9f55-8d0bccb8fd8f::undefined - NaNms - Response: {}::{"message":"Class constructor ObjectId cannot be invoked without 'new'"}
2024-09-08 17:12:21::error::/v1/api/user/followUser/66a5dfddca70ea1c3ee0bace::628b2f7a-d9a4-4da4-963d-3d9e2bdc35a1::403 - 0ms - Response: {"status":403,"now":1725790341928}::{"message":"You already follow this user"}
2024-09-08 17:20:11::error::/v1/api/user/me::53d982d5-a566-43da-bbc2-3e888d2243a4::403 - 1ms - Response: {"status":403,"now":1725790811368}::{"message":"Access token missing"}
2024-09-08 17:39:28::error::/v1/api/user/me::e414eb09-6e2c-4e2f-b11c-4c1ffe9abac2::403 - 0ms - Response: {"status":403,"now":1725791968572}::{"message":"Access token missing"}
