2024-08-13 16:59:37::info::/v1/api/badge/readBadges::5741181b-f8c3-4950-a716-08e9ef186f23::input-params ::GET::::{}
2024-08-13 17:00:15::info::/v1/api/bugReport/readBugReport::5a4527be-9f86-4794-8174-e134ca43d960::input-params ::GET::::{}
2024-08-13 17:00:15::error::/v1/api/bugReport/readBugReport::5a4527be-9f86-4794-8174-e134ca43d960::404 - NaNms - Response: {"status":404}::{"message":"Not Found"}
2024-08-13 17:03:14::info::/v1/api/bugReport/createBugReport::bdffa637-af27-49f7-9eec-2e08911467ee::input-params ::POST::::{}
2024-08-13 17:03:14::error::/v1/api/bugReport/createBugReport::bdffa637-af27-49f7-9eec-2e08911467ee::404 - NaNms - Response: {"status":404}::{"message":"Not Found"}
2024-08-13 17:04:15::info::/v1/api/bugReport/createBugReport::1bd8be2c-6f10-4a8d-9812-a5fa7389d052::input-params ::POST::::{}
2024-08-13 17:05:15::info::/v1/api/bugReport/readBugReport::b4ce2a8a-6b7d-4265-a4c9-4bfd475be8f0::input-params ::GET::::{}
2024-08-13 17:05:15::error::/v1/api/bugReport/readBugReport::b4ce2a8a-6b7d-4265-a4c9-4bfd475be8f0::404 - NaNms - Response: {"status":404}::{"message":"Not Found"}
2024-08-13 17:05:19::info::/v1/api/bugReport/readBugReport/66bb2fa3e1af8072f807e4e8::f294a782-b4ad-4fb0-8310-d28d1349b4d2::input-params ::GET::::{}
2024-08-13 17:05:19::error::/v1/api/bugReport/readBugReport/66bb2fa3e1af8072f807e4e8::f294a782-b4ad-4fb0-8310-d28d1349b4d2::undefined - NaNms - Response: {"path":"userIdReported"}::{"message":"Cannot populate path `userIdReported` because it is not in your schema. Set the `strictPopulate` option to false to override."}
2024-08-13 17:05:21::info::/v1/api/bugReport/readBugReport/66bb2fa3e1af8072f807e4e8::3a3f0665-540a-4cbd-b250-6447be4d3353::input-params ::GET::::{}
2024-08-13 17:05:21::error::/v1/api/bugReport/readBugReport/66bb2fa3e1af8072f807e4e8::3a3f0665-540a-4cbd-b250-6447be4d3353::undefined - NaNms - Response: {"path":"userIdReported"}::{"message":"Cannot populate path `userIdReported` because it is not in your schema. Set the `strictPopulate` option to false to override."}
2024-08-13 17:05:52::info::/v1/api/bugReport/readBugReport/66bb2fa3e1af8072f807e4e8::35f03b62-2c98-4d82-be8a-78be4b554d60::input-params ::GET::::{}
2024-08-13 17:05:57::info::/v1/api/bugReport/readBugReports::72d1dbaa-4c82-4259-969f-c61f19a8bc16::input-params ::GET::::{}
2024-08-13 17:07:43::info::/v1/api/bugReport/updateBugReport/66bb2fa3e1af8072f807e4e8::99790912-e34b-412d-9da7-faf11b0fbc4f::input-params ::PATCH::::{}
2024-08-13 17:08:40::info::/v1/api/bugReport/updateBugReport/66bb2fa3e1af8072f807e4e8::dc06484c-f60c-4d5b-a762-130cc5f51efd::input-params ::PATCH::::{}
2024-08-13 17:09:15::info::/v1/api/bugReport/deleteBugReport/66bb2fa3e1af8072f807e4e8::c953ed7e-bf16-40e6-a989-49aea29c8a0b::input-params ::DELETE::::{}
2024-08-13 17:09:19::info::/v1/api/bugReport/readBugReports::fa471a7b-f7d4-4f65-a0ce-bd35c3aff47e::input-params ::GET::::{}
2024-08-13 17:14:48::info::/v1/api/accountReport/readAccountReports::4de0682a-d459-44d8-beec-c32ad3c0b297::input-params ::GET::::{}
2024-08-13 17:14:48::error::/v1/api/accountReport/readAccountReports::4de0682a-d459-44d8-beec-c32ad3c0b297::404 - NaNms - Response: {"status":404}::{"message":"Not Found"}
2024-08-13 17:22:10::info::/v1/api/auth/users/login::9e269108-20df-44e3-b14d-15301be4a6fd::input-params ::POST::::{"email":"phapluudev2k5@gmail.com","password":"PhapNhat987AZ@!"}
2024-08-13 17:22:29::info::/v1/api/auth/users/login::e512bcab-d002-4ead-887a-ce3b9317331b::input-params ::POST::::{"email":"phapluu2k5tqt@gmail.com","password":"PhapNhat987AZ@"}
2024-08-13 17:22:51::info::/v1/api/auth/users/login::8ac30b53-c548-4517-a48e-12aeaf0b86c8::input-params ::POST::::{"email":"phapluudev2k5@gmail.com","password":"PhapNhat987AZ@!"}
2024-08-13 17:23:04::info::/v1/api/accountReport/createAccountReport::66f28db3-03dc-4b52-972a-d4fd7acf1bc9::input-params ::POST::::{}
2024-08-13 17:23:04::error::/v1/api/accountReport/createAccountReport::66f28db3-03dc-4b52-972a-d4fd7acf1bc9::undefined - NaNms - Response: {"stringValue":"\"66a5a6a373370474cf4eae1\"","valueType":"string","kind":"ObjectId","value":"66a5a6a373370474cf4eae1","path":"_id","reason":{},"name":"CastError","message":"Cast to ObjectId failed for value \"66a5a6a373370474cf4eae1\" (type string) at path \"_id\" for model \"User\""}::{"message":"Cast to ObjectId failed for value \"66a5a6a373370474cf4eae1\" (type string) at path \"_id\" for model \"User\""}
2024-08-13 17:23:07::info::/v1/api/accountReport/createAccountReport::39cbeaf6-dd57-48bb-ae83-4469070c734f::input-params ::POST::::{}
2024-08-13 17:23:08::error::/v1/api/accountReport/createAccountReport::39cbeaf6-dd57-48bb-ae83-4469070c734f::404 - 1ms - Response: {"status":404,"now":1723544588053}::{"message":"User reported not found"}
2024-08-13 17:23:12::info::/v1/api/accountReport/createAccountReport::cfe74195-d951-4014-8229-e879fdfa9660::input-params ::POST::::{}
2024-08-13 17:23:15::error::/v1/api/accountReport/createAccountReport::cfe74195-d951-4014-8229-e879fdfa9660::undefined - NaNms - Response: {}::{"message":"File upload or database save failed"}
2024-08-13 17:24:08::info::/v1/api/accountReport/createAccountReport::68fac4c8-e68e-4eb8-8f24-5d47a5fef5f9::input-params ::POST::::{}
2024-08-13 17:25:07::info::/v1/api/accountReport/readAccountReports::c31a60ac-45fa-46ba-906e-fa0ceb2a375c::input-params ::GET::::{}
2024-08-13 17:25:18::info::/v1/api/accountReport/readAccountReport/66bb3413b6dec8c0a95524ff::8b97599b-3fbd-4228-98c5-192c14613002::input-params ::GET::::{}
2024-08-13 17:29:18::info::/v1/api/accountReport/updateAccountReport/66bb3413b6dec8c0a95524ff::30a631eb-05be-43fc-9ad3-73e0171ba620::input-params ::PATCH::::{}
2024-08-13 17:29:19::error::/v1/api/accountReport/updateAccountReport/66bb3413b6dec8c0a95524ff::30a631eb-05be-43fc-9ad3-73e0171ba620::403 - 1ms - Response: {"status":403,"now":1723544959143}::{"message":"Bạn không thể thay đổi trường thông tin này"}
2024-08-13 17:29:52::info::/v1/api/accountReport/updateAccountReport/66bb3413b6dec8c0a95524ff::d3e718c5-2235-487a-9d17-4f289c1212de::input-params ::PATCH::::{}
2024-08-13 17:30:43::info::/v1/api/accountReport/deleteAccountReport/66bb344b2b9d3244c3e7e6bd::38b5a6a3-d693-40a2-a07a-65666eb9c2cf::input-params ::DELETE::::{}
