2024-07-30 13:09:17::error::/v1/api/news/createNews::9e3b9490-d64c-4bdd-a6bb-639e2825c1ea::undefined - NaNms - Response: {}::{"message":"Cannot read properties of null (reading 'role')"}
2024-07-30 13:12:18::error::/v1/api/news/readNews::55082e05-d2d1-460f-ac09-23ff9167ba15::404 - NaNms - Response: {"status":404}::{"message":"Not Found"}
2024-07-30 13:19:21::error::/v1/api/news/deleteNews/66a8841e47ace990a76e0f87::31301e7c-9a5c-405b-8b9e-e078430f0cfa::404 - NaNms - Response: {"status":404}::{"message":"Not Found"}
2024-07-30 13:25:05::error::/v1/api/news/readNews/66a886a3d96ee65b8c36bb43::80fcca36-793b-4d11-b249-afe9779b4c77::undefined - NaNms - Response: {"errors":{"views":{"stringValue":"\"NaN\"","valueType":"number","kind":"Number","value":null,"path":"views","reason":{"generatedMessage":true,"code":"ERR_ASSERTION","actual":false,"expected":true,"operator":"=="},"name":"CastError","message":"Cast to Number failed for value \"NaN\" (type number) at path \"views\""}},"_message":"News validation failed","name":"ValidationError","message":"News validation failed: views: Cast to Number failed for value \"NaN\" (type number) at path \"views\""}::{"message":"News validation failed: views: Cast to Number failed for value \"NaN\" (type number) at path \"views\""}
2024-07-30 13:26:59::error::/v1/api/news/readNews/66a886a3d96ee65b8c36bb43::ff5793de-abb1-408c-bd8b-2efd083f8f99::undefined - NaNms - Response: {"errors":{"views":{"stringValue":"\"NaN\"","valueType":"number","kind":"Number","value":null,"path":"views","reason":{"generatedMessage":true,"code":"ERR_ASSERTION","actual":false,"expected":true,"operator":"=="},"name":"CastError","message":"Cast to Number failed for value \"NaN\" (type number) at path \"views\""}},"_message":"News validation failed","name":"ValidationError","message":"News validation failed: views: Cast to Number failed for value \"NaN\" (type number) at path \"views\""}::{"message":"News validation failed: views: Cast to Number failed for value \"NaN\" (type number) at path \"views\""}
2024-07-30 13:28:00::error::/v1/api/news/readNews/66a886a3d96ee65b8c36bb43::1bb091d5-404c-4868-a83d-209821f1c157::undefined - NaNms - Response: {"errors":{"views":{"stringValue":"\"NaN\"","valueType":"number","kind":"Number","value":null,"path":"views","reason":{"generatedMessage":true,"code":"ERR_ASSERTION","actual":false,"expected":true,"operator":"=="},"name":"CastError","message":"Cast to Number failed for value \"NaN\" (type number) at path \"views\""}},"_message":"News validation failed","name":"ValidationError","message":"News validation failed: views: Cast to Number failed for value \"NaN\" (type number) at path \"views\""}::{"message":"News validation failed: views: Cast to Number failed for value \"NaN\" (type number) at path \"views\""}
2024-07-30 13:28:08::error::/v1/api/news/readNews/66a88631d946539fa17998b3::38ce860c-d85a-42d0-9600-723b96319ea2::undefined - NaNms - Response: {"errors":{"views":{"stringValue":"\"NaN\"","valueType":"number","kind":"Number","value":null,"path":"views","reason":{"generatedMessage":true,"code":"ERR_ASSERTION","actual":false,"expected":true,"operator":"=="},"name":"CastError","message":"Cast to Number failed for value \"NaN\" (type number) at path \"views\""}},"_message":"News validation failed","name":"ValidationError","message":"News validation failed: views: Cast to Number failed for value \"NaN\" (type number) at path \"views\""}::{"message":"News validation failed: views: Cast to Number failed for value \"NaN\" (type number) at path \"views\""}
2024-07-30 13:38:36::error::/v1/api/news/updateNews/66a886a3d96ee65b8c36bb43::5b561286-7c4d-4cc0-aa88-aed02c31b693::404 - NaNms - Response: {"status":404}::{"message":"Not Found"}
2024-07-30 13:41:40::error::/v1/api/news/updateNews/66a886a3d96ee65b8c36bb43::93a4d500-ed8d-4ced-9916-069816ea43ff::undefined - NaNms - Response: {"name":"MulterError","message":"Unexpected field","code":"LIMIT_UNEXPECTED_FILE","field":"thumbnail","storageErrors":[]}::{"message":"Unexpected field"}
2024-07-30 13:45:07::error::/v1/api/news/updateNews/66a886a3d96ee65b8c36bb43::168742cd-1336-4f1f-b85c-25d1ee1e7b22::403 - 1ms - Response: {"status":403,"now":1722321907095}::{"message":"Error updating news"}
2024-07-30 13:54:11::error::/v1/api/news/updateNews/66a886a3d96ee65b8c36bb43::94cf79da-4f97-43ac-8629-2a84b1a1336f::403 - 1ms - Response: {"status":403,"now":1722322451142}::{"message":"Error updating news"}
2024-07-30 15:57:00::error::/v1/api/news/createNews::b322f233-163f-4c6e-b7e8-b0d5818a1254::undefined - NaNms - Response: {"name":"MulterError","message":"Unexpected field","code":"LIMIT_UNEXPECTED_FILE","field":"thumbnail","storageErrors":[]}::{"message":"Unexpected field"}
2024-07-30 17:20:46::error::/v1/api/news/readNewss::3f428993-8955-4551-9f6f-80e99b094f0f::undefined - NaNms - Response: {}::{"message":"NewsService.readNewss is not a function"}
2024-07-30 17:20:47::error::/v1/api/news/readNewss::98a3057d-5b3d-42e0-8e91-7fb31a84b297::undefined - NaNms - Response: {}::{"message":"NewsService.readNewss is not a function"}
2024-07-30 17:20:55::error::/v1/api/news/readNewss::54e43fa0-3a55-4764-9c6d-92379a3a2559::undefined - NaNms - Response: {}::{"message":"NewsService.readNewss is not a function"}
2024-07-30 17:20:58::error::/v1/api/news/readNewss::192a7782-60c0-45f8-8637-e37aa2511031::undefined - NaNms - Response: {}::{"message":"NewsService.readNewss is not a function"}
2024-07-30 17:20:59::error::/v1/api/news/readNewss::69115478-f495-4636-ae1d-3d482dfa58a7::undefined - NaNms - Response: {}::{"message":"NewsService.readNewss is not a function"}
2024-07-30 17:21:03::error::/v1/api/news/readNewss::4b4fc52a-7f25-4c17-9015-d71b0233b98e::undefined - NaNms - Response: {}::{"message":"NewsService.readNewss is not a function"}
2024-07-30 17:21:04::error::/v1/api/news/readNewss::d7a3989a-b41c-40ec-9bbb-c62eaa68361a::undefined - NaNms - Response: {}::{"message":"NewsService.readNewss is not a function"}
2024-07-30 19:50:25::error::/v1/api/news/deleteNews::933e52fb-bf5b-4182-832e-eb2a085e6bfa::404 - NaNms - Response: {"status":404}::{"message":"Not Found"}
2024-07-30 19:50:50::error::/v1/api/news/deleteNews::d765022f-ed4d-4775-81ac-3f6d6cb9086c::404 - NaNms - Response: {"status":404}::{"message":"Not Found"}
2024-07-30 19:52:52::error::/v1/api/news/deleteNews::3320b842-41d8-4a64-a748-6405b9d7395c::404 - NaNms - Response: {"status":404}::{"message":"Not Found"}
2024-07-30 19:53:45::error::/v1/api/news/deleteNews/[object%20Object]::b59baa26-397b-4646-b19d-7d7a88a41274::404 - NaNms - Response: {"status":404}::{"message":"Not Found"}
2024-07-30 19:53:46::error::/v1/api/news/deleteNews/[object%20Object]::a5a5fc59-3f9b-45e6-8977-30b2df9ee0e9::404 - NaNms - Response: {"status":404}::{"message":"Not Found"}
2024-07-30 19:54:09::error::/v1/api/news/deleteNews/66a8bddd17e9395a44cf08d0::c0970106-8377-4f28-a60d-a54cfe471a9f::404 - NaNms - Response: {"status":404}::{"message":"Not Found"}
2024-07-30 21:11:44::error::/v1/api/user/me::1c02f77f-2aad-4317-9ffe-033ba2f2913d::403 - 1ms - Response: {"status":403,"now":1722348704641}::{"message":"Access token missing"}
2024-07-30 21:11:47::error::/v1/api/user/me::4c0f5956-49e2-4c6a-8b03-c5549aba5672::403 - 0ms - Response: {"status":403,"now":1722348707782}::{"message":"Access token missing"}
2024-07-30 21:11:56::error::/v1/api/user/me::d6cf4b50-076a-461c-a953-f655f9794974::403 - 0ms - Response: {"status":403,"now":1722348716478}::{"message":"Access token missing"}
2024-07-30 21:11:58::error::/v1/api/user/me::4dcb38e7-b12b-48ea-82ea-3d103ab8d68c::403 - 0ms - Response: {"status":403,"now":1722348718138}::{"message":"Access token missing"}
2024-07-30 21:12:27::error::/v1/api/user/me::46428f8c-d2c0-436f-b450-21c293acfb9c::403 - 1ms - Response: {"status":403,"now":1722348747480}::{"message":"Access token missing"}
2024-07-30 21:12:44::error::/v1/api/user/me::a644dd73-3af1-44d2-b30b-0e45cf7acecd::403 - 0ms - Response: {"status":403,"now":1722348764947}::{"message":"Access token missing"}
2024-07-30 21:13:36::error::/v1/api/user/me::aec44791-4c5c-4ab1-9cae-8b9194c5fd35::403 - 1ms - Response: {"status":403,"now":1722348816941}::{"message":"Access token missing"}
2024-07-30 21:13:42::error::/v1/api/user/me::24cb42ae-6797-4ee7-b478-2cdc9405066b::403 - 1ms - Response: {"status":403,"now":1722348822166}::{"message":"Access token missing"}
2024-07-30 21:13:52::error::/v1/api/user/me::0892beda-5528-41fd-89ea-70451591333a::403 - 0ms - Response: {"status":403,"now":1722348832859}::{"message":"Access token missing"}
2024-07-30 21:13:53::error::/v1/api/user/me::10616d87-fbaa-4977-8d34-dfc5f272a30f::403 - 0ms - Response: {"status":403,"now":1722348833395}::{"message":"Access token missing"}
2024-07-30 21:13:56::error::/v1/api/user/me::d7e7de7b-81ee-48c8-b9c6-b8a58e2173e7::403 - 0ms - Response: {"status":403,"now":1722348836077}::{"message":"Access token missing"}
2024-07-30 21:14:29::error::/v1/api/user/me::e2367d48-a07c-4055-95eb-8bba70a9bdc5::403 - 0ms - Response: {"status":403,"now":1722348869100}::{"message":"Access token missing"}
2024-07-30 21:14:30::error::/v1/api/user/me::82f438f7-d120-425a-a97f-02634262b735::403 - 0ms - Response: {"status":403,"now":1722348870243}::{"message":"Access token missing"}
2024-07-30 21:14:33::error::/v1/api/user/me::89440d86-bdee-44d5-946b-c0b584a4bcf8::403 - 0ms - Response: {"status":403,"now":1722348873434}::{"message":"Access token missing"}
2024-07-30 21:14:40::error::/v1/api/user/me::c0f07859-1a5e-44d5-a750-c180ed52a671::403 - 0ms - Response: {"status":403,"now":1722348880689}::{"message":"Access token missing"}
2024-07-30 21:14:47::error::/v1/api/user/me::65ab4934-6dc6-4ed3-8337-5a43c24e7dab::403 - 0ms - Response: {"status":403,"now":1722348887266}::{"message":"Access token missing"}
2024-07-30 21:16:15::error::/v1/api/user/me::2890dec2-bce7-49f2-91d8-f3175029e88c::403 - 0ms - Response: {"status":403,"now":1722348975245}::{"message":"Access token missing"}
2024-07-30 21:16:48::error::/v1/api/user/me::b9da09a4-b067-4876-998e-441e283291ca::403 - 1ms - Response: {"status":403,"now":1722349008524}::{"message":"Access token missing"}
2024-07-30 21:17:34::error::/v1/api/user/me::6fa7cf50-2381-411f-bdb1-0532d9470575::403 - 0ms - Response: {"status":403,"now":1722349054176}::{"message":"Access token missing"}
2024-07-30 21:17:35::error::/v1/api/user/me::36d03b3e-ac9a-44ca-bacb-4036b1d757cc::403 - 0ms - Response: {"status":403,"now":1722349055483}::{"message":"Access token missing"}
2024-07-30 21:17:53::error::/v1/api/user/me::cf045f35-cc4a-4c43-8f8d-308c24f3d035::403 - 1ms - Response: {"status":403,"now":1722349073357}::{"message":"Access token missing"}
2024-07-30 21:18:14::error::/v1/api/user/me::19fa0aab-cc5b-4642-8bc9-112846e526e3::403 - 0ms - Response: {"status":403,"now":1722349094008}::{"message":"Access token missing"}
2024-07-30 21:20:21::error::/v1/api/user/me::155ea1e7-c640-4eeb-816c-de55166a0838::403 - 0ms - Response: {"status":403,"now":1722349221420}::{"message":"Access token missing"}
2024-07-30 21:20:31::error::/v1/api/user/me::a53e7599-3b4f-415a-bc49-46910bf83633::403 - 0ms - Response: {"status":403,"now":1722349231085}::{"message":"Access token missing"}
2024-07-30 21:20:39::error::/v1/api/user/me::50644200-6227-4457-ad78-663ec02b958a::403 - 0ms - Response: {"status":403,"now":1722349239418}::{"message":"Access token missing"}
2024-07-30 21:20:49::error::/v1/api/user/me::36d3bfeb-70ba-4da8-aed0-a1516c59c86d::403 - 0ms - Response: {"status":403,"now":1722349249574}::{"message":"Access token missing"}
2024-07-30 21:20:49::error::/v1/api/user/me::0ecc84c1-9a52-48fa-b0c5-d811bce3fb77::403 - 0ms - Response: {"status":403,"now":1722349249749}::{"message":"Access token missing"}
2024-07-30 21:20:49::error::/v1/api/talentRequest/readTalentRequestsByStatus/pending::b0e1632e-73f6-4269-b683-d1e70f80b62b::401 - 0ms - Response: {"status":401,"now":1722349249853}::{"message":"You are not authenticated!"}
2024-07-30 21:20:53::error::/v1/api/user/me::be949efc-b719-4ddc-b2f4-ed7566ce2b1b::403 - 0ms - Response: {"status":403,"now":1722349253121}::{"message":"Access token missing"}
2024-07-30 21:20:53::error::/v1/api/user/me::d6e63f6f-99cf-43cf-8b15-82387dd9d24d::403 - 0ms - Response: {"status":403,"now":1722349253220}::{"message":"Access token missing"}
2024-07-30 21:21:03::error::/v1/api/user/me::d0d9cb73-5f97-4519-a287-bcf35404ab36::403 - 0ms - Response: {"status":403,"now":1722349263072}::{"message":"Access token missing"}
2024-07-30 21:21:03::error::/v1/api/user/me::fdd7e4a4-748b-4ebc-bf97-9cdfad70c5fb::403 - 0ms - Response: {"status":403,"now":1722349263176}::{"message":"Access token missing"}
2024-07-30 21:21:04::error::/v1/api/talentRequest/readTalentRequestsByStatus/pending::e851c441-aa65-4c13-b204-7d125e348ff6::401 - 0ms - Response: {"status":401,"now":1722349264568}::{"message":"You are not authenticated!"}
2024-07-30 21:21:07::error::/v1/api/talentRequest/readTalentRequestsByStatus/pending::5a0b57bf-b02b-482d-aa69-05a99e6991c9::401 - 0ms - Response: {"status":401,"now":1722349267274}::{"message":"You are not authenticated!"}
2024-07-30 21:33:14::error::/v1/api/talentRequest/readTalentRequestStatus::4a5aab40-1a9f-4005-8591-7a44ca53dbcb::404 - 0ms - Response: {"status":404,"now":1722349994123}::{"message":"Talent request not found"}
2024-07-30 21:33:14::error::/v1/api/talentRequest/readTalentRequestStatus::a47c6ceb-de70-481c-8f48-acade975d4f3::404 - 0ms - Response: {"status":404,"now":1722349994272}::{"message":"Talent request not found"}
2024-07-30 21:33:18::error::/v1/api/talentRequest/readTalentRequestStatus::21554ce7-0b57-487d-93d7-0de2493d1dde::404 - 0ms - Response: {"status":404,"now":1722349998250}::{"message":"Talent request not found"}
2024-07-30 21:33:18::error::/v1/api/talentRequest/readTalentRequestStatus::0e950e9b-4dab-4d49-ac3d-ccbb20d5ed87::404 - 0ms - Response: {"status":404,"now":1722349998406}::{"message":"Talent request not found"}
2024-07-30 21:33:18::error::/v1/api/talentRequest/readTalentRequestStatus::c1fdebd5-5198-4580-ab35-571694c5fa70::404 - 0ms - Response: {"status":404,"now":1722349998605}::{"message":"Talent request not found"}
2024-07-30 21:33:22::error::/v1/api/talentRequest/readTalentRequestStatus::1889725b-5cb6-4c04-8efb-6227dbdfbe68::404 - 0ms - Response: {"status":404,"now":1722350002010}::{"message":"Talent request not found"}
2024-07-30 21:33:22::error::/v1/api/talentRequest/readTalentRequestStatus::5868164b-02cb-4c14-a268-2da4e4a5d82a::404 - 0ms - Response: {"status":404,"now":1722350002238}::{"message":"Talent request not found"}
2024-07-30 21:33:48::error::/v1/api/talentRequest/readTalentRequestStatus::ba7a3654-50f5-4dde-ac0f-886abf9a2ab2::404 - 1ms - Response: {"status":404,"now":1722350028988}::{"message":"Talent request not found"}
2024-07-30 21:33:49::error::/v1/api/talentRequest/readTalentRequestStatus::c01181e2-02fc-464d-8dd7-9008394a0349::404 - 0ms - Response: {"status":404,"now":1722350029219}::{"message":"Talent request not found"}
2024-07-30 21:35:18::error::/v1/api/talentRequest/readTalentRequestStatus::b84d2874-bf74-4a14-a1c1-0b56b4a8e2d1::404 - 0ms - Response: {"status":404,"now":1722350118458}::{"message":"Talent request not found"}
2024-07-30 21:39:56::error::/v1/api/news/updateNews/undefined::de1a3a9b-7f3d-4e2b-9d6d-a3541a4660e0::undefined - NaNms - Response: {"stringValue":"\"undefined\"","valueType":"string","kind":"ObjectId","value":"undefined","path":"_id","reason":{},"name":"CastError","message":"Cast to ObjectId failed for value \"undefined\" (type string) at path \"_id\" for model \"News\""}::{"message":"Cast to ObjectId failed for value \"undefined\" (type string) at path \"_id\" for model \"News\""}
2024-07-30 21:40:51::error::/v1/api/news/updateNews/undefined::74775024-2bf8-40db-a0b9-89e2462ac831::undefined - NaNms - Response: {"stringValue":"\"undefined\"","valueType":"string","kind":"ObjectId","value":"undefined","path":"_id","reason":{},"name":"CastError","message":"Cast to ObjectId failed for value \"undefined\" (type string) at path \"_id\" for model \"News\""}::{"message":"Cast to ObjectId failed for value \"undefined\" (type string) at path \"_id\" for model \"News\""}
