2024-08-22 09:33:00::error::/v1/api/post/readBookmarkedServices/66a5ac2d73370474cf4eb369::eea9a44b-6dde-49a4-a246-d3e7faf27e3c::404 - NaNms - Response: {"status":404}::{"message":"Not Found"}
2024-08-22 09:33:01::error::/v1/api/post/readBookmarkedServices/66a5ac2d73370474cf4eb369::eeb10741-fe38-4e99-9ebd-0bef75d145af::404 - NaNms - Response: {"status":404}::{"message":"Not Found"}
2024-08-22 09:33:01::error::/v1/api/post/readBookmarkedServices/66a5ac2d73370474cf4eb369::ade41572-9956-413c-b89e-2ae242ad801d::404 - NaNms - Response: {"status":404}::{"message":"Not Found"}
2024-08-22 09:33:28::error::/v1/api/commissionService/readCommissionService/undefined::ff3d4bb1-c364-42cb-be64-8d7350358924::undefined - NaNms - Response: {"stringValue":"\"undefined\"","valueType":"string","kind":"ObjectId","value":"undefined","path":"_id","reason":{},"name":"CastError","message":"Cast to ObjectId failed for value \"undefined\" (type string) at path \"_id\" for model \"CommissionService\""}::{"message":"Cast to ObjectId failed for value \"undefined\" (type string) at path \"_id\" for model \"CommissionService\""}
2024-08-22 09:33:28::error::/v1/api/post/readBookmarkedServices/66a5ac2d73370474cf4eb369::279de1ab-647e-4d45-b36f-af481abcafbf::404 - NaNms - Response: {"status":404}::{"message":"Not Found"}
2024-08-22 09:33:28::error::/v1/api/post/readBookmarkedServices/66a5ac2d73370474cf4eb369::0f5cea7e-9725-4ff8-9f65-316c8f7f8a76::404 - NaNms - Response: {"status":404}::{"message":"Not Found"}
2024-08-22 09:33:28::error::/v1/api/commissionService/readCommissionService/undefined::360a3255-855c-4479-aa3f-e6009c4d63c1::undefined - NaNms - Response: {"stringValue":"\"undefined\"","valueType":"string","kind":"ObjectId","value":"undefined","path":"_id","reason":{},"name":"CastError","message":"Cast to ObjectId failed for value \"undefined\" (type string) at path \"_id\" for model \"CommissionService\""}::{"message":"Cast to ObjectId failed for value \"undefined\" (type string) at path \"_id\" for model \"CommissionService\""}
2024-08-22 09:33:31::error::/v1/api/post/readBookmarkedServices/66a5ac2d73370474cf4eb369::9e589b6a-f1ef-4c5c-99cb-d0cfa9398082::404 - NaNms - Response: {"status":404}::{"message":"Not Found"}
2024-08-22 09:33:32::error::/v1/api/commissionService/readCommissionService/undefined::8350e9d5-6b7c-421a-a8cd-fc9b782f6443::undefined - NaNms - Response: {"stringValue":"\"undefined\"","valueType":"string","kind":"ObjectId","value":"undefined","path":"_id","reason":{},"name":"CastError","message":"Cast to ObjectId failed for value \"undefined\" (type string) at path \"_id\" for model \"CommissionService\""}::{"message":"Cast to ObjectId failed for value \"undefined\" (type string) at path \"_id\" for model \"CommissionService\""}
2024-08-22 09:33:41::error::/v1/api/post/readBookmarkedServices/66a5ac2d73370474cf4eb369::cf484745-0af7-44b4-b3e4-660a1c2b07f5::404 - NaNms - Response: {"status":404}::{"message":"Not Found"}
2024-08-22 09:33:43::error::/v1/api/post/readBookmarkedServices/66a5ac2d73370474cf4eb369::886d5683-3f28-42d5-92da-e9f6b7aab2df::404 - NaNms - Response: {"status":404}::{"message":"Not Found"}
2024-08-22 09:33:55::error::/v1/api/post/readBookmarkedServices/66a5ac2d73370474cf4eb369::3a1ca342-8245-4f35-a690-2d3b3a6019d8::404 - NaNms - Response: {"status":404}::{"message":"Not Found"}
2024-08-22 09:33:59::error::/v1/api/post/readBookmarkedServices/66a5ac2d73370474cf4eb369::f2cc707f-cfaa-4a97-9dec-a4a157a6b224::404 - NaNms - Response: {"status":404}::{"message":"Not Found"}
2024-08-22 09:34:17::error::/v1/api/post/readBookmarkedServices/66a5ac2d73370474cf4eb369::2d3a8ae7-8f57-445c-b697-38f414110741::404 - NaNms - Response: {"status":404}::{"message":"Not Found"}
2024-08-22 09:34:18::error::/v1/api/post/readBookmarkedCommissionServices/66a5ac2d73370474cf4eb369::89518f18-9226-4e90-a560-e3e297316e65::404 - NaNms - Response: {"status":404}::{"message":"Not Found"}
2024-08-22 09:34:22::error::/v1/api/post/readBookmarkedCommissionServices/66a5ac2d73370474cf4eb369::61a93227-2ff4-42ca-aea8-a0d73522541e::404 - NaNms - Response: {"status":404}::{"message":"Not Found"}
2024-08-22 09:34:26::error::/v1/api/service/readBookmarkedCommissionServices/66a5ac2d73370474cf4eb369::15057656-c2e1-4c14-af84-5cb17c4ba07d::404 - NaNms - Response: {"status":404}::{"message":"Not Found"}
2024-08-22 09:34:27::error::/v1/api/commissionService/readBookmarkedCommissionServices/66a5ac2d73370474cf4eb369::9a2e7548-09be-4c98-a0d7-d495ab94bca8::404 - NaNms - Response: {"status":404}::{"message":"Not Found"}
2024-08-22 09:34:33::error::/v1/api/commissionService/readBookmarkedCommissionServices/66a5ac2d73370474cf4eb369::02e691db-2e0f-4b0f-98dc-7d098f69642c::404 - NaNms - Response: {"status":404}::{"message":"Not Found"}
2024-08-22 09:34:36::error::/v1/api/commissionService/readBookmarkedServices/66a5ac2d73370474cf4eb369::a7ec6a4c-bfc8-4e06-a47e-f7d7c0f71669::404 - NaNms - Response: {"status":404}::{"message":"Not Found"}
2024-08-22 09:35:20::error::/v1/api/commissionService/readBookmarkedServices/66a5ac2d73370474cf4eb369::8454963a-3707-4170-9056-6772b527cad9::404 - 0ms - Response: {"status":404,"now":1724294120283}::{"message":"User not found"}
2024-08-22 09:35:45::error::/v1/api/commissionService/readBookmarkedServices/66a5ac2d73370474cf4eb369::b8891ed3-e675-49c6-8de3-f3c2b7b1a527::undefined - NaNms - Response: {}::{"message":"Service is not defined"}
2024-08-22 09:36:08::error::/v1/api/commissionService/readBookmarkedServices/66a5ac2d73370474cf4eb369::1feb1289-704d-48bb-a14e-4e1fbedd9a98::undefined - NaNms - Response: {}::{"message":"Service is not defined"}
2024-08-22 09:36:09::error::/v1/api/commissionService/readBookmarkedServices/66a5ac2d73370474cf4eb369::6187172a-9196-4622-ac31-2204ffdd5b3a::undefined - NaNms - Response: {}::{"message":"Service is not defined"}
2024-08-22 09:36:21::error::/v1/api/commissionService/readBookmarkedServices/66a5ac2d73370474cf4eb369::ff0ab31c-d2ee-4191-a3d6-a44f79640b53::undefined - NaNms - Response: {}::{"message":"Service is not defined"}
2024-08-22 09:36:35::error::/v1/api/commissionService/readBookmarkedServices/66a5ac2d73370474cf4eb369::8c622c6c-53be-4150-84a9-eb656d5a5fa3::undefined - NaNms - Response: {}::{"message":"Service is not defined"}
2024-08-22 09:36:43::error::/v1/api/commissionService/readBookmarkedServices/66a5ac2d73370474cf4eb369::330d7563-91ea-4fbf-86e5-43ebe258ef2e::undefined - NaNms - Response: {}::{"message":"Service is not defined"}
2024-08-22 09:37:22::error::/v1/api/commissionService/readBookmarkedServices/66a5ac2d73370474cf4eb369::40cfe97b-a04e-451f-aa17-41cb3bdb80fe::undefined - NaNms - Response: {}::{"message":"Service is not defined"}
2024-08-22 09:38:05::error::/v1/api/commissionService/readBookmarkedServices/66a5ac2d73370474cf4eb369::ad9ebe0f-441c-4274-bece-7e666d43e1c8::undefined - NaNms - Response: {}::{"message":"Service is not defined"}
2024-08-22 09:38:06::error::/v1/api/commissionService/readBookmarkedServices/66a5ac2d73370474cf4eb369::4643e866-f74d-4e4a-8d6c-c907dc5ded35::undefined - NaNms - Response: {}::{"message":"Service is not defined"}
2024-08-22 16:03:35::error::/v1/api/user/me::ebd7dc4b-f08a-4763-8b4f-17e96c9db451::403 - 1ms - Response: {"status":403,"now":1724317415426}::{"message":"Access token missing"}
2024-08-22 16:05:09::error::/v1/api/user/me::fb40a3c8-e5f7-4dfd-b425-ca7ef39cb145::403 - 2ms - Response: {"status":403,"now":1724317509923}::{"message":"Access token missing"}
2024-08-22 16:05:11::error::/v1/api/user/me::71d5c3fe-dc44-4a27-a426-192fe8622916::403 - 0ms - Response: {"status":403,"now":1724317511482}::{"message":"Access token missing"}
2024-08-22 16:06:04::error::/v1/api/user/me::36e21aaa-dcc0-43be-b7c6-b9630541a8bb::403 - 0ms - Response: {"status":403,"now":1724317564669}::{"message":"Access token missing"}
2024-08-22 16:09:48::error::/v1/api/user/me::1b510e2e-c785-4c95-bae1-b18617549f70::403 - 0ms - Response: {"status":403,"now":1724317788880}::{"message":"Access token missing"}
2024-08-22 16:11:44::error::/v1/api/user/me::c05c06be-4006-400d-9c2a-a2e3fe43188b::403 - 0ms - Response: {"status":403,"now":1724317904409}::{"message":"Access token missing"}
2024-08-22 20:27:09::error::/v1/api/user/me::8380e7be-71c9-4bd7-85f1-a42fcd03ad75::403 - 1ms - Response: {"status":403,"now":1724333229270}::{"message":"Access token missing"}
2024-08-22 20:27:09::error::/v1/api/user/me::34a9c625-c0c8-425f-802d-48dfdcf0a2ed::403 - 0ms - Response: {"status":403,"now":1724333229621}::{"message":"Access token missing"}
