<<<<<<< HEAD
2024-08-16 11:10:53::error::/v1/api/badge/awardEarlyBirdBadge/66a5a6a373370474cf4eae1d::5ae032b0-9251-4761-aaba-1a5355f47264::404 - 2ms - Response: {"status":404,"now":1723781453969}::{"message":"Badge not found"}
2024-08-16 11:11:29::error::/v1/api/badge/createBadge::25e2b4e4-9301-4add-aecd-ce04f1e8e223::403 - 1ms - Response: {"status":403,"now":1723781489069}::{"message":"Please provide a thumbnail!"}
2024-08-16 11:11:43::error::/v1/api/badge/createBadge::517d2127-8fb5-4e7d-ac19-a84f06fb54cb::403 - 0ms - Response: {"status":403,"now":1723781503808}::{"message":"Error creating badge!"}
2024-08-16 11:12:10::error::/v1/api/badge/createBadge::a446f60f-e073-4627-92f4-87261831daa7::403 - 0ms - Response: {"status":403,"now":1723781530437}::{"message":"Error creating badge!"}
2024-08-16 11:12:24::error::/v1/api/badge/createBadge::1295be82-aef3-48b5-bebf-f673d0148d02::403 - 0ms - Response: {"status":403,"now":1723781544876}::{"message":"Error creating badge!"}
2024-08-16 11:12:57::error::/v1/api/badge/createBadge::d01f1016-7805-42d7-8866-05ab6195edb5::403 - 0ms - Response: {"status":403,"now":1723781577798}::{"message":"Error creating badge!"}
2024-08-16 11:13:50::error::/v1/api/badge/createBadge::2c57fc50-7b20-465e-a9fd-5900dd1dde50::403 - 1ms - Response: {"status":403,"now":1723781630462}::{"message":"Error creating badge!"}
2024-08-16 11:14:17::error::/v1/api/badge/awardEarlyBirdBadge/66a5a6a373370474cf4eae1d::ecd41853-e7dc-4011-aedb-85260db57463::undefined - NaNms - Response: {}::{"message":"badge.criteria.map is not a function"}
2024-08-16 11:16:48::error::/v1/api/badge/awardEarlyBirdBadge/66a5a6a373370474cf4eae1d::2cffbb9b-b13a-48de-9428-92440fdd85e9::undefined - NaNms - Response: {"errors":{"badges.0.progress.0.criterion":{"stringValue":"\"[ 'likes10' ]\"","valueType":"Array","kind":"string","value":["likes10"],"path":"criterion","reason":null,"name":"CastError","message":"Cast to string failed for value \"[ 'likes10' ]\" (type Array) at path \"criterion\""}},"_message":"User validation failed","name":"ValidationError","message":"User validation failed: badges.0.progress.0.criterion: Cast to string failed for value \"[ 'likes10' ]\" (type Array) at path \"criterion\""}::{"message":"User validation failed: badges.0.progress.0.criterion: Cast to string failed for value \"[ 'likes10' ]\" (type Array) at path \"criterion\""}
=======
2024-08-16 10:16:43::error::/v1/api/user/me::7ea22517-d35a-4aed-acb7-92cc71eedbae::403 - 0ms - Response: {"status":403,"now":1723778203088}::{"message":"Access token missing"}
2024-08-16 10:17:46::error::/v1/api/user/me::aa2b872d-814f-4c82-a2fd-185df56e8e27::403 - 0ms - Response: {"status":403,"now":1723778266036}::{"message":"Access token missing"}
2024-08-16 10:17:52::error::/v1/api/user/me::bb6f4227-23d4-47b1-865c-c3d4a77a67e6::403 - 0ms - Response: {"status":403,"now":1723778272240}::{"message":"Access token missing"}
2024-08-16 17:06:28::error::/v1/api/order/updateOrder/66bed4f2f0bf4bb2c6f02a08::7255195f-2d7e-4e2c-b65a-00587da775c0::undefined - NaNms - Response: {}::{"message":"Service update failed"}
2024-08-16 17:06:59::error::/v1/api/order/updateOrder/66bed4f2f0bf4bb2c6f02a08::892fd0d1-6c5d-4a68-9e0a-c20f60a23854::undefined - NaNms - Response: {}::{"message":"Service update failed"}
2024-08-16 17:11:07::error::/v1/api/order/updateOrder/66bed4f2f0bf4bb2c6f02a08::a6038306-e1ea-4ba9-8985-abbd5ffd263e::undefined - NaNms - Response: {}::{"message":"Service update failed"}
2024-08-16 17:12:46::error::/v1/api/order/updateOrder/66bed4f2f0bf4bb2c6f02a08::5c7144b3-4cbc-4e93-8b39-98604bbcb813::undefined - NaNms - Response: {}::{"message":"Service update failed"}
2024-08-16 17:13:36::error::/v1/api/order/updateOrder/66bed4f2f0bf4bb2c6f02a08::d7fb1020-cceb-47b6-b6f2-29aa73af6df4::undefined - NaNms - Response: {}::{"message":"Service update failed"}
2024-08-16 17:20:23::error::/v1/api/user/me::d4d3ec0c-d9d1-4c50-aa34-d0275a672f44::403 - 1ms - Response: {"status":403,"now":1723803623596}::{"message":"Access token missing"}
2024-08-16 17:20:29::error::/v1/api/auth/users/login::a2877999-b9ec-4971-a899-2a585a43969f::401 - 1ms - Response: {"status":401,"now":1723803629196}::{"message":"Tài khoản hoặc mật khẩu không chính xác"}
2024-08-16 17:20:45::error::/v1/api/user/me::ea29f986-1dbd-45d6-8ff9-f27603e8d37e::403 - 1ms - Response: {"status":403,"now":1723803645828}::{"message":"Access token missing"}
2024-08-16 17:30:55::error::/v1/api/user/readUserProfile/665edd23fa87b27398b73d10::ebcd7bb6-6b98-4281-a9ca-b15b14e631b4::404 - 1ms - Response: {"status":404,"now":1723804255287}::{"message":"User not found"}
2024-08-16 17:30:59::error::/v1/api/user/readUserProfile/665edd23fa87b27398b73d10::edf733f8-987a-4d5b-b4d1-5b08a03833f2::404 - 1ms - Response: {"status":404,"now":1723804259402}::{"message":"User not found"}
2024-08-16 17:31:01::error::/v1/api/user/me::62ea986b-07f6-4439-b50f-9acddc43fac9::403 - 0ms - Response: {"status":403,"now":1723804261752}::{"message":"Access token missing"}
2024-08-16 17:33:16::error::/v1/api/notification/createNotification::ebf1b4c9-748d-4237-bf0a-30632eb77da1::403 - 0ms - Response: {"status":403,"now":1723804396122}::{"message":"Invalid type"}
2024-08-16 17:36:54::error::/v1/api/notification/createNotification::5d9c20e7-2ccc-4bca-b70c-a2d5051717cf::403 - 2ms - Response: {"status":403,"now":1723804614110}::{"message":"Please provide all required fields"}
2024-08-16 17:37:01::error::/v1/api/notification/createNotification::d6610471-dc56-4a77-93c0-dfae159522a9::403 - 0ms - Response: {"status":403,"now":1723804621105}::{"message":"Please provide all required fields"}
2024-08-16 17:37:08::error::/v1/api/notification/createNotification::13962641-2144-4b10-a8d5-c92cde53f66c::403 - 0ms - Response: {"status":403,"now":1723804628303}::{"message":"Please provide all required fields"}
2024-08-16 17:37:26::error::/v1/api/notification/createNotification::b4f3651c-6429-4fe5-9975-63bc429f7b62::403 - 0ms - Response: {"status":403,"now":1723804646649}::{"message":"Please provide all required fields"}
2024-08-16 17:38:45::error::/v1/api/notification/createNotification::3fcf099e-fd36-4032-abea-9dc02b428eea::403 - 1ms - Response: {"status":403,"now":1723804725524}::{"message":"Please provide all required fields"}
2024-08-16 17:39:25::error::/v1/api/notification/createNotification::8c5035b9-75ec-49d5-a24c-5e5290378463::403 - 1ms - Response: {"status":403,"now":1723804765625}::{"message":"Please provide all required fields"}
2024-08-16 17:40:24::error::/v1/api/notification/createNotification::e1687ec4-386f-4b78-8dee-e22f1182f48f::undefined - NaNms - Response: {}::{"message":"Cannot access 'receiverId' before initialization"}
2024-08-16 17:40:55::error::/v1/api/notification/createNotification::d927aaca-d0b8-4771-a1f8-d34131386317::403 - 1ms - Response: {"status":403,"now":1723804855632}::{"message":"Please provide all required fields"}
2024-08-16 17:42:17::error::/v1/api/notification/createNotification::f8b1e1c8-c475-45f8-ae58-9736bda58bc5::403 - 1ms - Response: {"status":403,"now":1723804937179}::{"message":"Please provide all required fields"}
2024-08-16 17:42:23::error::/v1/api/notification/createNotification::5899d6ce-cfc8-41d3-81cf-d2f56fa90f45::403 - 0ms - Response: {"status":403,"now":1723804943560}::{"message":"Please provide all required fields"}
2024-08-16 17:42:42::error::/v1/api/notification/createNotification::54953081-fc08-431c-ac28-4409aefb4b44::403 - 0ms - Response: {"status":403,"now":1723804962001}::{"message":"Please provide all required fields"}
2024-08-16 17:42:50::error::/v1/api/notification/createNotification::a3ac5abe-72b7-42e6-b59e-6818b2885a37::403 - 0ms - Response: {"status":403,"now":1723804970738}::{"message":"Please provide all required fields"}
2024-08-16 17:43:46::error::/v1/api/notification/createNotification::1522ca93-81d4-4797-aff6-ede20742cdcf::403 - 0ms - Response: {"status":403,"now":1723805026030}::{"message":"Please provide all required fields"}
2024-08-16 17:50:32::error::/v1/api/notification/createNotification::04c9ea5d-d459-4996-af70-97842120a1e3::403 - 2ms - Response: {"status":403,"now":1723805432598}::{"message":"Please provide all required fields"}
2024-08-16 17:50:50::error::/v1/api/notification/createNotification::2cbf636c-8873-420d-8e68-04d6daa72a4d::403 - 0ms - Response: {"status":403,"now":1723805450824}::{"message":"Please provide all required fields"}
2024-08-16 17:56:23::error::/v1/api/user/readUserProfile/665edd23fa87b27398b73d10::bd94840c-8a5b-4b36-b871-93ede8034d78::404 - 2ms - Response: {"status":404,"now":1723805783487}::{"message":"User not found"}
2024-08-16 17:56:26::error::/v1/api/user/readUserProfile/665edd23fa87b27398b73d10::0fe641fd-795e-407e-84b0-84ab074d86a7::404 - 1ms - Response: {"status":404,"now":1723805786764}::{"message":"User not found"}
2024-08-16 17:56:28::error::/v1/api/user/readUserProfile/665edd23fa87b27398b73d10::bf4ef7dd-5e06-479b-9b70-ccc74fb46e5a::404 - 0ms - Response: {"status":404,"now":1723805788763}::{"message":"User not found"}
2024-08-16 17:56:29::error::/v1/api/user/readUserProfile/665edd23fa87b27398b73d10::2b88eec6-ffa0-4d0f-b542-1e9b6dde1923::404 - 0ms - Response: {"status":404,"now":1723805789371}::{"message":"User not found"}
2024-08-16 17:56:31::error::/v1/api/user/readUserProfile/665edd23fa87b27398b73d10::1936dfa2-7b71-49a8-9476-6d0e5a8bc5d8::404 - 0ms - Response: {"status":404,"now":1723805791156}::{"message":"User not found"}
2024-08-16 17:56:50::error::/v1/api/user/me::595b551f-747b-4aa1-b52c-bc4eb6c1a61f::403 - 0ms - Response: {"status":403,"now":1723805810463}::{"message":"Access token missing"}
2024-08-16 17:57:23::error::/v1/api/notification/createNotification::8ba73f88-a65c-491c-ad69-395a5524cd99::undefined - NaNms - Response: {"errors":{"url":{"name":"ValidatorError","message":"Path `url` is required.","properties":{"message":"Path `url` is required.","type":"required","path":"url"},"kind":"required","path":"url"}},"_message":"Notification validation failed","name":"ValidationError","message":"Notification validation failed: url: Path `url` is required."}::{"message":"Notification validation failed: url: Path `url` is required."}
2024-08-16 17:57:41::error::/v1/api/notification/createNotification::934de1a6-5b29-46c3-b2c4-6f2a010b01eb::undefined - NaNms - Response: {"errors":{"url":{"name":"ValidatorError","message":"Path `url` is required.","properties":{"message":"Path `url` is required.","type":"required","path":"url"},"kind":"required","path":"url"}},"_message":"Notification validation failed","name":"ValidationError","message":"Notification validation failed: url: Path `url` is required."}::{"message":"Notification validation failed: url: Path `url` is required."}
2024-08-16 17:58:14::error::/v1/api/post/likePost/66a5c7b5dea404a988c91786::7893fbf5-88c9-42cd-b7db-32c0a8ceea0c::undefined - NaNms - Response: {"version":7,"modifiedPaths":["likes"]}::{"message":"No matching document found for id \"66a5c7b5dea404a988c91786\" version 7 modifiedPaths \"likes\""}
2024-08-16 17:59:07::error::/v1/api/user/readUserProfile/665edd23fa87b27398b73d10::9c274b20-ee1f-47d7-9f74-51657b35ef63::404 - 1ms - Response: {"status":404,"now":1723805947724}::{"message":"User not found"}
2024-08-16 17:59:09::error::/v1/api/user/readUserProfile/665edd23fa87b27398b73d10::2d047ef2-31dd-47ab-91f5-7a6be4cb3419::404 - 1ms - Response: {"status":404,"now":1723805949615}::{"message":"User not found"}
2024-08-16 18:01:53::error::/v1/api/notification/createNotification::34441bd2-d68e-4511-8f6a-dd4c7baaa4cb::undefined - NaNms - Response: {"errors":{"url":{"name":"ValidatorError","message":"Path `url` is required.","properties":{"message":"Path `url` is required.","type":"required","path":"url"},"kind":"required","path":"url"}},"_message":"Notification validation failed","name":"ValidationError","message":"Notification validation failed: url: Path `url` is required."}::{"message":"Notification validation failed: url: Path `url` is required."}
2024-08-16 18:02:01::error::/v1/api/notification/createNotification::fdd327f5-21b7-44e4-80a1-d5f5342bff13::undefined - NaNms - Response: {"errors":{"url":{"name":"ValidatorError","message":"Path `url` is required.","properties":{"message":"Path `url` is required.","type":"required","path":"url"},"kind":"required","path":"url"}},"_message":"Notification validation failed","name":"ValidationError","message":"Notification validation failed: url: Path `url` is required."}::{"message":"Notification validation failed: url: Path `url` is required."}
2024-08-16 18:02:10::error::/v1/api/notification/createNotification::6e623a84-1254-4a1e-a2c1-d27b44c3a4d8::undefined - NaNms - Response: {"errors":{"url":{"name":"ValidatorError","message":"Path `url` is required.","properties":{"message":"Path `url` is required.","type":"required","path":"url"},"kind":"required","path":"url"}},"_message":"Notification validation failed","name":"ValidationError","message":"Notification validation failed: url: Path `url` is required."}::{"message":"Notification validation failed: url: Path `url` is required."}
2024-08-16 18:03:59::error::/v1/api/notification/createNotification::2abb5491-befa-4b20-bc2b-9a1cf0460e30::undefined - NaNms - Response: {"errors":{"url":{"name":"ValidatorError","message":"Path `url` is required.","properties":{"message":"Path `url` is required.","type":"required","path":"url"},"kind":"required","path":"url"}},"_message":"Notification validation failed","name":"ValidationError","message":"Notification validation failed: url: Path `url` is required."}::{"message":"Notification validation failed: url: Path `url` is required."}
2024-08-16 18:07:56::error::/v1/api/notification/createNotification::5d8885c4-8a89-4e55-b0f6-768665ec228a::403 - 0ms - Response: {"status":403,"now":1723806476748}::{"message":"Invalid type"}
2024-08-16 18:10:11::error::/v1/api/notification/createNotification::a65faa3c-d49d-4e52-bc10-9df16093de06::403 - 1ms - Response: {"status":403,"now":1723806611098}::{"message":"Invalid type"}
2024-08-16 19:27:35::error::/v1/api/order/readTalentOrderHistory::32c8d0f2-644a-456a-b42c-c762d25badc5::undefined - NaNms - Response: {}::{"message":"talentOrderHistory is not defined"}
2024-08-16 19:27:37::error::/v1/api/order/readTalentOrderHistory::a1e552e3-12b6-4494-b1be-012e7ee50095::undefined - NaNms - Response: {}::{"message":"talentOrderHistory is not defined"}
2024-08-16 19:27:41::error::/v1/api/order/readTalentOrderHistory::43efa292-8f01-4d32-b68d-755f6ea12a58::undefined - NaNms - Response: {}::{"message":"talentOrderHistory is not defined"}
2024-08-16 21:36:18::error::/v1/api/proposal/sendProposal/66bed383f0bf4bb2c6f01b7d::707efe10-2936-407d-8ac8-f06d53744f2e::403 - 0ms - Response: {"status":403,"now":1723818978023}::{"message":"Vui lòng cập nhật mã số thuế của bạn để thực hiện thao tác này"}
2024-08-16 21:42:18::error::/v1/api/proposal/sendProposal/66bed383f0bf4bb2c6f01b7d::3a128ea2-e8ad-4447-a068-e5488bf6ce84::403 - 1ms - Response: {"status":403,"now":1723819338593}::{"message":"Vui lòng cập nhật mã số thuế của bạn để thực hiện thao tác này"}
>>>>>>> phap_dev
