2024-10-06 07:32:45::info::/v1/api/user/me::4fd9dcf8-8d48-45e5-8f55-beb1d0c4687f::input-params ::GET::::{}
2024-10-06 07:32:45::info::/v1/api/movement/readMovements::f26b1651-6801-4a73-8b13-65de9d89a0c0::input-params ::GET::::{}
2024-10-06 07:32:45::info::/v1/api/news/readNewss::6a7dcf42-97f8-4d04-ab4e-34042e1bcf10::input-params ::GET::::{}
2024-10-06 07:32:45::info::/v1/api/recommender/readPopularPosts::fa3a2d59-7717-49a9-8931-58218f3f5a0f::input-params ::GET::::{"page":"1","limit":"10"}
2024-10-06 07:32:46::info::/v1/api/recommender/readPopularPosts::b7e148cf-e4b7-472e-89f4-9bdfcb6f1cbb::input-params ::GET::::{"page":"1","limit":"10"}
2024-10-06 07:32:48::info::/v1/api/order/readTalentOrderHistory::91d56b8c-bc09-48fa-9f9d-1a47a41facc9::input-params ::GET::::{}
2024-10-06 07:32:51::info::/v1/api/order/readOrder/66ff651ea9550fbb204debc7::a2b2bb62-3cdf-4ff9-9be0-ce81bc800159::input-params ::GET::::{}
2024-10-06 07:32:58::info::/v1/api/order/readOrder/66ff651ea9550fbb204debc7::81a86941-42d6-44fd-87b4-004ac8d3a3d6::input-params ::GET::::{}
2024-10-06 07:33:05::info::/v1/api/movement/readMovements::6368edc7-45f2-4e1d-bdde-cb1c3c60a36d::input-params ::GET::::{}
2024-10-06 07:33:05::info::/v1/api/order/readTalentOrderHistory::7d216bf2-3291-4905-ac03-97de014482a3::input-params ::GET::::{}
2024-10-06 07:33:10::info::/v1/api/movement/readMovements::fb12493f-21dd-4b2c-a980-176a768f174e::input-params ::GET::::{}
2024-10-06 07:33:10::info::/v1/api/order/readTalentOrderHistory::d8837a5e-433c-4682-b2f6-ef82741a01ce::input-params ::GET::::{}
2024-10-06 07:34:26::info::/v1/api/movement/readMovements::472e9777-d7aa-4c6d-bd91-c52c87ba5ca1::input-params ::GET::::{}
2024-10-06 07:34:26::info::/v1/api/order/readTalentOrderHistory::2b598c85-2fd4-4f63-9db1-9f7a0e33b00b::input-params ::GET::::{}
2024-10-06 07:34:44::info::/v1/api/order/readTalentOrderHistory::e7845f18-88e3-42b4-92c0-6c655d319c73::input-params ::GET::::{}
2024-10-06 07:34:46::info::/v1/api/movement/readMovements::cfa30ae5-e2d6-4729-9e06-4fb00363c8c7::input-params ::GET::::{}
2024-10-06 07:34:46::info::/v1/api/order/readTalentOrderHistory::83cc44f6-e19f-4fd9-b6a8-714c2d2ba66f::input-params ::GET::::{}
2024-10-06 07:34:50::info::/v1/api/movement/readMovements::0bd17985-c2c0-48c3-8f23-fa794e2bd8df::input-params ::GET::::{}
2024-10-06 07:34:50::info::/v1/api/order/readTalentOrderHistory::ae50c9ca-f9d6-4221-a215-40946001f283::input-params ::GET::::{}
2024-10-06 07:34:50::info::/v1/api/user/me::4b0c2db5-4551-45b3-bb02-4626707f4186::input-params ::GET::::{}
2024-10-06 07:34:51::info::/v1/api/movement/readMovements::8e033b94-6add-4550-9159-8ef32fd730ba::input-params ::GET::::{}
2024-10-06 07:34:51::info::/v1/api/order/readTalentOrderHistory::920e72b2-9a90-4bc5-8ae7-d14ddd71d47f::input-params ::GET::::{}
2024-10-06 07:35:05::info::/v1/api/movement/readMovements::a9c2216e-446b-4249-999a-904fa3072f3f::input-params ::GET::::{}
2024-10-06 07:35:05::info::/v1/api/order/readTalentOrderHistory::6718032f-f63d-4c30-8e1d-f5a3622e0686::input-params ::GET::::{}
2024-10-06 07:35:10::info::/v1/api/movement/readMovements::8065c2ad-7977-4fad-a52e-0cc1e08f3b2a::input-params ::GET::::{}
2024-10-06 07:35:10::info::/v1/api/order/readTalentOrderHistory::38f3b929-8738-424a-83e4-c4e11c74d7bf::input-params ::GET::::{}
2024-10-06 07:35:21::info::/v1/api/movement/readMovements::0942e7f1-8cbc-45cf-9392-d2d5b9ca1468::input-params ::GET::::{}
2024-10-06 07:35:21::info::/v1/api/order/readTalentOrderHistory::3f59dc35-9c0e-45cf-9bc1-5364c772b8bb::input-params ::GET::::{}
2024-10-06 07:35:25::info::/v1/api/movement/readMovements::8ca7c9a8-704a-4b00-ba38-1aa4b3f70248::input-params ::GET::::{}
2024-10-06 07:35:25::info::/v1/api/order/readTalentOrderHistory::a8f0d7f3-7c95-4741-a04a-f48b62bcb1ff::input-params ::GET::::{}
2024-10-06 07:35:53::info::/v1/api/movement/readMovements::c2102742-4020-4bb0-9f7a-27560c760750::input-params ::GET::::{}
2024-10-06 07:35:53::info::/v1/api/order/readTalentOrderHistory::b78d839e-1f44-47c5-b521-8f5c2472a043::input-params ::GET::::{}
2024-10-06 07:36:17::info::/v1/api/movement/readMovements::870aecb5-07ca-4982-b63e-1394fefe9353::input-params ::GET::::{}
2024-10-06 07:36:17::info::/v1/api/order/readTalentOrderHistory::7c1963ba-3ff3-4141-9f13-e14289b65dde::input-params ::GET::::{}
2024-10-06 07:36:22::info::/v1/api/order/readTalentOrderHistory::2c373e0b-25f8-4635-8135-7c299b95b43f::input-params ::GET::::{}
2024-10-06 07:36:27::info::/v1/api/order/readTalentOrderHistory::6a54a1e9-efd0-4501-b624-2d33143da81b::input-params ::GET::::{}
2024-10-06 07:36:27::info::/v1/api/movement/readMovements::30f85393-02d3-4bb4-8fdc-3b71fcd6ef67::input-params ::GET::::{}
2024-10-06 07:36:36::info::/v1/api/movement/readMovements::fc536f8d-5f3a-48cf-b993-860f9d9fa429::input-params ::GET::::{}
2024-10-06 07:36:36::info::/v1/api/order/readTalentOrderHistory::36d19961-e396-4cc2-9539-5b9bb674e561::input-params ::GET::::{}
2024-10-06 07:36:38::info::/v1/api/movement/readMovements::0c221029-a13b-49ad-9224-3080971c6643::input-params ::GET::::{}
2024-10-06 07:36:38::info::/v1/api/order/readTalentOrderHistory::7dfd8112-658a-42c5-8839-a2fdf7016c21::input-params ::GET::::{}
2024-10-06 07:36:41::info::/v1/api/movement/readMovements::f36047e3-721b-4d11-a059-83e8c0feac4f::input-params ::GET::::{}
2024-10-06 07:36:41::info::/v1/api/order/readTalentOrderHistory::e9fc55f1-5d41-4a31-9037-9974bbbbfe2c::input-params ::GET::::{}
2024-10-06 07:37:31::info::/v1/api/order/readTalentOrderHistory::6a34698e-fb97-4d33-bd95-76a34b56516f::input-params ::GET::::{}
2024-10-06 07:37:46::info::/v1/api/order/readTalentOrderHistory::9b2281b0-af84-4f32-af6e-a725682c464d::input-params ::GET::::{}
2024-10-06 07:38:00::info::/v1/api/movement/readMovements::fbc3d0f0-e40c-4b18-9a1d-889047ab277e::input-params ::GET::::{}
2024-10-06 07:38:00::info::/v1/api/order/readTalentOrderHistory::975bfe4c-9c82-4d03-a6dc-ad74fd8b6b29::input-params ::GET::::{}
2024-10-06 07:38:27::info::/v1/api/movement/readMovements::275af57c-594b-423e-ba97-2976ebb63385::input-params ::GET::::{}
2024-10-06 07:38:27::info::/v1/api/order/readTalentOrderHistory::d5f07210-da43-49e6-b21a-b25baaa2cbdf::input-params ::GET::::{}
2024-10-06 07:38:30::info::/v1/api/movement/readMovements::1e3dd294-ebc3-4639-bbbd-1332922b787b::input-params ::GET::::{}
2024-10-06 07:38:30::info::/v1/api/order/readTalentOrderHistory::f3f1c15f-f307-402b-97d8-f2caff56d305::input-params ::GET::::{}
2024-10-06 07:39:28::info::/v1/api/movement/readMovements::d0c90955-1c5e-4c50-917f-d255c173a33c::input-params ::GET::::{}
2024-10-06 07:39:28::info::/v1/api/order/readTalentOrderHistory::87cd2e9c-9cf1-4fc8-aaef-99e5e8a6226f::input-params ::GET::::{}
2024-10-06 07:39:32::info::/v1/api/movement/readMovements::931dc7bc-9e3c-4807-afba-364fc619fa42::input-params ::GET::::{}
2024-10-06 07:39:32::info::/v1/api/order/readTalentOrderHistory::42338461-dd85-4f0c-9938-5734b960bf34::input-params ::GET::::{}
2024-10-06 07:39:47::info::/v1/api/movement/readMovements::4ac2b83d-6164-453c-aa9a-7c2643dfb8a3::input-params ::GET::::{}
2024-10-06 07:39:47::info::/v1/api/order/readTalentOrderHistory::5539153f-b738-4fe0-a16b-3976e668825c::input-params ::GET::::{}
2024-10-06 07:48:11::info::/v1/api/movement/readMovements::2051a6a8-c8b9-439d-983e-e2bc1301d3c9::input-params ::GET::::{}
2024-10-06 07:48:11::info::/v1/api/order/readTalentOrderHistory::8e499b50-828e-46cc-bdd3-8255cd2a5883::input-params ::GET::::{}
2024-10-06 07:48:33::info::/v1/api/movement/readMovements::af610f72-c764-43de-a360-3f3b15869cee::input-params ::GET::::{}
2024-10-06 07:48:33::info::/v1/api/order/readTalentOrderHistory::55bbfd09-4811-4c43-a5cf-316c0eacdc12::input-params ::GET::::{}
2024-10-06 07:48:41::info::/v1/api/movement/readMovements::cbc901bc-68db-4545-9076-418fc5279939::input-params ::GET::::{}
2024-10-06 07:48:41::info::/v1/api/order/readTalentOrderHistory::b4606293-4d2e-428a-aabb-9824a7abc659::input-params ::GET::::{}
2024-10-06 07:49:00::info::/v1/api/movement/readMovements::86b57d0f-7a3d-4de2-891a-44197fded50b::input-params ::GET::::{}
2024-10-06 07:49:00::info::/v1/api/order/readTalentOrderHistory::537165ec-0b7f-4865-8d56-66fd5c9baeb7::input-params ::GET::::{}
2024-10-06 07:49:10::info::/v1/api/movement/readMovements::2b0b4ecf-e19f-4a97-a3c7-9bee75d3da32::input-params ::GET::::{}
2024-10-06 07:49:10::info::/v1/api/order/readTalentOrderHistory::85734d06-328d-471e-9bb6-2fff7023637f::input-params ::GET::::{}
2024-10-06 07:49:13::info::/v1/api/movement/readMovements::5a7346ab-acaa-4a62-8ef0-609177d489ae::input-params ::GET::::{}
2024-10-06 07:49:13::info::/v1/api/order/readTalentOrderHistory::40ad7421-2658-4a1d-85d9-7bb466df0110::input-params ::GET::::{}
2024-10-06 07:49:50::info::/v1/api/order/readTalentOrderHistory::d67f3b34-0b42-4301-b143-7f7a9adc5774::input-params ::GET::::{}
2024-10-06 07:49:50::info::/v1/api/order/readOrder/66ff651ea9550fbb204debc7::fb9ef937-31e1-412d-b880-37406c820205::input-params ::GET::::{}
2024-10-06 07:50:12::info::/v1/api/order/readArchivedOrderHistory::52ab4e7b-181f-47ea-acbd-1d1b907d779c::input-params ::GET::::{}
2024-10-06 07:50:50::info::/v1/api/movement/readMovements::8c159a56-37ac-4809-b893-9f4654ce5553::input-params ::GET::::{}
2024-10-06 07:51:04::info::/v1/api/movement/readMovements::44e73220-3146-470d-af0e-df71ab493e74::input-params ::GET::::{}
2024-10-06 07:53:18::info::/v1/api/movement/readMovements::a9f77d50-f987-4fe3-9608-6e8c5c626e5a::input-params ::GET::::{}
2024-10-06 07:53:22::info::/v1/api/movement/readMovements::8edb2534-56db-4948-afda-d4b4d8479294::input-params ::GET::::{}
2024-10-06 07:53:23::info::/v1/api/user/me::a96a34c0-0bee-4295-8a53-8beac871cb9d::input-params ::GET::::{}
2024-10-06 07:53:23::info::/v1/api/movement/readMovements::0beab9c0-1b67-4479-8bb1-a16532ad2f3a::input-params ::GET::::{}
2024-10-06 07:53:23::info::/v1/api/order/readTalentOrderHistory::07e72b27-3465-4c40-9b49-30f3f4611b49::input-params ::GET::::{}
2024-10-06 07:53:23::info::/v1/api/order/readOrder/66ff651ea9550fbb204debc7::f09d1aa3-43af-4ca1-940c-187e0574d985::input-params ::GET::::{}
2024-10-06 07:53:32::info::/v1/api/order/readTalentOrderHistory::f42d2570-77e4-4e67-8f1c-91ad88b9cae3::input-params ::GET::::{}
2024-10-06 07:53:43::info::/v1/api/movement/readMovements::528275c6-63c3-419a-b57c-f150d10449c3::input-params ::GET::::{}
2024-10-06 07:53:44::info::/v1/api/order/readTalentOrderHistory::b16f2628-9351-49a5-a0f4-4ad2d74e62ce::input-params ::GET::::{}
2024-10-06 07:53:44::info::/v1/api/order/readOrder/66ff651ea9550fbb204debc7::171096c4-6a38-4ffe-b8e8-24af9777e61a::input-params ::GET::::{}
2024-10-06 07:53:46::info::/v1/api/movement/readMovements::62704f7e-d556-4591-a362-db79d9475f34::input-params ::GET::::{}
2024-10-06 07:53:46::info::/v1/api/order/readTalentOrderHistory::20659b7a-fc61-40b6-87d3-249388fd77c2::input-params ::GET::::{}
2024-10-06 07:53:46::info::/v1/api/order/readOrder/66ff651ea9550fbb204debc7::0498484a-d5e6-48e3-9c5d-04f77914190f::input-params ::GET::::{}
2024-10-06 07:53:46::info::/v1/api/user/me::96a7bcdd-840f-44e7-a239-0367dbb2c051::input-params ::GET::::{}
2024-10-06 07:53:47::info::/v1/api/movement/readMovements::469a979e-d904-4dac-8bd6-e2c183b98f4e::input-params ::GET::::{}
2024-10-06 07:53:47::info::/v1/api/order/readTalentOrderHistory::59a4a9f7-69f8-43f1-a1f5-a81de9b70ccd::input-params ::GET::::{}
2024-10-06 07:53:47::info::/v1/api/order/readOrder/66ff651ea9550fbb204debc7::e0087e3e-b98e-4a7e-8f81-c43414223828::input-params ::GET::::{}
2024-10-06 07:56:58::info::/v1/api/movement/readMovements::87d3e7d3-95bf-4392-a4bd-9bc835da0ea4::input-params ::GET::::{}
2024-10-06 07:56:59::info::/v1/api/movement/readMovements::1d47becd-a727-433d-9b0a-df4b432394c3::input-params ::GET::::{}
2024-10-06 07:57:13::info::/v1/api/movement/readMovements::f6a7a5e7-fed3-4439-8bba-0131ed030d7e::input-params ::GET::::{}
2024-10-06 07:57:23::info::/v1/api/order/readTalentOrderHistory::36611b05-ebb0-4953-b1a1-aeb33548ddb7::input-params ::GET::::{}
2024-10-06 07:57:23::info::/v1/api/order/readOrder/66ff651ea9550fbb204debc7::b1111801-bca7-4490-9dac-05abcfcf077e::input-params ::GET::::{}
2024-10-06 07:57:24::info::/v1/api/movement/readMovements::2d677578-f1fb-48f5-985b-50e91600513f::input-params ::GET::::{}
2024-10-06 07:57:24::info::/v1/api/order/readTalentOrderHistory::f7eb4703-ede1-4042-9931-13917a836d30::input-params ::GET::::{}
2024-10-06 07:57:24::info::/v1/api/order/readOrder/66ff651ea9550fbb204debc7::c3a03f80-13b6-4a1c-a748-76a614be2efd::input-params ::GET::::{}
2024-10-06 07:57:31::info::/v1/api/order/readOrder/66ff651ea9550fbb204debc7::1799da73-df3d-4539-b744-637cb25a4c96::input-params ::GET::::{}
2024-10-06 07:57:50::info::/v1/api/order/readTalentOrderHistory::9f0ed2e8-282f-4bae-a2b4-c38acba13b43::input-params ::GET::::{}
2024-10-06 07:57:51::info::/v1/api/order/readTalentOrderHistory::3f37ba7f-bca5-4dcf-9c97-d4ec15423442::input-params ::GET::::{}
2024-10-06 07:57:58::info::/v1/api/order/readTalentOrderHistory::bba73263-8149-49aa-b6fa-e01fc5ea2468::input-params ::GET::::{}
2024-10-06 07:58:03::info::/v1/api/order/readTalentOrderHistory::cd6ff02d-e41a-4274-89da-c57e89f6d0ee::input-params ::GET::::{}
2024-10-06 07:58:04::info::/v1/api/order/readTalentOrderHistory::fac817b3-bdb0-4277-a890-1bfdf32d2dcd::input-params ::GET::::{}
2024-10-06 07:58:05::info::/v1/api/order/readTalentOrderHistory::fd842b4d-2134-4d70-a4f2-2a4c01bb5638::input-params ::GET::::{}
2024-10-06 07:58:17::info::/v1/api/order/readTalentOrderHistory::789ecb5e-d395-4a64-a398-26c092733eec::input-params ::GET::::{}
2024-10-06 07:58:35::info::/v1/api/order/readTalentOrderHistory::19410e6b-9f3a-4713-90eb-deb302830bcf::input-params ::GET::::{}
2024-10-06 07:58:57::info::/v1/api/order/readTalentOrderHistory::bccdcfd1-e7dc-46b5-83b2-356ecf34f318::input-params ::GET::::{}
2024-10-06 07:58:58::info::/v1/api/order/readTalentOrderHistory::1b8f3ad6-8525-40af-9fc1-866cdb1b5bac::input-params ::GET::::{}
2024-10-06 07:59:01::info::/v1/api/order/readTalentOrderHistory::1d3b4c0e-e930-4740-8fcb-88ebe919f16f::input-params ::GET::::{}
2024-10-06 07:59:03::info::/v1/api/order/readTalentOrderHistory::5c53b65e-2caa-4305-a5b3-50073fb7ca9f::input-params ::GET::::{}
2024-10-06 07:59:04::info::/v1/api/movement/readMovements::8ab82838-9ce5-48a0-8f9c-73bc411fdd74::input-params ::GET::::{}
2024-10-06 07:59:04::info::/v1/api/order/readTalentOrderHistory::7584cf96-f0fb-4304-8e5e-337221e8b83d::input-params ::GET::::{}
2024-10-06 07:59:06::info::/v1/api/user/me::7fc0f80d-9d59-42f8-9269-523b92e5e963::input-params ::GET::::{}
2024-10-06 07:59:07::info::/v1/api/movement/readMovements::01eea049-56fd-44e2-aa66-0eeb8e1e97dc::input-params ::GET::::{}
2024-10-06 07:59:07::info::/v1/api/order/readTalentOrderHistory::e05dd6c0-517e-4010-b8ae-32168360a965::input-params ::GET::::{}
2024-10-06 07:59:08::info::/v1/api/order/readOrder/66ff651ea9550fbb204debc7::b4e20436-bcf9-47e3-9c28-964ee10595b7::input-params ::GET::::{}
2024-10-06 07:59:10::info::/v1/api/order/readOrder/66ff651ea9550fbb204debc7::d27ffd26-bab7-4126-8b34-8675285e8244::input-params ::GET::::{}
2024-10-06 07:59:13::info::/v1/api/order/readOrder/66ff651ea9550fbb204debc7::8b5a9bfe-68f4-40f2-87a0-e5503ab222e8::input-params ::GET::::{}
2024-10-06 07:59:53::info::/v1/api/order/readTalentOrderHistory::90e8b115-d8d8-4e7e-b877-2a9a63b68b27::input-params ::GET::::{}
2024-10-06 08:00:03::info::/v1/api/movement/readMovements::527f05b1-a5a0-4617-aad3-c1e8723448e4::input-params ::GET::::{}
2024-10-06 08:00:06::info::/v1/api/user/me::70ec725f-730c-487b-a2cd-b5e17eb38b9e::input-params ::GET::::{}
2024-10-06 08:00:06::info::/v1/api/movement/readMovements::31bfc2f2-de8d-42fe-a2ba-db0464a5f7e7::input-params ::GET::::{}
2024-10-06 08:00:06::info::/v1/api/order/readTalentOrderHistory::2a458672-abe0-4fd8-9ed2-929b34c9d4a3::input-params ::GET::::{}
2024-10-06 08:00:06::info::/v1/api/order/readOrder/66ff651ea9550fbb204debc7::ac8397be-0713-4427-8bc6-605cad650369::input-params ::GET::::{}
2024-10-06 08:00:18::info::/v1/api/movement/readMovements::2c283876-a84d-4a4a-a357-c5d542788cb7::input-params ::GET::::{}
2024-10-06 08:00:41::info::/v1/api/user/me::9aa65cb6-8dcd-4e7c-94ac-225529f13ac1::input-params ::GET::::{}
2024-10-06 08:00:42::info::/v1/api/movement/readMovements::d1f6d886-9405-4f85-9d4c-29ea41d7526e::input-params ::GET::::{}
2024-10-06 08:00:42::info::/v1/api/order/readTalentOrderHistory::ef0a3ceb-776b-4fe3-86f6-4843b8df4b3c::input-params ::GET::::{}
2024-10-06 08:00:42::info::/v1/api/order/readOrder/66ff651ea9550fbb204debc7::1dac551f-dc36-4995-b0d0-5d3e255062b5::input-params ::GET::::{}
2024-10-06 08:00:44::info::/v1/api/order/archiveOrder/66ff651ea9550fbb204debc7::92d39fc4-0105-4fd1-b806-dba173f91804::input-params ::PATCH::::{}
2024-10-06 08:00:57::info::/v1/api/movement/readMovements::37f96f69-5548-4d7d-8a2e-77cdd9221c93::input-params ::GET::::{}
2024-10-06 08:00:57::info::/v1/api/order/readTalentOrderHistory::4ce042a4-6b6e-4383-bb98-1ebfd8d5d5ed::input-params ::GET::::{}
2024-10-06 08:00:57::info::/v1/api/order/readOrder/66ff651ea9550fbb204debc7::3b7187b8-792c-44d3-807f-604d7d2c92df::input-params ::GET::::{}
2024-10-06 08:00:58::info::/v1/api/order/archiveOrder/66ff651ea9550fbb204debc7::7f77fbd6-7198-4b36-8bc3-28ccc36d8140::input-params ::PATCH::::{}
2024-10-06 08:00:58::info::/v1/api/order/readTalentOrderHistory::b83e4bbc-a914-4b3c-bd56-6c2a90f6e732::input-params ::GET::::{}
2024-10-06 08:01:02::info::/v1/api/user/me::1912f170-f500-40c1-a101-4ca68a96d024::input-params ::GET::::{}
2024-10-06 08:01:02::info::/v1/api/movement/readMovements::36522908-d8fd-4a44-9c60-9c9f3bfb13d6::input-params ::GET::::{}
2024-10-06 08:01:02::info::/v1/api/order/readTalentOrderHistory::c044edf1-90c0-4d55-a120-718bef0c24e0::input-params ::GET::::{}
2024-10-06 08:01:04::info::/v1/api/order/readOrder/66ff64ffa9550fbb204deb96::7456af68-bf96-4f7b-9ae8-6c5878b49981::input-params ::GET::::{}
2024-10-06 08:01:06::info::/v1/api/order/archiveOrder/66ff64ffa9550fbb204deb96::3befafac-4b37-409a-a05d-d4f551389eac::input-params ::PATCH::::{}
2024-10-06 08:01:06::info::/v1/api/order/readTalentOrderHistory::2bb1fc8b-5aac-4b92-9d43-a6ae0c5f7cb5::input-params ::GET::::{}
2024-10-06 08:01:38::info::/v1/api/movement/readMovements::b119da9b-c3c0-44b7-8956-ea758b3f8d93::input-params ::GET::::{}
2024-10-06 08:01:38::info::/v1/api/order/readTalentOrderHistory::f40cccb3-70f8-46ce-9dd2-a7d1295e35b1::input-params ::GET::::{}
2024-10-06 08:01:38::info::/v1/api/order/readOrder/66ff64ffa9550fbb204deb96::01d9295a-89cf-4121-b96c-3fd78ef1a779::input-params ::GET::::{}
2024-10-06 08:01:38::info::/v1/api/movement/readMovements::1fefc69a-da45-42e1-be90-a7252bf74816::input-params ::GET::::{}
2024-10-06 08:01:38::info::/v1/api/order/readTalentOrderHistory::2f4abba2-d77a-4f91-a1b1-537e44745ff6::input-params ::GET::::{}
2024-10-06 08:01:38::info::/v1/api/order/readOrder/66ff64ffa9550fbb204deb96::4842343a-9f0a-4608-92a3-3c3fe426279e::input-params ::GET::::{}
2024-10-06 08:01:41::info::/v1/api/user/me::fc2cc321-4943-4bdc-878d-d98529fa1a89::input-params ::GET::::{}
2024-10-06 08:01:41::info::/v1/api/movement/readMovements::e802e8f4-587d-4dfb-a261-4645a262122e::input-params ::GET::::{}
2024-10-06 08:01:41::info::/v1/api/order/readTalentOrderHistory::175bca9c-4bb0-4019-abc0-9cea6a62da54::input-params ::GET::::{}
2024-10-06 08:01:43::info::/v1/api/order/readOrder/66fe8c339b1ac0eff672291d::e6696e7a-3160-4188-8db6-aa03658ad4ee::input-params ::GET::::{}
2024-10-06 08:01:44::info::/v1/api/order/archiveOrder/66fe8c339b1ac0eff672291d::1bd25fdb-438b-4e89-b3e6-e7511b4c4593::input-params ::PATCH::::{}
2024-10-06 08:01:44::info::/v1/api/order/readTalentOrderHistory::98cb1ee0-9808-48b7-a041-67b44186f90d::input-params ::GET::::{}
2024-10-06 08:01:46::info::/v1/api/order/readArchivedOrderHistory::44471047-81d8-44c1-bf57-f555eedd8c1a::input-params ::GET::::{}
2024-10-06 08:01:49::info::/v1/api/user/me::81e26ed5-04e5-4a78-9a85-0747387f9851::input-params ::GET::::{}
2024-10-06 08:01:49::info::/v1/api/movement/readMovements::1df1c27a-17d8-46c0-a11f-a8054feade24::input-params ::GET::::{}
2024-10-06 08:01:49::info::/v1/api/order/readTalentOrderHistory::b3f1d3f2-cc23-4c96-ae79-05af87a63170::input-params ::GET::::{}
2024-10-06 08:01:51::info::/v1/api/order/readArchivedOrderHistory::5751e149-4b05-4c40-bd93-a027ff95b222::input-params ::GET::::{}
2024-10-06 08:01:57::info::/v1/api/order/readOrder/66fe8c339b1ac0eff672291d::ac598878-28b5-4693-907b-4d0d6afc735d::input-params ::GET::::{}
2024-10-06 08:01:59::info::/v1/api/order/readOrder/66ff64ffa9550fbb204deb96::3b6df803-1c39-4b88-aa21-d3fd0f2523d5::input-params ::GET::::{}
2024-10-06 08:02:01::info::/v1/api/order/readOrder/66ff651ea9550fbb204debc7::163f6017-4c50-4560-a9b6-9294ab74b2e8::input-params ::GET::::{}
2024-10-06 08:02:02::info::/v1/api/user/me::759845da-720b-4fa6-9813-2ad23857bc0e::input-params ::GET::::{}
2024-10-06 08:02:03::info::/v1/api/movement/readMovements::55dbc1e0-d491-4eb6-9017-e6ed15375ecd::input-params ::GET::::{}
2024-10-06 08:02:03::info::/v1/api/order/readTalentOrderHistory::dc13c79f-c02b-4ca1-958b-7c6446f12200::input-params ::GET::::{}
2024-10-06 08:02:03::info::/v1/api/order/readOrder/66ff651ea9550fbb204debc7::8ad44562-cad4-4b27-92bc-3706c34b507c::input-params ::GET::::{}
2024-10-06 08:02:05::info::/v1/api/order/readArchivedOrderHistory::02ac1e8c-1aa0-4810-a925-0b9d4462bff3::input-params ::GET::::{}
2024-10-06 08:02:26::info::/v1/api/movement/readMovements::d77759f5-699f-4006-954e-bda204c2a40e::input-params ::GET::::{}
2024-10-06 08:02:26::info::/v1/api/order/readArchivedOrderHistory::cfec257d-a13c-4cb7-9dcf-74ba970cf488::input-params ::GET::::{}
2024-10-06 08:04:48::info::/v1/api/order/readArchivedOrderHistory::db28500c-d1e0-49e4-88a8-d0f874bd7ee3::input-params ::GET::::{}
2024-10-06 08:05:10::info::/v1/api/movement/readMovements::72c188cf-b455-410e-99bf-e29d527d1d0f::input-params ::GET::::{}
2024-10-06 08:05:10::info::/v1/api/order/readArchivedOrderHistory::d92f1021-e795-4767-b25c-3f69d4938e93::input-params ::GET::::{}
2024-10-06 08:05:13::info::/v1/api/user/me::9f986366-4bd3-4220-8c30-45a360a96628::input-params ::GET::::{}
2024-10-06 08:05:14::info::/v1/api/movement/readMovements::5b106322-d902-4f72-9571-299f582b214f::input-params ::GET::::{}
2024-10-06 08:05:14::info::/v1/api/order/readTalentOrderHistory::4c417847-0b46-4693-95e2-02e57db4ee02::input-params ::GET::::{}
2024-10-06 08:05:15::info::/v1/api/order/readArchivedOrderHistory::201c3af8-9698-4c9d-9871-15317bebff48::input-params ::GET::::{}
2024-10-06 08:05:59::info::/v1/api/order/readArchivedOrderHistory::0c8fce49-8d2e-4bf2-8d08-7ab5cfe5044e::input-params ::GET::::{}
2024-10-06 08:06:20::info::/v1/api/order/readArchivedOrderHistory::24e7d12d-8794-4a95-a256-2908a84efe43::input-params ::GET::::{}
2024-10-06 08:06:27::info::/v1/api/order/readArchivedOrderHistory::71c54c20-3da4-4400-b8cf-16864279e21f::input-params ::GET::::{}
2024-10-06 08:06:28::info::/v1/api/order/readArchivedOrderHistory::b202d865-bae7-416f-b8f5-3edd4d91b547::input-params ::GET::::{}
2024-10-06 08:06:37::info::/v1/api/order/readArchivedOrderHistory::18b53c4d-0e08-4b41-bb60-2a161468b4a2::input-params ::GET::::{}
2024-10-06 08:06:45::info::/v1/api/order/readArchivedOrderHistory::cdf6737e-2463-4da8-b8b1-25a3ff66f96f::input-params ::GET::::{}
2024-10-06 08:06:56::info::/v1/api/order/readArchivedOrderHistory::b980e79a-dd0a-4152-892d-e210bb87cfb1::input-params ::GET::::{}
2024-10-06 08:06:57::info::/v1/api/order/readArchivedOrderHistory::afe77d4a-b446-4189-910e-ec94c046b787::input-params ::GET::::{}
2024-10-06 08:07:09::info::/v1/api/order/readArchivedOrderHistory::bdc5fd57-ef5a-4e3e-85fb-23e5b9dc4230::input-params ::GET::::{}
2024-10-06 08:07:18::info::/v1/api/order/readArchivedOrderHistory::d8010203-d3b8-4306-ae00-63d58ae785ad::input-params ::GET::::{}
2024-10-06 08:07:25::info::/v1/api/order/readArchivedOrderHistory::f245e552-6b94-4bb9-9a38-80d800627d50::input-params ::GET::::{}
2024-10-06 08:07:26::info::/v1/api/movement/readMovements::65d5b8fc-599f-4582-910b-31bddf6aebd6::input-params ::GET::::{}
2024-10-06 08:07:26::info::/v1/api/order/readArchivedOrderHistory::a2663f2f-e58b-43cc-a431-f333cd0987f3::input-params ::GET::::{}
2024-10-06 08:07:31::info::/v1/api/order/readMemberOrderHistory::e110bae6-5353-4bb3-8cfe-df5633fa171f::input-params ::GET::::{}
2024-10-06 08:07:32::info::/v1/api/order/readArchivedOrderHistory::2880e593-7637-480f-bf7e-7a0802bbf6a3::input-params ::GET::::{}
2024-10-06 08:07:36::info::/v1/api/order/readArchivedOrderHistory::dcaa6b06-611c-4630-b3e5-9a9702388c63::input-params ::GET::::{}
2024-10-06 08:07:50::info::/v1/api/movement/readMovements::f2b7c305-5b94-417a-8225-7d36992e7419::input-params ::GET::::{}
2024-10-06 08:07:50::info::/v1/api/order/readArchivedOrderHistory::42b7330b-7cad-474d-bb80-aa374f1d2846::input-params ::GET::::{}
2024-10-06 08:07:54::info::/v1/api/order/readArchivedOrderHistory::57cc5de5-f29c-401a-852f-faf9a1c51591::input-params ::GET::::{}
2024-10-06 08:07:55::info::/v1/api/order/readArchivedOrderHistory::20f59b17-cf02-4075-b38b-8cf8ad2ce601::input-params ::GET::::{}
2024-10-06 08:07:55::info::/v1/api/movement/readMovements::b2c5d349-46d0-407a-91f7-97da83053a26::input-params ::GET::::{}
2024-10-06 08:08:04::info::/v1/api/order/readArchivedOrderHistory::a02d6dab-ca57-4081-bf92-ff4240e1e95a::input-params ::GET::::{}
2024-10-06 08:08:08::info::/v1/api/order/readArchivedOrderHistory::08439ced-78f9-42bf-8dbb-29d67bbc00bd::input-params ::GET::::{}
2024-10-06 08:08:13::info::/v1/api/order/readArchivedOrderHistory::ee1f04d3-c229-43e1-a3b7-36474808d8d6::input-params ::GET::::{}
2024-10-06 08:08:18::info::/v1/api/order/readArchivedOrderHistory::63e4a99b-6951-490f-b895-cd516b631de5::input-params ::GET::::{}
2024-10-06 08:08:49::info::/v1/api/order/readArchivedOrderHistory::59e1cbd0-c5e8-448f-ad52-11c87a13f97c::input-params ::GET::::{}
2024-10-06 08:08:50::info::/v1/api/order/readArchivedOrderHistory::64b4f2ff-927b-4abd-804c-90c4ef88716f::input-params ::GET::::{}
2024-10-06 08:08:52::info::/v1/api/movement/readMovements::06e967ee-6a24-4a3d-8fb7-1e84fcbc47bb::input-params ::GET::::{}
2024-10-06 08:08:52::info::/v1/api/order/readArchivedOrderHistory::154c2cc9-667e-48bd-b59b-d2553a388a6c::input-params ::GET::::{}
2024-10-06 08:08:53::info::/v1/api/order/readOrder/66ff651ea9550fbb204debc7::bac15739-5318-4a94-b0e2-69e5bcc7cbc6::input-params ::GET::::{}
2024-10-06 08:09:29::info::/v1/api/movement/readMovements::d50fdb37-d21e-4448-877a-232e0f37eb15::input-params ::GET::::{}
2024-10-06 08:09:29::info::/v1/api/order/readArchivedOrderHistory::ee6005c4-6772-4408-817c-0c8cf4692e24::input-params ::GET::::{}
2024-10-06 08:09:29::info::/v1/api/order/readOrder/66ff651ea9550fbb204debc7::643d0507-1dfe-451b-94ab-0254bc8d6e9e::input-params ::GET::::{}
2024-10-06 08:09:31::info::/v1/api/order/readOrder/66ff651ea9550fbb204debc7::c408852d-a3ba-434a-a9a8-9091a7b2da3f::input-params ::GET::::{}
2024-10-06 08:09:45::info::/v1/api/order/readArchivedOrderHistory::77b9babc-bcf7-48a1-9620-c915936739c5::input-params ::GET::::{}
2024-10-06 08:09:45::info::/v1/api/movement/readMovements::34a911df-0afa-4b9e-9518-40f963e40c5f::input-params ::GET::::{}
2024-10-06 08:09:45::info::/v1/api/order/readArchivedOrderHistory::1a56c3cb-0016-415b-84c7-b5fe2dc84793::input-params ::GET::::{}
2024-10-06 08:09:45::info::/v1/api/order/readOrder/66ff651ea9550fbb204debc7::31dadc8a-1a32-4f52-827c-2b3eb25541d5::input-params ::GET::::{}
2024-10-06 08:09:47::info::/v1/api/order/readOrder/66ff651ea9550fbb204debc7::274c1e32-ed92-4fc7-9892-152b845319eb::input-params ::GET::::{}
2024-10-06 08:09:49::info::/v1/api/order/readOrder/66ff651ea9550fbb204debc7::6e55c287-e318-4ce5-806a-63d9135299b7::input-params ::GET::::{}
2024-10-06 08:10:00::info::/v1/api/movement/readMovements::cf97ef6a-c8bb-45a2-bc46-2bbba9f3551c::input-params ::GET::::{}
2024-10-06 08:10:00::info::/v1/api/order/readArchivedOrderHistory::b846cdd6-acc4-4ef7-ba40-de729a11c2ee::input-params ::GET::::{}
2024-10-06 08:10:00::info::/v1/api/order/readOrder/66ff651ea9550fbb204debc7::09754310-7698-4913-bcc4-a910ecf9a5ce::input-params ::GET::::{}
2024-10-06 08:10:01::info::/v1/api/user/me::05085680-5e09-490a-8187-6b938420babb::input-params ::GET::::{}
2024-10-06 08:10:02::info::/v1/api/movement/readMovements::16592303-f1d6-4a3e-b51a-96e3dd8e63d7::input-params ::GET::::{}
2024-10-06 08:10:02::info::/v1/api/order/readTalentOrderHistory::1cbdad2b-0d4f-4419-b649-7c78d9e8bedb::input-params ::GET::::{}
2024-10-06 08:10:03::info::/v1/api/order/readArchivedOrderHistory::8a61a7c0-8afc-4b1a-aaa7-cde09be3af91::input-params ::GET::::{}
2024-10-06 08:10:32::info::/v1/api/movement/readMovements::29c21fa5-9893-4b48-a02b-d51bc6bf7514::input-params ::GET::::{}
2024-10-06 08:10:32::info::/v1/api/order/readArchivedOrderHistory::27d7a654-f948-40f0-8ddd-e95f9ddb8e29::input-params ::GET::::{}
2024-10-06 08:10:32::info::/v1/api/order/readOrder/66ff651ea9550fbb204debc7::fbc99ac7-7fd3-4b93-bda1-bbfd4d1d0b3b::input-params ::GET::::{}
2024-10-06 08:11:05::info::/v1/api/movement/readMovements::4d1d6286-f1ee-4a5e-b08d-7d73fd403e83::input-params ::GET::::{}
2024-10-06 08:11:05::info::/v1/api/order/readArchivedOrderHistory::fccac254-173a-431f-8fd1-4e85bf5b0b16::input-params ::GET::::{}
2024-10-06 08:11:05::info::/v1/api/order/readOrder/66ff651ea9550fbb204debc7::f9f7e868-e6bb-43c3-aef6-759e1fb49162::input-params ::GET::::{}
2024-10-06 08:11:07::info::/v1/api/order/readOrder/66ff651ea9550fbb204debc7::5bcb2242-0911-499b-9b75-50e817cd450c::input-params ::GET::::{}
2024-10-06 08:11:07::info::/v1/api/order/unarchiveOrder/66ff651ea9550fbb204debc7::0d2bf8fc-3e1d-4f73-9442-8c0baa86fc65::input-params ::PATCH::::{}
2024-10-06 08:11:07::info::/v1/api/order/readArchivedOrderHistory::cfe50d61-b669-4551-95fe-1fbaa5bd11a7::input-params ::GET::::{}
2024-10-06 08:11:10::info::/v1/api/order/readTalentOrderHistory::0643f3e7-f634-42d7-a4d5-045ddc93376a::input-params ::GET::::{}
2024-10-06 08:11:11::info::/v1/api/order/readArchivedOrderHistory::85163948-d8fd-4a6e-8e39-63e7a63be2ba::input-params ::GET::::{}
2024-10-06 08:15:14::info::/v1/api/movement/readMovements::df00f4ec-2b66-447a-a3b2-fe6e08d5dda0::input-params ::GET::::{}
2024-10-06 08:15:14::info::/v1/api/order/readArchivedOrderHistory::2af97e9c-93c1-4917-b0af-dd0d4857e669::input-params ::GET::::{}
2024-10-06 08:16:38::info::/v1/api/movement/readMovements::da3549b8-15f6-4fde-a6ff-58546a823ef7::input-params ::GET::::{}
2024-10-06 08:16:38::info::/v1/api/order/readArchivedOrderHistory::e40bc919-3c1c-45e2-b22e-7513f1682196::input-params ::GET::::{}
2024-10-06 08:16:51::info::/v1/api/movement/readMovements::da6ac64c-999c-4d82-8354-180b46cceac7::input-params ::GET::::{}
2024-10-06 08:16:51::info::/v1/api/order/readArchivedOrderHistory::257bcca7-bb34-45dc-8099-3c7ed8f55f2a::input-params ::GET::::{}
2024-10-06 08:16:56::info::/v1/api/movement/readMovements::944ecb7d-29ac-4b32-a2f9-beb863f2c5be::input-params ::GET::::{}
2024-10-06 08:16:56::info::/v1/api/order/readArchivedOrderHistory::cc1a62a4-df9e-4c7e-b7b1-ec236c401b6b::input-params ::GET::::{}
2024-10-06 08:16:57::info::/v1/api/movement/readMovements::d0da9c9a-195b-4b5b-89ad-eeafc9517569::input-params ::GET::::{}
2024-10-06 08:16:57::info::/v1/api/order/readArchivedOrderHistory::31b79333-c16b-47b8-afc3-eadf0f4c7ec0::input-params ::GET::::{}
2024-10-06 08:21:14::info::/v1/api/movement/readMovements::cfc6a0dd-713a-4703-ae23-cfb0fb3a202c::input-params ::GET::::{}
2024-10-06 08:21:14::info::/v1/api/order/readArchivedOrderHistory::1615ef6e-0c55-4b2f-9cf4-1201c7cd5f9b::input-params ::GET::::{}
2024-10-06 08:21:15::info::/v1/api/order/readOrder/66ff64ffa9550fbb204deb96::c3e1ce5c-2add-451a-8e3c-9a7b51d2a192::input-params ::GET::::{}
2024-10-06 08:23:41::info::/v1/api/movement/readMovements::1af54cbf-b840-4233-8efe-343155b43005::input-params ::GET::::{}
2024-10-06 08:23:41::info::/v1/api/order/readArchivedOrderHistory::d401fcbd-2b17-4ddd-8f79-c552c0c6cce3::input-params ::GET::::{}
2024-10-06 08:23:41::info::/v1/api/order/readOrder/66ff64ffa9550fbb204deb96::451b395b-82fe-4184-b567-22989db79780::input-params ::GET::::{}
2024-10-06 08:23:54::info::/v1/api/movement/readMovements::e1074e00-aa71-499f-9947-8d0bf143a09f::input-params ::GET::::{}
2024-10-06 08:23:54::info::/v1/api/order/readArchivedOrderHistory::56c11103-dc64-4f10-9658-565b4cc83edf::input-params ::GET::::{}
2024-10-06 08:23:54::info::/v1/api/order/readOrder/66ff64ffa9550fbb204deb96::0882f6ca-5170-4f6f-86d8-7316f453213e::input-params ::GET::::{}
2024-10-06 08:24:11::info::/v1/api/notification/readNotifications::bc3bd508-5115-4dc9-9324-e745a4a9340d::input-params ::PATCH::::{}
2024-10-06 08:24:14::info::/v1/api/order/readOrder/66ff64ffa9550fbb204deb96::a1375357-bc5c-449d-8210-10be41b9c16f::input-params ::GET::::{}
2024-10-06 08:24:16::info::/v1/api/movement/readMovements::01de1002-caf3-44d2-b348-4652bfb0c864::input-params ::GET::::{}
2024-10-06 08:24:16::info::/v1/api/order/readArchivedOrderHistory::790986ce-c50f-46c8-be35-4def3870683b::input-params ::GET::::{}
2024-10-06 08:24:16::info::/v1/api/order/readOrder/66ff64ffa9550fbb204deb96::39af5655-dfa4-4ec2-8bf1-fb708f562d9c::input-params ::GET::::{}
2024-10-06 08:24:17::info::/v1/api/movement/readMovements::8c782216-bef5-4017-a5d8-497b9c60470f::input-params ::GET::::{}
2024-10-06 08:24:17::info::/v1/api/order/readArchivedOrderHistory::ce650319-1001-4669-902f-d0bf687bcfaa::input-params ::GET::::{}
2024-10-06 08:24:17::info::/v1/api/order/readOrder/66ff64ffa9550fbb204deb96::52672b14-0fa1-4a4f-ba81-6082cc60ac6d::input-params ::GET::::{}
2024-10-06 08:24:19::info::/v1/api/movement/readMovements::672590cf-2217-439f-8ad1-724ccf39be4e::input-params ::GET::::{}
2024-10-06 08:24:19::info::/v1/api/order/readArchivedOrderHistory::3502746f-601b-4757-8708-6deac264779a::input-params ::GET::::{}
2024-10-06 08:24:19::info::/v1/api/order/readOrder/66ff64ffa9550fbb204deb96::9797775a-0616-410c-8abe-dae1ddad18af::input-params ::GET::::{}
2024-10-06 08:24:45::info::/v1/api/movement/readMovements::e7d1f84f-2c86-434e-89ed-e5b314dc6a8a::input-params ::GET::::{}
2024-10-06 08:24:45::info::/v1/api/order/readArchivedOrderHistory::edfc3711-3e1e-49ee-b821-8732f0437719::input-params ::GET::::{}
2024-10-06 08:24:45::info::/v1/api/order/readOrder/66ff64ffa9550fbb204deb96::af7d421f-d132-436d-828f-b6aae0f14339::input-params ::GET::::{}
2024-10-06 08:24:48::info::/v1/api/movement/readMovements::8b3d8be1-6257-414c-9dc2-e878d69cc657::input-params ::GET::::{}
2024-10-06 08:24:48::info::/v1/api/order/readArchivedOrderHistory::9fbc2ea6-a549-49af-a296-1d530fbe90d1::input-params ::GET::::{}
2024-10-06 08:24:48::info::/v1/api/order/readOrder/66ff64ffa9550fbb204deb96::08d2dea4-a275-497d-80ea-0d2a9c19262e::input-params ::GET::::{}
2024-10-06 08:25:23::info::/v1/api/movement/readMovements::2a20102a-b726-48e1-a980-ee3c6bc1a52e::input-params ::GET::::{}
2024-10-06 08:25:23::info::/v1/api/order/readArchivedOrderHistory::a772e6a2-3ce8-4795-a5cd-d86906dafa9b::input-params ::GET::::{}
2024-10-06 08:25:23::info::/v1/api/order/readOrder/66ff64ffa9550fbb204deb96::7859a8c0-b0ac-4b00-a9ee-43ee7a44e3e2::input-params ::GET::::{}
2024-10-06 08:25:24::info::/v1/api/order/readTalentOrderHistory::5311e3ee-e513-4ffa-be95-8b3d5e057e56::input-params ::GET::::{}
2024-10-06 08:25:26::info::/v1/api/order/readOrder/66ff651ea9550fbb204debc7::dbd026e3-41e1-4ab8-8951-1a57e5e78cf0::input-params ::GET::::{}
2024-10-06 08:25:27::info::/v1/api/order/archiveOrder/66ff651ea9550fbb204debc7::be805ac9-5bdd-414c-bf07-748bb559139c::input-params ::PATCH::::{}
2024-10-06 08:25:27::info::/v1/api/order/readTalentOrderHistory::9c124db6-985e-40e7-9bed-b8eff431115c::input-params ::GET::::{}
2024-10-06 08:25:29::info::/v1/api/order/readArchivedOrderHistory::fb69df6d-c849-45c8-8fb0-c2dae9558649::input-params ::GET::::{}
2024-10-06 08:26:16::info::/v1/api/movement/readMovements::36d5e3ed-477e-4c88-bb30-67c65ebc79bb::input-params ::GET::::{}
2024-10-06 08:26:17::info::/v1/api/order/readArchivedOrderHistory::6008ecce-8dfc-4a0d-ae1d-a972ec479891::input-params ::GET::::{}
2024-10-06 08:26:19::info::/v1/api/order/readOrder/66ff651ea9550fbb204debc7::e94f4605-3511-4fdb-ad90-fe2d5c4d6246::input-params ::GET::::{}
2024-10-06 08:26:20::info::/v1/api/order/unarchiveOrder/66ff651ea9550fbb204debc7::6a1926ac-aec0-4847-b03f-a307926d4a62::input-params ::PATCH::::{}
2024-10-06 08:26:20::info::/v1/api/order/readArchivedOrderHistory::dfd615bf-b0c4-4dae-abd9-ccfe8840c3cd::input-params ::GET::::{}
2024-10-06 08:26:22::info::/v1/api/order/readOrder/66ff64ffa9550fbb204deb96::c3f45650-4425-4ac3-b88c-fd1804ecf8af::input-params ::GET::::{}
2024-10-06 08:26:22::info::/v1/api/order/unarchiveOrder/66ff64ffa9550fbb204deb96::9018d195-307d-4c59-85f7-bf88fe42210e::input-params ::PATCH::::{}
2024-10-06 08:26:22::info::/v1/api/order/readArchivedOrderHistory::51fd87e3-a08f-4d7e-bda8-fca0dfe72f44::input-params ::GET::::{}
2024-10-06 08:26:23::info::/v1/api/order/readTalentOrderHistory::05a2496b-7677-41ec-a8e7-ea61710b1c9e::input-params ::GET::::{}
2024-10-06 08:26:27::info::/v1/api/user/me::cecb72b2-b21e-42fd-ae22-515c71e60937::input-params ::GET::::{}
2024-10-06 08:26:27::info::/v1/api/movement/readMovements::44d4e5fa-43a6-4cb0-8b84-6f1e5d051cda::input-params ::GET::::{}
2024-10-06 08:26:28::info::/v1/api/order/readTalentOrderHistory::5b1eed0d-8224-4eaa-b146-e5e09cc3e9cf::input-params ::GET::::{}
2024-10-06 08:26:29::info::/v1/api/order/readMemberOrderHistory::941e0369-aa82-4625-ab55-1084bc072c49::input-params ::GET::::{}
2024-10-06 08:26:29::info::/v1/api/order/readTalentOrderHistory::5a1545c8-8f9b-4b3b-b2ec-fe2c87b9ca65::input-params ::GET::::{}
2024-10-06 08:26:31::info::/v1/api/order/readMemberOrderHistory::d33b3f58-087e-44f8-bfe1-7f522ff35bdc::input-params ::GET::::{}
2024-10-06 08:26:31::info::/v1/api/order/readTalentOrderHistory::5fd7ada7-c32f-4eb3-9cad-31c5268b0804::input-params ::GET::::{}
2024-10-06 08:26:35::info::/v1/api/movement/readMovements::5b0b88af-5551-4dad-8b0a-0a0166c28e47::input-params ::GET::::{}
2024-10-06 08:26:35::info::/v1/api/order/readTalentOrderHistory::51765e66-6bc6-448c-a98f-1707238f8b53::input-params ::GET::::{}
2024-10-06 08:26:35::info::/v1/api/user/me::d343ef39-f1b8-4dfc-9a11-d4474be76722::input-params ::GET::::{}
2024-10-06 08:26:36::info::/v1/api/movement/readMovements::eb71c17c-fa2e-49c4-978b-28e9ae64ec4a::input-params ::GET::::{}
2024-10-06 08:26:36::info::/v1/api/order/readTalentOrderHistory::0ccb86c3-9950-44e9-a402-aca502fae6d0::input-params ::GET::::{}
2024-10-06 08:26:37::info::/v1/api/order/readArchivedOrderHistory::92e68834-0cfb-48be-8a02-8e79a2ca57b1::input-params ::GET::::{}
2024-10-06 08:26:51::info::/v1/api/order/readMemberOrderHistory::11a4c963-6d7a-4282-af33-3464ed9e032f::input-params ::GET::::{}
2024-10-06 08:26:54::info::/v1/api/order/readTalentOrderHistory::7448df11-e5d7-43ff-b413-7081f9ecd6f6::input-params ::GET::::{}
2024-10-06 08:26:57::info::/v1/api/movement/readMovements::68d237cc-5b7a-4c02-9ac6-2ed243871470::input-params ::GET::::{}
2024-10-06 08:26:57::info::/v1/api/order/readTalentOrderHistory::e5937b63-c46b-4033-95e0-9c134973bacb::input-params ::GET::::{}
2024-10-06 08:27:03::info::/v1/api/movement/readMovements::98281616-9374-4810-88d2-000eba16f58d::input-params ::GET::::{}
2024-10-06 08:27:03::info::/v1/api/order/readTalentOrderHistory::3d6ddf26-0497-4bba-a959-5e0e6a7e2062::input-params ::GET::::{}
2024-10-06 08:27:28::info::/v1/api/movement/readMovements::ab13ca24-e064-48fe-b170-91eae3616548::input-params ::GET::::{}
2024-10-06 08:27:29::info::/v1/api/order/readTalentOrderHistory::0543004d-39fa-4970-a66c-5c22476e63ad::input-params ::GET::::{}
2024-10-06 08:27:30::info::/v1/api/user/me::12cc6fb7-b485-4152-981e-6c5df04a86ef::input-params ::GET::::{}
2024-10-06 08:27:31::info::/v1/api/movement/readMovements::f9289c1e-9064-4022-a481-024f5fa1fc19::input-params ::GET::::{}
2024-10-06 08:27:31::info::/v1/api/order/readTalentOrderHistory::0bde53db-4869-4017-9bdf-9fef709f297b::input-params ::GET::::{}
2024-10-06 08:27:34::info::/v1/api/movement/readMovements::09b437a9-5c9b-4c08-baf5-c6c34c63e523::input-params ::GET::::{}
2024-10-06 08:28:22::info::/v1/api/movement/readMovements::f8133765-32e0-40fb-8f23-72ca624bc9bb::input-params ::GET::::{}
2024-10-06 08:28:26::info::/v1/api/movement/readMovements::29e05cec-759e-4d83-abb5-2590b7f2e5f6::input-params ::GET::::{}
2024-10-06 08:28:27::info::/v1/api/user/me::b7d1a2b0-1cc2-4316-8034-813a8e7d07b8::input-params ::GET::::{}
2024-10-06 08:28:27::info::/v1/api/movement/readMovements::dde91b8b-9fae-48fd-ab12-6451f41a61c4::input-params ::GET::::{}
2024-10-06 08:28:27::info::/v1/api/order/readTalentOrderHistory::5058d573-db15-4528-8f12-b5b1b4ac69ea::input-params ::GET::::{}
2024-10-06 08:28:27::info::/v1/api/order/readOrder/66ff651ea9550fbb204debc7::d02f9cfb-1c84-4421-b049-f70ace60d867::input-params ::GET::::{}
2024-10-06 08:28:51::info::/v1/api/order/readTalentOrderHistory::759d18c8-b665-45b7-a2ed-c313654ac998::input-params ::GET::::{}
2024-10-06 08:28:52::info::/v1/api/movement/readMovements::0c9558b8-1368-4d4d-8a3b-8cf78554461a::input-params ::GET::::{}
2024-10-06 08:28:52::info::/v1/api/order/readTalentOrderHistory::d7d6ee8b-cdf7-472c-a5c6-610ae3626620::input-params ::GET::::{}
2024-10-06 08:28:52::info::/v1/api/order/readOrder/66ff651ea9550fbb204debc7::79ce06f7-338c-41a5-8a72-d4f61a5a63e9::input-params ::GET::::{}
2024-10-06 08:28:56::info::/v1/api/order/readMemberOrderHistory::5df3fb75-6942-4a65-bb39-907836e189e8::input-params ::GET::::{}
2024-10-06 08:28:57::info::/v1/api/user/me::2012841d-4f7e-4789-b6c9-7a6e61242598::input-params ::GET::::{}
2024-10-06 08:28:58::info::/v1/api/movement/readMovements::337201e0-f835-4d33-9708-a91dfdae874e::input-params ::GET::::{}
2024-10-06 08:28:58::info::/v1/api/order/readTalentOrderHistory::a16d83dd-b201-4dc8-8675-c0c9242160cc::input-params ::GET::::{}
2024-10-06 08:28:58::info::/v1/api/order/readOrder/66ff651ea9550fbb204debc7::5609a8ba-52af-4b1f-8d95-73c9db86a037::input-params ::GET::::{}
2024-10-06 08:29:00::info::/v1/api/movement/readMovements::5c9b4d4f-e655-4649-96db-1552448e321e::input-params ::GET::::{}
2024-10-06 08:29:00::info::/v1/api/order/readTalentOrderHistory::6c566cbb-624a-43db-9973-2ce4912e7982::input-params ::GET::::{}
2024-10-06 08:29:00::info::/v1/api/order/readOrder/66ff651ea9550fbb204debc7::4c4337ec-062c-4663-abab-d687682b6614::input-params ::GET::::{}
2024-10-06 08:29:03::info::/v1/api/order/readTalentOrderHistory::f1bd477c-4330-4422-b2c3-c06c5dce8c0b::input-params ::GET::::{}
2024-10-06 08:29:03::info::/v1/api/order/readOrder/66ff651ea9550fbb204debc7::f700d5f6-710a-442b-918e-6d2a982977cf::input-params ::GET::::{}
2024-10-06 08:29:05::info::/v1/api/order/readOrder/66ff651ea9550fbb204debc7::100853d8-768f-46b9-9a04-2eb2b0cc2221::input-params ::GET::::{}
2024-10-06 08:29:05::info::/v1/api/movement/readMovements::9c93b66d-6b37-42bb-a846-1caf9a27528f::input-params ::GET::::{}
2024-10-06 08:29:05::info::/v1/api/order/readTalentOrderHistory::b6f2bf59-3566-4069-a626-f5844024cd61::input-params ::GET::::{}
2024-10-06 08:29:05::info::/v1/api/user/me::18623261-ac76-473e-87cd-b2417896e7f4::input-params ::GET::::{}
2024-10-06 08:29:05::info::/v1/api/movement/readMovements::bc266b2d-ee79-44d6-a29d-654c8a58f2d6::input-params ::GET::::{}
2024-10-06 08:29:05::info::/v1/api/news/readNewss::7383f0d4-f59c-4e1a-867a-4c751d52bbdb::input-params ::GET::::{}
2024-10-06 08:29:05::info::/v1/api/recommender/readPopularPosts::8b7a9ced-390d-4a2d-a6fa-e5de4c52db17::input-params ::GET::::{"page":"1","limit":"10"}
2024-10-06 08:29:07::info::/v1/api/order/readTalentOrderHistory::aedefcdc-0420-4d5a-b769-d33dfd11662c::input-params ::GET::::{}
2024-10-06 08:29:07::info::/v1/api/recommender/readPopularPosts::6e147424-8001-450c-afb7-80b0484cab86::input-params ::GET::::{"page":"1","limit":"10"}
2024-10-06 08:29:09::info::/v1/api/order/readOrder/66ff651ea9550fbb204debc7::2b8363b7-2c70-446f-92ce-98f3245b6725::input-params ::GET::::{}
2024-10-06 08:30:07::info::/v1/api/movement/readMovements::912bf9d4-a711-4d4b-94dc-42c84e2e795f::input-params ::GET::::{}
2024-10-06 08:53:06::info::/v1/api/movement/readMovements::261bb98e-a2d7-4e23-839c-af8f7be339f0::input-params ::GET::::{}
2024-10-06 08:53:06::info::/v1/api/user/me::36390267-2452-482a-8c89-49d67d70746f::input-params ::GET::::{}
2024-10-06 08:53:07::info::/v1/api/movement/readMovements::c8771ad2-850e-418c-9c77-3a9eed593a8c::input-params ::GET::::{}
2024-10-06 08:53:07::info::/v1/api/order/readOrder/66ff651ea9550fbb204debc7::7a4dc536-8a76-4fa9-b277-74b7dd16cbcf::input-params ::GET::::{}
2024-10-06 08:53:07::info::/v1/api/order/readTalentOrderHistory::15d1a85c-4e0a-4072-9b65-925a6a1fd30a::input-params ::GET::::{}
2024-10-06 08:54:42::info::/v1/api/movement/readMovements::9fcf7c38-2e33-4ea5-842a-268ca10a1a6e::input-params ::GET::::{}
2024-10-06 09:01:30::info::/v1/api/movement/readMovements::6be70ef8-5a67-4030-a7e1-17cf1dd4ad3a::input-params ::GET::::{}
2024-10-06 09:04:14::info::/v1/api/movement/readMovements::c0125645-0e39-4daa-a06c-981b723d9bd7::input-params ::GET::::{}
2024-10-06 09:15:18::info::/v1/api/user/me::79ae4199-179f-43c2-8fcb-93c3933efb12::input-params ::GET::::{}
2024-10-06 09:15:22::info::/v1/api/movement/readMovements::323a7dee-84a6-4608-8d21-1c9b94ea5143::input-params ::GET::::{}
2024-10-06 09:15:22::info::/v1/api/order/readTalentOrderHistory::6ba7ca5c-b0e9-413c-98c3-68c408787aa2::input-params ::GET::::{}
2024-10-06 09:15:22::info::/v1/api/order/readOrder/66ff651ea9550fbb204debc7::826e30ab-23ce-4eb3-a92d-1f2b175b6a70::input-params ::GET::::{}
2024-10-06 09:15:31::info::/v1/api/movement/readMovements::eb6749a7-2b58-47ea-8bd7-3889ee6b5e42::input-params ::GET::::{}
2024-10-06 09:15:32::info::/v1/api/user/me::edc828f8-fcbe-4481-8e11-d5c3da311cac::input-params ::GET::::{}
2024-10-06 09:15:33::info::/v1/api/movement/readMovements::bcb1adfc-ace6-4883-8e7d-4060972537ec::input-params ::GET::::{}
2024-10-06 09:15:33::info::/v1/api/order/readTalentOrderHistory::759e347d-a19a-49d7-8671-d28b5c37462d::input-params ::GET::::{}
2024-10-06 09:15:33::info::/v1/api/order/readOrder/66ff651ea9550fbb204debc7::4a094653-36fb-429d-81ed-6720271155b5::input-params ::GET::::{}
2024-10-06 09:15:35::info::/v1/api/movement/readMovements::633c7b12-3b2a-41af-a151-82315a327288::input-params ::GET::::{}
2024-10-06 09:15:50::info::/v1/api/movement/readMovements::a1e75669-9dde-4a48-9d45-71982a79e1e4::input-params ::GET::::{}
2024-10-06 09:16:07::info::/v1/api/movement/readMovements::99e30457-649f-4cf2-ace9-aa8605c24a4f::input-params ::GET::::{}
2024-10-06 09:18:13::info::/v1/api/order/readTalentOrderHistory::ff6bc58b-0f3d-4ca4-9ff0-1f94ed2e5eaa::input-params ::GET::::{}
2024-10-06 09:18:15::info::/v1/api/order/readMemberOrderHistory::c437bf74-9731-4a4d-ae90-b2be27f61b6f::input-params ::GET::::{}
2024-10-06 09:18:17::info::/v1/api/order/readTalentOrderHistory::1c340356-5c98-4dd9-86c6-e5d61afab953::input-params ::GET::::{}
2024-10-06 09:18:37::info::/v1/api/order/readMemberOrderHistory::093b27e0-ac4d-446d-a4f9-5b07e9d63ad1::input-params ::GET::::{}
2024-10-06 09:18:38::info::/v1/api/order/readArchivedOrderHistory::bb6e19a0-4c60-418f-90d5-bb2a6e918ee4::input-params ::GET::::{}
2024-10-06 09:18:39::info::/v1/api/order/readMemberOrderHistory::af501665-8434-4284-a8df-97b3bfd95217::input-params ::GET::::{}
2024-10-06 09:18:40::info::/v1/api/order/readTalentOrderHistory::607b7ead-3428-4e6d-acaa-a0c03e215b7d::input-params ::GET::::{}
2024-10-06 09:18:41::info::/v1/api/movement/readMovements::1f606cf8-d7b5-494d-acca-f229223431cf::input-params ::GET::::{}
2024-10-06 09:18:41::info::/v1/api/order/readTalentOrderHistory::b9f373ba-9a8c-49a1-8f2e-df7c29bdfbd0::input-params ::GET::::{}
2024-10-06 09:18:55::info::/v1/api/order/readTalentOrderHistory::c473e33d-ce51-404b-9219-fe2a0922d1e5::input-params ::GET::::{}
2024-10-06 09:18:55::info::/v1/api/movement/readMovements::3c9b3963-fbbb-4359-ab60-b5fbdd4b755d::input-params ::GET::::{}
2024-10-06 09:20:16::info::/v1/api/movement/readMovements::c584aabd-ab2f-4f14-bcda-107b2c8d6f05::input-params ::GET::::{}
2024-10-06 09:20:19::info::/v1/api/movement/readMovements::3f2dbd53-9311-49d2-9723-46de26a4276b::input-params ::GET::::{}
2024-10-06 09:20:23::info::/v1/api/movement/readMovements::1d858191-a3d0-4283-9104-8e43c1789297::input-params ::GET::::{}
2024-10-06 09:20:25::info::/v1/api/user/me::61e8b3a9-bb59-4dc2-afa6-564f56b65470::input-params ::GET::::{}
2024-10-06 09:20:25::info::/v1/api/movement/readMovements::cc4836ba-067e-427f-a49b-4fd05ba3ffb0::input-params ::GET::::{}
2024-10-06 09:20:26::info::/v1/api/order/readTalentOrderHistory::cf43e20c-1913-4cd3-abba-c3d36663de3e::input-params ::GET::::{}
2024-10-06 09:20:26::info::/v1/api/order/readOrder/66ff64ffa9550fbb204deb96::9f515fcb-ee7f-41c3-991e-6acc9eb83756::input-params ::GET::::{}
2024-10-06 09:22:03::info::/v1/api/movement/readMovements::15dc1594-4aba-401a-bada-a18c2d7b3579::input-params ::GET::::{}
2024-10-06 09:22:03::info::/v1/api/order/readTalentOrderHistory::0443d752-1e8e-447b-a61e-aca96f9a17c6::input-params ::GET::::{}
2024-10-06 09:22:03::info::/v1/api/order/readOrder/66ff64ffa9550fbb204deb96::4db09210-9734-475b-a533-ecde560e44b8::input-params ::GET::::{}
2024-10-06 09:22:11::info::/v1/api/movement/readMovements::5d162cb5-101a-469b-8361-d1712ce9d961::input-params ::GET::::{}
2024-10-06 09:22:11::info::/v1/api/order/readTalentOrderHistory::99f7bec1-a70b-4f19-befa-9ed68b057c54::input-params ::GET::::{}
2024-10-06 09:22:11::info::/v1/api/order/readOrder/66ff64ffa9550fbb204deb96::a12a647f-7af1-4348-9aa6-5e6df44d40c4::input-params ::GET::::{}
2024-10-06 09:22:29::info::/v1/api/movement/readMovements::f13c27c8-16f1-4f55-a71d-c191408c7d09::input-params ::GET::::{}
2024-10-06 09:22:29::info::/v1/api/order/readTalentOrderHistory::ce957d53-0799-4b44-a97a-8bf45f6110eb::input-params ::GET::::{}
2024-10-06 09:22:29::info::/v1/api/order/readOrder/66ff64ffa9550fbb204deb96::29bd373a-b77e-4dab-893c-e68d524dc358::input-params ::GET::::{}
2024-10-06 09:24:04::info::/v1/api/movement/readMovements::c71b1806-5409-4f66-99c8-e16fa1307f26::input-params ::GET::::{}
2024-10-06 09:24:04::info::/v1/api/order/readTalentOrderHistory::916364d3-5934-4c6c-b127-6310ff2bc81c::input-params ::GET::::{}
2024-10-06 09:24:04::info::/v1/api/order/readOrder/66ff64ffa9550fbb204deb96::832e94c9-8085-40f5-833c-50bfb2d60941::input-params ::GET::::{}
2024-10-06 09:24:13::info::/v1/api/movement/readMovements::68661f82-fccc-4163-8171-1eb20a59eb89::input-params ::GET::::{}
2024-10-06 09:24:13::info::/v1/api/order/readTalentOrderHistory::e6995812-ff90-48a6-bbe8-08fcecd1d121::input-params ::GET::::{}
2024-10-06 09:24:13::info::/v1/api/order/readOrder/66ff64ffa9550fbb204deb96::97aba065-866e-428b-9fad-dbe3885f9217::input-params ::GET::::{}
2024-10-06 09:24:39::info::/v1/api/movement/readMovements::577b9824-5577-425c-9e9b-59956a33aa0d::input-params ::GET::::{}
2024-10-06 09:24:39::info::/v1/api/order/readTalentOrderHistory::ec72f2a7-c3c6-45e0-b089-6aaa89e82980::input-params ::GET::::{}
2024-10-06 09:24:39::info::/v1/api/order/readOrder/66ff64ffa9550fbb204deb96::6908ab40-431e-4002-b5b5-5a44551ee5be::input-params ::GET::::{}
2024-10-06 09:24:41::info::/v1/api/movement/readMovements::d292292a-aed3-412a-bcc5-5ebe85937bc5::input-params ::GET::::{}
2024-10-06 09:24:41::info::/v1/api/order/readTalentOrderHistory::5867628e-6072-40cb-9b11-b2c3ad9b94f5::input-params ::GET::::{}
2024-10-06 09:24:41::info::/v1/api/order/readOrder/66ff64ffa9550fbb204deb96::a0bce812-fac3-4041-af90-41ac360438ea::input-params ::GET::::{}
2024-10-06 09:25:00::info::/v1/api/movement/readMovements::699fa75f-f34b-483e-9b0a-2e6c5d0c8fa3::input-params ::GET::::{}
2024-10-06 09:25:00::info::/v1/api/order/readTalentOrderHistory::7d5deeb6-9ed2-49d7-a058-16f499bfacd8::input-params ::GET::::{}
2024-10-06 09:25:00::info::/v1/api/order/readOrder/66ff64ffa9550fbb204deb96::849698ab-1891-4246-92cf-f530419c0da8::input-params ::GET::::{}
2024-10-06 09:26:05::info::/v1/api/movement/readMovements::f3292d5d-d323-4a01-88ff-4f549b032743::input-params ::GET::::{}
2024-10-06 09:26:05::info::/v1/api/order/readTalentOrderHistory::9d768160-d748-472e-a0e9-c17f459bde14::input-params ::GET::::{}
2024-10-06 09:26:05::info::/v1/api/order/readOrder/66ff64ffa9550fbb204deb96::a04cc21d-86e3-4590-a663-c321b65069af::input-params ::GET::::{}
2024-10-06 09:26:13::info::/v1/api/movement/readMovements::01e6724c-ed26-4c85-90e8-06de49ca224a::input-params ::GET::::{}
2024-10-06 09:26:13::info::/v1/api/order/readTalentOrderHistory::54f88922-3cc1-4e31-8c28-b967bed88768::input-params ::GET::::{}
2024-10-06 09:26:13::info::/v1/api/order/readOrder/66ff64ffa9550fbb204deb96::3115ac90-edb6-43ce-a508-dc00901c7543::input-params ::GET::::{}
2024-10-06 09:26:28::info::/v1/api/movement/readMovements::ca43abc0-78ed-4d88-a097-89871ad77676::input-params ::GET::::{}
2024-10-06 09:26:28::info::/v1/api/order/readTalentOrderHistory::80eaf5aa-0ec3-4dcd-a3fa-0c885ff92ab8::input-params ::GET::::{}
2024-10-06 09:26:28::info::/v1/api/order/readOrder/66ff64ffa9550fbb204deb96::c64eecea-34e9-4d91-88e0-00b7b5b8d65c::input-params ::GET::::{}
2024-10-06 09:26:49::info::/v1/api/movement/readMovements::12811b39-a1b5-4657-baf8-4519e598e5c3::input-params ::GET::::{}
2024-10-06 09:26:49::info::/v1/api/order/readTalentOrderHistory::c5a9cff5-8649-4774-9ce2-26d302bf05ed::input-params ::GET::::{}
2024-10-06 09:26:49::info::/v1/api/order/readOrder/66ff64ffa9550fbb204deb96::ec46effb-f315-4c2b-99c4-bedea28c6543::input-params ::GET::::{}
2024-10-06 09:26:53::info::/v1/api/movement/readMovements::9e265bae-4116-401e-8c4d-864bd9ef82b4::input-params ::GET::::{}
2024-10-06 09:26:53::info::/v1/api/order/readTalentOrderHistory::f238a26d-d3f1-48a5-8c8d-f256963b619e::input-params ::GET::::{}
2024-10-06 09:26:53::info::/v1/api/order/readOrder/66ff64ffa9550fbb204deb96::b2e1ecce-525c-4259-bf9c-bc5bd7033364::input-params ::GET::::{}
2024-10-06 09:26:57::info::/v1/api/movement/readMovements::57527b24-8c8d-4321-b7e3-3375a1c316af::input-params ::GET::::{}
2024-10-06 09:26:57::info::/v1/api/order/readTalentOrderHistory::24de4bff-2937-4a15-8593-1725fe1f2562::input-params ::GET::::{}
2024-10-06 09:26:57::info::/v1/api/order/readOrder/66ff64ffa9550fbb204deb96::fbc7f6ce-ae15-46ce-8776-0ff4ff4f304d::input-params ::GET::::{}
2024-10-06 09:27:26::info::/v1/api/movement/readMovements::41462f40-d7bd-4af1-90b1-ed01a6e9542d::input-params ::GET::::{}
2024-10-06 09:27:26::info::/v1/api/order/readTalentOrderHistory::62518461-5795-4794-8b8c-789ac24057dc::input-params ::GET::::{}
2024-10-06 09:27:26::info::/v1/api/order/readOrder/66ff64ffa9550fbb204deb96::751a2d58-c93e-4afc-a961-4ef70c5b1ad6::input-params ::GET::::{}
2024-10-06 09:27:50::info::/v1/api/movement/readMovements::b2e769dd-2795-4fbf-862e-6313e0dba413::input-params ::GET::::{}
2024-10-06 09:27:50::info::/v1/api/order/readTalentOrderHistory::5fc188bc-4e96-4a3f-a484-3bf632f000f5::input-params ::GET::::{}
2024-10-06 09:27:50::info::/v1/api/order/readOrder/66ff64ffa9550fbb204deb96::3d9dd2c9-9146-4489-ba16-ecb534931fff::input-params ::GET::::{}
2024-10-06 09:28:00::info::/v1/api/movement/readMovements::2d8922d5-3fe6-49f6-af90-4a6d3b3e9dc6::input-params ::GET::::{}
2024-10-06 09:28:00::info::/v1/api/order/readTalentOrderHistory::28d817ee-25a1-48c7-b6bc-1a5d923ee410::input-params ::GET::::{}
2024-10-06 09:28:00::info::/v1/api/order/readOrder/66ff64ffa9550fbb204deb96::775bbeb6-d3d4-4756-af3e-98aafeec106a::input-params ::GET::::{}
2024-10-06 09:28:05::info::/v1/api/movement/readMovements::d0fe90c9-6fc9-417d-9902-55427ab9d5ae::input-params ::GET::::{}
2024-10-06 09:28:05::info::/v1/api/order/readTalentOrderHistory::8c824da8-0cd9-4ad3-a776-268854773a48::input-params ::GET::::{}
2024-10-06 09:28:05::info::/v1/api/order/readOrder/66ff64ffa9550fbb204deb96::983e83cd-d173-4801-a4c7-059a8cb188bd::input-params ::GET::::{}
2024-10-06 09:28:19::info::/v1/api/movement/readMovements::1b428cfd-e7fd-42ec-9935-6ce1881f9102::input-params ::GET::::{}
2024-10-06 09:28:19::info::/v1/api/order/readTalentOrderHistory::2d391e35-8c6a-4627-8a00-a5734f631523::input-params ::GET::::{}
2024-10-06 09:28:23::info::/v1/api/order/readOrder/66ff64ffa9550fbb204deb96::6da2b4ce-e065-4496-9d77-7b585390f16e::input-params ::GET::::{}
2024-10-06 09:28:47::info::/v1/api/movement/readMovements::347ed417-da70-4133-8fc3-6e2d5b13a9bc::input-params ::GET::::{}
2024-10-06 09:28:47::info::/v1/api/order/readTalentOrderHistory::6f885d40-9a9e-4092-955f-d3a41e035768::input-params ::GET::::{}
2024-10-06 09:28:47::info::/v1/api/order/readOrder/66ff64ffa9550fbb204deb96::fc259be1-16da-479e-bbc8-d0ee9cd5a057::input-params ::GET::::{}
2024-10-06 09:28:51::info::/v1/api/movement/readMovements::e3c883b7-6d35-438b-9026-2483ec6720e2::input-params ::GET::::{}
2024-10-06 09:28:51::info::/v1/api/order/readTalentOrderHistory::2c80ecbe-5160-4ab7-a675-4e2f810426ff::input-params ::GET::::{}
2024-10-06 09:28:51::info::/v1/api/order/readOrder/66ff64ffa9550fbb204deb96::a755a230-0704-49f3-89d2-e0343f6118ea::input-params ::GET::::{}
2024-10-06 09:28:51::info::/v1/api/movement/readMovements::edab9565-fcea-4854-ac98-f61109327e82::input-params ::GET::::{}
2024-10-06 09:28:51::info::/v1/api/order/readTalentOrderHistory::3d7cd41a-db34-4013-a1cb-895d169afb08::input-params ::GET::::{}
2024-10-06 09:28:51::info::/v1/api/order/readOrder/66ff64ffa9550fbb204deb96::5dfb59cc-7ffa-469f-ae93-26781b8e51e5::input-params ::GET::::{}
2024-10-06 09:29:20::info::/v1/api/movement/readMovements::97aa3e0f-87f4-4d57-8299-cb600f9e6916::input-params ::GET::::{}
2024-10-06 09:29:20::info::/v1/api/order/readTalentOrderHistory::011f4a2e-c110-4d1d-8f4d-cd1016846912::input-params ::GET::::{}
2024-10-06 09:29:20::info::/v1/api/order/readOrder/66ff64ffa9550fbb204deb96::4a8e9331-7433-412c-951e-f3a6b669d792::input-params ::GET::::{}
2024-10-06 09:29:22::info::/v1/api/movement/readMovements::11e79328-0564-4c04-aeca-7ce7291ada8e::input-params ::GET::::{}
2024-10-06 09:29:22::info::/v1/api/order/readTalentOrderHistory::fdf63e7d-20e9-4099-b4f2-8c5bc6d0466c::input-params ::GET::::{}
2024-10-06 09:29:22::info::/v1/api/order/readOrder/66ff64ffa9550fbb204deb96::bc682130-d597-4d5c-8f5e-517d1a0ab13e::input-params ::GET::::{}
2024-10-06 09:29:38::info::/v1/api/movement/readMovements::ba8a5ac3-67bb-4ea4-963a-d5c0e0b2993f::input-params ::GET::::{}
2024-10-06 09:29:38::info::/v1/api/order/readTalentOrderHistory::0d546be6-d421-4f0d-adef-2dba096d04b9::input-params ::GET::::{}
2024-10-06 09:29:38::info::/v1/api/order/readOrder/66ff64ffa9550fbb204deb96::a79ecb12-d403-4c00-90b9-4017f0e8438f::input-params ::GET::::{}
2024-10-06 09:29:46::info::/v1/api/order/readTalentOrderHistory::4082ae61-9ab2-4874-96de-caf2f731eb9b::input-params ::GET::::{}
2024-10-06 09:29:46::info::/v1/api/movement/readMovements::358d7762-837b-4b2b-b02a-518ad1411467::input-params ::GET::::{}
2024-10-06 09:29:46::info::/v1/api/order/readOrder/66ff64ffa9550fbb204deb96::b69a4436-7449-485c-a6b8-aade82c3c49a::input-params ::GET::::{}
2024-10-06 09:29:49::info::/v1/api/movement/readMovements::8a2b94b7-8097-4256-b6a2-88d5be52f3d5::input-params ::GET::::{}
2024-10-06 09:29:49::info::/v1/api/order/readTalentOrderHistory::74bc77c7-e8ab-4fb9-b0c5-96bf12230cb2::input-params ::GET::::{}
2024-10-06 09:29:49::info::/v1/api/order/readOrder/66ff64ffa9550fbb204deb96::9fa670ad-7cba-453d-acb4-bd39683635ac::input-params ::GET::::{}
2024-10-06 09:30:08::info::/v1/api/movement/readMovements::46186ce3-1d6e-4c74-a4ee-0e7ae4594649::input-params ::GET::::{}
2024-10-06 09:30:08::info::/v1/api/order/readTalentOrderHistory::f50fc030-f351-4bad-a718-cb5b8ed1c8f3::input-params ::GET::::{}
2024-10-06 09:30:08::info::/v1/api/order/readOrder/66ff64ffa9550fbb204deb96::dcd61f2d-3d0c-4650-b008-9fde97224e7b::input-params ::GET::::{}
2024-10-06 09:30:22::info::/v1/api/movement/readMovements::1b2e62a1-60ea-4c5c-b52f-089b80986eca::input-params ::GET::::{}
2024-10-06 09:30:22::info::/v1/api/order/readTalentOrderHistory::9a0de4e9-b8a0-4d8c-8eba-77bfcfddea66::input-params ::GET::::{}
2024-10-06 09:30:22::info::/v1/api/order/readOrder/66ff64ffa9550fbb204deb96::17bf5df3-682e-49cd-86fb-0f63e892eced::input-params ::GET::::{}
2024-10-06 09:30:25::info::/v1/api/movement/readMovements::77710d56-2038-4939-aa7b-8f2ea27aaead::input-params ::GET::::{}
2024-10-06 09:30:25::info::/v1/api/order/readTalentOrderHistory::97496921-4ff6-4b12-a597-e71d1350ec75::input-params ::GET::::{}
2024-10-06 09:30:25::info::/v1/api/order/readOrder/66ff64ffa9550fbb204deb96::32d0079e-74e4-4942-9686-647d6427614d::input-params ::GET::::{}
2024-10-06 09:30:28::info::/v1/api/movement/readMovements::d50f7083-2569-4d15-bcad-861f9cbaa363::input-params ::GET::::{}
2024-10-06 09:30:28::info::/v1/api/order/readTalentOrderHistory::c9834e94-f41b-4e02-8965-d8f643ce836a::input-params ::GET::::{}
2024-10-06 09:30:28::info::/v1/api/order/readOrder/66ff64ffa9550fbb204deb96::08e66c0b-06ee-46b7-a370-bf97231e632b::input-params ::GET::::{}
2024-10-06 09:30:34::info::/v1/api/order/readTalentOrderHistory::74be9de0-0f2c-4a7c-abef-d3ee1765457c::input-params ::GET::::{}
2024-10-06 09:30:34::info::/v1/api/order/readOrder/66ff64ffa9550fbb204deb96::7baa734c-ecd6-4dda-8784-07b58741a586::input-params ::GET::::{}
2024-10-06 09:30:34::info::/v1/api/movement/readMovements::392c22b8-7b08-4c3a-a554-fc46e4e81270::input-params ::GET::::{}
2024-10-06 09:30:40::info::/v1/api/movement/readMovements::44efba58-1a05-43df-a0ef-78f569af767a::input-params ::GET::::{}
2024-10-06 09:30:40::info::/v1/api/order/readTalentOrderHistory::2bac7d80-ccbf-4e2a-897c-b5509abb4f7f::input-params ::GET::::{}
2024-10-06 09:30:40::info::/v1/api/order/readOrder/66ff64ffa9550fbb204deb96::aeecfac1-2df5-4fed-b7b1-91ee6e4edf4c::input-params ::GET::::{}
2024-10-06 09:31:07::info::/v1/api/movement/readMovements::acfcb0c7-e91d-4e04-9e09-38a834009425::input-params ::GET::::{}
2024-10-06 09:31:07::info::/v1/api/order/readTalentOrderHistory::f1424bb2-344a-47aa-877a-f5ca53d51889::input-params ::GET::::{}
2024-10-06 09:31:07::info::/v1/api/order/readOrder/66ff64ffa9550fbb204deb96::da467cfc-0c03-44d9-b423-48ac9207a719::input-params ::GET::::{}
2024-10-06 09:31:29::info::/v1/api/movement/readMovements::e62a7eb5-6697-4b5e-a550-8682ac0ac2fc::input-params ::GET::::{}
2024-10-06 09:31:29::info::/v1/api/order/readTalentOrderHistory::7fbbd469-ea39-4aa4-ba69-f991bda595ca::input-params ::GET::::{}
2024-10-06 09:31:29::info::/v1/api/order/readOrder/66ff64ffa9550fbb204deb96::530c4b60-2ace-4462-b9fd-eff6c45cd2b8::input-params ::GET::::{}
2024-10-06 09:31:33::info::/v1/api/movement/readMovements::55a83591-8542-47af-85eb-ee8d63a3f97f::input-params ::GET::::{}
2024-10-06 09:31:33::info::/v1/api/order/readTalentOrderHistory::59194dd0-d6fd-4761-9166-771edd9d3024::input-params ::GET::::{}
2024-10-06 09:31:33::info::/v1/api/order/readOrder/66ff64ffa9550fbb204deb96::58d81267-12be-4131-ad15-e78f950b910a::input-params ::GET::::{}
2024-10-06 09:31:37::info::/v1/api/order/readOrder/66ff651ea9550fbb204debc7::dee5a8cb-b750-4820-bf2c-6d93ebb654ec::input-params ::GET::::{}
2024-10-06 09:31:45::info::/v1/api/movement/readMovements::5e489e3d-7052-488c-8302-d9f7848af12a::input-params ::GET::::{}
2024-10-06 09:31:45::info::/v1/api/order/readTalentOrderHistory::e60542aa-94f9-4640-bf8b-db0cb6275bd8::input-params ::GET::::{}
2024-10-06 09:31:45::info::/v1/api/order/readOrder/66ff651ea9550fbb204debc7::fbcd8513-1391-4f2a-84b2-75b4a1cdf8b0::input-params ::GET::::{}
2024-10-06 09:31:51::info::/v1/api/movement/readMovements::df81e7ff-817e-48a0-967d-09773750f552::input-params ::GET::::{}
2024-10-06 09:31:51::info::/v1/api/order/readTalentOrderHistory::3bf9297d-66b8-4ec0-87d7-8557a3ddd7ac::input-params ::GET::::{}
2024-10-06 09:31:51::info::/v1/api/order/readOrder/66ff651ea9550fbb204debc7::36f3b675-251d-4ef2-8ab3-7755276d11bb::input-params ::GET::::{}
2024-10-06 09:32:08::info::/v1/api/order/readTalentOrderHistory::64978e40-0bc6-49fb-a714-803e4cbcc017::input-params ::GET::::{}
2024-10-06 09:32:30::info::/v1/api/movement/readMovements::c3fb526b-5c6a-4683-8e8f-672e5099e557::input-params ::GET::::{}
2024-10-06 09:32:30::info::/v1/api/order/readTalentOrderHistory::6e16f16d-fcfb-4660-9424-2811d1604fc3::input-params ::GET::::{}
2024-10-06 09:32:37::info::/v1/api/movement/readMovements::db0889ad-2a17-46e4-9537-6ca78f3a7b84::input-params ::GET::::{}
2024-10-06 09:32:37::info::/v1/api/order/readTalentOrderHistory::09663b01-606f-4b2e-ae0f-16f7301b0bf3::input-params ::GET::::{}
2024-10-06 09:32:39::info::/v1/api/movement/readMovements::9f0900a9-abc3-4a34-b998-5ad415ef34df::input-params ::GET::::{}
2024-10-06 09:32:39::info::/v1/api/order/readTalentOrderHistory::d7c2305e-f1da-4f51-8d76-ca3fad77ff5a::input-params ::GET::::{}
2024-10-06 09:32:53::info::/v1/api/order/readTalentOrderHistory::75ff46ef-ffdc-4e2e-b1a6-137c30d062e0::input-params ::GET::::{}
2024-10-06 09:32:53::info::/v1/api/order/readOrder/66ff651ea9550fbb204debc7::488afb98-e00a-4954-a29a-8b1f52d705af::input-params ::GET::::{}
2024-10-06 09:32:54::info::/v1/api/movement/readMovements::954ad978-794f-4458-9c7d-c9d3104b97a8::input-params ::GET::::{}
2024-10-06 09:32:54::info::/v1/api/order/readTalentOrderHistory::1586ed8a-92b0-4873-b050-4b7001f91a91::input-params ::GET::::{}
2024-10-06 09:32:54::info::/v1/api/order/readOrder/66ff651ea9550fbb204debc7::11e9f833-c238-410c-8de4-28a9c10fc7c7::input-params ::GET::::{}
2024-10-06 09:33:02::info::/v1/api/movement/readMovements::22c64ffd-43f3-4c05-8d80-0202dff1f12e::input-params ::GET::::{}
2024-10-06 09:33:02::info::/v1/api/order/readTalentOrderHistory::4423dd61-9cc0-4330-a1fb-6ebbe7e9ec96::input-params ::GET::::{}
2024-10-06 09:33:02::info::/v1/api/order/readOrder/66ff651ea9550fbb204debc7::96b2a3df-f92a-4385-b998-4ac55e739c24::input-params ::GET::::{}
2024-10-06 09:33:03::info::/v1/api/commissionReport/createCommissionReport::2818066a-fa2a-48e6-8c1c-08c3c1e62e33::input-params ::POST::::{}
2024-10-06 09:33:03::error::/v1/api/commissionReport/createCommissionReport::2818066a-fa2a-48e6-8c1c-08c3c1e62e33::403 - 1ms - Response: {"status":403,"now":1728181983516}::{"message":"Please provide all required fields"}
2024-10-06 09:33:23::info::/v1/api/movement/readMovements::951b4214-3874-4dde-8066-48e7d98a65c7::input-params ::GET::::{}
2024-10-06 09:33:23::info::/v1/api/order/readTalentOrderHistory::1b9d1035-1f67-4443-a079-3dadd68606b3::input-params ::GET::::{}
