2024-07-06 09:12:57::info::/v1/api/order/readOrders::a0e4f0d6-4f6c-4826-a01d-e74d3c95eedc::input-params ::GET::::{"isDirect":"false","sortBy":"createdAt","sortOrder":"desc"}
2024-07-06 09:13:00::info::/v1/api/order/readOrders::54cb50b9-16a5-44db-8397-201f814968fa::input-params ::GET::::{"isDirect":"false","sortBy":"createdAt","sortOrder":"desc"}
2024-07-06 09:13:06::info::/v1/api/order/readOrders::26c1b7ef-976e-4dad-9001-b2f0809f10c9::input-params ::GET::::{"isDirect":"false","sortBy":"createdAt","sortOrder":"desc"}
2024-07-06 09:13:11::info::/v1/api/auth/users/login::57d82fcb-686a-4bc3-a333-956be7d58efc::input-params ::POST::::{"email":"phapluu9ithd@gmail.com","password":"123456789"}
2024-07-06 09:14:43::info::/v1/api/order/readOrders::d323ab7a-e12e-45db-85dd-4911b70eead9::input-params ::GET::::{"isDirect":"false","sortBy":"createdAt","sortOrder":"desc"}
2024-07-06 09:14:45::info::/v1/api/user/readUserProfile/665929dd1937df564df71660::920d8797-24d1-41d5-84a6-298a85a1f0e2::input-params ::GET::::{}
2024-07-06 09:14:45::info::/v1/api/order/readOrderHistory::683f0890-0e2d-4777-893b-b327284151a5::input-params ::GET::::{}
2024-07-06 09:14:48::info::/v1/api/order/readOrderHistory::8d18fc94-cb67-4fa2-b897-c4531bf7c712::input-params ::GET::::{}
2024-07-06 09:14:48::info::/v1/api/user/readUserProfile/665929dd1937df564df71660::f076887b-40bc-419c-8dd7-52556cc9264f::input-params ::GET::::{}
2024-07-06 09:15:00::info::/v1/api/user/readUserProfile/665929dd1937df564df71660::a3542c45-d581-49ef-9fec-38bcbd942a1b::input-params ::GET::::{}
2024-07-06 09:15:00::info::/v1/api/order/readOrderHistory::a1095730-32be-4b70-9cd9-8139375a43cb::input-params ::GET::::{}
2024-07-06 09:28:07::info::/v1/api/user/readUserProfile/665929dd1937df564df71660::9369bc23-debb-4d75-9a91-1989c8037cdc::input-params ::GET::::{}
2024-07-06 09:28:07::info::/v1/api/order/readOrderHistory::d9402893-60c5-41fb-9d54-6f94ee8a35d2::input-params ::GET::::{}
2024-07-06 10:33:01::info::/v1/api/user/readUserProfile/665929dd1937df564df71660::f109b1a6-26ca-46ee-84c5-dedda98df4c3::input-params ::GET::::{}
2024-07-06 10:33:01::info::/v1/api/order/readOrderHistory::40fb8028-d0c1-4bd3-a32b-bb6fab286859::input-params ::GET::::{}
2024-07-06 10:33:01::info::/v1/api/user/me::3fd6184b-1fc9-4867-b7e3-dca87aba5bf6::input-params ::GET::::{}
2024-07-06 10:33:01::info::/v1/api/user/readUserProfile/665929dd1937df564df71660::7d0e4e82-2bea-42fd-8e4f-b160384bd6a6::input-params ::GET::::{}
2024-07-06 10:33:01::info::/v1/api/order/readOrderHistory::35f40346-1eb5-41a0-8792-4bb4374f1a71::input-params ::GET::::{}
2024-07-06 10:33:02::info::/v1/api/user/readUserProfile/665929dd1937df564df71660::ba171b80-a369-438b-b05a-1476f2c2dbd3::input-params ::GET::::{}
2024-07-06 10:33:02::info::/v1/api/order/readOrderHistory::21ed7f2d-caca-48fe-8279-0a47015e245e::input-params ::GET::::{}
2024-07-06 10:45:19::info::/v1/api/user/readUserProfile/665929dd1937df564df71660::193632f3-dec5-4ac2-819f-907eb8b3788c::input-params ::GET::::{}
2024-07-06 10:45:19::info::/v1/api/order/readOrderHistory::21a44a38-6daa-42e4-bead-e97b5d9074e2::input-params ::GET::::{}
2024-07-06 10:45:25::info::/v1/api/user/readUserProfile/665929dd1937df564df71660::3823b5fe-2907-4f82-9cba-93ca75a88484::input-params ::GET::::{}
2024-07-06 10:45:25::info::/v1/api/order/readOrderHistory::a06cb301-9b1e-4228-8dc2-bd8c61aebae4::input-params ::GET::::{}
2024-07-06 10:45:34::info::/v1/api/user/readUserProfile/665929dd1937df564df71660::40990ad2-91d7-4f26-8464-9bbfb92a2291::input-params ::GET::::{}
2024-07-06 10:45:34::info::/v1/api/order/readOrderHistory::5638e58c-13e0-4b25-bd1a-ee4337d56322::input-params ::GET::::{}
2024-07-06 10:46:10::info::/v1/api/user/readUserProfile/665929dd1937df564df71660::51de1615-4712-4a62-8501-8f56b18680dc::input-params ::GET::::{}
2024-07-06 10:46:10::info::/v1/api/order/readOrderHistory::1ae29eb8-251d-426f-8a30-ffefada232d3::input-params ::GET::::{}
2024-07-06 10:46:15::info::/v1/api/user/readUserProfile/665929dd1937df564df71660::3aebde14-664c-45c8-8145-6a91af6e936e::input-params ::GET::::{}
2024-07-06 10:46:15::info::/v1/api/order/readOrderHistory::d2a9d2d7-c7e3-4109-b144-8b71d61827a3::input-params ::GET::::{}
2024-07-06 10:46:49::info::/v1/api/user/readUserProfile/665929dd1937df564df71660::15c09dde-19f3-4a34-80cc-c06f061b70ad::input-params ::GET::::{}
2024-07-06 10:46:49::info::/v1/api/order/readOrderHistory::ff9a09a4-04f1-4702-8c99-2c9ee6053a21::input-params ::GET::::{}
2024-07-06 10:47:35::info::/v1/api/user/readUserProfile/665929dd1937df564df71660::3a456530-39e7-4915-8d53-49ace33f1578::input-params ::GET::::{}
2024-07-06 10:47:35::info::/v1/api/order/readOrderHistory::0f3c4528-14a3-4768-9c20-bbd908568db0::input-params ::GET::::{}
2024-07-06 10:47:38::info::/v1/api/order/readOrders::116a1051-531d-409a-a28c-2b42503add4d::input-params ::GET::::{"isDirect":"false","sortBy":"createdAt","sortOrder":"desc"}
2024-07-06 10:47:43::info::/v1/api/order/readOrders::c326983b-f199-46d0-acb1-ca89354e3b49::input-params ::GET::::{"isDirect":"false","sortBy":"createdAt","sortOrder":"desc"}
2024-07-06 10:48:00::info::/v1/api/order/readOrders::05c788c8-5500-43a2-9f10-2e7e96e52686::input-params ::GET::::{"isDirect":"false","sortBy":"createdAt","sortOrder":"desc"}
2024-07-06 10:48:03::info::/v1/api/order/readOrderHistory::821a6a20-c6ab-420a-8fe6-06bdb9a83b0e::input-params ::GET::::{}
2024-07-06 10:48:03::info::/v1/api/user/readUserProfile/665929dd1937df564df71660::cf909a15-4145-48b0-9711-91e7aa58866d::input-params ::GET::::{}
2024-07-06 10:48:09::info::/v1/api/user/readUserProfile/665929dd1937df564df71660::acde9e77-aa56-41bc-9050-0a9cd8f85ae6::input-params ::GET::::{}
2024-07-06 10:48:09::info::/v1/api/order/readOrderHistory::402c2ac2-a75b-4ce2-9de6-e01cc1de0da1::input-params ::GET::::{}
2024-07-06 10:48:15::info::/v1/api/order/updateOrder/6681229fd61527cc04cbed44::34fd7527-abd8-4574-b83f-bcc489ffb6c0::input-params ::PATCH::::{}
2024-07-06 10:48:42::info::/v1/api/user/readUserProfile/665929dd1937df564df71660::86909180-18e4-4fdd-9149-9819d33948b9::input-params ::GET::::{}
2024-07-06 10:48:42::info::/v1/api/order/readOrderHistory::f1ba6c5e-b05e-4e2f-ad10-474972749d76::input-params ::GET::::{}
2024-07-06 10:48:46::info::/v1/api/user/readUserProfile/665929dd1937df564df71660::c99f20bc-db56-4f51-9589-84095fe46f18::input-params ::GET::::{}
2024-07-06 10:48:46::info::/v1/api/order/readOrderHistory::52c51a27-f4ef-4967-beac-2c7181116bfe::input-params ::GET::::{}
2024-07-06 10:48:48::info::/v1/api/order/updateOrder/6681229fd61527cc04cbed44::279472d9-9484-4e06-bf41-8a2d55e0f657::input-params ::PATCH::::{}
2024-07-06 10:49:11::info::/v1/api/user/readUserProfile/665929dd1937df564df71660::5f86a675-199e-46a0-b546-ea9c3b674c5c::input-params ::GET::::{}
2024-07-06 10:49:11::info::/v1/api/order/readOrderHistory::3118f51e-ded7-4a85-83c2-8195c2a3184f::input-params ::GET::::{}
2024-07-06 10:50:43::info::/v1/api/order/readOrderHistory::80c3f36a-1665-490f-8467-ae370f84fe58::input-params ::GET::::{}
2024-07-06 10:50:44::info::/v1/api/order/readOrderHistory::f6c2dc16-8bdd-4762-af2b-bcaa1db5545d::input-params ::GET::::{}
2024-07-06 10:51:25::info::/v1/api/order/readOrderHistory::0faf2568-752d-4b79-a1d5-3c1cc2a235b2::input-params ::GET::::{}
2024-07-06 10:51:26::info::/v1/api/user/readUserProfile/665929dd1937df564df71660::f585351b-4dd7-41eb-bc53-3fa66bb97852::input-params ::GET::::{}
2024-07-06 10:51:26::info::/v1/api/order/readOrderHistory::b22e2db9-76a8-4433-819b-97846c79636f::input-params ::GET::::{}
2024-07-06 10:51:36::info::/v1/api/order/readOrderHistory::1ddaf84c-4be6-45c3-b982-4bba39648c07::input-params ::GET::::{}
2024-07-06 10:51:39::info::/v1/api/order/readOrderHistory::b3449837-07d0-4e42-9fef-63f2b77cfb35::input-params ::GET::::{}
2024-07-06 10:51:40::info::/v1/api/order/readOrderHistory::ae9cca01-06b3-43c3-ba57-33873ef2277e::input-params ::GET::::{}
2024-07-06 10:51:55::info::/v1/api/order/readOrderHistory::a63d486c-01a9-43e9-aa49-28fc20cb1494::input-params ::GET::::{}
2024-07-06 10:51:57::info::/v1/api/order/readOrderHistory::e1c02cfa-75ce-4c45-8683-2a61c520a7cc::input-params ::GET::::{}
2024-07-06 10:52:16::info::/v1/api/order/readOrderHistory::906bbe6e-c394-4893-b6b9-8ef1caf4fc20::input-params ::GET::::{}
2024-07-06 10:52:26::info::/v1/api/order/readOrderHistory::c3e48cf0-43bf-4276-a736-356a084304c3::input-params ::GET::::{}
2024-07-06 10:54:15::info::/v1/api/order/readOrderHistory::71fde9f7-48d6-454f-85e3-f319e2793036::input-params ::GET::::{}
2024-07-06 10:54:32::info::/v1/api/order/readOrderHistory::2439c8df-8823-4b40-ae8f-129b9189e7f2::input-params ::GET::::{}
2024-07-06 10:54:48::info::/v1/api/order/readOrderHistory::e9092a1a-c741-456e-907d-d9cd966ed84c::input-params ::GET::::{}
2024-07-06 10:54:54::info::/v1/api/user/readUserProfile/665929dd1937df564df71660::2d9c548f-2c98-4d60-b833-92deb44fb02a::input-params ::GET::::{}
2024-07-06 10:54:54::info::/v1/api/order/readOrderHistory::519624e9-1e12-4718-bd61-0663deb35373::input-params ::GET::::{}
2024-07-06 10:55:00::info::/v1/api/order/readOrderHistory::ba8ea51c-8b72-4f03-823a-ceefddb3ac08::input-params ::GET::::{}
2024-07-06 10:55:17::info::/v1/api/order/readOrderHistory::c2a5fe2a-4d3a-4034-b4db-cfc4c3a5c481::input-params ::GET::::{}
2024-07-06 10:55:18::info::/v1/api/user/readUserProfile/665929dd1937df564df71660::9c110a7d-a707-46a5-adde-610da66f94b8::input-params ::GET::::{}
2024-07-06 10:55:18::info::/v1/api/order/readOrderHistory::92cc422e-3b66-4e4d-ae47-584ebf620799::input-params ::GET::::{}
2024-07-06 10:55:19::info::/v1/api/user/me::cdae8e9e-d241-46f8-a6fc-65ea30c6b2ac::input-params ::GET::::{}
2024-07-06 10:55:19::info::/v1/api/user/readUserProfile/665929dd1937df564df71660::35a92c0b-7af3-40ee-a787-03441da0905d::input-params ::GET::::{}
2024-07-06 10:55:19::info::/v1/api/order/readOrderHistory::55076e1a-7deb-444f-9bc2-090d2b3bc91c::input-params ::GET::::{}
2024-07-06 10:57:32::info::/v1/api/user/me::00139b3e-12ac-44eb-a63a-6c0735a4e8bf::input-params ::GET::::{}
2024-07-06 10:57:32::info::/v1/api/user/readUserProfile/665929dd1937df564df71660::59d166fa-9908-4b28-95cc-2ef8c6d6416e::input-params ::GET::::{}
2024-07-06 10:57:33::info::/v1/api/order/readOrderHistory::32a5f14a-368f-4b4f-b274-ea17aae1eac6::input-params ::GET::::{}
2024-07-06 10:58:26::info::/v1/api/user/readUserProfile/665929dd1937df564df71660::5750a43e-9055-44f4-9781-75b8bbf5776f::input-params ::GET::::{}
2024-07-06 10:58:26::info::/v1/api/order/readOrderHistory::4a6b9b0b-b807-484c-b8bc-b33b64c069c5::input-params ::GET::::{}
2024-07-06 10:58:28::info::/v1/api/user/me::a4a79a84-b0ff-4089-b6e8-9607006ac45c::input-params ::GET::::{}
2024-07-06 10:58:28::info::/v1/api/user/readUserProfile/665929dd1937df564df71660::d06dac7e-107d-4071-a106-181a50f7f2e6::input-params ::GET::::{}
2024-07-06 10:58:28::info::/v1/api/order/readOrderHistory::c51cb086-9638-415d-a37c-ca37801343b7::input-params ::GET::::{}
2024-07-06 10:59:40::info::/v1/api/user/readUserProfile/665929dd1937df564df71660::cb1709ae-f0e7-4306-9cc8-31b0f65ce337::input-params ::GET::::{}
2024-07-06 10:59:40::info::/v1/api/order/readOrderHistory::f566732e-9250-4f27-a9a9-311b93d61d6f::input-params ::GET::::{}
2024-07-06 10:59:42::info::/v1/api/user/me::9d632243-93cd-437c-83ad-854fc7789467::input-params ::GET::::{}
2024-07-06 10:59:42::info::/v1/api/user/readUserProfile/665929dd1937df564df71660::8c78fc47-806a-4f39-9a95-41d87cb126a2::input-params ::GET::::{}
2024-07-06 10:59:42::info::/v1/api/order/readOrderHistory::57f6d387-d43b-4cb0-89ac-950a160e03ed::input-params ::GET::::{}
2024-07-06 11:00:16::info::/v1/api/user/readUserProfile/665929dd1937df564df71660::affb100e-c878-4f68-94ac-9f7edc870f9d::input-params ::GET::::{}
2024-07-06 11:00:16::info::/v1/api/order/readOrderHistory::dbb4921b-0af6-47d6-9399-c13272bdc072::input-params ::GET::::{}
2024-07-06 11:00:27::info::/v1/api/user/me::72cc0ea6-d96d-4bf4-a1e5-6df50e39921a::input-params ::GET::::{}
2024-07-06 11:00:27::info::/v1/api/user/readUserProfile/665929dd1937df564df71660::f706f43c-d29e-49ee-bf1c-ce6de917a4d8::input-params ::GET::::{}
2024-07-06 11:00:27::info::/v1/api/order/readOrderHistory::d52a0aa6-c255-4387-a72f-da2da03ddee9::input-params ::GET::::{}
2024-07-06 11:00:28::info::/v1/api/order/readOrderHistory::f7fd1cb8-dd90-4b0d-8463-5f2b8878d9e8::input-params ::GET::::{}
2024-07-06 11:00:28::info::/v1/api/user/readUserProfile/665929dd1937df564df71660::2e858f72-d4f9-496f-8dbe-2d905ae9015b::input-params ::GET::::{}
2024-07-06 11:02:07::info::/v1/api/user/me::c34bb902-b468-4186-bbec-7251ef60426a::input-params ::GET::::{}
2024-07-06 11:02:08::info::/v1/api/user/readUserProfile/665929dd1937df564df71660::bad859ea-5139-4180-b49e-48f5ecd10e20::input-params ::GET::::{}
2024-07-06 11:02:08::info::/v1/api/order/readOrderHistory::00c7c908-2e77-4168-8a78-5bc0f909ed70::input-params ::GET::::{}
2024-07-06 11:02:40::info::/v1/api/user/me::745e40f8-446b-499b-b4ce-ad4e29dc7dde::input-params ::GET::::{}
2024-07-06 11:02:40::info::/v1/api/user/readUserProfile/665929dd1937df564df71660::05b6cddd-68c5-4b65-bdd2-a39762bd3473::input-params ::GET::::{}
2024-07-06 11:02:40::info::/v1/api/order/readOrderHistory::0ccc1ae8-8da9-4736-8d06-040233e17851::input-params ::GET::::{}
2024-07-06 11:04:13::info::/v1/api/user/readUserProfile/665929dd1937df564df71660::a9aa327d-b2fc-474c-94bc-1de5b766d14b::input-params ::GET::::{}
2024-07-06 11:04:13::info::/v1/api/order/readOrderHistory::a1725d7a-e3ba-4e5e-b342-026996897966::input-params ::GET::::{}
2024-07-06 11:14:45::info::/v1/api/user/readUserProfile/665929dd1937df564df71660::3f60a24a-4f8e-4c81-9090-54564bdbf0a0::input-params ::GET::::{}
2024-07-06 11:14:45::info::/v1/api/order/readOrderHistory::44b39b89-e988-44ee-a409-857d32427bba::input-params ::GET::::{}
2024-07-06 11:14:58::info::/v1/api/user/readUserProfile/665929dd1937df564df71660::9952f2ea-e1c4-4def-a42f-1408ddd54c6b::input-params ::GET::::{}
2024-07-06 11:14:58::info::/v1/api/order/readOrderHistory::96fa867c-d8cf-47dc-825b-e478964e5a0c::input-params ::GET::::{}
2024-07-06 11:15:28::info::/v1/api/user/readUserProfile/665929dd1937df564df71660::6bf6316b-e1da-498a-9213-c981107ebcbb::input-params ::GET::::{}
2024-07-06 11:15:28::info::/v1/api/order/readOrderHistory::3cfbe2a1-a86c-43e4-8938-5509bd841777::input-params ::GET::::{}
2024-07-06 11:15:32::info::/v1/api/user/readUserProfile/665929dd1937df564df71660::a3204a3c-c89b-45fc-9b5b-d8772ef883a0::input-params ::GET::::{}
2024-07-06 11:15:32::info::/v1/api/order/readOrderHistory::c8d2e535-ee72-487d-a1a7-221e804da6b8::input-params ::GET::::{}
2024-07-06 11:16:07::info::/v1/api/order/readOrderHistory::d2040959-59f8-4697-be3e-92a8eea6681c::input-params ::GET::::{}
2024-07-06 11:16:08::info::/v1/api/order/readOrderHistory::966d9e41-c1ad-4fc6-96ea-08fd1db675ab::input-params ::GET::::{}
2024-07-06 11:16:09::info::/v1/api/user/readUserProfile/665929dd1937df564df71660::c927fcd6-9901-434c-89f0-2ead5dd0a23e::input-params ::GET::::{}
2024-07-06 11:16:09::info::/v1/api/order/readOrderHistory::572109e9-2874-44b8-91ac-31960c07477e::input-params ::GET::::{}
2024-07-06 11:16:22::info::/v1/api/user/readUserProfile/665929dd1937df564df71660::216c6256-d9e3-4303-a20f-071abdb80822::input-params ::GET::::{}
2024-07-06 11:16:22::info::/v1/api/order/readOrderHistory::5988600a-4481-4210-b78b-a11eab3a4cd4::input-params ::GET::::{}
2024-07-06 11:16:31::info::/v1/api/user/readUserProfile/665929dd1937df564df71660::4b8ca883-9f55-4280-bd74-70aca47de594::input-params ::GET::::{}
2024-07-06 11:16:31::info::/v1/api/order/readOrderHistory::7cc98f3a-1c69-4c7e-8faa-e44701544ec1::input-params ::GET::::{}
2024-07-06 11:16:36::info::/v1/api/user/readUserProfile/665929dd1937df564df71660::1b37162f-b373-439f-987a-de0aa7ce1fd1::input-params ::GET::::{}
2024-07-06 11:16:36::info::/v1/api/order/readOrderHistory::4deb4773-3083-403f-9d2f-2cb399bae55b::input-params ::GET::::{}
2024-07-06 11:16:40::info::/v1/api/user/readUserProfile/665929dd1937df564df71660::663731a9-6079-4b48-96a4-3b396ed72cf2::input-params ::GET::::{}
2024-07-06 11:16:40::info::/v1/api/order/readOrderHistory::fed17763-a939-4f56-869b-bb5156444da8::input-params ::GET::::{}
2024-07-06 11:16:52::info::/v1/api/order/readOrderHistory::43c052e8-306f-4e92-b973-b1546b732303::input-params ::GET::::{}
2024-07-06 11:16:52::info::/v1/api/user/readUserProfile/665929dd1937df564df71660::db60c2b6-3f40-4931-a01d-002697431c43::input-params ::GET::::{}
2024-07-06 11:17:06::info::/v1/api/user/readUserProfile/665929dd1937df564df71660::c8b43a64-7a8f-44b0-b611-04d3ff42aa72::input-params ::GET::::{}
2024-07-06 11:17:06::info::/v1/api/order/readOrderHistory::771add07-4bba-4dc4-ba95-3fd94ad89203::input-params ::GET::::{}
2024-07-06 11:17:09::info::/v1/api/user/readUserProfile/665929dd1937df564df71660::e1e4c785-8a75-44be-9749-6d201ae06c43::input-params ::GET::::{}
2024-07-06 11:17:09::info::/v1/api/order/readOrderHistory::c2ccaa2f-c1be-40d0-8d3c-5423fb9cc2a9::input-params ::GET::::{}
2024-07-06 11:17:24::info::/v1/api/user/readUserProfile/665929dd1937df564df71660::547dc7af-b3fa-47a1-9be3-5ba43f4344de::input-params ::GET::::{}
2024-07-06 11:17:24::info::/v1/api/order/readOrderHistory::17aa3bbe-a2a5-4db5-8db2-18df6fee5857::input-params ::GET::::{}
2024-07-06 11:17:56::info::/v1/api/user/readUserProfile/665929dd1937df564df71660::9f958c7f-98e3-45bd-a6fe-1c621d466743::input-params ::GET::::{}
2024-07-06 11:17:56::info::/v1/api/order/readOrderHistory::8df9097e-5f20-4542-966d-e1e7af5ddcf5::input-params ::GET::::{}
2024-07-06 11:18:02::info::/v1/api/user/readUserProfile/665929dd1937df564df71660::de8cde6f-c23c-46ec-8e5b-102f4db39c8b::input-params ::GET::::{}
2024-07-06 11:18:02::info::/v1/api/order/readOrderHistory::9d730261-582a-4904-afea-297153cf138b::input-params ::GET::::{}
2024-07-06 11:18:09::info::/v1/api/user/readUserProfile/665929dd1937df564df71660::246331a9-0181-4fe7-9d68-1e1567c08bef::input-params ::GET::::{}
2024-07-06 11:18:09::info::/v1/api/order/readOrderHistory::a938041a-83f3-4651-b9d5-26231df821ff::input-params ::GET::::{}
2024-07-06 11:18:21::info::/v1/api/user/readUserProfile/665929dd1937df564df71660::158314be-62c3-441c-a277-ff015bb6338e::input-params ::GET::::{}
2024-07-06 11:18:21::info::/v1/api/order/readOrderHistory::2df59521-1e98-4a20-a362-04233c7c56ba::input-params ::GET::::{}
2024-07-06 11:18:28::info::/v1/api/user/readUserProfile/665929dd1937df564df71660::bb917de7-f85d-4057-b43f-93c1b129c7dd::input-params ::GET::::{}
2024-07-06 11:18:28::info::/v1/api/order/readOrderHistory::1e414673-ddf5-49a2-823c-3822e89afb27::input-params ::GET::::{}
2024-07-06 11:18:52::info::/v1/api/user/readUserProfile/665929dd1937df564df71660::81a72870-db2d-4292-98bc-e31fd0fcff87::input-params ::GET::::{}
2024-07-06 11:18:52::info::/v1/api/order/readOrderHistory::7359e4c2-a1d3-4779-be86-8d91fa2569a5::input-params ::GET::::{}
2024-07-06 11:19:45::info::/v1/api/proposal/confirmProposal/undefined::aeec28a4-9743-419c-99b3-664e206e413e::input-params ::POST::::{}
2024-07-06 11:19:45::error::/v1/api/proposal/confirmProposal/undefined::aeec28a4-9743-419c-99b3-664e206e413e::undefined - NaNms - Response: {"stringValue":"\"undefined\"","valueType":"string","kind":"ObjectId","value":"undefined","path":"_id","reason":{},"name":"CastError","message":"Cast to ObjectId failed for value \"undefined\" (type string) at path \"_id\" for model \"Proposal\""}::{"message":"Cast to ObjectId failed for value \"undefined\" (type string) at path \"_id\" for model \"Proposal\""}
2024-07-06 11:20:13::info::/v1/api/user/readUserProfile/665929dd1937df564df71660::24b346a4-1841-44d4-b0ec-3a7e3573195e::input-params ::GET::::{}
2024-07-06 11:20:13::info::/v1/api/order/readOrderHistory::884b52d4-8388-4fc7-9199-5cd6678d6f59::input-params ::GET::::{}
2024-07-06 11:20:18::info::/v1/api/user/readUserProfile/665929dd1937df564df71660::d3a53cd5-07b2-4953-bc7d-dd7599c9e164::input-params ::GET::::{}
2024-07-06 11:20:18::info::/v1/api/order/readOrderHistory::80ad7ac9-58e6-4911-b7bc-0b7a9a9a32e9::input-params ::GET::::{}
2024-07-06 11:20:22::info::/v1/api/order/readOrderHistory::4d69cadb-3081-4309-a02d-695e5910b6bf::input-params ::GET::::{}
2024-07-06 11:20:23::info::/v1/api/order/readOrderHistory::03b899d4-61ef-4cd7-8366-df652492f38a::input-params ::GET::::{}
2024-07-06 11:20:23::info::/v1/api/user/readUserProfile/665929dd1937df564df71660::5e7fb1fc-c756-4b43-bdfe-9ac759c8d168::input-params ::GET::::{}
2024-07-06 11:20:27::info::/v1/api/user/readUserProfile/665929dd1937df564df71660::96246e7c-51ff-4c76-ab44-7876e4e8e09c::input-params ::GET::::{}
2024-07-06 11:20:27::info::/v1/api/order/readOrderHistory::355f7ce0-6423-4f7a-935c-33b4cb74e124::input-params ::GET::::{}
2024-07-06 11:20:27::info::/v1/api/auth/users/logout::efd2470f-eae8-40c3-a8aa-e810e2f10b80::input-params ::POST::::{}
2024-07-06 11:20:27::info::/v1/api/user/me::852fc989-e337-45ac-9794-ef9a3ace6514::input-params ::GET::::{}
2024-07-06 11:20:27::error::/v1/api/user/me::852fc989-e337-45ac-9794-ef9a3ace6514::403 - 1ms - Response: {"status":403,"now":1720239627142}::{"message":"Access token missing"}
2024-07-06 11:20:42::info::/v1/api/user/me::74dd9bcd-0c7a-40d6-8b8f-da96eee5461b::input-params ::GET::::{}
2024-07-06 11:20:42::error::/v1/api/user/me::74dd9bcd-0c7a-40d6-8b8f-da96eee5461b::403 - 0ms - Response: {"status":403,"now":1720239642666}::{"message":"Access token missing"}
2024-07-06 11:20:42::info::/v1/api/user/readUserProfile/665929dd1937df564df71660::ccd85e31-d28b-467f-a4c7-0ae4668aa238::input-params ::GET::::{}
2024-07-06 11:20:42::info::/v1/api/order/readOrderHistory::1db29b79-5d82-4c52-9544-79bd06cb7daf::input-params ::GET::::{}
2024-07-06 11:20:42::error::/v1/api/order/readOrderHistory::1db29b79-5d82-4c52-9544-79bd06cb7daf::401 - 1ms - Response: {"status":401,"now":1720239642736}::{"message":"You are not authenticated!"}
2024-07-06 11:20:42::info::/v1/api/user/me::1b801b09-f80d-471e-925a-3bd63503f2e8::input-params ::GET::::{}
2024-07-06 11:20:42::error::/v1/api/user/me::1b801b09-f80d-471e-925a-3bd63503f2e8::403 - 0ms - Response: {"status":403,"now":1720239642812}::{"message":"Access token missing"}
2024-07-06 11:20:42::info::/v1/api/user/readUserProfile/665929dd1937df564df71660::bbaacee5-25aa-4c70-bdd8-a1ec12db2392::input-params ::GET::::{}
2024-07-06 11:20:42::info::/v1/api/order/readOrderHistory::8fe383b1-3240-43cf-87b6-fa0dd8b46782::input-params ::GET::::{}
2024-07-06 11:20:42::error::/v1/api/order/readOrderHistory::8fe383b1-3240-43cf-87b6-fa0dd8b46782::401 - 1ms - Response: {"status":401,"now":1720239642817}::{"message":"You are not authenticated!"}
2024-07-06 11:20:45::info::/v1/api/auth/users/login::05890493-9b9f-4848-a879-1ee5cc9e1e0e::input-params ::POST::::{"email":"nhatluu031103@gmail.com","password":"111111"}
2024-07-06 11:20:50::info::/v1/api/order/readOrderHistory::2ebdee69-0810-41bb-83cc-8cc11a3c30a2::input-params ::GET::::{}
2024-07-06 11:20:55::info::/v1/api/order/readOrderHistory::ca1f9a37-9ef0-44df-9a90-097be97c414d::input-params ::GET::::{}
2024-07-06 11:20:55::info::/v1/api/user/readUserProfile/6662c4f8a0fe5944a1ea33cc::7eeaa4ef-9c88-4ebc-8f86-cfc61d7d7948::input-params ::GET::::{}
2024-07-06 11:21:02::info::/v1/api/user/readUserProfile/6662c4f8a0fe5944a1ea33cc::163c1582-1536-4d39-9838-c72ffd772f8c::input-params ::GET::::{}
2024-07-06 11:21:02::info::/v1/api/order/readOrderHistory::a4857c7c-8f33-4fc1-9bcc-d0c34e5e1b43::input-params ::GET::::{}
2024-07-06 11:21:03::info::/v1/api/user/me::8b230b3a-fa3f-4d24-90a3-bb99da555bc7::input-params ::GET::::{}
2024-07-06 11:21:11::info::/v1/api/user/me::08694771-08cb-4c89-979a-b12c968e8e47::input-params ::GET::::{}
2024-07-06 11:21:13::info::/v1/api/user/readUserProfile/6662c4f8a0fe5944a1ea33cc::de5eba55-bbaa-4096-832e-2880ce4481d9::input-params ::GET::::{}
2024-07-06 11:21:13::info::/v1/api/order/readOrderHistory::4cc73acd-e4d1-4c1e-83b6-79b9dfc0ad90::input-params ::GET::::{}
2024-07-06 11:21:20::info::/v1/api/auth/users/logout::5953e6a7-9c61-45c0-8ded-40bfb3b7e517::input-params ::POST::::{}
2024-07-06 11:21:20::info::/v1/api/user/me::50b91244-bf68-4ddb-a6a3-103e32a144a7::input-params ::GET::::{}
2024-07-06 11:21:20::error::/v1/api/user/me::50b91244-bf68-4ddb-a6a3-103e32a144a7::403 - 1ms - Response: {"status":403,"now":1720239680240}::{"message":"Access token missing"}
2024-07-06 11:21:24::info::/v1/api/auth/users/login::9f388f70-96ea-4c92-859d-a1946a42320a::input-params ::POST::::{"email":"taichinhlcp@gmail.com","password":"111111"}
2024-07-06 11:21:30::info::/v1/api/user/me::3c2c334b-a5bd-4e06-80a0-4098b5e088ae::input-params ::GET::::{}
2024-07-06 11:21:30::info::/v1/api/user/readUserProfile/665edd23fa87b27398b73d10::a7eacf2f-da2a-4aeb-ab92-459d5a6657b5::input-params ::GET::::{}
2024-07-06 11:21:30::info::/v1/api/order/readOrderHistory::10b1622d-ff78-4423-8a67-2add2d969d8c::input-params ::GET::::{}
2024-07-06 11:21:32::info::/v1/api/serviceCategory/readServiceCategoriesWithServices/665edd23fa87b27398b73d10::f0a279aa-1b08-4b98-a9a7-140a61a8c5c4::input-params ::GET::::{}
2024-07-06 11:22:23::info::/v1/api/user/readUserProfile/665edd23fa87b27398b73d10::fa605ac2-c81b-4bd2-91f0-e3f9bd088158::input-params ::GET::::{}
2024-07-06 11:22:23::info::/v1/api/serviceCategory/readServiceCategoriesWithServices/665edd23fa87b27398b73d10::83dba851-68a4-4c8e-b883-479283a1eba5::input-params ::GET::::{}
2024-07-06 11:22:47::info::/v1/api/user/readUserProfile/665edd23fa87b27398b73d10::e9a958cd-9553-4c1e-bd0f-3f5fce14caf1::input-params ::GET::::{}
2024-07-06 11:22:47::info::/v1/api/serviceCategory/readServiceCategoriesWithServices/665edd23fa87b27398b73d10::d05940a4-905a-43d3-802b-6a05a395568a::input-params ::GET::::{}
2024-07-06 11:22:55::info::/v1/api/commissionService/updateCommissionService/667e820d40acf9c9d84606e1::46b66e65-9b48-4c97-bced-b50ad08c6d8c::input-params ::PATCH::::{"_id":"667e820d40acf9c9d84606e1","talentId":"665edd23fa87b27398b73d10","title":"Commission Service 01","serviceCategoryId":"667e820940acf9c9d84606de","termOfServiceId":"667e7ce340acf9c9d8460578","movementId":"667d28c6ae80503c5e9a6699","minPrice":2000000,"deliverables":["Lorem Ipsum is simply dummy text of the printing and typesetting industry. Lorem Ipsum has been the industry's standard dummy text ever since the 1500s, when an unknown printer took a galley of type and scrambled it to make a type specimen book"],"isMedia":false,"artworks":["https://res.cloudinary.com/fiyonce/image/upload/v1719566851/fiyonce/commissionServices/665edd23fa87b27398b73d10/131ebfefd1e97513a58471a3167f4997.jpg.jpg","https://res.cloudinary.com/fiyonce/image/upload/v1719566851/fiyonce/commissionServices/665edd23fa87b27398b73d10/fbbdcea7161694af9737a23c6b614cb4.jpg.jpg","https://res.cloudinary.com/fiyonce/image/upload/v1719566850/fiyonce/commissionServices/665edd23fa87b27398b73d10/eb6ac0b2-b41e-4de1-9838-6d991ec6d6e0.jpg.jpg","https://res.cloudinary.com/fiyonce/image/upload/v1719566851/fiyonce/commissionServices/665edd23fa87b27398b73d10/download.png.jpg"],"addOns":[],"createdAt":"2024-06-28T09:27:41.113Z","updatedAt":"2024-06-28T09:54:35.995Z","__v":0,"notes":"It has survived not only five centuries, but also the leap into electronic typesetting, remaining essentially unchanged.","categoryId":"667e820940acf9c9d84606de","categoryTitle":"Category 01"}
2024-07-06 11:22:55::info::/v1/api/serviceCategory/readServiceCategoriesWithServices/665edd23fa87b27398b73d10::0822bf79-4c5b-44e8-a8a2-0f97ed0311db::input-params ::GET::::{}
2024-07-06 11:23:03::info::/v1/api/commissionService/updateCommissionService/667e820d40acf9c9d84606e1::577e5bed-ffc2-454c-a160-7cda433fd0e5::input-params ::PATCH::::{"_id":"667e820d40acf9c9d84606e1","talentId":"665edd23fa87b27398b73d10","title":"Commission Service 011","serviceCategoryId":"667e820940acf9c9d84606de","termOfServiceId":"667e7ce340acf9c9d8460578","movementId":"667d28c6ae80503c5e9a6699","minPrice":2000000,"deliverables":["Lorem Ipsum is simply dummy text of the printing and typesetting industry. Lorem Ipsum has been the industry's standard dummy text ever since the 1500s, when an unknown printer took a galley of type and scrambled it to make a type specimen book"],"isMedia":false,"artworks":["https://res.cloudinary.com/fiyonce/image/upload/v1719566851/fiyonce/commissionServices/665edd23fa87b27398b73d10/131ebfefd1e97513a58471a3167f4997.jpg.jpg","https://res.cloudinary.com/fiyonce/image/upload/v1719566851/fiyonce/commissionServices/665edd23fa87b27398b73d10/fbbdcea7161694af9737a23c6b614cb4.jpg.jpg","https://res.cloudinary.com/fiyonce/image/upload/v1719566850/fiyonce/commissionServices/665edd23fa87b27398b73d10/eb6ac0b2-b41e-4de1-9838-6d991ec6d6e0.jpg.jpg","https://res.cloudinary.com/fiyonce/image/upload/v1719566851/fiyonce/commissionServices/665edd23fa87b27398b73d10/download.png.jpg"],"addOns":[],"createdAt":"2024-06-28T09:27:41.113Z","updatedAt":"2024-07-06T04:22:55.708Z","__v":0,"notes":"It has survived not only five centuries, but also the leap into electronic typesetting, remaining essentially unchanged.","categoryId":"667e820940acf9c9d84606de","categoryTitle":"Category 01"}
2024-07-06 11:23:03::info::/v1/api/serviceCategory/readServiceCategoriesWithServices/665edd23fa87b27398b73d10::6ca8be11-3482-4539-86a3-604b5f75392f::input-params ::GET::::{}
2024-07-06 11:25:20::info::/v1/api/user/readUserProfile/665edd23fa87b27398b73d10::a15f20e5-8b3f-4c44-9553-3b02697251f6::input-params ::GET::::{}
2024-07-06 11:25:20::info::/v1/api/serviceCategory/readServiceCategoriesWithServices/665edd23fa87b27398b73d10::a434b9c9-1399-4fac-b854-bbbd018acca2::input-params ::GET::::{}
2024-07-06 11:26:05::info::/v1/api/serviceCategory/readServiceCategoriesWithServices/665edd23fa87b27398b73d10::6c8ba453-926e-431a-9354-7b282d7daebe::input-params ::GET::::{}
2024-07-06 11:26:05::info::/v1/api/user/readUserProfile/665edd23fa87b27398b73d10::b094f31c-ff99-44f5-9578-3fd5fa4e4833::input-params ::GET::::{}
2024-07-06 11:26:06::info::/v1/api/user/readUserProfile/665edd23fa87b27398b73d10::e2f2f75b-908f-4b15-8caf-77f1010db3ab::input-params ::GET::::{}
2024-07-06 11:26:06::info::/v1/api/serviceCategory/readServiceCategoriesWithServices/665edd23fa87b27398b73d10::19a3988b-3c69-481f-944f-a3688f4992a6::input-params ::GET::::{}
2024-07-06 11:26:10::info::/v1/api/commissionService/updateCommissionService/667e820d40acf9c9d84606e1::d5691c05-5e03-4c96-8736-8879932d49ea::input-params ::PATCH::::{"_id":"667e820d40acf9c9d84606e1","talentId":"665edd23fa87b27398b73d10","title":"Commission Service 01","serviceCategoryId":"667e820940acf9c9d84606de","termOfServiceId":"667e7ce340acf9c9d8460578","movementId":"667d28c6ae80503c5e9a6699","minPrice":2000000,"deliverables":["Lorem Ipsum is simply dummy text of the printing and typesetting industry. Lorem Ipsum has been the industry's standard dummy text ever since the 1500s, when an unknown printer took a galley of type and scrambled it to make a type specimen book"],"isMedia":false,"artworks":["https://res.cloudinary.com/fiyonce/image/upload/v1719566851/fiyonce/commissionServices/665edd23fa87b27398b73d10/131ebfefd1e97513a58471a3167f4997.jpg.jpg","https://res.cloudinary.com/fiyonce/image/upload/v1719566851/fiyonce/commissionServices/665edd23fa87b27398b73d10/fbbdcea7161694af9737a23c6b614cb4.jpg.jpg","https://res.cloudinary.com/fiyonce/image/upload/v1719566850/fiyonce/commissionServices/665edd23fa87b27398b73d10/eb6ac0b2-b41e-4de1-9838-6d991ec6d6e0.jpg.jpg","https://res.cloudinary.com/fiyonce/image/upload/v1719566851/fiyonce/commissionServices/665edd23fa87b27398b73d10/download.png.jpg"],"addOns":[],"createdAt":"2024-06-28T09:27:41.113Z","updatedAt":"2024-07-06T04:23:03.976Z","__v":0,"notes":"It has survived not only five centuries, but also the leap into electronic typesetting, remaining essentially unchanged.","categoryId":"667e820940acf9c9d84606de","categoryTitle":"Category 01"}
2024-07-06 11:26:10::info::/v1/api/serviceCategory/readServiceCategoriesWithServices/665edd23fa87b27398b73d10::5681ecf0-2764-4b14-99fb-acd2df99e6d8::input-params ::GET::::{}
2024-07-06 11:26:20::info::/v1/api/order/readOrderHistory::8bc0afad-7546-4771-991e-87fe449c6262::input-params ::GET::::{}
2024-07-06 11:29:21::info::/v1/api/user/readUserProfile/665edd23fa87b27398b73d10::1cced10e-80e3-4848-98e5-80f2f47503b8::input-params ::GET::::{}
2024-07-06 11:29:54::info::/v1/api/user/readUserProfile/665edd23fa87b27398b73d10::daa76d0d-25d9-43dc-b792-153d0db5dc9c::input-params ::GET::::{}
2024-07-06 11:29:54::info::/v1/api/order/readOrderHistory::07455ff9-6ffb-4fb5-95ec-271a02ffd353::input-params ::GET::::{}
2024-07-06 11:29:56::info::/v1/api/order/readOrderHistory::87a04e49-01c0-4a4b-91ea-5e6249533cc4::input-params ::GET::::{}
2024-07-06 11:29:56::info::/v1/api/user/readUserProfile/665edd23fa87b27398b73d10::271212aa-d9fc-4023-8bb5-9e959aab9c0f::input-params ::GET::::{}
2024-07-06 11:32:43::info::/v1/api/order/readOrderHistory::5403cb98-b9f9-441a-9504-552d4ebcceed::input-params ::GET::::{}
2024-07-06 11:32:43::info::/v1/api/user/readUserProfile/665edd23fa87b27398b73d10::e5b9146d-e7be-415d-8de7-02db9c2d37d1::input-params ::GET::::{}
2024-07-06 11:32:46::info::/v1/api/serviceCategory/readServiceCategoriesWithServices/665edd23fa87b27398b73d10::f2fff81b-d57c-401c-a92a-4e7268f44f47::input-params ::GET::::{}
2024-07-06 11:32:47::info::/v1/api/order/readOrderHistory::c315a870-0769-473b-a26f-b20922f6315a::input-params ::GET::::{}
2024-07-06 11:33:05::info::/v1/api/user/readUserProfile/665edd23fa87b27398b73d10::acc2a6df-0a19-44e2-84bf-c18927999922::input-params ::GET::::{}
2024-07-06 11:33:05::info::/v1/api/order/readOrderHistory::44420e78-c929-4b47-aa72-c9386aff08dd::input-params ::GET::::{}
2024-07-06 11:34:47::info::/v1/api/order/readOrderHistory::29da7a0b-4915-40ff-84ce-f11abc942f02::input-params ::GET::::{}
2024-07-06 11:34:47::info::/v1/api/user/readUserProfile/665edd23fa87b27398b73d10::e577a915-2bc4-451b-a2f5-a242fe0ecddb::input-params ::GET::::{}
2024-07-06 11:35:41::info::/v1/api/user/readUserProfile/665edd23fa87b27398b73d10::934b9e35-a364-4e0b-8bd7-3f77a1a0b28a::input-params ::GET::::{}
2024-07-06 11:35:41::info::/v1/api/order/readOrderHistory::a6a94bb2-288b-4cbb-a1a3-8545ad450579::input-params ::GET::::{}
2024-07-06 11:36:58::info::/v1/api/user/readUserProfile/665edd23fa87b27398b73d10::5d26eb71-b458-472d-83e6-c3219cde3080::input-params ::GET::::{}
2024-07-06 11:36:58::info::/v1/api/order/readOrderHistory::69e835ee-8576-403b-b6c5-cf7ed30794fd::input-params ::GET::::{}
2024-07-06 11:37:44::info::/v1/api/user/readUserProfile/665edd23fa87b27398b73d10::e2db4536-93e2-4923-8456-52809038401e::input-params ::GET::::{}
2024-07-06 11:37:44::info::/v1/api/order/readOrderHistory::81ff6d46-cf55-45ee-9500-d9a026db6b9f::input-params ::GET::::{}
2024-07-06 11:37:54::info::/v1/api/user/readUserProfile/665edd23fa87b27398b73d10::b683dfbe-7eaf-43e7-943b-00b53a02491d::input-params ::GET::::{}
2024-07-06 11:37:54::info::/v1/api/order/readOrderHistory::b34152dd-86ba-44e7-ab73-bcd075fe533c::input-params ::GET::::{}
2024-07-06 11:37:56::info::/v1/api/serviceCategory/readServiceCategoriesWithServices/665edd23fa87b27398b73d10::05de156f-e81d-4eb9-ae99-594d586bf0f1::input-params ::GET::::{}
2024-07-06 11:38:16::info::/v1/api/user/me::c7d77ad7-f2aa-4287-a7b2-a2732dccabf7::input-params ::GET::::{}
2024-07-06 11:38:16::info::/v1/api/user/readUserProfile/665edd23fa87b27398b73d10::2fbf99db-9587-4d63-863e-5a9733328ccb::input-params ::GET::::{}
2024-07-06 11:38:16::info::/v1/api/serviceCategory/readServiceCategoriesWithServices/665edd23fa87b27398b73d10::1c1bfaf5-3d62-4e03-a98b-30523edc109b::input-params ::GET::::{}
2024-07-06 11:38:21::info::/v1/api/user/me::ca7bd68d-9886-4034-ae96-6916b029824f::input-params ::GET::::{}
2024-07-06 11:38:21::info::/v1/api/user/readUserProfile/665edd23fa87b27398b73d10::a819e6de-cb05-42e3-9016-3627582e2623::input-params ::GET::::{}
2024-07-06 11:38:21::info::/v1/api/serviceCategory/readServiceCategoriesWithServices/665edd23fa87b27398b73d10::6078607f-f760-47e0-9689-a632f4b6b99c::input-params ::GET::::{}
2024-07-06 11:38:23::info::/v1/api/serviceCategory/readServiceCategoriesWithServices/665edd23fa87b27398b73d10::5a948563-12a2-474f-b4de-9959f048c258::input-params ::GET::::{}
2024-07-06 11:38:31::info::/v1/api/termOfService/readTermOfServices::d46dd1ce-4c58-42c9-81ff-66f7db65f348::input-params ::GET::::{}
2024-07-06 11:38:35::info::/v1/api/order/readOrderHistory::cf05626e-1157-4ca6-ae22-2970ec5cd5f0::input-params ::GET::::{}
2024-07-06 11:38:48::info::/v1/api/user/readUserProfile/665edd23fa87b27398b73d10::042c01d1-58a2-4506-bb54-00bd01c56827::input-params ::GET::::{}
2024-07-06 11:38:48::info::/v1/api/order/readOrderHistory::cea29e10-08cd-42cc-89d7-6f8bd46e8989::input-params ::GET::::{}
2024-07-06 11:39:34::info::/v1/api/user/readUserProfile/665edd23fa87b27398b73d10::c05074c1-a680-481a-b14b-a411cbcaef14::input-params ::GET::::{}
2024-07-06 11:39:34::info::/v1/api/order/readOrderHistory::8259293a-7a0a-4f4d-84e4-601899b7efd7::input-params ::GET::::{}
2024-07-06 11:39:35::info::/v1/api/serviceCategory/readServiceCategoriesWithServices/665edd23fa87b27398b73d10::5d1a17c6-8a9f-4851-8a7b-7bda3fd6f8d3::input-params ::GET::::{}
2024-07-06 11:39:40::info::/v1/api/serviceCategory/readServiceCategoriesWithServices/665edd23fa87b27398b73d10::d51c6649-deec-45e7-b682-64d3cd954d1d::input-params ::GET::::{}
2024-07-06 11:39:46::info::/v1/api/serviceCategory/createServiceCategory::e4bfde8e-ba8c-497c-bb36-fa478bc472d0::input-params ::POST::::{"title":"dfbfdg"}
2024-07-06 11:39:49::info::/v1/api/user/me::76e25d69-3eea-49f7-b3aa-e33fbaea47c3::input-params ::GET::::{}
2024-07-06 11:39:49::info::/v1/api/user/readUserProfile/665edd23fa87b27398b73d10::1826cfb6-2021-4ec8-ba9d-54df507e8ac8::input-params ::GET::::{}
2024-07-06 11:39:50::info::/v1/api/serviceCategory/readServiceCategoriesWithServices/665edd23fa87b27398b73d10::0aeaeacd-6d10-4cec-b294-a5b1c6dd7c85::input-params ::GET::::{}
2024-07-06 11:40:00::info::/v1/api/serviceCategory/deleteServiceCategory/6688ca9204c94ecad2cc2256::c89ba887-e71d-4499-ae7c-6c2b50f9799e::input-params ::DELETE::::{}
2024-07-06 11:40:00::info::/v1/api/serviceCategory/readServiceCategoriesWithServices/665edd23fa87b27398b73d10::b84db2cf-0c4a-4d52-b715-1dff1af49eaa::input-params ::GET::::{}
2024-07-06 11:40:17::info::/v1/api/user/readUserProfile/665edd23fa87b27398b73d10::29909eb3-2074-4ee2-95d1-c509862d4b25::input-params ::GET::::{}
2024-07-06 11:40:17::info::/v1/api/serviceCategory/readServiceCategoriesWithServices/665edd23fa87b27398b73d10::bb678080-2a1b-473c-97b9-e963b6998ce3::input-params ::GET::::{}
2024-07-06 11:41:35::info::/v1/api/serviceCategory/readServiceCategoriesWithServices/665edd23fa87b27398b73d10::7584958d-b70e-4ed8-b0b3-10a293e1538b::input-params ::GET::::{}
2024-07-06 11:41:53::info::/v1/api/user/readUserProfile/665edd23fa87b27398b73d10::3b3d3f11-b4aa-4c11-a604-1aef3ab1c65d::input-params ::GET::::{}
2024-07-06 11:41:53::info::/v1/api/serviceCategory/readServiceCategoriesWithServices/665edd23fa87b27398b73d10::84a3331e-7da0-4ec5-aa00-437d5762ddd1::input-params ::GET::::{}
2024-07-06 11:41:59::info::/v1/api/user/readUserProfile/665edd23fa87b27398b73d10::896a73fe-8c32-49e8-bdd4-f539ea063506::input-params ::GET::::{}
2024-07-06 11:41:59::info::/v1/api/serviceCategory/readServiceCategoriesWithServices/665edd23fa87b27398b73d10::f930db33-5edf-40e8-9b48-7c875f62464f::input-params ::GET::::{}
2024-07-06 11:42:00::info::/v1/api/user/readUserProfile/665edd23fa87b27398b73d10::6fa0d18a-f105-41dd-84cb-c9b3bbe914ab::input-params ::GET::::{}
2024-07-06 11:42:00::info::/v1/api/serviceCategory/readServiceCategoriesWithServices/665edd23fa87b27398b73d10::ae4c295a-3018-4a0b-9717-edf1335a0df3::input-params ::GET::::{}
2024-07-06 11:42:13::info::/v1/api/user/readUserProfile/665edd23fa87b27398b73d10::78f72bfe-8f87-485a-a824-d1ff22263cd8::input-params ::GET::::{}
2024-07-06 11:42:13::info::/v1/api/serviceCategory/readServiceCategoriesWithServices/665edd23fa87b27398b73d10::6595481b-600f-4ab4-ae64-a2dce5dd748b::input-params ::GET::::{}
2024-07-06 11:42:15::info::/v1/api/user/me::e17153d9-435d-4bb8-b69a-bedb1943a5e0::input-params ::GET::::{}
2024-07-06 11:42:15::info::/v1/api/user/readUserProfile/665edd23fa87b27398b73d10::1835b740-b07b-4674-b746-cbf8bed6d5eb::input-params ::GET::::{}
2024-07-06 11:42:15::info::/v1/api/serviceCategory/readServiceCategoriesWithServices/665edd23fa87b27398b73d10::24907e45-2321-416f-9ee1-d60dbb493c15::input-params ::GET::::{}
2024-07-06 11:42:22::info::/v1/api/user/readUserProfile/665edd23fa87b27398b73d10::2c3561b1-11b9-42f1-9020-334dbbca116c::input-params ::GET::::{}
2024-07-06 11:42:22::info::/v1/api/serviceCategory/readServiceCategoriesWithServices/665edd23fa87b27398b73d10::3438d1ac-9c31-49a8-b58b-d56e9e31ba76::input-params ::GET::::{}
2024-07-06 11:42:41::info::/v1/api/user/readUserProfile/665edd23fa87b27398b73d10::6e4634a9-3680-48e1-841a-f936876ac8a6::input-params ::GET::::{}
2024-07-06 11:42:41::info::/v1/api/serviceCategory/readServiceCategoriesWithServices/665edd23fa87b27398b73d10::0db779c3-cb69-480e-8d3d-ba7a917b002f::input-params ::GET::::{}
2024-07-06 11:43:30::info::/v1/api/user/readUserProfile/665edd23fa87b27398b73d10::3d3c90ae-28b0-42b3-a012-88591edbba03::input-params ::GET::::{}
2024-07-06 11:43:30::info::/v1/api/serviceCategory/readServiceCategoriesWithServices/665edd23fa87b27398b73d10::99183c27-23cb-43d6-bfd1-53bdfe384e24::input-params ::GET::::{}
2024-07-06 11:43:34::info::/v1/api/termOfService/readTermOfServices::c8660562-021d-46fe-9a50-14f23070214e::input-params ::GET::::{}
2024-07-06 11:43:34::info::/v1/api/movement/readMovements::9825f3cf-4796-4482-b052-d218fb60e39e::input-params ::GET::::{}
2024-07-06 11:43:34::info::/v1/api/termOfService/readTermOfServices::55be75d9-b4eb-48eb-971e-c9236a1629ea::input-params ::GET::::{}
2024-07-06 11:43:52::info::/v1/api/user/readUserProfile/665edd23fa87b27398b73d10::2090c0d1-6df5-4a98-a604-18c6f6ac6845::input-params ::GET::::{}
2024-07-06 11:43:52::info::/v1/api/serviceCategory/readServiceCategoriesWithServices/665edd23fa87b27398b73d10::8fadc715-aeb1-4b44-a47c-f716cc0d74d0::input-params ::GET::::{}
2024-07-06 11:43:58::info::/v1/api/user/readUserProfile/665edd23fa87b27398b73d10::6eb699f7-c55e-4a76-9524-bd910053af05::input-params ::GET::::{}
2024-07-06 11:43:58::info::/v1/api/serviceCategory/readServiceCategoriesWithServices/665edd23fa87b27398b73d10::2668b3e6-ca7f-49ee-a1a9-3add0313627a::input-params ::GET::::{}
2024-07-06 11:44:02::info::/v1/api/user/readUserProfile/665edd23fa87b27398b73d10::22ffe755-9001-4275-ba3e-de4e8b5c046d::input-params ::GET::::{}
2024-07-06 11:44:02::info::/v1/api/serviceCategory/readServiceCategoriesWithServices/665edd23fa87b27398b73d10::1ccc63bb-736d-49ab-a296-5d1849d30a06::input-params ::GET::::{}
2024-07-06 11:44:10::info::/v1/api/user/readUserProfile/665edd23fa87b27398b73d10::bc10ec48-c22f-4a74-9117-3141790d85b6::input-params ::GET::::{}
2024-07-06 11:44:10::info::/v1/api/serviceCategory/readServiceCategoriesWithServices/665edd23fa87b27398b73d10::9ddffc44-3271-43bd-9a4d-b725d3971ff2::input-params ::GET::::{}
2024-07-06 11:44:15::info::/v1/api/order/readOrderHistory::c697a43e-7445-40f8-8bf2-cefb36e5dba8::input-params ::GET::::{}
2024-07-06 11:44:16::info::/v1/api/serviceCategory/readServiceCategoriesWithServices/665edd23fa87b27398b73d10::8adf118a-593f-4ace-a18b-f90121fe7ecd::input-params ::GET::::{}
2024-07-06 11:44:25::info::/v1/api/user/updateUserProfile/665edd23fa87b27398b73d10::281684e2-5522-47ef-9dd1-4bd81d1f6799::input-params ::PATCH::::{"_id":"665edd23fa87b27398b73d10","fullName":"John Doe","email":"taichinhlcp@gmail.com","password":"$2b$10$IfJvvnm53ANokTXA9uI84eCc5n6EvXwIDFi8Zz1I6qhl0D36CnwyK","role":"talent","avatar":"https://res.cloudinary.com/fiyonce/image/upload/v1719567369/fiyonce/profile/avatarOrCover/665edd23fa87b27398b73d10/ca7a81f493976ee8d9faeffe547c713b.jpg.jpg","country":"Vietnam","dob":"2023-06-28T00:00:00.000Z","bookmark":[],"status":"pending","followers":[],"following":[],"socialLinks":["https://www.facebook.com/waidykm","https://www.twitch.tv/pgl_dota2en2","https://stackoverflow.com/questions/31778413/run-javascript-in-visual-studio-code","https://www.tiktok.com/@nmihoq1105/video/7380594290457693441?_r=1&amp;_t=8nKS6Fz4yFV","https://www.pinterest.com/nhatdepdzaiproq/"],"createdAt":"2024-06-04T09:23:47.303Z","updatedAt":"2024-06-29T06:59:59.773Z","__v":0,"accessToken":"eyJhbGciOiJIUzI1NiIsInR5cCI6IkpXVCJ9.eyJpZCI6IjY2NWVkZDIzZmE4N2IyNzM5OGI3M2QxMCIsImVtYWlsIjoidGFpY2hpbmhsY3BAZ21haWwuY29tIiwiaWF0IjoxNzE3NDkzMDI3fQ.zPmesy_Sc81GvAaP5NX0-gNqa76LdXJz_nkpWvMOuQA","bg":"https://res.cloudinary.com/fiyonce/image/upload/v1719644390/fiyonce/profile/avatarOrCover/665edd23fa87b27398b73d10/7ac8b4e8a45b9b434fa75650015f8bb7.jpg.jpg","bio":"Xin chào mọi người. Mình là 😄😄😊🥲🥰🥲😝😍🤣😘","province":"hochiminh","jobTitle":"Họa sĩ minh họa","stageName":"akilart_v2","address":"TP.HCM","gender":"male","rating":5}
2024-07-06 11:44:27::info::/v1/api/user/readUserProfile/665edd23fa87b27398b73d10::2c360cca-890a-4f57-ac9a-8730e8814e38::input-params ::GET::::{}
2024-07-06 11:44:27::info::/v1/api/user/me::311eaedb-0b9b-4666-af61-974866906095::input-params ::GET::::{}
2024-07-06 11:44:37::info::/v1/api/serviceCategory/readServiceCategoriesWithServices/665edd23fa87b27398b73d10::c2fe1791-ae61-4073-828a-30ffeab80ce9::input-params ::GET::::{}
2024-07-06 11:44:41::info::/v1/api/user/me::3dabeba2-1013-47b0-86d1-59cba17daad2::input-params ::GET::::{}
2024-07-06 11:44:41::info::/v1/api/user/readUserProfile/665edd23fa87b27398b73d10::fc1e7e0c-e297-4f5c-b4f1-70041031213f::input-params ::GET::::{}
2024-07-06 11:44:41::info::/v1/api/serviceCategory/readServiceCategoriesWithServices/665edd23fa87b27398b73d10::12266b77-f5b3-4a54-b296-ecf2f2f0dd9e::input-params ::GET::::{}
2024-07-06 11:44:49::info::/v1/api/order/readOrderHistory::635f8f74-ac04-47d1-9a54-c98296459db8::input-params ::GET::::{}
2024-07-06 11:44:50::info::/v1/api/order/readOrderHistory::381d06e9-0974-4908-adaa-4bd9de99dbac::input-params ::GET::::{}
2024-07-06 11:44:54::info::/v1/api/order/readOrderHistory::90af193d-0b28-4e68-92da-68a70573efaa::input-params ::GET::::{}
2024-07-06 11:45:13::info::/v1/api/order/readOrderHistory::b8c67090-371f-4033-94f1-4d8ec8598961::input-params ::GET::::{}
2024-07-06 11:46:26::info::/v1/api/order/readOrderHistory::e45616ca-0cf5-4193-a9f8-c5d98e0a6c65::input-params ::GET::::{}
2024-07-06 11:46:32::info::/v1/api/order/readOrderHistory::934eb390-01c9-4b7b-886d-a010193141e2::input-params ::GET::::{}
2024-07-06 11:46:40::info::/v1/api/order/readOrderHistory::c461a80a-c7fd-4668-b2e2-e9c449b1162f::input-params ::GET::::{}
2024-07-06 11:46:41::info::/v1/api/order/readOrderHistory::3313f70a-73eb-4a95-aca9-34ac6dabb990::input-params ::GET::::{}
2024-07-06 11:46:41::info::/v1/api/user/readUserProfile/665edd23fa87b27398b73d10::29486e12-3109-4055-bcdc-86b5878f0b2c::input-params ::GET::::{}
2024-07-06 11:47:04::info::/v1/api/order/readOrderHistory::98834685-f500-46d5-8b3e-12d5433b78fb::input-params ::GET::::{}
2024-07-06 11:47:06::info::/v1/api/order/readOrderHistory::91738075-facc-42e9-8474-1e7b299df24e::input-params ::GET::::{}
2024-07-06 11:47:07::info::/v1/api/order/readOrderHistory::bf12b62b-6be4-45e3-813b-865a07b92a41::input-params ::GET::::{}
2024-07-06 11:47:11::info::/v1/api/order/readOrderHistory::0c7b951c-bb56-47b0-affb-f6306e7c08fe::input-params ::GET::::{}
2024-07-06 11:47:11::info::/v1/api/user/readUserProfile/665edd23fa87b27398b73d10::9bfe209e-3b12-4142-abb7-892b73d79772::input-params ::GET::::{}
2024-07-06 11:47:11::info::/v1/api/order/readOrderHistory::f455f566-33eb-4152-80e8-cf00f4a65d4c::input-params ::GET::::{}
2024-07-06 11:47:21::info::/v1/api/user/readUserProfile/665edd23fa87b27398b73d10::101e464a-684f-40cc-9fc0-9c27b853bb41::input-params ::GET::::{}
2024-07-06 11:47:21::info::/v1/api/serviceCategory/readServiceCategoriesWithServices/665edd23fa87b27398b73d10::c201b478-c5df-4d31-97e0-88fc8cf02d8c::input-params ::GET::::{}
2024-07-06 11:47:50::info::/v1/api/user/readUserProfile/665edd23fa87b27398b73d10::86611487-b10e-4bbf-bacb-83d6258a3b53::input-params ::GET::::{}
2024-07-06 11:51:01::info::/v1/api/order/readOrderHistory::c6e0e573-3a16-4fed-99c6-382f9f77cd7b::input-params ::GET::::{}
2024-07-06 11:51:01::info::/v1/api/user/readUserProfile/665edd23fa87b27398b73d10::e8b0c49d-0d99-4e86-96f6-e53cfc877ada::input-params ::GET::::{}
2024-07-06 11:51:02::info::/v1/api/user/readUserProfile/665edd23fa87b27398b73d10::1ff29608-2b9e-4b8a-999b-c904bb2abadd::input-params ::GET::::{}
2024-07-06 11:51:02::info::/v1/api/order/readOrderHistory::88764247-52e1-43b7-950a-91995ffaf8a1::input-params ::GET::::{}
2024-07-06 11:51:04::info::/v1/api/user/readUserProfile/665edd23fa87b27398b73d10::907bddb1-47ab-4d8d-9856-3f924e2e4b08::input-params ::GET::::{}
2024-07-06 11:51:04::info::/v1/api/order/readOrderHistory::875c0b09-4fdb-4dc0-aeb7-8526304c3814::input-params ::GET::::{}
2024-07-06 11:51:15::info::/v1/api/user/readUserProfile/665edd23fa87b27398b73d10::28ba9212-7466-444b-8530-cbc180d5eecc::input-params ::GET::::{}
2024-07-06 11:51:15::info::/v1/api/order/readOrderHistory::ef2ee157-d217-4b0c-872c-c54daef2cd21::input-params ::GET::::{}
2024-07-06 11:51:21::info::/v1/api/order/readOrderHistory::f4b68db7-9fae-41ba-b66e-69d2ee631534::input-params ::GET::::{}
2024-07-06 11:51:33::info::/v1/api/order/readOrderHistory::95fc1206-c244-4a66-9922-19f0339d6ada::input-params ::GET::::{}
2024-07-06 11:51:33::info::/v1/api/user/readUserProfile/665edd23fa87b27398b73d10::748ad6a6-f371-4791-9f8e-2175fc2e5eca::input-params ::GET::::{}
2024-07-06 11:51:33::info::/v1/api/order/readOrderHistory::434a55e9-fe2d-46a0-b168-eb41e952531a::input-params ::GET::::{}
2024-07-06 11:51:40::info::/v1/api/order/readOrderHistory::fcfa653b-84ed-4ad1-aba4-adcbac934361::input-params ::GET::::{}
2024-07-06 11:51:40::info::/v1/api/order/readOrderHistory::f9cd945d-c9f7-4ce4-b4e7-ff440e18495d::input-params ::GET::::{}
2024-07-06 11:51:40::info::/v1/api/user/readUserProfile/665edd23fa87b27398b73d10::f0f40fa2-4aba-4f25-aa1b-b83eb6d519ff::input-params ::GET::::{}
2024-07-06 11:52:13::info::/v1/api/order/readOrderHistory::7d54eaeb-31b7-4ed7-8642-e7a6e5fdd849::input-params ::GET::::{}
2024-07-06 11:52:14::info::/v1/api/order/readOrderHistory::7a12c0a3-37c0-4d22-8208-e90b359ff114::input-params ::GET::::{}
2024-07-06 11:52:22::info::/v1/api/order/readOrderHistory::3440d942-77f3-4322-b0d4-400bc2000907::input-params ::GET::::{}
2024-07-06 11:52:39::info::/v1/api/order/readOrderHistory::18042f73-e35b-4e5b-b0bd-9e5fbe2005d1::input-params ::GET::::{}
2024-07-06 11:52:39::info::/v1/api/order/readOrderHistory::65fdbd49-1d31-4d20-927e-3fee8f83667f::input-params ::GET::::{}
2024-07-06 11:52:41::info::/v1/api/order/readOrderHistory::f8c03e1a-a865-44c9-a2ad-8459852ef131::input-params ::GET::::{}
2024-07-06 11:52:42::info::/v1/api/order/readOrderHistory::5dd21d9b-0f82-484b-9828-6f9642f0881c::input-params ::GET::::{}
2024-07-06 11:52:42::info::/v1/api/user/readUserProfile/665edd23fa87b27398b73d10::90be19ae-6562-472b-b1e8-f087fd884376::input-params ::GET::::{}
2024-07-06 11:53:14::info::/v1/api/order/readOrderHistory::da6c630b-8e3e-4968-984c-575ba1159962::input-params ::GET::::{}
2024-07-06 11:53:37::info::/v1/api/order/readOrderHistory::0afc799a-73e0-4aa6-a89d-9d94e7f53ab5::input-params ::GET::::{}
2024-07-06 11:53:40::info::/v1/api/order/readOrderHistory::e364bd32-8f5a-405c-bf07-00f7b242ccb3::input-params ::GET::::{}
2024-07-06 11:54:40::info::/v1/api/order/readOrderHistory::894568de-da4d-413a-8a35-c66b4245a396::input-params ::GET::::{}
2024-07-06 11:54:41::info::/v1/api/order/readOrderHistory::5e2db11a-69d0-40df-848f-709ca757d296::input-params ::GET::::{}
2024-07-06 11:54:41::info::/v1/api/user/readUserProfile/665edd23fa87b27398b73d10::f0f67f62-9fa2-403e-a492-d20ce769b25e::input-params ::GET::::{}
2024-07-06 11:55:09::info::/v1/api/user/readUserProfile/665edd23fa87b27398b73d10::4a221553-f533-4d5f-80ab-d74b0678b248::input-params ::GET::::{}
2024-07-06 11:55:09::info::/v1/api/order/readOrderHistory::cdc1c810-0530-4e93-9246-fa38a7cc83e5::input-params ::GET::::{}
2024-07-06 11:55:11::info::/v1/api/order/readOrderHistory::580c07ed-8c10-46c1-b28f-aa256629b486::input-params ::GET::::{}
2024-07-06 11:55:53::info::/v1/api/order/readOrderHistory::432f174c-cc08-40d4-ae12-3aa70b4907fb::input-params ::GET::::{}
2024-07-06 11:56:38::info::/v1/api/order/readOrderHistory::a84ffb83-7eed-44a2-88b3-480e3efc37af::input-params ::GET::::{}
2024-07-06 11:56:39::info::/v1/api/order/readOrderHistory::06e5e736-243b-437f-b86d-d1355a1d33ab::input-params ::GET::::{}
2024-07-06 11:56:40::info::/v1/api/user/readUserProfile/665edd23fa87b27398b73d10::a2fccb94-e823-454c-afa4-652260630475::input-params ::GET::::{}
2024-07-06 11:56:40::info::/v1/api/order/readOrderHistory::37a1c3ea-0439-4ddc-afd3-5f4b9f8890c1::input-params ::GET::::{}
2024-07-06 11:56:42::info::/v1/api/order/readOrderHistory::a6fe25bc-d667-4b51-9715-8e29e02e4771::input-params ::GET::::{}
2024-07-06 11:56:49::info::/v1/api/user/readUserProfile/665edd23fa87b27398b73d10::0ba4e6d4-ecca-479a-9c94-1c076c79a436::input-params ::GET::::{}
2024-07-06 11:56:49::info::/v1/api/order/readOrderHistory::fee6d4e5-4b1c-42e6-b0ad-3452852107d3::input-params ::GET::::{}
2024-07-06 11:56:53::info::/v1/api/user/readUserProfile/665edd23fa87b27398b73d10::7d409c8b-6cd3-4e98-991b-51996c665b17::input-params ::GET::::{}
2024-07-06 11:56:53::info::/v1/api/order/readOrderHistory::d1325a46-3f92-4437-9cfe-1b5d614cf0ce::input-params ::GET::::{}
2024-07-06 11:56:55::info::/v1/api/serviceCategory/readServiceCategoriesWithServices/665edd23fa87b27398b73d10::4ad55f21-5737-4ffb-8b55-1da334ae76b9::input-params ::GET::::{}
2024-07-06 11:56:56::info::/v1/api/order/readOrderHistory::608a200f-2c6f-4df7-a831-bee612b54265::input-params ::GET::::{}
2024-07-06 12:02:11::info::/v1/api/user/readUserProfile/665edd23fa87b27398b73d10::094785fa-1c3f-47bf-9725-ffa5a9d43ee2::input-params ::GET::::{}
2024-07-06 12:02:11::info::/v1/api/order/readOrderHistory::c4bebd20-d880-4bf7-b434-f6b76eae59bc::input-params ::GET::::{}
2024-07-06 12:49:16::info::/v1/api/user/readUserProfile/665edd23fa87b27398b73d10::50a94709-1fd3-4cdd-9d47-4323b22a2673::input-params ::GET::::{}
2024-07-06 12:49:16::info::/v1/api/order/readOrderHistory::9b1ff98d-29ec-4f8c-8ea0-19c50e0820bc::input-params ::GET::::{}
2024-07-06 12:49:17::info::/v1/api/user/me::eb8de2d0-69c3-4ea0-923d-e8ccdefa9a6f::input-params ::GET::::{}
2024-07-06 12:49:17::info::/v1/api/user/readUserProfile/665edd23fa87b27398b73d10::a8dab645-4f8b-4b25-be59-b065a12eb75f::input-params ::GET::::{}
2024-07-06 12:49:17::info::/v1/api/order/readOrderHistory::b0f678a6-f260-42ae-b398-d65c5fc0e3c7::input-params ::GET::::{}
2024-07-06 12:49:55::info::/v1/api/user/readUserProfile/665edd23fa87b27398b73d10::13f919a8-43a8-4fc2-bd88-5263925a0829::input-params ::GET::::{}
2024-07-06 12:49:55::info::/v1/api/order/readOrderHistory::7bba4f3a-7e3a-4f8c-9d81-99e7639269d1::input-params ::GET::::{}
2024-07-06 12:49:56::info::/v1/api/user/readUserProfile/665edd23fa87b27398b73d10::deefd8f5-ff5f-4178-883e-4ac24b5ed27f::input-params ::GET::::{}
2024-07-06 12:49:56::info::/v1/api/order/readOrderHistory::03639147-02df-4130-8c84-d080335e129b::input-params ::GET::::{}
2024-07-06 12:49:57::info::/v1/api/user/readUserProfile/665edd23fa87b27398b73d10::4889bc02-5fb3-4b99-8be4-6bbea2bf1613::input-params ::GET::::{}
2024-07-06 12:49:57::info::/v1/api/order/readOrderHistory::17e99ae9-e1ae-4797-b6cd-a7cff26932ea::input-params ::GET::::{}
2024-07-06 12:53:01::info::/v1/api/user/readUserProfile/665edd23fa87b27398b73d10::aea15fc5-606c-427c-a2b9-9ce295b27b70::input-params ::GET::::{}
2024-07-06 12:53:01::info::/v1/api/order/readOrderHistory::b1f39e11-a54c-4f81-a77d-bcbc086bede2::input-params ::GET::::{}
2024-07-06 12:53:03::info::/v1/api/user/readUserProfile/665edd23fa87b27398b73d10::b16234d1-833f-4a76-9301-78122dea069b::input-params ::GET::::{}
2024-07-06 12:53:03::info::/v1/api/order/readOrderHistory::7c837dfa-367c-48b3-a46d-4d6443f1965e::input-params ::GET::::{}
2024-07-06 13:03:41::info::/v1/api/user/readUserProfile/665edd23fa87b27398b73d10::f971cd54-1a67-4821-a00b-1634d179af6d::input-params ::GET::::{}
2024-07-06 13:03:41::info::/v1/api/order/readOrderHistory::6285b7dc-7413-477d-9699-c0511fb8fc02::input-params ::GET::::{}
2024-07-06 13:40:47::info::/v1/api/user/me::178cb257-733f-4459-b84d-16234905665a::input-params ::GET::::{}
2024-07-06 13:40:47::info::/v1/api/user/readUserProfile/665edd23fa87b27398b73d10::e03612e6-849e-466c-a28a-6e11149d9d84::input-params ::GET::::{}
2024-07-06 13:40:47::info::/v1/api/order/readOrderHistory::0d2e12f3-a7d5-47f4-a7c4-b8630c472d97::input-params ::GET::::{}
2024-07-06 14:42:11::info::/v1/api/user/me::8b95fd75-1aae-4510-b5ef-4038574f8b48::input-params ::GET::::{}
2024-07-06 14:42:11::info::/v1/api/user/readUserProfile/665edd23fa87b27398b73d10::d9372487-19ac-4807-877f-1b17d0e6e14a::input-params ::GET::::{}
2024-07-06 14:42:12::info::/v1/api/order/readOrderHistory::8888e787-4f3a-4b8d-b9b4-0a1b907db468::input-params ::GET::::{}
2024-07-06 14:58:50::info::/v1/api/user/readUserProfile/665edd23fa87b27398b73d10::66c9da03-004c-4a3d-9625-1ca2e8b15868::input-params ::GET::::{}
2024-07-06 14:58:50::info::/v1/api/order/readOrderHistory::73b495ef-1983-46a3-8bd3-3997cd994518::input-params ::GET::::{}
2024-07-06 19:10:46::info::/v1/api/user/me::f3d99198-cb97-4f12-9717-5cf8028f0c33::input-params ::GET::::{}
2024-07-06 19:10:46::info::/v1/api/user/readUserProfile/665edd23fa87b27398b73d10::011a0812-cf54-49cb-9623-a71bccfdf8d0::input-params ::GET::::{}
2024-07-06 19:10:46::info::/v1/api/order/readOrderHistory::be321c09-e7c1-4098-82c7-7ffb16a4cf40::input-params ::GET::::{}
2024-07-06 19:10:48::info::/v1/api/order/readOrderHistory::f35b5625-c77c-4547-bbee-59c6644d1e41::input-params ::GET::::{}
2024-07-06 19:11:12::info::/v1/api/order/readOrderHistory::ddfecb89-773f-4e8c-b6be-b519c08245fc::input-params ::GET::::{}
2024-07-06 19:11:12::info::/v1/api/order/readOrderHistory::72c5d3b0-c9fa-4dcc-95aa-afe0ec9745a7::input-params ::GET::::{}
2024-07-06 19:11:18::info::/v1/api/user/readUserProfile/665edd23fa87b27398b73d10::8f016123-0b6d-456b-816c-35682e1f1093::input-params ::GET::::{}
2024-07-06 19:11:18::info::/v1/api/order/readOrderHistory::f7b744e0-584d-4252-9b57-baa20ae33f68::input-params ::GET::::{}
2024-07-06 19:12:20::info::/v1/api/user/readUserProfile/665edd23fa87b27398b73d10::6ae3a5a8-342e-4e66-97b7-24d946d22dec::input-params ::GET::::{}
2024-07-06 19:12:20::info::/v1/api/order/readOrderHistory::19e88b0a-9564-4a25-9979-5b2336e6ffa0::input-params ::GET::::{}
2024-07-06 19:12:35::info::/v1/api/user/readUserProfile/665edd23fa87b27398b73d10::67769b96-de9e-401a-8d78-bc764297af5e::input-params ::GET::::{}
2024-07-06 19:12:35::info::/v1/api/order/readOrderHistory::fd623aeb-36b1-4a95-a514-b34ecd54cdf6::input-params ::GET::::{}
2024-07-06 19:14:05::info::/v1/api/order/readOrderHistory::201f12d5-d43e-45f9-bcdc-8de239fa63d9::input-params ::GET::::{}
2024-07-06 19:14:11::info::/v1/api/order/readOrderHistory::532f2efe-c80b-4da7-8c34-f27c31462dcd::input-params ::GET::::{}
2024-07-06 19:14:15::info::/v1/api/order/readOrderHistory::c471f55a-b3ae-4e2b-86c4-ef440e30f924::input-params ::GET::::{}
2024-07-06 19:14:15::info::/v1/api/user/readUserProfile/665edd23fa87b27398b73d10::4951a896-4283-437f-b860-1870da4c6739::input-params ::GET::::{}
2024-07-06 19:14:49::info::/v1/api/order/readOrderHistory::792cb91b-2e0c-44f5-bc37-e3a0c3d71a04::input-params ::GET::::{}
2024-07-06 19:14:49::info::/v1/api/user/readUserProfile/665edd23fa87b27398b73d10::36b598f9-37f9-4d87-9162-1e89715782d6::input-params ::GET::::{}
2024-07-06 19:26:58::info::/v1/api/user/readUserProfile/665edd23fa87b27398b73d10::57d6db01-9812-4671-a330-0c99e1fedbb8::input-params ::GET::::{}
2024-07-06 19:26:58::info::/v1/api/order/readOrderHistory::b834f44e-8d43-4e22-8a32-5be60f8bff78::input-params ::GET::::{}
2024-07-06 19:27:35::info::/v1/api/order/readOrderHistory::f3668df1-fa19-48ee-a882-7ba1e8b228fe::input-params ::GET::::{}
2024-07-06 19:27:35::info::/v1/api/order/readOrderHistory::3164cc6b-e6dc-4998-8e3d-fbb9562cdfb2::input-params ::GET::::{}
2024-07-06 19:27:56::info::/v1/api/user/readUserProfile/665edd23fa87b27398b73d10::66f6dd22-a906-4e61-8745-dfec74c2f239::input-params ::GET::::{}
2024-07-06 19:27:56::info::/v1/api/order/readOrderHistory::c4dbed5b-257c-41a8-82b6-c96187ab9687::input-params ::GET::::{}
2024-07-06 19:28:22::info::/v1/api/user/readUserProfile/665edd23fa87b27398b73d10::7ecba93e-4e39-4e5e-bd10-58ae0ff1fff1::input-params ::GET::::{}
2024-07-06 19:28:22::info::/v1/api/order/readOrderHistory::61f4e1c4-324e-4a8d-b25c-5d19e00ec1cf::input-params ::GET::::{}
2024-07-06 19:29:07::info::/v1/api/user/readUserProfile/665edd23fa87b27398b73d10::8173a935-ca00-43a1-985d-e66a303363d8::input-params ::GET::::{}
2024-07-06 19:29:07::info::/v1/api/order/readOrderHistory::a45338a4-d782-4d6e-9418-3ef42fa1dcca::input-params ::GET::::{}
2024-07-06 19:30:28::info::/v1/api/user/readUserProfile/665edd23fa87b27398b73d10::b76aa5a1-bb04-42d6-b190-1dfd80398ee2::input-params ::GET::::{}
2024-07-06 19:30:28::info::/v1/api/order/readOrderHistory::b8992eb0-8b43-4eee-bf4e-b139031bd6bb::input-params ::GET::::{}
2024-07-06 19:36:58::info::/v1/api/user/readUserProfile/665edd23fa87b27398b73d10::cf857d07-baa8-4b1a-93eb-8fdd4e91c480::input-params ::GET::::{}
2024-07-06 19:36:58::info::/v1/api/order/readOrderHistory::e4ec600e-cc77-44c0-be61-0dd53cb36310::input-params ::GET::::{}
2024-07-06 20:17:58::info::/v1/api/user/me::d591913e-afb0-4949-964d-f95bfcc87600::input-params ::GET::::{}
2024-07-06 20:17:58::info::/v1/api/user/readUserProfile/665edd23fa87b27398b73d10::ab7c1c6b-1414-4ea7-833f-bdaa47362cb4::input-params ::GET::::{}
2024-07-06 20:17:58::info::/v1/api/order/readOrderHistory::4b9e3e75-18bc-4367-8560-20dbe7e5c342::input-params ::GET::::{}
2024-07-06 20:18:14::info::/v1/api/order/readOrderHistory::3f45afdb-bcd5-4f7f-9456-5b9f4153b81e::input-params ::GET::::{}
2024-07-06 20:18:14::info::/v1/api/order/readOrderHistory::888e0938-a3cd-4035-9222-c2e16c7f804f::input-params ::GET::::{}
2024-07-06 20:18:25::info::/v1/api/order/readOrderHistory::c77153da-0c49-4cd8-8b43-064f5f292b8b::input-params ::GET::::{}
