2024-08-05 08:22:33::info::/v1/api/user/me::9a8b2cfe-9145-4722-a00a-51bd364a144e::input-params ::GET::::{}
2024-08-05 08:22:33::info::/v1/api/movement/readMovements::acd5f628-0656-4759-a196-00690bb6b62a::input-params ::GET::::{}
2024-08-05 08:22:33::info::/v1/api/news/readNewss::e4fbef8b-f4c4-4360-aa5f-652baa439eb3::input-params ::GET::::{}
2024-08-05 08:22:33::info::/v1/api/recommender/readPopularPosts::84ddca9c-eda3-44f1-82aa-380504aa142f::input-params ::GET::::{}
2024-08-05 08:22:37::info::/v1/api/user/me::7445309a-0d14-4fb9-970b-65b98c4912f6::input-params ::GET::::{}
2024-08-05 08:22:37::info::/v1/api/movement/readMovements::73e50f50-f7ee-4e33-b636-7ac5dc24e6fa::input-params ::GET::::{}
2024-08-05 08:22:37::info::/v1/api/news/readNewss::bb9777db-3157-452a-b733-d859752b59eb::input-params ::GET::::{}
2024-08-05 08:22:37::info::/v1/api/recommender/readPopularPosts::74609aaa-72d7-4574-9e76-fed6c063eb8e::input-params ::GET::::{}
2024-08-05 08:22:37::info::/v1/api/user/me::d4357053-9331-4002-8ed4-539f32a6de1b::input-params ::GET::::{}
2024-08-05 08:22:38::info::/v1/api/movement/readMovements::12ed6f85-ffd6-40af-a39a-bb1f15114c53::input-params ::GET::::{}
2024-08-05 08:22:38::info::/v1/api/news/readNewss::6751d100-ee84-41de-9271-c59c4b043015::input-params ::GET::::{}
2024-08-05 08:22:38::info::/v1/api/recommender/readPopularPosts::3b65701f-9bb4-4c97-a6a5-93a1d4a4aa90::input-params ::GET::::{}
2024-08-05 08:22:43::info::/v1/api/order/readOrders::2e4bab41-01dc-443f-973e-a0b4ca1769c8::input-params ::GET::::{"isDirect":"false","sortBy":"createdAt","sortOrder":"desc"}
2024-08-05 08:22:44::info::/v1/api/news/readNewss::653bd729-6466-4224-9e2e-ac7bab86ae05::input-params ::GET::::{}
2024-08-05 08:22:44::info::/v1/api/recommender/readPopularPosts::ee6e5cac-eb87-4bc4-b622-3c9232913a65::input-params ::GET::::{}
2024-08-05 08:22:46::info::/v1/api/user/readUserProfile/66a5a57173370474cf4eacca::3ab03819-3ea2-417e-936c-0522c51a13a4::input-params ::GET::::{}
2024-08-05 08:22:46::info::/v1/api/order/readTalentOrderHistory::c832dcdb-ba2d-4120-862d-6d5bf782a1d9::input-params ::GET::::{}
2024-08-05 08:22:50::info::/v1/api/serviceCategory/readServiceCategoriesWithServices/66a5a57173370474cf4eacca::7bd0b3f6-b3fd-402d-8100-f89dac132155::input-params ::GET::::{}
2024-08-05 08:22:57::info::/v1/api/post/readPostCategoriesWithPosts/66a5a57173370474cf4eacca::aab38fd6-2827-4f2e-9157-9993418e7f1d::input-params ::GET::::{}
2024-08-05 08:23:00::info::/v1/api/serviceCategory/readServiceCategoriesWithServices/66a5a57173370474cf4eacca::de8ce25f-8f8c-403e-ae67-e5f9cb65b254::input-params ::GET::::{}
2024-08-05 08:23:01::info::/v1/api/termOfService/readTermOfServices::e0e16b82-9694-4c2b-88d6-a747d69375d3::input-params ::GET::::{}
2024-08-05 08:23:01::info::/v1/api/termOfService/readTermOfServices::4bb01f35-b7c5-4fc1-a23f-d62ef65d6c74::input-params ::GET::::{}
2024-08-05 08:23:04::info::/v1/api/user/me::4fcbaa97-a4ec-4425-a4e2-536b1ca2eb1d::input-params ::GET::::{}
2024-08-05 08:23:04::info::/v1/api/movement/readMovements::0629528f-2852-4abc-a034-5454d02e196d::input-params ::GET::::{}
2024-08-05 08:23:04::info::/v1/api/news/readNewss::db28c99a-584a-4a72-8e43-98bd8f35e510::input-params ::GET::::{}
2024-08-05 08:23:04::info::/v1/api/recommender/readPopularPosts::144306ff-3ce8-493a-aeb5-e3b9f9c871d2::input-params ::GET::::{}
2024-08-05 08:23:05::info::/v1/api/user/me::0fd0e146-cb03-4e11-ae3a-84d96fb2935b::input-params ::GET::::{}
2024-08-05 08:23:05::info::/v1/api/movement/readMovements::8301eaef-3810-489d-9405-5e6935a29e2c::input-params ::GET::::{}
2024-08-05 08:23:05::info::/v1/api/news/readNewss::390a32f4-5850-4d9a-9ae6-89602c641e02::input-params ::GET::::{}
2024-08-05 08:23:05::info::/v1/api/recommender/readPopularPosts::db931f28-6822-41d6-90ee-feebf171440c::input-params ::GET::::{}
2024-08-05 08:23:07::info::/v1/api/movement/readMovements::039957d9-fa7b-431c-97bf-ff8f8cc5b018::input-params ::GET::::{}
2024-08-05 08:23:07::info::/v1/api/news/readNewss::38325c69-7599-45d2-b54a-3956a0c17fe2::input-params ::GET::::{}
2024-08-05 08:23:07::info::/v1/api/movement/readMovements::e439fe15-7727-4ce4-8a15-078ede2cbd95::input-params ::GET::::{}
2024-08-05 08:23:07::info::/v1/api/user/readUserProfile/66a5a57173370474cf4eacca::9dc4b8f0-34aa-48e0-a480-6ba5b7d520d7::input-params ::GET::::{}
2024-08-05 08:23:07::info::/v1/api/serviceCategory/readServiceCategoriesWithServices/66a5a57173370474cf4eacca::405daa46-fe7f-4c39-97f1-854d7acb8c5b::input-params ::GET::::{}
