2024-09-03 07:41:07::info::/v1/api/user/me::edad5c24-4d76-421f-82a1-6b97de265b13::input-params ::GET::::{}
2024-09-03 07:41:08::info::/v1/api/movement/readMovements::4177faf8-d9cd-4929-8aa0-8d90b86ae7ad::input-params ::GET::::{}
2024-09-03 07:41:08::info::/v1/api/recommender/readPopularPosts::84bb0e16-f494-4600-82b8-6c803c67d98b::input-params ::GET::::{}
2024-09-03 07:41:08::info::/v1/api/news/readNewss::613e1db4-28a1-438a-b7c5-4f6bdd211e35::input-params ::GET::::{}
2024-09-03 07:42:00::info::/v1/api/movement/readMovements::86ae5ab6-059d-460f-9b18-8ddbd333e9d4::input-params ::GET::::{}
2024-09-03 07:42:04::info::/v1/api/user/me::50de94a3-102a-4cce-b66a-4eceece54226::input-params ::GET::::{}
2024-09-03 07:42:05::info::/v1/api/movement/readMovements::e0e984de-3110-4fae-94bc-dda201526383::input-params ::GET::::{}
2024-09-03 07:43:04::info::/v1/api/movement/readMovements::cbf914cd-0871-40ab-9569-7ac3b7e9c51d::input-params ::GET::::{}
2024-09-03 07:43:09::info::/v1/api/movement/readMovements::ff3f344d-0ed3-4422-ae71-438dc7a8190f::input-params ::GET::::{}
2024-09-03 07:43:13::info::/v1/api/user/me::cdf2434a-126f-415e-91c3-b605a99c15ef::input-params ::GET::::{}
2024-09-03 07:43:13::info::/v1/api/movement/readMovements::bfb9b473-d1da-4429-bacb-4490a1587a30::input-params ::GET::::{}
2024-09-03 07:43:28::info::/v1/api/movement/readMovements::02ff55f0-d83e-4106-ab4c-3a1166e01b13::input-params ::GET::::{}
2024-09-03 07:43:42::info::/v1/api/movement/readMovements::4f08dd30-8648-4bcc-b41d-5438338bbee6::input-params ::GET::::{}
2024-09-03 07:44:31::info::/v1/api/movement/readMovements::a381a399-3983-40a8-8049-bad54e5ca0b6::input-params ::GET::::{}
2024-09-03 07:45:03::info::/v1/api/movement/readMovements::933c8895-594b-49fb-93f5-3971602f10b8::input-params ::GET::::{}
2024-09-03 07:46:16::info::/v1/api/movement/readMovements::eaa97fd4-dbd2-492a-9b15-53f422ef59b9::input-params ::GET::::{}
2024-09-03 07:46:33::info::/v1/api/movement/readMovements::88fa1fa3-eea7-46c0-b445-5b91d5881b89::input-params ::GET::::{}
2024-09-03 07:46:35::info::/v1/api/user/me::9d2d8ebc-9b06-4f42-ae64-40a396590fd9::input-params ::GET::::{}
2024-09-03 07:46:36::info::/v1/api/movement/readMovements::04163c95-279c-43dc-bdb1-c59aa76dcbeb::input-params ::GET::::{}
2024-09-03 07:46:49::info::/v1/api/movement/readMovements::511ae52d-9950-4329-a2c7-d73a9f755bad::input-params ::GET::::{}
2024-09-03 07:46:50::info::/v1/api/user/me::dc9db39f-8dee-427b-ad60-4788d59afc61::input-params ::GET::::{}
2024-09-03 07:46:50::info::/v1/api/movement/readMovements::3db2c5a3-8fb4-4576-abdd-ab4b2a8a9f30::input-params ::GET::::{}
2024-09-03 07:47:24::info::/v1/api/movement/readMovements::ac279071-3043-457b-95c2-2bc34e7fa2f0::input-params ::GET::::{}
2024-09-03 07:47:25::info::/v1/api/user/me::f1e5bbac-37ce-40b4-b464-323b7c75af00::input-params ::GET::::{}
2024-09-03 07:47:26::info::/v1/api/movement/readMovements::185b3945-cbbe-4f2d-b6e0-475a4cc2d7f4::input-params ::GET::::{}
2024-09-03 07:47:39::info::/v1/api/movement/readMovements::cf989b9a-5f08-404b-86a2-f91d794d9373::input-params ::GET::::{}
2024-09-03 07:48:13::info::/v1/api/movement/readMovements::800b0399-4570-4300-88ed-9e117c448618::input-params ::GET::::{}
2024-09-03 07:48:19::info::/v1/api/user/me::0aacccd3-1926-42bd-9410-edad2c302a24::input-params ::GET::::{}
2024-09-03 07:48:20::info::/v1/api/movement/readMovements::11b26884-3741-44cb-9480-3405dcf6a127::input-params ::GET::::{}
2024-09-03 07:48:27::info::/v1/api/movement/readMovements::c4a8e572-628b-44ec-9de2-171a023ca1e2::input-params ::GET::::{}
2024-09-03 07:48:28::info::/v1/api/user/me::d9074ee5-cda7-48b4-b517-7c2f0d568ff3::input-params ::GET::::{}
2024-09-03 07:48:29::info::/v1/api/movement/readMovements::16746f42-98f3-483d-acb6-c33520b93dac::input-params ::GET::::{}
2024-09-03 07:49:09::info::/v1/api/movement/readMovements::852277e7-2b09-4d1b-ba59-ef5785d36a40::input-params ::GET::::{}
2024-09-03 07:49:18::info::/v1/api/movement/readMovements::800f03fa-4f3d-4f40-bb76-324f6f754f0a::input-params ::GET::::{}
2024-09-03 07:50:12::info::/v1/api/movement/readMovements::e62bef7d-be18-4704-8980-25a8ebd6e0b9::input-params ::GET::::{}
2024-09-03 07:50:18::info::/v1/api/movement/readMovements::66a69232-b087-47d5-b4d2-739fb75df203::input-params ::GET::::{}
2024-09-03 07:50:22::info::/v1/api/movement/readMovements::b45521ff-11c7-4b51-912d-88e30fc14033::input-params ::GET::::{}
2024-09-03 07:50:24::info::/v1/api/movement/readMovements::9797f009-2641-4d87-8204-9cdd11ec4299::input-params ::GET::::{}
2024-09-03 07:50:35::info::/v1/api/movement/readMovements::2a65be80-9745-4d16-a628-9da50ab20f04::input-params ::GET::::{}
2024-09-03 07:51:20::info::/v1/api/movement/readMovements::edef2a17-f8b6-45a4-8173-5cc5465024a7::input-params ::GET::::{}
2024-09-03 07:53:25::info::/v1/api/movement/readMovements::fb29a05d-1bc6-48c0-9371-3362ce35aa93::input-params ::GET::::{}
2024-09-03 07:53:34::info::/v1/api/movement/readMovements::5a9a68f6-d0e4-4210-8d83-0b4b7703b55e::input-params ::GET::::{}
2024-09-03 07:54:02::info::/v1/api/movement/readMovements::bb0fe60b-3ab1-4166-9e86-7986e801afdf::input-params ::GET::::{}
2024-09-03 07:54:39::info::/v1/api/movement/readMovements::c68504f2-cc3c-4e6a-bf5d-efd0c1a22848::input-params ::GET::::{}
2024-09-03 07:54:49::info::/v1/api/movement/readMovements::d8ca5489-8d7d-40df-a2e4-ee70e6bc4f0b::input-params ::GET::::{}
2024-09-03 07:55:23::info::/v1/api/movement/readMovements::07336531-51fd-417e-95c4-6c559c980631::input-params ::GET::::{}
2024-09-03 07:56:01::info::/v1/api/movement/readMovements::c03f111a-5cc1-4445-96e3-8c29b142412f::input-params ::GET::::{}
2024-09-03 07:56:10::info::/v1/api/movement/readMovements::407ac05f-7d50-47ba-b2e8-ea1a122675d8::input-params ::GET::::{}
2024-09-03 07:56:21::info::/v1/api/movement/readMovements::2ef78efa-01ae-4e93-996d-071113a93cad::input-params ::GET::::{}
2024-09-03 07:57:04::info::/v1/api/movement/readMovements::79a2dca4-6e84-48e4-a519-def57a281a34::input-params ::GET::::{}
2024-09-03 07:57:21::info::/v1/api/movement/readMovements::c9f9fd44-8a44-4937-bd38-97326b17da8f::input-params ::GET::::{}
2024-09-03 07:57:25::info::/v1/api/movement/readMovements::0b0e9a38-b488-436d-a511-4910aa8a616c::input-params ::GET::::{}
2024-09-03 07:57:33::info::/v1/api/movement/readMovements::48b59c7e-f393-4793-92b9-6db525f56b78::input-params ::GET::::{}
2024-09-03 07:57:57::info::/v1/api/movement/readMovements::5a8d5ed1-90d5-47fd-bfb1-433de9fe7053::input-params ::GET::::{}
2024-09-03 07:58:05::info::/v1/api/movement/readMovements::515ef6ad-fb53-47ce-b13e-ee0b23f06818::input-params ::GET::::{}
2024-09-03 07:58:13::info::/v1/api/movement/readMovements::f9b0c7cb-30fc-4cd4-ac5e-0dba7423f191::input-params ::GET::::{}
2024-09-03 07:58:16::info::/v1/api/movement/readMovements::7275d87d-f532-4f1e-95af-5021db24e40b::input-params ::GET::::{}
2024-09-03 07:58:16::info::/v1/api/user/me::d484e3dc-6708-4023-b022-649ab168ef2a::input-params ::GET::::{}
2024-09-03 07:58:16::info::/v1/api/movement/readMovements::cf495cb6-572f-45cd-ae76-f7a2924d898c::input-params ::GET::::{}
2024-09-03 07:58:20::info::/v1/api/movement/readMovements::7afbd3ce-fd87-45e7-b745-dd6659d07051::input-params ::GET::::{}
2024-09-03 07:58:21::info::/v1/api/movement/readMovements::fb99e6c5-e2ac-489f-b794-1175c028aae7::input-params ::GET::::{}
2024-09-03 08:39:27::info::/v1/api/user/me::6a5c1744-6f15-4250-8d3a-26aa107f11ae::input-params ::GET::::{}
2024-09-03 08:39:29::info::/v1/api/movement/readMovements::843242da-bf24-460f-bc0b-d7ec4b6a98db::input-params ::GET::::{}
2024-09-03 08:39:36::info::/v1/api/movement/readMovements::21c5a561-7e7d-47eb-9090-436207d9ec9c::input-params ::GET::::{}
2024-09-03 08:39:37::info::/v1/api/movement/readMovements::790d8239-8e7d-4239-b872-1b456178ced9::input-params ::GET::::{}
2024-09-03 08:39:55::info::/v1/api/movement/readMovements::242cd40d-9c7c-405d-9eab-018496402e56::input-params ::GET::::{}
2024-09-03 08:41:42::info::/v1/api/movement/readMovements::30e3a624-2fa4-43f1-b52b-ddc20300902d::input-params ::GET::::{}
2024-09-03 08:42:09::info::/v1/api/movement/readMovements::cf9439b2-1960-4192-9371-7c272d6ed2d3::input-params ::GET::::{}
2024-09-03 08:42:18::info::/v1/api/movement/readMovements::422e10f0-b8de-4298-9bfc-3de0cee28f77::input-params ::GET::::{}
2024-09-03 08:42:24::info::/v1/api/movement/readMovements::158bdc66-2de0-4fb5-a8ed-33614bc21928::input-params ::GET::::{}
2024-09-03 08:44:21::info::/v1/api/movement/readMovements::140b1ffc-8c88-47b3-b15d-d97626c16788::input-params ::GET::::{}
2024-09-03 08:44:21::info::/v1/api/user/me::a72838d6-721d-47ef-952f-912cb86da1b4::input-params ::GET::::{}
2024-09-03 08:44:21::info::/v1/api/movement/readMovements::69ef615a-4f89-400f-9cdb-ede102d7972f::input-params ::GET::::{}
2024-09-03 08:44:23::info::/v1/api/movement/readMovements::c082f14e-4c06-455b-8e27-2702b2017448::input-params ::GET::::{}
2024-09-03 08:44:24::info::/v1/api/movement/readMovements::45d194aa-3c25-46b7-8d6b-6d1e361eaffc::input-params ::GET::::{}
2024-09-03 08:44:26::info::/v1/api/auth/users/logout::f81426aa-503c-4c60-8133-3c90a930ed68::input-params ::POST::::{}
2024-09-03 08:44:26::info::/v1/api/user/me::2afacf0b-3bdd-4751-b3aa-0d9ff000a896::input-params ::GET::::{}
2024-09-03 08:44:26::error::/v1/api/user/me::2afacf0b-3bdd-4751-b3aa-0d9ff000a896::403 - 1ms - Response: {"status":403,"now":1725327866741}::{"message":"Access token missing"}
2024-09-03 08:44:28::info::/v1/api/auth/google::e7a0e284-8901-4ec0-a49a-f4a80ba59393::input-params ::GET::::{}
2024-09-03 08:44:35::info::/v1/api/auth/google/callback::afc90692-24d3-4da8-ab5f-2622f952f2a3::input-params ::GET::::{"code":"4/0AQlEd8w7EZbnWDJc_f65DvZm8dlhhN9sYtKIC3gItrvonUmyDcXqgcIFE6Tutlu9gQbXMg","scope":"email profile openid https://www.googleapis.com/auth/userinfo.profile https://www.googleapis.com/auth/userinfo.email","authuser":"2","prompt":"consent"}
2024-09-03 08:44:36::info::/v1/api/user/me::05420a65-049a-4906-9758-f28cc803c890::input-params ::GET::::{}
2024-09-03 08:44:37::info::/v1/api/movement/readMovements::623a0611-56a4-4e62-8e93-22ff602ac565::input-params ::GET::::{}
2024-09-03 08:44:37::info::/v1/api/news/readNewss::e19f02a3-f364-43bc-8555-d6d265efa141::input-params ::GET::::{}
2024-09-03 08:44:37::info::/v1/api/recommender/readPopularPosts::1410ea48-8921-4a0e-affb-ab13715c3ab4::input-params ::GET::::{}
2024-09-03 08:44:39::info::/v1/api/conversation/readConversations::5fcf87d1-c04b-43df-92f1-5b69dfd431d3::input-params ::GET::::{}
2024-09-03 08:44:39::info::/v1/api/user/updateProfile/66a59f2c73370474cf4eaada::59e2cf66-82e8-48ec-b641-3d2bfa2bb427::input-params ::PATCH::::{"lastViewConversations":1725327879390}
2024-09-03 08:44:40::error::/v1/api/conversation/readConversations::5fcf87d1-c04b-43df-92f1-5b69dfd431d3::undefined - NaNms - Response: {}::{"message":"Cannot read properties of null (reading '_id')"}
2024-09-03 08:44:43::info::/v1/api/notification/readNotifications::6cf41dd4-4b3a-47ec-b518-ed65d530c4f3::input-params ::PATCH::::{}
2024-09-03 08:44:47::info::/v1/api/movement/readMovements::f4b6b04b-d983-47a5-aea5-64784bc70eba::input-params ::GET::::{}
2024-09-03 08:44:47::info::/v1/api/news/readNewss::9d4a1033-4a6a-44e2-88eb-851d7eaa27e3::input-params ::GET::::{}
2024-09-03 08:44:47::info::/v1/api/notification/readNotifications::11bb3891-409a-435a-b61e-70931a1b8eff::input-params ::PATCH::::{}
2024-09-03 08:44:47::info::/v1/api/recommender/readPopularPosts::bfefd183-6c7d-49e6-abc4-a0841f889168::input-params ::GET::::{}
2024-09-03 08:44:47::info::/v1/api/user/me::bd1b44f1-f1d3-4182-99bb-d065a02a8e1a::input-params ::GET::::{}
2024-09-03 08:44:49::info::/v1/api/movement/readMovements::375c0d31-9fcc-4608-9832-f948e203f2eb::input-params ::GET::::{}
2024-09-03 08:44:49::info::/v1/api/talentRequest/readTalentRequestsByStatus/pending::4e95aefe-6678-433f-a4f3-7272bf0f7244::input-params ::GET::::{}
2024-09-03 08:45:18::info::/v1/api/help/readHelpArticles::0e879a06-03da-4375-a3da-2d074ad7704b::input-params ::GET::::{}
2024-09-03 08:45:18::info::/v1/api/help/readHelpTopics::7830186e-c145-4a06-9d12-5105da09465b::input-params ::GET::::{}
2024-09-03 08:45:18::info::/v1/api/news/readNewss::90eda32a-2b0d-4f2b-817b-e43c66246e93::input-params ::GET::::{}
2024-09-03 08:50:14::info::/v1/api/help/readHelpArticles::3600d97b-a3f9-49af-b157-3988c315b274::input-params ::GET::::{}
2024-09-03 08:50:14::info::/v1/api/movement/readMovements::88436dfa-a317-47d6-954f-b6878ddf410a::input-params ::GET::::{}
2024-09-03 08:50:14::info::/v1/api/news/readNewss::a50a3f45-86bf-4695-b8e5-17f04b37e84c::input-params ::GET::::{}
2024-09-03 08:50:14::info::/v1/api/help/readHelpTopics::61090e84-a300-4ef0-9e64-bd54ce440566::input-params ::GET::::{}
2024-09-03 09:06:39::info::/v1/api/movement/readMovements::39e01779-e514-4431-8010-b217385f09b5::input-params ::GET::::{}
2024-09-03 09:06:39::info::/v1/api/help/readHelpTopics::66e7de52-0bc3-4ac4-a763-03d13af6d508::input-params ::GET::::{}
2024-09-03 09:06:39::info::/v1/api/news/readNewss::7986c463-a3f5-4b04-836b-08f509a8a00b::input-params ::GET::::{}
2024-09-03 09:06:39::info::/v1/api/help/readHelpArticles::65edf2c0-2d2d-4349-9c5d-d333a17fa3bf::input-params ::GET::::{}
2024-09-03 09:08:05::info::/v1/api/help/readHelpArticles::1c79175f-2413-46ee-9421-8586529b9ddd::input-params ::GET::::{}
2024-09-03 09:08:05::info::/v1/api/movement/readMovements::a37c6c93-4512-497d-a7af-173647733b07::input-params ::GET::::{}
2024-09-03 09:08:05::info::/v1/api/help/readHelpTopics::2e4124f4-8ff3-4c44-b3ca-3ffd6d35bd3e::input-params ::GET::::{}
2024-09-03 09:08:05::info::/v1/api/news/readNewss::b40d1df2-0a8a-4665-a739-6ef48212f315::input-params ::GET::::{}
2024-09-03 09:08:06::info::/v1/api/movement/readMovements::be8ede5b-2fd5-4f91-96fb-95bd9572e4a8::input-params ::GET::::{}
2024-09-03 09:08:06::info::/v1/api/help/readHelpArticles::4ce1c0b0-d2c4-44e6-83fd-e93c9301b1a8::input-params ::GET::::{}
2024-09-03 09:08:06::info::/v1/api/news/readNewss::f44d5c29-ccc0-4282-a65c-a8f17db0dbb8::input-params ::GET::::{}
2024-09-03 09:08:06::info::/v1/api/help/readHelpTopics::7111f3e6-c165-46f4-92b0-c3196c5b8a2d::input-params ::GET::::{}
2024-09-03 09:08:19::info::/v1/api/help/readHelpArticles::c868ecd3-f1ee-4d12-87b0-7b7b9e8eb934::input-params ::GET::::{}
2024-09-03 09:08:19::info::/v1/api/movement/readMovements::8eb2bc87-57c7-4c19-96f3-eb838e35abd1::input-params ::GET::::{}
2024-09-03 09:08:19::info::/v1/api/news/readNewss::e23d2463-11ed-4056-9d48-57e6248a63f2::input-params ::GET::::{}
2024-09-03 09:08:19::info::/v1/api/help/readHelpTopics::50eda119-404d-4ed6-b392-2afe9e1c9d7d::input-params ::GET::::{}
2024-09-03 09:08:24::info::/v1/api/movement/readMovements::f364a70b-dd89-48f9-b794-4f3fc9cd383a::input-params ::GET::::{}
2024-09-03 09:08:24::info::/v1/api/help/readHelpArticles::b8398ec7-9edd-45aa-960e-e610e8b3124a::input-params ::GET::::{}
2024-09-03 09:08:24::info::/v1/api/news/readNewss::3c093fa0-cbd6-4fa9-b185-ee2acb7ab506::input-params ::GET::::{}
2024-09-03 09:08:24::info::/v1/api/help/readHelpTopics::d7134d3c-9f58-421a-9f76-f88bc8e9a2b5::input-params ::GET::::{}
2024-09-03 09:08:31::info::/v1/api/news/readNewss::7946ec1f-8713-4456-b8cd-f525082d9915::input-params ::GET::::{}
2024-09-03 09:08:31::info::/v1/api/movement/readMovements::f3656902-c548-4df9-a115-668710043f4f::input-params ::GET::::{}
2024-09-03 09:08:31::info::/v1/api/help/readHelpTopics::6f97751c-a00d-4cbe-8362-292b59ee015e::input-params ::GET::::{}
2024-09-03 09:08:31::info::/v1/api/help/readHelpArticles::e4047f2a-3a5b-4991-8104-774f9befffed::input-params ::GET::::{}
2024-09-03 09:08:41::info::/v1/api/help/readHelpTopics::f797baea-c3fe-4de4-a98b-32ac7246c1ba::input-params ::GET::::{}
2024-09-03 09:08:41::info::/v1/api/movement/readMovements::b50b455a-9f16-4ed7-a1a5-370422aaec46::input-params ::GET::::{}
2024-09-03 09:08:41::info::/v1/api/help/readHelpArticles::235804a2-233b-4f7f-a9eb-e16cf70fd70c::input-params ::GET::::{}
2024-09-03 09:08:41::info::/v1/api/news/readNewss::acffc673-c2b9-4125-9027-9b49aa9c5d90::input-params ::GET::::{}
2024-09-03 09:08:43::info::/v1/api/movement/readMovements::d0376408-62a4-4365-aaf0-31954212c933::input-params ::GET::::{}
2024-09-03 09:08:43::info::/v1/api/help/readHelpTopics::a5404468-22af-4927-b06a-6c6c01b2c3e7::input-params ::GET::::{}
2024-09-03 09:08:43::info::/v1/api/news/readNewss::08a0ebd6-154d-4147-8923-6f462e5ac53e::input-params ::GET::::{}
2024-09-03 09:08:43::info::/v1/api/help/readHelpArticles::30d9b856-f285-4a8e-9182-894a95b911db::input-params ::GET::::{}
2024-09-03 09:08:55::info::/v1/api/help/readHelpArticles::4857e8e6-95d9-4e02-aa27-548ecc6ef81b::input-params ::GET::::{}
2024-09-03 09:08:55::info::/v1/api/news/readNewss::cec40955-2680-4b2a-b945-8618abba9abc::input-params ::GET::::{}
2024-09-03 09:08:55::info::/v1/api/help/readHelpTopics::80cdf1e6-0c67-4aa3-b69b-bffbd8a9c6ca::input-params ::GET::::{}
2024-09-03 09:08:55::info::/v1/api/movement/readMovements::97117b31-6376-4c99-8555-837ac358b284::input-params ::GET::::{}
2024-09-03 09:09:03::info::/v1/api/movement/readMovements::20c939f2-9163-488e-b164-eba7e7640fdf::input-params ::GET::::{}
2024-09-03 09:09:03::info::/v1/api/help/readHelpArticles::97eb67be-216a-4f1f-bbff-c9e17dca9eb2::input-params ::GET::::{}
2024-09-03 09:09:03::info::/v1/api/news/readNewss::dc10bdf6-7466-47fa-aa21-c3019eb01701::input-params ::GET::::{}
2024-09-03 09:09:03::info::/v1/api/help/readHelpTopics::4cc97176-f713-4072-b0b9-1b73c6125bc3::input-params ::GET::::{}
2024-09-03 09:09:04::info::/v1/api/help/readHelpArticles::20423b6b-53cc-43a4-adf7-cc8b11aac3b4::input-params ::GET::::{}
2024-09-03 09:09:04::info::/v1/api/movement/readMovements::1f7b7345-e094-4634-882a-eee4af2889eb::input-params ::GET::::{}
2024-09-03 09:09:04::info::/v1/api/help/readHelpTopics::9b378361-588b-418d-a6a4-96e69dc56fb3::input-params ::GET::::{}
2024-09-03 09:09:04::info::/v1/api/news/readNewss::2469bb1e-fbef-482a-b270-690f35034b23::input-params ::GET::::{}
2024-09-03 09:09:11::info::/v1/api/movement/readMovements::325d5780-017b-4d9d-9831-88b685e30979::input-params ::GET::::{}
2024-09-03 09:09:11::info::/v1/api/help/readHelpArticles::b2390cee-5991-4b14-a920-e8e20deb52f2::input-params ::GET::::{}
2024-09-03 09:09:11::info::/v1/api/news/readNewss::c0828c0c-16b9-43b5-80af-51ba13479573::input-params ::GET::::{}
2024-09-03 09:09:11::info::/v1/api/help/readHelpTopics::00ca5293-5d0a-467a-9902-4c7dd50d852d::input-params ::GET::::{}
2024-09-03 09:09:11::info::/v1/api/help/readHelpArticles::67b05376-dac0-4219-9a7c-f1e94450b721::input-params ::GET::::{}
2024-09-03 09:09:11::info::/v1/api/movement/readMovements::b1d47a9b-9a4b-419e-9f92-3a39c8e50c6b::input-params ::GET::::{}
2024-09-03 09:09:11::info::/v1/api/help/readHelpTopics::83af5964-67a8-4490-9f86-eea43ec2e617::input-params ::GET::::{}
2024-09-03 09:09:11::info::/v1/api/news/readNewss::3da6a903-9532-4ff8-8507-84015e608e13::input-params ::GET::::{}
2024-09-03 09:09:14::info::/v1/api/movement/readMovements::22179bb4-f0c3-40f5-b73a-cc826bd6b4b7::input-params ::GET::::{}
2024-09-03 09:09:14::info::/v1/api/help/readHelpArticles::e03b1a8f-dd64-4371-b978-3b6e9f3cff83::input-params ::GET::::{}
2024-09-03 09:09:14::info::/v1/api/news/readNewss::681278d6-7447-4059-8c93-d8df45ce1bf0::input-params ::GET::::{}
2024-09-03 09:09:14::info::/v1/api/help/readHelpTopics::fd2efb57-fb0d-4768-9446-4a7db0bbf647::input-params ::GET::::{}
2024-09-03 09:18:31::info::/v1/api/movement/readMovements::914fb83d-d091-4e4c-b169-fc43e95faef7::input-params ::GET::::{}
2024-09-03 09:18:31::info::/v1/api/help/readHelpArticles::8c4a156b-7a11-485d-8d16-b8d5341ec1d9::input-params ::GET::::{}
2024-09-03 09:18:31::info::/v1/api/news/readNewss::d939c5ad-6524-44ba-addf-1bfe81fe1b2a::input-params ::GET::::{}
2024-09-03 09:18:31::info::/v1/api/help/readHelpTopics::56d6d8fb-2049-4ed6-9b19-098c7c9391f5::input-params ::GET::::{}
2024-09-03 09:18:32::info::/v1/api/help/readHelpArticles::c9856bb7-c64c-481d-adc6-3e54c8e70a59::input-params ::GET::::{}
2024-09-03 09:18:32::info::/v1/api/movement/readMovements::b3840bc2-da5d-4eae-bb1a-efb36c10bad5::input-params ::GET::::{}
2024-09-03 09:18:32::info::/v1/api/news/readNewss::d5217c29-7ced-4bff-9a11-7c8c8cfba55a::input-params ::GET::::{}
2024-09-03 09:18:32::info::/v1/api/help/readHelpTopics::b8bf909c-0f77-4f7f-8965-2f7d9a71670a::input-params ::GET::::{}
2024-09-03 09:19:27::info::/v1/api/movement/readMovements::5bbcec89-967b-4156-b286-f2973b272be5::input-params ::GET::::{}
2024-09-03 09:22:45::info::/v1/api/movement/readMovements::c11c6bd5-42c4-4605-b262-dc595cd8111f::input-params ::GET::::{}
2024-09-03 09:24:35::info::/v1/api/movement/readMovements::836dbdcb-71c1-480e-a891-28c2f1737007::input-params ::GET::::{}
2024-09-03 09:28:31::info::/v1/api/movement/readMovements::0d261bff-590c-4499-9e99-01c357db9ba5::input-params ::GET::::{}
2024-09-03 09:35:58::info::/v1/api/movement/readMovements::b1ee8e68-f8fb-4551-873a-85c678dfbf73::input-params ::GET::::{}
2024-09-03 09:37:49::info::/v1/api/movement/readMovements::73893b77-40ee-4103-89ee-2bc45056a181::input-params ::GET::::{}
2024-09-03 09:48:41::info::/v1/api/movement/readMovements::e827cfc1-d2b7-4bf3-a85f-5fa1f5dddbec::input-params ::GET::::{}
2024-09-03 09:50:18::info::/v1/api/movement/readMovements::c5ab3e39-3ef1-4c85-a7d1-9551f6d52d9f::input-params ::GET::::{}
2024-09-03 09:50:26::info::/v1/api/movement/readMovements::e0eacad2-5327-4d0b-8c13-4fba8c2951b5::input-params ::GET::::{}
2024-09-03 09:50:36::info::/v1/api/movement/readMovements::361ef647-e571-46de-aa60-5fefda398b8c::input-params ::GET::::{}
2024-09-03 09:50:47::info::/v1/api/movement/readMovements::0d6fef2b-1632-4f02-b578-7fc176264371::input-params ::GET::::{}
2024-09-03 09:51:04::info::/v1/api/movement/readMovements::4bd30d1a-53d1-4dd0-a2ef-b3f774edc660::input-params ::GET::::{}
2024-09-03 09:51:23::info::/v1/api/movement/readMovements::c32ece82-b2b4-4159-b65b-9b5c8df151f1::input-params ::GET::::{}
2024-09-03 09:51:35::info::/v1/api/movement/readMovements::80d4fb3c-d98b-4636-aa03-cd0283599f6f::input-params ::GET::::{}
2024-09-03 09:54:45::info::/v1/api/movement/readMovements::19afad6f-ae61-4976-b912-6e63c95a8e7f::input-params ::GET::::{}
2024-09-03 10:00:24::info::/v1/api/movement/readMovements::cd8933c9-f4f1-4f94-aa87-78a915f775f2::input-params ::GET::::{}
2024-09-03 10:38:46::info::/v1/api/movement/readMovements::b987f579-c613-4c75-b8d6-ed8f4336de0e::input-params ::GET::::{}
2024-09-03 11:06:45::info::/v1/api/user/me::a01dea2c-4c2e-4aa1-a384-c3191c18cfca::input-params ::GET::::{}
2024-09-03 11:06:46::info::/v1/api/movement/readMovements::0cbd0793-b80d-4e33-b044-f0399303746c::input-params ::GET::::{}
2024-09-03 11:21:31::info::/v1/api/movement/readMovements::51c1335d-5062-4dfb-9e9b-ba9f05c14c5d::input-params ::GET::::{}
2024-09-03 11:38:44::info::/v1/api/user/me::e770953d-082b-4956-ba40-7c72ecf4c7be::input-params ::GET::::{}
2024-09-03 11:38:45::info::/v1/api/movement/readMovements::d5f50df2-789c-4c44-b045-1ad240af0fd4::input-params ::GET::::{}
2024-09-03 11:42:11::info::/v1/api/movement/readMovements::c71cea9e-b604-42a2-9447-fc3255fa10e8::input-params ::GET::::{}
2024-09-03 11:42:14::info::/v1/api/movement/readMovements::e082b2f0-1763-4696-870f-a466e2c7083d::input-params ::GET::::{}
2024-09-03 11:49:09::info::/v1/api/movement/readMovements::5dde5608-b44a-4d25-8d29-394c036fdb67::input-params ::GET::::{}
2024-09-03 12:15:37::info::/v1/api/movement/readMovements::c90fbd7d-bfce-48d1-9b7e-8bdb85d048e5::input-params ::GET::::{}
2024-09-03 12:16:51::info::/v1/api/movement/readMovements::72cbdbe6-68eb-4a29-b14c-5345036aedc7::input-params ::GET::::{}
2024-09-03 12:16:52::info::/v1/api/movement/readMovements::ef900772-e340-49d3-94a9-1cef624806e0::input-params ::GET::::{}
2024-09-03 12:24:33::info::/v1/api/movement/readMovements::fde40c09-b0fb-43e9-a4bb-3ab913f101f9::input-params ::GET::::{}
2024-09-03 12:24:40::info::/v1/api/movement/readMovements::7b6c9309-674f-4390-9df7-d3e14ebce094::input-params ::GET::::{}
2024-09-03 12:28:59::info::/v1/api/movement/readMovements::04ecc050-e45d-4bc1-9ab7-9d2acf81fcec::input-params ::GET::::{}
2024-09-03 12:35:07::info::/v1/api/movement/readMovements::287da507-eaf8-4e98-a438-db7e371dbb33::input-params ::GET::::{}
