2024-07-22 06:42:45::error::/v1/api/user/me::0ecde4a1-a096-4119-9013-ccaa79122298::403 - 1ms - Response: {"status":403,"now":1721605365360}::{"message":"Access token missing"}
2024-07-22 06:42:59::error::/v1/api/user/me::d8fa52d5-65ae-4dd2-bbc2-09ff4abc9385::403 - 0ms - Response: {"status":403,"now":1721605379038}::{"message":"Access token missing"}
2024-07-22 06:43:36::error::/v1/api/user/me::1a0895e3-375f-4e75-a8f1-6bf585399290::403 - 0ms - Response: {"status":403,"now":1721605416830}::{"message":"Access token missing"}
2024-07-22 06:43:44::error::/v1/api/user/me::20559252-66b1-485b-9daf-be62d99e5624::403 - 0ms - Response: {"status":403,"now":1721605424340}::{"message":"Access token missing"}
2024-07-22 06:43:45::error::/v1/api/user/me::d0ac1a57-9875-4e29-a47b-b898c2c4af11::403 - 1ms - Response: {"status":403,"now":1721605425591}::{"message":"Access token missing"}
2024-07-22 06:45:40::error::/v1/api/user/me::33379008-7a07-458f-8247-203d151a15e8::403 - 0ms - Response: {"status":403,"now":1721605540446}::{"message":"Access token missing"}
2024-07-22 06:45:41::error::/v1/api/user/me::6c2c2aad-0a0e-4e4b-85a3-6de900d2d79e::403 - 1ms - Response: {"status":403,"now":1721605541557}::{"message":"Access token missing"}
2024-07-22 06:46:52::error::/v1/api/user/me::64fcdc83-ec8f-4120-a8c4-3151ee868c5f::403 - 0ms - Response: {"status":403,"now":1721605612768}::{"message":"Access token missing"}
2024-07-22 07:00:37::error::/v1/api/user/me::ed935545-3b9e-4404-ba54-747dc628310f::403 - 1ms - Response: {"status":403,"now":1721606437513}::{"message":"Access token missing"}
2024-07-22 07:00:50::error::/v1/api/user/me::d52584f4-7a04-49f5-bf97-3006d14f6172::403 - 0ms - Response: {"status":403,"now":1721606450137}::{"message":"Access token missing"}
2024-07-22 07:01:29::error::/v1/api/user/me::3c1b8040-c49a-4bb1-a4ee-31cd22ab1797::403 - 0ms - Response: {"status":403,"now":1721606489341}::{"message":"Access token missing"}
2024-07-22 07:01:29::error::/v1/api/post/readPost/668bed3f06adf27e11cc6f1c::1dd95a83-d453-4c84-99ea-f13e2b118328::undefined - NaNms - Response: {}::{"message":"Failed to read post"}
2024-07-22 07:02:19::error::/v1/api/user/me::e27c0b5e-66e6-4274-95ac-7393656deaef::403 - 0ms - Response: {"status":403,"now":1721606539511}::{"message":"Access token missing"}
2024-07-22 07:02:21::error::/v1/api/user/me::0edd5e14-daab-4194-bc63-78500872e4c5::403 - 0ms - Response: {"status":403,"now":1721606541809}::{"message":"Access token missing"}
2024-07-22 07:03:32::error::/v1/api/user/me::9ebec4c5-75de-4f42-8f70-4fec7d521e0d::403 - 0ms - Response: {"status":403,"now":1721606612146}::{"message":"Access token missing"}
2024-07-22 07:04:12::error::/v1/api/user/me::bfd6fb1d-4d14-4319-8f45-a9a58c771c46::403 - 0ms - Response: {"status":403,"now":1721606652124}::{"message":"Access token missing"}
2024-07-22 07:04:44::error::/v1/api/user/me::769c713d-03ba-49b3-98f7-9da14d8e8fb4::403 - 1ms - Response: {"status":403,"now":1721606684277}::{"message":"Access token missing"}
2024-07-22 07:04:59::error::/v1/api/user/me::0b140d14-c073-4c55-a11a-28b50f1b6ee8::403 - 0ms - Response: {"status":403,"now":1721606699940}::{"message":"Access token missing"}
2024-07-22 07:05:13::error::/v1/api/user/me::96023fe0-ae98-4265-9f35-e6aa9858dc00::403 - 0ms - Response: {"status":403,"now":1721606713434}::{"message":"Access token missing"}
2024-07-22 07:05:28::error::/v1/api/user/me::e760ef3b-f3f7-49ea-9b8b-472e8eb5b1fb::403 - 0ms - Response: {"status":403,"now":1721606728991}::{"message":"Access token missing"}
2024-07-22 07:06:40::error::/v1/api/user/me::e55c2f8f-b034-468d-ba5e-4614d46b190f::403 - 0ms - Response: {"status":403,"now":1721606800634}::{"message":"Access token missing"}
2024-07-22 07:07:15::error::/v1/api/user/me::d14822f3-5849-4782-a61d-e376653de288::403 - 0ms - Response: {"status":403,"now":1721606835615}::{"message":"Access token missing"}
2024-07-22 07:09:31::error::/v1/api/user/me::0294596e-d9b3-4c1f-a835-c22623b3286d::403 - 0ms - Response: {"status":403,"now":1721606971624}::{"message":"Access token missing"}
2024-07-22 07:09:42::error::/v1/api/user/me::e1721405-447c-4520-9c2a-9dcf92ea6d82::403 - 0ms - Response: {"status":403,"now":1721606982679}::{"message":"Access token missing"}
2024-07-22 07:09:42::error::/v1/api/user/me::ffb697e9-ae33-4bc6-aa3e-108a42099e69::403 - 0ms - Response: {"status":403,"now":1721606982852}::{"message":"Access token missing"}
2024-07-22 07:09:44::error::/v1/api/user/me::b6f42530-bb1b-47eb-9b49-c74acd5433a1::403 - 0ms - Response: {"status":403,"now":1721606984268}::{"message":"Access token missing"}
2024-07-22 07:09:52::error::/v1/api/user/followUser/665edd23fa87b27398b73d10::378b891c-3883-49b4-ac02-588827799596::401 - 0ms - Response: {"status":401,"now":1721606992385}::{"message":"You are not authenticated!"}
2024-07-22 07:10:02::error::/v1/api/user/me::fe417682-4ad5-4e72-bf28-88fc4d3ee1d4::403 - 0ms - Response: {"status":403,"now":1721607002085}::{"message":"Access token missing"}
2024-07-22 07:10:03::error::/v1/api/conversation/readConversationWithOtherMember/665edd23fa87b27398b73d10::d1998997-dd1c-4371-a9cd-61d47efb5b1c::401 - 0ms - Response: {"status":401,"now":1721607003193}::{"message":"You are not authenticated!"}
2024-07-22 07:10:08::error::/v1/api/user/me::51cc10c7-b213-4787-975e-c6f6d3d64e47::403 - 0ms - Response: {"status":403,"now":1721607008068}::{"message":"Access token missing"}
2024-07-22 07:10:08::error::/v1/api/conversation/readConversationWithOtherMember/665edd23fa87b27398b73d10::2f2fd81f-6233-4e27-8cff-58597f91f055::401 - 0ms - Response: {"status":401,"now":1721607008074}::{"message":"You are not authenticated!"}
2024-07-22 07:12:53::error::/v1/api/user/me::d99f951f-0a9d-4797-b9fa-75ddabb93f18::403 - 0ms - Response: {"status":403,"now":1721607173568}::{"message":"Access token missing"}
2024-07-22 07:12:53::error::/v1/api/conversation/readConversationWithOtherMember/665edd23fa87b27398b73d10::3e47b90d-87b5-4e93-9944-61b9b6f58a85::401 - 0ms - Response: {"status":401,"now":1721607173575}::{"message":"You are not authenticated!"}
2024-07-22 07:13:05::error::/v1/api/post/readPost/66939d035f51550a8062275e::09e596ea-955b-4390-8e43-02b2a6d2ef22::undefined - NaNms - Response: {}::{"message":"Failed to read post"}
2024-07-22 07:13:09::error::/v1/api/post/readPost/668bed3f06adf27e11cc6f1c::722b4bdf-0b0c-4fa6-befb-c3235fa7362e::undefined - NaNms - Response: {}::{"message":"Failed to read post"}
2024-07-22 07:13:11::error::/v1/api/post/readPost/668a60b6154ee7c6fbc644a2::a451efd3-df57-4f12-8e8f-232ee0336670::undefined - NaNms - Response: {}::{"message":"Failed to read post"}
2024-07-22 07:13:14::error::/v1/api/post/readPost/66939cf45f51550a80622746::5f34b367-fb38-4d8c-aeac-7a734e1cf405::undefined - NaNms - Response: {}::{"message":"Failed to read post"}
2024-07-22 07:13:17::error::/v1/api/post/readPost/66939d8c5f51550a806227d8::478e67d4-b2cd-4371-b420-39fe96ea8329::undefined - NaNms - Response: {}::{"message":"Failed to read post"}
2024-07-22 07:13:39::error::/v1/api/user/me::030377d5-e17c-43d3-91dd-937bb4f3801c::403 - 0ms - Response: {"status":403,"now":1721607219756}::{"message":"Access token missing"}
2024-07-22 07:13:39::error::/v1/api/conversation/readConversationWithOtherMember/665edd23fa87b27398b73d10::6ab22761-d0ef-458e-bec5-f17fa7e7ae6c::401 - 0ms - Response: {"status":401,"now":1721607219761}::{"message":"You are not authenticated!"}
2024-07-22 07:14:33::error::/v1/api/user/me::014412f6-8447-42ee-a4bc-a5dd4f759732::403 - 0ms - Response: {"status":403,"now":1721607273472}::{"message":"Access token missing"}
2024-07-22 07:14:33::error::/v1/api/conversation/readConversationWithOtherMember/665edd23fa87b27398b73d10::8cceb2eb-4c39-4f99-a664-edcea2a151d5::401 - 0ms - Response: {"status":401,"now":1721607273478}::{"message":"You are not authenticated!"}
2024-07-22 07:14:36::error::/v1/api/post/readPost/66939cf45f51550a80622746::d09172d8-83f0-4048-a675-5abcd5d71484::undefined - NaNms - Response: {}::{"message":"Failed to read post"}
2024-07-22 07:15:23::error::/v1/api/conversation/readConversationWithOtherMember/665edd23fa87b27398b73d10::425dc671-6511-4b0d-9add-2b79fb6c2892::401 - 0ms - Response: {"status":401,"now":1721607323104}::{"message":"You are not authenticated!"}
2024-07-22 07:15:23::error::/v1/api/user/me::470e852e-7bb5-48fe-9e16-5064101fc707::403 - 0ms - Response: {"status":403,"now":1721607323106}::{"message":"Access token missing"}
2024-07-22 07:16:20::error::/v1/api/conversation/readConversationWithOtherMember/665edd23fa87b27398b73d10::f74f2a38-a4b9-40a6-ada5-0284aaef0634::401 - 0ms - Response: {"status":401,"now":1721607380377}::{"message":"You are not authenticated!"}
2024-07-22 07:16:20::error::/v1/api/user/me::1fd8ae08-abbd-452c-922c-772748a2acbd::403 - 1ms - Response: {"status":403,"now":1721607380382}::{"message":"Access token missing"}
2024-07-22 07:18:18::error::/v1/api/conversation/readConversationWithOtherMember/665edd23fa87b27398b73d10::8b1d48ab-b9f2-43b2-b23b-97e6b0d91425::401 - 0ms - Response: {"status":401,"now":1721607498872}::{"message":"You are not authenticated!"}
2024-07-22 07:18:18::error::/v1/api/user/me::943e01ac-199b-45ce-95ad-449946411009::403 - 1ms - Response: {"status":403,"now":1721607498879}::{"message":"Access token missing"}
2024-07-22 07:18:19::error::/v1/api/user/me::7afdd0aa-793f-4a25-b1b9-2955db21084e::403 - 0ms - Response: {"status":403,"now":1721607499810}::{"message":"Access token missing"}
2024-07-22 07:18:19::error::/v1/api/conversation/readConversationWithOtherMember/665edd23fa87b27398b73d10::e9c0d551-45b9-4c11-bf77-4dd75402b13b::401 - 0ms - Response: {"status":401,"now":1721607499816}::{"message":"You are not authenticated!"}
2024-07-22 07:18:20::error::/v1/api/user/me::417e62c2-c90c-4310-99e4-d67d9bd43182::403 - 0ms - Response: {"status":403,"now":1721607500149}::{"message":"Access token missing"}
2024-07-22 07:18:37::error::/v1/api/user/me::9e08af43-411c-4b4c-8a6d-03a3279d3b0f::403 - 0ms - Response: {"status":403,"now":1721607517642}::{"message":"Access token missing"}
2024-07-22 07:18:51::error::/v1/api/user/me::644fc5bb-9b22-43d1-a7c5-ebde1af0ba34::403 - 1ms - Response: {"status":403,"now":1721607531057}::{"message":"Access token missing"}
2024-07-22 07:19:08::error::/v1/api/user/me::076a47f7-dba5-48e8-aad7-5b4b7add5729::403 - 0ms - Response: {"status":403,"now":1721607548420}::{"message":"Access token missing"}
2024-07-22 07:19:14::error::/v1/api/user/me::32314840-a33f-4533-9d58-d600ecd1710f::403 - 0ms - Response: {"status":403,"now":1721607554043}::{"message":"Access token missing"}
2024-07-22 07:19:44::error::/v1/api/user/me::5d6e01fe-1390-4eb8-b792-be89229b5644::403 - 1ms - Response: {"status":403,"now":1721607584800}::{"message":"Access token missing"}
2024-07-22 07:19:53::error::/v1/api/recommender/readFollowingPosts::00c174ec-d98a-4064-9ee6-ec9a4694c502::401 - 0ms - Response: {"status":401,"now":1721607593003}::{"message":"You are not authenticated!"}
2024-07-22 07:20:07::error::/v1/api/user/me::03c2392d-de2b-415b-bec9-a8a55adcd32b::403 - 1ms - Response: {"status":403,"now":1721607607331}::{"message":"Access token missing"}
2024-07-22 07:21:14::error::/v1/api/user/me::ca868a4f-fa0e-44cf-807d-4296a6f866a1::403 - 0ms - Response: {"status":403,"now":1721607674736}::{"message":"Access token missing"}
2024-07-22 07:21:59::error::/v1/api/recommender/readFollowingPosts::af96b539-ddc0-42b4-96d5-9b7b03553146::401 - 0ms - Response: {"status":401,"now":1721607719960}::{"message":"You are not authenticated!"}
2024-07-22 07:24:09::error::/v1/api/user/me::1654ea15-8f81-4ab1-a0b3-0c1bc588b9e2::403 - 0ms - Response: {"status":403,"now":1721607849760}::{"message":"Access token missing"}
2024-07-22 07:24:09::error::/v1/api/recommender/readFollowingPosts::1e40c424-4739-4baa-a09c-ab950c6fe1fd::401 - 0ms - Response: {"status":401,"now":1721607849769}::{"message":"You are not authenticated!"}
2024-07-22 07:25:40::error::/v1/api/user/me::2bd0ea1d-d96a-4fe6-b791-8f42863efff4::403 - 0ms - Response: {"status":403,"now":1721607940730}::{"message":"Access token missing"}
2024-07-22 07:26:24::error::/v1/api/user/me::e29f2c36-6b8d-4fc2-918f-2707df3acf1b::403 - 0ms - Response: {"status":403,"now":1721607984355}::{"message":"Access token missing"}
2024-07-22 07:27:23::error::/v1/api/notification/createNotification::588618aa-d659-4384-9445-12d89d755a8c::undefined - NaNms - Response: {"errors":{"url":{"name":"ValidatorError","message":"Path `url` is required.","properties":{"message":"Path `url` is required.","type":"required","path":"url"},"kind":"required","path":"url"}},"_message":"Notification validation failed","name":"ValidationError","message":"Notification validation failed: url: Path `url` is required."}::{"message":"Notification validation failed: url: Path `url` is required."}
2024-07-22 07:30:24::error::/v1/api/user/me::981bb2f9-b0dc-4698-b3e6-bb7f886dbe5c::403 - 1ms - Response: {"status":403,"now":1721608224437}::{"message":"Access token missing"}
2024-07-22 07:31:12::error::/v1/api/user/me::20f225d1-5211-4caa-9bc4-ef59c812e518::403 - 0ms - Response: {"status":403,"now":1721608272448}::{"message":"Access token missing"}
2024-07-22 07:31:46::error::/v1/api/user/me::b53b4f92-a8ca-4537-8d36-7af5abec4aa7::403 - 0ms - Response: {"status":403,"now":1721608306388}::{"message":"Access token missing"}
2024-07-22 07:31:48::error::/v1/api/user/me::9f24827f-56a4-492c-95ed-bfef403dde63::403 - 0ms - Response: {"status":403,"now":1721608308484}::{"message":"Access token missing"}
2024-07-22 07:36:04::error::/v1/api/user/me::4e95c449-d2aa-4186-b6d3-9f830e3e02d8::403 - 0ms - Response: {"status":403,"now":1721608564501}::{"message":"Access token missing"}
2024-07-22 07:36:08::error::/v1/api/user/me::5a4200cf-65d1-4517-94b8-05c78dbfc8eb::403 - 0ms - Response: {"status":403,"now":1721608568690}::{"message":"Access token missing"}
2024-07-22 07:36:34::error::/v1/api/user/me::25d0e4e8-cd01-4202-8030-bdd3ba6f1650::403 - 0ms - Response: {"status":403,"now":1721608594023}::{"message":"Access token missing"}
2024-07-22 07:36:43::error::/v1/api/user/me::15905a06-bfa2-47c3-86e1-5d9e9c5ecce7::403 - 1ms - Response: {"status":403,"now":1721608603940}::{"message":"Access token missing"}
2024-07-22 07:37:45::error::/v1/api/user/me::04f87c6d-7ae1-4825-9477-6d6a8149e4c1::403 - 0ms - Response: {"status":403,"now":1721608665404}::{"message":"Access token missing"}
2024-07-22 07:37:59::error::/v1/api/user/me::d9b0eb79-0d97-4629-a0c6-e4ba303a0acc::403 - 0ms - Response: {"status":403,"now":1721608679997}::{"message":"Access token missing"}
2024-07-22 07:38:02::error::/v1/api/user/me::3f889a5a-57a7-4b3d-8ba9-32575857fe5a::403 - 0ms - Response: {"status":403,"now":1721608682638}::{"message":"Access token missing"}
2024-07-22 07:38:22::error::/v1/api/user/me::88f4b4fb-2355-46d9-9192-370b2fb93d50::403 - 0ms - Response: {"status":403,"now":1721608702550}::{"message":"Access token missing"}
2024-07-22 07:38:34::error::/v1/api/user/me::206383a0-350f-4e44-ad0c-7d37802f1c7a::403 - 0ms - Response: {"status":403,"now":1721608714016}::{"message":"Access token missing"}
2024-07-22 07:38:44::error::/v1/api/user/me::215aad82-2628-4885-81b9-81f3b7a056ba::403 - 0ms - Response: {"status":403,"now":1721608724163}::{"message":"Access token missing"}
2024-07-22 07:40:21::error::/v1/api/user/me::71d2bac6-2d20-4e75-b01d-56749ca83f36::403 - 0ms - Response: {"status":403,"now":1721608821699}::{"message":"Access token missing"}
2024-07-22 07:40:38::error::/v1/api/user/me::84b0a867-8100-4ed2-8e4d-f55e5a60e75c::403 - 0ms - Response: {"status":403,"now":1721608838476}::{"message":"Access token missing"}
2024-07-22 07:40:54::error::/v1/api/user/me::cbe083f1-0825-4575-b13b-6db4cc625f1f::403 - 0ms - Response: {"status":403,"now":1721608854107}::{"message":"Access token missing"}
2024-07-22 07:41:06::error::/v1/api/user/me::9ce852ff-efb1-4ce7-ac75-b00e5fb8493b::403 - 0ms - Response: {"status":403,"now":1721608866051}::{"message":"Access token missing"}
2024-07-22 07:41:17::error::/v1/api/user/me::46ed94f3-d305-48a4-854f-45b92075a448::403 - 0ms - Response: {"status":403,"now":1721608877305}::{"message":"Access token missing"}
2024-07-22 07:41:32::error::/v1/api/user/me::0ce4bf1a-6e7c-43a5-bc64-d09004b30942::403 - 0ms - Response: {"status":403,"now":1721608892092}::{"message":"Access token missing"}
2024-07-22 07:41:37::error::/v1/api/user/me::e3778d0d-6a2e-4dc5-9825-9ea09407cbdf::403 - 0ms - Response: {"status":403,"now":1721608897005}::{"message":"Access token missing"}
2024-07-22 07:41:44::error::/v1/api/user/me::28e1ea31-007a-4fbc-b81f-702c01542443::403 - 1ms - Response: {"status":403,"now":1721608904022}::{"message":"Access token missing"}
2024-07-22 07:41:55::error::/v1/api/user/me::176a8153-fdd8-4567-9031-78d7199f5d18::403 - 0ms - Response: {"status":403,"now":1721608915428}::{"message":"Access token missing"}
2024-07-22 07:42:15::error::/v1/api/user/me::7df09381-230f-497a-b54d-196b770446ca::403 - 0ms - Response: {"status":403,"now":1721608935492}::{"message":"Access token missing"}
2024-07-22 07:42:19::error::/v1/api/user/me::50f44554-a665-41bf-9106-28d2fb12120f::403 - 0ms - Response: {"status":403,"now":1721608939334}::{"message":"Access token missing"}
2024-07-22 07:44:42::error::/v1/api/user/me::46b5bbd0-f2b7-415b-866c-ecc08b885bb6::403 - 0ms - Response: {"status":403,"now":1721609082195}::{"message":"Access token missing"}
2024-07-22 07:46:02::error::/v1/api/user/me::ab10d5de-d5b7-4712-8152-89ebd1c74ff2::403 - 0ms - Response: {"status":403,"now":1721609162142}::{"message":"Access token missing"}
2024-07-22 07:46:43::error::/v1/api/user/me::eb33ee19-727e-4d09-beaa-31f0c603e403::403 - 0ms - Response: {"status":403,"now":1721609203437}::{"message":"Access token missing"}
2024-07-22 07:46:43::error::/v1/api/user/me::04c2c0a0-b0a3-4254-a6d6-3267e0cbee7e::403 - 0ms - Response: {"status":403,"now":1721609203948}::{"message":"Access token missing"}
2024-07-22 07:47:29::error::/v1/api/user/me::d57f4b54-4665-44c3-b235-4589c3586335::403 - 1ms - Response: {"status":403,"now":1721609249566}::{"message":"Access token missing"}
2024-07-22 07:47:30::error::/v1/api/user/me::a097904f-3a19-4d37-a6fe-dea12419c780::403 - 0ms - Response: {"status":403,"now":1721609250726}::{"message":"Access token missing"}
2024-07-22 07:47:36::error::/v1/api/user/me::2bb02113-7bb7-482c-9da9-8d440afc6690::403 - 0ms - Response: {"status":403,"now":1721609256107}::{"message":"Access token missing"}
2024-07-22 07:47:49::error::/v1/api/user/me::85013233-c544-4392-9bf2-ae1dd42bee23::403 - 0ms - Response: {"status":403,"now":1721609269607}::{"message":"Access token missing"}
2024-07-22 07:48:18::error::/v1/api/user/me::a2ae5f06-f0ed-42d9-927c-13764f11f6e3::403 - 0ms - Response: {"status":403,"now":1721609298958}::{"message":"Access token missing"}
2024-07-22 07:49:46::error::/v1/api/user/me::79da1021-7b9b-45e3-885c-81f85b5093ab::403 - 0ms - Response: {"status":403,"now":1721609386417}::{"message":"Access token missing"}
2024-07-22 07:50:44::error::/v1/api/user/me::be42996c-0d7d-4ceb-83f0-38f5a1040278::403 - 0ms - Response: {"status":403,"now":1721609444373}::{"message":"Access token missing"}
2024-07-22 07:51:56::error::/v1/api/user/me::83ad1993-495b-4020-9c93-7e957780f98e::403 - 0ms - Response: {"status":403,"now":1721609516134}::{"message":"Access token missing"}
2024-07-22 07:52:20::error::/v1/api/user/me::9112a254-971c-4443-bfbc-f248ba21538a::403 - 0ms - Response: {"status":403,"now":1721609540413}::{"message":"Access token missing"}
2024-07-22 07:52:45::error::/v1/api/user/me::f190d8eb-1174-427a-9ddd-c0b82ed759bf::403 - 0ms - Response: {"status":403,"now":1721609565801}::{"message":"Access token missing"}
2024-07-22 07:53:15::error::/v1/api/user/me::212a1e61-b839-44bd-b2b5-d8184771d63f::403 - 0ms - Response: {"status":403,"now":1721609595456}::{"message":"Access token missing"}
2024-07-22 07:53:34::error::/v1/api/user/me::a57dfd89-41bc-44eb-b39a-d145982d6466::403 - 0ms - Response: {"status":403,"now":1721609614123}::{"message":"Access token missing"}
2024-07-22 07:53:55::error::/v1/api/user/me::91568d44-2b2e-457b-870f-e20ba49aa662::403 - 0ms - Response: {"status":403,"now":1721609635514}::{"message":"Access token missing"}
2024-07-22 07:55:21::error::/v1/api/user/me::4ccd354d-0175-4ea3-9647-245eafe95e65::403 - 0ms - Response: {"status":403,"now":1721609721151}::{"message":"Access token missing"}
2024-07-22 07:56:16::error::/v1/api/user/me::f5033954-05da-4cd6-87e5-a187bc2cd5bd::403 - 0ms - Response: {"status":403,"now":1721609776175}::{"message":"Access token missing"}
2024-07-22 07:56:34::error::/v1/api/user/me::a83eb08a-71c7-402b-bb57-dada8382eeb2::403 - 0ms - Response: {"status":403,"now":1721609794958}::{"message":"Access token missing"}
2024-07-22 07:57:08::error::/v1/api/user/me::77beec77-53b5-49b6-b95f-f71e59f6b847::403 - 0ms - Response: {"status":403,"now":1721609828703}::{"message":"Access token missing"}
2024-07-22 07:57:52::error::/v1/api/user/me::410405c1-de20-4192-8549-56f07a2e882e::403 - 0ms - Response: {"status":403,"now":1721609872118}::{"message":"Access token missing"}
2024-07-22 07:58:06::error::/v1/api/user/me::10cb7b88-665e-43a9-af88-21640ba9b1de::403 - 0ms - Response: {"status":403,"now":1721609886816}::{"message":"Access token missing"}
2024-07-22 07:58:20::error::/v1/api/user/me::0893c80c-224b-4a28-8198-f0175c40acdf::403 - 1ms - Response: {"status":403,"now":1721609900240}::{"message":"Access token missing"}
2024-07-22 07:59:10::error::/v1/api/user/me::be997367-565b-4f98-890c-907fe499d19d::403 - 0ms - Response: {"status":403,"now":1721609950703}::{"message":"Access token missing"}
2024-07-22 07:59:59::error::/v1/api/user/me::99b8e193-c786-4552-8ee8-0f1270df2784::403 - 0ms - Response: {"status":403,"now":1721609999985}::{"message":"Access token missing"}
2024-07-22 08:00:19::error::/v1/api/user/me::02e67b0b-162c-4111-bc6b-bff2a43bcf40::403 - 0ms - Response: {"status":403,"now":1721610019637}::{"message":"Access token missing"}
2024-07-22 08:00:38::error::/v1/api/user/me::e9b2655d-d117-4b18-9716-7d41f787c5f0::403 - 0ms - Response: {"status":403,"now":1721610038636}::{"message":"Access token missing"}
2024-07-22 08:01:16::error::/v1/api/user/me::c7b61b59-ba99-4390-b943-6117d1d60b47::403 - 0ms - Response: {"status":403,"now":1721610076598}::{"message":"Access token missing"}
2024-07-22 09:16:20::error::/v1/api/user/me::9dfca8da-9075-47bf-bb61-3e93acb9f427::403 - 0ms - Response: {"status":403,"now":1721614580022}::{"message":"Access token missing"}
2024-07-22 09:17:23::error::/v1/api/user/me::0540c206-33ef-4860-9c90-7b1ef7b21675::403 - 0ms - Response: {"status":403,"now":1721614643152}::{"message":"Access token missing"}
2024-07-22 09:20:30::error::/v1/api/user/me::1905e74c-0c62-4aee-8ac7-296b4b51747b::403 - 0ms - Response: {"status":403,"now":1721614830246}::{"message":"Access token missing"}
2024-07-22 09:21:11::error::/v1/api/user/me::917a68aa-9ece-4dac-bdc7-a4ebf2ec00ae::403 - 0ms - Response: {"status":403,"now":1721614871718}::{"message":"Access token missing"}
2024-07-22 09:22:03::error::/v1/api/user/me::7cfad2eb-0855-4ebd-8266-4902c367ea49::403 - 0ms - Response: {"status":403,"now":1721614923136}::{"message":"Access token missing"}
2024-07-22 09:22:38::error::/v1/api/user/me::5455490d-0f39-4108-85c6-014f36f150d1::403 - 0ms - Response: {"status":403,"now":1721614958226}::{"message":"Access token missing"}
2024-07-22 09:23:13::error::/v1/api/user/me::a984ea14-dc05-4159-8824-b5e98d1c0b73::403 - 0ms - Response: {"status":403,"now":1721614993119}::{"message":"Access token missing"}
2024-07-22 09:23:30::error::/v1/api/user/me::8118a19c-738d-4e76-bbf5-0359385da532::403 - 0ms - Response: {"status":403,"now":1721615010998}::{"message":"Access token missing"}
2024-07-22 09:23:32::error::/v1/api/user/me::768cc70f-e4af-4bcd-aa14-c52e6af66e60::403 - 0ms - Response: {"status":403,"now":1721615012465}::{"message":"Access token missing"}
2024-07-22 09:24:10::error::/v1/api/user/me::0043652d-6cd3-4234-adeb-92df9fd1f9b3::403 - 0ms - Response: {"status":403,"now":1721615050794}::{"message":"Access token missing"}
2024-07-22 09:24:21::error::/v1/api/user/me::30f93685-d0af-4914-a11d-f81e08439c8d::403 - 0ms - Response: {"status":403,"now":1721615061789}::{"message":"Access token missing"}
2024-07-22 09:24:54::error::/v1/api/user/me::ce7c3c6d-9604-45e0-8dc3-92b505d7eeef::403 - 0ms - Response: {"status":403,"now":1721615094328}::{"message":"Access token missing"}
2024-07-22 09:25:20::error::/v1/api/user/me::e51cd82a-304d-4f1e-83a9-e4239bd7ab49::403 - 0ms - Response: {"status":403,"now":1721615120402}::{"message":"Access token missing"}
2024-07-22 09:25:32::error::/v1/api/user/me::3fd87a3e-8165-4d70-96e3-0d3df8c8c439::403 - 0ms - Response: {"status":403,"now":1721615132262}::{"message":"Access token missing"}
2024-07-22 09:28:30::error::/v1/api/user/me::86840016-5eec-42f6-957d-389b7e352b73::403 - 0ms - Response: {"status":403,"now":1721615310874}::{"message":"Access token missing"}
2024-07-22 09:28:39::error::/v1/api/user/me::2ebd16fb-0f1c-47d9-bb1a-cfa9b44e7ff8::403 - 0ms - Response: {"status":403,"now":1721615319230}::{"message":"Access token missing"}
2024-07-22 09:28:56::error::/v1/api/user/me::6cd83ec2-4278-4366-8715-61c6bbfed309::403 - 0ms - Response: {"status":403,"now":1721615336593}::{"message":"Access token missing"}
2024-07-22 09:29:06::error::/v1/api/user/me::651ae7c1-6097-4572-b7c7-caa1a854015d::403 - 0ms - Response: {"status":403,"now":1721615346841}::{"message":"Access token missing"}
2024-07-22 09:29:29::error::/v1/api/user/me::70e5de12-1b6c-420b-aa9b-fc67f84841af::403 - 0ms - Response: {"status":403,"now":1721615369449}::{"message":"Access token missing"}
2024-07-22 09:29:50::error::/v1/api/user/me::3e1ba94a-02e8-48d9-9352-4aaf74b6f3dc::403 - 1ms - Response: {"status":403,"now":1721615390256}::{"message":"Access token missing"}
2024-07-22 09:30:04::error::/v1/api/user/me::cabf5992-f901-4652-91cf-b0e05a23d21e::403 - 0ms - Response: {"status":403,"now":1721615404635}::{"message":"Access token missing"}
2024-07-22 09:33:07::error::/v1/api/user/me::bbe97d37-2967-41eb-9fc4-697681afe4fb::403 - 0ms - Response: {"status":403,"now":1721615587011}::{"message":"Access token missing"}
2024-07-22 09:34:22::error::/v1/api/user/me::fc696569-3981-4f53-af4a-27d50d59dce3::403 - 1ms - Response: {"status":403,"now":1721615662046}::{"message":"Access token missing"}
2024-07-22 09:34:35::error::/v1/api/user/me::2ae4270e-07dd-4d19-8b1a-1256dd02799d::403 - 0ms - Response: {"status":403,"now":1721615675230}::{"message":"Access token missing"}
2024-07-22 09:34:44::error::/v1/api/user/me::2b19ff85-e2b6-4ea5-8756-c241ef6e55c4::403 - 0ms - Response: {"status":403,"now":1721615684181}::{"message":"Access token missing"}
2024-07-22 09:34:56::error::/v1/api/user/me::592f797f-8caf-4b1b-a69d-66b67be74943::403 - 0ms - Response: {"status":403,"now":1721615696788}::{"message":"Access token missing"}
2024-07-22 09:35:07::error::/v1/api/user/me::258c5039-c4e5-4273-954d-a7e008b1d7c6::403 - 0ms - Response: {"status":403,"now":1721615707835}::{"message":"Access token missing"}
2024-07-22 09:35:52::error::/v1/api/user/me::6bae8dfe-85d0-4865-92c5-66a51a6abc13::403 - 0ms - Response: {"status":403,"now":1721615752891}::{"message":"Access token missing"}
2024-07-22 09:36:18::error::/v1/api/user/me::26f62b89-a5dc-4096-ad9a-eec169004714::403 - 0ms - Response: {"status":403,"now":1721615778707}::{"message":"Access token missing"}
2024-07-22 09:36:20::error::/v1/api/user/me::6bd47860-8fa2-451a-92ff-aa19566883f4::403 - 0ms - Response: {"status":403,"now":1721615780037}::{"message":"Access token missing"}
2024-07-22 09:36:54::error::/v1/api/user/me::b08e23b7-a87f-4167-b0be-91a004491f5a::403 - 0ms - Response: {"status":403,"now":1721615814941}::{"message":"Access token missing"}
2024-07-22 09:36:56::error::/v1/api/auth/users/verifyOtp::5a50bf4f-653f-419c-9daf-09cfb69d9cf1::403 - 0ms - Response: {"status":403,"now":1721615816477}::{"message":"Mã OTP không chính xác"}
2024-07-22 10:06:03::error::/v1/api/order/readTalentOrderHistory::1cb4bf4d-48f3-44a7-ab76-65b00eaec4a9::403 - 0ms - Response: {"status":403,"now":1721617563921}::{"message":"You are not a talent!"}
2024-07-22 10:06:25::error::/v1/api/order/readTalentOrderHistory::7f6f20e3-00df-4091-8483-303ee7ccca2a::403 - 0ms - Response: {"status":403,"now":1721617585527}::{"message":"You are not a talent!"}
2024-07-22 10:06:37::error::/v1/api/recommender/search::9e0b1cb2-2505-49a3-a35a-0c81de00cb07::403 - 0ms - Response: {"status":403,"now":1721617597290}::{"message":"Invalid search Term"}
2024-07-22 10:08:20::error::/v1/api/recommender/search::2942aa90-6ee0-425c-91a1-3304cc3b86d7::403 - 0ms - Response: {"status":403,"now":1721617700777}::{"message":"Invalid search Term"}
2024-07-22 10:08:22::error::/v1/api/user/readUserProfile/665929dd1937df564df71660::35cce997-5d69-4a05-801c-871e63a5174c::undefined - NaNms - Response: {"errors":{"socialLinks.0":{"name":"ValidatorError","message":"Cast to [string] failed for value \"[\\n' +\n  '  {\\n' +\n  \"    url: 'https://facebook.com/nhatluu03',\\n\" +\n  \"    _id: new ObjectId('665ff4f11fb7ba88c25670fb')\\n\" +\n  '  },\\n' +\n  \"  { url: 'dwewf', _id: new ObjectId('665ff4f11fb7ba88c25670fc') },\\n\" +\n  \"  { url: 'grgrgr', _id: new ObjectId('665ff4f11fb7ba88c25670fd') }\\n\" +\n  ']\" (type string) at path \"socialLinks.0\" because of \"CastError\"","properties":{"path":"socialLinks.0","message":"Cast to [string] failed for value \"[\\n' +\n  '  {\\n' +\n  \"    url: 'https://facebook.com/nhatluu03',\\n\" +\n  \"    _id: new ObjectId('665ff4f11fb7ba88c25670fb')\\n\" +\n  '  },\\n' +\n  \"  { url: 'dwewf', _id: new ObjectId('665ff4f11fb7ba88c25670fc') },\\n\" +\n  \"  { url: 'grgrgr', _id: new ObjectId('665ff4f11fb7ba88c25670fd') }\\n\" +\n  ']\" (type string) at path \"socialLinks.0\" because of \"CastError\"","type":"cast","value":"[\n  {\n    url: 'https://facebook.com/nhatluu03',\n    _id: new ObjectId('665ff4f11fb7ba88c25670fb')\n  },\n  { url: 'dwewf', _id: new ObjectId('665ff4f11fb7ba88c25670fc') },\n  { url: 'grgrgr', _id: new ObjectId('665ff4f11fb7ba88c25670fd') }\n]","reason":{"stringValue":"\"[\\n' +\n  '  {\\n' +\n  \"    url: 'https://facebook.com/nhatluu03',\\n\" +\n  \"    _id: new ObjectId('665ff4f11fb7ba88c25670fb')\\n\" +\n  '  },\\n' +\n  \"  { url: 'dwewf', _id: new ObjectId('665ff4f11fb7ba88c25670fc') },\\n\" +\n  \"  { url: 'grgrgr', _id: new ObjectId('665ff4f11fb7ba88c25670fd') }\\n\" +\n  ']\"","valueType":"string","kind":"[string]","value":"[\n  {\n    url: 'https://facebook.com/nhatluu03',\n    _id: new ObjectId('665ff4f11fb7ba88c25670fb')\n  },\n  { url: 'dwewf', _id: new ObjectId('665ff4f11fb7ba88c25670fc') },\n  { url: 'grgrgr', _id: new ObjectId('665ff4f11fb7ba88c25670fd') }\n]","path":"socialLinks.0","reason":{"stringValue":"\"{\n  url: 'https://facebook.com/nhatluu03',\n  _id: new ObjectId('665ff4f11fb7ba88c25670fb')\n}\"","valueType":"Object","kind":"string","value":{"url":"https://facebook.com/nhatluu03","_id":"665ff4f11fb7ba88c25670fb"},"path":"socialLinks","reason":null,"name":"CastError","message":"Cast to string failed for value \"{\n  url: 'https://facebook.com/nhatluu03',\n  _id: new ObjectId('665ff4f11fb7ba88c25670fb')\n}\" (type Object) at path \"socialLinks\""},"name":"CastError","message":"Cast to [string] failed for value \"[\\n' +\n  '  {\\n' +\n  \"    url: 'https://facebook.com/nhatluu03',\\n\" +\n  \"    _id: new ObjectId('665ff4f11fb7ba88c25670fb')\\n\" +\n  '  },\\n' +\n  \"  { url: 'dwewf', _id: new ObjectId('665ff4f11fb7ba88c25670fc') },\\n\" +\n  \"  { url: 'grgrgr', _id: new ObjectId('665ff4f11fb7ba88c25670fd') }\\n\" +\n  ']\" (type string) at path \"socialLinks.0\" because of \"CastError\""}},"kind":"cast","path":"socialLinks.0","value":"[\n  {\n    url: 'https://facebook.com/nhatluu03',\n    _id: new ObjectId('665ff4f11fb7ba88c25670fb')\n  },\n  { url: 'dwewf', _id: new ObjectId('665ff4f11fb7ba88c25670fc') },\n  { url: 'grgrgr', _id: new ObjectId('665ff4f11fb7ba88c25670fd') }\n]","reason":{"stringValue":"\"[\\n' +\n  '  {\\n' +\n  \"    url: 'https://facebook.com/nhatluu03',\\n\" +\n  \"    _id: new ObjectId('665ff4f11fb7ba88c25670fb')\\n\" +\n  '  },\\n' +\n  \"  { url: 'dwewf', _id: new ObjectId('665ff4f11fb7ba88c25670fc') },\\n\" +\n  \"  { url: 'grgrgr', _id: new ObjectId('665ff4f11fb7ba88c25670fd') }\\n\" +\n  ']\"","valueType":"string","kind":"[string]","value":"[\n  {\n    url: 'https://facebook.com/nhatluu03',\n    _id: new ObjectId('665ff4f11fb7ba88c25670fb')\n  },\n  { url: 'dwewf', _id: new ObjectId('665ff4f11fb7ba88c25670fc') },\n  { url: 'grgrgr', _id: new ObjectId('665ff4f11fb7ba88c25670fd') }\n]","path":"socialLinks.0","reason":{"stringValue":"\"{\n  url: 'https://facebook.com/nhatluu03',\n  _id: new ObjectId('665ff4f11fb7ba88c25670fb')\n}\"","valueType":"Object","kind":"string","value":{"url":"https://facebook.com/nhatluu03","_id":"665ff4f11fb7ba88c25670fb"},"path":"socialLinks","reason":null,"name":"CastError","message":"Cast to string failed for value \"{\n  url: 'https://facebook.com/nhatluu03',\n  _id: new ObjectId('665ff4f11fb7ba88c25670fb')\n}\" (type Object) at path \"socialLinks\""},"name":"CastError","message":"Cast to [string] failed for value \"[\\n' +\n  '  {\\n' +\n  \"    url: 'https://facebook.com/nhatluu03',\\n\" +\n  \"    _id: new ObjectId('665ff4f11fb7ba88c25670fb')\\n\" +\n  '  },\\n' +\n  \"  { url: 'dwewf', _id: new ObjectId('665ff4f11fb7ba88c25670fc') },\\n\" +\n  \"  { url: 'grgrgr', _id: new ObjectId('665ff4f11fb7ba88c25670fd') }\\n\" +\n  ']\" (type string) at path \"socialLinks.0\" because of \"CastError\""}}},"_message":"User validation failed","name":"ValidationError","message":"User validation failed: socialLinks.0: Cast to [string] failed for value \"[\\n' +\n  '  {\\n' +\n  \"    url: 'https://facebook.com/nhatluu03',\\n\" +\n  \"    _id: new ObjectId('665ff4f11fb7ba88c25670fb')\\n\" +\n  '  },\\n' +\n  \"  { url: 'dwewf', _id: new ObjectId('665ff4f11fb7ba88c25670fc') },\\n\" +\n  \"  { url: 'grgrgr', _id: new ObjectId('665ff4f11fb7ba88c25670fd') }\\n\" +\n  ']\" (type string) at path \"socialLinks.0\" because of \"CastError\""}::{"message":"User validation failed: socialLinks.0: Cast to [string] failed for value \"[\\n' +\n  '  {\\n' +\n  \"    url: 'https://facebook.com/nhatluu03',\\n\" +\n  \"    _id: new ObjectId('665ff4f11fb7ba88c25670fb')\\n\" +\n  '  },\\n' +\n  \"  { url: 'dwewf', _id: new ObjectId('665ff4f11fb7ba88c25670fc') },\\n\" +\n  \"  { url: 'grgrgr', _id: new ObjectId('665ff4f11fb7ba88c25670fd') }\\n\" +\n  ']\" (type string) at path \"socialLinks.0\" because of \"CastError\""}
2024-07-22 10:08:24::error::/v1/api/recommender/search::1b678ffc-19dc-4d60-a300-d78567b26a0f::403 - 0ms - Response: {"status":403,"now":1721617704964}::{"message":"Invalid search Term"}
2024-07-22 10:08:30::error::/v1/api/recommender/search::2e847f58-7236-49f0-a64f-504193e08042::403 - 0ms - Response: {"status":403,"now":1721617710030}::{"message":"Invalid search Term"}
2024-07-22 10:10:55::error::/v1/api/user/me::bced3fd6-048d-4bfe-b661-79283eee9d49::403 - 0ms - Response: {"status":403,"now":1721617855644}::{"message":"Access token missing"}
2024-07-22 10:11:36::error::/v1/api/user/me::90071443-5351-4981-b221-0afe0daddd50::403 - 1ms - Response: {"status":403,"now":1721617896837}::{"message":"Access token missing"}
2024-07-22 10:11:45::error::/v1/api/user/me::21a29ae0-b16d-4665-b055-88d04c30c057::403 - 0ms - Response: {"status":403,"now":1721617905381}::{"message":"Access token missing"}
2024-07-22 10:11:46::error::/v1/api/auth/users/verifyOtp::6e054947-7e20-40e5-8044-5430d481e478::403 - 0ms - Response: {"status":403,"now":1721617906921}::{"message":"Mã OTP không chính xác"}
2024-07-22 10:13:12::error::/v1/api/user/me::adee411e-b986-4651-ad38-17e63b7b77e8::403 - 0ms - Response: {"status":403,"now":1721617992047}::{"message":"Access token missing"}
2024-07-22 10:14:07::error::/v1/api/user/me::106a7070-eff5-46f7-8911-611b8f375a83::403 - 0ms - Response: {"status":403,"now":1721618047450}::{"message":"Access token missing"}
2024-07-22 10:14:21::error::/v1/api/user/me::7c9552f6-0efd-458e-9ba6-5fdbc9664b60::403 - 0ms - Response: {"status":403,"now":1721618061010}::{"message":"Access token missing"}
2024-07-22 10:15:35::error::/v1/api/user/me::75b4c2ad-3a87-4575-bd8e-082ccb60c43f::403 - 0ms - Response: {"status":403,"now":1721618135179}::{"message":"Access token missing"}
2024-07-22 10:17:21::error::/v1/api/user/me::93b3d765-546e-42e7-bb54-534c07e872cf::403 - 0ms - Response: {"status":403,"now":1721618241400}::{"message":"Access token missing"}
2024-07-22 10:18:34::error::/v1/api/user/me::f3860026-8bc6-4042-a372-31cbb7a6322d::403 - 0ms - Response: {"status":403,"now":1721618314671}::{"message":"Access token missing"}
2024-07-22 10:18:43::error::/v1/api/user/me::d79ccf8b-f928-4e4f-9360-af26172b07c9::403 - 0ms - Response: {"status":403,"now":1721618323262}::{"message":"Access token missing"}
2024-07-22 10:18:52::error::/v1/api/user/me::421d377a-f6a3-4d0b-a011-becbeab1be10::403 - 0ms - Response: {"status":403,"now":1721618332007}::{"message":"Access token missing"}
2024-07-22 10:18:53::error::/v1/api/user/me::3adeeddf-1411-4880-b3cd-95322ce7a8ea::403 - 0ms - Response: {"status":403,"now":1721618333605}::{"message":"Access token missing"}
2024-07-22 10:19:01::error::/v1/api/user/me::3851a8d0-480f-46e9-8f10-66113f00b017::403 - 0ms - Response: {"status":403,"now":1721618341356}::{"message":"Access token missing"}
2024-07-22 10:20:58::error::/v1/api/user/me::34114aa8-30bc-400a-9c94-4a8d58b646f4::403 - 0ms - Response: {"status":403,"now":1721618458800}::{"message":"Access token missing"}
2024-07-22 10:21:00::error::/v1/api/user/me::e326c5a0-a6e1-408a-a54a-b1cd987b5856::403 - 0ms - Response: {"status":403,"now":1721618460467}::{"message":"Access token missing"}
2024-07-22 10:21:02::error::/v1/api/user/me::086072e1-5168-4184-beaa-8357fca55fcf::403 - 0ms - Response: {"status":403,"now":1721618462096}::{"message":"Access token missing"}
2024-07-22 10:21:58::error::/v1/api/user/me::27054a95-7528-4566-8960-06d3e67dda4b::403 - 0ms - Response: {"status":403,"now":1721618518481}::{"message":"Access token missing"}
2024-07-22 10:22:14::error::/v1/api/user/me::b201b764-ea4b-49eb-8b63-92f3681a04ad::403 - 0ms - Response: {"status":403,"now":1721618534032}::{"message":"Access token missing"}
2024-07-22 10:22:46::error::/v1/api/user/me::cc4e3986-ea3d-40e5-87c4-4226ac8d5c24::403 - 0ms - Response: {"status":403,"now":1721618566983}::{"message":"Access token missing"}
2024-07-22 10:22:56::error::/v1/api/user/me::71e623d6-94fc-46d8-8d13-399a2d0f6875::403 - 0ms - Response: {"status":403,"now":1721618576192}::{"message":"Access token missing"}
2024-07-22 10:23:10::error::/v1/api/user/me::95abe834-3013-4d2b-b5b3-cf195779e769::403 - 0ms - Response: {"status":403,"now":1721618590222}::{"message":"Access token missing"}
2024-07-22 10:23:43::error::/v1/api/user/me::fbb3cd87-6ed0-4def-9bd5-17cb36dcb1eb::403 - 0ms - Response: {"status":403,"now":1721618623248}::{"message":"Access token missing"}
2024-07-22 10:31:12::error::/v1/api/user/me::99e9423e-594a-4252-a97d-54ad1b1529aa::403 - 0ms - Response: {"status":403,"now":1721619072730}::{"message":"Access token missing"}
2024-07-22 10:31:34::error::/v1/api/user/me::468e2442-d693-4aab-b246-b82c65bddb62::403 - 0ms - Response: {"status":403,"now":1721619094448}::{"message":"Access token missing"}
2024-07-22 10:31:50::error::/v1/api/user/me::bc31a280-8bcf-4766-962e-ef32e90abbae::403 - 0ms - Response: {"status":403,"now":1721619110177}::{"message":"Access token missing"}
2024-07-22 10:32:12::error::/v1/api/user/me::6d173590-3f65-49ce-ac6e-986c74aac089::403 - 0ms - Response: {"status":403,"now":1721619132320}::{"message":"Access token missing"}
2024-07-22 10:33:11::error::/v1/api/user/me::5e444f53-da54-487b-8c48-eafb4ba821a2::403 - 0ms - Response: {"status":403,"now":1721619191244}::{"message":"Access token missing"}
2024-07-22 10:33:23::error::/v1/api/user/me::9e65cade-a2c4-41d1-bc17-861dd08d1624::403 - 0ms - Response: {"status":403,"now":1721619203449}::{"message":"Access token missing"}
2024-07-22 10:33:57::error::/v1/api/auth/users/resetPassword::81cb86c4-60f4-4885-85f7-107b739d09f2::undefined - NaNms - Response: {}::{"message":"otp is not defined"}
2024-07-22 10:33:58::error::/v1/api/auth/users/resetPassword::0932293c-9a37-49b4-9436-8fed572dc12f::undefined - NaNms - Response: {}::{"message":"otp is not defined"}
2024-07-22 10:34:01::error::/v1/api/auth/users/resetPassword::a504e6f1-6cdf-4240-b3c5-f5893cf5a755::undefined - NaNms - Response: {}::{"message":"otp is not defined"}
2024-07-22 10:34:16::error::/v1/api/user/me::c36124ed-5aea-4443-a988-dd51003792e9::403 - 0ms - Response: {"status":403,"now":1721619256379}::{"message":"Access token missing"}
2024-07-22 10:34:21::error::/v1/api/auth/users/resetPassword::1412c0e9-b460-4310-8593-3eb6f2a3992b::undefined - NaNms - Response: {}::{"message":"otp is not defined"}
2024-07-22 10:35:20::error::/v1/api/user/me::927592d5-95ee-46ec-b951-c7b5728c69c5::403 - 0ms - Response: {"status":403,"now":1721619320137}::{"message":"Access token missing"}
2024-07-22 10:35:23::error::/v1/api/user/me::c76d4ae8-d8de-4b00-8901-636adcc87ff6::403 - 0ms - Response: {"status":403,"now":1721619323558}::{"message":"Access token missing"}
2024-07-22 10:35:40::error::/v1/api/user/me::0ab42837-8f89-45b4-9080-d584033457e7::403 - 1ms - Response: {"status":403,"now":1721619340778}::{"message":"Access token missing"}
2024-07-22 10:35:46::error::/v1/api/user/me::d0864e31-135c-4eb6-a9a7-4dc4746ba1dc::403 - 0ms - Response: {"status":403,"now":1721619346835}::{"message":"Access token missing"}
2024-07-22 10:35:48::error::/v1/api/auth/users/verifyResetPasswordOtp::12966e83-90c5-40ea-92bc-154307c12b66::403 - 0ms - Response: {"status":403,"now":1721619348518}::{"message":"Mã OTP không chính xác"}
2024-07-22 10:36:47::error::/v1/api/user/me::aedcd03a-db48-4793-96c9-8793600422c6::403 - 0ms - Response: {"status":403,"now":1721619407274}::{"message":"Access token missing"}
2024-07-22 10:36:48::error::/v1/api/auth/users/verifyResetPasswordOtp::a80ddf28-3357-47b2-95d0-ba82302f94e5::403 - 0ms - Response: {"status":403,"now":1721619408740}::{"message":"Mã OTP không chính xác"}
2024-07-22 10:36:57::error::/v1/api/user/me::78c0d36e-3947-49c4-b181-e747a6ca5564::403 - 0ms - Response: {"status":403,"now":1721619417508}::{"message":"Access token missing"}
2024-07-22 10:37:12::error::/v1/api/user/me::15c0cf38-dce1-45ce-8323-83dfc49915f7::403 - 0ms - Response: {"status":403,"now":1721619432937}::{"message":"Access token missing"}
2024-07-22 10:37:27::error::/v1/api/user/me::2d9b75a9-535d-48d5-bc5e-9050ada22be0::403 - 0ms - Response: {"status":403,"now":1721619447446}::{"message":"Access token missing"}
2024-07-22 10:37:34::error::/v1/api/auth/users/resetPassword::22d314d5-da90-46da-af5f-00ad2f8c6be4::undefined - NaNms - Response: {}::{"message":"otp is not defined"}
2024-07-22 10:38:46::error::/v1/api/user/me::16b75b7e-5070-4517-b6cf-d220e3b30aa2::403 - 0ms - Response: {"status":403,"now":1721619526054}::{"message":"Access token missing"}
2024-07-22 10:38:46::error::/v1/api/user/me::78ac422b-5e24-4d4f-9024-55e8858899fb::403 - 0ms - Response: {"status":403,"now":1721619526945}::{"message":"Access token missing"}
2024-07-22 10:38:49::error::/v1/api/user/me::9c5211c0-71c2-427b-8d7e-061b308b0293::403 - 1ms - Response: {"status":403,"now":1721619529759}::{"message":"Access token missing"}
2024-07-22 10:38:57::error::/v1/api/user/me::5d18adf3-1d3e-48f2-b4bb-95df71a2a309::403 - 0ms - Response: {"status":403,"now":1721619537617}::{"message":"Access token missing"}
2024-07-22 10:39:26::error::/v1/api/user/me::4752309b-b96e-4324-aab3-ce300994f203::403 - 0ms - Response: {"status":403,"now":1721619566334}::{"message":"Access token missing"}
2024-07-22 10:39:27::error::/v1/api/user/me::69b45713-f487-4171-a1c7-348a50fb3589::403 - 0ms - Response: {"status":403,"now":1721619567780}::{"message":"Access token missing"}
2024-07-22 10:39:30::error::/v1/api/auth/users/verifyResetPasswordOtp::fdef691e-3bed-4a0e-91a1-bdfc021738fd::403 - 0ms - Response: {"status":403,"now":1721619570705}::{"message":"Mã OTP không chính xác"}
2024-07-22 10:39:48::error::/v1/api/auth/users/resetPassword::f5573563-eede-465c-a69e-512a3ab1e18f::undefined - NaNms - Response: {}::{"message":"otp is not defined"}
2024-07-22 10:40:07::error::/v1/api/user/me::964825a0-cb15-4b2d-ba9e-7ec710aca015::403 - 0ms - Response: {"status":403,"now":1721619607841}::{"message":"Access token missing"}
2024-07-22 10:40:56::error::/v1/api/user/me::81696b2e-f346-4476-b2e5-8dd194b0c34a::403 - 0ms - Response: {"status":403,"now":1721619656348}::{"message":"Access token missing"}
2024-07-22 10:42:39::error::/v1/api/user/me::24031b79-1f69-42e0-8adf-e2e997630d7a::403 - 0ms - Response: {"status":403,"now":1721619759570}::{"message":"Access token missing"}
2024-07-22 10:42:48::error::/v1/api/user/me::faad683e-0d0c-4d12-a890-40c60c56f5fe::403 - 0ms - Response: {"status":403,"now":1721619768750}::{"message":"Access token missing"}
2024-07-22 10:45:20::error::/v1/api/user/me::9d2b20df-436b-4a05-9780-8292d1137cc2::403 - 0ms - Response: {"status":403,"now":1721619920625}::{"message":"Access token missing"}
2024-07-22 10:45:59::error::/v1/api/user/me::2beba576-0da3-4e77-b9b2-702b0f29e23c::403 - 0ms - Response: {"status":403,"now":1721619959412}::{"message":"Access token missing"}
2024-07-22 10:46:01::error::/v1/api/user/me::6e96667a-aaa1-431d-a10d-0d418aac0181::403 - 0ms - Response: {"status":403,"now":1721619961233}::{"message":"Access token missing"}
2024-07-22 10:46:08::error::/v1/api/user/me::d36e8763-ff7c-4ca5-9040-ebbfdd846cf9::403 - 0ms - Response: {"status":403,"now":1721619968694}::{"message":"Access token missing"}
2024-07-22 10:46:11::error::/v1/api/user/me::64af01ba-f0c3-46de-a9b1-3e9d2e16ed3d::403 - 0ms - Response: {"status":403,"now":1721619971095}::{"message":"Access token missing"}
2024-07-22 10:46:13::error::/v1/api/user/me::c34767b0-618c-4e2c-9af2-fe5c19dcd958::403 - 0ms - Response: {"status":403,"now":1721619973899}::{"message":"Access token missing"}
2024-07-22 10:46:49::error::/v1/api/user/me::d0150e5f-722a-4d95-978b-c7ab45d48f98::403 - 0ms - Response: {"status":403,"now":1721620009069}::{"message":"Access token missing"}
2024-07-22 10:46:51::error::/v1/api/user/me::4cc2d2da-7df1-43ed-8118-04fce8a1c2d5::403 - 0ms - Response: {"status":403,"now":1721620011725}::{"message":"Access token missing"}
2024-07-22 10:46:55::error::/v1/api/user/me::a92999e5-7b13-4509-a28f-8dbaed1f16ab::403 - 0ms - Response: {"status":403,"now":1721620015416}::{"message":"Access token missing"}
2024-07-22 10:46:56::error::/v1/api/user/me::05193bbc-793b-4ff2-b72a-67ce74589d9b::403 - 0ms - Response: {"status":403,"now":1721620016680}::{"message":"Access token missing"}
2024-07-22 10:46:56::error::/v1/api/user/me::15780cdb-ccd6-483d-8b99-874adddcab2d::403 - 0ms - Response: {"status":403,"now":1721620016790}::{"message":"Access token missing"}
2024-07-22 10:47:30::error::/v1/api/user/me::d674dbf6-bfcb-4c70-a1d1-0abf73d7f447::403 - 0ms - Response: {"status":403,"now":1721620050247}::{"message":"Access token missing"}
2024-07-22 10:47:30::error::/v1/api/user/me::218e3397-cb6a-4824-b45d-8f99b155fbf2::403 - 1ms - Response: {"status":403,"now":1721620050353}::{"message":"Access token missing"}
2024-07-22 10:47:34::error::/v1/api/user/me::08efd0e0-0632-4f25-a1a0-22604775b962::403 - 0ms - Response: {"status":403,"now":1721620054078}::{"message":"Access token missing"}
2024-07-22 10:47:34::error::/v1/api/user/me::2e2dbf06-48c7-47ea-a29f-bbcc195f6fef::403 - 0ms - Response: {"status":403,"now":1721620054208}::{"message":"Access token missing"}
2024-07-22 10:47:45::error::/v1/api/user/me::89b5d1d2-7160-4d6f-b838-25b879a9f1b3::403 - 0ms - Response: {"status":403,"now":1721620065099}::{"message":"Access token missing"}
2024-07-22 10:47:48::error::/v1/api/user/me::7e02084c-d8a2-4ce0-9675-3e9603460ef6::403 - 1ms - Response: {"status":403,"now":1721620068362}::{"message":"Access token missing"}
2024-07-22 10:49:38::error::/v1/api/user/me::0bbf232e-76d6-4ea7-90fd-37ff22834add::403 - 0ms - Response: {"status":403,"now":1721620178559}::{"message":"Access token missing"}
2024-07-22 10:49:39::error::/v1/api/user/me::d60d4ae2-7b95-4607-8bed-9d4bd0b633af::403 - 0ms - Response: {"status":403,"now":1721620179735}::{"message":"Access token missing"}
2024-07-22 10:49:39::error::/v1/api/user/me::fc7956b5-6979-443a-907e-eba07930eefd::403 - 0ms - Response: {"status":403,"now":1721620179884}::{"message":"Access token missing"}
2024-07-22 10:50:14::error::/v1/api/user/me::badc56c2-0e05-45eb-9af1-dfcf6489330d::403 - 0ms - Response: {"status":403,"now":1721620214997}::{"message":"Access token missing"}
2024-07-22 10:51:44::error::/v1/api/user/me::5a8bac81-0f84-4f84-a99d-cbcfae2ed2fe::403 - 1ms - Response: {"status":403,"now":1721620304673}::{"message":"Access token missing"}
2024-07-22 10:52:19::error::/v1/api/user/me::363c0a19-da15-4627-b0a7-35e398a5ef5b::403 - 1ms - Response: {"status":403,"now":1721620339846}::{"message":"Access token missing"}
2024-07-22 10:52:44::error::/v1/api/user/me::cefd77ed-efae-4e39-a40b-8bd9cb0ee5db::403 - 0ms - Response: {"status":403,"now":1721620364789}::{"message":"Access token missing"}
2024-07-22 10:52:47::error::/v1/api/commissionService/readCommissionService/667e820d40acf9c9d84606e1::e490ae63-5c3d-4674-bdb7-aca4a10ec8b6::undefined - NaNms - Response: {"errors":{"addOns":{}},"_message":"CommissionService validation failed","name":"ValidationError","message":"CommissionService validation failed: addOns: Parameter \"obj\" to Document() must be an object, got \"\" (type string)"}::{"message":"CommissionService validation failed: addOns: Parameter \"obj\" to Document() must be an object, got \"\" (type string)"}
2024-07-22 10:52:52::error::/v1/api/commissionService/readCommissionService/667e820d40acf9c9d84606e1::ed556ba7-a133-4fdd-9713-13f62e2f3a65::undefined - NaNms - Response: {"errors":{"addOns":{}},"_message":"CommissionService validation failed","name":"ValidationError","message":"CommissionService validation failed: addOns: Parameter \"obj\" to Document() must be an object, got \"\" (type string)"}::{"message":"CommissionService validation failed: addOns: Parameter \"obj\" to Document() must be an object, got \"\" (type string)"}
2024-07-22 10:56:27::error::/v1/api/user/me::4823d406-5b5a-4602-bdcf-a87a257d8e12::403 - 0ms - Response: {"status":403,"now":1721620587582}::{"message":"Access token missing"}
2024-07-22 10:56:41::error::/v1/api/commissionService/readCommissionService/667e820d40acf9c9d84606e1::e170dea9-6f7c-448f-8fe6-c25cbc920020::undefined - NaNms - Response: {"errors":{"addOns":{}},"_message":"CommissionService validation failed","name":"ValidationError","message":"CommissionService validation failed: addOns: Parameter \"obj\" to Document() must be an object, got \"\" (type string)"}::{"message":"CommissionService validation failed: addOns: Parameter \"obj\" to Document() must be an object, got \"\" (type string)"}
2024-07-22 11:04:03::error::/v1/api/user/me::2b424178-f6fc-48bf-b1ec-100e121e0925::403 - 0ms - Response: {"status":403,"now":1721621043623}::{"message":"Access token missing"}
2024-07-22 11:04:19::error::/v1/api/user/me::7c48f617-9185-4e6a-8503-753744c4622a::403 - 0ms - Response: {"status":403,"now":1721621059544}::{"message":"Access token missing"}
2024-07-22 11:04:40::error::/v1/api/user/me::de0be7e8-0876-4e9d-916b-fec46b09bba0::403 - 0ms - Response: {"status":403,"now":1721621080531}::{"message":"Access token missing"}
2024-07-22 11:05:07::error::/v1/api/user/me::2dbc855f-407d-4126-b875-00fe25fc0f7f::403 - 0ms - Response: {"status":403,"now":1721621107893}::{"message":"Access token missing"}
2024-07-22 11:05:10::error::/v1/api/user/me::8526ed02-faa7-4c5e-add0-a055442b5eb9::403 - 0ms - Response: {"status":403,"now":1721621110168}::{"message":"Access token missing"}
2024-07-22 11:05:25::error::/v1/api/user/me::4a320b0f-91bc-4e95-8332-24cbd1f67b57::403 - 0ms - Response: {"status":403,"now":1721621125391}::{"message":"Access token missing"}
2024-07-22 11:05:26::error::/v1/api/user/me::4109ff89-6ece-4330-8edf-ec9c857ac0cd::403 - 0ms - Response: {"status":403,"now":1721621126645}::{"message":"Access token missing"}
2024-07-22 11:06:22::error::/v1/api/user/me::bf36d66a-73c0-49cf-a903-85442a301ed7::403 - 0ms - Response: {"status":403,"now":1721621182962}::{"message":"Access token missing"}
2024-07-22 11:06:39::error::/v1/api/user/me::dae67844-44ed-4e29-9f3d-4e4c74439dcf::403 - 0ms - Response: {"status":403,"now":1721621199613}::{"message":"Access token missing"}
2024-07-22 11:06:54::error::/v1/api/user/me::593114ee-fdb3-4b0b-be4f-5fbc27646e20::403 - 0ms - Response: {"status":403,"now":1721621214182}::{"message":"Access token missing"}
2024-07-22 11:06:59::error::/v1/api/user/me::b982eff5-903c-4ac5-a5e2-d905e8ddabeb::403 - 0ms - Response: {"status":403,"now":1721621219885}::{"message":"Access token missing"}
2024-07-22 11:07:21::error::/v1/api/user/me::b4cf2d63-f4bf-4f33-8b0b-fc6854e29de0::403 - 0ms - Response: {"status":403,"now":1721621241153}::{"message":"Access token missing"}
2024-07-22 11:07:33::error::/v1/api/user/me::e2a45dbb-f29e-4829-b319-7aef5227ac85::403 - 0ms - Response: {"status":403,"now":1721621253125}::{"message":"Access token missing"}
2024-07-22 11:07:57::error::/v1/api/user/me::d6758b8e-1f27-48e2-8088-2da906cdb6bd::403 - 0ms - Response: {"status":403,"now":1721621277809}::{"message":"Access token missing"}
2024-07-22 11:08:04::error::/v1/api/user/me::f0f225f3-0241-4856-a92e-39fe4ba27dfb::403 - 0ms - Response: {"status":403,"now":1721621284768}::{"message":"Access token missing"}
2024-07-22 11:10:08::error::/v1/api/user/me::80f1da6d-1f82-4912-afe6-1e6df3e8eddd::403 - 1ms - Response: {"status":403,"now":1721621408349}::{"message":"Access token missing"}
2024-07-22 11:10:10::error::/v1/api/user/me::3c43c552-86ab-461a-b1e0-74c77fee82a7::403 - 0ms - Response: {"status":403,"now":1721621410577}::{"message":"Access token missing"}
2024-07-22 11:10:13::error::/v1/api/user/me::6dba9118-7e58-49f3-94b8-0e62d481f549::403 - 0ms - Response: {"status":403,"now":1721621413596}::{"message":"Access token missing"}
2024-07-22 11:10:21::error::/v1/api/user/me::a2bf7a51-9de6-4913-bd89-2090a86b401b::403 - 0ms - Response: {"status":403,"now":1721621421725}::{"message":"Access token missing"}
2024-07-22 11:11:18::error::/v1/api/user/me::27768547-f607-497e-b394-2448cf189c44::403 - 0ms - Response: {"status":403,"now":1721621478644}::{"message":"Access token missing"}
2024-07-22 11:11:19::error::/v1/api/user/me::ad86be38-9b84-4c85-aac6-08f495b5ce5e::403 - 0ms - Response: {"status":403,"now":1721621479596}::{"message":"Access token missing"}
2024-07-22 11:11:36::error::/v1/api/user/me::a12beb61-027b-448f-b48f-7f058a3501ee::403 - 0ms - Response: {"status":403,"now":1721621496024}::{"message":"Access token missing"}
2024-07-22 11:11:39::error::/v1/api/user/me::990e8b8f-313e-4575-b789-0ebe5a3c7a74::403 - 0ms - Response: {"status":403,"now":1721621499550}::{"message":"Access token missing"}
2024-07-22 11:12:42::error::/v1/api/user/me::cd67b219-a1ec-48e1-8b2c-ccf20d6c9a72::403 - 1ms - Response: {"status":403,"now":1721621562911}::{"message":"Access token missing"}
2024-07-22 11:12:48::error::/v1/api/user/me::ef1ea22d-1a4c-4ecd-980c-0c022fd0e25c::403 - 0ms - Response: {"status":403,"now":1721621568504}::{"message":"Access token missing"}
2024-07-22 11:12:50::error::/v1/api/user/me::baa3cb3b-f7ff-4822-b714-43235e74a2e4::403 - 0ms - Response: {"status":403,"now":1721621570186}::{"message":"Access token missing"}
2024-07-22 11:12:59::error::/v1/api/user/me::33777d93-4d96-4131-8168-f82b91e60737::403 - 0ms - Response: {"status":403,"now":1721621579059}::{"message":"Access token missing"}
2024-07-22 12:22:51::error::/v1/api/user/me::be373519-f099-4dfc-a881-b85085396296::403 - 0ms - Response: {"status":403,"now":1721625771249}::{"message":"Access token missing"}
2024-07-22 12:23:23::error::/v1/api/user/me::8c4ef80b-d5c7-4fcb-bb3e-b66ae383e61f::403 - 0ms - Response: {"status":403,"now":1721625803360}::{"message":"Access token missing"}
2024-07-22 12:23:31::error::/v1/api/user/me::39db07e1-31cf-4005-a450-ed455b2b920f::403 - 0ms - Response: {"status":403,"now":1721625811044}::{"message":"Access token missing"}
2024-07-22 12:27:16::error::/v1/api/user/me::378f28ee-df98-4013-87b4-749f36040784::403 - 0ms - Response: {"status":403,"now":1721626036174}::{"message":"Access token missing"}
2024-07-22 12:27:28::error::/v1/api/user/me::3cea1a3d-28b8-4f1b-b179-daef880127d9::403 - 0ms - Response: {"status":403,"now":1721626048048}::{"message":"Access token missing"}
2024-07-22 12:27:39::error::/v1/api/user/me::bfcea5b7-7ff0-4eac-8741-2be4092c5c1e::403 - 0ms - Response: {"status":403,"now":1721626059333}::{"message":"Access token missing"}
2024-07-22 12:27:41::error::/v1/api/user/me::4581970d-9b75-4f67-8949-6146c0248a2a::403 - 0ms - Response: {"status":403,"now":1721626061646}::{"message":"Access token missing"}
2024-07-22 12:27:47::error::/v1/api/user/me::ed29fadd-6b71-4aac-bee1-8b275e68e9de::403 - 0ms - Response: {"status":403,"now":1721626067459}::{"message":"Access token missing"}
2024-07-22 12:28:00::error::/v1/api/user/me::7873ea31-6898-425b-a93a-314f89d8fe7a::403 - 0ms - Response: {"status":403,"now":1721626080790}::{"message":"Access token missing"}
2024-07-22 12:28:08::error::/v1/api/user/me::483d1f1e-d9e7-45e9-980d-5021e0678949::403 - 0ms - Response: {"status":403,"now":1721626088955}::{"message":"Access token missing"}
2024-07-22 12:28:14::error::/v1/api/user/me::047a4ab3-995b-4c14-bfaf-11f0cb3fe39b::403 - 1ms - Response: {"status":403,"now":1721626094221}::{"message":"Access token missing"}
2024-07-22 12:28:47::error::/v1/api/user/me::1207e995-bff9-4896-b556-3e0e8f48dd0b::403 - 0ms - Response: {"status":403,"now":1721626127548}::{"message":"Access token missing"}
2024-07-22 12:28:52::error::/v1/api/user/me::3121699a-3707-4a09-9835-59f00673adbb::403 - 0ms - Response: {"status":403,"now":1721626132147}::{"message":"Access token missing"}
2024-07-22 12:28:53::error::/v1/api/user/me::9f7ae281-593b-4f56-a978-81a78ac8f82b::403 - 0ms - Response: {"status":403,"now":1721626133845}::{"message":"Access token missing"}
2024-07-22 12:30:54::error::/v1/api/user/me::152ea17e-ea47-4eee-a34e-bcabc2ee345f::403 - 0ms - Response: {"status":403,"now":1721626254829}::{"message":"Access token missing"}
2024-07-22 12:30:59::error::/v1/api/user/me::47ad72d9-f53f-4aff-ba26-f8c6134a43ed::403 - 1ms - Response: {"status":403,"now":1721626259032}::{"message":"Access token missing"}
2024-07-22 12:30:59::error::/v1/api/user/me::3ea18012-53c0-47dc-985a-7d142e01d5fd::403 - 0ms - Response: {"status":403,"now":1721626259141}::{"message":"Access token missing"}
2024-07-22 12:30:59::error::/v1/api/user/me::e359ffc3-d945-44e4-8041-3e019990e99d::403 - 0ms - Response: {"status":403,"now":1721626259481}::{"message":"Access token missing"}
2024-07-22 12:30:59::error::/v1/api/user/me::cd088490-589e-4c6a-9105-59fb44a46288::403 - 1ms - Response: {"status":403,"now":1721626259482}::{"message":"Access token missing"}
2024-07-22 12:31:01::error::/v1/api/user/me::58d2f66d-3857-4d61-888c-e985824f7dc6::403 - 0ms - Response: {"status":403,"now":1721626261220}::{"message":"Access token missing"}
2024-07-22 12:31:01::error::/v1/api/user/me::3a135897-be1c-46f7-9d2c-14b7d7ccff24::403 - 0ms - Response: {"status":403,"now":1721626261341}::{"message":"Access token missing"}
2024-07-22 12:31:01::error::/v1/api/user/me::bc7609aa-02a1-4705-98f5-664de33cd6cb::403 - 0ms - Response: {"status":403,"now":1721626261474}::{"message":"Access token missing"}
2024-07-22 12:31:01::error::/v1/api/user/me::dcce236a-fcea-4c41-bb0f-05a3e9a38c40::403 - 0ms - Response: {"status":403,"now":1721626261475}::{"message":"Access token missing"}
2024-07-22 12:31:02::error::/v1/api/user/me::9e10ef24-539a-4f88-8ade-e430b3411c3d::403 - 0ms - Response: {"status":403,"now":1721626262070}::{"message":"Access token missing"}
2024-07-22 12:31:05::error::/v1/api/user/me::949860de-fb0b-4566-935e-ff2fdcdaecbc::403 - 0ms - Response: {"status":403,"now":1721626265450}::{"message":"Access token missing"}
2024-07-22 12:31:21::error::/v1/api/user/me::78317e6b-3f51-4358-89a3-d814ceb0f4d6::403 - 1ms - Response: {"status":403,"now":1721626281046}::{"message":"Access token missing"}
2024-07-22 12:32:39::error::/v1/api/user/me::aff9c8d5-8514-4c2c-a631-95ca982691fd::403 - 0ms - Response: {"status":403,"now":1721626359281}::{"message":"Access token missing"}
2024-07-22 12:32:41::error::/v1/api/user/me::5231c32e-8038-4d12-8a24-0392338fcb55::403 - 0ms - Response: {"status":403,"now":1721626361040}::{"message":"Access token missing"}
2024-07-22 12:33:06::error::/v1/api/user/me::7a364a25-3a51-421a-acc2-f5eb12f9aeac::403 - 0ms - Response: {"status":403,"now":1721626386546}::{"message":"Access token missing"}
2024-07-22 12:33:08::error::/v1/api/user/me::5c277504-0054-4c9b-9d0f-ea7669b327b3::403 - 0ms - Response: {"status":403,"now":1721626388024}::{"message":"Access token missing"}
2024-07-22 12:33:19::error::/v1/api/user/me::9d23e573-0216-4cba-b971-74a7b4e14aa4::403 - 0ms - Response: {"status":403,"now":1721626399634}::{"message":"Access token missing"}
2024-07-22 12:33:58::error::/v1/api/user/me::fae01705-52e7-468f-8a14-4c0a0e3715c9::403 - 0ms - Response: {"status":403,"now":1721626438204}::{"message":"Access token missing"}
2024-07-22 12:34:11::error::/v1/api/user/me::a4902786-3bfa-46a7-b897-51dfd0819bf0::403 - 0ms - Response: {"status":403,"now":1721626451161}::{"message":"Access token missing"}
2024-07-22 12:34:11::error::/v1/api/user/me::1ae60f69-595f-4df5-9098-3c84b531bf0e::403 - 0ms - Response: {"status":403,"now":1721626451336}::{"message":"Access token missing"}
2024-07-22 12:34:13::error::/v1/api/user/me::ef05a06b-b06a-4364-8554-0ab66a61b383::403 - 0ms - Response: {"status":403,"now":1721626453106}::{"message":"Access token missing"}
2024-07-22 12:34:15::error::/v1/api/user/me::7550c646-2199-44fb-9094-d0b524afd2f6::403 - 0ms - Response: {"status":403,"now":1721626455016}::{"message":"Access token missing"}
2024-07-22 12:34:17::error::/v1/api/user/me::6e61090f-236c-4fc1-9927-e03ea6279696::403 - 0ms - Response: {"status":403,"now":1721626457388}::{"message":"Access token missing"}
2024-07-22 12:34:32::error::/v1/api/user/me::f28b39f2-6194-46f3-ae4e-0dc173555cdd::403 - 0ms - Response: {"status":403,"now":1721626472407}::{"message":"Access token missing"}
2024-07-22 12:34:32::error::/v1/api/user/me::49fd77a4-a5c1-45bc-81d2-19b108a92f18::403 - 0ms - Response: {"status":403,"now":1721626472642}::{"message":"Access token missing"}
2024-07-22 12:34:34::error::/v1/api/user/me::5b88e5e8-f8ec-4b63-9df6-46526c589bc5::403 - 0ms - Response: {"status":403,"now":1721626474218}::{"message":"Access token missing"}
2024-07-22 12:34:36::error::/v1/api/user/me::c92ff750-8049-484d-8558-9454dd3aa447::403 - 0ms - Response: {"status":403,"now":1721626476161}::{"message":"Access token missing"}
2024-07-22 12:34:38::error::/v1/api/user/me::44c07b0b-077e-4c6f-9815-23d052f40a95::403 - 0ms - Response: {"status":403,"now":1721626478339}::{"message":"Access token missing"}
2024-07-22 12:34:44::error::/v1/api/user/me::c2ddf102-dc3c-425d-94b5-1dc52b6a5467::403 - 0ms - Response: {"status":403,"now":1721626484476}::{"message":"Access token missing"}
2024-07-22 12:34:48::error::/v1/api/user/me::3ee2aef1-2dc7-48b0-97ef-ccb6ca6d81e6::403 - 0ms - Response: {"status":403,"now":1721626488902}::{"message":"Access token missing"}
2024-07-22 12:35:03::error::/v1/api/user/me::2f902f33-0f07-4287-8bbd-b0130f94e4a9::403 - 0ms - Response: {"status":403,"now":1721626503794}::{"message":"Access token missing"}
2024-07-22 12:35:04::error::/v1/api/user/me::bd96fdae-13ec-4086-bab4-d2330be64ce5::403 - 0ms - Response: {"status":403,"now":1721626504720}::{"message":"Access token missing"}
2024-07-22 12:35:05::error::/v1/api/user/me::a77785a9-2617-4c5d-b3c7-45dc50c19481::403 - 0ms - Response: {"status":403,"now":1721626505935}::{"message":"Access token missing"}
2024-07-22 12:35:07::error::/v1/api/user/me::b405fa39-eccf-4686-b2d0-2f8e90c06064::403 - 0ms - Response: {"status":403,"now":1721626507739}::{"message":"Access token missing"}
2024-07-22 12:35:09::error::/v1/api/user/me::1a6db524-7bad-4870-8010-7598f1868313::403 - 0ms - Response: {"status":403,"now":1721626509046}::{"message":"Access token missing"}
2024-07-22 12:35:15::error::/v1/api/user/me::ed8f2c83-5527-4c83-be56-9d017144c369::403 - 0ms - Response: {"status":403,"now":1721626515104}::{"message":"Access token missing"}
2024-07-22 12:35:33::error::/v1/api/user/me::15dbfc8c-645c-44dc-b9ba-16bfd63e55f2::403 - 1ms - Response: {"status":403,"now":1721626533169}::{"message":"Access token missing"}
2024-07-22 12:35:35::error::/v1/api/user/me::392645b2-2736-4180-9d9a-267d646a6501::403 - 0ms - Response: {"status":403,"now":1721626535271}::{"message":"Access token missing"}
2024-07-22 12:35:37::error::/v1/api/user/me::a6f4ac5b-6c89-4250-823e-131906be6daf::403 - 0ms - Response: {"status":403,"now":1721626537564}::{"message":"Access token missing"}
2024-07-22 12:36:12::error::/v1/api/user/me::e3a87b67-2c71-422e-a108-79a0817be610::403 - 0ms - Response: {"status":403,"now":1721626572604}::{"message":"Access token missing"}
2024-07-22 12:36:14::error::/v1/api/user/me::b7f92aac-163e-4c45-9d14-0af5f1c5b006::403 - 0ms - Response: {"status":403,"now":1721626574806}::{"message":"Access token missing"}
2024-07-22 12:36:16::error::/v1/api/user/me::f208ec23-17f1-40de-be51-fa6a78995df8::403 - 0ms - Response: {"status":403,"now":1721626576713}::{"message":"Access token missing"}
2024-07-22 12:36:55::error::/v1/api/user/me::00999fcb-4145-4d64-9793-a2ea0bb9ebdd::403 - 0ms - Response: {"status":403,"now":1721626615842}::{"message":"Access token missing"}
2024-07-22 12:37:31::error::/v1/api/user/me::d4f8f617-89b0-408e-bb47-9cb8f8b8c75d::403 - 0ms - Response: {"status":403,"now":1721626651276}::{"message":"Access token missing"}
2024-07-22 12:37:32::error::/v1/api/user/me::ae1e929f-6ce2-463c-b5a6-59d4ea6b9ac0::403 - 0ms - Response: {"status":403,"now":1721626652029}::{"message":"Access token missing"}
2024-07-22 12:37:32::error::/v1/api/user/me::bba52e44-8788-4635-afc2-413052715ba9::403 - 0ms - Response: {"status":403,"now":1721626652237}::{"message":"Access token missing"}
2024-07-22 12:37:50::error::/v1/api/user/me::8f5f1639-fc2e-4284-a1e6-cbcee6deb3e1::403 - 0ms - Response: {"status":403,"now":1721626670680}::{"message":"Access token missing"}
2024-07-22 12:37:53::error::/v1/api/user/me::3dcd2f5d-386c-487e-8791-5710844cda6b::403 - 0ms - Response: {"status":403,"now":1721626673245}::{"message":"Access token missing"}
2024-07-22 12:38:17::error::/v1/api/user/me::830d6c54-e392-4676-b67f-3e7f1793bfd8::403 - 1ms - Response: {"status":403,"now":1721626697943}::{"message":"Access token missing"}
2024-07-22 12:38:19::error::/v1/api/user/me::88750671-900d-44fd-a6bd-0128e8ebc6ae::403 - 0ms - Response: {"status":403,"now":1721626699033}::{"message":"Access token missing"}
2024-07-22 12:38:20::error::/v1/api/user/me::d0361c2c-870d-4c8f-a6cc-765bf474d0b4::403 - 0ms - Response: {"status":403,"now":1721626700822}::{"message":"Access token missing"}
2024-07-22 12:38:23::error::/v1/api/user/me::6b6be99d-3f97-4e1e-bd49-b25712f3c682::403 - 0ms - Response: {"status":403,"now":1721626703215}::{"message":"Access token missing"}
2024-07-22 12:38:30::error::/v1/api/user/me::c002e7f1-8150-4895-b856-4611b1de0d30::403 - 0ms - Response: {"status":403,"now":1721626710580}::{"message":"Access token missing"}
2024-07-22 12:38:34::error::/v1/api/user/me::f258a3e8-c69b-4ec5-8cb5-1937de8aee10::403 - 0ms - Response: {"status":403,"now":1721626714053}::{"message":"Access token missing"}
2024-07-22 12:38:37::error::/v1/api/user/me::7e469953-0994-4b30-96e2-27d4ceb38778::403 - 0ms - Response: {"status":403,"now":1721626717086}::{"message":"Access token missing"}
2024-07-22 12:39:14::error::/v1/api/user/me::281d9166-71fc-42d9-a8d8-76a8a6eceabf::403 - 0ms - Response: {"status":403,"now":1721626754663}::{"message":"Access token missing"}
2024-07-22 12:39:16::error::/v1/api/user/me::69345edf-7dac-44bc-92c0-0fa66f27ffa1::403 - 0ms - Response: {"status":403,"now":1721626756443}::{"message":"Access token missing"}
2024-07-22 12:39:23::error::/v1/api/user/me::d8f67d0c-518d-4e80-95f4-ece577acbd89::403 - 0ms - Response: {"status":403,"now":1721626763401}::{"message":"Access token missing"}
2024-07-22 12:42:03::error::/v1/api/user/me::5ad47750-f6d7-4a32-819e-8e92ab5db62f::403 - 0ms - Response: {"status":403,"now":1721626923664}::{"message":"Access token missing"}
2024-07-22 12:42:43::error::/v1/api/user/me::8fa0b3e4-0200-42d3-9668-99d0c2bdf6c7::403 - 0ms - Response: {"status":403,"now":1721626963052}::{"message":"Access token missing"}
2024-07-22 12:42:50::error::/v1/api/user/me::f63c73e5-613c-496d-8b28-ec08ea42d00c::403 - 0ms - Response: {"status":403,"now":1721626970819}::{"message":"Access token missing"}
2024-07-22 12:45:51::error::/v1/api/user/me::483745c1-1bb8-466f-a423-24ab4ed74886::403 - 0ms - Response: {"status":403,"now":1721627151268}::{"message":"Access token missing"}
2024-07-22 12:46:05::error::/v1/api/user/me::dab372a4-f943-47c5-9353-bb56b203b1f0::403 - 0ms - Response: {"status":403,"now":1721627165620}::{"message":"Access token missing"}
2024-07-22 13:11:25::error::/v1/api/user/me::cb37c453-34d8-451d-809a-770bfe756039::403 - 0ms - Response: {"status":403,"now":1721628685696}::{"message":"Access token missing"}
2024-07-22 13:11:31::error::/v1/api/user/me::8a559b48-7ee6-462f-982d-0cb4c3fe6c30::403 - 0ms - Response: {"status":403,"now":1721628691287}::{"message":"Access token missing"}
2024-07-22 13:11:33::error::/v1/api/user/me::02887cfa-c511-4ff5-a3fb-a1e219dbc658::403 - 0ms - Response: {"status":403,"now":1721628693649}::{"message":"Access token missing"}
2024-07-22 13:11:42::error::/v1/api/user/me::edfe3d10-933c-467a-a5e8-0c2439fcfc02::403 - 0ms - Response: {"status":403,"now":1721628702331}::{"message":"Access token missing"}
2024-07-22 13:11:43::error::/v1/api/user/me::3ae70a91-4c3e-43d9-bf7f-af3df96dd166::403 - 0ms - Response: {"status":403,"now":1721628703723}::{"message":"Access token missing"}
2024-07-22 13:32:38::error::/v1/api/user/me::05e9d0f0-e038-490f-b448-4a39e801f299::403 - 0ms - Response: {"status":403,"now":1721629958080}::{"message":"Access token missing"}
2024-07-22 13:32:42::error::/v1/api/auth/users/login::e465a1f5-df1b-4442-a9cb-508dcb8eecf5::401 - 0ms - Response: {"status":401,"now":1721629962921}::{"message":"Tài khoản hoặc mật khẩu không chính xác"}
2024-07-22 13:32:52::error::/v1/api/user/me::d46c037b-5b10-481c-9ac8-c69acb192c34::403 - 0ms - Response: {"status":403,"now":1721629972920}::{"message":"Access token missing"}
2024-07-22 13:32:53::error::/v1/api/user/me::ae5db1aa-3c5d-4488-94b0-f22bb4c8a734::403 - 0ms - Response: {"status":403,"now":1721629973902}::{"message":"Access token missing"}
2024-07-22 13:32:57::error::/v1/api/auth/users/login::f68c81fe-81ad-4280-81c4-5079e5980312::401 - 1ms - Response: {"status":401,"now":1721629977234}::{"message":"Tài khoản hoặc mật khẩu không chính xác"}
2024-07-22 13:33:14::error::/v1/api/user/me::0300ff3e-60c4-462d-83b8-ddefb4fb23c5::403 - 1ms - Response: {"status":403,"now":1721629994419}::{"message":"Access token missing"}
2024-07-22 13:33:15::error::/v1/api/auth/users/login::68a07e47-005e-4402-a005-e9a19c7dd4a0::401 - 0ms - Response: {"status":401,"now":1721629995638}::{"message":"Tài khoản hoặc mật khẩu không chính xác"}
2024-07-22 13:33:24::error::/v1/api/user/me::667f7b10-8a5d-4efa-af8d-f2e51629d6e4::403 - 0ms - Response: {"status":403,"now":1721630004033}::{"message":"Access token missing"}
2024-07-22 13:33:31::error::/v1/api/order/readTalentOrderHistory::2c5bef0b-4c61-4d0f-9a32-b942e6957b95::403 - 0ms - Response: {"status":403,"now":1721630011160}::{"message":"You are not a talent!"}
2024-07-22 13:33:37::error::/v1/api/order/readTalentOrderHistory::07c47075-2849-4789-b840-37ec41400e14::403 - 1ms - Response: {"status":403,"now":1721630017043}::{"message":"You are not a talent!"}
2024-07-22 13:33:54::error::/v1/api/order/readTalentOrderHistory::d2e1f472-2ebc-47c1-a6f3-6183a495c6ec::403 - 0ms - Response: {"status":403,"now":1721630034643}::{"message":"You are not a talent!"}
2024-07-22 13:34:03::error::/v1/api/order/readTalentOrderHistory::79289a21-dbfe-4168-885e-ee5bf569f169::403 - 0ms - Response: {"status":403,"now":1721630043588}::{"message":"You are not a talent!"}
2024-07-22 13:34:04::error::/v1/api/order/readTalentOrderHistory::f3fe1297-255c-40dc-aa67-ab86538f7774::403 - 0ms - Response: {"status":403,"now":1721630044789}::{"message":"You are not a talent!"}
2024-07-22 13:34:10::error::/v1/api/order/readTalentOrderHistory::0ed03a55-7e6d-4311-8881-08f125e9d2c0::403 - 0ms - Response: {"status":403,"now":1721630050671}::{"message":"You are not a talent!"}
2024-07-22 13:35:01::error::/v1/api/order/readTalentOrderHistory::62443d31-3def-44d4-865f-43b012d7db56::403 - 0ms - Response: {"status":403,"now":1721630101459}::{"message":"You are not a talent!"}
2024-07-22 13:35:05::error::/v1/api/order/readTalentOrderHistory::897ef169-a397-4380-b800-98205dd3c733::403 - 0ms - Response: {"status":403,"now":1721630105105}::{"message":"You are not a talent!"}
2024-07-22 13:35:13::error::/v1/api/order/readTalentOrderHistory::619d666f-d8fe-4985-9775-6728dd3a95c0::403 - 0ms - Response: {"status":403,"now":1721630113971}::{"message":"You are not a talent!"}
2024-07-22 13:35:19::error::/v1/api/order/readTalentOrderHistory::caa1aacc-8ba5-4c18-bc7b-c51f174ac9aa::403 - 0ms - Response: {"status":403,"now":1721630119765}::{"message":"You are not a talent!"}
2024-07-22 13:35:25::error::/v1/api/order/readTalentOrderHistory::8012ce33-34cb-4725-a664-9b3bd1a2d8bd::403 - 0ms - Response: {"status":403,"now":1721630125873}::{"message":"You are not a talent!"}
2024-07-22 13:40:40::error::/v1/api/order/readTalentOrderHistory::1931e9c4-c11e-4179-8461-24eb96bf3207::403 - 0ms - Response: {"status":403,"now":1721630440948}::{"message":"You are not a talent!"}
2024-07-22 13:42:33::error::/v1/api/order/readTalentOrderHistory::d2b7115d-df45-4edd-aba7-dde84b35002b::403 - 0ms - Response: {"status":403,"now":1721630553988}::{"message":"You are not a talent!"}
2024-07-22 13:42:41::error::/v1/api/order/readTalentOrderHistory::54f14d47-5673-4237-8745-ccdba1ff109c::403 - 0ms - Response: {"status":403,"now":1721630561924}::{"message":"You are not a talent!"}
2024-07-22 13:42:51::error::/v1/api/order/readTalentOrderHistory::55d9ead1-788d-4701-88e4-8f8b42aae8cd::403 - 0ms - Response: {"status":403,"now":1721630571259}::{"message":"You are not a talent!"}
2024-07-22 13:43:05::error::/v1/api/order/readTalentOrderHistory::9b3b89c7-36fe-4163-86fa-c6cb9483215a::403 - 0ms - Response: {"status":403,"now":1721630585630}::{"message":"You are not a talent!"}
2024-07-22 13:43:20::error::/v1/api/order/readTalentOrderHistory::bb36803f-ad96-4543-ae39-bea701de5363::403 - 0ms - Response: {"status":403,"now":1721630600577}::{"message":"You are not a talent!"}
2024-07-22 13:43:30::error::/v1/api/order/readTalentOrderHistory::033ee795-970e-4a4a-9155-2d175eaad9c5::403 - 0ms - Response: {"status":403,"now":1721630610715}::{"message":"You are not a talent!"}
2024-07-22 13:43:35::error::/v1/api/order/readTalentOrderHistory::079ff008-81d5-4c80-bba0-aceb6e51f548::403 - 0ms - Response: {"status":403,"now":1721630615532}::{"message":"You are not a talent!"}
2024-07-22 13:44:48::error::/v1/api/order/readTalentOrderHistory::849056e7-c7aa-4609-bf89-4684caa22198::403 - 0ms - Response: {"status":403,"now":1721630688180}::{"message":"You are not a talent!"}
2024-07-22 13:52:18::error::/v1/api/order/readTalentOrderHistory::ff6e7833-e363-4032-9223-5a0a848c90df::403 - 0ms - Response: {"status":403,"now":1721631138405}::{"message":"You are not a talent!"}
2024-07-22 13:52:23::error::/v1/api/order/readTalentOrderHistory::fa4d179e-81ea-467e-9b60-5c018e0ac3ff::403 - 0ms - Response: {"status":403,"now":1721631143084}::{"message":"You are not a talent!"}
2024-07-22 13:52:36::error::/v1/api/order/readTalentOrderHistory::3eb6526a-6f51-4d2f-bdc2-dfd27cbe19d4::403 - 0ms - Response: {"status":403,"now":1721631156581}::{"message":"You are not a talent!"}
2024-07-22 13:58:24::error::/v1/api/order/readTalentOrderHistory::d6af6d26-b8b8-4174-8fcd-a247b4a0f8e6::403 - 0ms - Response: {"status":403,"now":1721631504490}::{"message":"You are not a talent!"}
2024-07-22 13:58:42::error::/v1/api/order/readTalentOrderHistory::17592760-0723-4b2b-b999-c3f70735afce::403 - 0ms - Response: {"status":403,"now":1721631522813}::{"message":"You are not a talent!"}
2024-07-22 13:58:54::error::/v1/api/order/readTalentOrderHistory::1596ac4d-7b40-4e7f-b758-8b9a3970c63f::403 - 0ms - Response: {"status":403,"now":1721631534460}::{"message":"You are not a talent!"}
2024-07-22 13:59:49::error::/v1/api/order/readTalentOrderHistory::c0b60f1d-f621-40ca-a846-12211c84976d::403 - 0ms - Response: {"status":403,"now":1721631589926}::{"message":"You are not a talent!"}
2024-07-22 13:59:55::error::/v1/api/order/readTalentOrderHistory::7dd67c80-96fb-4548-b1f8-8a19dce1c01d::403 - 1ms - Response: {"status":403,"now":1721631595238}::{"message":"You are not a talent!"}
2024-07-22 14:00:00::error::/v1/api/order/readTalentOrderHistory::a830e151-7053-44a9-96e2-7c831f1de4f0::403 - 0ms - Response: {"status":403,"now":1721631600282}::{"message":"You are not a talent!"}
2024-07-22 14:01:21::error::/v1/api/order/readTalentOrderHistory::e5868098-3e6e-49a1-9f24-ca368eaa21db::403 - 0ms - Response: {"status":403,"now":1721631681109}::{"message":"You are not a talent!"}
2024-07-22 14:01:26::error::/v1/api/order/readTalentOrderHistory::70720cd2-487c-49d1-b0c9-d1ccff6b11df::403 - 0ms - Response: {"status":403,"now":1721631686788}::{"message":"You are not a talent!"}
2024-07-22 14:01:27::error::/v1/api/order/readTalentOrderHistory::346b95a3-3d60-493f-a8a4-03ee5815513b::403 - 0ms - Response: {"status":403,"now":1721631687973}::{"message":"You are not a talent!"}
2024-07-22 14:01:38::error::/v1/api/order/readTalentOrderHistory::9778fc51-f8a8-47c2-b009-20d823e2b1d6::403 - 0ms - Response: {"status":403,"now":1721631698543}::{"message":"You are not a talent!"}
2024-07-22 14:01:47::error::/v1/api/order/readTalentOrderHistory::6cf7e321-6d59-4666-abd4-1f6189446990::403 - 0ms - Response: {"status":403,"now":1721631707403}::{"message":"You are not a talent!"}
2024-07-22 14:13:07::error::/v1/api/order/readTalentOrderHistory::606d11db-4af1-4170-97b0-786595898660::403 - 0ms - Response: {"status":403,"now":1721632387482}::{"message":"You are not a talent!"}
2024-07-22 14:16:10::error::/v1/api/order/readTalentOrderHistory::e8a0dc26-b92f-4514-9892-cf0abcf654ed::403 - 0ms - Response: {"status":403,"now":1721632570184}::{"message":"You are not a talent!"}
2024-07-22 14:37:32::error::/v1/api/order/readTalentOrderHistory::b5012c25-46b4-47bd-a3b3-a59afc05540f::403 - 0ms - Response: {"status":403,"now":1721633852179}::{"message":"You are not a talent!"}
2024-07-22 14:37:32::error::/v1/api/order/readTalentOrderHistory::30ec6653-7f9b-4861-ace1-45cfe3089eb9::403 - 0ms - Response: {"status":403,"now":1721633852983}::{"message":"You are not a talent!"}
2024-07-22 14:37:34::error::/v1/api/order/readTalentOrderHistory::a8ef89cb-04ab-4204-9752-0804299b9b1b::403 - 0ms - Response: {"status":403,"now":1721633854287}::{"message":"You are not a talent!"}
2024-07-22 14:48:09::error::/v1/api/talentRequest/readTalentRequestStatus::5b3522bf-0d65-4c8f-a932-5dc4a6348321::404 - 0ms - Response: {"status":404,"now":1721634489593}::{"message":"Talent request not found"}
2024-07-22 14:48:09::error::/v1/api/talentRequest/readTalentRequestStatus::b3c7be64-d587-4be9-97f1-345169eb71f6::404 - 0ms - Response: {"status":404,"now":1721634489598}::{"message":"Talent request not found"}
2024-07-22 14:48:12::error::/v1/api/talentRequest/readTalentRequestStatus::9edecabf-9314-4efe-9ca6-750b99aecece::404 - 0ms - Response: {"status":404,"now":1721634492732}::{"message":"Talent request not found"}
2024-07-22 14:48:12::error::/v1/api/talentRequest/readTalentRequestStatus::2635be19-619b-4a99-83f0-9db0da34a73c::404 - 0ms - Response: {"status":404,"now":1721634492745}::{"message":"Talent request not found"}
2024-07-22 14:48:12::error::/v1/api/talentRequest/readTalentRequestStatus::1f243635-9560-49f1-906d-ee652a7b5d2c::404 - 0ms - Response: {"status":404,"now":1721634492749}::{"message":"Talent request not found"}
2024-07-22 14:48:17::error::/v1/api/talentRequest/readTalentRequestStatus::6c4f1ea7-f045-434d-840b-d5c8f8befb82::404 - 0ms - Response: {"status":404,"now":1721634497565}::{"message":"Talent request not found"}
2024-07-22 14:48:17::error::/v1/api/talentRequest/readTalentRequestStatus::1aca9e55-ae74-447f-a172-cb9e00f64cb8::404 - 0ms - Response: {"status":404,"now":1721634497578}::{"message":"Talent request not found"}
2024-07-22 14:48:17::error::/v1/api/talentRequest/readTalentRequestStatus::af7a4c30-e42b-47c1-8c1d-3408f3bff4ba::404 - 0ms - Response: {"status":404,"now":1721634497582}::{"message":"Talent request not found"}
2024-07-22 14:48:21::error::/v1/api/talentRequest/readTalentRequestStatus::58f0ac60-15dd-4d3c-ad95-eb4596f957c2::404 - 0ms - Response: {"status":404,"now":1721634501922}::{"message":"Talent request not found"}
2024-07-22 14:48:21::error::/v1/api/talentRequest/readTalentRequestStatus::dcc724c3-ecdc-4613-8244-e692143d457f::404 - 0ms - Response: {"status":404,"now":1721634501949}::{"message":"Talent request not found"}
2024-07-22 14:48:21::error::/v1/api/talentRequest/readTalentRequestStatus::ff2dbd3e-6c14-4b0e-b231-7dd97ce459e8::404 - 0ms - Response: {"status":404,"now":1721634501957}::{"message":"Talent request not found"}
2024-07-22 14:48:38::error::/v1/api/talentRequest/readTalentRequestStatus::02eeee1c-0220-4c92-908f-2e085656c6d5::404 - 0ms - Response: {"status":404,"now":1721634518734}::{"message":"Talent request not found"}
2024-07-22 14:48:38::error::/v1/api/talentRequest/readTalentRequestStatus::73e79dc7-c644-450b-8deb-f99c09f9da3c::404 - 0ms - Response: {"status":404,"now":1721634518748}::{"message":"Talent request not found"}
2024-07-22 14:48:38::error::/v1/api/talentRequest/readTalentRequestStatus::57d9bd65-cd34-4c7d-a763-fc25326ce9a7::404 - 0ms - Response: {"status":404,"now":1721634518753}::{"message":"Talent request not found"}
2024-07-22 14:48:39::error::/v1/api/talentRequest/readTalentRequestStatus::df493abf-2d1f-41e7-86ea-04999b607e0c::404 - 0ms - Response: {"status":404,"now":1721634519854}::{"message":"Talent request not found"}
2024-07-22 14:48:40::error::/v1/api/talentRequest/readTalentRequestStatus::e8572114-b94d-4958-918a-da032d287c93::404 - 0ms - Response: {"status":404,"now":1721634520018}::{"message":"Talent request not found"}
2024-07-22 14:48:40::error::/v1/api/talentRequest/readTalentRequestStatus::854f5ed9-b9bc-4bd0-ab84-9bcbdc640b78::404 - 0ms - Response: {"status":404,"now":1721634520052}::{"message":"Talent request not found"}
2024-07-22 14:48:40::error::/v1/api/talentRequest/readTalentRequestStatus::3fb2f67f-7e36-48fd-8382-a0a70ce25186::404 - 0ms - Response: {"status":404,"now":1721634520261}::{"message":"Talent request not found"}
2024-07-22 14:48:40::error::/v1/api/talentRequest/readTalentRequestStatus::d5153829-e302-4897-b345-5d328e88be4a::404 - 0ms - Response: {"status":404,"now":1721634520600}::{"message":"Talent request not found"}
2024-07-22 14:48:40::error::/v1/api/talentRequest/readTalentRequestStatus::99f890dd-a7a5-4931-a20a-ba54addfcbcc::404 - 0ms - Response: {"status":404,"now":1721634520847}::{"message":"Talent request not found"}
2024-07-22 14:48:41::error::/v1/api/talentRequest/readTalentRequestStatus::87fed4e5-3731-432a-a25d-ab53ccae86cf::404 - 0ms - Response: {"status":404,"now":1721634521090}::{"message":"Talent request not found"}
2024-07-22 14:48:42::error::/v1/api/talentRequest/readTalentRequestStatus::42452d62-f841-4693-a1ae-b19fb3092fb2::404 - 0ms - Response: {"status":404,"now":1721634522175}::{"message":"Talent request not found"}
2024-07-22 14:48:42::error::/v1/api/talentRequest/readTalentRequestStatus::9f2ccdb8-3ecd-49e2-a1db-3c636cbca8e0::404 - 0ms - Response: {"status":404,"now":1721634522482}::{"message":"Talent request not found"}
2024-07-22 14:48:42::error::/v1/api/talentRequest/readTalentRequestStatus::3b65c0f0-0719-4f29-8c0d-f478792855d7::404 - 0ms - Response: {"status":404,"now":1721634522675}::{"message":"Talent request not found"}
2024-07-22 14:48:46::error::/v1/api/talentRequest/readTalentRequestStatus::b14cac85-c8a5-4f46-b30d-76d758f0c072::404 - 0ms - Response: {"status":404,"now":1721634526221}::{"message":"Talent request not found"}
2024-07-22 14:48:46::error::/v1/api/talentRequest/readTalentRequestStatus::eb7f1a6c-967f-4497-b5b1-5e80ea0205c5::404 - 0ms - Response: {"status":404,"now":1721634526233}::{"message":"Talent request not found"}
2024-07-22 14:48:46::error::/v1/api/talentRequest/readTalentRequestStatus::15a7f1d6-f836-4cf6-ad76-de88f3537855::404 - 0ms - Response: {"status":404,"now":1721634526237}::{"message":"Talent request not found"}
2024-07-22 14:48:46::error::/v1/api/talentRequest/readTalentRequestStatus::d3cc76bb-595a-4439-a667-01c5ed4b9916::404 - 0ms - Response: {"status":404,"now":1721634526835}::{"message":"Talent request not found"}
2024-07-22 14:48:49::error::/v1/api/talentRequest/readTalentRequestStatus::35495870-d22a-402f-8c9b-54e5eb3b77c1::404 - 0ms - Response: {"status":404,"now":1721634529338}::{"message":"Talent request not found"}
2024-07-22 14:48:49::error::/v1/api/talentRequest/readTalentRequestStatus::d44f7003-fd44-4f71-bb4a-76fc85c9991a::404 - 0ms - Response: {"status":404,"now":1721634529802}::{"message":"Talent request not found"}
2024-07-22 14:48:49::error::/v1/api/talentRequest/readTalentRequestStatus::6731f41f-300f-4270-ac3f-d57b03befe82::404 - 0ms - Response: {"status":404,"now":1721634529949}::{"message":"Talent request not found"}
2024-07-22 14:48:50::error::/v1/api/talentRequest/readTalentRequestStatus::1274229b-17b2-4021-9257-1f66dfa7fa4f::404 - 0ms - Response: {"status":404,"now":1721634530050}::{"message":"Talent request not found"}
2024-07-22 14:48:50::error::/v1/api/talentRequest/readTalentRequestStatus::268d2c2f-68fd-4794-b2c5-6a0a66adf2f7::404 - 0ms - Response: {"status":404,"now":1721634530175}::{"message":"Talent request not found"}
2024-07-22 14:48:50::error::/v1/api/talentRequest/readTalentRequestStatus::a2a1abe4-4b9b-4741-8a94-29b9168135ab::404 - 0ms - Response: {"status":404,"now":1721634530268}::{"message":"Talent request not found"}
2024-07-22 14:48:50::error::/v1/api/talentRequest/readTalentRequestStatus::fe742394-2089-4232-878d-a19d1551a463::404 - 0ms - Response: {"status":404,"now":1721634530455}::{"message":"Talent request not found"}
2024-07-22 14:48:51::error::/v1/api/talentRequest/readTalentRequestStatus::727a0403-46e0-41ed-a2c4-2e315b013fa9::404 - 0ms - Response: {"status":404,"now":1721634531213}::{"message":"Talent request not found"}
2024-07-22 14:48:51::error::/v1/api/talentRequest/readTalentRequestStatus::ab6e65d9-d905-4574-a970-53450d9bb504::404 - 0ms - Response: {"status":404,"now":1721634531431}::{"message":"Talent request not found"}
2024-07-22 14:48:53::error::/v1/api/talentRequest/readTalentRequestStatus::97e1e39f-d629-4d32-a35c-ef761b3ed1bd::404 - 0ms - Response: {"status":404,"now":1721634533145}::{"message":"Talent request not found"}
2024-07-22 14:48:53::error::/v1/api/talentRequest/readTalentRequestStatus::b531cb56-d3cc-4cc2-87de-66d45436ec58::404 - 0ms - Response: {"status":404,"now":1721634533546}::{"message":"Talent request not found"}
2024-07-22 14:48:53::error::/v1/api/talentRequest/readTalentRequestStatus::6522b515-f91c-422d-b2bb-d8cf4e565d0b::404 - 0ms - Response: {"status":404,"now":1721634533717}::{"message":"Talent request not found"}
2024-07-22 14:48:53::error::/v1/api/talentRequest/readTalentRequestStatus::85fbc988-8375-4e27-ad33-da16ea1371d9::404 - 0ms - Response: {"status":404,"now":1721634533851}::{"message":"Talent request not found"}
2024-07-22 14:48:53::error::/v1/api/talentRequest/readTalentRequestStatus::fe87d737-e753-4194-af4b-e94ce2b94441::404 - 0ms - Response: {"status":404,"now":1721634533898}::{"message":"Talent request not found"}
2024-07-22 14:48:54::error::/v1/api/talentRequest/readTalentRequestStatus::ecc6c30d-7517-4572-ba55-c36549ff3d7b::404 - 0ms - Response: {"status":404,"now":1721634534090}::{"message":"Talent request not found"}
2024-07-22 14:48:54::error::/v1/api/talentRequest/readTalentRequestStatus::a199bf1b-29f7-4b31-8ef8-ef37cbbdc9e6::404 - 0ms - Response: {"status":404,"now":1721634534255}::{"message":"Talent request not found"}
2024-07-22 14:48:54::error::/v1/api/talentRequest/readTalentRequestStatus::7285fd9b-2711-4604-901f-4d4ac73ae5b5::404 - 0ms - Response: {"status":404,"now":1721634534325}::{"message":"Talent request not found"}
2024-07-22 14:48:58::error::/v1/api/talentRequest/readTalentRequestStatus::3c7b78a0-4ecf-47e8-8fe8-4b9372da4e46::404 - 0ms - Response: {"status":404,"now":1721634538977}::{"message":"Talent request not found"}
2024-07-22 14:48:58::error::/v1/api/talentRequest/readTalentRequestStatus::dfb9329c-dd2c-4beb-baa7-fe9ad1a0bc1e::404 - 0ms - Response: {"status":404,"now":1721634538987}::{"message":"Talent request not found"}
2024-07-22 14:48:58::error::/v1/api/talentRequest/readTalentRequestStatus::a38fc995-3e37-4661-8787-576ac8bbf570::404 - 0ms - Response: {"status":404,"now":1721634538993}::{"message":"Talent request not found"}
2024-07-22 14:48:59::error::/v1/api/talentRequest/readTalentRequestStatus::d525fed6-5d65-498a-aa6e-0ceea171aadc::404 - 0ms - Response: {"status":404,"now":1721634539008}::{"message":"Talent request not found"}
2024-07-22 21:05:29::error::/v1/api/order/readTalentOrderHistory::d209d157-efb3-4cc9-bcfb-0f6c899ad6ce::403 - 2ms - Response: {"status":403,"now":1721657129200}::{"message":"You are not a talent!"}
2024-07-22 21:15:50::error::/v1/api/order/readTalentOrderHistory::b941bc63-145b-4df9-ae6d-d048d890770e::403 - 1ms - Response: {"status":403,"now":1721657750557}::{"message":"You are not a talent!"}
2024-07-22 21:15:57::error::/v1/api/order/readTalentOrderHistory::6383432e-04b1-4054-a443-226b8ec3cf68::403 - 0ms - Response: {"status":403,"now":1721657757407}::{"message":"You are not a talent!"}
2024-07-22 21:16:05::error::/v1/api/order/readTalentOrderHistory::f1f474be-df1e-4271-b7a1-35b4d00b31d4::403 - 1ms - Response: {"status":403,"now":1721657765191}::{"message":"You are not a talent!"}
2024-07-22 21:16:10::error::/v1/api/order/readTalentOrderHistory::497a9230-f6f7-441e-984f-55e24f76bdc8::403 - 0ms - Response: {"status":403,"now":1721657770384}::{"message":"You are not a talent!"}
2024-07-22 21:16:26::error::/v1/api/order/readTalentOrderHistory::976f9927-c6ed-424b-81ab-0b9030fee8a7::403 - 0ms - Response: {"status":403,"now":1721657786239}::{"message":"You are not a talent!"}
2024-07-22 21:16:26::error::/v1/api/order/readTalentOrderHistory::b40f9d05-d145-4bd5-9416-a259870bfd76::403 - 0ms - Response: {"status":403,"now":1721657786978}::{"message":"You are not a talent!"}
2024-07-22 21:17:38::error::/v1/api/order/readTalentOrderHistory::6dae2ae0-1180-4b1d-9b0e-5e6d49e7611f::403 - 0ms - Response: {"status":403,"now":1721657858494}::{"message":"You are not a talent!"}
2024-07-22 21:21:46::error::/v1/api/order/readTalentOrderHistory::bdb8d944-c712-4d79-b522-216bda61f19e::403 - 1ms - Response: {"status":403,"now":1721658106928}::{"message":"You are not a talent!"}
2024-07-22 21:21:56::error::/v1/api/order/readTalentOrderHistory::5f80d51d-fd3c-4d9a-bfc3-4d4c9c5d1073::403 - 1ms - Response: {"status":403,"now":1721658116441}::{"message":"You are not a talent!"}
2024-07-22 21:22:00::error::/v1/api/order/readTalentOrderHistory::63780b24-0a69-4b20-9b6d-6e80d3b5ee3a::403 - 0ms - Response: {"status":403,"now":1721658120427}::{"message":"You are not a talent!"}
2024-07-22 21:22:16::error::/v1/api/order/readTalentOrderHistory::146f4b3e-0914-408a-bccc-e3a053dbbb8c::403 - 0ms - Response: {"status":403,"now":1721658136258}::{"message":"You are not a talent!"}
2024-07-22 21:22:57::error::/v1/api/order/readTalentOrderHistory::c8d0ac26-d4dc-4964-9649-2909b8bdeee1::403 - 0ms - Response: {"status":403,"now":1721658177200}::{"message":"You are not a talent!"}
2024-07-22 21:22:58::error::/v1/api/order/readTalentOrderHistory::0332262a-fe79-4d13-abdf-b016ace53a64::403 - 0ms - Response: {"status":403,"now":1721658178164}::{"message":"You are not a talent!"}
2024-07-22 21:23:03::error::/v1/api/order/readTalentOrderHistory::92013845-0023-4660-8842-ec22670b688c::403 - 0ms - Response: {"status":403,"now":1721658183144}::{"message":"You are not a talent!"}
2024-07-22 21:23:53::error::/v1/api/order/readTalentOrderHistory::cbe52a98-2438-4ed5-bc78-c898b4f9be55::403 - 0ms - Response: {"status":403,"now":1721658233166}::{"message":"You are not a talent!"}
2024-07-22 21:24:00::error::/v1/api/order/readTalentOrderHistory::cb80b6bb-b97b-4a78-ac4b-8f033199e2d8::403 - 1ms - Response: {"status":403,"now":1721658240134}::{"message":"You are not a talent!"}
2024-07-22 21:24:01::error::/v1/api/order/readTalentOrderHistory::6549a00c-2962-4bd4-92e0-1ec1e5b6f791::403 - 0ms - Response: {"status":403,"now":1721658241393}::{"message":"You are not a talent!"}
2024-07-22 21:26:29::error::/v1/api/order/readTalentOrderHistory::5f5cfd09-a9f0-4ca3-b7ed-e5734b0617b6::403 - 0ms - Response: {"status":403,"now":1721658389916}::{"message":"You are not a talent!"}
2024-07-22 21:26:36::error::/v1/api/order/readTalentOrderHistory::86a20642-90d5-49c5-ae22-ca89fe433ef2::403 - 0ms - Response: {"status":403,"now":1721658396033}::{"message":"You are not a talent!"}
2024-07-22 21:27:03::error::/v1/api/order/readTalentOrderHistory::918f7b9f-6446-4535-803e-acca888a551b::403 - 1ms - Response: {"status":403,"now":1721658423299}::{"message":"You are not a talent!"}
2024-07-22 21:27:11::error::/v1/api/order/readTalentOrderHistory::35c0131f-f461-4351-99e3-515628c43740::403 - 0ms - Response: {"status":403,"now":1721658431176}::{"message":"You are not a talent!"}
2024-07-22 21:27:12::error::/v1/api/order/readTalentOrderHistory::837c94fd-4c74-49ac-967d-48ac6a1db7a2::403 - 0ms - Response: {"status":403,"now":1721658432391}::{"message":"You are not a talent!"}
2024-07-22 21:27:14::error::/v1/api/order/readTalentOrderHistory::1e818dff-ee0e-4fbc-b0cb-cb8cdc5d0ace::403 - 0ms - Response: {"status":403,"now":1721658434214}::{"message":"You are not a talent!"}
2024-07-22 21:27:21::error::/v1/api/order/readTalentOrderHistory::716e9330-5335-48e2-a519-eb830bc1f2ec::403 - 0ms - Response: {"status":403,"now":1721658441148}::{"message":"You are not a talent!"}
2024-07-22 21:27:50::error::/v1/api/order/readTalentOrderHistory::2c9df089-9e71-498c-be78-84032e30479a::403 - 0ms - Response: {"status":403,"now":1721658470171}::{"message":"You are not a talent!"}
2024-07-22 21:29:06::error::/v1/api/order/readTalentOrderHistory::7fb00d44-8942-49fa-9a51-c9488eea3a29::403 - 0ms - Response: {"status":403,"now":1721658546921}::{"message":"You are not a talent!"}
