2024-10-23 08:12:37::error::/v1/api/user/me::75a40c55-b7cf-4005-9174-0f611a942caa::403 - 1ms - Response: {"status":403,"now":1729645957685}::{"message":"Access token missing"}
2024-10-23 08:12:52::error::/v1/api/user/me::e1ff2344-e431-475e-9e0d-47c828c9bcfa::403 - 1ms - Response: {"status":403,"now":1729645972708}::{"message":"Access token missing"}
2024-10-23 08:13:56::error::/v1/api/user/me::2a0080e4-7347-47bd-9f6f-176045623622::403 - 1ms - Response: {"status":403,"now":1729646036595}::{"message":"Access token missing"}
2024-10-23 08:14:09::error::/v1/api/user/me::1d5bad69-f00b-4606-a0d8-89e974a573cd::403 - 0ms - Response: {"status":403,"now":1729646049549}::{"message":"Access token missing"}
2024-10-23 08:14:20::error::/v1/api/user/me::a11d761f-80e6-4c8b-9b06-2a4a7a6b60e2::403 - 0ms - Response: {"status":403,"now":1729646060393}::{"message":"Access token missing"}
2024-10-23 08:14:22::error::/v1/api/user/me::922a0e2f-5b49-4088-bd08-af1a32bae34e::403 - 0ms - Response: {"status":403,"now":1729646062558}::{"message":"Access token missing"}
2024-10-23 08:14:56::error::/v1/api/user/me::251c3b47-f6d7-46f9-9a6e-d5742ccd7515::403 - 0ms - Response: {"status":403,"now":1729646096839}::{"message":"Access token missing"}
2024-10-23 08:15:18::error::/v1/api/user/me::9fbec51f-aa28-4eea-84dd-2f2acb84e614::403 - 0ms - Response: {"status":403,"now":1729646118439}::{"message":"Access token missing"}
2024-10-23 08:15:42::error::/v1/api/user/me::f7bf4a9c-c5e0-44f0-80d7-7b54d27d366e::403 - 0ms - Response: {"status":403,"now":1729646142569}::{"message":"Access token missing"}
2024-10-23 08:15:49::error::/v1/api/user/me::387f5974-38f8-457b-946d-a17f979508c0::403 - 0ms - Response: {"status":403,"now":1729646149936}::{"message":"Access token missing"}
2024-10-23 08:16:46::error::/v1/api/user/me::f7514fcf-51be-4a70-b4a8-8341ea8f70dd::403 - 1ms - Response: {"status":403,"now":1729646206326}::{"message":"Access token missing"}
2024-10-23 08:16:47::error::/v1/api/user/me::0c103317-ede9-4aff-8789-7f2bf45ecbeb::403 - 0ms - Response: {"status":403,"now":1729646207387}::{"message":"Access token missing"}
2024-10-23 08:17:00::error::/v1/api/user/me::e3676a79-afba-4345-a9a6-f88511d1e6ef::403 - 1ms - Response: {"status":403,"now":1729646220562}::{"message":"Access token missing"}
2024-10-23 08:17:01::error::/v1/api/user/me::4e6aa5c5-d2ef-4e94-87ab-c39e65701dc9::403 - 0ms - Response: {"status":403,"now":1729646221485}::{"message":"Access token missing"}
2024-10-23 08:17:16::error::/v1/api/user/me::604b4455-1948-481e-b081-1b9946d20bbb::403 - 0ms - Response: {"status":403,"now":1729646236761}::{"message":"Access token missing"}
2024-10-23 08:17:19::error::/v1/api/user/me::7d743779-16b8-4b2f-9836-48eb8e47de9f::403 - 0ms - Response: {"status":403,"now":1729646238999}::{"message":"Access token missing"}
2024-10-23 08:17:32::error::/v1/api/user/me::c9653480-874e-4cab-87f5-1232c7eef9d9::403 - 0ms - Response: {"status":403,"now":1729646252256}::{"message":"Access token missing"}
2024-10-23 08:17:44::error::/v1/api/user/me::f25987ce-cbba-448a-90ce-6a82ff47627f::403 - 0ms - Response: {"status":403,"now":1729646264925}::{"message":"Access token missing"}
2024-10-23 08:17:45::error::/v1/api/user/me::a14b685f-5793-4b6d-b8c9-84e97e27c9c4::403 - 1ms - Response: {"status":403,"now":1729646265880}::{"message":"Access token missing"}
2024-10-23 08:18:16::error::/v1/api/user/me::65249657-da02-432f-bc72-717707381f66::403 - 1ms - Response: {"status":403,"now":1729646296396}::{"message":"Access token missing"}
2024-10-23 08:19:27::error::/v1/api/user/me::49edcf0b-d26f-417f-b796-a99123f1d462::403 - 1ms - Response: {"status":403,"now":1729646367651}::{"message":"Access token missing"}
2024-10-23 08:19:28::error::/v1/api/user/me::ef37a267-86be-4f83-b853-f5d97011145b::403 - 0ms - Response: {"status":403,"now":1729646368118}::{"message":"Access token missing"}
2024-10-23 08:19:41::error::/v1/api/user/me::d871267a-1804-4d7f-9d0f-fb95725704df::403 - 1ms - Response: {"status":403,"now":1729646381609}::{"message":"Access token missing"}
2024-10-23 08:19:44::error::/v1/api/user/me::755d2902-5827-409f-aaed-b8d35a5a9d82::403 - 0ms - Response: {"status":403,"now":1729646384836}::{"message":"Access token missing"}
2024-10-23 08:20:13::error::/v1/api/user/me::ff201218-bcbb-4d69-bb11-21ef1c785582::403 - 0ms - Response: {"status":403,"now":1729646413386}::{"message":"Access token missing"}
2024-10-23 08:20:23::error::/v1/api/user/me::841e28a5-5493-4735-af4e-0ab19ec2db90::403 - 0ms - Response: {"status":403,"now":1729646423398}::{"message":"Access token missing"}
2024-10-23 08:22:08::error::/v1/api/user/me::020a5409-0d4e-4411-b1e2-e1ce14cce4d0::403 - 0ms - Response: {"status":403,"now":1729646528739}::{"message":"Access token missing"}
2024-10-23 08:22:40::error::/v1/api/proposal/readProposal/67132e4361079d0dea773aaf::f703a598-8c3f-43ab-a012-c795b6f805a6::401 - 1ms - Response: {"status":401,"now":1729646560294}::{"message":"Bạn cần đăng nhập để thực hiện thao tác này"}
2024-10-23 08:22:47::error::/v1/api/proposal/readProposal/67132d14d708ad972491cb7c::734bd0d5-23c5-4b4e-a536-ad3f1d16494c::401 - 1ms - Response: {"status":401,"now":1729646567536}::{"message":"Bạn cần đăng nhập để thực hiện thao tác này"}
2024-10-23 08:22:51::error::/v1/api/proposal/readProposal/67132d14d708ad972491cb7c::100693ca-9d01-4726-9999-c41c3bbc3114::401 - 0ms - Response: {"status":401,"now":1729646571435}::{"message":"Bạn cần đăng nhập để thực hiện thao tác này"}
2024-10-23 08:22:54::error::/v1/api/proposal/readProposal/67132d14d708ad972491cb7c::fba4278f-a9d8-4791-8831-5704b3240a00::401 - 0ms - Response: {"status":401,"now":1729646574780}::{"message":"Bạn cần đăng nhập để thực hiện thao tác này"}
2024-10-23 08:23:07::error::/v1/api/proposal/readProposal/67132d14d708ad972491cb7c::3fd39564-b7fe-4c80-a6af-af245f1b19b9::401 - 0ms - Response: {"status":401,"now":1729646587963}::{"message":"Bạn cần đăng nhập để thực hiện thao tác này"}
2024-10-23 08:23:38::error::/v1/api/proposal/readProposal/67132d14d708ad972491cb7c::f58498ec-e18c-43a2-84d8-313836618d30::401 - 0ms - Response: {"status":401,"now":1729646618480}::{"message":"Bạn cần đăng nhập để thực hiện thao tác này"}
2024-10-23 08:23:42::error::/v1/api/conversation/readConversationWithOtherMember/66a5a57173370474cf4eacca::2e5f2af5-deae-42b5-9553-5823e2724ec2::401 - 0ms - Response: {"status":401,"now":1729646622827}::{"message":"Bạn cần đăng nhập để thực hiện thao tác này"}
2024-10-23 08:23:44::error::/v1/api/conversation/readConversationWithOtherMember/66a5ac2d73370474cf4eb369::8ae3fcba-da94-4a71-90d7-33c7751f7060::401 - 0ms - Response: {"status":401,"now":1729646624897}::{"message":"Bạn cần đăng nhập để thực hiện thao tác này"}
2024-10-23 08:23:47::error::/v1/api/proposal/readProposal/67132e4361079d0dea773aaf::7f817f4a-0175-4680-8b1f-70e9db1a1f23::401 - 0ms - Response: {"status":401,"now":1729646627540}::{"message":"Bạn cần đăng nhập để thực hiện thao tác này"}
2024-10-23 08:24:00::error::/v1/api/conversation/readConversationWithOtherMember/66a5ac2d73370474cf4eb369::49e86d50-04bc-426f-beb9-d3a90cf6e679::401 - 0ms - Response: {"status":401,"now":1729646640327}::{"message":"Bạn cần đăng nhập để thực hiện thao tác này"}
2024-10-23 08:24:00::error::/v1/api/user/me::5982dbc4-0929-4d43-b3fc-33448afd9a33::403 - 0ms - Response: {"status":403,"now":1729646640340}::{"message":"Access token missing"}
2024-10-23 08:24:00::error::/v1/api/proposal/readProposal/67132e4361079d0dea773aaf::91064484-57bc-4976-aa4a-ac3d3fb03eb9::401 - 0ms - Response: {"status":401,"now":1729646640349}::{"message":"Bạn cần đăng nhập để thực hiện thao tác này"}
2024-10-23 08:24:00::error::/v1/api/user/me::891322b8-3edf-40dd-aa44-6b3018ccf8cd::403 - 0ms - Response: {"status":403,"now":1729646640867}::{"message":"Access token missing"}
2024-10-23 08:35:38::error::/v1/api/user/me::9e0edd0d-1f62-4413-abde-3fd0513cd051::403 - 0ms - Response: {"status":403,"now":1729647338088}::{"message":"Access token missing"}
2024-10-23 08:35:39::error::/v1/api/conversation/readConversationWithOtherMember/66a5ac2d73370474cf4eb369::0c96ef02-b6d5-40bf-a9cb-af8c46e19193::401 - 0ms - Response: {"status":401,"now":1729647339472}::{"message":"Bạn cần đăng nhập để thực hiện thao tác này"}
2024-10-23 08:35:39::error::/v1/api/user/me::3c603cf5-ccea-46d4-8202-25870b447f52::403 - 0ms - Response: {"status":403,"now":1729647339483}::{"message":"Access token missing"}
2024-10-23 08:35:39::error::/v1/api/proposal/readProposal/67132e4361079d0dea773aaf::816ba624-dd78-44d7-81b8-45817feb75c0::401 - 0ms - Response: {"status":401,"now":1729647339489}::{"message":"Bạn cần đăng nhập để thực hiện thao tác này"}
2024-10-23 08:35:42::error::/v1/api/user/me::d15e6daa-c3d5-4c4a-a890-7b37a3c048c6::403 - 0ms - Response: {"status":403,"now":1729647342899}::{"message":"Access token missing"}
2024-10-23 08:35:42::error::/v1/api/conversation/readConversationWithOtherMember/66a5ac2d73370474cf4eb369::22648659-a154-4630-a5c0-69dec04b9620::401 - 0ms - Response: {"status":401,"now":1729647342904}::{"message":"Bạn cần đăng nhập để thực hiện thao tác này"}
2024-10-23 08:36:08::error::/v1/api/user/me::de65ab34-3b30-4ac6-85d2-eb46994c76f7::403 - 0ms - Response: {"status":403,"now":1729647368354}::{"message":"Access token missing"}
2024-10-23 08:36:08::error::/v1/api/conversation/readConversationWithOtherMember/66a5ac2d73370474cf4eb369::414319aa-056e-432c-a3a4-e9baca1d07ab::401 - 1ms - Response: {"status":401,"now":1729647368358}::{"message":"Bạn cần đăng nhập để thực hiện thao tác này"}
2024-10-23 08:37:36::error::/v1/api/user/me::fb679385-a2af-42c8-b11a-6ed76c3e9bb6::403 - 0ms - Response: {"status":403,"now":1729647456178}::{"message":"Access token missing"}
2024-10-23 08:37:36::error::/v1/api/conversation/readConversationWithOtherMember/66a5ac2d73370474cf4eb369::1f139cdf-4deb-44ac-a949-9ecce1b8f6d1::401 - 0ms - Response: {"status":401,"now":1729647456185}::{"message":"Bạn cần đăng nhập để thực hiện thao tác này"}
2024-10-23 08:37:38::error::/v1/api/user/me::b4a017c6-ab9f-402c-a5de-0e7e5abe5512::403 - 0ms - Response: {"status":403,"now":1729647458746}::{"message":"Access token missing"}
2024-10-23 08:37:38::error::/v1/api/conversation/readConversationWithOtherMember/66a5ac2d73370474cf4eb369::f1e7ae30-d77e-4084-8744-f5e1d6dc9d7e::401 - 0ms - Response: {"status":401,"now":1729647458751}::{"message":"Bạn cần đăng nhập để thực hiện thao tác này"}
2024-10-23 08:37:42::error::/v1/api/conversation/readConversationWithOtherMember/66a5ac2d73370474cf4eb369::4a91ebae-b430-4e95-be09-dcb571ee869c::401 - 0ms - Response: {"status":401,"now":1729647462175}::{"message":"Bạn cần đăng nhập để thực hiện thao tác này"}
2024-10-23 08:37:42::error::/v1/api/user/me::be341fb0-7bd6-4006-ac07-e1c199dc59e7::403 - 1ms - Response: {"status":403,"now":1729647462181}::{"message":"Access token missing"}
2024-10-23 08:38:40::error::/v1/api/user/me::d8a4a227-a15a-47ad-849f-ceb9bee2fc82::403 - 0ms - Response: {"status":403,"now":1729647520453}::{"message":"Access token missing"}
2024-10-23 08:38:41::error::/v1/api/user/me::009d4e91-b185-4d2a-9cd3-c16b65ab5ff1::403 - 0ms - Response: {"status":403,"now":1729647521139}::{"message":"Access token missing"}
2024-10-23 08:38:41::error::/v1/api/conversation/readConversationWithOtherMember/66a5ac2d73370474cf4eb369::fc451dc9-3a2b-4cf4-8119-afa016f6edc0::401 - 0ms - Response: {"status":401,"now":1729647521147}::{"message":"Bạn cần đăng nhập để thực hiện thao tác này"}
2024-10-23 08:39:13::error::/v1/api/proposal/readProposal/66a70ff3b6441aa47657afae::8b4903f9-cd6f-4614-b23a-60014f1a1d7a::401 - 0ms - Response: {"status":401,"now":1729647553619}::{"message":"Bạn cần đăng nhập để thực hiện thao tác này"}
2024-10-23 08:39:31::error::/v1/api/conversation/readConversationWithOtherMember/66a5a57173370474cf4eacca::4ff4d532-13fd-43f3-908c-a9bb0c518a36::401 - 0ms - Response: {"status":401,"now":1729647571178}::{"message":"Bạn cần đăng nhập để thực hiện thao tác này"}
2024-10-23 08:39:32::error::/v1/api/conversation/readConversationWithOtherMember/66a5ac2d73370474cf4eb369::714f8600-d6a8-4f59-81a2-24f2f4eeb67a::401 - 0ms - Response: {"status":401,"now":1729647572289}::{"message":"Bạn cần đăng nhập để thực hiện thao tác này"}
2024-10-23 08:39:33::error::/v1/api/proposal/readProposal/67132e4361079d0dea773aaf::b3bac1f4-ef02-4b38-9a90-7740f0783f5b::401 - 0ms - Response: {"status":401,"now":1729647572999}::{"message":"Bạn cần đăng nhập để thực hiện thao tác này"}
2024-10-23 08:40:08::error::/v1/api/conversation/readConversationWithOtherMember/66a5ac2d73370474cf4eb369::64631963-9e34-4dc2-96c7-ec9e253b18d6::401 - 0ms - Response: {"status":401,"now":1729647608735}::{"message":"Bạn cần đăng nhập để thực hiện thao tác này"}
2024-10-23 08:40:08::error::/v1/api/user/me::d63422cc-20c2-4910-a361-1d38ea1dc239::403 - 0ms - Response: {"status":403,"now":1729647608741}::{"message":"Access token missing"}
2024-10-23 08:40:36::error::/v1/api/conversation/readConversationWithOtherMember/66a5ac2d73370474cf4eb369::90d26137-9a73-48a5-a86d-b2b2b456effe::401 - 0ms - Response: {"status":401,"now":1729647636576}::{"message":"Bạn cần đăng nhập để thực hiện thao tác này"}
2024-10-23 08:40:36::error::/v1/api/user/me::03a666b4-852c-4c13-a26c-a7c688e81588::403 - 1ms - Response: {"status":403,"now":1729647636579}::{"message":"Access token missing"}
2024-10-23 08:41:03::error::/v1/api/serviceCategory/readServiceCategories/undefined::81dd5330-0e23-4019-b3fa-5a35a31a87d4::undefined - NaNms - Response: {"stringValue":"\"undefined\"","valueType":"string","kind":"ObjectId","value":"undefined","path":"_id","reason":{},"name":"CastError","message":"Cast to ObjectId failed for value \"undefined\" (type string) at path \"_id\" for model \"User\""}::{"message":"Cast to ObjectId failed for value \"undefined\" (type string) at path \"_id\" for model \"User\""}
2024-10-23 08:41:24::error::/v1/api/user/me::9b80ef99-7f39-4377-a7ba-fdc914dca094::403 - 0ms - Response: {"status":403,"now":1729647684138}::{"message":"Access token missing"}
2024-10-23 08:41:24::error::/v1/api/conversation/readConversationWithOtherMember/66a5ac2d73370474cf4eb369::83097427-7318-44fc-96c5-c1c550bf7424::401 - 0ms - Response: {"status":401,"now":1729647684144}::{"message":"Bạn cần đăng nhập để thực hiện thao tác này"}
2024-10-23 08:41:48::error::/v1/api/conversation/readConversationWithOtherMember/66a5ac2d73370474cf4eb369::01d6b37c-faa3-4b4b-854f-464f8dba939a::401 - 0ms - Response: {"status":401,"now":1729647708802}::{"message":"Bạn cần đăng nhập để thực hiện thao tác này"}
2024-10-23 08:41:48::error::/v1/api/user/me::10bf2b6c-0b5c-4601-8e44-ddcae206f85c::403 - 0ms - Response: {"status":403,"now":1729647708808}::{"message":"Access token missing"}
2024-10-23 08:41:58::error::/v1/api/conversation/readConversationWithOtherMember/66a5ac2d73370474cf4eb369::f599177a-2460-4a84-a3a5-a91c8036bf85::401 - 0ms - Response: {"status":401,"now":1729647718025}::{"message":"Bạn cần đăng nhập để thực hiện thao tác này"}
2024-10-23 08:41:58::error::/v1/api/user/me::ae4dbbe2-4fbf-48ca-b7ee-52dff4ba62f5::403 - 0ms - Response: {"status":403,"now":1729647718031}::{"message":"Access token missing"}
2024-10-23 08:42:00::error::/v1/api/conversation/readConversationWithOtherMember/66a5ac2d73370474cf4eb369::68b01025-911b-44dc-8bc9-b7331a7526c8::401 - 0ms - Response: {"status":401,"now":1729647720338}::{"message":"Bạn cần đăng nhập để thực hiện thao tác này"}
2024-10-23 08:42:00::error::/v1/api/user/me::69d3c939-32be-41e5-8fda-126f59ee49fc::403 - 1ms - Response: {"status":403,"now":1729647720343}::{"message":"Access token missing"}
2024-10-23 08:42:17::error::/v1/api/user/me::0da957dd-ce3d-4bd3-8a94-7f542c795013::403 - 0ms - Response: {"status":403,"now":1729647737294}::{"message":"Access token missing"}
2024-10-23 08:42:19::error::/v1/api/serviceCategory/readServiceCategories/undefined::6dd5e636-d78f-4750-88b6-852b5b8e2330::undefined - NaNms - Response: {"stringValue":"\"undefined\"","valueType":"string","kind":"ObjectId","value":"undefined","path":"_id","reason":{},"name":"CastError","message":"Cast to ObjectId failed for value \"undefined\" (type string) at path \"_id\" for model \"User\""}::{"message":"Cast to ObjectId failed for value \"undefined\" (type string) at path \"_id\" for model \"User\""}
2024-10-23 08:43:00::error::/v1/api/serviceCategory/readServiceCategories/undefined::f30f6373-e9cf-404e-a7fd-64e2ca17c218::undefined - NaNms - Response: {"stringValue":"\"undefined\"","valueType":"string","kind":"ObjectId","value":"undefined","path":"_id","reason":{},"name":"CastError","message":"Cast to ObjectId failed for value \"undefined\" (type string) at path \"_id\" for model \"User\""}::{"message":"Cast to ObjectId failed for value \"undefined\" (type string) at path \"_id\" for model \"User\""}
2024-10-23 08:43:51::error::/v1/api/user/me::7b8a807b-919f-4ca3-b67d-610001a54719::403 - 0ms - Response: {"status":403,"now":1729647831008}::{"message":"Access token missing"}
2024-10-23 08:43:54::error::/v1/api/user/me::b640f88d-1915-48a8-acff-dc936f6a0c5a::403 - 1ms - Response: {"status":403,"now":1729647834703}::{"message":"Access token missing"}
2024-10-23 08:44:12::error::/v1/api/user/me::e4a46216-2938-41a5-b3a6-2889cc9157f6::403 - 0ms - Response: {"status":403,"now":1729647852670}::{"message":"Access token missing"}
2024-10-23 08:44:24::error::/v1/api/user/me::0267fcb4-d720-4d3a-8f29-f58b9d48bcce::403 - 0ms - Response: {"status":403,"now":1729647864060}::{"message":"Access token missing"}
2024-10-23 08:44:32::error::/v1/api/user/me::b9a39bee-c669-4db3-88e9-6cb1167a48e0::403 - 0ms - Response: {"status":403,"now":1729647872320}::{"message":"Access token missing"}
2024-10-23 08:44:35::error::/v1/api/user/me::1dd9bed7-7592-4358-b8d3-887d1ba0cb28::403 - 0ms - Response: {"status":403,"now":1729647875948}::{"message":"Access token missing"}
2024-10-23 08:44:45::error::/v1/api/user/me::364d4adf-e471-4542-807c-81b038bae528::403 - 0ms - Response: {"status":403,"now":1729647885074}::{"message":"Access token missing"}
2024-10-23 08:44:55::error::/v1/api/user/me::01841750-4b66-4e45-adc6-e28ee702f8e6::403 - 0ms - Response: {"status":403,"now":1729647895486}::{"message":"Access token missing"}
2024-10-23 08:44:56::error::/v1/api/user/me::11d7df08-c466-4686-b4ec-e281969dda2b::403 - 0ms - Response: {"status":403,"now":1729647896163}::{"message":"Access token missing"}
2024-10-23 08:45:09::error::/v1/api/user/me::c409894e-0107-4173-899a-feee82b8f213::403 - 0ms - Response: {"status":403,"now":1729647909086}::{"message":"Access token missing"}
2024-10-23 08:45:12::error::/v1/api/user/me::ed738210-3fd7-4f2b-aad7-538b7ca2ea2a::403 - 0ms - Response: {"status":403,"now":1729647912738}::{"message":"Access token missing"}
2024-10-23 08:45:21::error::/v1/api/user/me::0e4d6eba-617d-4caf-a1b3-641711b334c4::403 - 0ms - Response: {"status":403,"now":1729647921135}::{"message":"Access token missing"}
2024-10-23 08:46:16::error::/v1/api/user/me::7391decc-c0e9-4a0a-8f00-60676553ed0f::403 - 1ms - Response: {"status":403,"now":1729647976340}::{"message":"Access token missing"}
2024-10-23 08:47:15::error::/v1/api/user/me::b8dd84b5-0235-4e26-8a66-9e7252943635::403 - 1ms - Response: {"status":403,"now":1729648035034}::{"message":"Access token missing"}
2024-10-23 08:48:14::error::/v1/api/serviceCategory/readServiceCategories/undefined::167ed670-397a-4e0b-a939-2e82b8ab839d::undefined - NaNms - Response: {"stringValue":"\"undefined\"","valueType":"string","kind":"ObjectId","value":"undefined","path":"_id","reason":{},"name":"CastError","message":"Cast to ObjectId failed for value \"undefined\" (type string) at path \"_id\" for model \"User\""}::{"message":"Cast to ObjectId failed for value \"undefined\" (type string) at path \"_id\" for model \"User\""}
2024-10-23 08:48:21::error::/v1/api/conversation/readConversationWithOtherMember/66a5f1b254ac59de697b59f9::96be2405-c164-4973-a4a8-c08f619c3fec::401 - 0ms - Response: {"status":401,"now":1729648101161}::{"message":"Bạn cần đăng nhập để thực hiện thao tác này"}
2024-10-23 08:48:22::error::/v1/api/user/followUser/66a5f1b254ac59de697b59f9::3c84ff6e-5eb1-4b1b-8b28-a51c392c7143::401 - 0ms - Response: {"status":401,"now":1729648102975}::{"message":"Bạn cần đăng nhập để thực hiện thao tác này"}
2024-10-23 08:48:25::error::/v1/api/user/followUser/66a5f1b254ac59de697b59f9::afec6426-7b29-4680-aa32-b1d73a7f3750::401 - 0ms - Response: {"status":401,"now":1729648105021}::{"message":"Bạn cần đăng nhập để thực hiện thao tác này"}
2024-10-23 08:48:42::error::/v1/api/conversation/readConversationWithOtherMember/66a5f1b254ac59de697b59f9::a240dbe0-03c8-47d4-bd4a-35b39f5d50ae::401 - 0ms - Response: {"status":401,"now":1729648122076}::{"message":"Bạn cần đăng nhập để thực hiện thao tác này"}
2024-10-23 08:48:42::error::/v1/api/user/me::6986f570-5030-4784-b2c1-4b054808a9df::403 - 0ms - Response: {"status":403,"now":1729648122089}::{"message":"Access token missing"}
2024-10-23 08:48:42::error::/v1/api/serviceCategory/readServiceCategories/undefined::ee7a182a-424a-43b4-a019-afbf5cafe269::undefined - NaNms - Response: {"stringValue":"\"undefined\"","valueType":"string","kind":"ObjectId","value":"undefined","path":"_id","reason":{},"name":"CastError","message":"Cast to ObjectId failed for value \"undefined\" (type string) at path \"_id\" for model \"User\""}::{"message":"Cast to ObjectId failed for value \"undefined\" (type string) at path \"_id\" for model \"User\""}
2024-10-23 08:49:14::error::/v1/api/user/me::cdb5e0a7-7456-44c9-a451-5514260c53de::403 - 1ms - Response: {"status":403,"now":1729648154228}::{"message":"Access token missing"}
2024-10-23 08:49:14::error::/v1/api/conversation/readConversationWithOtherMember/66a5f1b254ac59de697b59f9::12956d5c-22c3-410d-ba77-e33d1f01d4e4::401 - 0ms - Response: {"status":401,"now":1729648154237}::{"message":"Bạn cần đăng nhập để thực hiện thao tác này"}
2024-10-23 08:49:14::error::/v1/api/serviceCategory/readServiceCategories/undefined::6a279670-3de8-4ded-a05b-4c3a64f16ee8::undefined - NaNms - Response: {"stringValue":"\"undefined\"","valueType":"string","kind":"ObjectId","value":"undefined","path":"_id","reason":{},"name":"CastError","message":"Cast to ObjectId failed for value \"undefined\" (type string) at path \"_id\" for model \"User\""}::{"message":"Cast to ObjectId failed for value \"undefined\" (type string) at path \"_id\" for model \"User\""}
2024-10-23 08:49:26::error::/v1/api/user/me::da39006f-1e30-4ecc-be4b-5097fbbad670::403 - 0ms - Response: {"status":403,"now":1729648166110}::{"message":"Access token missing"}
2024-10-23 08:49:35::error::/v1/api/user/me::b7a12835-199e-4fd9-9c4f-5b0ef0a1b222::403 - 0ms - Response: {"status":403,"now":1729648175601}::{"message":"Access token missing"}
2024-10-23 08:49:44::error::/v1/api/user/me::254bbbef-32af-4fdc-acb5-e32f590b2b7b::403 - 0ms - Response: {"status":403,"now":1729648184072}::{"message":"Access token missing"}
2024-10-23 08:49:56::error::/v1/api/user/me::7dc6fc57-df42-44cc-b2e7-3fd274768f98::403 - 1ms - Response: {"status":403,"now":1729648196545}::{"message":"Access token missing"}
2024-10-23 08:49:58::error::/v1/api/user/me::8171fd17-c5bb-417e-bc05-eac4017d2d23::403 - 0ms - Response: {"status":403,"now":1729648198659}::{"message":"Access token missing"}
2024-10-23 08:50:12::error::/v1/api/user/me::d6051aa1-9880-44b2-a7ff-1c163bde44a8::403 - 0ms - Response: {"status":403,"now":1729648212220}::{"message":"Access token missing"}
2024-10-23 08:50:33::error::/v1/api/user/me::875e0107-c673-4bfe-8525-f5c0ba377c2f::403 - 1ms - Response: {"status":403,"now":1729648233654}::{"message":"Access token missing"}
2024-10-23 08:50:36::error::/v1/api/user/me::8b82d6ef-b28e-4801-a1bf-d31d839a12cf::403 - 0ms - Response: {"status":403,"now":1729648236589}::{"message":"Access token missing"}
2024-10-23 08:50:47::error::/v1/api/user/me::cb0838c0-493a-4dcf-b153-068b15b6a99b::403 - 1ms - Response: {"status":403,"now":1729648247103}::{"message":"Access token missing"}
2024-10-23 08:51:04::error::/v1/api/user/me::0c598a61-65e9-41fd-a22f-19738a55367c::403 - 0ms - Response: {"status":403,"now":1729648264863}::{"message":"Access token missing"}
2024-10-23 08:52:05::error::/v1/api/user/me::6ce9d919-510f-400b-9fb8-14c744f937dd::403 - 0ms - Response: {"status":403,"now":1729648325619}::{"message":"Access token missing"}
2024-10-23 08:52:26::error::/v1/api/user/me::bbfc28b3-4164-4377-b4aa-dea0516a748b::403 - 0ms - Response: {"status":403,"now":1729648346966}::{"message":"Access token missing"}
2024-10-23 08:52:30::error::/v1/api/user/me::d8e94a70-cc5e-4034-b455-755074033f27::403 - 0ms - Response: {"status":403,"now":1729648350547}::{"message":"Access token missing"}
2024-10-23 08:53:38::error::/v1/api/user/me::27c20156-f835-40c3-be04-c0dd703e9a25::403 - 0ms - Response: {"status":403,"now":1729648418586}::{"message":"Access token missing"}
2024-10-23 08:53:51::error::/v1/api/serviceCategory/readServiceCategories/undefined::d6f3116b-50fc-4e98-a1dd-9ff093256477::undefined - NaNms - Response: {"stringValue":"\"undefined\"","valueType":"string","kind":"ObjectId","value":"undefined","path":"_id","reason":{},"name":"CastError","message":"Cast to ObjectId failed for value \"undefined\" (type string) at path \"_id\" for model \"User\""}::{"message":"Cast to ObjectId failed for value \"undefined\" (type string) at path \"_id\" for model \"User\""}
2024-10-23 08:54:04::error::/v1/api/conversation/readConversationWithOtherMember/66a5f1b254ac59de697b59f9::2d78c4ad-8205-40c6-847d-0ea5cd7df6f7::401 - 0ms - Response: {"status":401,"now":1729648444715}::{"message":"Bạn cần đăng nhập để thực hiện thao tác này"}
2024-10-23 08:54:48::error::/v1/api/user/me::89a25319-ca6a-40a5-9c5a-1283045e3357::403 - 0ms - Response: {"status":403,"now":1729648488939}::{"message":"Access token missing"}
2024-10-23 08:54:48::error::/v1/api/conversation/readConversationWithOtherMember/66a5f1b254ac59de697b59f9::22142618-af3f-417d-9065-b3a293ffa034::401 - 0ms - Response: {"status":401,"now":1729648488948}::{"message":"Bạn cần đăng nhập để thực hiện thao tác này"}
2024-10-23 08:57:35::error::/v1/api/user/me::ccb87d58-aa80-405d-984d-ea6c29246043::403 - 0ms - Response: {"status":403,"now":1729648655394}::{"message":"Access token missing"}
2024-10-23 08:57:35::error::/v1/api/conversation/readConversationWithOtherMember/66a5f1b254ac59de697b59f9::bb3e72c7-8a89-4433-975d-9facc3433d7e::401 - 0ms - Response: {"status":401,"now":1729648655405}::{"message":"Bạn cần đăng nhập để thực hiện thao tác này"}
2024-10-23 08:58:41::error::/v1/api/serviceCategory/readServiceCategories/undefined::72f9a093-399a-4023-93f7-46b544af38d7::undefined - NaNms - Response: {"stringValue":"\"undefined\"","valueType":"string","kind":"ObjectId","value":"undefined","path":"_id","reason":{},"name":"CastError","message":"Cast to ObjectId failed for value \"undefined\" (type string) at path \"_id\" for model \"User\""}::{"message":"Cast to ObjectId failed for value \"undefined\" (type string) at path \"_id\" for model \"User\""}
2024-10-23 08:58:51::error::/v1/api/conversation/readConversationWithOtherMember/66a5f1b254ac59de697b59f9::6c918bde-14d8-4547-8204-4ed2518800f1::401 - 0ms - Response: {"status":401,"now":1729648731111}::{"message":"Bạn cần đăng nhập để thực hiện thao tác này"}
2024-10-23 08:58:56::error::/v1/api/serviceCategory/readServiceCategories/undefined::6bfb65d1-7b30-4083-9635-0c766ed502f4::undefined - NaNms - Response: {"stringValue":"\"undefined\"","valueType":"string","kind":"ObjectId","value":"undefined","path":"_id","reason":{},"name":"CastError","message":"Cast to ObjectId failed for value \"undefined\" (type string) at path \"_id\" for model \"User\""}::{"message":"Cast to ObjectId failed for value \"undefined\" (type string) at path \"_id\" for model \"User\""}
2024-10-23 08:59:03::error::/v1/api/user/me::fc864f28-d573-43ad-bf8e-a046b427a69b::403 - 0ms - Response: {"status":403,"now":1729648743129}::{"message":"Access token missing"}
2024-10-23 08:59:03::error::/v1/api/conversation/readConversationWithOtherMember/66a5f1b254ac59de697b59f9::0e9ebcb9-8281-4c41-a94d-be776f2de13b::401 - 0ms - Response: {"status":401,"now":1729648743138}::{"message":"Bạn cần đăng nhập để thực hiện thao tác này"}
2024-10-23 08:59:03::error::/v1/api/serviceCategory/readServiceCategories/undefined::5d862e2e-da93-456a-97e3-ff40251062e1::undefined - NaNms - Response: {"stringValue":"\"undefined\"","valueType":"string","kind":"ObjectId","value":"undefined","path":"_id","reason":{},"name":"CastError","message":"Cast to ObjectId failed for value \"undefined\" (type string) at path \"_id\" for model \"User\""}::{"message":"Cast to ObjectId failed for value \"undefined\" (type string) at path \"_id\" for model \"User\""}
2024-10-23 08:59:20::error::/v1/api/user/me::0d9cf093-f281-41ef-8a79-3420534c028f::403 - 0ms - Response: {"status":403,"now":1729648760534}::{"message":"Access token missing"}
2024-10-23 08:59:20::error::/v1/api/serviceCategory/readServiceCategories/undefined::64bcac34-e9bb-41f7-a1a9-9d75b60f7fa4::undefined - NaNms - Response: {"stringValue":"\"undefined\"","valueType":"string","kind":"ObjectId","value":"undefined","path":"_id","reason":{},"name":"CastError","message":"Cast to ObjectId failed for value \"undefined\" (type string) at path \"_id\" for model \"User\""}::{"message":"Cast to ObjectId failed for value \"undefined\" (type string) at path \"_id\" for model \"User\""}
2024-10-23 09:00:41::error::/v1/api/user/me::334624ba-ef7f-47bb-a89e-d4ce33664af6::403 - 0ms - Response: {"status":403,"now":1729648841861}::{"message":"Access token missing"}
2024-10-23 09:00:41::error::/v1/api/serviceCategory/readServiceCategories/undefined::239d72a0-f777-4d23-8532-2700111a6dad::undefined - NaNms - Response: {"stringValue":"\"undefined\"","valueType":"string","kind":"ObjectId","value":"undefined","path":"_id","reason":{},"name":"CastError","message":"Cast to ObjectId failed for value \"undefined\" (type string) at path \"_id\" for model \"User\""}::{"message":"Cast to ObjectId failed for value \"undefined\" (type string) at path \"_id\" for model \"User\""}
2024-10-23 09:00:42::error::/v1/api/user/me::ef64b8d1-fa0e-4bf3-9014-93c427cad6b7::403 - 0ms - Response: {"status":403,"now":1729648842557}::{"message":"Access token missing"}
2024-10-23 09:00:42::error::/v1/api/serviceCategory/readServiceCategories/undefined::a868007d-0ac8-4a9c-9f35-7cb0642a30ca::undefined - NaNms - Response: {"stringValue":"\"undefined\"","valueType":"string","kind":"ObjectId","value":"undefined","path":"_id","reason":{},"name":"CastError","message":"Cast to ObjectId failed for value \"undefined\" (type string) at path \"_id\" for model \"User\""}::{"message":"Cast to ObjectId failed for value \"undefined\" (type string) at path \"_id\" for model \"User\""}
2024-10-23 09:01:44::error::/v1/api/user/me::eaad3d6a-34ab-48c9-ac87-54f479d4fb64::403 - 0ms - Response: {"status":403,"now":1729648904067}::{"message":"Access token missing"}
2024-10-23 09:01:44::error::/v1/api/serviceCategory/readServiceCategories/undefined::7fbe599f-d1e7-4a93-97d2-bfd50c2c7030::undefined - NaNms - Response: {"stringValue":"\"undefined\"","valueType":"string","kind":"ObjectId","value":"undefined","path":"_id","reason":{},"name":"CastError","message":"Cast to ObjectId failed for value \"undefined\" (type string) at path \"_id\" for model \"User\""}::{"message":"Cast to ObjectId failed for value \"undefined\" (type string) at path \"_id\" for model \"User\""}
2024-10-23 09:01:53::error::/v1/api/user/me::4de67fb4-62b9-4728-b858-0a4101d4fac8::403 - 0ms - Response: {"status":403,"now":1729648913792}::{"message":"Access token missing"}
2024-10-23 09:01:53::error::/v1/api/serviceCategory/readServiceCategories/undefined::15edb757-46f5-453a-9421-a2f69ff54405::undefined - NaNms - Response: {"stringValue":"\"undefined\"","valueType":"string","kind":"ObjectId","value":"undefined","path":"_id","reason":{},"name":"CastError","message":"Cast to ObjectId failed for value \"undefined\" (type string) at path \"_id\" for model \"User\""}::{"message":"Cast to ObjectId failed for value \"undefined\" (type string) at path \"_id\" for model \"User\""}
2024-10-23 09:01:57::error::/v1/api/user/me::4dded712-cc43-4b0a-8717-2543f1c1ddb9::403 - 0ms - Response: {"status":403,"now":1729648917756}::{"message":"Access token missing"}
2024-10-23 09:01:57::error::/v1/api/serviceCategory/readServiceCategories/undefined::93e61fa4-e9ef-461f-b6f1-1fa9dfb2d48f::undefined - NaNms - Response: {"stringValue":"\"undefined\"","valueType":"string","kind":"ObjectId","value":"undefined","path":"_id","reason":{},"name":"CastError","message":"Cast to ObjectId failed for value \"undefined\" (type string) at path \"_id\" for model \"User\""}::{"message":"Cast to ObjectId failed for value \"undefined\" (type string) at path \"_id\" for model \"User\""}
2024-10-23 09:02:00::error::/v1/api/user/me::840ad279-3edd-42e0-ae6c-45b988a8a877::403 - 0ms - Response: {"status":403,"now":1729648920783}::{"message":"Access token missing"}
2024-10-23 09:02:00::error::/v1/api/serviceCategory/readServiceCategories/undefined::3f878776-c85f-4104-9b1b-491e230a5cf1::undefined - NaNms - Response: {"stringValue":"\"undefined\"","valueType":"string","kind":"ObjectId","value":"undefined","path":"_id","reason":{},"name":"CastError","message":"Cast to ObjectId failed for value \"undefined\" (type string) at path \"_id\" for model \"User\""}::{"message":"Cast to ObjectId failed for value \"undefined\" (type string) at path \"_id\" for model \"User\""}
2024-10-23 09:02:02::error::/v1/api/user/me::3aa99370-1586-4768-bbf4-58774959bf85::403 - 0ms - Response: {"status":403,"now":1729648922445}::{"message":"Access token missing"}
2024-10-23 09:02:02::error::/v1/api/serviceCategory/readServiceCategories/undefined::9a40792c-5527-4a98-af6d-2ce51d856c1d::undefined - NaNms - Response: {"stringValue":"\"undefined\"","valueType":"string","kind":"ObjectId","value":"undefined","path":"_id","reason":{},"name":"CastError","message":"Cast to ObjectId failed for value \"undefined\" (type string) at path \"_id\" for model \"User\""}::{"message":"Cast to ObjectId failed for value \"undefined\" (type string) at path \"_id\" for model \"User\""}
2024-10-23 09:02:07::error::/v1/api/user/me::0789daa3-7a52-4517-8e45-f421c2cf89ea::403 - 0ms - Response: {"status":403,"now":1729648927090}::{"message":"Access token missing"}
2024-10-23 09:02:07::error::/v1/api/serviceCategory/readServiceCategories/undefined::b36c5512-c2f4-4d8d-a436-5fa01aca23b9::undefined - NaNms - Response: {"stringValue":"\"undefined\"","valueType":"string","kind":"ObjectId","value":"undefined","path":"_id","reason":{},"name":"CastError","message":"Cast to ObjectId failed for value \"undefined\" (type string) at path \"_id\" for model \"User\""}::{"message":"Cast to ObjectId failed for value \"undefined\" (type string) at path \"_id\" for model \"User\""}
2024-10-23 09:02:43::error::/v1/api/user/followUser/66a5a57173370474cf4eacca::a79e86fd-f45a-4655-9d6f-13dd676f5d41::401 - 0ms - Response: {"status":401,"now":1729648963128}::{"message":"Bạn cần đăng nhập để thực hiện thao tác này"}
2024-10-23 09:02:49::error::/v1/api/user/me::b9c36f34-64a4-4a72-977c-4bc7a71427ff::403 - 1ms - Response: {"status":403,"now":1729648969192}::{"message":"Access token missing"}
2024-10-23 09:02:49::error::/v1/api/serviceCategory/readServiceCategories/undefined::85a5796a-0ba7-45c0-a32b-ac25d5936f8c::undefined - NaNms - Response: {"stringValue":"\"undefined\"","valueType":"string","kind":"ObjectId","value":"undefined","path":"_id","reason":{},"name":"CastError","message":"Cast to ObjectId failed for value \"undefined\" (type string) at path \"_id\" for model \"User\""}::{"message":"Cast to ObjectId failed for value \"undefined\" (type string) at path \"_id\" for model \"User\""}
2024-10-23 09:02:53::error::/v1/api/user/me::0b1ccd38-8dc9-4430-a780-727642be4a44::403 - 0ms - Response: {"status":403,"now":1729648973484}::{"message":"Access token missing"}
2024-10-23 09:02:53::error::/v1/api/serviceCategory/readServiceCategories/undefined::d2d24d55-87ae-4afd-94d3-120b2d730528::undefined - NaNms - Response: {"stringValue":"\"undefined\"","valueType":"string","kind":"ObjectId","value":"undefined","path":"_id","reason":{},"name":"CastError","message":"Cast to ObjectId failed for value \"undefined\" (type string) at path \"_id\" for model \"User\""}::{"message":"Cast to ObjectId failed for value \"undefined\" (type string) at path \"_id\" for model \"User\""}
2024-10-23 09:02:56::error::/v1/api/user/me::acb0071c-b13e-4c5d-aa3f-c2b54a4bf1a2::403 - 0ms - Response: {"status":403,"now":1729648976333}::{"message":"Access token missing"}
2024-10-23 09:02:56::error::/v1/api/serviceCategory/readServiceCategories/undefined::3fb6f940-9216-4ffc-b128-cde22c131dd8::undefined - NaNms - Response: {"stringValue":"\"undefined\"","valueType":"string","kind":"ObjectId","value":"undefined","path":"_id","reason":{},"name":"CastError","message":"Cast to ObjectId failed for value \"undefined\" (type string) at path \"_id\" for model \"User\""}::{"message":"Cast to ObjectId failed for value \"undefined\" (type string) at path \"_id\" for model \"User\""}
2024-10-23 09:03:13::error::/v1/api/user/me::a735caac-1098-4820-9cb0-f5b8fcb93996::403 - 0ms - Response: {"status":403,"now":1729648993736}::{"message":"Access token missing"}
2024-10-23 09:03:13::error::/v1/api/serviceCategory/readServiceCategories/undefined::ab921cb7-37a3-49be-a394-5680fc116901::undefined - NaNms - Response: {"stringValue":"\"undefined\"","valueType":"string","kind":"ObjectId","value":"undefined","path":"_id","reason":{},"name":"CastError","message":"Cast to ObjectId failed for value \"undefined\" (type string) at path \"_id\" for model \"User\""}::{"message":"Cast to ObjectId failed for value \"undefined\" (type string) at path \"_id\" for model \"User\""}
2024-10-23 09:03:15::error::/v1/api/user/me::9fd8aa68-e380-4fbb-927e-1d835ca60b68::403 - 0ms - Response: {"status":403,"now":1729648995056}::{"message":"Access token missing"}
2024-10-23 09:03:15::error::/v1/api/serviceCategory/readServiceCategories/undefined::ebc83987-8a8f-48c7-a174-7bea3cba37cb::undefined - NaNms - Response: {"stringValue":"\"undefined\"","valueType":"string","kind":"ObjectId","value":"undefined","path":"_id","reason":{},"name":"CastError","message":"Cast to ObjectId failed for value \"undefined\" (type string) at path \"_id\" for model \"User\""}::{"message":"Cast to ObjectId failed for value \"undefined\" (type string) at path \"_id\" for model \"User\""}
2024-10-23 09:03:25::error::/v1/api/conversation/readConversationWithOtherMember/66a5a57173370474cf4eacca::f73ef1a4-8780-4852-ab12-fed48f06400d::401 - 0ms - Response: {"status":401,"now":1729649005312}::{"message":"Bạn cần đăng nhập để thực hiện thao tác này"}
2024-10-23 09:03:26::error::/v1/api/conversation/readConversationWithOtherMember/66a5a57173370474cf4eacca::f995f09a-29e4-4495-ae81-f9b999c6ff81::401 - 0ms - Response: {"status":401,"now":1729649006155}::{"message":"Bạn cần đăng nhập để thực hiện thao tác này"}
2024-10-23 09:03:39::error::/v1/api/user/me::14f75d02-daec-4daa-8413-751fea3cec11::403 - 0ms - Response: {"status":403,"now":1729649019209}::{"message":"Access token missing"}
2024-10-23 09:03:39::error::/v1/api/conversation/readConversationWithOtherMember/66a5a57173370474cf4eacca::24c5f954-a9e6-479e-baaa-55003baf1982::401 - 0ms - Response: {"status":401,"now":1729649019220}::{"message":"Bạn cần đăng nhập để thực hiện thao tác này"}
2024-10-23 09:03:39::error::/v1/api/serviceCategory/readServiceCategories/undefined::d44c0e7e-4ff0-4b31-9660-1356e1ab83bb::undefined - NaNms - Response: {"stringValue":"\"undefined\"","valueType":"string","kind":"ObjectId","value":"undefined","path":"_id","reason":{},"name":"CastError","message":"Cast to ObjectId failed for value \"undefined\" (type string) at path \"_id\" for model \"User\""}::{"message":"Cast to ObjectId failed for value \"undefined\" (type string) at path \"_id\" for model \"User\""}
2024-10-23 09:03:51::error::/v1/api/order/createOrder::47425ff7-c925-4e34-9e4d-8ffcb2664755::401 - 0ms - Response: {"status":401,"now":1729649031888}::{"message":"Bạn cần đăng nhập để thực hiện thao tác này"}
2024-10-23 09:03:56::error::/v1/api/order/createOrder::1094e2af-a647-4740-817f-c8d24febce79::401 - 0ms - Response: {"status":401,"now":1729649036885}::{"message":"Bạn cần đăng nhập để thực hiện thao tác này"}
2024-10-23 09:03:57::error::/v1/api/order/createOrder::2effd60a-497e-4e66-acc2-fc16a43deefd::401 - 0ms - Response: {"status":401,"now":1729649037056}::{"message":"Bạn cần đăng nhập để thực hiện thao tác này"}
2024-10-23 09:05:16::error::/v1/api/user/me::a572b2fd-534c-4139-afc1-d69c43d92c29::403 - 1ms - Response: {"status":403,"now":1729649116468}::{"message":"Access token missing"}
2024-10-23 09:05:21::error::/v1/api/conversation/readConversationWithOtherMember/66a5a57173370474cf4eacca::52a1cca8-9945-4bca-8eb6-cab10015d71a::401 - 0ms - Response: {"status":401,"now":1729649121734}::{"message":"Bạn cần đăng nhập để thực hiện thao tác này"}
2024-10-23 09:05:21::error::/v1/api/user/me::e7d425b0-136e-4af3-8682-ea14bc61fb98::403 - 0ms - Response: {"status":403,"now":1729649121738}::{"message":"Access token missing"}
2024-10-23 09:05:21::error::/v1/api/serviceCategory/readServiceCategories/undefined::ab3f1bcc-1b6b-4cdd-b6ba-c0cdaf1e3441::undefined - NaNms - Response: {"stringValue":"\"undefined\"","valueType":"string","kind":"ObjectId","value":"undefined","path":"_id","reason":{},"name":"CastError","message":"Cast to ObjectId failed for value \"undefined\" (type string) at path \"_id\" for model \"User\""}::{"message":"Cast to ObjectId failed for value \"undefined\" (type string) at path \"_id\" for model \"User\""}
2024-10-23 09:05:51::error::/v1/api/user/me::511de726-0166-4016-9b9c-49619562892a::403 - 0ms - Response: {"status":403,"now":1729649151161}::{"message":"Access token missing"}
2024-10-23 09:05:52::error::/v1/api/user/me::ef7d2ff4-69cd-4de9-88e4-c0c48303ed75::403 - 0ms - Response: {"status":403,"now":1729649152568}::{"message":"Access token missing"}
2024-10-23 09:05:52::error::/v1/api/conversation/readConversationWithOtherMember/66a5a57173370474cf4eacca::750965fc-3870-405a-830d-abd6ce6bbfe7::401 - 0ms - Response: {"status":401,"now":1729649152579}::{"message":"Bạn cần đăng nhập để thực hiện thao tác này"}
2024-10-23 09:05:52::error::/v1/api/serviceCategory/readServiceCategories/undefined::1757077d-bf06-449d-88d6-dd16c237d9c8::undefined - NaNms - Response: {"stringValue":"\"undefined\"","valueType":"string","kind":"ObjectId","value":"undefined","path":"_id","reason":{},"name":"CastError","message":"Cast to ObjectId failed for value \"undefined\" (type string) at path \"_id\" for model \"User\""}::{"message":"Cast to ObjectId failed for value \"undefined\" (type string) at path \"_id\" for model \"User\""}
2024-10-23 09:06:01::error::/v1/api/conversation/readConversationWithOtherMember/66a5a57173370474cf4eacca::3a94a106-c6f6-4a83-8c59-033a8298bac6::401 - 0ms - Response: {"status":401,"now":1729649161395}::{"message":"Bạn cần đăng nhập để thực hiện thao tác này"}
2024-10-23 09:06:23::error::/v1/api/user/me::5b4a3be8-d918-45b4-83f7-c39c47144f39::403 - 1ms - Response: {"status":403,"now":1729649183816}::{"message":"Access token missing"}
2024-10-23 09:06:23::error::/v1/api/conversation/readConversationWithOtherMember/66a5a57173370474cf4eacca::f61fc72c-2361-4e1c-ae0b-0743feb9c774::401 - 0ms - Response: {"status":401,"now":1729649183825}::{"message":"Bạn cần đăng nhập để thực hiện thao tác này"}
2024-10-23 09:06:23::error::/v1/api/serviceCategory/readServiceCategories/undefined::2c72ba3a-2b60-48cb-816f-3b957facaf16::undefined - NaNms - Response: {"stringValue":"\"undefined\"","valueType":"string","kind":"ObjectId","value":"undefined","path":"_id","reason":{},"name":"CastError","message":"Cast to ObjectId failed for value \"undefined\" (type string) at path \"_id\" for model \"User\""}::{"message":"Cast to ObjectId failed for value \"undefined\" (type string) at path \"_id\" for model \"User\""}
2024-10-23 09:06:46::error::/v1/api/user/me::060ae997-7d57-474a-bf48-3764251f0e1a::403 - 0ms - Response: {"status":403,"now":1729649206577}::{"message":"Access token missing"}
2024-10-23 09:06:54::error::/v1/api/conversation/readConversationWithOtherMember/66a5a57173370474cf4eacca::03dd73a6-ddb4-4551-8261-0f2cf7ad362a::401 - 0ms - Response: {"status":401,"now":1729649214266}::{"message":"Bạn cần đăng nhập để thực hiện thao tác này"}
2024-10-23 09:06:54::error::/v1/api/user/me::6f2b9abf-67c9-493a-9d54-342c8d373f9e::403 - 0ms - Response: {"status":403,"now":1729649214274}::{"message":"Access token missing"}
2024-10-23 09:07:07::error::/v1/api/serviceCategory/readServiceCategories/undefined::73de0c47-0d64-4951-9be7-f42716bf60a7::undefined - NaNms - Response: {"stringValue":"\"undefined\"","valueType":"string","kind":"ObjectId","value":"undefined","path":"_id","reason":{},"name":"CastError","message":"Cast to ObjectId failed for value \"undefined\" (type string) at path \"_id\" for model \"User\""}::{"message":"Cast to ObjectId failed for value \"undefined\" (type string) at path \"_id\" for model \"User\""}
2024-10-23 09:07:11::error::/v1/api/serviceCategory/readServiceCategories/undefined::85f1c051-679d-4c8f-b859-289b388d6691::undefined - NaNms - Response: {"stringValue":"\"undefined\"","valueType":"string","kind":"ObjectId","value":"undefined","path":"_id","reason":{},"name":"CastError","message":"Cast to ObjectId failed for value \"undefined\" (type string) at path \"_id\" for model \"User\""}::{"message":"Cast to ObjectId failed for value \"undefined\" (type string) at path \"_id\" for model \"User\""}
2024-10-23 09:07:15::error::/v1/api/serviceCategory/readServiceCategories/undefined::352d025c-cc9c-4a39-be01-d81be0184bf3::undefined - NaNms - Response: {"stringValue":"\"undefined\"","valueType":"string","kind":"ObjectId","value":"undefined","path":"_id","reason":{},"name":"CastError","message":"Cast to ObjectId failed for value \"undefined\" (type string) at path \"_id\" for model \"User\""}::{"message":"Cast to ObjectId failed for value \"undefined\" (type string) at path \"_id\" for model \"User\""}
2024-10-23 09:08:19::error::/v1/api/conversation/readConversationWithOtherMember/66a5a57173370474cf4eacca::c4b43482-bf70-4113-a477-94f0b00ca971::401 - 1ms - Response: {"status":401,"now":1729649299852}::{"message":"Bạn cần đăng nhập để thực hiện thao tác này"}
2024-10-23 09:08:19::error::/v1/api/user/me::c4463031-0ea4-439a-aeed-184694d03901::403 - 0ms - Response: {"status":403,"now":1729649299860}::{"message":"Access token missing"}
2024-10-23 09:10:39::error::/v1/api/user/me::171bb64d-3da3-465b-949f-3dc21bb751d0::403 - 0ms - Response: {"status":403,"now":1729649439194}::{"message":"Access token missing"}
2024-10-23 09:10:39::error::/v1/api/conversation/readConversationWithOtherMember/66a5a57173370474cf4eacca::dd2e76a8-8c49-45a3-853b-7cef1f334378::401 - 0ms - Response: {"status":401,"now":1729649439198}::{"message":"Bạn cần đăng nhập để thực hiện thao tác này"}
2024-10-23 09:11:24::error::/v1/api/conversation/readConversationWithOtherMember/66a5a57173370474cf4eacca::8a19e006-0ee8-4625-ade8-82025fa3bfc4::401 - 1ms - Response: {"status":401,"now":1729649484890}::{"message":"Bạn cần đăng nhập để thực hiện thao tác này"}
2024-10-23 09:11:24::error::/v1/api/user/me::05d5660d-1bc2-4897-8962-c9c01299ffeb::403 - 0ms - Response: {"status":403,"now":1729649484905}::{"message":"Access token missing"}
2024-10-23 09:13:18::error::/v1/api/user/me::7b9683e5-2d65-4036-b8f8-d88493556c67::403 - 0ms - Response: {"status":403,"now":1729649598920}::{"message":"Access token missing"}
2024-10-23 09:14:57::error::/v1/api/user/me::da95bc95-5f31-476e-8898-f7547d7b2716::403 - 0ms - Response: {"status":403,"now":1729649697683}::{"message":"Access token missing"}
2024-10-23 09:15:20::error::/v1/api/user/me::fe5ff9b6-f827-4957-ab18-1b459ff23b9a::403 - 0ms - Response: {"status":403,"now":1729649720907}::{"message":"Access token missing"}
2024-10-23 09:15:50::error::/v1/api/user/me::1bbc4ad9-e076-47e5-8d4a-43af0ad5312d::403 - 0ms - Response: {"status":403,"now":1729649750189}::{"message":"Access token missing"}
2024-10-23 09:29:27::error::/v1/api/user/me::a2cec9fe-7631-41db-bac7-7864ec6c0e42::403 - 0ms - Response: {"status":403,"now":1729650567244}::{"message":"Access token missing"}
2024-10-23 09:30:16::error::/v1/api/user/me::70c86bfa-0728-4469-b419-deb3f700ecc1::403 - 0ms - Response: {"status":403,"now":1729650616764}::{"message":"Access token missing"}
2024-10-23 09:32:22::error::/v1/api/user/me::fa40ab88-da23-47e1-99e4-c0e1afea3f68::403 - 0ms - Response: {"status":403,"now":1729650742288}::{"message":"Access token missing"}
2024-10-23 09:33:08::error::/v1/api/user/me::5af39769-774f-405e-ae6e-de706c4a0f9d::403 - 0ms - Response: {"status":403,"now":1729650788815}::{"message":"Access token missing"}
2024-10-23 09:39:50::error::/v1/api/serviceCategory/readServiceCategories/67077df31e2f98202773c5d3::6b2d977d-90ef-445c-bf3f-74fa441fa385::403 - 0ms - Response: {"status":403,"now":1729651190592}::{"message":"Bạn không có quyền thực hiện thao tác này"}
2024-10-23 09:53:23::error::/v1/api/user/me::b9605117-ab9b-468f-ab6b-c8932b31733a::403 - 0ms - Response: {"status":403,"now":1729652003617}::{"message":"Access token missing"}
2024-10-23 09:53:47::error::/v1/api/user/me::268eda79-6009-47e4-9375-3cf5d54e2598::403 - 0ms - Response: {"status":403,"now":1729652027743}::{"message":"Access token missing"}
2024-10-23 10:00:47::error::/v1/api/user/me::88c4412a-0ae0-4faa-b201-8c2929bf93da::403 - 0ms - Response: {"status":403,"now":1729652447783}::{"message":"Access token missing"}
2024-10-23 10:00:52::error::/v1/api/user/me::48442801-b3e0-4b7e-aca3-066c565f0ee8::403 - 0ms - Response: {"status":403,"now":1729652452414}::{"message":"Access token missing"}
2024-10-23 10:01:03::error::/v1/api/auth/users/login::5e21dd2b-393c-4f50-91dd-5f319b4b9f34::401 - 0ms - Response: {"status":401,"now":1729652463895}::{"message":"Tài khoản hoặc mật khẩu không chính xác"}
2024-10-23 10:01:05::error::/v1/api/auth/users/login::7ab27c80-1455-426e-97b4-e9ffb973b9fc::401 - 0ms - Response: {"status":401,"now":1729652465856}::{"message":"Tài khoản hoặc mật khẩu không chính xác"}
2024-10-23 10:01:07::error::/v1/api/auth/users/login::49ebba48-27fb-4375-9be2-39bdd634b35a::401 - 0ms - Response: {"status":401,"now":1729652467095}::{"message":"Tài khoản hoặc mật khẩu không chính xác"}
2024-10-23 10:02:40::error::/v1/api/user/me::8e0ead2c-b801-4d9a-9989-797763c5241d::403 - 1ms - Response: {"status":403,"now":1729652560323}::{"message":"Access token missing"}
2024-10-23 10:02:45::error::/v1/api/user/me::d4f50376-d2c9-4107-a575-0b404e0482c7::403 - 0ms - Response: {"status":403,"now":1729652565760}::{"message":"Access token missing"}
2024-10-23 10:03:04::error::/v1/api/user/me::70028a78-5c39-496f-8042-76dfc0b64ecc::403 - 0ms - Response: {"status":403,"now":1729652584526}::{"message":"Access token missing"}
2024-10-23 10:03:28::error::/v1/api/user/me::2d5fc75b-630b-4d5f-b08b-c0a63316a103::403 - 1ms - Response: {"status":403,"now":1729652608665}::{"message":"Access token missing"}
2024-10-23 10:03:47::error::/v1/api/user/me::ef79805f-707b-4d68-9ab4-0c990b464a6e::403 - 0ms - Response: {"status":403,"now":1729652627277}::{"message":"Access token missing"}
2024-10-23 10:04:10::error::/v1/api/user/me::e49b19d3-7649-4933-8ab3-a5af296c6d34::403 - 0ms - Response: {"status":403,"now":1729652650398}::{"message":"Access token missing"}
2024-10-23 10:04:13::error::/v1/api/auth/users/verifyResetPasswordOtp::d1421679-fd44-4ab3-b16a-90a073673359::403 - 0ms - Response: {"status":403,"now":1729652653038}::{"message":"Mã OTP không chính xác"}
2024-10-23 10:04:16::error::/v1/api/auth/users/verifyResetPasswordOtp::320462d1-76b8-4694-9657-e84ecb535b22::403 - 0ms - Response: {"status":403,"now":1729652656280}::{"message":"Mã OTP không chính xác"}
2024-10-23 10:04:45::error::/v1/api/user/me::1d613437-66d6-426d-af14-bcc12cc6ebbf::403 - 0ms - Response: {"status":403,"now":1729652685258}::{"message":"Access token missing"}
2024-10-23 10:04:52::error::/v1/api/user/me::b17f0c6d-db53-4f8b-8219-56f2dd7575b0::403 - 1ms - Response: {"status":403,"now":1729652692207}::{"message":"Access token missing"}
2024-10-23 10:04:55::error::/v1/api/user/me::a9cdafef-a9cd-47fa-a08d-757ae1bbf1e0::403 - 0ms - Response: {"status":403,"now":1729652695252}::{"message":"Access token missing"}
2024-10-23 10:04:58::error::/v1/api/auth/users/login::40a18113-b09d-45b5-9e8d-7216512b3110::401 - 0ms - Response: {"status":401,"now":1729652698687}::{"message":"Tài khoản hoặc mật khẩu không chính xác"}
2024-10-23 10:05:42::error::/v1/api/user/me::3ad79b4c-c61a-4686-ad5f-a7aadc3de6a5::403 - 0ms - Response: {"status":403,"now":1729652742941}::{"message":"Access token missing"}
2024-10-23 10:05:45::error::/v1/api/auth/users/login::1c8084f3-ceaf-4de3-8254-94e618d5616e::401 - 0ms - Response: {"status":401,"now":1729652745035}::{"message":"Tài khoản hoặc mật khẩu không chính xác"}
2024-10-23 10:31:27::error::/v1/api/user/me::38f526dd-663d-4b71-bdc4-6d3079c59f52::403 - 1ms - Response: {"status":403,"now":1729654287351}::{"message":"Access token missing"}
2024-10-23 10:31:39::error::/v1/api/user/me::e36f113e-1985-4809-9269-95fe1a41b63c::403 - 1ms - Response: {"status":403,"now":1729654299696}::{"message":"Access token missing"}
2024-10-23 10:31:39::error::/v1/api/user/readUserProfile/67186757ad33667300067208::f52de85f-265e-4a77-ad94-251b91be49f7::404 - 0ms - Response: {"status":404,"now":1729654299743}::{"message":"Bạn cần đăng nhập để thực hiện thao tác này"}
2024-10-23 10:32:28::error::/v1/api/user/me::f9a37a18-8c9a-4292-9a6d-aaf5f7e54a80::403 - 0ms - Response: {"status":403,"now":1729654348917}::{"message":"Access token missing"}
2024-10-23 10:32:28::error::/v1/api/user/readUserProfile/67186757ad33667300067208::feffa9cf-041c-4083-b154-9a5314bcfe8e::404 - 0ms - Response: {"status":404,"now":1729654348964}::{"message":"Bạn cần đăng nhập để thực hiện thao tác này"}
2024-10-23 10:32:56::error::/v1/api/user/readUserProfile/67186757ad33667300067208::91a88f09-5d41-47dd-a4f5-d98236ad4d62::404 - 0ms - Response: {"status":404,"now":1729654376344}::{"message":"Bạn cần đăng nhập để thực hiện thao tác này"}
2024-10-23 10:32:58::error::/v1/api/user/readUserProfile/67186757ad33667300067208::803b4935-e28b-4b47-bc6f-5efb2ad2f2df::404 - 0ms - Response: {"status":404,"now":1729654378490}::{"message":"Bạn cần đăng nhập để thực hiện thao tác này"}
2024-10-23 10:33:00::error::/v1/api/user/readUserProfile/67186757ad33667300067208::efe83120-99ee-48bf-b93a-27e8d8729f0e::404 - 0ms - Response: {"status":404,"now":1729654380188}::{"message":"Bạn cần đăng nhập để thực hiện thao tác này"}
2024-10-23 10:33:01::error::/v1/api/user/readUserProfile/67186757ad33667300067208::d9b2363f-fab1-4292-911f-d11f398e14dd::404 - 0ms - Response: {"status":404,"now":1729654381583}::{"message":"Bạn cần đăng nhập để thực hiện thao tác này"}
2024-10-23 10:33:04::error::/v1/api/user/readUserProfile/67186757ad33667300067208::4e1d5f1c-fd08-400e-ba8f-d1e4101a4d31::404 - 0ms - Response: {"status":404,"now":1729654384932}::{"message":"Bạn cần đăng nhập để thực hiện thao tác này"}
2024-10-23 10:33:07::error::/v1/api/user/readUserProfile/67186757ad33667300067208::0f0a4f59-26a8-49de-a0a3-016e3a5495e3::404 - 0ms - Response: {"status":404,"now":1729654387057}::{"message":"Bạn cần đăng nhập để thực hiện thao tác này"}
2024-10-23 10:33:26::error::/v1/api/user/readUserProfile/67186757ad33667300067208::1c488732-a136-4e55-b1b0-410f3971a9ed::404 - 0ms - Response: {"status":404,"now":1729654406306}::{"message":"Bạn cần đăng nhập để thực hiện thao tác này"}
2024-10-23 10:47:10::error::/v1/api/user/me::1ab262da-c70a-4421-b887-91411419da56::403 - 1ms - Response: {"status":403,"now":1729655230049}::{"message":"Access token missing"}
2024-10-23 10:48:16::error::/v1/api/user/me::410c1259-55c5-4a31-8efb-d7a19e7f0cb5::403 - 1ms - Response: {"status":403,"now":1729655296755}::{"message":"Access token missing"}
2024-10-23 10:48:19::error::/v1/api/user/me::8bd53a0b-6aa0-485c-95ff-4fb4a5f003e9::403 - 1ms - Response: {"status":403,"now":1729655299440}::{"message":"Access token missing"}
2024-10-23 10:48:57::error::/v1/api/talentRequest/readMyTalentRequest::6405e800-b497-4dff-bf2b-02784151284f::404 - 0ms - Response: {"status":404,"now":1729655337577}::{"message":"Không tìm thấy yêu cầu nâng cấp"}
2024-10-23 10:50:49::error::/v1/api/talentRequest/readMyTalentRequest::274cbf1a-2880-490b-9a00-41cbd000fb8b::404 - 0ms - Response: {"status":404,"now":1729655449967}::{"message":"Không tìm thấy yêu cầu nâng cấp"}
2024-10-23 10:51:11::error::/v1/api/talentRequest/readMyTalentRequest::72db632d-7fe4-4fa3-ba8f-ace50cb4fa48::404 - 0ms - Response: {"status":404,"now":1729655471751}::{"message":"Không tìm thấy yêu cầu nâng cấp"}
2024-10-23 10:51:23::error::/v1/api/talentRequest/readMyTalentRequest::37f66872-21e7-4fc3-aaa3-ca4afb3489a0::404 - 0ms - Response: {"status":404,"now":1729655483160}::{"message":"Không tìm thấy yêu cầu nâng cấp"}
2024-10-23 10:51:24::error::/v1/api/talentRequest/readMyTalentRequest::8a4c7704-c84b-4dad-b169-c5b6fec5bf7a::404 - 0ms - Response: {"status":404,"now":1729655484920}::{"message":"Không tìm thấy yêu cầu nâng cấp"}
2024-10-23 10:51:25::error::/v1/api/talentRequest/readMyTalentRequest::da3b7c5b-4673-4a1c-a3f5-91de73540a43::404 - 0ms - Response: {"status":404,"now":1729655485337}::{"message":"Không tìm thấy yêu cầu nâng cấp"}
2024-10-23 10:51:26::error::/v1/api/talentRequest/readMyTalentRequest::6efabec0-e1f8-4b2d-9b10-f0bdf6824e30::404 - 1ms - Response: {"status":404,"now":1729655486380}::{"message":"Không tìm thấy yêu cầu nâng cấp"}
2024-10-23 10:51:27::error::/v1/api/talentRequest/readMyTalentRequest::64f5c70b-e015-44f0-aa84-44b98384f74c::404 - 0ms - Response: {"status":404,"now":1729655487024}::{"message":"Không tìm thấy yêu cầu nâng cấp"}
2024-10-23 10:51:27::error::/v1/api/talentRequest/readMyTalentRequest::92532c7c-5e16-42a4-a709-2a84890b4f62::404 - 1ms - Response: {"status":404,"now":1729655487624}::{"message":"Không tìm thấy yêu cầu nâng cấp"}
2024-10-23 10:51:28::error::/v1/api/talentRequest/readMyTalentRequest::b2f7c850-83dd-47e3-a77e-5b14463cc47b::404 - 0ms - Response: {"status":404,"now":1729655488120}::{"message":"Không tìm thấy yêu cầu nâng cấp"}
2024-10-23 10:51:29::error::/v1/api/talentRequest/readMyTalentRequest::cb0010cf-bb1d-44dc-8754-9148c23f78e9::404 - 1ms - Response: {"status":404,"now":1729655489090}::{"message":"Không tìm thấy yêu cầu nâng cấp"}
2024-10-23 10:51:29::error::/v1/api/talentRequest/readMyTalentRequest::957ce2cd-5839-4ffb-9317-e4256d7c0f8f::404 - 0ms - Response: {"status":404,"now":1729655489440}::{"message":"Không tìm thấy yêu cầu nâng cấp"}
2024-10-23 10:51:29::error::/v1/api/talentRequest/readMyTalentRequest::8dedfe81-01bb-44d4-9b6f-3db6ce74d259::404 - 0ms - Response: {"status":404,"now":1729655489882}::{"message":"Không tìm thấy yêu cầu nâng cấp"}
2024-10-23 10:51:30::error::/v1/api/talentRequest/readMyTalentRequest::d8ef2644-e9cc-4f06-9724-f73aac14ceb7::404 - 0ms - Response: {"status":404,"now":1729655490989}::{"message":"Không tìm thấy yêu cầu nâng cấp"}
2024-10-23 10:51:43::error::/v1/api/user/me::bb702332-de16-404a-b516-b19e7a8e7a0f::403 - 1ms - Response: {"status":403,"now":1729655503360}::{"message":"Access token missing"}
2024-10-23 10:51:51::error::/v1/api/auth/users/login::4caac2f0-709e-4250-86c6-3bcbdb503fbb::401 - 0ms - Response: {"status":401,"now":1729655511166}::{"message":"Tài khoản hoặc mật khẩu không chính xác"}
2024-10-23 10:52:33::error::/v1/api/user/me::a418acfb-38d4-4e97-9653-8cf29e3dbbf7::403 - 0ms - Response: {"status":403,"now":1729655553668}::{"message":"Access token missing"}
2024-10-23 10:52:36::error::/v1/api/auth/users/login::f981ca41-f434-41cd-bb7b-769bff996693::401 - 0ms - Response: {"status":401,"now":1729655556540}::{"message":"Tài khoản hoặc mật khẩu không chính xác"}
2024-10-23 10:56:58::error::/v1/api/commissionService/createCommissionService::9546627e-8ac6-48c8-8e3c-9021fe003c63::403 - 0ms - Response: {"status":403,"now":1729655818512}::{"message":"Hãy nhập đầy đủ những thông tin cần thiết"}
2024-10-23 10:57:08::error::/v1/api/commissionService/createCommissionService::ca38d187-519f-43ce-9cf7-d9df69914738::403 - 1ms - Response: {"status":403,"now":1729655828095}::{"message":"Hãy nhập đầy đủ những thông tin cần thiết"}
2024-10-23 11:01:18::error::/v1/api/commissionService/createCommissionService::2ae955df-50b3-40a1-8ef5-e36ba2cd2c40::403 - 0ms - Response: {"status":403,"now":1729656078603}::{"message":"Hãy nhập đầy đủ những thông tin cần thiết"}
2024-10-23 11:03:43::error::/v1/api/commissionService/createCommissionService::f6d67f57-cdeb-4931-b198-152f8ced701f::403 - 1ms - Response: {"status":403,"now":1729656223865}::{"message":"Hãy nhập đầy đủ những thông tin cần thiết"}
