2024-10-13 08:52:44::info::/v1/api/user/me::dfe1f1e3-1026-4b1d-be8c-6a526280b49f::input-params ::GET::::{}
2024-10-13 08:52:44::info::/v1/api/movement/readMovements::58c7d244-6fa6-453d-928b-593807f1473d::input-params ::GET::::{}
2024-10-13 08:52:44::info::/v1/api/news/readNewss::a4da597c-d783-4068-8372-f40cd32e1bc3::input-params ::GET::::{}
2024-10-13 08:52:45::info::/v1/api/movement/readMovements::7704c1b3-e763-4b49-85b6-23455a64b79f::input-params ::GET::::{}
2024-10-13 08:52:45::info::/v1/api/news/readNewss::5863da85-c6bf-4e75-a736-5dab9d110e9f::input-params ::GET::::{}
2024-10-13 08:52:53::info::/v1/api/user/readUserProfile/66a5a6a373370474cf4eae1d::b7cd2045-ae35-4463-ade4-318a76e61f88::input-params ::GET::::{}
2024-10-13 08:52:53::info::/v1/api/serviceCategory/readServiceCategoriesWithServices/66a5a6a373370474cf4eae1d::1d31220d-bd20-49cb-b639-d9711bb40471::input-params ::GET::::{}
2024-10-13 08:52:58::info::/v1/api/post/readPostCategoriesWithPosts/66a5a6a373370474cf4eae1d::c843de22-d9d5-43b7-991c-7b3704df4a4f::input-params ::GET::::{}
2024-10-13 08:52:58::info::/v1/api/termOfService/readTermOfServices::5bdb702a-60f3-4b82-b3af-9a208d8d8ca0::input-params ::GET::::{}
2024-10-13 08:53:04::info::/v1/api/post/readBookmarkedPosts/66a5a6a373370474cf4eae1d::d40dadb9-f62c-4d8d-9cc2-be1b9aa22fdc::input-params ::GET::::{}
2024-10-13 08:53:04::info::/v1/api/commissionService/readBookmarkedServices/66a5a6a373370474cf4eae1d::bdeb8f17-0623-4c67-93df-7ca34829a048::input-params ::GET::::{}
2024-10-13 08:53:08::info::/v1/api/movement/readMovements::80ae1f91-74f5-4c92-8b87-b1d095506680::input-params ::GET::::{}
2024-10-13 08:53:08::info::/v1/api/user/readUserProfile/66a5a6a373370474cf4eae1d::16d605ce-09ea-47f4-a97c-5a4ee3fac546::input-params ::GET::::{}
2024-10-13 08:53:08::info::/v1/api/post/readBookmarkedPosts/66a5a6a373370474cf4eae1d::0b95512b-48c0-441f-92a2-d0f1724a1ec8::input-params ::GET::::{}
2024-10-13 08:53:08::info::/v1/api/commissionService/readBookmarkedServices/66a5a6a373370474cf4eae1d::069eeb3e-86f5-406e-9f46-69babb80312b::input-params ::GET::::{}
2024-10-13 08:53:10::info::/v1/api/user/me::3ddcf886-7729-4a0c-ad64-8eadbf52fc93::input-params ::GET::::{}
2024-10-13 08:53:10::info::/v1/api/user/me::8727ebb6-dd46-4245-abb0-3770f2a68e28::input-params ::GET::::{}
2024-10-13 08:53:10::info::/v1/api/movement/readMovements::e3e7d5ee-34d0-40ea-9e67-1c94104607c9::input-params ::GET::::{}
2024-10-13 08:53:10::info::/v1/api/user/readUserProfile/66a5a6a373370474cf4eae1d::74ec4475-9aaf-4e36-a801-d2e5f7f8a6a5::input-params ::GET::::{}
2024-10-13 08:53:10::info::/v1/api/commissionService/readBookmarkedServices/66a5a6a373370474cf4eae1d::efa581ac-19ce-413d-9642-f479be464254::input-params ::GET::::{}
2024-10-13 08:53:10::info::/v1/api/post/readBookmarkedPosts/66a5a6a373370474cf4eae1d::057db182-05b5-4661-a1fd-7f71f9e419ab::input-params ::GET::::{}
2024-10-13 08:53:10::info::/v1/api/user/me::4e2251df-e034-4937-99c0-125d1da49d03::input-params ::GET::::{}
2024-10-13 08:53:10::info::/v1/api/movement/readMovements::656201d2-90a6-4ec7-a999-7502376c6681::input-params ::GET::::{}
2024-10-13 08:53:10::info::/v1/api/user/readUserProfile/66a5a6a373370474cf4eae1d::83baaed2-ee87-459f-89a5-53d54054c50d::input-params ::GET::::{}
2024-10-13 08:53:10::info::/v1/api/commissionService/readBookmarkedServices/66a5a6a373370474cf4eae1d::214ae607-a971-4d0e-a795-c5fa9081d9e5::input-params ::GET::::{}
2024-10-13 08:53:10::info::/v1/api/movement/readMovements::c00715f8-3fe3-425a-8aa4-45af0fe68887::input-params ::GET::::{}
2024-10-13 08:53:10::info::/v1/api/user/readUserProfile/66a5a6a373370474cf4eae1d::6962a6ca-4ea2-4676-bcf6-f62a2e8ce975::input-params ::GET::::{}
2024-10-13 08:53:11::info::/v1/api/post/readBookmarkedPosts/66a5a6a373370474cf4eae1d::c979aea2-1aa9-4cda-8c52-94a8152b932b::input-params ::GET::::{}
2024-10-13 08:53:11::info::/v1/api/commissionService/readBookmarkedServices/66a5a6a373370474cf4eae1d::03a02c6e-632f-41cb-a2f8-84b43faffd7f::input-params ::GET::::{}
2024-10-13 08:53:11::info::/v1/api/post/readBookmarkedPosts/66a5a6a373370474cf4eae1d::61b2ee66-b413-4ed9-9013-5fb651bd51e6::input-params ::GET::::{}
2024-10-13 08:53:36::info::/v1/api/movement/readMovements::666c23ce-4246-4534-a657-73e453119f22::input-params ::GET::::{}
2024-10-13 08:53:36::info::/v1/api/user/readUserProfile/66a5a6a373370474cf4eae1d::d3417417-05e8-455a-b182-d6d0c38105e5::input-params ::GET::::{}
2024-10-13 08:53:36::info::/v1/api/post/readBookmarkedPosts/66a5a6a373370474cf4eae1d::85503943-610f-4e7f-986d-a6cf32fda84f::input-params ::GET::::{}
2024-10-13 08:53:36::info::/v1/api/commissionService/readBookmarkedServices/66a5a6a373370474cf4eae1d::02ac65cb-2c1a-4e8a-a801-dbde5b0524e4::input-params ::GET::::{}
2024-10-13 08:53:40::info::/v1/api/serviceCategory/readServiceCategoriesWithServices/66a5a6a373370474cf4eae1d::e797491a-1b46-4888-ba09-e1a64d7a75e8::input-params ::GET::::{}
2024-10-13 08:53:41::info::/v1/api/user/me::d4014911-bb64-42fd-a636-53279cc58c5f::input-params ::GET::::{}
2024-10-13 08:53:41::info::/v1/api/user/me::2cd66135-99df-41bf-b80c-b0a73f579e50::input-params ::GET::::{}
2024-10-13 08:53:41::info::/v1/api/movement/readMovements::d2de44c4-4685-46a8-b398-64eddc664e6e::input-params ::GET::::{}
2024-10-13 08:53:41::info::/v1/api/user/readUserProfile/66a5a6a373370474cf4eae1d::56f2992d-dc78-4c15-8a8c-ce5053a3a389::input-params ::GET::::{}
2024-10-13 08:53:41::info::/v1/api/serviceCategory/readServiceCategoriesWithServices/66a5a6a373370474cf4eae1d::c2b3c71f-c0f4-4f1c-828d-f1cad5610487::input-params ::GET::::{}
2024-10-13 08:53:41::info::/v1/api/movement/readMovements::a46f8321-8774-4c64-b249-b09aa1a69d5a::input-params ::GET::::{}
2024-10-13 08:53:41::info::/v1/api/user/readUserProfile/66a5a6a373370474cf4eae1d::b1797959-acb6-40aa-8114-fee7518808e4::input-params ::GET::::{}
2024-10-13 08:53:41::info::/v1/api/serviceCategory/readServiceCategoriesWithServices/66a5a6a373370474cf4eae1d::a178bf44-7418-4fee-8ced-1428b91f1bcd::input-params ::GET::::{}
2024-10-13 08:53:58::info::/v1/api/user/me::79a4abbc-218b-4759-9e15-f5522cea0237::input-params ::GET::::{}
2024-10-13 08:53:58::info::/v1/api/user/me::aa3f2643-e6f9-4495-9b52-873f18b398ad::input-params ::GET::::{}
2024-10-13 08:53:58::info::/v1/api/movement/readMovements::e27871df-e225-4467-b3f9-b3d73bf35392::input-params ::GET::::{}
2024-10-13 08:53:58::info::/v1/api/user/readUserProfile/66a5a6a373370474cf4eae1d::bd5c5596-2c0f-4353-a824-c6fc9032834e::input-params ::GET::::{}
2024-10-13 08:53:58::info::/v1/api/user/me::14fb3338-8be2-4501-8be0-350739fb9ce6::input-params ::GET::::{}
2024-10-13 08:53:58::info::/v1/api/movement/readMovements::cf617e23-03bf-4eb8-9241-5b20c19243e1::input-params ::GET::::{}
2024-10-13 08:53:58::info::/v1/api/post/readBookmarkedPosts/66a5a6a373370474cf4eae1d::9c233cd9-c920-48d6-acbb-9647ff7cf02e::input-params ::GET::::{}
2024-10-13 08:53:58::info::/v1/api/commissionService/readBookmarkedServices/66a5a6a373370474cf4eae1d::336113ea-ef58-4552-acee-bad008dc3644::input-params ::GET::::{}
2024-10-13 08:53:58::info::/v1/api/user/readUserProfile/66a5a6a373370474cf4eae1d::b18af5b3-5f85-4d10-9bb7-8509e7700ca1::input-params ::GET::::{}
2024-10-13 08:53:59::info::/v1/api/user/me::bcdf9b03-1f70-4057-a54a-1411f4f08a8a::input-params ::GET::::{}
2024-10-13 08:53:59::info::/v1/api/user/me::24e0c25f-8ab7-4796-88ae-71cd785b728e::input-params ::GET::::{}
2024-10-13 08:53:59::info::/v1/api/movement/readMovements::1d135ea4-43e5-44cb-a5a3-20fb647ec773::input-params ::GET::::{}
2024-10-13 08:53:59::info::/v1/api/user/readUserProfile/66a5a6a373370474cf4eae1d::68b04c05-9861-49de-8806-841c4e06e2e4::input-params ::GET::::{}
2024-10-13 08:53:59::info::/v1/api/user/me::a5e61f6e-ae67-46c2-b8f3-4223fa5324db::input-params ::GET::::{}
2024-10-13 08:53:59::info::/v1/api/movement/readMovements::ece8d050-42f0-4053-aaef-438a1d9e651c::input-params ::GET::::{}
2024-10-13 08:53:59::info::/v1/api/post/readBookmarkedPosts/66a5a6a373370474cf4eae1d::504e57ba-2543-4747-b177-486cc50f6223::input-params ::GET::::{}
2024-10-13 08:53:59::info::/v1/api/commissionService/readBookmarkedServices/66a5a6a373370474cf4eae1d::a7997941-a818-4857-8ff5-65ff51bf942e::input-params ::GET::::{}
2024-10-13 08:53:59::info::/v1/api/user/readUserProfile/66a5a6a373370474cf4eae1d::7ba474bd-4b61-4f79-9941-a29fdd1e4b1f::input-params ::GET::::{}
2024-10-13 08:53:59::info::/v1/api/post/readBookmarkedPosts/66a5a6a373370474cf4eae1d::57bdf713-3d34-4e85-80ed-f43a104b0d8b::input-params ::GET::::{}
2024-10-13 08:53:59::info::/v1/api/commissionService/readBookmarkedServices/66a5a6a373370474cf4eae1d::361d1ecb-271a-48fb-974c-cdef4d1497e0::input-params ::GET::::{}
2024-10-13 08:53:59::info::/v1/api/movement/readMovements::dbc2107f-da72-4f1b-9b26-868d2799e98e::input-params ::GET::::{}
2024-10-13 08:53:59::info::/v1/api/user/readUserProfile/66a5a6a373370474cf4eae1d::49bb5761-5f21-41c3-b910-f130400015e7::input-params ::GET::::{}
2024-10-13 08:53:59::info::/v1/api/post/readBookmarkedPosts/66a5a6a373370474cf4eae1d::96eea946-be90-46a7-a5e4-0468720fce56::input-params ::GET::::{}
2024-10-13 08:53:59::info::/v1/api/commissionService/readBookmarkedServices/66a5a6a373370474cf4eae1d::c3346c71-b0ac-4179-96b9-728705f8e5ac::input-params ::GET::::{}
2024-10-13 08:54:00::info::/v1/api/user/me::2a6949b6-64d9-46fe-8c4a-bc034db27e93::input-params ::GET::::{}
2024-10-13 08:54:00::info::/v1/api/movement/readMovements::9c2035a7-79b7-418f-b7b9-b50fd91260db::input-params ::GET::::{}
2024-10-13 08:54:00::info::/v1/api/user/readUserProfile/66a5a6a373370474cf4eae1d::e09a2d44-5f84-49f0-85d7-03b12c23a3b5::input-params ::GET::::{}
2024-10-13 08:54:00::info::/v1/api/post/readBookmarkedPosts/66a5a6a373370474cf4eae1d::030ff4d5-1a78-482c-8766-1dd09d08abe3::input-params ::GET::::{}
2024-10-13 08:54:00::info::/v1/api/commissionService/readBookmarkedServices/66a5a6a373370474cf4eae1d::d5df84f4-2fe5-4b57-ac41-69c5b605af96::input-params ::GET::::{}
2024-10-13 08:55:51::info::/v1/api/movement/readMovements::8ab29ade-26f7-408b-9513-502e513d5b3f::input-params ::GET::::{}
2024-10-13 08:55:51::info::/v1/api/user/readUserProfile/66a5a6a373370474cf4eae1d::8f991ffb-06b3-4000-8796-905031b7719c::input-params ::GET::::{}
2024-10-13 08:55:51::info::/v1/api/post/readBookmarkedPosts/66a5a6a373370474cf4eae1d::515a6eff-583c-4337-87eb-2e6961c10fd7::input-params ::GET::::{}
2024-10-13 08:55:51::info::/v1/api/commissionService/readBookmarkedServices/66a5a6a373370474cf4eae1d::c945797a-7b90-4e1b-986c-f23c840830c9::input-params ::GET::::{}
2024-10-13 08:55:53::info::/v1/api/order/readTalentOrderHistory::74a1b267-c03a-4d8f-978a-c8c562998c0d::input-params ::GET::::{}
2024-10-13 08:58:05::info::/v1/api/movement/readMovements::f11302e1-6ea6-42bd-879e-1d5bd55546f1::input-params ::GET::::{}
2024-10-13 08:58:05::info::/v1/api/order/readTalentOrderHistory::9e7109dc-973b-46e7-8a3b-e9b68e3dd876::input-params ::GET::::{}
2024-10-13 08:58:09::info::/v1/api/order/readOrders::db593583-b810-4af0-b041-a538ceb545cb::input-params ::GET::::{"isDirect":"false","sortBy":"createdAt","sortOrder":"desc"}
2024-10-13 09:03:25::info::/v1/api/movement/readMovements::badfc616-74d1-4716-a8f9-bd860a5033d0::input-params ::GET::::{}
2024-10-13 09:03:25::info::/v1/api/order/readOrders::a5a29ce5-65cb-40bc-a649-0bb076160a2a::input-params ::GET::::{"isDirect":"false","sortBy":"createdAt","sortOrder":"desc"}
2024-10-13 09:03:53::info::/v1/api/order/readOrders::9b3d671f-154f-4d9f-a66c-610d84fdad2b::input-params ::GET::::{"isDirect":"false","sortBy":"createdAt","sortOrder":"desc"}
2024-10-13 09:03:53::info::/v1/api/movement/readMovements::df955d5b-1dc9-41a2-a32d-b14fec07a527::input-params ::GET::::{}
2024-10-13 09:05:57::info::/v1/api/movement/readMovements::dcd99791-9bb8-445a-8cb2-b71d8ebc67d4::input-params ::GET::::{}
2024-10-13 09:05:57::info::/v1/api/order/readOrders::763af577-a56a-42bc-9b80-1bdc70acdf9c::input-params ::GET::::{"isDirect":"false","sortBy":"createdAt","sortOrder":"desc"}
2024-10-13 09:06:07::info::/v1/api/movement/readMovements::0caba002-0a62-4680-ad98-aba95b0d597d::input-params ::GET::::{}
2024-10-13 09:06:07::info::/v1/api/order/readOrders::e2acfb7a-642b-4c96-8815-bf383eae8b75::input-params ::GET::::{"isDirect":"false","sortBy":"createdAt","sortOrder":"desc"}
2024-10-13 09:07:16::info::/v1/api/user/me::cc42f72f-c315-4e3d-af5e-ede77d56ada9::input-params ::GET::::{}
2024-10-13 09:07:16::info::/v1/api/movement/readMovements::bcdf29a5-9d55-4367-b962-a39b13fbd55a::input-params ::GET::::{}
2024-10-13 09:07:17::info::/v1/api/movement/readMovements::f2e33d19-d9e9-4aaf-b78b-7f576c303420::input-params ::GET::::{}
2024-10-13 09:07:17::info::/v1/api/order/readOrders::1769e00c-5919-4c5c-b959-fa6c245b2d39::input-params ::GET::::{"isDirect":"false","sortBy":"createdAt","sortOrder":"desc"}
2024-10-13 09:07:18::info::/v1/api/movement/readMovements::9393272f-c6dd-4b0f-a10a-a87a9896bc71::input-params ::GET::::{}
2024-10-13 09:07:23::info::/v1/api/movement/readMovements::61d6b55c-f5b8-4cbc-84c9-4a7c035dac25::input-params ::GET::::{}
2024-10-13 09:07:23::info::/v1/api/user/me::6359767c-617e-4180-b0e7-54823c6e6916::input-params ::GET::::{}
2024-10-13 09:07:23::info::/v1/api/movement/readMovements::c0457d89-b4e9-4995-b24c-e6e8e6939641::input-params ::GET::::{}
2024-10-13 09:07:32::info::/v1/api/order/readOrders::ab9eade6-7ffd-4aae-a643-1634479e36a2::input-params ::GET::::{"isDirect":"false","sortBy":"createdAt","sortOrder":"desc"}
2024-10-13 09:07:32::info::/v1/api/movement/readMovements::b58b80e6-c136-488d-b384-5b7fa102f272::input-params ::GET::::{}
2024-10-13 09:08:04::info::/v1/api/movement/readMovements::e80af633-ce5c-4317-a76d-a2f9b4089fb1::input-params ::GET::::{}
2024-10-13 09:08:04::info::/v1/api/order/readOrders::92a9e062-6666-4127-afbe-8c40a2aea3da::input-params ::GET::::{"isDirect":"false","sortBy":"createdAt","sortOrder":"desc"}
2024-10-13 09:08:07::info::/v1/api/movement/readMovements::a0517f6f-684a-4dff-9ff7-4b4c5880a61d::input-params ::GET::::{}
2024-10-13 09:08:08::info::/v1/api/movement/readMovements::a9289120-ddd1-4a0b-8948-e729e473e022::input-params ::GET::::{}
2024-10-13 09:08:57::info::/v1/api/movement/readMovements::659a7525-3db3-4e22-aac0-28eb64b22d5e::input-params ::GET::::{}
2024-10-13 09:08:57::info::/v1/api/order/readOrders::2b2fcbc3-ce3d-4313-863b-720a32dc89cd::input-params ::GET::::{"isDirect":"false","sortBy":"createdAt","sortOrder":"desc"}
2024-10-13 09:19:03::info::/v1/api/movement/readMovements::769d7f37-424b-428e-839d-b8f638cd6722::input-params ::GET::::{}
2024-10-13 09:19:03::info::/v1/api/order/readOrders::28df79e7-822f-4ce6-a453-94ec42a75aed::input-params ::GET::::{"isDirect":"false","sortBy":"createdAt","sortOrder":"desc"}
2024-10-13 09:44:33::info::/v1/api/user/me::2b82c313-8da7-4e6c-80ac-c232784c2fc9::input-params ::GET::::{}
2024-10-13 09:44:39::info::/v1/api/user/me::16ecf8ba-fc77-4e2f-97e7-37f7ca7d2054::input-params ::GET::::{}
2024-10-13 09:44:39::info::/v1/api/movement/readMovements::925d1588-a4bb-44fd-8350-9e36db1cc647::input-params ::GET::::{}
2024-10-13 09:44:39::info::/v1/api/movement/readMovements::7829b51b-bb89-4bb0-9939-a9ae67ed4c0d::input-params ::GET::::{}
2024-10-13 09:44:39::info::/v1/api/order/readOrders::6d5e27f5-9692-4f22-bda6-a426becb7c58::input-params ::GET::::{"isDirect":"false","sortBy":"createdAt","sortOrder":"desc"}
2024-10-13 09:45:15::info::/v1/api/movement/readMovements::d5c6a4af-4d7d-4388-88a7-bcc50552aba4::input-params ::GET::::{}
2024-10-13 09:45:15::info::/v1/api/order/readOrders::a2eb7a94-deec-49c3-8cba-72bec433d500::input-params ::GET::::{"isDirect":"false","sortBy":"createdAt","sortOrder":"desc"}
2024-10-13 09:46:14::info::/v1/api/order/readOrders::a8eb7117-1669-4f34-ba16-8d4f53a51f76::input-params ::GET::::{"isDirect":"false","sortBy":"createdAt","sortOrder":"desc"}
2024-10-13 09:46:14::info::/v1/api/movement/readMovements::e983a449-72c5-4263-8905-57fd1d42506f::input-params ::GET::::{}
2024-10-13 09:46:18::info::/v1/api/news/readNewss::bd420a40-a07f-4f1f-906e-a913806fa3ed::input-params ::GET::::{}
2024-10-13 09:46:18::info::/v1/api/recommender/readPopularPosts::cc3c8564-9275-4825-b0b8-7291100f5e83::input-params ::GET::::{"page":"1","limit":"10"}
2024-10-13 09:46:19::info::/v1/api/recommender/readPopularPosts::ae1a3285-b36d-4ee8-bb43-8193e35cd1d9::input-params ::GET::::{"page":"1","limit":"10"}
2024-10-13 09:46:22::info::/v1/api/order/readTalentOrderHistory::b2521f65-d960-4de0-8a54-f13eec6d91fa::input-params ::GET::::{}
2024-10-13 09:46:25::info::/v1/api/movement/readMovements::50a3ab0c-a14d-4493-9a88-ffc0e01fa1e8::input-params ::GET::::{}
2024-10-13 09:46:27::info::/v1/api/user/me::d2f55815-44cd-452f-ab7e-d239e5c3249e::input-params ::GET::::{}
2024-10-13 09:46:28::info::/v1/api/movement/readMovements::db140775-ef3e-43d1-a5b8-6caea76aa572::input-params ::GET::::{}
2024-10-13 09:48:27::info::/v1/api/movement/readMovements::41ee7835-79d0-4b5b-94e7-e550f62866d6::input-params ::GET::::{}
2024-10-13 09:48:27::info::/v1/api/order/readTalentOrderHistory::2b32ac14-71ee-455c-96e8-5b0e0bd45568::input-params ::GET::::{}
2024-10-13 09:48:31::info::/v1/api/movement/readMovements::a7714431-3807-400e-8787-e15033a1e292::input-params ::GET::::{}
2024-10-13 09:48:31::info::/v1/api/order/readTalentOrderHistory::2f878a23-569b-4cba-9926-b6ab1f86342a::input-params ::GET::::{}
2024-10-13 09:48:40::info::/v1/api/movement/readMovements::bcb6cf5e-891f-49fd-b6a1-0b26445be82f::input-params ::GET::::{}
2024-10-13 09:48:43::info::/v1/api/user/me::8954fa07-dadc-4244-988b-9085eff6734b::input-params ::GET::::{}
2024-10-13 09:48:43::info::/v1/api/movement/readMovements::eeb6e50c-9ed7-475c-8f01-7b101c812417::input-params ::GET::::{}
2024-10-13 09:48:46::info::/v1/api/movement/readMovements::e8e6bc50-50c1-458e-bb85-167c90b783e1::input-params ::GET::::{}
2024-10-13 09:48:46::info::/v1/api/user/me::1f3c0ad2-9f2a-4308-92df-ca91cd99a227::input-params ::GET::::{}
2024-10-13 09:48:46::info::/v1/api/movement/readMovements::cd1e5909-1439-441c-a6b7-98c174520bdb::input-params ::GET::::{}
2024-10-13 09:48:47::info::/v1/api/movement/readMovements::bf9815c6-9b11-478e-9f6a-6555e9d905ce::input-params ::GET::::{}
2024-10-13 09:48:47::info::/v1/api/order/readTalentOrderHistory::66af76a3-37f1-482c-8e18-ca1579487ebb::input-params ::GET::::{}
2024-10-13 09:48:57::info::/v1/api/movement/readMovements::6bfeb8d1-8437-435b-91a7-4478e210720a::input-params ::GET::::{}
2024-10-13 09:48:57::info::/v1/api/order/readTalentOrderHistory::7048d2ba-b7c7-4da1-ad4b-19430ca3d4cd::input-params ::GET::::{}
2024-10-13 09:48:58::info::/v1/api/order/readOrders::aed90753-13e2-4fa7-9aab-288fc65ae864::input-params ::GET::::{"isDirect":"false","sortBy":"createdAt","sortOrder":"desc"}
2024-10-13 09:48:59::info::/v1/api/movement/readMovements::d41034dc-14e6-4d70-9e7f-ab11ff3fef44::input-params ::GET::::{}
2024-10-13 09:49:00::info::/v1/api/movement/readMovements::701935a3-e49f-4ccc-9cef-ce804a14fd50::input-params ::GET::::{}
2024-10-13 09:49:00::info::/v1/api/order/readOrders::248dd81a-c818-4401-9914-14cd1e428b79::input-params ::GET::::{"isDirect":"false","sortBy":"createdAt","sortOrder":"desc"}
2024-10-13 09:49:06::info::/v1/api/order/readOrders::429f4cf6-4ccc-4ef8-986d-19e24014ca15::input-params ::GET::::{"isDirect":"false","sortBy":"createdAt","sortOrder":"desc"}
2024-10-13 09:49:16::info::/v1/api/order/readOrders::91b6f777-1dc3-461a-a69e-1b31884060a0::input-params ::GET::::{"isDirect":"false","sortBy":"createdAt","sortOrder":"desc"}
2024-10-13 09:49:16::info::/v1/api/movement/readMovements::8d717256-3e45-4d6d-9d30-96606bd3b19a::input-params ::GET::::{}
2024-10-13 09:49:18::info::/v1/api/user/me::7ecc9df5-84a7-4a0b-a99b-727ce5ae8654::input-params ::GET::::{}
2024-10-13 09:49:18::info::/v1/api/movement/readMovements::e8223353-c84b-4683-9fb1-c4092bfdd6cd::input-params ::GET::::{}
2024-10-13 09:49:19::info::/v1/api/movement/readMovements::f6790c81-ec22-435a-ac18-05240d9e6036::input-params ::GET::::{}
2024-10-13 09:49:19::info::/v1/api/order/readOrders::0453568b-6d1c-4f83-aa2b-a1842dae7ed8::input-params ::GET::::{"isDirect":"false","sortBy":"createdAt","sortOrder":"desc"}
2024-10-13 09:49:21::info::/v1/api/movement/readMovements::64050767-fa4b-4980-828c-9b243cb49b5e::input-params ::GET::::{}
2024-10-13 09:49:21::info::/v1/api/order/readOrders::868cce46-ed33-417c-ae3b-8c660fe4494d::input-params ::GET::::{"isDirect":"false","sortBy":"createdAt","sortOrder":"desc"}
2024-10-13 09:49:53::info::/v1/api/movement/readMovements::edbb95fe-346d-4333-b834-3606a2051388::input-params ::GET::::{}
2024-10-13 09:49:53::info::/v1/api/order/readOrders::a1347564-6799-42f5-a4f4-f4507b3b6382::input-params ::GET::::{"isDirect":"false","sortBy":"createdAt","sortOrder":"desc"}
2024-10-13 09:49:58::info::/v1/api/order/createOrder::aef4cdfb-7f52-4fb8-b9c0-2fbad3cf4952::input-params ::POST::::{}
2024-10-13 09:50:03::info::/v1/api/order/readOrders::50c25726-bd3e-403d-9dce-5ff661689b0a::input-params ::GET::::{"isDirect":"false","sortBy":"createdAt","sortOrder":"desc"}
2024-10-13 09:50:17::info::/v1/api/movement/readMovements::9b45b235-b98c-41ec-b4f3-d3710785b246::input-params ::GET::::{}
2024-10-13 09:50:17::info::/v1/api/order/readOrders::83af158d-755a-4a68-81b8-0e2ec3c92a7b::input-params ::GET::::{"isDirect":"false","sortBy":"createdAt","sortOrder":"desc"}
2024-10-13 09:50:34::info::/v1/api/movement/readMovements::9360c0fc-86d3-498d-93a8-a071f382922b::input-params ::GET::::{}
2024-10-13 09:50:34::info::/v1/api/order/readOrders::319c6c80-3732-4981-a583-fa9b4e9281d7::input-params ::GET::::{"isDirect":"false","sortBy":"createdAt","sortOrder":"desc"}
2024-10-13 09:50:46::info::/v1/api/movement/readMovements::0770ad6e-2d41-4c7f-91ca-0b64aaebae7c::input-params ::GET::::{}
2024-10-13 09:50:46::info::/v1/api/order/readOrders::78db11b3-5b3b-40eb-bdad-3279339176ac::input-params ::GET::::{"isDirect":"false","sortBy":"createdAt","sortOrder":"desc"}
2024-10-13 09:50:54::info::/v1/api/order/readTalentOrderHistory::bec3dc08-b7c5-45bd-bf5c-e29727baf22d::input-params ::GET::::{}
2024-10-13 09:50:56::info::/v1/api/order/readMemberOrderHistory::fb6bf59a-74a3-4fff-8aad-baab3dbd5251::input-params ::GET::::{}
2024-10-13 09:50:59::info::/v1/api/movement/readMovements::6b60dbdd-067d-44c8-bfe0-d89d99f762e6::input-params ::GET::::{}
2024-10-13 09:50:59::info::/v1/api/order/readMemberOrderHistory::f802a63e-6285-45ab-bf2c-059857055865::input-params ::GET::::{}
2024-10-13 09:51:08::info::/v1/api/order/readOrders::720c1519-17d2-462d-85ab-3c1429426daf::input-params ::GET::::{"isDirect":"false","sortBy":"createdAt","sortOrder":"desc"}
2024-10-13 09:56:23::info::/v1/api/movement/readMovements::cd3bc82d-c47f-4550-a150-70368e5d88e3::input-params ::GET::::{}
2024-10-13 09:56:23::info::/v1/api/order/readOrders::dac8da96-4228-436f-bfd6-659aaac90c0f::input-params ::GET::::{"isDirect":"false","sortBy":"createdAt","sortOrder":"desc"}
2024-10-13 09:58:09::info::/v1/api/movement/readMovements::62022767-d2e1-4973-b3fa-14401417695f::input-params ::GET::::{}
2024-10-13 09:58:09::info::/v1/api/order/readOrders::8e803acf-df7c-485f-aa4b-df60fc553629::input-params ::GET::::{"isDirect":"false","sortBy":"createdAt","sortOrder":"desc"}
2024-10-13 09:58:11::info::/v1/api/movement/readMovements::88c40870-0398-4afb-8df1-8d1609a85e38::input-params ::GET::::{}
2024-10-13 09:58:11::info::/v1/api/order/readOrders::6f8da8b4-1d38-4b0d-b0cd-5dc57b450c28::input-params ::GET::::{"isDirect":"false","sortBy":"createdAt","sortOrder":"desc"}
2024-10-13 09:58:14::info::/v1/api/movement/readMovements::d0ca974b-eda8-4710-8568-293ca0965738::input-params ::GET::::{}
2024-10-13 09:58:14::info::/v1/api/order/readOrders::97b30b16-e2d6-4274-a1fa-9dba392594f1::input-params ::GET::::{"isDirect":"false","sortBy":"createdAt","sortOrder":"desc"}
2024-10-13 09:58:18::info::/v1/api/movement/readMovements::8c2cdef6-46b5-4665-81ab-6bd31510e683::input-params ::GET::::{}
2024-10-13 09:58:19::info::/v1/api/movement/readMovements::02406253-0413-423c-8e6c-76ce1100681e::input-params ::GET::::{}
2024-10-13 09:58:19::info::/v1/api/order/readOrders::170727f2-f1c2-4aa1-a84e-10f5ec26ebbf::input-params ::GET::::{"isDirect":"false","sortBy":"createdAt","sortOrder":"desc"}
2024-10-13 10:00:20::info::/v1/api/order/readOrders::9108a483-6f7e-412d-9d16-f5ef2a03ca3f::input-params ::GET::::{"isDirect":"false","sortBy":"createdAt","sortOrder":"desc"}
2024-10-13 10:00:20::info::/v1/api/movement/readMovements::3c5a14b1-1423-4d44-9098-eac909d7d45e::input-params ::GET::::{}
2024-10-13 10:01:03::info::/v1/api/order/readOrders::de62ecd3-fedb-4dda-be86-b76f230f5354::input-params ::GET::::{"isDirect":"false","sortBy":"createdAt","sortOrder":"desc"}
2024-10-13 10:01:03::info::/v1/api/movement/readMovements::fbc816ba-787c-4630-a9a3-eace39427214::input-params ::GET::::{}
2024-10-13 10:01:03::info::/v1/api/movement/readMovements::dfcb8396-3730-4eb0-abf3-5674282323ea::input-params ::GET::::{}
2024-10-13 10:01:08::info::/v1/api/user/me::cdd98a04-8d48-45f2-883b-682a205c1236::input-params ::GET::::{}
2024-10-13 10:01:09::info::/v1/api/movement/readMovements::7fc7a2bb-3099-45df-873a-864e938b209f::input-params ::GET::::{}
2024-10-13 10:01:09::info::/v1/api/recommender/readPopularPosts::8f3b48ff-c41b-4a1c-9c23-13ea8191e256::input-params ::GET::::{"page":"1","limit":"10"}
2024-10-13 10:01:09::info::/v1/api/news/readNewss::a393d7de-4068-45d8-aa8e-e44fb98ad747::input-params ::GET::::{}
2024-10-13 10:01:09::info::/v1/api/recommender/readPopularPosts::48c4354f-a950-4c46-8f06-8e59cb8af288::input-params ::GET::::{"page":"1","limit":"10"}
2024-10-13 10:01:12::info::/v1/api/order/readOrders::dc0fdfca-97bc-4730-8191-a6b239e27662::input-params ::GET::::{"isDirect":"false","sortBy":"createdAt","sortOrder":"desc"}
2024-10-13 10:01:16::info::/v1/api/auth/users/logout::4556fb54-a52e-4350-9ada-6217ea18ab4e::input-params ::POST::::{}
2024-10-13 10:01:16::info::/v1/api/user/me::962fc72f-a989-41d2-9444-fb4bcaf6fdcd::input-params ::GET::::{}
2024-10-13 10:01:16::error::/v1/api/user/me::962fc72f-a989-41d2-9444-fb4bcaf6fdcd::403 - 0ms - Response: {"status":403,"now":1728788476763}::{"message":"Access token missing"}
2024-10-13 10:01:24::info::/v1/api/auth/google::18dfa3b8-2a57-472c-ae0b-b696886ec7f8::input-params ::GET::::{}
2024-10-13 10:01:30::info::/v1/api/auth/google/callback::0df92cdf-5c34-44b0-90ae-635689ba510e::input-params ::GET::::{"code":"4/0AVG7fiS0OWcQoZa26itY588dBrkS0xydHoglSWUGWDLwH4DCCaYQbS_Du7JeFrkWxvrg9Q","scope":"email profile openid https://www.googleapis.com/auth/userinfo.profile https://www.googleapis.com/auth/userinfo.email","authuser":"1","prompt":"consent"}
2024-10-13 10:01:31::info::/v1/api/user/me::c147f3b6-60cc-4d9c-80c3-c2163e5223e0::input-params ::GET::::{}
2024-10-13 10:01:31::info::/v1/api/movement/readMovements::9b85289c-eee3-457f-9f99-73fe37d51c87::input-params ::GET::::{}
2024-10-13 10:01:31::info::/v1/api/news/readNewss::d55d7341-1f0a-4fc2-b736-ed7501d214f2::input-params ::GET::::{}
2024-10-13 10:01:31::info::/v1/api/recommender/readPopularPosts::e523ab44-c6b0-44bd-a59d-a3a8a32132ac::input-params ::GET::::{"page":"1","limit":"10"}
2024-10-13 10:01:32::info::/v1/api/recommender/readPopularPosts::19f79711-0503-4d9b-9378-1cc76e92ebf9::input-params ::GET::::{"page":"1","limit":"10"}
2024-10-13 10:01:34::info::/v1/api/user/readUserProfile/67051bd57244a80fb5afea21::e94373af-4181-47d1-9a8b-d386761734f8::input-params ::GET::::{}
2024-10-13 10:01:41::info::/v1/api/auth/users/logout::55076d05-1013-4d7b-9b18-910623fa2632::input-params ::POST::::{}
2024-10-13 10:01:41::info::/v1/api/user/me::cbb32fb8-fc6b-4b52-a586-0e7583ec79b9::input-params ::GET::::{}
2024-10-13 10:01:41::error::/v1/api/user/me::cbb32fb8-fc6b-4b52-a586-0e7583ec79b9::403 - 0ms - Response: {"status":403,"now":1728788501706}::{"message":"Access token missing"}
2024-10-13 10:02:53::info::/v1/api/user/me::1b69a855-b956-4d89-9ab3-7bfe37081dc2::input-params ::GET::::{}
2024-10-13 10:02:53::error::/v1/api/user/me::1b69a855-b956-4d89-9ab3-7bfe37081dc2::403 - 0ms - Response: {"status":403,"now":1728788573804}::{"message":"Access token missing"}
2024-10-13 10:02:53::info::/v1/api/user/readUserProfile/67051bd57244a80fb5afea21::f9480b0b-308c-4170-91f1-db346ed51f6b::input-params ::GET::::{}
2024-10-13 10:02:53::info::/v1/api/movement/readMovements::7f7ecbee-d077-4146-8754-9e1fd623c209::input-params ::GET::::{}
2024-10-13 10:02:56::info::/v1/api/auth/google::e3f084ea-4ff9-41b4-8deb-11089fbdbf57::input-params ::GET::::{}
2024-10-13 10:03:02::info::/v1/api/movement/readMovements::1f994deb-eeef-4056-aaba-66d74f1e596a::input-params ::GET::::{}
2024-10-13 10:03:03::info::/v1/api/movement/readMovements::acfa1b94-5e27-4fcf-90d8-96a0a17354dc::input-params ::GET::::{}
2024-10-13 10:03:04::info::/v1/api/movement/readMovements::98539e7d-5af3-46f4-a445-755e9b561b5b::input-params ::GET::::{}
2024-10-13 10:03:04::info::/v1/api/movement/readMovements::2cf61c17-8174-4d68-aca3-15a20ff8cd9d::input-params ::GET::::{}
2024-10-13 10:03:06::info::/v1/api/auth/users/logout::c5092828-4e7f-4725-ae00-ce1e0bb364a8::input-params ::POST::::{}
2024-10-13 10:03:06::info::/v1/api/user/me::bc8ac9b4-c934-48e6-86a4-e9bd601930c2::input-params ::GET::::{}
2024-10-13 10:03:06::error::/v1/api/user/me::bc8ac9b4-c934-48e6-86a4-e9bd601930c2::403 - 0ms - Response: {"status":403,"now":1728788586328}::{"message":"Access token missing"}
2024-10-13 10:03:09::info::/v1/api/auth/google::a0e8e3ba-9808-4b8b-9c20-1247e1af401f::input-params ::GET::::{}
2024-10-13 10:03:23::info::/v1/api/auth/google/callback::5d9d034c-af77-4808-9adf-97f55df23328::input-params ::GET::::{"code":"4/0AVG7fiSNKJKV0GDGUEHu9TspfoxYpw0ASKwgFwVSBRd-9JuY6Nb5R6zUvNgNxvay39cYoA","scope":"email profile openid https://www.googleapis.com/auth/userinfo.profile https://www.googleapis.com/auth/userinfo.email","authuser":"0","prompt":"consent"}
2024-10-13 10:03:24::info::/v1/api/user/me::ca9cfb17-2f88-4a84-a705-dc9c5f8755af::input-params ::GET::::{}
2024-10-13 10:03:24::info::/v1/api/movement/readMovements::52ee3850-d3e5-4b02-8b76-3d542155ee3c::input-params ::GET::::{}
2024-10-13 10:03:24::info::/v1/api/news/readNewss::dbd1e044-24bf-4d53-935c-5a6b5c87d84e::input-params ::GET::::{}
2024-10-13 10:03:24::info::/v1/api/recommender/readPopularPosts::649ebf6c-f52f-43ad-84b9-5760bddc3bbc::input-params ::GET::::{"page":"1","limit":"10"}
2024-10-13 10:03:25::info::/v1/api/recommender/readPopularPosts::b87720ea-9b66-49d3-857c-cde3d9acf650::input-params ::GET::::{"page":"1","limit":"10"}
2024-10-13 10:03:26::info::/v1/api/user/readUserProfile/66a5ac2d73370474cf4eb369::b64519fe-02ce-43c6-85cb-cdac57ed8745::input-params ::GET::::{}
2024-10-13 10:03:26::info::/v1/api/serviceCategory/readServiceCategoriesWithServices/66a5ac2d73370474cf4eb369::b25c57c1-facb-4856-9359-9d414324753d::input-params ::GET::::{}
2024-10-13 10:03:31::info::/v1/api/order/readOrders::71cf7a1f-68bd-4687-8fc5-20f111d12ced::input-params ::GET::::{"isDirect":"false","sortBy":"createdAt","sortOrder":"desc"}
2024-10-13 10:03:35::info::/v1/api/movement/readMovements::ce963936-815d-4bbe-ab51-754d92004268::input-params ::GET::::{}
2024-10-13 10:03:35::info::/v1/api/order/readOrders::e9643fc7-56fd-4068-bcfc-63e34c192929::input-params ::GET::::{"isDirect":"false","sortBy":"createdAt","sortOrder":"desc"}
2024-10-13 10:03:43::info::/v1/api/auth/users/login::5bd9db3e-dd5a-41eb-956c-575f79f8a8b4::input-params ::POST::::{"email":"phapluu2k5tqt@gmail.com","password":"PhapNhat987AZ@"}
2024-10-13 10:03:45::info::/v1/api/order/readOrders::93d9a1d8-96f3-4b32-b4e6-82fd51512f85::input-params ::GET::::{"isDirect":"false","sortBy":"createdAt","sortOrder":"desc"}
2024-10-13 10:03:48::info::/v1/api/movement/readMovements::9af8ceba-e35b-4de6-b3b4-5ce761d7b5ec::input-params ::GET::::{}
2024-10-13 10:03:48::info::/v1/api/order/readOrders::af5109f0-484d-4b1c-85db-578fc390af96::input-params ::GET::::{"isDirect":"false","sortBy":"createdAt","sortOrder":"desc"}
2024-10-13 10:03:49::info::/v1/api/order/readOrders::64325e4e-d9d5-4c9a-8aae-ed29d2a6ad28::input-params ::GET::::{"isDirect":"false","sortBy":"createdAt","sortOrder":"desc"}
2024-10-13 10:03:49::info::/v1/api/movement/readMovements::acbf2380-292e-4eac-b3a7-e2655ef85f7a::input-params ::GET::::{}
2024-10-13 10:03:50::info::/v1/api/movement/readMovements::ab07eb9a-12da-4f4f-ba84-b8969ee73b6e::input-params ::GET::::{}
2024-10-13 10:03:50::info::/v1/api/order/readOrders::60414eb6-748c-448b-9e02-ecdfa9194ece::input-params ::GET::::{"isDirect":"false","sortBy":"createdAt","sortOrder":"desc"}
2024-10-13 10:03:50::info::/v1/api/order/readOrder/670b355b4ec6cf4defc50bcd::adaf3da6-a71e-4a71-8dab-ba422ac54fed::input-params ::GET::::{}
2024-10-13 10:03:52::info::/v1/api/movement/readMovements::ac19dd87-1d07-4249-a5f1-962abe951457::input-params ::GET::::{}
2024-10-13 10:03:52::info::/v1/api/order/readOrders::2509a9ac-e275-4e54-9cee-27796514208d::input-params ::GET::::{"isDirect":"false","sortBy":"createdAt","sortOrder":"desc"}
2024-10-13 10:03:53::info::/v1/api/order/readOrder/670b355b4ec6cf4defc50bcd::0c1932f0-f756-4b63-bb4b-b0691b6ea9fb::input-params ::GET::::{}
2024-10-13 10:03:56::info::/v1/api/movement/readMovements::18ca0e3e-657e-488b-acda-5d25609e9d59::input-params ::GET::::{}
2024-10-13 10:03:56::info::/v1/api/order/readOrders::acca04dc-1d80-450a-89c9-bce3735bac2f::input-params ::GET::::{"isDirect":"false","sortBy":"createdAt","sortOrder":"desc"}
2024-10-13 10:03:56::info::/v1/api/order/readOrder/670b355b4ec6cf4defc50bcd::884b160e-f4db-40e4-b4e9-2b8e3d60f78e::input-params ::GET::::{}
2024-10-13 10:03:57::info::/v1/api/movement/readMovements::226998c0-dbfe-44a3-acc1-3be2ba3421e1::input-params ::GET::::{}
2024-10-13 10:03:57::info::/v1/api/order/readOrder/670b355b4ec6cf4defc50bcd::d0482643-2d99-42dd-b3f7-b4cd38a0c148::input-params ::GET::::{}
2024-10-13 10:03:57::info::/v1/api/order/readOrders::d338789b-6187-4ab0-9055-4a9d9688aeb2::input-params ::GET::::{"isDirect":"false","sortBy":"createdAt","sortOrder":"desc"}
2024-10-13 10:03:58::info::/v1/api/movement/readMovements::4db98521-f6af-4adc-bde0-bdc52d4d6d72::input-params ::GET::::{}
2024-10-13 10:03:58::info::/v1/api/order/readOrder/670b355b4ec6cf4defc50bcd::62bae98c-1ed2-43a5-a4ab-aeb3a8c9ebb5::input-params ::GET::::{}
2024-10-13 10:03:58::info::/v1/api/order/readOrders::2ebfe349-2cee-44ca-9f65-0cd5e1661237::input-params ::GET::::{"isDirect":"false","sortBy":"createdAt","sortOrder":"desc"}
2024-10-13 10:03:59::info::/v1/api/proposal/readProposals/670b355b4ec6cf4defc50bcd::446a1701-51f3-4dd7-a562-36d38fd8cbf1::input-params ::GET::::{}
2024-10-13 10:04:12::info::/v1/api/movement/readMovements::09ff6e2a-4708-4420-a5f5-1d63bb0ae8ad::input-params ::GET::::{}
2024-10-13 10:04:12::info::/v1/api/order/readOrders::fd56cbac-b9c1-456a-8885-fec07f1eddd5::input-params ::GET::::{"isDirect":"false","sortBy":"createdAt","sortOrder":"desc"}
2024-10-13 10:04:12::info::/v1/api/order/readOrder/670b355b4ec6cf4defc50bcd::9f79e8a5-f82b-4775-91df-8590473a887e::input-params ::GET::::{}
2024-10-13 10:04:27::info::/v1/api/movement/readMovements::a90ba93c-8456-491c-bc05-facdde78e169::input-params ::GET::::{}
2024-10-13 10:04:27::info::/v1/api/order/readOrders::e8bcb93c-f11b-47bf-a033-e8f2ace4716c::input-params ::GET::::{"isDirect":"false","sortBy":"createdAt","sortOrder":"desc"}
2024-10-13 10:04:27::info::/v1/api/order/readOrder/670b355b4ec6cf4defc50bcd::a961c43a-5e80-4389-a808-de70ef72805a::input-params ::GET::::{}
2024-10-13 10:04:29::info::/v1/api/movement/readMovements::7d087bfc-9b7a-4774-96db-3b5064bb92f4::input-params ::GET::::{}
2024-10-13 10:04:29::info::/v1/api/order/readOrders::97f00930-46b3-49ae-8468-30975c15be7b::input-params ::GET::::{"isDirect":"false","sortBy":"createdAt","sortOrder":"desc"}
2024-10-13 10:04:29::info::/v1/api/order/readOrder/670b355b4ec6cf4defc50bcd::e5292f16-6ee9-45eb-8313-db518eda7cde::input-params ::GET::::{}
2024-10-13 10:04:32::info::/v1/api/order/readOrder/670b355b4ec6cf4defc50bcd::56d1140a-b887-4110-82b2-9822adcea8de::input-params ::GET::::{}
2024-10-13 10:04:34::info::/v1/api/movement/readMovements::91db4f66-70c2-4c18-82a9-dc2e26871554::input-params ::GET::::{}
2024-10-13 10:04:34::info::/v1/api/order/readOrders::5c16abde-d8ed-4a1c-8d21-6be83d6a2648::input-params ::GET::::{"isDirect":"false","sortBy":"createdAt","sortOrder":"desc"}
2024-10-13 10:04:34::info::/v1/api/order/readOrder/670b355b4ec6cf4defc50bcd::03c26280-e522-4b0a-a57f-45b926f023d5::input-params ::GET::::{}
2024-10-13 10:04:52::info::/v1/api/movement/readMovements::d268148b-4290-4c86-bcd3-250d5ef0c2f2::input-params ::GET::::{}
2024-10-13 10:04:52::info::/v1/api/order/readOrders::173e04ef-2a44-41b0-bd6b-0bf355ab52c2::input-params ::GET::::{"isDirect":"false","sortBy":"createdAt","sortOrder":"desc"}
2024-10-13 10:04:52::info::/v1/api/order/readOrder/670b355b4ec6cf4defc50bcd::88df2722-7b0d-4f2d-9965-e798e2de4803::input-params ::GET::::{}
2024-10-13 10:05:00::info::/v1/api/movement/readMovements::be663c3f-9fec-4781-abc4-0a9750ec3bf9::input-params ::GET::::{}
2024-10-13 10:05:00::info::/v1/api/order/readOrders::a6825ad3-d21c-42aa-8b85-d21fadde1f14::input-params ::GET::::{"isDirect":"false","sortBy":"createdAt","sortOrder":"desc"}
2024-10-13 10:05:03::info::/v1/api/movement/readMovements::a64f94ba-157c-4e74-ba00-96132e48e744::input-params ::GET::::{}
2024-10-13 10:05:03::info::/v1/api/order/readOrders::55fb85e3-be8c-419a-ab23-97c6f21841b2::input-params ::GET::::{"isDirect":"false","sortBy":"createdAt","sortOrder":"desc"}
2024-10-13 10:05:03::info::/v1/api/order/readOrder/670b355b4ec6cf4defc50bcd::bed00770-8be3-4d7d-acc7-13f8e2c53d18::input-params ::GET::::{}
2024-10-13 10:05:29::info::/v1/api/order/readOrders::e6516d0b-ee4f-446a-becb-c5ee1385ebea::input-params ::GET::::{"isDirect":"false","sortBy":"createdAt","sortOrder":"desc"}
2024-10-13 10:05:29::info::/v1/api/order/readOrders::f617f903-5808-4d3f-a5f2-aac7975333b2::input-params ::GET::::{"isDirect":"false","sortBy":"createdAt","sortOrder":"desc"}
2024-10-13 10:05:29::info::/v1/api/order/readOrders::c696139a-7554-414a-a608-c5ce36505905::input-params ::GET::::{"isDirect":"false","sortBy":"createdAt","sortOrder":"desc"}
2024-10-13 10:05:38::info::/v1/api/movement/readMovements::321d30c4-01ca-405e-8d1e-d7d1dd04060c::input-params ::GET::::{}
2024-10-13 10:05:38::info::/v1/api/order/readOrders::1b4edacd-d5cd-475e-991f-c8eaf59f1f6e::input-params ::GET::::{"isDirect":"false","sortBy":"createdAt","sortOrder":"desc"}
2024-10-13 10:05:38::info::/v1/api/order/readOrder/670b355b4ec6cf4defc50bcd::556c16b8-2108-46b4-991f-128e0abca22e::input-params ::GET::::{}
2024-10-13 10:05:42::info::/v1/api/movement/readMovements::17d61196-5f3d-44ad-bec1-946ac43e10eb::input-params ::GET::::{}
2024-10-13 10:05:42::info::/v1/api/order/readOrders::e0ed5cc7-1b9c-479f-8aff-f732937f4632::input-params ::GET::::{"isDirect":"false","sortBy":"createdAt","sortOrder":"desc"}
2024-10-13 10:05:42::info::/v1/api/order/readOrder/670b355b4ec6cf4defc50bcd::458da796-10c2-4de0-8482-f3ed6709ef69::input-params ::GET::::{}
2024-10-13 10:05:52::info::/v1/api/order/readOrders::ed292b6d-349e-4a1d-97bf-49152de20846::input-params ::GET::::{"isDirect":"false","sortBy":"createdAt","sortOrder":"desc"}
2024-10-13 10:05:53::info::/v1/api/order/readOrders::666f5e14-de92-4ed4-a8d5-53c887582a43::input-params ::GET::::{"isDirect":"false","sortBy":"createdAt","sortOrder":"desc"}
2024-10-13 10:05:53::info::/v1/api/order/readOrders::9b69e0c3-a0e6-4f6e-b6e3-4c80ad5e7205::input-params ::GET::::{"isDirect":"false","sortBy":"createdAt","sortOrder":"desc"}
2024-10-13 10:05:54::info::/v1/api/movement/readMovements::0d87b4a7-68de-4c9a-aab1-b460dc61abf0::input-params ::GET::::{}
2024-10-13 10:05:54::info::/v1/api/order/readOrders::a43c82f0-543c-478a-aa4f-fb24218ccad0::input-params ::GET::::{"isDirect":"false","sortBy":"createdAt","sortOrder":"desc"}
2024-10-13 10:05:54::info::/v1/api/order/readOrder/670b355b4ec6cf4defc50bcd::930cce60-9a00-44bf-bb39-d71879f32284::input-params ::GET::::{}
2024-10-13 10:05:58::info::/v1/api/order/readOrder/670b355b4ec6cf4defc50bcd::56873d6d-2187-4a4f-9ce3-9d80e066eb61::input-params ::GET::::{}
2024-10-13 10:06:07::info::/v1/api/movement/readMovements::8eed5b5a-7021-4e63-b758-e48b9585fcd2::input-params ::GET::::{}
2024-10-13 10:06:07::info::/v1/api/order/readOrders::516a3345-e88a-4f3e-a5b9-aadf7c367a57::input-params ::GET::::{"isDirect":"false","sortBy":"createdAt","sortOrder":"desc"}
2024-10-13 10:06:07::info::/v1/api/order/readOrder/670b355b4ec6cf4defc50bcd::e0f414ae-4115-41b0-8978-c5200581ac8b::input-params ::GET::::{}
2024-10-13 10:06:08::info::/v1/api/movement/readMovements::59aa5ddf-4c50-45e0-8512-4af375fdb685::input-params ::GET::::{}
2024-10-13 10:06:08::info::/v1/api/order/readOrders::b258dcb2-afc6-4f9c-83ab-6185b2f077ae::input-params ::GET::::{"isDirect":"false","sortBy":"createdAt","sortOrder":"desc"}
2024-10-13 10:06:08::info::/v1/api/order/readOrder/670b355b4ec6cf4defc50bcd::456fe8da-5e6c-4d9e-9e44-eec8351f1fb6::input-params ::GET::::{}
2024-10-13 10:06:12::info::/v1/api/movement/readMovements::1700ea3b-3f8e-45d1-b1f3-9a8d21dcf7b4::input-params ::GET::::{}
2024-10-13 10:06:12::info::/v1/api/order/readOrders::5be81892-b5de-46ef-8dc7-0219d8c02b40::input-params ::GET::::{"isDirect":"false","sortBy":"createdAt","sortOrder":"desc"}
2024-10-13 10:06:12::info::/v1/api/order/readOrder/670b355b4ec6cf4defc50bcd::d859a409-37b0-4e68-b08d-beca0bc1f916::input-params ::GET::::{}
2024-10-13 10:11:16::info::/v1/api/movement/readMovements::f522b4fc-4e74-4f4b-a3bc-59b223d33b07::input-params ::GET::::{}
2024-10-13 10:11:16::info::/v1/api/order/readOrders::6f133e74-37cb-4fac-85b1-fa13c840a3af::input-params ::GET::::{"isDirect":"false","sortBy":"createdAt","sortOrder":"desc"}
2024-10-13 10:11:16::info::/v1/api/order/readOrder/670b355b4ec6cf4defc50bcd::8216190e-409f-4d35-b8a6-fea61a1db31b::input-params ::GET::::{}
2024-10-13 10:11:35::info::/v1/api/movement/readMovements::8c3e3d49-bf1c-45b7-aef8-a25798f88cfc::input-params ::GET::::{}
2024-10-13 10:11:35::info::/v1/api/order/readOrders::cf971b29-5394-4f13-8d37-932ef87699a5::input-params ::GET::::{"isDirect":"false","sortBy":"createdAt","sortOrder":"desc"}
2024-10-13 10:11:36::info::/v1/api/movement/readMovements::1db54b97-b06c-454d-9d14-569d66dc4c78::input-params ::GET::::{}
2024-10-13 10:11:36::info::/v1/api/order/readOrders::5782162f-dc1e-412a-83e1-a6307752b31d::input-params ::GET::::{"isDirect":"false","sortBy":"createdAt","sortOrder":"desc"}
2024-10-13 10:11:36::info::/v1/api/order/readOrder/670b355b4ec6cf4defc50bcd::7b9e28ba-9d6c-4586-bcb4-e15c407f7d79::input-params ::GET::::{}
2024-10-13 10:12:54::info::/v1/api/order/updateOrder/670b355b4ec6cf4defc50bcd::e4990c31-b269-4564-b24b-cc749941ab30::input-params ::PATCH::::{}
2024-10-13 10:12:59::error::/v1/api/order/updateOrder/670b355b4ec6cf4defc50bcd::e4990c31-b269-4564-b24b-cc749941ab30::undefined - NaNms - Response: {}::{"message":"Service update failed"}
2024-10-13 10:13:06::info::/v1/api/order/readOrders::dc1233d7-2fa7-474b-a048-3fedd6f16c06::input-params ::GET::::{"isDirect":"false","sortBy":"createdAt","sortOrder":"desc"}
2024-10-13 10:13:06::info::/v1/api/order/readOrder/670b355b4ec6cf4defc50bcd::7d220f3f-f819-4218-b433-f32d067282a7::input-params ::GET::::{}
2024-10-13 10:13:06::info::/v1/api/movement/readMovements::c65ba48c-ead2-4599-8fe2-89d3fa3a0475::input-params ::GET::::{}
2024-10-13 10:13:49::info::/v1/api/movement/readMovements::dd1557ec-4821-44c8-8aa8-8e68b19e043c::input-params ::GET::::{}
2024-10-13 10:13:49::info::/v1/api/order/readOrders::82d0d80d-6d12-4818-9b8a-13ce16fe365c::input-params ::GET::::{"isDirect":"false","sortBy":"createdAt","sortOrder":"desc"}
2024-10-13 10:13:49::info::/v1/api/order/readOrder/670b355b4ec6cf4defc50bcd::bb62fe70-f8e2-45fa-bd8b-9f0fe340ddee::input-params ::GET::::{}
2024-10-13 10:13:49::info::/v1/api/order/updateOrder/670b355b4ec6cf4defc50bcd::f117d240-e1b7-4845-aa93-554c599b1fe9::input-params ::PATCH::::{}
2024-10-13 10:13:54::error::/v1/api/order/updateOrder/670b355b4ec6cf4defc50bcd::f117d240-e1b7-4845-aa93-554c599b1fe9::undefined - NaNms - Response: {}::{"message":"Service update failed"}
2024-10-13 10:15:46::info::/v1/api/user/me::6230dc21-5d5a-421a-8916-e09755ee54f4::input-params ::GET::::{}
2024-10-13 10:15:48::info::/v1/api/movement/readMovements::677e5ae1-4ac0-40e2-9638-5fdb8e64627b::input-params ::GET::::{}
2024-10-13 10:15:48::info::/v1/api/order/readOrders::457631a0-a955-46f5-84dc-96e048364619::input-params ::GET::::{"isDirect":"false","sortBy":"createdAt","sortOrder":"desc"}
2024-10-13 10:15:48::info::/v1/api/movement/readMovements::1e2ea82e-6943-447d-99a9-a5e97d56d6a3::input-params ::GET::::{}
2024-10-13 10:15:48::info::/v1/api/order/readOrders::96489f67-2af6-4b82-ac9e-7ffca60f2b0a::input-params ::GET::::{"isDirect":"false","sortBy":"createdAt","sortOrder":"desc"}
2024-10-13 10:15:50::info::/v1/api/order/readOrder/670b355b4ec6cf4defc50bcd::9dbd56d1-8e67-4641-be69-8423a601b4e5::input-params ::GET::::{}
2024-10-13 10:15:53::info::/v1/api/order/updateOrder/670b355b4ec6cf4defc50bcd::ed0337a8-1365-4b4d-afab-f38f25c4d94e::input-params ::PATCH::::{}
2024-10-13 10:15:57::error::/v1/api/order/updateOrder/670b355b4ec6cf4defc50bcd::ed0337a8-1365-4b4d-afab-f38f25c4d94e::undefined - NaNms - Response: {}::{"message":"Service update failed"}
2024-10-13 10:16:23::info::/v1/api/movement/readMovements::901d9d81-79da-477a-8bc2-0d88cbbce9c8::input-params ::GET::::{}
2024-10-13 10:16:23::info::/v1/api/order/readOrders::99d5659f-670a-49eb-b1fd-519e91068309::input-params ::GET::::{"isDirect":"false","sortBy":"createdAt","sortOrder":"desc"}
2024-10-13 10:16:46::info::/v1/api/movement/readMovements::641d96ee-9cf7-4695-ae2f-300bd2b0f9ac::input-params ::GET::::{}
2024-10-13 10:16:46::info::/v1/api/order/readOrders::8e3edfa8-3ddf-4e1c-b2a0-43ac05ced3d3::input-params ::GET::::{"isDirect":"false","sortBy":"createdAt","sortOrder":"desc"}
2024-10-13 10:16:46::info::/v1/api/movement/readMovements::895a24d5-30ac-409d-9d08-5b1bc615c76b::input-params ::GET::::{}
2024-10-13 10:16:46::info::/v1/api/order/readOrders::77adf81f-9dd9-4c72-98c6-a60829f54820::input-params ::GET::::{"isDirect":"false","sortBy":"createdAt","sortOrder":"desc"}
2024-10-13 10:16:46::info::/v1/api/order/readOrder/670b355b4ec6cf4defc50bcd::8e29473d-6d96-4d26-a3c5-bace86414c22::input-params ::GET::::{}
2024-10-13 10:17:01::info::/v1/api/movement/readMovements::644c3bf5-e99f-433e-b739-2d9c45685667::input-params ::GET::::{}
2024-10-13 10:17:01::info::/v1/api/order/readOrders::5fcce706-9700-4c70-b759-b8c0f05c3d20::input-params ::GET::::{"isDirect":"false","sortBy":"createdAt","sortOrder":"desc"}
2024-10-13 10:17:01::info::/v1/api/movement/readMovements::ecef563c-d140-4a04-b53f-3bb4a9a32994::input-params ::GET::::{}
2024-10-13 10:17:01::info::/v1/api/order/readOrders::cf35ed58-3aef-4282-9a97-678622bfa749::input-params ::GET::::{"isDirect":"false","sortBy":"createdAt","sortOrder":"desc"}
2024-10-13 10:17:01::info::/v1/api/order/readOrder/670b355b4ec6cf4defc50bcd::cc94c443-8074-4d66-9121-06076e3c4b2e::input-params ::GET::::{}
2024-10-13 10:17:03::info::/v1/api/movement/readMovements::2bf4939f-c0a1-4843-959e-913034013a79::input-params ::GET::::{}
2024-10-13 10:17:03::info::/v1/api/order/readOrders::144c39bf-fc4c-489c-bc49-e7a5dd8786ce::input-params ::GET::::{"isDirect":"false","sortBy":"createdAt","sortOrder":"desc"}
2024-10-13 10:17:04::info::/v1/api/movement/readMovements::d064fa55-1d24-4da1-9d87-60c6e81c3db4::input-params ::GET::::{}
2024-10-13 10:17:04::info::/v1/api/order/readOrders::402cc95f-c42b-42d7-b7d4-01732100a124::input-params ::GET::::{"isDirect":"false","sortBy":"createdAt","sortOrder":"desc"}
2024-10-13 10:17:04::info::/v1/api/order/readOrder/670b355b4ec6cf4defc50bcd::a699cb79-eb00-4310-a183-63f1f905cccb::input-params ::GET::::{}
2024-10-13 10:17:17::info::/v1/api/order/readOrder/670b355b4ec6cf4defc50bcd::49499386-7659-4b6c-b277-81bd4f5f1023::input-params ::GET::::{}
2024-10-13 10:17:17::info::/v1/api/order/readOrders::baf82408-624a-44e5-bbea-5728f0e8095a::input-params ::GET::::{"isDirect":"false","sortBy":"createdAt","sortOrder":"desc"}
2024-10-13 10:17:17::info::/v1/api/movement/readMovements::39b1ef89-3766-45f7-b63e-8ad3a8734374::input-params ::GET::::{}
2024-10-13 10:17:17::info::/v1/api/order/updateOrder/670b355b4ec6cf4defc50bcd::523410af-58d9-47f3-9b69-a60ac7b6ac84::input-params ::PATCH::::{}
2024-10-13 10:17:22::error::/v1/api/order/updateOrder/670b355b4ec6cf4defc50bcd::523410af-58d9-47f3-9b69-a60ac7b6ac84::undefined - NaNms - Response: {}::{"message":"Service update failed"}
2024-10-13 10:22:24::info::/v1/api/movement/readMovements::ce010c8f-c4c9-43da-877e-2e12bf42ce9b::input-params ::GET::::{}
2024-10-13 10:22:24::info::/v1/api/order/readOrders::311de417-2f69-4b58-ae5a-3300be3d8bb8::input-params ::GET::::{"isDirect":"false","sortBy":"createdAt","sortOrder":"desc"}
2024-10-13 10:22:24::info::/v1/api/order/readOrder/670b355b4ec6cf4defc50bcd::fefd7edc-c211-40e5-a2ec-cff94d187a0d::input-params ::GET::::{}
2024-10-13 10:22:35::info::/v1/api/order/updateOrder/670b355b4ec6cf4defc50bcd::ceaef440-b059-4b02-8602-9c70f8b17ab2::input-params ::PATCH::::{}
2024-10-13 10:22:40::error::/v1/api/order/updateOrder/670b355b4ec6cf4defc50bcd::ceaef440-b059-4b02-8602-9c70f8b17ab2::undefined - NaNms - Response: {}::{"message":"Service update failed"}
2024-10-13 10:23:19::info::/v1/api/movement/readMovements::88e48c78-3744-4b79-af7c-3a59ed9e9405::input-params ::GET::::{}
2024-10-13 10:23:19::info::/v1/api/order/readOrders::d83167dc-c4f2-4af7-a61d-80e5f0f7e49e::input-params ::GET::::{"isDirect":"false","sortBy":"createdAt","sortOrder":"desc"}
2024-10-13 10:23:19::info::/v1/api/order/readOrder/670b355b4ec6cf4defc50bcd::8b6e95c6-8b0c-485d-935e-6235c3ea58bc::input-params ::GET::::{}
2024-10-13 10:23:25::info::/v1/api/movement/readMovements::54b144ad-8f93-4b39-8eb8-a0ea695d93f6::input-params ::GET::::{}
2024-10-13 10:23:25::info::/v1/api/order/readOrders::4772261f-70bc-4e49-9a89-15a499dd102c::input-params ::GET::::{"isDirect":"false","sortBy":"createdAt","sortOrder":"desc"}
2024-10-13 10:23:25::info::/v1/api/order/readOrder/670b355b4ec6cf4defc50bcd::0b57c35f-4e5d-4d55-9023-23d80af0454a::input-params ::GET::::{}
2024-10-13 10:23:39::info::/v1/api/movement/readMovements::4b612eee-4d0a-479e-9047-11210bbafb10::input-params ::GET::::{}
2024-10-13 10:23:39::info::/v1/api/order/readOrders::59dca8cf-aa7c-4139-b803-d99a873ea219::input-params ::GET::::{"isDirect":"false","sortBy":"createdAt","sortOrder":"desc"}
2024-10-13 10:24:20::info::/v1/api/movement/readMovements::965ca0e2-f8ec-438c-968e-2bf200b0a96a::input-params ::GET::::{}
2024-10-13 10:24:20::info::/v1/api/order/readOrder/670b355b4ec6cf4defc50bcd::f60ae419-9738-4f00-af11-167ad3b8bd97::input-params ::GET::::{}
2024-10-13 10:24:20::info::/v1/api/order/readOrders::245c2fad-4a61-4ee0-9a19-24b5740347c7::input-params ::GET::::{"isDirect":"false","sortBy":"createdAt","sortOrder":"desc"}
2024-10-13 10:24:23::info::/v1/api/movement/readMovements::68ec1573-06ed-4130-bd2e-3a9ffb545d07::input-params ::GET::::{}
2024-10-13 10:24:23::info::/v1/api/order/readOrders::f3d1bd21-8bc9-4df6-9c70-be2d13797e02::input-params ::GET::::{"isDirect":"false","sortBy":"createdAt","sortOrder":"desc"}
2024-10-13 10:24:23::info::/v1/api/order/readOrder/670b355b4ec6cf4defc50bcd::8ef0c6ba-8e38-402e-aa4e-5e8159b73c17::input-params ::GET::::{}
2024-10-13 10:25:29::info::/v1/api/movement/readMovements::814bd9e5-b789-48ec-b38c-e949d4be5082::input-params ::GET::::{}
2024-10-13 10:25:29::info::/v1/api/order/readOrders::e00ac4c4-e88b-48f6-87f8-b7cdb97e51b8::input-params ::GET::::{"isDirect":"false","sortBy":"createdAt","sortOrder":"desc"}
2024-10-13 10:25:29::info::/v1/api/order/readOrder/670b355b4ec6cf4defc50bcd::227a4d4c-720b-45c5-a461-3c20c06dfc93::input-params ::GET::::{}
2024-10-13 10:25:55::info::/v1/api/movement/readMovements::fad84c12-6941-4d41-ac44-ea43f1c25a11::input-params ::GET::::{}
2024-10-13 10:25:55::info::/v1/api/order/readOrders::003d469d-e547-44ba-988a-7f4ef0e590ee::input-params ::GET::::{"isDirect":"false","sortBy":"createdAt","sortOrder":"desc"}
2024-10-13 10:25:56::info::/v1/api/order/readOrder/670b355b4ec6cf4defc50bcd::57d2302b-540d-4a88-a817-cfb1a015ca1b::input-params ::GET::::{}
2024-10-13 10:25:58::info::/v1/api/termOfService/readTermOfServices::6d3b4980-d885-4077-8a5a-c3d01e6f8721::input-params ::GET::::{}
2024-10-13 10:25:58::info::/v1/api/post/readArtworks/66a5ac2d73370474cf4eb369::6d482b52-9df3-4a5e-8fc9-03f2f80eaa68::input-params ::GET::::{}
2024-10-13 10:25:59::info::/v1/api/movement/readMovements::685777e4-cc9a-4991-b318-cde9ea735bbb::input-params ::GET::::{}
2024-10-13 10:25:59::info::/v1/api/order/readOrders::7b633552-3cce-4e69-9d0a-741d1c229978::input-params ::GET::::{"isDirect":"false","sortBy":"createdAt","sortOrder":"desc"}
2024-10-13 10:25:59::info::/v1/api/order/readOrder/670b355b4ec6cf4defc50bcd::21f2900d-c7ea-408e-82d9-482ac8239d8e::input-params ::GET::::{}
2024-10-13 10:25:59::info::/v1/api/termOfService/readTermOfServices::f8e27e96-8e99-48c1-b1b1-fc76acea4d21::input-params ::GET::::{}
2024-10-13 10:25:59::info::/v1/api/post/readArtworks/66a5ac2d73370474cf4eb369::588d10b2-9ed4-4893-af29-05decf62c524::input-params ::GET::::{}
2024-10-13 10:26:51::info::/v1/api/movement/readMovements::f251b866-ed7f-4be5-8e7c-b80c5607f269::input-params ::GET::::{}
2024-10-13 10:26:51::info::/v1/api/order/readOrders::7306f0b4-df0c-4cd2-aa68-fcb0de0ca09e::input-params ::GET::::{"isDirect":"false","sortBy":"createdAt","sortOrder":"desc"}
2024-10-13 10:26:58::info::/v1/api/proposal/sendProposal/670b355b4ec6cf4defc50bcd::d18a92aa-789b-4ea3-a88d-5010b955c593::input-params ::POST::::{"scope":"Hi b, minh ung don commission nay","startAt":"2024-03-03T00:00:00.000Z","deadline":"2024-07-02T00:00:00.000Z","price":"800000","termOfServiceId":"66b580f453bd88dcd2f7b578","artworks":["66a5ad7973370474cf4eb51c","66a5ad7973370474cf4eb51d","66a5cf77dea404a988c934f8"]}
2024-10-13 10:26:58::error::/v1/api/proposal/sendProposal/670b355b4ec6cf4defc50bcd::d18a92aa-789b-4ea3-a88d-5010b955c593::403 - 2ms - Response: {"status":403,"now":1728790018616}::{"message":"Vui lng cp nht m s thu ca bn  thc hin thao tc ny"}
2024-10-13 10:27:04::info::/v1/api/movement/readMovements::ba66d5d0-db60-4481-8b2c-ac74a34dce88::input-params ::GET::::{}
2024-10-13 10:27:04::info::/v1/api/order/readOrders::372ce37e-a5f8-497f-9e9f-75d1a60a3c12::input-params ::GET::::{"isDirect":"false","sortBy":"createdAt","sortOrder":"desc"}
2024-10-13 10:27:06::info::/v1/api/proposal/sendProposal/670b355b4ec6cf4defc50bcd::991509dd-4fe7-4b17-93da-3cbb749e0d4a::input-params ::POST::::{"scope":"Hi b, minh ung don commission nay","startAt":"2024-03-03T00:00:00.000Z","deadline":"2024-07-02T00:00:00.000Z","price":"800000","termOfServiceId":"66b580f453bd88dcd2f7b578","artworks":["66a5ad7973370474cf4eb51c","66a5ad7973370474cf4eb51d","66a5cf77dea404a988c934f8"]}
2024-10-13 10:27:06::error::/v1/api/proposal/sendProposal/670b355b4ec6cf4defc50bcd::991509dd-4fe7-4b17-93da-3cbb749e0d4a::403 - 0ms - Response: {"status":403,"now":1728790026583}::{"message":"Vui lng cp nht m s thu ca bn  thc hin thao tc ny"}
2024-10-13 10:27:09::info::/v1/api/movement/readMovements::c71dfa56-930e-4109-ba69-6e5c3989c681::input-params ::GET::::{}
2024-10-13 10:27:09::info::/v1/api/order/readOrders::1b9e901e-8381-46ce-8d38-3e308b64d05d::input-params ::GET::::{"isDirect":"false","sortBy":"createdAt","sortOrder":"desc"}
2024-10-13 10:27:09::info::/v1/api/order/readOrder/670b355b4ec6cf4defc50bcd::272e75e3-b4b6-41f2-8095-e7359f8d1002::input-params ::GET::::{}
2024-10-13 10:27:09::info::/v1/api/termOfService/readTermOfServices::98946415-a572-4b4a-8ba2-ce40e2f62db5::input-params ::GET::::{}
2024-10-13 10:27:09::info::/v1/api/post/readArtworks/66a5ac2d73370474cf4eb369::2196f344-fb37-4e0e-a8da-02def4cd37c5::input-params ::GET::::{}
2024-10-13 10:27:10::info::/v1/api/movement/readMovements::a9e2565d-f98c-4e09-bedf-aec72eb510ce::input-params ::GET::::{}
2024-10-13 10:27:10::info::/v1/api/order/readOrders::3a758156-3a76-4431-9c77-6c05d0de3e47::input-params ::GET::::{"isDirect":"false","sortBy":"createdAt","sortOrder":"desc"}
2024-10-13 10:27:11::info::/v1/api/movement/readMovements::857ac869-938e-460f-85b7-750c196a8874::input-params ::GET::::{}
2024-10-13 10:27:11::info::/v1/api/order/readOrders::3924a508-c0b4-4a2c-bf3a-403afb805a9b::input-params ::GET::::{"isDirect":"false","sortBy":"createdAt","sortOrder":"desc"}
2024-10-13 10:27:12::info::/v1/api/movement/readMovements::fd882d8f-022e-46c8-a1d1-9b2c4e2a84b8::input-params ::GET::::{}
2024-10-13 10:27:12::info::/v1/api/order/readOrders::7808a9d1-82f1-42c7-ab62-12a61e7dfc72::input-params ::GET::::{"isDirect":"false","sortBy":"createdAt","sortOrder":"desc"}
2024-10-13 10:28:21::info::/v1/api/order/readOrders::f46f1d47-5f79-41b7-995a-3f631a86c51b::input-params ::GET::::{"isDirect":"false","sortBy":"createdAt","sortOrder":"desc"}
2024-10-13 10:28:21::info::/v1/api/movement/readMovements::5529c330-6015-4d39-bedf-965f5ed846de::input-params ::GET::::{}
2024-10-13 10:28:24::info::/v1/api/movement/readMovements::69ab2ad0-8375-49c1-9b66-c61e975afd8e::input-params ::GET::::{}
2024-10-13 10:28:24::info::/v1/api/order/readOrders::ddb1bd6c-dd90-4f07-a04b-668f6d61e32a::input-params ::GET::::{"isDirect":"false","sortBy":"createdAt","sortOrder":"desc"}
2024-10-13 10:28:24::info::/v1/api/order/readOrder/670b355b4ec6cf4defc50bcd::f9eb07bd-0be1-49f2-b393-557595772abf::input-params ::GET::::{}
2024-10-13 10:28:24::info::/v1/api/termOfService/readTermOfServices::7eab25c5-a8b4-4c00-bcee-f9b53a56f578::input-params ::GET::::{}
2024-10-13 10:28:24::info::/v1/api/post/readArtworks/66a5ac2d73370474cf4eb369::358c9b37-fd7c-4272-b2aa-89cb390eb5f1::input-params ::GET::::{}
2024-10-13 10:28:40::info::/v1/api/movement/readMovements::75374608-bdf7-46ec-9f40-fd7d90ca0049::input-params ::GET::::{}
2024-10-13 10:28:40::info::/v1/api/order/readOrder/670b355b4ec6cf4defc50bcd::bbdfb99d-56b2-48c2-b6c3-cb23e0bf80de::input-params ::GET::::{}
2024-10-13 10:28:40::info::/v1/api/order/readOrders::4e28271a-01d2-4ff5-9622-cb02e0aa329e::input-params ::GET::::{"isDirect":"false","sortBy":"createdAt","sortOrder":"desc"}
2024-10-13 10:28:40::info::/v1/api/termOfService/readTermOfServices::de865d7a-f2a7-4dbf-bc9e-54e7dc5938f4::input-params ::GET::::{}
2024-10-13 10:28:40::info::/v1/api/post/readArtworks/66a5ac2d73370474cf4eb369::cca0bb8e-f101-46f9-89a9-126cb75d8511::input-params ::GET::::{}
2024-10-13 10:28:55::info::/v1/api/movement/readMovements::e9b26f0f-d4ed-472b-890c-03da01ae5dfa::input-params ::GET::::{}
2024-10-13 10:28:55::info::/v1/api/order/readOrders::a0516e08-e442-48f5-b182-e50952177908::input-params ::GET::::{"isDirect":"false","sortBy":"createdAt","sortOrder":"desc"}
2024-10-13 10:29:32::info::/v1/api/movement/readMovements::d8561e3d-a107-4222-a758-b0d4d99463bf::input-params ::GET::::{}
2024-10-13 10:29:32::info::/v1/api/order/readOrders::4754fc90-43b8-4c2a-81ef-1c669985b947::input-params ::GET::::{"isDirect":"false","sortBy":"createdAt","sortOrder":"desc"}
2024-10-13 10:29:32::info::/v1/api/order/readOrder/670b355b4ec6cf4defc50bcd::687bebe9-e37f-4ab2-bcb6-da806810f51a::input-params ::GET::::{}
2024-10-13 10:29:32::info::/v1/api/post/readArtworks/66a5ac2d73370474cf4eb369::05766532-a4f9-409e-aced-aa9e962f4e04::input-params ::GET::::{}
2024-10-13 10:29:32::info::/v1/api/termOfService/readTermOfServices::321192f6-1c43-43bc-9294-21ad23ebc02e::input-params ::GET::::{}
2024-10-13 10:29:36::info::/v1/api/movement/readMovements::022fcc4f-ce6e-4938-b079-5809ac0d8175::input-params ::GET::::{}
2024-10-13 10:29:36::info::/v1/api/order/readOrders::d22a70f1-415c-44b5-beeb-3c66e38241a2::input-params ::GET::::{"isDirect":"false","sortBy":"createdAt","sortOrder":"desc"}
2024-10-13 10:29:36::info::/v1/api/order/readOrder/670b355b4ec6cf4defc50bcd::bad7946b-b58a-4de8-ad48-8ec0d388a926::input-params ::GET::::{}
2024-10-13 10:29:36::info::/v1/api/termOfService/readTermOfServices::a2c57bfe-b336-41f2-adab-ce03e913b5ab::input-params ::GET::::{}
2024-10-13 10:29:36::info::/v1/api/post/readArtworks/66a5ac2d73370474cf4eb369::eb8209aa-576e-4e9f-9d95-8a51c59ccc58::input-params ::GET::::{}
2024-10-13 10:29:44::info::/v1/api/user/readUserProfile/66a5ac2d73370474cf4eb369::45f53d5d-50f9-448e-bbcc-53c749a05626::input-params ::GET::::{}
2024-10-13 10:29:44::info::/v1/api/serviceCategory/readServiceCategoriesWithServices/66a5ac2d73370474cf4eb369::dd059de2-9ca4-4c02-96f2-18cb591b3361::input-params ::GET::::{}
2024-10-13 10:29:46::info::/v1/api/talentRequest/readMyTalentRequest::05263450-b3f8-44d0-96ef-5b260f60b468::input-params ::GET::::{}
2024-10-13 10:29:46::error::/v1/api/talentRequest/readMyTalentRequest::05263450-b3f8-44d0-96ef-5b260f60b468::404 - 0ms - Response: {"status":404,"now":1728790186507}::{"message":"Khng tm thy yu cu nng cp"}
2024-10-13 10:29:49::info::/v1/api/serviceCategory/readServiceCategoriesWithServices/66a5ac2d73370474cf4eb369::0a2fe7e5-52dd-42ad-8876-87c173978599::input-params ::GET::::{}
2024-10-13 10:30:02::info::/v1/api/movement/readMovements::b5b8bb77-6889-4ac0-80de-27389d87f514::input-params ::GET::::{}
2024-10-13 10:30:02::info::/v1/api/user/readUserProfile/66a5ac2d73370474cf4eb369::b956dd73-32dc-45f0-b174-c68142419b44::input-params ::GET::::{}
2024-10-13 10:30:02::info::/v1/api/serviceCategory/readServiceCategoriesWithServices/66a5ac2d73370474cf4eb369::42812ddd-b8c3-41cf-abd2-2750773a4e86::input-params ::GET::::{}
2024-10-13 10:30:11::info::/v1/api/news/readNewss::7d4b4aec-389e-4837-bb8d-98e529163ce8::input-params ::GET::::{}
2024-10-13 10:30:11::info::/v1/api/recommender/readPopularPosts::da0ec111-6656-41ed-8b78-36c16f2d509f::input-params ::GET::::{"page":"1","limit":"10"}
2024-10-13 10:30:12::info::/v1/api/recommender/readPopularPosts::f51cfc52-0b80-4825-9530-c948a27d6206::input-params ::GET::::{"page":"1","limit":"10"}
2024-10-13 10:30:14::info::/v1/api/movement/readMovements::bd60c435-e58a-4da2-9172-ed9fd5201b70::input-params ::GET::::{}
2024-10-13 10:30:14::info::/v1/api/order/readOrders::8b78d5d6-ec63-4840-b073-74066d0c4c8c::input-params ::GET::::{"isDirect":"false","sortBy":"createdAt","sortOrder":"desc"}
2024-10-13 10:30:15::info::/v1/api/movement/readMovements::ad542093-367b-4210-bb0f-d45219d877cb::input-params ::GET::::{}
2024-10-13 10:30:15::info::/v1/api/order/readOrders::ba0e1304-88c8-463a-9569-5c3e8daa4e73::input-params ::GET::::{"isDirect":"false","sortBy":"createdAt","sortOrder":"desc"}
2024-10-13 10:30:16::info::/v1/api/movement/readMovements::fd9a8413-2c02-47eb-80db-0f89b6ecd667::input-params ::GET::::{}
2024-10-13 10:30:16::info::/v1/api/order/readOrders::cb471766-1ec0-404b-be7b-f028cccd7d42::input-params ::GET::::{"isDirect":"false","sortBy":"createdAt","sortOrder":"desc"}
2024-10-13 10:30:26::info::/v1/api/movement/readMovements::9d243d7d-0f55-4a1b-b925-a4ca4bd5e80a::input-params ::GET::::{}
2024-10-13 10:30:26::info::/v1/api/order/readOrders::2fa861de-ff34-4676-b095-84ec29808f86::input-params ::GET::::{"isDirect":"false","sortBy":"createdAt","sortOrder":"desc"}
2024-10-13 10:30:27::info::/v1/api/news/readNewss::67bebdef-dd38-43eb-957f-078a009c0b56::input-params ::GET::::{}
2024-10-13 10:30:27::info::/v1/api/recommender/readPopularPosts::5f419f01-2097-4756-81d1-c1a7a7c5985a::input-params ::GET::::{"page":"1","limit":"10"}
2024-10-13 10:30:27::info::/v1/api/recommender/readPopularPosts::1e676e3b-63b3-4167-9e8c-8dd1c22ceb2e::input-params ::GET::::{"page":"2","limit":"10"}
2024-10-13 10:30:28::info::/v1/api/recommender/readPopularPosts::826f1339-51f9-4486-8c91-59516bf6f70d::input-params ::GET::::{"page":"1","limit":"10"}
2024-10-13 10:37:29::info::/v1/api/movement/readMovements::ef19efb9-9271-4af1-949d-850a9f7613cf::input-params ::GET::::{}
2024-10-13 10:37:29::info::/v1/api/order/readOrders::4bbe41a2-e7e6-4014-84be-d0677c80bc83::input-params ::GET::::{"isDirect":"false","sortBy":"createdAt","sortOrder":"desc"}
2024-10-13 10:38:40::info::/v1/api/movement/readMovements::bae86d68-aab5-42f5-a3b4-b2e176c611d2::input-params ::GET::::{}
2024-10-13 10:38:40::info::/v1/api/news/readNewss::69c2afe6-cae1-4506-b1e1-d60cf68a9d2d::input-params ::GET::::{}
2024-10-13 10:38:41::info::/v1/api/movement/readMovements::2b95a8ff-be4a-4bb3-b1e9-53cd627ae930::input-params ::GET::::{}
2024-10-13 10:38:41::info::/v1/api/order/readOrders::53d1e493-31b9-4e25-80b1-1626e4d83c92::input-params ::GET::::{"isDirect":"false","sortBy":"createdAt","sortOrder":"desc"}
2024-10-13 10:38:47::info::/v1/api/movement/readMovements::9fbb6c12-f6e3-463e-b0e9-78d237b7dffc::input-params ::GET::::{}
2024-10-13 10:38:47::info::/v1/api/news/readNewss::469b732b-3be1-4ba9-a514-bd9f975d77b8::input-params ::GET::::{}
2024-10-13 10:38:51::info::/v1/api/movement/readMovements::a40f0d4c-200a-44c0-ac62-f100f50ccbda::input-params ::GET::::{}
2024-10-13 10:38:51::info::/v1/api/news/readNewss::050c9a08-fb84-425a-99d8-46512dc6435a::input-params ::GET::::{}
2024-10-13 10:39:00::info::/v1/api/movement/readMovements::596698fa-8a0d-4875-ba8b-80b22e0a2d4b::input-params ::GET::::{}
2024-10-13 10:39:00::info::/v1/api/order/readOrders::d6c217e2-22ad-458e-9839-8fd1b138fc78::input-params ::GET::::{"isDirect":"false","sortBy":"createdAt","sortOrder":"desc"}
2024-10-13 10:39:33::info::/v1/api/movement/readMovements::441a5e26-7af6-4f78-aee1-8790d6a37483::input-params ::GET::::{}
2024-10-13 10:39:33::info::/v1/api/order/readOrders::4c8695a2-b5be-4bcc-a7cf-7af3f53fb0e2::input-params ::GET::::{"isDirect":"false","sortBy":"createdAt","sortOrder":"desc"}
2024-10-13 10:39:34::info::/v1/api/movement/readMovements::a6da9aa2-c51e-437f-a0ff-d9bfdbd08120::input-params ::GET::::{}
2024-10-13 10:39:34::info::/v1/api/news/readNewss::9880029c-9eb4-412d-8bd7-cfcb4d89e699::input-params ::GET::::{}
2024-10-13 10:41:44::info::/v1/api/news/readNewss::b008d26f-a325-4f3b-8f2b-f7379a305864::input-params ::GET::::{}
2024-10-13 10:41:44::info::/v1/api/movement/readMovements::003c1043-05bd-41b3-9dd7-0874fc7a25fd::input-params ::GET::::{}
2024-10-13 10:41:46::info::/v1/api/movement/readMovements::303977b2-3766-4635-a63d-5a02f6b1a14b::input-params ::GET::::{}
2024-10-13 10:41:46::info::/v1/api/order/readOrders::188b9843-56da-4770-b07b-47fada77cc37::input-params ::GET::::{"isDirect":"false","sortBy":"createdAt","sortOrder":"desc"}
2024-10-13 10:42:53::info::/v1/api/movement/readMovements::9cb50a88-6f76-4149-9490-3adf19557fc7::input-params ::GET::::{}
2024-10-13 10:42:53::info::/v1/api/order/readOrders::5c841250-816b-408f-89fe-3408fce861e0::input-params ::GET::::{"isDirect":"false","sortBy":"createdAt","sortOrder":"desc"}
2024-10-13 10:42:55::info::/v1/api/movement/readMovements::40798745-446c-4e3f-8892-cbf5acff5e96::input-params ::GET::::{}
2024-10-13 10:42:55::info::/v1/api/news/readNewss::a6cb0ebb-1d44-4a23-a6b0-ff87d34cf090::input-params ::GET::::{}
2024-10-13 10:42:56::info::/v1/api/movement/readMovements::bfcd7d9a-732e-4aea-ad9d-4367012f654c::input-params ::GET::::{}
2024-10-13 10:42:56::info::/v1/api/order/readOrders::dd596559-b0d4-4ce2-9fdb-7ea21a4dc520::input-params ::GET::::{"isDirect":"false","sortBy":"createdAt","sortOrder":"desc"}
2024-10-13 10:42:57::info::/v1/api/movement/readMovements::b96e8b8a-2544-42fa-b946-cd3aff6686e1::input-params ::GET::::{}
2024-10-13 10:42:57::info::/v1/api/news/readNewss::c0f51551-91f7-4fa9-81da-a5e3b2b6acbc::input-params ::GET::::{}
2024-10-13 10:42:58::info::/v1/api/movement/readMovements::2fd0246a-4ab7-456d-a71c-74572d42b97f::input-params ::GET::::{}
2024-10-13 10:42:58::info::/v1/api/news/readNewss::a4a35564-8239-4c22-8896-34cd7ded773b::input-params ::GET::::{}
2024-10-13 10:43:00::info::/v1/api/challenge/readChallenges::8497f8f4-e868-4424-893c-ded9a3063c38::input-params ::GET::::{}
2024-10-13 10:43:00::info::/v1/api/movement/readMovements::26cdc084-3d6b-4422-80c3-d4447ac5fbaa::input-params ::GET::::{}
2024-10-13 10:43:00::info::/v1/api/challenge/readChallenges::523e1036-d0f4-4575-91ea-e096f48a16f1::input-params ::GET::::{}
2024-10-13 10:44:28::info::/v1/api/movement/readMovements::1050f4d6-f3df-4a5b-8ab5-1f93ae3e00df::input-params ::GET::::{}
2024-10-13 10:44:28::info::/v1/api/challenge/readChallenges::2f3a923e-c338-4acf-af13-9fc5611be724::input-params ::GET::::{}
2024-10-13 10:45:11::info::/v1/api/movement/readMovements::721f11de-9898-4f70-9d40-0bd08b1d40d2::input-params ::GET::::{}
2024-10-13 10:45:11::info::/v1/api/challenge/readChallenges::84113361-3c43-4bfc-9eeb-55efaef5d73a::input-params ::GET::::{}
2024-10-13 10:45:16::info::/v1/api/movement/readMovements::9bdd3f49-369f-40d8-899c-03230002d77a::input-params ::GET::::{}
2024-10-13 10:45:16::info::/v1/api/order/readOrders::fb7154a7-7187-4749-94be-a02304feb87b::input-params ::GET::::{"isDirect":"false","sortBy":"createdAt","sortOrder":"desc"}
2024-10-13 10:45:18::info::/v1/api/movement/readMovements::cdfafee9-fe80-4a62-a464-5371ae38a6a0::input-params ::GET::::{}
2024-10-13 10:45:18::info::/v1/api/challenge/readChallenges::f36e2922-d9fa-4aa8-82ed-651134195f84::input-params ::GET::::{}
2024-10-13 10:47:20::info::/v1/api/movement/readMovements::e1707472-56de-4816-8404-b7e520e5f82c::input-params ::GET::::{}
2024-10-13 10:47:20::info::/v1/api/challenge/readChallenges::ee5b0e27-12e6-4ae0-850c-d1dc5d1cd799::input-params ::GET::::{}
2024-10-13 10:50:03::info::/v1/api/movement/readMovements::dec4fe3a-60c1-44b6-9554-19b0cefd1526::input-params ::GET::::{}
2024-10-13 10:50:03::info::/v1/api/challenge/readChallenges::36e1d305-d33f-47b0-b273-208edef1137f::input-params ::GET::::{}
2024-10-13 10:53:29::info::/v1/api/movement/readMovements::790c2cd0-c9bb-4dca-9de9-7e792e4fb959::input-params ::GET::::{}
2024-10-13 10:53:29::info::/v1/api/challenge/readChallenges::b771c867-ebb2-48cf-b32d-9479d6f7368d::input-params ::GET::::{}
2024-10-13 10:53:32::info::/v1/api/movement/readMovements::c4fb0609-ee89-4244-8b52-15370996b4c2::input-params ::GET::::{}
2024-10-13 10:53:32::info::/v1/api/challenge/readChallenges::e4041ca5-11cc-4098-8295-e7c6c3725742::input-params ::GET::::{}
2024-10-13 10:53:36::info::/v1/api/movement/readMovements::113d8344-e782-46d7-b70f-7e442b274605::input-params ::GET::::{}
2024-10-13 10:53:36::info::/v1/api/challenge/readChallenges::2b0bf210-8ec9-412a-9f54-f064012c818e::input-params ::GET::::{}
2024-10-13 10:54:20::info::/v1/api/movement/readMovements::e96c6024-35e5-4f2e-a9b5-2d9e5d2637c2::input-params ::GET::::{}
2024-10-13 10:54:20::info::/v1/api/challenge/readChallenges::21a6e1cb-6533-4008-bcb4-d7d4f3f7fed7::input-params ::GET::::{}
2024-10-13 10:57:11::info::/v1/api/movement/readMovements::0e0ca3f9-a065-40d1-a143-e2f48c256006::input-params ::GET::::{}
2024-10-13 10:57:11::info::/v1/api/challenge/readChallenges::f8a54ec2-e7ec-43a8-8390-48f3a5558faf::input-params ::GET::::{}
2024-10-13 10:59:54::info::/v1/api/movement/readMovements::a028c94e-fc1c-46a9-a4c9-0dbd1e152938::input-params ::GET::::{}
2024-10-13 10:59:54::info::/v1/api/challenge/readChallenges::af070cc9-5eba-48a6-8cad-3db4677e2541::input-params ::GET::::{}
2024-10-13 11:02:13::info::/v1/api/movement/readMovements::5465d0d7-fcc1-4683-8500-e88b9b8535de::input-params ::GET::::{}
2024-10-13 11:02:13::info::/v1/api/challenge/readChallenges::06cef780-2f55-4d62-a355-c3484906ed3d::input-params ::GET::::{}
2024-10-13 16:38:07::info::/v1/api/user/me::3334a3a5-a237-4d2c-825c-65218e9dfd2c::input-params ::GET::::{}
2024-10-13 16:38:08::info::/v1/api/movement/readMovements::2d6466d0-b055-4a2c-b428-0a6125567d3f::input-params ::GET::::{}
2024-10-13 16:38:08::info::/v1/api/news/readNewss::616f54fd-2237-4502-a3de-8ed7c5151d37::input-params ::GET::::{}
2024-10-13 16:38:08::info::/v1/api/recommender/readPopularPosts::8279c58e-6ad8-4e89-81c0-4d49e6ad9b6f::input-params ::GET::::{"page":"1","limit":"10"}
