2024-06-30 14:32:12::error::/v1/api/order/readIndirectApprovedOrders::38472e61-b6ec-4e38-9582-9a78714ca177::undefined - NaNms - Response: {}::{"message":"fn is not a function"}
2024-06-30 15:16:29::error::/v1/api/user/me::ffd4110d-bfe7-4f87-923e-8f8db6d264bb::403 - 2ms - Response: {"status":403,"now":1719735389175}::{"message":"Access token missing"}
2024-06-30 15:16:31::error::/v1/api/user/me::4f8950e0-4a82-4473-828c-f583ff08a600::403 - 1ms - Response: {"status":403,"now":1719735391388}::{"message":"Access token missing"}
2024-06-30 15:16:36::error::/v1/api/user/me::e9b0d1b1-c7cd-4a23-bb1b-b0243415d866::403 - 0ms - Response: {"status":403,"now":1719735396193}::{"message":"Access token missing"}
2024-06-30 15:16:45::error::/v1/api/user/me::48f19beb-0860-469a-b786-6de37b1b28b1::403 - 0ms - Response: {"status":403,"now":1719735405232}::{"message":"Access token missing"}
2024-06-30 15:16:48::error::/v1/api/user/me::3b1d74d2-cc0e-4beb-a0f3-d678f9a1deb6::403 - 0ms - Response: {"status":403,"now":1719735408196}::{"message":"Access token missing"}
2024-06-30 15:18:21::error::/v1/api/user/me::2313df8d-64d7-4521-9881-89868242c06b::403 - 0ms - Response: {"status":403,"now":1719735501405}::{"message":"Access token missing"}
2024-06-30 15:18:34::error::/v1/api/user/me::3bef0553-a525-4d8c-afe0-172f2ebd8fb2::403 - 0ms - Response: {"status":403,"now":1719735514491}::{"message":"Access token missing"}
2024-06-30 15:18:36::error::/v1/api/user/me::8af21b17-c4c7-4970-825b-9e6d5b791217::403 - 0ms - Response: {"status":403,"now":1719735516004}::{"message":"Access token missing"}
2024-06-30 15:18:43::error::/v1/api/user/me::e345a1fe-ab18-40ef-b7dc-ef8b51b53561::403 - 0ms - Response: {"status":403,"now":1719735523604}::{"message":"Access token missing"}
2024-06-30 15:19:10::error::/v1/api/user/me::e6b5ad67-fc22-4c0d-8bba-bee5909144ab::403 - 0ms - Response: {"status":403,"now":1719735550577}::{"message":"Access token missing"}
2024-06-30 15:19:25::error::/v1/api/user/me::efb8e717-575b-4052-8719-b1c4a5f7d367::403 - 1ms - Response: {"status":403,"now":1719735565030}::{"message":"Access token missing"}
2024-06-30 15:19:46::error::/v1/api/user/me::d5f3a826-3ebc-401e-805f-ebd1fdcd6f35::403 - 1ms - Response: {"status":403,"now":1719735586397}::{"message":"Access token missing"}
2024-06-30 15:19:49::error::/v1/api/user/me::47457eff-ff3b-4ea5-80e3-ee00e46876ca::403 - 0ms - Response: {"status":403,"now":1719735589871}::{"message":"Access token missing"}
2024-06-30 15:19:55::error::/v1/api/user/me::a785d834-bc94-491e-a699-f2ec90138a43::403 - 0ms - Response: {"status":403,"now":1719735595138}::{"message":"Access token missing"}
2024-06-30 15:20:00::error::/v1/api/user/me::eebec49c-3b18-4f0e-a13d-b450091b84f4::403 - 0ms - Response: {"status":403,"now":1719735600652}::{"message":"Access token missing"}
2024-06-30 15:20:04::error::/v1/api/user/me::55a77e62-4777-4b5f-a3d0-ab30dc288a6f::403 - 0ms - Response: {"status":403,"now":1719735604676}::{"message":"Access token missing"}
2024-06-30 15:20:07::error::/v1/api/user/me::189e6f30-631e-4cad-9844-7d54351d240a::403 - 0ms - Response: {"status":403,"now":1719735607188}::{"message":"Access token missing"}
2024-06-30 15:20:14::error::/v1/api/user/me::126f7c76-5fb9-48bc-ae56-c80c6dfe5eb5::403 - 0ms - Response: {"status":403,"now":1719735614234}::{"message":"Access token missing"}
2024-06-30 15:21:29::error::/v1/api/user/me::271f172f-70e4-4122-bc3c-f7368dde76f8::403 - 0ms - Response: {"status":403,"now":1719735689368}::{"message":"Access token missing"}
2024-06-30 15:21:50::error::/v1/api/user/me::26e1bbc8-170a-4aeb-adac-8188d6067c85::403 - 0ms - Response: {"status":403,"now":1719735710678}::{"message":"Access token missing"}
2024-06-30 15:23:30::error::/v1/api/user/me::b05877a2-4580-4a16-b936-4dde059aba77::403 - 0ms - Response: {"status":403,"now":1719735810607}::{"message":"Access token missing"}
2024-06-30 15:24:00::error::/v1/api/user/me::40cddf1e-ea44-431a-8b4a-262f47417a3e::403 - 0ms - Response: {"status":403,"now":1719735840853}::{"message":"Access token missing"}
2024-06-30 15:24:15::error::/v1/api/order/createOrder::f449eed4-f001-432b-a603-1da937455656::401 - 1ms - Response: {"status":401,"now":1719735855691}::{"message":"You are not authenticated!"}
2024-06-30 15:27:00::error::/v1/api/user/me::a58a63ab-dcb5-4684-b532-a1a2ed560d8c::403 - 0ms - Response: {"status":403,"now":1719736020853}::{"message":"Access token missing"}
2024-06-30 15:27:05::error::/v1/api/user/me::f08c60b4-cab7-46ae-9732-057e5b8ba6b9::403 - 0ms - Response: {"status":403,"now":1719736025486}::{"message":"Access token missing"}
2024-06-30 15:27:06::error::/v1/api/user/me::9968c9b6-6cc1-4db5-8c1a-405372a8f481::403 - 0ms - Response: {"status":403,"now":1719736026053}::{"message":"Access token missing"}
2024-06-30 15:27:06::error::/v1/api/user/me::5ba06e79-3f0f-40be-bb2e-63039f53485c::403 - 0ms - Response: {"status":403,"now":1719736026362}::{"message":"Access token missing"}
2024-06-30 15:27:22::error::/v1/api/user/me::9f141a9d-2d3d-4e5a-a978-b0bfb950892d::403 - 0ms - Response: {"status":403,"now":1719736042397}::{"message":"Access token missing"}
2024-06-30 15:27:22::error::/v1/api/user/me::4de16ffd-ee06-49a4-b36c-0d2c5a1db57c::403 - 0ms - Response: {"status":403,"now":1719736042790}::{"message":"Access token missing"}
2024-06-30 15:29:45::error::/v1/api/user/me::5035f9bb-9f3d-4a5e-b6e0-5e664a671215::403 - 0ms - Response: {"status":403,"now":1719736185913}::{"message":"Access token missing"}
2024-06-30 15:29:46::error::/v1/api/user/me::28855047-e8e4-4401-a335-367434ba8529::403 - 0ms - Response: {"status":403,"now":1719736186267}::{"message":"Access token missing"}
2024-06-30 15:30:22::error::/v1/api/user/me::1807f0f4-e030-4cab-b782-9b0c55dffdb7::403 - 0ms - Response: {"status":403,"now":1719736222510}::{"message":"Access token missing"}
2024-06-30 15:30:26::error::/v1/api/user/me::eddc3289-1400-45e3-bb41-3ba17a3943cc::403 - 1ms - Response: {"status":403,"now":1719736226365}::{"message":"Access token missing"}
2024-06-30 15:30:29::error::/v1/api/user/me::c31d4ad9-dee7-4556-a058-555bbf2b710c::403 - 0ms - Response: {"status":403,"now":1719736229982}::{"message":"Access token missing"}
2024-06-30 15:30:47::error::/v1/api/user/me::6e8f8c1f-e097-4d1f-a92f-a217c6a6c7a9::403 - 1ms - Response: {"status":403,"now":1719736247894}::{"message":"Access token missing"}
2024-06-30 15:31:09::error::/v1/api/user/me::3abf28f4-7f14-4366-9fa3-6a7eda104a97::403 - 0ms - Response: {"status":403,"now":1719736269087}::{"message":"Access token missing"}
2024-06-30 15:31:14::error::/v1/api/user/me::baa25c3d-1ad0-4be5-ac4a-560094518d23::403 - 0ms - Response: {"status":403,"now":1719736274004}::{"message":"Access token missing"}
2024-06-30 15:31:37::error::/v1/api/user/me::52294580-e8fe-4471-893b-dabf3cf8ee20::403 - 0ms - Response: {"status":403,"now":1719736297490}::{"message":"Access token missing"}
2024-06-30 15:31:43::error::/v1/api/user/me::a116c105-0de0-423b-8bc8-a25ef7733048::403 - 0ms - Response: {"status":403,"now":1719736303535}::{"message":"Access token missing"}
2024-06-30 15:31:48::error::/v1/api/user/me::24aae28e-1c41-4647-a2b9-8dc80bc8c813::403 - 0ms - Response: {"status":403,"now":1719736308171}::{"message":"Access token missing"}
2024-06-30 15:32:09::error::/v1/api/user/me::3f4ec627-72d1-4e72-ad4b-c7361bf68a5b::403 - 0ms - Response: {"status":403,"now":1719736329830}::{"message":"Access token missing"}
2024-06-30 15:32:10::error::/v1/api/user/me::49daacfc-a116-478a-b917-ce771afe0b0f::403 - 0ms - Response: {"status":403,"now":1719736330797}::{"message":"Access token missing"}
2024-06-30 15:33:00::error::/v1/api/user/me::bbf4df40-0156-4cba-9db9-a5d33540915e::403 - 0ms - Response: {"status":403,"now":1719736380619}::{"message":"Access token missing"}
2024-06-30 15:33:54::error::/v1/api/user/me::50c360a2-83a9-4b08-ab94-0db38836dd78::403 - 0ms - Response: {"status":403,"now":1719736434142}::{"message":"Access token missing"}
2024-06-30 15:36:12::error::/v1/api/user/me::d84b2158-f224-4540-a2e5-0fb59871b62f::403 - 1ms - Response: {"status":403,"now":1719736572607}::{"message":"Access token missing"}
2024-06-30 15:36:33::error::/v1/api/user/me::acd2f268-14e5-4932-a35f-446fe4f43b7d::403 - 0ms - Response: {"status":403,"now":1719736593252}::{"message":"Access token missing"}
2024-06-30 15:40:42::error::/v1/api/user/me::0b7f8878-b088-4f7d-9cbd-b9f105bb35fc::403 - 1ms - Response: {"status":403,"now":1719736842735}::{"message":"Access token missing"}
2024-06-30 15:42:23::error::/v1/api/user/me::9e33830a-1a8b-4437-ba22-2af64ffcae61::403 - 1ms - Response: {"status":403,"now":1719736943118}::{"message":"Access token missing"}
2024-06-30 16:00:49::error::/v1/api/user/me::22fb1746-e388-46ad-b6bb-47f9e8fd5eac::403 - 1ms - Response: {"status":403,"now":1719738049762}::{"message":"Access token missing"}
2024-06-30 16:01:27::error::/v1/api/user/me::3b846625-60d8-4253-b2ad-66bc88d4e803::403 - 1ms - Response: {"status":403,"now":1719738087471}::{"message":"Access token missing"}
2024-06-30 16:02:26::error::/v1/api/user/me::d9daf0c0-ff63-4e23-af5c-9315234deea6::403 - 0ms - Response: {"status":403,"now":1719738146706}::{"message":"Access token missing"}
2024-06-30 16:02:48::error::/v1/api/user/me::ac9f0c43-f258-486a-ab1e-d6e06e8f792c::403 - 0ms - Response: {"status":403,"now":1719738168922}::{"message":"Access token missing"}
2024-06-30 16:02:58::error::/v1/api/user/me::61a4076c-2ad5-4901-b9a2-bd6ae4537df6::403 - 0ms - Response: {"status":403,"now":1719738178542}::{"message":"Access token missing"}
2024-06-30 16:03:45::error::/v1/api/user/me::32b04c0f-8c2a-409d-a9c1-d8f669ebaeac::403 - 0ms - Response: {"status":403,"now":1719738225198}::{"message":"Access token missing"}
2024-06-30 16:03:46::error::/v1/api/user/me::fbd16dc4-10c7-46fa-9b9f-744ff6e0a279::403 - 0ms - Response: {"status":403,"now":1719738226194}::{"message":"Access token missing"}
2024-06-30 16:03:47::error::/v1/api/user/me::7a6ed9c3-c5a0-478f-93bf-c6101380d66b::403 - 0ms - Response: {"status":403,"now":1719738227692}::{"message":"Access token missing"}
2024-06-30 16:03:57::error::/v1/api/user/me::1dd28ba1-72a7-4f2d-ad25-28f30bca7cb2::403 - 1ms - Response: {"status":403,"now":1719738237436}::{"message":"Access token missing"}
2024-06-30 16:04:16::error::/v1/api/user/me::412284e8-b509-4c95-938a-1346cac4c617::403 - 0ms - Response: {"status":403,"now":1719738256512}::{"message":"Access token missing"}
2024-06-30 16:04:23::error::/v1/api/user/me::bf447374-2baf-4f13-ac6a-8c8f57dd2d2e::403 - 0ms - Response: {"status":403,"now":1719738263927}::{"message":"Access token missing"}
2024-06-30 16:04:41::error::/v1/api/auth/users/login::8c631edc-a182-4c37-aaa9-60ece33fc324::403 - 0ms - Response: {"status":403,"now":1719738281888}::{"message":"User not registered"}
2024-06-30 16:04:49::error::/v1/api/auth/users/login::bc663ed1-9097-4198-ab40-3a0864e521a8::401 - 0ms - Response: {"status":401,"now":1719738289014}::{"message":"Authentication error"}
2024-06-30 16:05:16::error::/v1/api/user/me::854a4bc7-3772-4932-9952-75e3c8cc4bd3::403 - 0ms - Response: {"status":403,"now":1719738316680}::{"message":"Access token missing"}
2024-06-30 16:05:20::error::/v1/api/auth/users/login::0d63316b-9f4b-44ef-940e-137cbdb9cdd5::401 - 0ms - Response: {"status":401,"now":1719738320561}::{"message":"Authentication error"}
2024-06-30 16:05:24::error::/v1/api/auth/users/login::82a02fd6-f613-4595-8c54-acb2c18aa12d::401 - 0ms - Response: {"status":401,"now":1719738324168}::{"message":"Authentication error"}
2024-06-30 16:05:30::error::/v1/api/user/me::1f7d3999-67d6-47b2-8d62-152b20b42031::403 - 0ms - Response: {"status":403,"now":1719738330974}::{"message":"Access token missing"}
2024-06-30 16:05:49::error::/v1/api/user/me::963d0a53-5158-424f-a7d6-6da787fa32ea::403 - 0ms - Response: {"status":403,"now":1719738349870}::{"message":"Access token missing"}
2024-06-30 16:06:01::error::/v1/api/user/me::4e2957c1-b2d7-4a44-b356-3df669ec200e::403 - 1ms - Response: {"status":403,"now":1719738361581}::{"message":"Access token missing"}
2024-06-30 16:06:12::error::/v1/api/user/me::1e637070-a38f-43df-8cb6-32aa65e2b820::403 - 0ms - Response: {"status":403,"now":1719738372489}::{"message":"Access token missing"}
2024-06-30 16:07:02::error::/v1/api/user/me::41018e93-7c02-429c-bfcf-13f4e278ef49::403 - 0ms - Response: {"status":403,"now":1719738422577}::{"message":"Access token missing"}
2024-06-30 16:07:09::error::/v1/api/user/me::cff53489-6317-4d1a-a82a-dbd1e39776fb::403 - 0ms - Response: {"status":403,"now":1719738429869}::{"message":"Access token missing"}
2024-06-30 16:12:41::error::/v1/api/order/createOrder::80d4ba2c-c967-4a0e-a142-7db621176402::403 - 1ms - Response: {"status":403,"now":1719738761632}::{"message":"Talent not found!"}
2024-06-30 16:12:54::error::/v1/api/order/createOrder::32000e38-19d8-404a-9cfc-b0f5691928ea::403 - 0ms - Response: {"status":403,"now":1719738774064}::{"message":"Talent not found!"}
2024-06-30 16:14:41::error::/v1/api/order/createOrder::0b6758fe-bd42-4ea2-b913-87e7f41fe673::403 - 0ms - Response: {"status":403,"now":1719738881356}::{"message":"Talent not found!"}
2024-06-30 16:14:55::error::/v1/api/order/createOrder::e8e25886-816e-4491-8c51-eb0a39581da3::403 - 0ms - Response: {"status":403,"now":1719738895163}::{"message":"Talent not found!"}
2024-06-30 16:16:05::error::/v1/api/order/createOrder::c18c6ec8-dd41-41a2-acd7-94543cda7bf9::403 - 1ms - Response: {"status":403,"now":1719738965773}::{"message":"Talent not found!"}
2024-06-30 16:16:25::error::/v1/api/order/createOrder::02b3bc5b-1ee6-4498-8097-4e211383e9f2::403 - 1ms - Response: {"status":403,"now":1719738985304}::{"message":"Talent not found!"}
2024-06-30 16:16:53::error::/v1/api/order/createOrder::886bba3e-b116-46e4-b23a-ffacdec418f0::403 - 1ms - Response: {"status":403,"now":1719739013283}::{"message":"Talent not found!"}
