2024-06-21 08:40:02::info::/v1/api/user/me::d3dea33d-0c81-4b7b-9a6c-c84d2f179345::input-params ::GET::::{}
2024-06-21 08:40:04::info::/v1/api/user/readUserProfile/665edd23fa87b27398b73d10::0c162db4-2fa4-4bce-951f-1beca88748c3::input-params ::GET::::{}
2024-06-21 08:40:06::info::/v1/api/serviceCategory/readServiceCategoriesWithServices/665edd23fa87b27398b73d10::f818e016-2b64-42fb-9124-6bde1f83048a::input-params ::GET::::{}
2024-06-21 08:40:24::info::/v1/api/user/me::c197c2aa-f6c6-4126-b69d-5cb0531fd315::input-params ::GET::::{}
2024-06-21 08:40:24::info::/v1/api/user/readUserProfile/665edd23fa87b27398b73d10::3898fe3e-fa06-4bc6-858c-4026d02de612::input-params ::GET::::{}
2024-06-21 08:40:24::info::/v1/api/serviceCategory/readServiceCategoriesWithServices/665edd23fa87b27398b73d10::ccd130dc-bf87-4882-adb6-e9823399d697::input-params ::GET::::{}
2024-06-21 08:40:40::info::/v1/api/serviceCategory/readServiceCategoriesWithServices/665edd23fa87b27398b73d10::c16130c2-0fd6-427b-989c-2971aff3ffa3::input-params ::GET::::{}
2024-06-21 08:40:48::info::/v1/api/serviceCategory/readServiceCategoriesWithServices/665edd23fa87b27398b73d10::25a44b2a-f2ec-47ef-be28-5ce6fd58bdb3::input-params ::GET::::{}
2024-06-21 08:40:52::info::/v1/api/serviceCategory/readServiceCategoriesWithServices/665edd23fa87b27398b73d10::7b2bd027-b83f-4420-8f80-2d7a4cd5c8a0::input-params ::GET::::{}
2024-06-21 08:41:02::info::/v1/api/serviceCategory/readServiceCategoriesWithServices/665edd23fa87b27398b73d10::eac6bd50-2e65-471b-89b2-ad4ef8874bf8::input-params ::GET::::{}
2024-06-21 08:41:03::info::/v1/api/serviceCategory/readServiceCategoriesWithServices/665edd23fa87b27398b73d10::af8bfc4b-d1d0-4c10-beac-4612f96dd85e::input-params ::GET::::{}
2024-06-21 08:41:29::info::/v1/api/serviceCategory/readServiceCategoriesWithServices/665edd23fa87b27398b73d10::93c905b3-29fe-4460-8059-01ef28492f06::input-params ::GET::::{}
2024-06-21 08:41:52::info::/v1/api/serviceCategory/readServiceCategoriesWithServices/665edd23fa87b27398b73d10::d09cc363-4412-4c6b-83f1-c1f48edf7192::input-params ::GET::::{}
2024-06-21 08:42:00::info::/v1/api/serviceCategory/readServiceCategoriesWithServices/665edd23fa87b27398b73d10::2233a170-0449-4c86-b8ed-081afb991f5a::input-params ::GET::::{}
2024-06-21 08:42:06::info::/v1/api/serviceCategory/readServiceCategoriesWithServices/665edd23fa87b27398b73d10::dd2da196-8294-4d98-8b38-c2db98cee99d::input-params ::GET::::{}
2024-06-21 08:42:28::info::/v1/api/serviceCategory/readServiceCategoriesWithServices/665edd23fa87b27398b73d10::ba1fbb6f-e5ce-4e4b-87e6-fa4734d4698b::input-params ::GET::::{}
2024-06-21 08:42:30::info::/v1/api/serviceCategory/readServiceCategoriesWithServices/665edd23fa87b27398b73d10::94df286b-96ce-40ea-9269-1f8243c4e878::input-params ::GET::::{}
2024-06-21 08:43:00::info::/v1/api/serviceCategory/readServiceCategoriesWithServices/665edd23fa87b27398b73d10::cb4aa80d-5bdb-40f8-8226-a0f96f864ad5::input-params ::GET::::{}
2024-06-21 08:43:01::info::/v1/api/serviceCategory/readServiceCategoriesWithServices/665edd23fa87b27398b73d10::4824ebc2-45d0-43e1-a638-508f4c320b79::input-params ::GET::::{}
2024-06-21 08:43:06::info::/v1/api/serviceCategory/readServiceCategoriesWithServices/665edd23fa87b27398b73d10::e15fc876-61b0-4be9-a51e-6eb00ed0bb57::input-params ::GET::::{}
2024-06-21 08:43:35::info::/v1/api/serviceCategory/readServiceCategoriesWithServices/665edd23fa87b27398b73d10::92afcd1e-ef25-4cf8-886c-f57403d954e2::input-params ::GET::::{}
2024-06-21 08:44:08::info::/v1/api/serviceCategory/readServiceCategoriesWithServices/665edd23fa87b27398b73d10::7716c707-297d-4c71-a2ba-eea472892972::input-params ::GET::::{}
2024-06-21 08:44:15::info::/v1/api/serviceCategory/readServiceCategoriesWithServices/665edd23fa87b27398b73d10::7ac1eace-dbdc-42c6-8cc2-3857bb00a181::input-params ::GET::::{}
2024-06-21 08:44:19::info::/v1/api/serviceCategory/readServiceCategoriesWithServices/665edd23fa87b27398b73d10::c5798ca9-5467-4f92-842a-6e37d809df27::input-params ::GET::::{}
2024-06-21 08:44:22::info::/v1/api/serviceCategory/readServiceCategoriesWithServices/665edd23fa87b27398b73d10::c0d0a7f3-71cd-47bc-b6e4-516542915fd3::input-params ::GET::::{}
2024-06-21 08:44:23::info::/v1/api/serviceCategory/readServiceCategoriesWithServices/665edd23fa87b27398b73d10::569b0c3e-ced6-4695-92f2-2e8291a0edcd::input-params ::GET::::{}
2024-06-21 08:44:35::info::/v1/api/serviceCategory/readServiceCategoriesWithServices/665edd23fa87b27398b73d10::8ca9e5f2-93b3-4c41-9099-869612fde928::input-params ::GET::::{}
2024-06-21 08:44:35::info::/v1/api/user/me::c0ec2fbf-bc20-4890-8f51-522694b1bdae::input-params ::GET::::{}
2024-06-21 08:44:35::info::/v1/api/user/readUserProfile/665edd23fa87b27398b73d10::c59589a9-58cd-4436-97f7-d4ff22567ab4::input-params ::GET::::{}
2024-06-21 08:44:35::info::/v1/api/serviceCategory/readServiceCategoriesWithServices/665edd23fa87b27398b73d10::3008488d-f33c-4602-bac9-aaaf620a7dbd::input-params ::GET::::{}
2024-06-21 08:47:01::info::/v1/api/serviceCategory/readServiceCategoriesWithServices/665edd23fa87b27398b73d10::1a7413cd-90b0-4149-8d47-23f6e4948752::input-params ::GET::::{}
2024-06-21 08:47:03::info::/v1/api/serviceCategory/readServiceCategoriesWithServices/665edd23fa87b27398b73d10::8db8536b-b1b3-4f19-a609-5e4b8339bf96::input-params ::GET::::{}
2024-06-21 08:47:36::info::/v1/api/serviceCategory/readServiceCategoriesWithServices/665edd23fa87b27398b73d10::b0073e61-fcfb-47f9-9a6b-e5267da7fe0a::input-params ::GET::::{}
2024-06-21 08:49:57::info::/v1/api/user/me::5e2c6cba-9327-42e0-acef-71b1bb41f874::input-params ::GET::::{}
2024-06-21 08:49:57::info::/v1/api/user/readUserProfile/665edd23fa87b27398b73d10::b97cc615-c30a-463a-8adf-b316dd77079d::input-params ::GET::::{}
2024-06-21 08:49:57::info::/v1/api/serviceCategory/readServiceCategoriesWithServices/665edd23fa87b27398b73d10::f2f9cd9b-d64a-434a-9921-837dc03fa6e0::input-params ::GET::::{}
2024-06-21 08:50:11::info::/v1/api/user/me::5f02957d-da53-4f75-b902-09ae8b3cbba5::input-params ::GET::::{}
2024-06-21 08:50:11::info::/v1/api/user/readUserProfile/665edd23fa87b27398b73d10::177840db-39d8-4934-aaed-75580bcfc799::input-params ::GET::::{}
2024-06-21 08:50:11::info::/v1/api/serviceCategory/readServiceCategoriesWithServices/665edd23fa87b27398b73d10::5eeb1a43-2071-47d1-b05c-de9ae9f4694a::input-params ::GET::::{}
2024-06-21 08:50:13::info::/v1/api/user/me::00a13b8b-c4ad-43b0-8efd-0d7f756a0236::input-params ::GET::::{}
2024-06-21 08:50:13::info::/v1/api/user/readUserProfile/665edd23fa87b27398b73d10::d7f0f1de-0def-4d82-8bc6-c9cce91406cb::input-params ::GET::::{}
2024-06-21 08:50:13::info::/v1/api/serviceCategory/readServiceCategoriesWithServices/665edd23fa87b27398b73d10::a32a4460-5654-43eb-b085-8c9b66d88edd::input-params ::GET::::{}
2024-06-21 08:50:22::info::/v1/api/user/me::29c99c5a-7c62-4484-ad7c-ee2c1e2313a3::input-params ::GET::::{}
2024-06-21 08:50:22::info::/v1/api/user/readUserProfile/665edd23fa87b27398b73d10::05db15fb-aa28-4eef-b99e-8ba2989a1639::input-params ::GET::::{}
2024-06-21 08:50:22::info::/v1/api/serviceCategory/readServiceCategoriesWithServices/665edd23fa87b27398b73d10::e82d1cde-1096-4a0a-a354-615e91e7b87d::input-params ::GET::::{}
2024-06-21 08:50:46::info::/v1/api/serviceCategory/readServiceCategoriesWithServices/665edd23fa87b27398b73d10::db2be49e-932d-40db-aa26-9bc5654566fe::input-params ::GET::::{}
2024-06-21 08:50:50::info::/v1/api/user/me::55883a7d-e3d7-4a95-bfff-6830bbc441e0::input-params ::GET::::{}
2024-06-21 08:50:50::info::/v1/api/user/readUserProfile/665edd23fa87b27398b73d10::37d8441e-803e-4aad-9615-636f2981f29f::input-params ::GET::::{}
2024-06-21 08:50:50::info::/v1/api/serviceCategory/readServiceCategoriesWithServices/665edd23fa87b27398b73d10::eb8b558a-4385-48a0-bc4b-936ccf32fa33::input-params ::GET::::{}
2024-06-21 08:51:13::info::/v1/api/serviceCategory/readServiceCategoriesWithServices/665edd23fa87b27398b73d10::4e028955-8dd8-4bd4-9bc5-27360eb6daa0::input-params ::GET::::{}
2024-06-21 08:51:13::info::/v1/api/user/readUserProfile/665edd23fa87b27398b73d10::25c01e87-a8de-4c0f-9f23-161cddce704e::input-params ::GET::::{}
2024-06-21 08:51:58::info::/v1/api/user/me::67a362ad-4c9a-4a06-9bab-cf8d7ce0ea96::input-params ::GET::::{}
2024-06-21 08:51:58::info::/v1/api/user/readUserProfile/665edd23fa87b27398b73d10::03551c6a-a1d4-454a-a323-9bd47e6345fb::input-params ::GET::::{}
2024-06-21 08:51:58::info::/v1/api/serviceCategory/readServiceCategoriesWithServices/665edd23fa87b27398b73d10::7c150795-1706-4873-91b3-4c66d8325cfc::input-params ::GET::::{}
2024-06-21 08:52:08::info::/v1/api/user/me::659e2964-e834-4c46-bf20-8e6ad5ba919c::input-params ::GET::::{}
2024-06-21 08:52:08::info::/v1/api/user/readUserProfile/665edd23fa87b27398b73d10::2ecc7b84-2adf-4c7f-9bce-abda83428593::input-params ::GET::::{}
2024-06-21 08:52:08::info::/v1/api/serviceCategory/readServiceCategoriesWithServices/665edd23fa87b27398b73d10::7aee7138-cf96-450b-a1ac-e14f82c44e98::input-params ::GET::::{}
2024-06-21 08:52:11::info::/v1/api/user/me::1a0e0ec6-90e9-4206-b9fc-99bb7287df76::input-params ::GET::::{}
2024-06-21 08:52:11::info::/v1/api/user/readUserProfile/665edd23fa87b27398b73d10::c7cc9271-4b9d-4c79-aaf2-ffffb1b10620::input-params ::GET::::{}
2024-06-21 08:52:11::info::/v1/api/serviceCategory/readServiceCategoriesWithServices/665edd23fa87b27398b73d10::66f5885a-3287-46ff-b73a-af23190b2e7b::input-params ::GET::::{}
2024-06-21 08:52:45::info::/v1/api/serviceCategory/readServiceCategoriesWithServices/665edd23fa87b27398b73d10::a5ffb404-5aca-4dbd-bcb7-b9f0b71699a5::input-params ::GET::::{}
2024-06-21 08:52:46::info::/v1/api/user/me::4ecda474-1b82-4cd9-99ee-6da9d66a893c::input-params ::GET::::{}
2024-06-21 08:52:46::info::/v1/api/serviceCategory/readServiceCategoriesWithServices/665edd23fa87b27398b73d10::1c684576-f5fa-4eea-bbb3-dce8ad893116::input-params ::GET::::{}
2024-06-21 08:52:46::info::/v1/api/user/readUserProfile/665edd23fa87b27398b73d10::63834aa3-65af-4099-bdda-5af51e3f6299::input-params ::GET::::{}
2024-06-21 08:52:50::info::/v1/api/user/me::db25da7e-e8fd-4032-9d3a-8a2cac334c30::input-params ::GET::::{}
2024-06-21 08:52:50::info::/v1/api/user/readUserProfile/665edd23fa87b27398b73d10::acc71400-3028-4ab2-b237-1b2f071ac18b::input-params ::GET::::{}
2024-06-21 08:52:50::info::/v1/api/serviceCategory/readServiceCategoriesWithServices/665edd23fa87b27398b73d10::bbd585b9-38d3-45db-aa8b-38c422b8dafc::input-params ::GET::::{}
2024-06-21 08:54:08::info::/v1/api/serviceCategory/readServiceCategoriesWithServices/665edd23fa87b27398b73d10::54bb6243-4660-404e-abca-6629576364b8::input-params ::GET::::{}
2024-06-21 08:54:13::info::/v1/api/serviceCategory/readServiceCategoriesWithServices/665edd23fa87b27398b73d10::9004e72c-d94b-46e3-a102-c2111354f81e::input-params ::GET::::{}
2024-06-21 08:56:57::info::/v1/api/user/me::ff56b23d-6973-46af-8a3f-20dba4dc2607::input-params ::GET::::{}
2024-06-21 08:56:57::info::/v1/api/user/readUserProfile/665edd23fa87b27398b73d10::bf0d4cc0-9e14-416d-bc87-d4ca3606153a::input-params ::GET::::{}
2024-06-21 08:56:58::info::/v1/api/serviceCategory/readServiceCategoriesWithServices/665edd23fa87b27398b73d10::56809271-7348-4038-a059-0d0941857caa::input-params ::GET::::{}
2024-06-21 09:02:15::info::/v1/api/user/me::456c1c0e-bede-4d31-8f85-3cbd45607630::input-params ::GET::::{}
2024-06-21 09:02:15::info::/v1/api/user/readUserProfile/665edd23fa87b27398b73d10::f521189b-7093-47ec-b8b5-ef3e32a75c49::input-params ::GET::::{}
2024-06-21 09:02:15::info::/v1/api/serviceCategory/readServiceCategoriesWithServices/665edd23fa87b27398b73d10::8fd8081c-003d-4b7c-896c-7a15bf268547::input-params ::GET::::{}
2024-06-21 09:03:18::info::/v1/api/serviceCategory/readServiceCategoriesWithServices/665edd23fa87b27398b73d10::1211c681-bbc3-41de-9e4b-cff515bf4b80::input-params ::GET::::{}
2024-06-21 09:03:18::info::/v1/api/user/readUserProfile/665edd23fa87b27398b73d10::657a3af8-a46b-417b-9058-739877d1f0cf::input-params ::GET::::{}
2024-06-21 09:03:20::info::/v1/api/user/me::d2f55eca-3ac9-4dd5-ad85-6f9c616b91c6::input-params ::GET::::{}
2024-06-21 09:03:20::info::/v1/api/user/readUserProfile/665edd23fa87b27398b73d10::abb5ee58-319e-4ee5-a51c-3e20bf0513c7::input-params ::GET::::{}
2024-06-21 09:03:20::info::/v1/api/serviceCategory/readServiceCategoriesWithServices/665edd23fa87b27398b73d10::ce295a4e-6ea5-4d7c-9174-0a18fae60bd6::input-params ::GET::::{}
2024-06-21 09:03:41::info::/v1/api/user/me::620fe6bc-15e9-4487-907f-3dca49757958::input-params ::GET::::{}
2024-06-21 09:03:41::info::/v1/api/user/readUserProfile/665edd23fa87b27398b73d10::3a87938d-a6d5-4faa-812a-6cd859b96857::input-params ::GET::::{}
2024-06-21 09:03:41::info::/v1/api/serviceCategory/readServiceCategoriesWithServices/665edd23fa87b27398b73d10::92a2f2f3-16cc-4821-a50a-8ea36fbf7e9c::input-params ::GET::::{}
2024-06-21 09:03:49::info::/v1/api/user/me::e0682245-e525-420a-a154-c26102d70666::input-params ::GET::::{}
2024-06-21 09:03:49::info::/v1/api/user/readUserProfile/665edd23fa87b27398b73d10::057fe91b-752e-4e30-af22-69230ab55181::input-params ::GET::::{}
2024-06-21 09:03:49::info::/v1/api/serviceCategory/readServiceCategoriesWithServices/665edd23fa87b27398b73d10::dcbc3ca0-c65b-4000-8265-18741225f754::input-params ::GET::::{}
2024-06-21 09:04:20::info::/v1/api/user/me::5cfe24ce-b78d-40c3-8819-fae561feedd3::input-params ::GET::::{}
2024-06-21 09:04:20::info::/v1/api/user/readUserProfile/665edd23fa87b27398b73d10::3437e4f7-c3ea-4d24-9f7d-c2b4520b6f84::input-params ::GET::::{}
2024-06-21 09:04:20::info::/v1/api/serviceCategory/readServiceCategoriesWithServices/665edd23fa87b27398b73d10::df2a2c55-e2f6-432d-95ee-365ad9cb04ef::input-params ::GET::::{}
2024-06-21 09:04:35::info::/v1/api/serviceCategory/readServiceCategoriesWithServices/665edd23fa87b27398b73d10::b64c5414-0450-4219-9214-87b50d891471::input-params ::GET::::{}
2024-06-21 09:04:41::info::/v1/api/user/me::df69a17f-8eb5-4ca2-9b20-20864ee69109::input-params ::GET::::{}
2024-06-21 09:04:41::info::/v1/api/user/readUserProfile/665edd23fa87b27398b73d10::a295a545-e387-47e4-9465-8c7fea1f567f::input-params ::GET::::{}
2024-06-21 09:04:41::info::/v1/api/serviceCategory/readServiceCategoriesWithServices/665edd23fa87b27398b73d10::3e07560c-9425-43f9-9c27-f7db7510f944::input-params ::GET::::{}
2024-06-21 09:06:43::info::/v1/api/user/me::ce8a756e-6b01-493e-8fc5-57572fe53b20::input-params ::GET::::{}
2024-06-21 09:06:46::info::/v1/api/user/me::39a73cd5-0ce4-4d96-8ff1-4f5a853e9de4::input-params ::GET::::{}
2024-06-21 09:06:46::info::/v1/api/user/me::1f9daba6-9d7f-4e91-95f9-ed5e02d310f9::input-params ::GET::::{}
2024-06-21 09:06:48::info::/v1/api/user/readUserProfile/665edd23fa87b27398b73d10::09c1e13f-f886-484c-9d5b-af0e0918a926::input-params ::GET::::{}
2024-06-21 09:06:51::info::/v1/api/serviceCategory/readServiceCategoriesWithServices/665edd23fa87b27398b73d10::94307a1a-7264-44e4-a53a-c7f57bb8dc81::input-params ::GET::::{}
2024-06-21 09:07:39::info::/v1/api/serviceCategory/readServiceCategoriesWithServices/665edd23fa87b27398b73d10::e4a53dd8-0b60-4160-868b-97225ef5bf06::input-params ::GET::::{}
2024-06-21 09:07:40::info::/v1/api/user/me::372d121b-3a0c-4445-b48a-a10d9db29b5e::input-params ::GET::::{}
2024-06-21 09:07:40::info::/v1/api/user/readUserProfile/665edd23fa87b27398b73d10::4e4b30bc-d23f-4e3f-a6c9-b7715c63e547::input-params ::GET::::{}
2024-06-21 09:07:40::info::/v1/api/serviceCategory/readServiceCategoriesWithServices/665edd23fa87b27398b73d10::2fb388c8-5473-42b0-8546-d675d6272c13::input-params ::GET::::{}
2024-06-21 09:07:41::info::/v1/api/user/me::f39f2e9d-a186-4374-bfc3-244c25e0268e::input-params ::GET::::{}
2024-06-21 09:07:41::info::/v1/api/user/readUserProfile/665edd23fa87b27398b73d10::cd0816ea-010d-43d7-b546-57371570e1aa::input-params ::GET::::{}
2024-06-21 09:07:41::info::/v1/api/serviceCategory/readServiceCategoriesWithServices/665edd23fa87b27398b73d10::e76e5b2b-3de5-409d-bdd4-412d5d86442f::input-params ::GET::::{}
2024-06-21 09:07:50::info::/v1/api/serviceCategory/readServiceCategoriesWithServices/665edd23fa87b27398b73d10::9d780445-a2af-43e3-b1bd-b4b765ba15b5::input-params ::GET::::{}
2024-06-21 09:07:52::info::/v1/api/user/readUserProfile/665edd23fa87b27398b73d10::99ba0f29-091e-4e4e-bfc2-79aa1f2d4a98::input-params ::GET::::{}
2024-06-21 09:07:52::info::/v1/api/user/me::6b75cf59-799d-4b2f-9a99-a9ef8956b20b::input-params ::GET::::{}
2024-06-21 09:07:52::info::/v1/api/serviceCategory/readServiceCategoriesWithServices/665edd23fa87b27398b73d10::1ad11052-3519-4c47-a6cd-e874ddac5667::input-params ::GET::::{}
2024-06-21 09:07:57::info::/v1/api/user/me::1ec83bef-592d-4ac3-a012-defc3f063e87::input-params ::GET::::{}
2024-06-21 09:07:57::info::/v1/api/user/readUserProfile/665edd23fa87b27398b73d10::42705cf3-686a-401c-ae66-97efd9e8cfd4::input-params ::GET::::{}
2024-06-21 09:07:57::info::/v1/api/serviceCategory/readServiceCategoriesWithServices/665edd23fa87b27398b73d10::7a756635-c1a3-47b2-ba10-ea071010e3a6::input-params ::GET::::{}
2024-06-21 09:08:01::info::/v1/api/serviceCategory/updateServiceCategory/undefined::90154612-9753-4a09-9168-331203b6841c::input-params ::PATCH::::{}
2024-06-21 09:08:01::error::/v1/api/serviceCategory/updateServiceCategory/undefined::90154612-9753-4a09-9168-331203b6841c::undefined - NaNms - Response: {"stringValue":"\"undefined\"","valueType":"string","kind":"ObjectId","value":"undefined","path":"_id","reason":{},"name":"CastError","message":"Cast to ObjectId failed for value \"undefined\" (type string) at path \"_id\" for model \"ServiceCategory\""}::{"message":"Cast to ObjectId failed for value \"undefined\" (type string) at path \"_id\" for model \"ServiceCategory\""}
2024-06-21 09:09:08::info::/v1/api/user/me::714397c7-1288-40a3-b14f-5abc05e08995::input-params ::GET::::{}
2024-06-21 09:09:08::info::/v1/api/user/readUserProfile/665edd23fa87b27398b73d10::37a20802-6d3f-45ba-8e75-6a428f210f1f::input-params ::GET::::{}
2024-06-21 09:09:08::info::/v1/api/serviceCategory/readServiceCategoriesWithServices/665edd23fa87b27398b73d10::3fe6b55e-bc07-489c-b236-de9551304c01::input-params ::GET::::{}
2024-06-21 09:09:09::info::/v1/api/serviceCategory/updateServiceCategory/6673fa6088ea8fbd57e720fc::b9381c48-a3c6-470c-b85d-f7567e3d993e::input-params ::PATCH::::{}
2024-06-21 09:09:09::info::/v1/api/serviceCategory/readServiceCategoriesWithServices/665edd23fa87b27398b73d10::a715eab9-5e1e-4e65-a921-9c9412c45771::input-params ::GET::::{}
2024-06-21 09:09:14::info::/v1/api/serviceCategory/updateServiceCategory/6673fa6088ea8fbd57e720fc::586c3e6b-1ede-4fc3-a665-1ef1ead738ed::input-params ::PATCH::::{}
2024-06-21 09:09:14::info::/v1/api/serviceCategory/readServiceCategoriesWithServices/665edd23fa87b27398b73d10::0cf54c17-a020-4282-b15e-86cc5868bc28::input-params ::GET::::{}
2024-06-21 09:09:24::info::/v1/api/user/me::75290437-cccb-46fe-ab69-0b0adcab5721::input-params ::GET::::{}
2024-06-21 09:09:24::info::/v1/api/user/readUserProfile/665edd23fa87b27398b73d10::e76a2468-5e68-4f29-ba92-d73e3d19d8d6::input-params ::GET::::{}
2024-06-21 09:09:24::info::/v1/api/serviceCategory/readServiceCategoriesWithServices/665edd23fa87b27398b73d10::e0f4682d-7711-4b51-bf15-0fe1820674c7::input-params ::GET::::{}
2024-06-21 09:10:18::info::/v1/api/serviceCategory/updateServiceCategory/6673fa6088ea8fbd57e720fc::9533f9e3-6698-456d-ba4a-045e87cb1454::input-params ::PATCH::::{}
2024-06-21 09:10:18::info::/v1/api/serviceCategory/readServiceCategoriesWithServices/665edd23fa87b27398b73d10::31be0c50-a211-427c-882f-d14e6307599c::input-params ::GET::::{}
2024-06-21 09:10:21::info::/v1/api/serviceCategory/updateServiceCategory/6673fa6088ea8fbd57e720fc::3b3cf20c-80fe-4d4e-a5ba-3957967ad904::input-params ::PATCH::::{}
2024-06-21 09:10:21::info::/v1/api/serviceCategory/readServiceCategoriesWithServices/665edd23fa87b27398b73d10::9112bbe2-a13c-42fa-869f-953b340045de::input-params ::GET::::{}
2024-06-21 09:10:24::info::/v1/api/user/me::3fcf8843-401b-4cfe-b951-50a5aa74bae8::input-params ::GET::::{}
2024-06-21 09:10:24::info::/v1/api/user/readUserProfile/665edd23fa87b27398b73d10::a5c7ebf1-d580-4aeb-84bb-09eb819bf951::input-params ::GET::::{}
2024-06-21 09:10:24::info::/v1/api/serviceCategory/readServiceCategoriesWithServices/665edd23fa87b27398b73d10::bd07b908-bb22-49c3-9699-4e6ad7633963::input-params ::GET::::{}
2024-06-21 09:10:46::info::/v1/api/user/me::11fb90e7-d295-4394-88e7-0a1438ce9123::input-params ::GET::::{}
2024-06-21 09:10:46::info::/v1/api/serviceCategory/readServiceCategoriesWithServices/665edd23fa87b27398b73d10::979cde48-7fc5-4760-a24f-84d82138dd8b::input-params ::GET::::{}
2024-06-21 09:10:46::info::/v1/api/user/readUserProfile/665edd23fa87b27398b73d10::2119c0a0-67c4-428d-9411-3852f6bac0d5::input-params ::GET::::{}
2024-06-21 09:11:00::info::/v1/api/user/me::e9b38580-8e02-4e74-a6e3-62972f6a7b1d::input-params ::GET::::{}
2024-06-21 09:11:00::info::/v1/api/user/readUserProfile/665edd23fa87b27398b73d10::58423fde-42db-4883-b825-8e3892bf7a9b::input-params ::GET::::{}
2024-06-21 09:11:00::info::/v1/api/serviceCategory/readServiceCategoriesWithServices/665edd23fa87b27398b73d10::164105a3-717d-42ee-831c-d8f0d1925172::input-params ::GET::::{}
2024-06-21 09:11:06::info::/v1/api/user/me::b921985c-0ba2-4f16-bdfb-73a8ed8d7298::input-params ::GET::::{}
2024-06-21 09:11:06::info::/v1/api/user/readUserProfile/665edd23fa87b27398b73d10::b4459653-5057-48c9-9a01-a27cb75f9ee2::input-params ::GET::::{}
2024-06-21 09:11:06::info::/v1/api/serviceCategory/readServiceCategoriesWithServices/665edd23fa87b27398b73d10::4ee6f8b3-7b35-4420-a261-eeff142169af::input-params ::GET::::{}
2024-06-21 09:11:12::info::/v1/api/user/me::b89029ed-1da8-40ca-ad07-8ff049f19509::input-params ::GET::::{}
2024-06-21 09:11:12::info::/v1/api/user/readUserProfile/665edd23fa87b27398b73d10::edb7379c-5fff-4881-8c21-c17172b7a586::input-params ::GET::::{}
2024-06-21 09:11:12::info::/v1/api/serviceCategory/readServiceCategoriesWithServices/665edd23fa87b27398b73d10::6c8832e6-8b87-4054-a2d6-9931acf0c0f5::input-params ::GET::::{}
2024-06-21 09:11:26::info::/v1/api/user/me::939646f8-d4d3-4f55-8831-c62e9bebfe96::input-params ::GET::::{}
2024-06-21 09:11:26::info::/v1/api/user/readUserProfile/665edd23fa87b27398b73d10::3555fece-9fc3-4d2e-ae28-7a5cedd7d15f::input-params ::GET::::{}
2024-06-21 09:11:26::info::/v1/api/serviceCategory/readServiceCategoriesWithServices/665edd23fa87b27398b73d10::a7f972f9-d8da-4964-8a17-ebcf75a4069b::input-params ::GET::::{}
2024-06-21 09:11:33::info::/v1/api/user/me::ceeb39d1-d024-46ad-8c8b-b9324ceeb9b4::input-params ::GET::::{}
2024-06-21 09:11:33::info::/v1/api/user/readUserProfile/665edd23fa87b27398b73d10::9597327a-a078-43a1-a22c-296866c4e168::input-params ::GET::::{}
2024-06-21 09:11:33::info::/v1/api/serviceCategory/readServiceCategoriesWithServices/665edd23fa87b27398b73d10::4ec51eed-0a6f-48eb-9852-d8ca343e9945::input-params ::GET::::{}
2024-06-21 09:11:40::info::/v1/api/user/readUserProfile/665edd23fa87b27398b73d10::7fa87e2e-1f83-4cd8-9594-02345ae4d2a8::input-params ::GET::::{}
2024-06-21 09:11:40::info::/v1/api/user/me::725e63aa-1c17-4d2f-9788-72e640a9e098::input-params ::GET::::{}
2024-06-21 09:11:40::info::/v1/api/serviceCategory/readServiceCategoriesWithServices/665edd23fa87b27398b73d10::3d90f011-b6fe-484c-9a26-6ab1716b026e::input-params ::GET::::{}
2024-06-21 09:12:11::info::/v1/api/serviceCategory/readServiceCategoriesWithServices/665edd23fa87b27398b73d10::b3af8eb6-d9f1-4f6d-a3be-7be428f930c8::input-params ::GET::::{}
2024-06-21 09:12:53::info::/v1/api/user/me::57e9a2ac-9adc-42cf-b543-4b4291d4a1fa::input-params ::GET::::{}
2024-06-21 09:12:53::info::/v1/api/user/readUserProfile/665edd23fa87b27398b73d10::48d11555-3c28-42f3-a89d-be89d27414d2::input-params ::GET::::{}
2024-06-21 09:12:53::info::/v1/api/serviceCategory/readServiceCategoriesWithServices/665edd23fa87b27398b73d10::585c8b80-ff85-4420-b984-5f10256cc571::input-params ::GET::::{}
2024-06-21 09:13:12::info::/v1/api/user/me::04c572ab-b40d-4e4a-ae5e-711ae4bd959c::input-params ::GET::::{}
2024-06-21 09:13:12::info::/v1/api/user/readUserProfile/665edd23fa87b27398b73d10::cdbb2103-dda6-4a7c-bbfe-dd6ab2bfa93d::input-params ::GET::::{}
2024-06-21 09:13:12::info::/v1/api/serviceCategory/readServiceCategoriesWithServices/665edd23fa87b27398b73d10::4032b4c3-bccf-4c4d-a8be-54cc1c2b0b0c::input-params ::GET::::{}
2024-06-21 09:13:16::info::/v1/api/user/me::3383db41-54f0-4a49-a94e-1e2dfd83d780::input-params ::GET::::{}
2024-06-21 09:13:16::info::/v1/api/user/readUserProfile/665edd23fa87b27398b73d10::e44c3213-91ed-454a-af35-a6bc32c4e2ae::input-params ::GET::::{}
2024-06-21 09:13:16::info::/v1/api/serviceCategory/readServiceCategoriesWithServices/665edd23fa87b27398b73d10::47c7e976-4461-40b7-9d81-e02a157752d8::input-params ::GET::::{}
2024-06-21 09:13:37::info::/v1/api/user/me::538388a8-d79a-4bca-aa87-5c5af8d853f6::input-params ::GET::::{}
2024-06-21 09:13:37::info::/v1/api/user/readUserProfile/665edd23fa87b27398b73d10::69e4f35b-0cfa-4d7f-8142-b773e8e92ea7::input-params ::GET::::{}
2024-06-21 09:13:37::info::/v1/api/serviceCategory/readServiceCategoriesWithServices/665edd23fa87b27398b73d10::1cd4ba02-ff33-4a07-a0e5-3df16bfdfcaf::input-params ::GET::::{}
2024-06-21 09:13:41::info::/v1/api/user/me::80eab92b-767d-4c59-a000-8f053eeae34d::input-params ::GET::::{}
2024-06-21 09:13:41::info::/v1/api/user/readUserProfile/665edd23fa87b27398b73d10::41b148d1-67ee-4e34-b18c-e03e7f21ef12::input-params ::GET::::{}
2024-06-21 09:13:41::info::/v1/api/serviceCategory/readServiceCategoriesWithServices/665edd23fa87b27398b73d10::a25aa6a9-2c0d-4d65-9cb4-dac5a7863efb::input-params ::GET::::{}
2024-06-21 09:13:57::info::/v1/api/user/me::27923e38-9c3b-463d-b4bf-9cebb3e70155::input-params ::GET::::{}
2024-06-21 09:13:57::info::/v1/api/user/readUserProfile/665edd23fa87b27398b73d10::75f746ca-266a-4d1e-b2ef-7e4cf26b974c::input-params ::GET::::{}
2024-06-21 09:13:57::info::/v1/api/serviceCategory/readServiceCategoriesWithServices/665edd23fa87b27398b73d10::55c4d132-14b8-478f-bbff-96bb14768368::input-params ::GET::::{}
2024-06-21 09:14:12::info::/v1/api/user/me::8aebcd76-8ec6-4a82-9da4-efa02a76f958::input-params ::GET::::{}
2024-06-21 09:14:12::info::/v1/api/user/readUserProfile/665edd23fa87b27398b73d10::8d3f369e-86cb-42d6-bfb1-61b25b17a843::input-params ::GET::::{}
2024-06-21 09:14:12::info::/v1/api/serviceCategory/readServiceCategoriesWithServices/665edd23fa87b27398b73d10::71f2aa28-2f12-4aef-9db0-4da740d451ec::input-params ::GET::::{}
2024-06-21 09:14:19::info::/v1/api/user/me::db0ceac3-64ca-4f0f-9351-ebca083d7484::input-params ::GET::::{}
2024-06-21 09:14:19::info::/v1/api/user/readUserProfile/665edd23fa87b27398b73d10::52b45daf-1ffc-4478-b4bc-85f1e0296a97::input-params ::GET::::{}
2024-06-21 09:14:19::info::/v1/api/serviceCategory/readServiceCategoriesWithServices/665edd23fa87b27398b73d10::aee40779-49d8-46b8-b567-7301ea618f9e::input-params ::GET::::{}
2024-06-21 09:14:39::info::/v1/api/serviceCategory/readServiceCategoriesWithServices/665edd23fa87b27398b73d10::ab7b7c79-bb16-4cd1-9ebd-2fd548703899::input-params ::GET::::{}
2024-06-21 09:14:40::info::/v1/api/user/me::1c2178bc-660e-4b41-88c1-c0c1f2cf7f47::input-params ::GET::::{}
2024-06-21 09:14:40::info::/v1/api/user/readUserProfile/665edd23fa87b27398b73d10::1eb77ba1-c83c-4c9f-97a6-26cbfb803b48::input-params ::GET::::{}
2024-06-21 09:14:40::info::/v1/api/serviceCategory/readServiceCategoriesWithServices/665edd23fa87b27398b73d10::7a577ca0-e7cb-4cac-b514-dfec509d9756::input-params ::GET::::{}
2024-06-21 09:15:12::info::/v1/api/user/me::ee5cdaf1-163d-46cd-b3e6-2d9a623ef140::input-params ::GET::::{}
2024-06-21 09:15:12::info::/v1/api/user/readUserProfile/665edd23fa87b27398b73d10::46d2b982-feed-4c1b-afbf-04d94a1f9ddc::input-params ::GET::::{}
2024-06-21 09:15:12::info::/v1/api/serviceCategory/readServiceCategoriesWithServices/665edd23fa87b27398b73d10::6e5aec97-731e-4b70-a874-1b4cdef487e2::input-params ::GET::::{}
2024-06-21 09:16:02::info::/v1/api/user/me::8e772c13-2dec-4a66-966e-441487b99992::input-params ::GET::::{}
2024-06-21 09:16:02::info::/v1/api/user/readUserProfile/665edd23fa87b27398b73d10::d3813c38-50b1-4daa-a88d-8e32c1f850ee::input-params ::GET::::{}
2024-06-21 09:16:02::info::/v1/api/serviceCategory/readServiceCategoriesWithServices/665edd23fa87b27398b73d10::3937298f-f0d8-4953-9b27-269c86da2feb::input-params ::GET::::{}
2024-06-21 09:16:16::info::/v1/api/user/me::df622f69-fb95-407c-be26-59c2df12783f::input-params ::GET::::{}
2024-06-21 09:16:16::info::/v1/api/user/readUserProfile/665edd23fa87b27398b73d10::0d3cd94d-23b0-4755-b912-3d4fe6f023b4::input-params ::GET::::{}
2024-06-21 09:16:16::info::/v1/api/serviceCategory/readServiceCategoriesWithServices/665edd23fa87b27398b73d10::624a4668-18d0-4ab2-8865-b9496475e556::input-params ::GET::::{}
2024-06-21 09:16:17::info::/v1/api/user/me::9b579296-196e-4fe5-a1e3-2e1d2c8dfd41::input-params ::GET::::{}
2024-06-21 09:16:17::info::/v1/api/user/readUserProfile/665edd23fa87b27398b73d10::fa5e3784-63c5-43c7-a858-e78e7b75e9e1::input-params ::GET::::{}
2024-06-21 09:16:17::info::/v1/api/serviceCategory/readServiceCategoriesWithServices/665edd23fa87b27398b73d10::c4b0ef25-81b4-4925-9cae-725991e4db5d::input-params ::GET::::{}
2024-06-21 09:16:23::info::/v1/api/user/me::859b4d6c-9902-4f4e-82b8-a6e22191d157::input-params ::GET::::{}
2024-06-21 09:16:23::info::/v1/api/user/readUserProfile/665edd23fa87b27398b73d10::9fbaaae1-eee5-4961-bb68-94983f493172::input-params ::GET::::{}
2024-06-21 09:16:23::info::/v1/api/serviceCategory/readServiceCategoriesWithServices/665edd23fa87b27398b73d10::c4ed2c36-a8dd-43a8-af69-5fd81dae805c::input-params ::GET::::{}
2024-06-21 09:17:17::info::/v1/api/user/me::3488f0ec-1f6e-4324-ab40-7a32ae8e0317::input-params ::GET::::{}
2024-06-21 09:17:17::info::/v1/api/user/readUserProfile/665edd23fa87b27398b73d10::d246cada-9b23-412f-a92d-2daf2d404954::input-params ::GET::::{}
2024-06-21 09:17:17::info::/v1/api/serviceCategory/readServiceCategoriesWithServices/665edd23fa87b27398b73d10::073d3028-f9e6-4dcf-8377-92688b0f365b::input-params ::GET::::{}
2024-06-21 09:18:46::info::/v1/api/serviceCategory/readServiceCategoriesWithServices/665edd23fa87b27398b73d10::0facb89f-f14f-43fc-b08b-1182f538aff9::input-params ::GET::::{}
2024-06-21 09:19:08::info::/v1/api/serviceCategory/readServiceCategoriesWithServices/665edd23fa87b27398b73d10::22a03a43-f62e-4559-955d-c673132b1219::input-params ::GET::::{}
2024-06-21 09:19:29::info::/v1/api/serviceCategory/readServiceCategoriesWithServices/665edd23fa87b27398b73d10::c4df5c39-deec-4c08-b726-ee56995e560c::input-params ::GET::::{}
2024-06-21 09:20:43::info::/v1/api/user/me::45bbdd69-835d-4349-a3f1-087285daeb0a::input-params ::GET::::{}
2024-06-21 09:20:43::info::/v1/api/user/readUserProfile/665edd23fa87b27398b73d10::578ee2f3-c135-4ee4-903d-f666f1754a3a::input-params ::GET::::{}
2024-06-21 09:20:43::info::/v1/api/serviceCategory/readServiceCategoriesWithServices/665edd23fa87b27398b73d10::24f21d43-4ea7-4fdc-86ff-106d0bb3328f::input-params ::GET::::{}
2024-06-21 09:20:47::info::/v1/api/user/me::ae9d02b3-2bcd-4736-915e-70d5ebf514a9::input-params ::GET::::{}
2024-06-21 09:20:47::info::/v1/api/user/readUserProfile/665edd23fa87b27398b73d10::25a2af1a-5b17-4388-b80e-4493e00dfc5f::input-params ::GET::::{}
2024-06-21 09:20:47::info::/v1/api/serviceCategory/readServiceCategoriesWithServices/665edd23fa87b27398b73d10::3d63b55c-6245-48b6-aa49-9057e6d24db4::input-params ::GET::::{}
2024-06-21 09:21:47::info::/v1/api/user/me::53de0244-2416-490e-8617-78b5c04bed4e::input-params ::GET::::{}
2024-06-21 09:21:47::info::/v1/api/user/readUserProfile/665edd23fa87b27398b73d10::e718db71-fdd1-4e4e-90e6-f3749f11a498::input-params ::GET::::{}
2024-06-21 09:21:47::info::/v1/api/serviceCategory/readServiceCategoriesWithServices/665edd23fa87b27398b73d10::379be23f-f9e8-4dd8-9753-d4c6a1fb46c2::input-params ::GET::::{}
2024-06-21 09:22:20::info::/v1/api/user/me::954480d6-f0b8-4844-b40d-00a3da30fc7b::input-params ::GET::::{}
2024-06-21 09:22:20::info::/v1/api/user/readUserProfile/665edd23fa87b27398b73d10::7aab18a7-8aae-4768-80cf-c23b0c480c78::input-params ::GET::::{}
2024-06-21 09:22:20::info::/v1/api/serviceCategory/readServiceCategoriesWithServices/665edd23fa87b27398b73d10::1b908e4e-bf4c-4a75-ad16-86b8574a88be::input-params ::GET::::{}
2024-06-21 09:22:23::info::/v1/api/user/me::ea42d0cc-79ae-4e10-94fc-dcd7f93067d5::input-params ::GET::::{}
2024-06-21 09:22:23::info::/v1/api/user/readUserProfile/665edd23fa87b27398b73d10::58949beb-4d7e-4f5a-b7c3-a19c8a425034::input-params ::GET::::{}
2024-06-21 09:22:23::info::/v1/api/serviceCategory/readServiceCategoriesWithServices/665edd23fa87b27398b73d10::6a412b4d-0c52-4b2f-92dd-9a7ce35243f1::input-params ::GET::::{}
2024-06-21 09:23:06::info::/v1/api/user/me::8ca44306-8384-4b4d-9ab9-eae5dc820eb4::input-params ::GET::::{}
2024-06-21 09:23:06::info::/v1/api/user/readUserProfile/665edd23fa87b27398b73d10::dca2d0d0-43b9-452c-a2f3-4ee588f876f6::input-params ::GET::::{}
2024-06-21 09:23:06::info::/v1/api/serviceCategory/readServiceCategoriesWithServices/665edd23fa87b27398b73d10::cd268fde-7864-42c9-be8a-020a7836f693::input-params ::GET::::{}
2024-06-21 09:24:03::info::/v1/api/serviceCategory/readServiceCategoriesWithServices/665edd23fa87b27398b73d10::70ca50f2-7935-4b50-9a09-ca348cc14966::input-params ::GET::::{}
2024-06-21 09:24:05::info::/v1/api/user/me::0f5d1477-5309-487d-a9be-ecd7bf30bd2e::input-params ::GET::::{}
2024-06-21 09:24:18::info::/v1/api/user/me::2bcf30ae-eedf-4d9d-aa83-5ca75286e835::input-params ::GET::::{}
2024-06-21 09:24:44::info::/v1/api/user/me::37987561-3444-4d14-ab95-7c3c91b90397::input-params ::GET::::{}
2024-06-21 09:25:05::info::/v1/api/user/me::35ab11b9-eafb-487d-9595-08af7e34569d::input-params ::GET::::{}
2024-06-21 09:25:14::info::/v1/api/serviceCategory/deleteServiceCategory/[object%20Object]::092324c0-4323-4c9c-bad4-5309ad7fd21e::input-params ::DELETE::::{}
2024-06-21 09:25:14::error::/v1/api/serviceCategory/deleteServiceCategory/[object%20Object]::092324c0-4323-4c9c-bad4-5309ad7fd21e::undefined - NaNms - Response: {"stringValue":"\"[object Object]\"","valueType":"string","kind":"ObjectId","value":"[object Object]","path":"_id","reason":{},"name":"CastError","message":"Cast to ObjectId failed for value \"[object Object]\" (type string) at path \"_id\" for model \"ServiceCategory\""}::{"message":"Cast to ObjectId failed for value \"[object Object]\" (type string) at path \"_id\" for model \"ServiceCategory\""}
2024-06-21 09:25:45::info::/v1/api/user/me::0e7376cd-7e1d-480f-8e51-7e42357b2fe4::input-params ::GET::::{}
2024-06-21 09:26:13::info::/v1/api/user/me::dbcf954b-68e8-43d3-b499-ac726d1f69f6::input-params ::GET::::{}
2024-06-21 09:26:13::info::/v1/api/serviceCategory/deleteServiceCategory/[object%20Object]::860e7c2f-f3d0-48ce-8b5c-93e6b1835250::input-params ::DELETE::::{}
2024-06-21 09:26:13::error::/v1/api/serviceCategory/deleteServiceCategory/[object%20Object]::860e7c2f-f3d0-48ce-8b5c-93e6b1835250::undefined - NaNms - Response: {"stringValue":"\"[object Object]\"","valueType":"string","kind":"ObjectId","value":"[object Object]","path":"_id","reason":{},"name":"CastError","message":"Cast to ObjectId failed for value \"[object Object]\" (type string) at path \"_id\" for model \"ServiceCategory\""}::{"message":"Cast to ObjectId failed for value \"[object Object]\" (type string) at path \"_id\" for model \"ServiceCategory\""}
2024-06-21 09:26:16::info::/v1/api/user/me::84c45942-6f41-4394-8f29-d429b8c7b3e7::input-params ::GET::::{}
2024-06-21 09:26:16::info::/v1/api/user/readUserProfile/665edd23fa87b27398b73d10::c526f11f-0332-45cc-9686-a9f4dc8e7dd4::input-params ::GET::::{}
2024-06-21 09:26:16::info::/v1/api/serviceCategory/readServiceCategoriesWithServices/665edd23fa87b27398b73d10::f8dd5aa1-a076-4ad1-9635-95652b721a70::input-params ::GET::::{}
2024-06-21 09:26:19::info::/v1/api/user/me::ad3aeec1-1604-4846-8fd6-1d29d49ebb9e::input-params ::GET::::{}
2024-06-21 09:26:19::info::/v1/api/user/readUserProfile/665edd23fa87b27398b73d10::252c0b72-f0e8-4c92-b3ac-d35396f18302::input-params ::GET::::{}
2024-06-21 09:26:19::info::/v1/api/serviceCategory/readServiceCategoriesWithServices/665edd23fa87b27398b73d10::7b7d491f-74c5-429e-b5a7-8e7af47543ca::input-params ::GET::::{}
2024-06-21 09:27:50::info::/v1/api/user/me::b1d18366-7f41-4ccb-8c01-bc051159b3b7::input-params ::GET::::{}
2024-06-21 09:27:50::info::/v1/api/user/readUserProfile/665edd23fa87b27398b73d10::bafd6efd-2c24-4904-97c4-05ced92f374d::input-params ::GET::::{}
2024-06-21 09:27:50::info::/v1/api/serviceCategory/readServiceCategoriesWithServices/665edd23fa87b27398b73d10::aa32baf9-e449-4ded-bfd1-90659a978448::input-params ::GET::::{}
2024-06-21 09:27:50::info::/v1/api/serviceCategory/deleteServiceCategory/[object%20Object]::2707337e-a310-4372-84af-78fb68b3438b::input-params ::DELETE::::{}
2024-06-21 09:27:50::error::/v1/api/serviceCategory/deleteServiceCategory/[object%20Object]::2707337e-a310-4372-84af-78fb68b3438b::undefined - NaNms - Response: {"stringValue":"\"[object Object]\"","valueType":"string","kind":"ObjectId","value":"[object Object]","path":"_id","reason":{},"name":"CastError","message":"Cast to ObjectId failed for value \"[object Object]\" (type string) at path \"_id\" for model \"ServiceCategory\""}::{"message":"Cast to ObjectId failed for value \"[object Object]\" (type string) at path \"_id\" for model \"ServiceCategory\""}
2024-06-21 09:28:44::info::/v1/api/user/me::feb17df2-8af5-4481-8c81-1c845c74abde::input-params ::GET::::{}
2024-06-21 09:28:44::info::/v1/api/user/readUserProfile/665edd23fa87b27398b73d10::b8980f16-0cec-4c8b-9ab2-2562071f74da::input-params ::GET::::{}
2024-06-21 09:28:44::info::/v1/api/serviceCategory/readServiceCategoriesWithServices/665edd23fa87b27398b73d10::c2204991-0478-4979-942d-d6089fb39f6b::input-params ::GET::::{}
2024-06-21 09:28:44::info::/v1/api/serviceCategory/deleteServiceCategory/6674277417b66dcf54847a10::54d1693e-9e33-4380-93b5-3b8a1717711e::input-params ::DELETE::::{}
2024-06-21 09:28:44::error::/v1/api/serviceCategory/deleteServiceCategory/6674277417b66dcf54847a10::54d1693e-9e33-4380-93b5-3b8a1717711e::undefined - NaNms - Response: {}::{"message":"serviceCategory.remove is not a function"}
2024-06-21 09:28:57::info::/v1/api/user/me::ffc83dca-e66f-403b-a11a-bdb770d66d5c::input-params ::GET::::{}
2024-06-21 09:28:57::info::/v1/api/user/readUserProfile/665edd23fa87b27398b73d10::51c6102a-ad45-4823-bf54-5d35ad42fd51::input-params ::GET::::{}
2024-06-21 09:28:57::info::/v1/api/serviceCategory/readServiceCategoriesWithServices/665edd23fa87b27398b73d10::bbde9513-7249-41ee-902d-ed418abb8378::input-params ::GET::::{}
2024-06-21 09:28:58::info::/v1/api/serviceCategory/deleteServiceCategory/6674277417b66dcf54847a10::100b96bd-921b-429e-a5ac-c1cc053c85c8::input-params ::DELETE::::{}
2024-06-21 09:28:58::error::/v1/api/serviceCategory/deleteServiceCategory/6674277417b66dcf54847a10::100b96bd-921b-429e-a5ac-c1cc053c85c8::undefined - NaNms - Response: {}::{"message":"serviceCategory.remove is not a function"}
2024-06-21 09:29:50::info::/v1/api/user/me::9dd27681-08ff-4555-a41d-5854f7de795d::input-params ::GET::::{}
2024-06-21 09:29:50::info::/v1/api/user/readUserProfile/665edd23fa87b27398b73d10::e1bbf6cd-2a3a-44aa-a982-147d6f7dbcfd::input-params ::GET::::{}
2024-06-21 09:29:50::info::/v1/api/serviceCategory/deleteServiceCategory/6674277417b66dcf54847a10::207c35c7-bd9a-4e16-8d10-4b457470d480::input-params ::DELETE::::{}
2024-06-21 09:29:50::info::/v1/api/serviceCategory/readServiceCategoriesWithServices/665edd23fa87b27398b73d10::33f575b9-229d-447e-8222-96fae6319588::input-params ::GET::::{}
2024-06-21 09:29:50::error::/v1/api/serviceCategory/deleteServiceCategory/6674277417b66dcf54847a10::207c35c7-bd9a-4e16-8d10-4b457470d480::undefined - NaNms - Response: {}::{"message":"serviceCategory.remove is not a function"}
2024-06-21 09:30:04::info::/v1/api/user/me::d19b251a-a46f-48f5-a0e4-5f37c98160cb::input-params ::GET::::{}
2024-06-21 09:30:04::info::/v1/api/user/readUserProfile/665edd23fa87b27398b73d10::78eeb1e8-5e29-48f0-adac-34e651fc2d5b::input-params ::GET::::{}
2024-06-21 09:30:04::info::/v1/api/serviceCategory/readServiceCategoriesWithServices/665edd23fa87b27398b73d10::ff103f25-d977-4c72-8674-b26e09112e0f::input-params ::GET::::{}
2024-06-21 09:30:04::info::/v1/api/serviceCategory/deleteServiceCategory/6674277417b66dcf54847a10::c38d3fb2-1272-4b84-93be-68c8dd8d7369::input-params ::DELETE::::{}
2024-06-21 09:30:04::error::/v1/api/serviceCategory/deleteServiceCategory/6674277417b66dcf54847a10::c38d3fb2-1272-4b84-93be-68c8dd8d7369::undefined - NaNms - Response: {}::{"message":"serviceCategory.remove is not a function"}
2024-06-21 09:30:32::info::/v1/api/serviceCategory/readServiceCategoriesWithServices/665edd23fa87b27398b73d10::aed233eb-5cb6-443d-8fe6-4eaf3c1719d7::input-params ::GET::::{}
2024-06-21 09:30:32::info::/v1/api/user/readUserProfile/665edd23fa87b27398b73d10::e54bf9f7-8eb6-4519-bcaa-8b42f968ea9b::input-params ::GET::::{}
2024-06-21 09:30:32::info::/v1/api/user/me::6701df18-cb92-4c75-824a-72d945a4318b::input-params ::GET::::{}
2024-06-21 09:30:32::info::/v1/api/serviceCategory/deleteServiceCategory/6674277417b66dcf54847a10::a5ec0f33-b253-4073-bd2d-e536dda1228b::input-params ::DELETE::::{}
2024-06-21 09:30:32::info::/v1/api/serviceCategory/readServiceCategoriesWithServices/665edd23fa87b27398b73d10::a3023a62-2d4d-4e82-9dc6-9bc6cd42f483::input-params ::GET::::{}
2024-06-21 09:30:41::info::/v1/api/serviceCategory/readServiceCategoriesWithServices/665edd23fa87b27398b73d10::22fde101-4d57-4012-84f8-fd28ff3082f6::input-params ::GET::::{}
2024-06-21 09:30:41::info::/v1/api/user/me::1fff881e-bf07-4230-9a68-185e521afe1f::input-params ::GET::::{}
2024-06-21 09:30:41::info::/v1/api/user/readUserProfile/665edd23fa87b27398b73d10::dc1856d3-97aa-4b53-9b9a-5f18d475a65d::input-params ::GET::::{}
2024-06-21 09:30:44::info::/v1/api/commissionService/deleteCommissionService/6673da64609b3f69f2e09d1d::dbf0d7f0-76f2-4931-b313-0e73891e38b7::input-params ::DELETE::::{}
2024-06-21 09:30:47::info::/v1/api/serviceCategory/readServiceCategoriesWithServices/665edd23fa87b27398b73d10::04917223-0b47-4cec-bf28-b3741967de03::input-params ::GET::::{}
2024-06-21 09:30:58::info::/v1/api/serviceCategory/deleteServiceCategory/667427c317b66dcf54847a2e::98534885-8c75-4f70-916e-98b9eb6272c1::input-params ::DELETE::::{}
2024-06-21 09:30:58::info::/v1/api/serviceCategory/readServiceCategoriesWithServices/665edd23fa87b27398b73d10::bb984b46-9d42-445a-8b85-3fa6867b298b::input-params ::GET::::{}
2024-06-21 09:31:01::info::/v1/api/commissionService/deleteCommissionService/6673d9d7609b3f69f2e09ced::6df9bb8f-f189-44aa-81fa-faafd91fbbe4::input-params ::DELETE::::{}
2024-06-21 09:31:04::info::/v1/api/serviceCategory/readServiceCategoriesWithServices/665edd23fa87b27398b73d10::854b948f-cd53-4625-af34-21c5709ccfa8::input-params ::GET::::{}
2024-06-21 09:31:09::info::/v1/api/user/me::8590807c-c4af-432f-a2f5-aa3f79220d50::input-params ::GET::::{}
2024-06-21 09:31:09::info::/v1/api/serviceCategory/readServiceCategoriesWithServices/665edd23fa87b27398b73d10::cef78a7b-6e5e-4f4d-9d22-f25accd6b9ae::input-params ::GET::::{}
2024-06-21 09:31:09::info::/v1/api/user/readUserProfile/665edd23fa87b27398b73d10::3a38d708-ec66-45c6-ae36-f07ccdf70e1e::input-params ::GET::::{}
2024-06-21 09:31:12::info::/v1/api/user/me::effc283f-389c-4154-a5d0-95ea12142127::input-params ::GET::::{}
2024-06-21 09:31:12::info::/v1/api/user/readUserProfile/665edd23fa87b27398b73d10::06f5d4d9-b5dc-4220-af57-ec9df21bbdd1::input-params ::GET::::{}
2024-06-21 09:31:12::info::/v1/api/serviceCategory/readServiceCategoriesWithServices/665edd23fa87b27398b73d10::fbee7f9f-d358-4cce-9d6a-b8856c721714::input-params ::GET::::{}
2024-06-21 09:31:38::info::/v1/api/serviceCategory/readServiceCategoriesWithServices/665edd23fa87b27398b73d10::ac372093-d074-4047-8131-4414ee83a157::input-params ::GET::::{}
2024-06-21 09:32:09::info::/v1/api/serviceCategory/readServiceCategoriesWithServices/665edd23fa87b27398b73d10::fe2f74c5-1445-4924-bea7-04e42ba171bf::input-params ::GET::::{}
2024-06-21 09:32:14::info::/v1/api/user/me::91cd84f5-4fde-4b61-9cfc-3b71ab503a53::input-params ::GET::::{}
2024-06-21 09:32:14::info::/v1/api/user/readUserProfile/665edd23fa87b27398b73d10::4e341ec9-819b-4b34-af52-b761ffe2e860::input-params ::GET::::{}
2024-06-21 09:32:14::info::/v1/api/serviceCategory/readServiceCategoriesWithServices/665edd23fa87b27398b73d10::89bc538c-83b2-4bca-9e73-dfa39ecf9ef1::input-params ::GET::::{}
2024-06-21 09:32:30::info::/v1/api/user/me::242c414d-a050-4be2-96a6-189e8e44cb8c::input-params ::GET::::{}
2024-06-21 09:32:30::info::/v1/api/user/readUserProfile/665edd23fa87b27398b73d10::1552e1c2-c7e4-4286-9cef-148d122e9248::input-params ::GET::::{}
2024-06-21 09:32:30::info::/v1/api/serviceCategory/readServiceCategoriesWithServices/665edd23fa87b27398b73d10::d53fca7e-a1d5-4c07-9941-812da2018701::input-params ::GET::::{}
2024-06-21 09:32:39::info::/v1/api/user/me::dacd4c08-2daf-4725-bbf7-ea23e5241823::input-params ::GET::::{}
2024-06-21 09:32:39::info::/v1/api/user/readUserProfile/665edd23fa87b27398b73d10::d6358068-f679-4a95-b6ef-56458f74fa28::input-params ::GET::::{}
2024-06-21 09:32:40::info::/v1/api/serviceCategory/readServiceCategoriesWithServices/665edd23fa87b27398b73d10::dc84e84e-81aa-49d4-b6e0-ce66ed18f19f::input-params ::GET::::{}
2024-06-21 09:33:01::info::/v1/api/user/me::99a32778-9c44-467a-aea0-579ee3bb9970::input-params ::GET::::{}
2024-06-21 09:33:01::info::/v1/api/user/readUserProfile/665edd23fa87b27398b73d10::4dfcfcf6-10b4-4067-8d59-239dacc75dc0::input-params ::GET::::{}
2024-06-21 09:33:01::info::/v1/api/serviceCategory/readServiceCategoriesWithServices/665edd23fa87b27398b73d10::02372880-852f-40d5-9ac7-37135c8550c4::input-params ::GET::::{}
2024-06-21 09:46:04::info::/v1/api/user/me::c0ac878c-5abe-44c3-b383-2c6733d1342f::input-params ::GET::::{}
2024-06-21 09:46:04::info::/v1/api/user/readUserProfile/665edd23fa87b27398b73d10::6198e03a-dc07-4bc2-8616-10ab2de3e5d1::input-params ::GET::::{}
2024-06-21 09:46:04::info::/v1/api/serviceCategory/readServiceCategoriesWithServices/665edd23fa87b27398b73d10::2ca758ec-aff1-4b7f-b91d-15a422945456::input-params ::GET::::{}
2024-06-21 15:51:04::info::/v1/api/user/me::76f061b7-2552-4d4a-a3e5-93a06ec13f88::input-params ::GET::::{}
2024-06-21 15:51:04::info::/v1/api/user/readUserProfile/665edd23fa87b27398b73d10::68fc1138-bb12-4a44-a5f2-ccf61419a380::input-params ::GET::::{}
2024-06-21 15:51:04::info::/v1/api/serviceCategory/readServiceCategoriesWithServices/665edd23fa87b27398b73d10::331957a4-9e3c-47ce-bb21-4c9e344d456c::input-params ::GET::::{}
2024-06-21 15:51:39::info::/v1/api/user/me::b73149bc-73e6-4d6d-b944-f01eb53cfb2a::input-params ::GET::::{}
2024-06-21 15:51:39::info::/v1/api/serviceCategory/readServiceCategoriesWithServices/665edd23fa87b27398b73d10::1c30e6d0-78c8-4007-92e1-0eea595e3746::input-params ::GET::::{}
2024-06-21 15:51:39::info::/v1/api/user/readUserProfile/665edd23fa87b27398b73d10::2bb77f11-41d0-4602-89d8-a9c8dc575de4::input-params ::GET::::{}
2024-06-21 15:52:59::info::/v1/api/user/me::507dbef8-318d-4d77-b759-f0bda4b5d2b2::input-params ::GET::::{}
2024-06-21 15:52:59::info::/v1/api/user/readUserProfile/665edd23fa87b27398b73d10::9610d2e9-6a6b-455d-95c4-0fc8ea4ff711::input-params ::GET::::{}
2024-06-21 15:52:59::info::/v1/api/serviceCategory/readServiceCategoriesWithServices/665edd23fa87b27398b73d10::8e3e11d9-d869-4035-b719-603550df5caa::input-params ::GET::::{}
2024-06-21 15:53:37::info::/v1/api/serviceCategory/readServiceCategoriesWithServices/665edd23fa87b27398b73d10::11f7a60c-3225-4454-8ac1-f64e03a8d63a::input-params ::GET::::{}
2024-06-21 15:55:24::info::/v1/api/serviceCategory/readServiceCategoriesWithServices/665edd23fa87b27398b73d10::e282b571-0dee-4287-a065-47709cb60464::input-params ::GET::::{}
2024-06-21 15:56:35::info::/v1/api/serviceCategory/readServiceCategoriesWithServices/665edd23fa87b27398b73d10::25c9daec-b885-4af8-8494-567569965be4::input-params ::GET::::{}
2024-06-21 15:56:59::info::/v1/api/user/me::6ba5c05a-0d46-46d4-9f7b-3b1ffad8ca68::input-params ::GET::::{}
2024-06-21 15:56:59::info::/v1/api/user/readUserProfile/665edd23fa87b27398b73d10::e0e241b4-94bd-4f41-a9f0-ccde7330e108::input-params ::GET::::{}
2024-06-21 15:56:59::info::/v1/api/serviceCategory/readServiceCategoriesWithServices/665edd23fa87b27398b73d10::c946a4d8-1c08-4b48-aaee-3d3afbe29c6a::input-params ::GET::::{}
2024-06-21 15:57:04::info::/v1/api/serviceCategory/readServiceCategoriesWithServices/665edd23fa87b27398b73d10::6d1369d3-6ca5-469f-99a4-8ff89c1d8a4e::input-params ::GET::::{}
2024-06-21 15:57:58::info::/v1/api/user/me::f88112cc-ab1f-4a70-bd56-703c24feaf74::input-params ::GET::::{}
2024-06-21 15:57:58::info::/v1/api/user/readUserProfile/665edd23fa87b27398b73d10::f883123b-8396-429c-be77-6b93852f8c7d::input-params ::GET::::{}
2024-06-21 15:57:58::info::/v1/api/serviceCategory/readServiceCategoriesWithServices/665edd23fa87b27398b73d10::b329bb98-a02d-4fde-943a-0a2fa9203995::input-params ::GET::::{}
2024-06-21 15:58:01::info::/v1/api/serviceCategory/readServiceCategoriesWithServices/665edd23fa87b27398b73d10::8f1221bb-2b96-4029-b778-74657915008b::input-params ::GET::::{}
2024-06-21 16:00:54::info::/v1/api/user/me::1dd3dd4d-6e76-47e0-9780-94df5925476f::input-params ::GET::::{}
2024-06-21 16:00:54::info::/v1/api/user/readUserProfile/665edd23fa87b27398b73d10::6dd47171-8c83-422d-817c-ee54b2f860e2::input-params ::GET::::{}
2024-06-21 16:00:54::info::/v1/api/serviceCategory/readServiceCategoriesWithServices/665edd23fa87b27398b73d10::f38ce49c-6822-4f61-ac1a-42d34ff29fa8::input-params ::GET::::{}
2024-06-21 16:00:55::info::/v1/api/serviceCategory/createServiceCategory::e670b5d0-5ef6-4ad5-b476-caa9ec782d10::input-params ::POST::::{"title":"Digital Art"}
2024-06-21 16:00:55::info::/v1/api/commissionService/createCommissionService::1b012d82-d9fd-429d-bbf4-325be605fe0d::input-params ::POST::::{}
2024-06-21 16:00:59::info::/v1/api/serviceCategory/readServiceCategoriesWithServices/665edd23fa87b27398b73d10::e5ae90ec-ba4d-4f6c-ae4a-fbf61e065687::input-params ::GET::::{}
2024-06-21 16:01:35::info::/v1/api/user/me::b7265fa3-d3b7-4fe9-846a-ce871913b8bd::input-params ::GET::::{}
2024-06-21 16:01:35::info::/v1/api/user/readUserProfile/665edd23fa87b27398b73d10::41fa84a7-454d-4882-8295-c5a1582ad31d::input-params ::GET::::{}
2024-06-21 16:01:35::info::/v1/api/serviceCategory/readServiceCategoriesWithServices/665edd23fa87b27398b73d10::531e7a0f-6208-4d1c-86bf-d9b687fdbaf1::input-params ::GET::::{}
2024-06-21 16:02:31::info::/v1/api/user/me::f5d8affc-1f77-4fad-a7fd-4cf70a4dcc4a::input-params ::GET::::{}
2024-06-21 16:02:31::info::/v1/api/user/readUserProfile/665edd23fa87b27398b73d10::8d00c4f9-5098-472f-a0be-dc1a06132e1f::input-params ::GET::::{}
2024-06-21 16:02:31::info::/v1/api/serviceCategory/readServiceCategoriesWithServices/665edd23fa87b27398b73d10::c674753a-4963-414a-98fb-64388dfb8e16::input-params ::GET::::{}
2024-06-21 16:02:31::info::/v1/api/user/me::30cfee42-e269-40f4-a5ca-344f2096f729::input-params ::GET::::{}
2024-06-21 16:02:32::info::/v1/api/user/readUserProfile/665edd23fa87b27398b73d10::ef87de63-fda4-4aa6-99ce-da7f9110d4c6::input-params ::GET::::{}
2024-06-21 16:02:39::info::/v1/api/user/readUserProfile/665edd23fa87b27398b73d10::ac585448-0791-4010-8f82-014bfdb2d5b5::input-params ::GET::::{}
2024-06-21 16:02:40::info::/v1/api/user/me::a6d30273-4134-4125-aa20-e6cf3018fca8::input-params ::GET::::{}
2024-06-21 16:02:40::info::/v1/api/user/readUserProfile/665edd23fa87b27398b73d10::c96a0d98-86da-4339-a676-4154e9e02da5::input-params ::GET::::{}
2024-06-21 16:02:41::info::/v1/api/user/me::ae05dd67-0f68-4f6c-9278-4c28b7ff5a86::input-params ::GET::::{}
2024-06-21 16:02:41::info::/v1/api/user/readUserProfile/665edd23fa87b27398b73d10::341a37ce-63df-4ad9-a999-17baccfc1938::input-params ::GET::::{}
2024-06-21 16:02:47::info::/v1/api/user/me::bbbdbfac-2322-4357-9d96-5e18bd674ecc::input-params ::GET::::{}
2024-06-21 16:02:47::info::/v1/api/user/readUserProfile/665edd23fa87b27398b73d10::0629c29e-e6a6-4fe9-a42c-0a4391d7398d::input-params ::GET::::{}
2024-06-21 16:02:51::info::/v1/api/user/me::d462f4be-13ea-4f47-b0f8-95984c859d0e::input-params ::GET::::{}
2024-06-21 16:02:51::info::/v1/api/user/readUserProfile/665edd23fa87b27398b73d10::8854e46e-cf8b-4943-8629-419b485cf679::input-params ::GET::::{}
2024-06-21 16:03:11::info::/v1/api/user/me::a6c7ee4f-6e06-48ab-b8d1-92dd3530e77f::input-params ::GET::::{}
2024-06-21 16:03:11::info::/v1/api/user/me::45c3f764-75ea-4b74-84ce-79172144d8c2::input-params ::GET::::{}
2024-06-21 16:03:11::info::/v1/api/user/readUserProfile/665edd23fa87b27398b73d10::37d7bd08-1f87-4545-a11b-cd4d4103d1a0::input-params ::GET::::{}
2024-06-21 16:03:12::info::/v1/api/serviceCategory/readServiceCategoriesWithServices/665edd23fa87b27398b73d10::858bfb56-4cf5-4d2b-8dc7-5398d0a98f89::input-params ::GET::::{}
2024-06-21 16:08:32::info::/v1/api/user/me::aa19d18c-7536-4aef-8731-6972d00aaa39::input-params ::GET::::{}
2024-06-21 16:08:32::info::/v1/api/user/readUserProfile/665edd23fa87b27398b73d10::506b3514-63fd-4a9a-b2c2-9838ed6f3e78::input-params ::GET::::{}
2024-06-21 16:08:32::info::/v1/api/serviceCategory/readServiceCategoriesWithServices/665edd23fa87b27398b73d10::89959cbe-9ae1-432a-9853-823021db1d8c::input-params ::GET::::{}
2024-06-21 16:22:52::info::/v1/api/user/me::fe796457-10f8-42a1-a489-5d41f4b51441::input-params ::GET::::{}
2024-06-21 16:22:52::info::/v1/api/user/readUserProfile/665edd23fa87b27398b73d10::0e63cd0c-c75c-44cc-a15e-414ad38a5b32::input-params ::GET::::{}
2024-06-21 16:22:52::info::/v1/api/serviceCategory/readServiceCategoriesWithServices/665edd23fa87b27398b73d10::143e238e-4060-4df2-89c7-d3afc22acdce::input-params ::GET::::{}
2024-06-21 16:22:56::info::/v1/api/user/me::113cc446-cb81-4547-8dc8-6b71b2bb1bdb::input-params ::GET::::{}
2024-06-21 16:22:56::info::/v1/api/user/readUserProfile/665edd23fa87b27398b73d10::8fd1ecab-7318-48cc-a981-35534d3ffc13::input-params ::GET::::{}
2024-06-21 16:22:56::info::/v1/api/serviceCategory/readServiceCategoriesWithServices/665edd23fa87b27398b73d10::7d0d9758-1ec8-44fc-af5b-4be121802622::input-params ::GET::::{}
2024-06-21 16:24:13::info::/v1/api/user/me::45343918-4f42-45c4-a38b-6c9d4c63deb8::input-params ::GET::::{}
2024-06-21 16:24:13::info::/v1/api/user/readUserProfile/665edd23fa87b27398b73d10::df3308ca-4f29-4a87-aaab-988304992eae::input-params ::GET::::{}
2024-06-21 16:24:13::info::/v1/api/serviceCategory/readServiceCategoriesWithServices/665edd23fa87b27398b73d10::1083f7fa-03e0-4823-a345-5f363ecccc37::input-params ::GET::::{}
2024-06-21 16:24:19::info::/v1/api/user/me::bd5046fa-ef15-4981-95e5-88f073a3cc3c::input-params ::GET::::{}
2024-06-21 16:24:19::info::/v1/api/user/readUserProfile/665edd23fa87b27398b73d10::94fe0f94-5f74-45aa-8dbd-8ecd6479dc4a::input-params ::GET::::{}
2024-06-21 16:24:19::info::/v1/api/serviceCategory/readServiceCategoriesWithServices/665edd23fa87b27398b73d10::caea49a1-7bca-4a28-96ab-44f045c8b009::input-params ::GET::::{}
2024-06-21 16:25:41::info::/v1/api/user/me::44880ef9-9177-4bb3-80a3-e665debdd5a8::input-params ::GET::::{}
2024-06-21 16:25:41::info::/v1/api/user/readUserProfile/665edd23fa87b27398b73d10::84284d85-3c2c-4a63-9895-cfa9e2e3d869::input-params ::GET::::{}
2024-06-21 16:25:41::info::/v1/api/serviceCategory/readServiceCategoriesWithServices/665edd23fa87b27398b73d10::932a0ace-1c48-4d51-8005-30ec6ed32ea3::input-params ::GET::::{}
2024-06-21 16:26:53::info::/v1/api/user/me::7509e96e-4153-45bc-820a-5661c09c80ae::input-params ::GET::::{}
2024-06-21 16:26:53::info::/v1/api/user/readUserProfile/665edd23fa87b27398b73d10::e535687d-58b0-4ac8-bc86-1d927a7f70f7::input-params ::GET::::{}
2024-06-21 16:26:53::info::/v1/api/serviceCategory/readServiceCategoriesWithServices/665edd23fa87b27398b73d10::4922af6c-f5c1-4ea5-abb3-5a22acdfc8c9::input-params ::GET::::{}
2024-06-21 16:26:53::info::/v1/api/user/me::2baed80f-d286-4dd1-b7b9-d1bd1ccf83a8::input-params ::GET::::{}
2024-06-21 16:26:53::info::/v1/api/user/readUserProfile/665edd23fa87b27398b73d10::12d3c7cf-87d4-45ff-9ac7-396942a94275::input-params ::GET::::{}
2024-06-21 16:26:53::info::/v1/api/serviceCategory/readServiceCategoriesWithServices/665edd23fa87b27398b73d10::51ae0aa0-db62-4d83-8c77-3a2ccde50bdf::input-params ::GET::::{}
2024-06-21 16:26:58::info::/v1/api/user/me::d87eaad9-2156-4ffd-87be-6dd128cfe84b::input-params ::GET::::{}
2024-06-21 16:26:58::info::/v1/api/user/readUserProfile/665edd23fa87b27398b73d10::38d3bdaa-a047-4e7b-9406-2a1c239ac333::input-params ::GET::::{}
2024-06-21 16:26:58::info::/v1/api/serviceCategory/readServiceCategoriesWithServices/665edd23fa87b27398b73d10::a93d31ec-fff9-4686-a80c-6a11ebe01678::input-params ::GET::::{}
2024-06-21 16:28:03::info::/v1/api/user/me::00e096b6-fcea-4a6c-a3fc-0f1aaee882bf::input-params ::GET::::{}
2024-06-21 16:28:03::info::/v1/api/user/readUserProfile/665edd23fa87b27398b73d10::ec1a13f4-e28b-41c6-988c-7ee0a68884a4::input-params ::GET::::{}
2024-06-21 16:28:03::info::/v1/api/serviceCategory/readServiceCategoriesWithServices/665edd23fa87b27398b73d10::982edf8f-8cb6-450c-9361-f9556838ce73::input-params ::GET::::{}
2024-06-21 16:28:10::info::/v1/api/user/me::5836c402-7b5a-4e3c-8c12-678e51a71ab7::input-params ::GET::::{}
2024-06-21 16:28:10::info::/v1/api/user/readUserProfile/665edd23fa87b27398b73d10::e9b5752e-ad06-4c14-9c5a-9e5de59db52d::input-params ::GET::::{}
2024-06-21 16:28:10::info::/v1/api/serviceCategory/readServiceCategoriesWithServices/665edd23fa87b27398b73d10::75a7a174-74a4-4681-b42b-4ffac09fbadd::input-params ::GET::::{}
2024-06-21 16:28:38::info::/v1/api/user/me::e255ce74-cf1d-4411-a5ed-7f24e861ba64::input-params ::GET::::{}
2024-06-21 16:28:38::info::/v1/api/user/readUserProfile/665edd23fa87b27398b73d10::7e3cd41c-f768-4b4c-a4e0-cab5838a2f96::input-params ::GET::::{}
2024-06-21 16:28:38::info::/v1/api/serviceCategory/readServiceCategoriesWithServices/665edd23fa87b27398b73d10::4b352820-5c81-4f12-95c2-147b2f79939b::input-params ::GET::::{}
2024-06-21 16:28:56::info::/v1/api/user/me::44bdbcf0-e5ea-42f2-b015-e9202ede5bf9::input-params ::GET::::{}
2024-06-21 16:28:56::info::/v1/api/user/readUserProfile/665edd23fa87b27398b73d10::c6a0af19-3d5a-456c-80f5-63e4c7d3f8be::input-params ::GET::::{}
2024-06-21 16:28:56::info::/v1/api/serviceCategory/readServiceCategoriesWithServices/665edd23fa87b27398b73d10::35a13b01-9ecd-4ce9-9a14-9fee48c4421e::input-params ::GET::::{}
2024-06-21 16:29:39::info::/v1/api/user/me::c60c2ecc-caf4-4d58-af80-20fa23ae65fd::input-params ::GET::::{}
2024-06-21 16:29:39::info::/v1/api/user/readUserProfile/665edd23fa87b27398b73d10::582b4408-1622-444f-8ec9-cd1e72931170::input-params ::GET::::{}
2024-06-21 16:29:39::info::/v1/api/serviceCategory/readServiceCategoriesWithServices/665edd23fa87b27398b73d10::0a290496-c8bb-4186-a6ba-467987bcb154::input-params ::GET::::{}
2024-06-21 16:30:02::info::/v1/api/user/me::b94f0381-cb1a-4d0d-bdfc-9376476dd4e2::input-params ::GET::::{}
2024-06-21 16:30:02::info::/v1/api/user/readUserProfile/665edd23fa87b27398b73d10::f42eb07c-eaee-4ca5-b0b7-6e8e40b30267::input-params ::GET::::{}
2024-06-21 16:30:02::info::/v1/api/serviceCategory/readServiceCategoriesWithServices/665edd23fa87b27398b73d10::bf914677-813b-48d7-ac81-1b6d2d15f87e::input-params ::GET::::{}
2024-06-21 16:30:04::info::/v1/api/user/me::069099f4-d3ee-4510-973b-9d12d1aa8711::input-params ::GET::::{}
2024-06-21 16:30:04::info::/v1/api/user/readUserProfile/665edd23fa87b27398b73d10::8d096d60-32de-4cfd-8003-49c4f503f99b::input-params ::GET::::{}
2024-06-21 16:30:04::info::/v1/api/serviceCategory/readServiceCategoriesWithServices/665edd23fa87b27398b73d10::b4d2fbfe-fb05-4dfd-98c0-1c6f12101646::input-params ::GET::::{}
2024-06-21 16:30:05::info::/v1/api/user/me::34418b84-c46c-42df-9ba0-60d69a72e672::input-params ::GET::::{}
2024-06-21 16:30:05::info::/v1/api/user/readUserProfile/665edd23fa87b27398b73d10::4982df1c-3fa8-4378-a756-7d47456d765b::input-params ::GET::::{}
2024-06-21 16:30:05::info::/v1/api/serviceCategory/readServiceCategoriesWithServices/665edd23fa87b27398b73d10::4d9ff3b6-b111-4338-8e0a-ae61fa0dd98b::input-params ::GET::::{}
2024-06-21 16:32:59::info::/v1/api/user/me::3ce46f09-d4da-4d37-9e3b-8e4a68eaebed::input-params ::GET::::{}
2024-06-21 16:32:59::info::/v1/api/user/readUserProfile/665edd23fa87b27398b73d10::b1c97115-20cd-4187-bea5-1c480b40ac1e::input-params ::GET::::{}
2024-06-21 16:32:59::info::/v1/api/serviceCategory/readServiceCategoriesWithServices/665edd23fa87b27398b73d10::f028afe5-5c66-40b9-b5d1-d45e2db31d5f::input-params ::GET::::{}
2024-06-21 16:33:11::info::/v1/api/user/me::6bd81081-007a-4299-a5e2-58a35bbd9e12::input-params ::GET::::{}
2024-06-21 16:33:11::info::/v1/api/user/readUserProfile/665edd23fa87b27398b73d10::37c02a9f-32b5-442d-a7a4-840f69f55a0c::input-params ::GET::::{}
2024-06-21 16:33:11::info::/v1/api/serviceCategory/readServiceCategoriesWithServices/665edd23fa87b27398b73d10::6edde52b-5d9c-4a8b-8144-5b8063c293d1::input-params ::GET::::{}
2024-06-21 18:06:45::info::/v1/api/user/me::5f070c01-1f15-4543-bca0-ba2bb2a868af::input-params ::GET::::{}
2024-06-21 18:06:45::info::/v1/api/user/readUserProfile/665edd23fa87b27398b73d10::40252e53-71f0-4b29-9109-e398455037a7::input-params ::GET::::{}
2024-06-21 18:06:45::info::/v1/api/serviceCategory/readServiceCategoriesWithServices/665edd23fa87b27398b73d10::a0d6eb33-9acf-4fc7-b520-43a0e118083d::input-params ::GET::::{}
2024-06-21 18:07:56::info::/v1/api/user/me::3a9dbe8e-c536-4f4b-b0a7-48cbc8741668::input-params ::GET::::{}
2024-06-21 18:07:56::info::/v1/api/user/readUserProfile/665edd23fa87b27398b73d10::40d50d59-a23c-47bf-8600-24a62c4e14b5::input-params ::GET::::{}
2024-06-21 18:07:58::info::/v1/api/serviceCategory/readServiceCategoriesWithServices/665edd23fa87b27398b73d10::4dc9b09e-3780-4cb8-af25-608238ae6920::input-params ::GET::::{}
2024-06-21 18:09:23::info::/v1/api/user/me::9b89044b-8a93-485f-8a23-7d5fd5a72a7d::input-params ::GET::::{}
2024-06-21 18:09:23::info::/v1/api/user/readUserProfile/665edd23fa87b27398b73d10::03e12486-deb1-4bf4-85fd-6df6331423e9::input-params ::GET::::{}
2024-06-21 18:09:23::info::/v1/api/serviceCategory/readServiceCategoriesWithServices/665edd23fa87b27398b73d10::3b76e35e-8a78-4f16-9e6f-ac8ab4e07fdd::input-params ::GET::::{}
2024-06-21 18:12:00::info::/v1/api/user/me::916d1665-6e48-477a-956c-9821880ad0ba::input-params ::GET::::{}
2024-06-21 18:12:00::info::/v1/api/user/readUserProfile/665edd23fa87b27398b73d10::a61799ee-92ba-4a48-a854-a1c4e63acd71::input-params ::GET::::{}
2024-06-21 18:12:00::info::/v1/api/serviceCategory/readServiceCategoriesWithServices/665edd23fa87b27398b73d10::39261a38-c848-4f21-a060-be6cea5626b7::input-params ::GET::::{}
2024-06-21 18:16:31::info::/v1/api/user/me::26d5eb93-35fd-4227-bd35-a4d59a6bb172::input-params ::GET::::{}
2024-06-21 18:16:31::info::/v1/api/user/readUserProfile/665edd23fa87b27398b73d10::850be286-87db-41b7-b7b5-c05899f6556f::input-params ::GET::::{}
2024-06-21 18:16:31::info::/v1/api/serviceCategory/readServiceCategoriesWithServices/665edd23fa87b27398b73d10::ca274563-d42f-4868-b116-76584fca9c6c::input-params ::GET::::{}
2024-06-21 18:16:39::info::/v1/api/user/me::d9015c31-fe39-4d8a-ba78-c3637710311c::input-params ::GET::::{}
2024-06-21 18:16:39::info::/v1/api/user/readUserProfile/665edd23fa87b27398b73d10::08c8c3c1-1632-42fe-965b-e3aa7f6338a3::input-params ::GET::::{}
2024-06-21 18:16:39::info::/v1/api/serviceCategory/readServiceCategoriesWithServices/665edd23fa87b27398b73d10::2b91fba0-30e1-4145-a930-103e4241531c::input-params ::GET::::{}
2024-06-21 18:16:57::info::/v1/api/user/me::509976ab-30c7-46a9-96d4-e5442b2ecb76::input-params ::GET::::{}
2024-06-21 18:16:57::info::/v1/api/user/readUserProfile/665edd23fa87b27398b73d10::de2a11c2-60aa-4de6-b6aa-095cef784c01::input-params ::GET::::{}
2024-06-21 18:16:57::info::/v1/api/serviceCategory/readServiceCategoriesWithServices/665edd23fa87b27398b73d10::30bd9424-9139-4ac5-9019-74613bc0b7be::input-params ::GET::::{}
2024-06-21 18:17:07::info::/v1/api/user/me::f61b703e-71df-41b5-8cf7-c0b642b6bdd4::input-params ::GET::::{}
2024-06-21 18:17:07::info::/v1/api/user/readUserProfile/665edd23fa87b27398b73d10::982a3d00-c9a7-44be-8042-a6416dc21e32::input-params ::GET::::{}
2024-06-21 18:17:07::info::/v1/api/serviceCategory/readServiceCategoriesWithServices/665edd23fa87b27398b73d10::7f2f54df-3ac8-408a-aa78-317d502ebd75::input-params ::GET::::{}
2024-06-21 18:17:53::info::/v1/api/user/readUserProfile/665edd23fa87b27398b73d10::b3948b7a-0630-47bd-8683-2f588ea7c4c6::input-params ::GET::::{}
2024-06-21 18:17:53::info::/v1/api/user/me::e7ddc0fc-d6c0-4d98-962a-9913bf42a999::input-params ::GET::::{}
2024-06-21 18:18:16::info::/v1/api/user/me::a7df8c2b-e40d-46f2-a68e-56ffb6223e0c::input-params ::GET::::{}
2024-06-21 18:18:16::info::/v1/api/user/readUserProfile/665edd23fa87b27398b73d10::727fcb18-dbf7-48eb-9d30-6501c67a0e82::input-params ::GET::::{}
2024-06-21 18:18:37::info::/v1/api/user/me::907e0f8e-bdfe-4bac-aa3e-87067e963f81::input-params ::GET::::{}
2024-06-21 18:18:37::info::/v1/api/user/readUserProfile/665edd23fa87b27398b73d10::581f305e-9562-42a1-bc80-aaebf07c4da4::input-params ::GET::::{}
2024-06-21 18:19:10::info::/v1/api/user/me::9faf53d2-fd22-4756-af84-8c3882cb2888::input-params ::GET::::{}
2024-06-21 18:19:10::info::/v1/api/user/readUserProfile/665edd23fa87b27398b73d10::643f586f-f0ed-4a47-bf94-d9c8343a3afd::input-params ::GET::::{}
2024-06-21 18:19:20::info::/v1/api/user/me::d9193d29-7dc0-4e97-a971-e99ecd8c6141::input-params ::GET::::{}
2024-06-21 18:19:20::info::/v1/api/user/readUserProfile/665edd23fa87b27398b73d10::0fcbdb48-3d07-49b0-b4e3-59f53278a619::input-params ::GET::::{}
2024-06-21 18:19:33::info::/v1/api/serviceCategory/readServiceCategoriesWithServices/665edd23fa87b27398b73d10::a6460d0f-1ddb-48b8-93e0-2266e26bcb4c::input-params ::GET::::{}
2024-06-21 18:19:56::info::/v1/api/user/readUserProfile/665edd23fa87b27398b73d10::ebc1e7c8-2011-4daa-83e8-5c7a791288ad::input-params ::GET::::{}
2024-06-21 18:20:10::info::/v1/api/auth/users/logout::2f8937a0-d684-4af3-b9a6-e84a82fe288f::input-params ::POST::::{}
2024-06-21 18:20:13::info::/v1/api/auth/users/login::92e56a60-3127-4f23-b131-1005053accfa::input-params ::POST::::{"email":"taichinhlcp@gmail.com","password":"111111"}
2024-06-21 18:20:14::info::/v1/api/user/readUserProfile/665edd23fa87b27398b73d10::12f06bb7-3814-4547-9c0f-4cafa46c8131::input-params ::GET::::{}
2024-06-21 18:20:14::info::/v1/api/user/me::01522328-4792-448c-988d-df0eb094bfc4::input-params ::GET::::{}
2024-06-21 18:20:25::info::/v1/api/user/me::7e60abf2-1638-423e-95ac-cc11b574569c::input-params ::GET::::{}
2024-06-21 18:20:25::info::/v1/api/user/readUserProfile/665edd23fa87b27398b73d10::5b258764-139c-47b8-9b44-8a7b3c42e105::input-params ::GET::::{}
2024-06-21 18:20:37::info::/v1/api/serviceCategory/readServiceCategoriesWithServices/665edd23fa87b27398b73d10::8dca86a7-bd6d-4daf-94de-365127d6a031::input-params ::GET::::{}
2024-06-21 18:20:45::info::/v1/api/user/updateUserProfile/665edd23fa87b27398b73d10::b292f86b-417e-4759-8fe6-e6ec5a1eba23::input-params ::PATCH::::{}
2024-06-21 18:20:46::info::/v1/api/user/me::cf9ce20e-3602-4f4f-ab3c-2976bcacb8da::input-params ::GET::::{}
2024-06-21 18:20:46::info::/v1/api/user/readUserProfile/665edd23fa87b27398b73d10::e6a7a077-0ba6-4273-aefe-a3549b8abee0::input-params ::GET::::{}
2024-06-21 18:20:46::info::/v1/api/serviceCategory/readServiceCategoriesWithServices/665edd23fa87b27398b73d10::421eaa18-4c1e-45dc-b8fe-5a4485381c00::input-params ::GET::::{}
2024-06-21 18:22:11::info::/v1/api/user/me::397744c6-16ac-4f7a-aa2d-c8aba7883138::input-params ::GET::::{}
2024-06-21 18:22:11::info::/v1/api/user/readUserProfile/665edd23fa87b27398b73d10::5ed90636-23ba-45ba-8f80-c073aa075f58::input-params ::GET::::{}
2024-06-21 18:22:11::info::/v1/api/serviceCategory/readServiceCategoriesWithServices/665edd23fa87b27398b73d10::4d1d5bd9-55f7-4986-9777-702e87eecd9a::input-params ::GET::::{}
2024-06-21 18:22:31::info::/v1/api/user/me::6c4f919d-2d20-4f3b-9b90-9f3d9863a6cd::input-params ::GET::::{}
2024-06-21 18:22:31::info::/v1/api/user/readUserProfile/665edd23fa87b27398b73d10::2fdde768-1820-4165-8606-cfd558285b43::input-params ::GET::::{}
2024-06-21 18:22:31::info::/v1/api/serviceCategory/readServiceCategoriesWithServices/665edd23fa87b27398b73d10::215a5daa-f4e4-4332-b7cf-cd1400551d4f::input-params ::GET::::{}
2024-06-21 18:22:56::info::/v1/api/user/me::bf51d45c-c274-4b2e-92d7-43eec3fd4714::input-params ::GET::::{}
2024-06-21 18:22:56::info::/v1/api/user/readUserProfile/665edd23fa87b27398b73d10::e160fd5a-0c4f-464f-a41d-b2dc9f0e0eb2::input-params ::GET::::{}
2024-06-21 18:22:56::info::/v1/api/serviceCategory/readServiceCategoriesWithServices/665edd23fa87b27398b73d10::990456b4-4397-4270-b08f-cd5e96041041::input-params ::GET::::{}
2024-06-21 18:23:21::info::/v1/api/user/me::35b90f7a-b94b-4b23-bd2f-b8c519aa77a4::input-params ::GET::::{}
2024-06-21 18:23:21::info::/v1/api/user/readUserProfile/665edd23fa87b27398b73d10::f582d297-2d38-45f9-8c8c-bc379a7612d2::input-params ::GET::::{}
2024-06-21 18:23:21::info::/v1/api/serviceCategory/readServiceCategoriesWithServices/665edd23fa87b27398b73d10::8b3a8748-02bd-404c-9086-b568b2522533::input-params ::GET::::{}
2024-06-21 18:23:26::info::/v1/api/user/me::d7225d72-48ee-40c2-b096-6774180b0031::input-params ::GET::::{}
2024-06-21 18:23:26::info::/v1/api/user/readUserProfile/665edd23fa87b27398b73d10::e7fc0f2f-7f53-4cd9-92b3-0b5e2ab63c10::input-params ::GET::::{}
2024-06-21 18:23:26::info::/v1/api/serviceCategory/readServiceCategoriesWithServices/665edd23fa87b27398b73d10::2770f07a-1d7d-451b-9b5b-bbf80af2cacd::input-params ::GET::::{}
2024-06-21 18:23:42::info::/v1/api/user/me::ab736b75-5e8a-4516-89b3-6fe008fc7496::input-params ::GET::::{}
2024-06-21 18:23:42::info::/v1/api/user/readUserProfile/665edd23fa87b27398b73d10::4ab9e572-4100-47fe-b937-1ef1ce2b80d0::input-params ::GET::::{}
2024-06-21 18:23:42::info::/v1/api/serviceCategory/readServiceCategoriesWithServices/665edd23fa87b27398b73d10::ccb8df15-c9ff-47e5-88b0-cef6dd858140::input-params ::GET::::{}
2024-06-21 18:23:54::info::/v1/api/user/me::6b1424d2-92e7-409c-ab6b-ed8e543e4160::input-params ::GET::::{}
2024-06-21 18:23:54::info::/v1/api/serviceCategory/readServiceCategoriesWithServices/665edd23fa87b27398b73d10::b27c7261-18a8-4dbd-bcc0-91985526d460::input-params ::GET::::{}
2024-06-21 18:23:54::info::/v1/api/user/readUserProfile/665edd23fa87b27398b73d10::31dc0f85-4daa-4264-92f2-5e89b1b06135::input-params ::GET::::{}
2024-06-21 18:24:11::info::/v1/api/user/me::e67be884-53bd-422a-bc0a-cb82b26e674d::input-params ::GET::::{}
2024-06-21 18:24:11::info::/v1/api/user/readUserProfile/665edd23fa87b27398b73d10::ff5bd1c4-4795-49cf-938c-01b80a11d3f7::input-params ::GET::::{}
2024-06-21 18:24:11::info::/v1/api/serviceCategory/readServiceCategoriesWithServices/665edd23fa87b27398b73d10::68037a46-beb6-44da-9279-c97018adf292::input-params ::GET::::{}
2024-06-21 18:24:37::info::/v1/api/user/me::dee8cf09-1b6c-42d9-a279-24428761e40c::input-params ::GET::::{}
2024-06-21 18:24:37::info::/v1/api/user/readUserProfile/665edd23fa87b27398b73d10::83cea703-ee8f-4db9-905c-426f67772567::input-params ::GET::::{}
2024-06-21 18:24:37::info::/v1/api/serviceCategory/readServiceCategoriesWithServices/665edd23fa87b27398b73d10::d147931c-c36d-43a6-8205-2d486ec54efe::input-params ::GET::::{}
2024-06-21 18:24:52::info::/v1/api/user/me::cc100927-080b-45b6-99f5-5e459a923ac1::input-params ::GET::::{}
2024-06-21 18:24:52::info::/v1/api/user/readUserProfile/665edd23fa87b27398b73d10::deee7b73-ef2b-4794-b527-9d0cfb6450e9::input-params ::GET::::{}
2024-06-21 18:24:52::info::/v1/api/serviceCategory/readServiceCategoriesWithServices/665edd23fa87b27398b73d10::2e7e7262-da7c-4073-926d-deccdbd206e7::input-params ::GET::::{}
2024-06-21 18:25:15::info::/v1/api/user/me::2c23f4df-b408-4439-9283-1401b3b8ffc1::input-params ::GET::::{}
2024-06-21 18:25:15::info::/v1/api/serviceCategory/readServiceCategoriesWithServices/665edd23fa87b27398b73d10::a8b144ed-d9c5-4d8d-8646-d878256225ea::input-params ::GET::::{}
2024-06-21 18:25:15::info::/v1/api/user/readUserProfile/665edd23fa87b27398b73d10::2e5bd32a-7487-4aa1-a952-c362b4b77e96::input-params ::GET::::{}
2024-06-21 18:25:29::info::/v1/api/user/updateUserProfile/665edd23fa87b27398b73d10::926e59f4-eb97-49c7-bbf1-61a4acfe2d8a::input-params ::PATCH::::{}
2024-06-21 18:25:30::info::/v1/api/user/me::a29058a3-70f4-44c8-9c81-a24ad143abbc::input-params ::GET::::{}
2024-06-21 18:25:30::info::/v1/api/user/readUserProfile/665edd23fa87b27398b73d10::08d07d93-3198-4458-b681-2d76909b0adb::input-params ::GET::::{}
2024-06-21 18:25:30::info::/v1/api/serviceCategory/readServiceCategoriesWithServices/665edd23fa87b27398b73d10::5a144ef2-f8bc-486f-8808-cf4ec7d2f05f::input-params ::GET::::{}
2024-06-21 18:25:35::info::/v1/api/user/me::327e0c69-307b-41e5-bd88-26397c64d602::input-params ::GET::::{}
2024-06-21 18:25:35::info::/v1/api/user/readUserProfile/665edd23fa87b27398b73d10::4a0a7c9d-9bec-4270-86c2-88a3af1818b0::input-params ::GET::::{}
2024-06-21 18:25:35::info::/v1/api/serviceCategory/readServiceCategoriesWithServices/665edd23fa87b27398b73d10::8c56fffa-05d9-418d-ac95-e75d7fbbb45a::input-params ::GET::::{}
2024-06-21 18:25:36::info::/v1/api/user/me::3d6e75ed-03e7-408d-87d6-557cc2f9bb2e::input-params ::GET::::{}
2024-06-21 18:25:36::info::/v1/api/user/readUserProfile/665edd23fa87b27398b73d10::11ccc21e-ac18-4d23-93cd-91991a324c78::input-params ::GET::::{}
2024-06-21 18:25:36::info::/v1/api/serviceCategory/readServiceCategoriesWithServices/665edd23fa87b27398b73d10::52f471c5-877a-4af2-b44e-ed786bcb19e6::input-params ::GET::::{}
2024-06-21 18:26:06::info::/v1/api/user/me::2f44467d-d06f-4a86-af8f-2365d1f4d292::input-params ::GET::::{}
2024-06-21 18:26:06::info::/v1/api/user/readUserProfile/665edd23fa87b27398b73d10::f1cbf8ca-bb9c-4809-94a6-3e5a4b05dee4::input-params ::GET::::{}
2024-06-21 18:26:06::info::/v1/api/serviceCategory/readServiceCategoriesWithServices/665edd23fa87b27398b73d10::ee3a8876-a5f7-48e9-b15d-3b5fb9e660a6::input-params ::GET::::{}
2024-06-21 18:26:09::info::/v1/api/user/me::04d607ea-3452-4c0f-9feb-9917a2648b36::input-params ::GET::::{}
2024-06-21 18:26:09::info::/v1/api/user/readUserProfile/665edd23fa87b27398b73d10::a3b5e103-75c3-4121-af16-a79fb00fdd65::input-params ::GET::::{}
2024-06-21 18:26:09::info::/v1/api/serviceCategory/readServiceCategoriesWithServices/665edd23fa87b27398b73d10::64a3d8b4-93a1-4783-b81c-3afc937fff12::input-params ::GET::::{}
2024-06-21 18:27:08::info::/v1/api/user/me::f9474ae1-6b6e-4c7f-bf0b-febd6bd82269::input-params ::GET::::{}
2024-06-21 18:27:08::info::/v1/api/user/readUserProfile/665edd23fa87b27398b73d10::86f3916d-4835-4237-a59c-5cbca82fa21b::input-params ::GET::::{}
2024-06-21 18:27:08::info::/v1/api/serviceCategory/readServiceCategoriesWithServices/665edd23fa87b27398b73d10::2088e0f9-728d-4ad5-b685-f3aba0469c7a::input-params ::GET::::{}
2024-06-21 18:27:18::info::/v1/api/user/me::13b8755b-6a8c-4eb4-8874-fa71cb5d4607::input-params ::GET::::{}
2024-06-21 18:27:18::info::/v1/api/user/readUserProfile/665edd23fa87b27398b73d10::fcdac23c-c4f9-4a22-b794-be7b002e1194::input-params ::GET::::{}
2024-06-21 18:27:18::info::/v1/api/serviceCategory/readServiceCategoriesWithServices/665edd23fa87b27398b73d10::41659a65-7f14-4a63-82e8-d6cff7163c5a::input-params ::GET::::{}
2024-06-21 18:27:28::info::/v1/api/serviceCategory/readServiceCategoriesWithServices/665edd23fa87b27398b73d10::38652c57-8ef2-4326-8f25-01300a01236b::input-params ::GET::::{}
2024-06-21 18:28:04::info::/v1/api/user/readUserProfile/665edd23fa87b27398b73d10::adbf77b9-1438-410b-91ce-08492798f1b1::input-params ::GET::::{}
2024-06-21 18:28:06::info::/v1/api/user/me::7450c77d-d591-41d3-823e-8f51c31f093f::input-params ::GET::::{}
2024-06-21 18:28:06::info::/v1/api/user/readUserProfile/665edd23fa87b27398b73d10::e9c09869-93fa-4c66-a153-4a1144c38a97::input-params ::GET::::{}
2024-06-21 18:28:30::info::/v1/api/user/readUserProfile/665edd23fa87b27398b73d10::55d7821f-0bdb-479e-ab68-02c4ade1437e::input-params ::GET::::{}
2024-06-21 18:28:31::info::/v1/api/serviceCategory/readServiceCategoriesWithServices/665edd23fa87b27398b73d10::ea8bd9b0-f38e-4295-9a9b-ceaca24c1d24::input-params ::GET::::{}
2024-06-21 18:53:28::info::/v1/api/user/me::fccc3a48-6a2a-4142-9eb0-976f5ba233ac::input-params ::GET::::{}
2024-06-21 18:53:28::info::/v1/api/user/readUserProfile/665edd23fa87b27398b73d10::7658ff35-f0a8-4b8d-846c-ed35e673eb08::input-params ::GET::::{}
2024-06-21 18:53:28::info::/v1/api/serviceCategory/readServiceCategoriesWithServices/665edd23fa87b27398b73d10::66e19a9b-d6dc-4ab2-9935-ece3f1d048a5::input-params ::GET::::{}
2024-06-21 18:54:38::info::/v1/api/user/me::e37e1a61-035d-474b-8839-208546204772::input-params ::GET::::{}
2024-06-21 18:54:38::info::/v1/api/user/readUserProfile/665edd23fa87b27398b73d10::6acf52e8-48fa-43ad-9956-6b5f71c48547::input-params ::GET::::{}
2024-06-21 18:54:38::info::/v1/api/serviceCategory/readServiceCategoriesWithServices/665edd23fa87b27398b73d10::be9f1c23-b484-4f0c-9397-dacda70fe29e::input-params ::GET::::{}
2024-06-21 18:54:42::info::/v1/api/serviceCategory/readServiceCategoriesWithServices/665edd23fa87b27398b73d10::944fcee6-3d35-4fd8-981e-fdb17e8d92cc::input-params ::GET::::{}
2024-06-21 18:54:47::info::/v1/api/user/readUserProfile/665edd23fa87b27398b73d10::6267e49c-85bf-458b-bc12-4a48b4f15b1e::input-params ::GET::::{}
2024-06-21 18:54:47::info::/v1/api/user/me::dd2430f1-f53c-4a71-af75-99ba96bd1d5a::input-params ::GET::::{}
2024-06-21 18:58:28::info::/v1/api/user/me::130f089a-dce6-483b-a22b-c0e8fb641b0f::input-params ::GET::::{}
2024-06-21 18:58:28::info::/v1/api/user/readUserProfile/665edd23fa87b27398b73d10::fcb34e2c-8e94-4a57-8db4-e98ce7fd55c7::input-params ::GET::::{}
2024-06-21 19:05:18::info::/v1/api/user/me::d448bbff-80b4-4a4a-8647-5dd40d4d7711::input-params ::GET::::{}
2024-06-21 19:05:18::info::/v1/api/user/readUserProfile/665edd23fa87b27398b73d10::736fe874-2600-47c0-ae1e-62cab55d3866::input-params ::GET::::{}
2024-06-21 19:09:56::info::/v1/api/user/me::e9b215f3-0627-4745-b5c9-e8eaa26654cf::input-params ::GET::::{}
2024-06-21 19:09:56::info::/v1/api/user/readUserProfile/665edd23fa87b27398b73d10::2216affd-15e6-4ec5-b2d6-b84bb67a8814::input-params ::GET::::{}
2024-06-21 19:14:49::info::/v1/api/user/me::ea516895-e8bf-41d8-a4b2-0c4baa095503::input-params ::GET::::{}
2024-06-21 19:14:49::info::/v1/api/user/readUserProfile/665edd23fa87b27398b73d10::f81a40c3-1470-4ab7-b6ef-ea7cd3a1768a::input-params ::GET::::{}
2024-06-21 19:15:06::info::/v1/api/user/me::b4982e61-c594-409a-ab6a-bde9eb8f45e4::input-params ::GET::::{}
2024-06-21 19:15:06::info::/v1/api/user/readUserProfile/665edd23fa87b27398b73d10::bc8d4073-fa37-4200-b94c-396c1961bbd9::input-params ::GET::::{}
2024-06-21 19:15:08::info::/v1/api/user/me::6519de73-2d4d-49a4-9193-f47a2c9d85b5::input-params ::GET::::{}
2024-06-21 19:15:08::info::/v1/api/user/readUserProfile/665edd23fa87b27398b73d10::8e62be21-e40a-43cd-b18c-74fb8f870bf8::input-params ::GET::::{}
2024-06-21 19:25:44::info::/v1/api/user/me::96ed9148-6aa5-4110-8a1f-a4d13eac626f::input-params ::GET::::{}
2024-06-21 19:25:44::info::/v1/api/user/readUserProfile/665edd23fa87b27398b73d10::ccec9571-503f-4277-add3-bd57fdf128ef::input-params ::GET::::{}
2024-06-21 19:31:58::info::/v1/api/user/me::c0952080-9b82-4513-b799-47586e9d99a0::input-params ::GET::::{}
2024-06-21 19:31:58::info::/v1/api/user/readUserProfile/665edd23fa87b27398b73d10::43dee48e-22f4-4237-a284-e55e44cc2867::input-params ::GET::::{}
2024-06-21 19:32:00::info::/v1/api/serviceCategory/readServiceCategoriesWithServices/665edd23fa87b27398b73d10::15e077a2-0b3d-4293-b9bd-dfac68d55d9d::input-params ::GET::::{}
2024-06-21 19:34:32::info::/v1/api/user/me::4c272077-dc99-41da-968c-7a1195ab13d8::input-params ::GET::::{}
2024-06-21 19:34:32::info::/v1/api/user/readUserProfile/665edd23fa87b27398b73d10::7e825986-824e-447e-b1ae-d16281677182::input-params ::GET::::{}
2024-06-21 19:36:14::info::/v1/api/user/me::0510b15c-54ad-4bb2-acea-a74c68c8b863::input-params ::GET::::{}
2024-06-21 19:36:14::info::/v1/api/user/readUserProfile/665edd23fa87b27398b73d10::54d2f5b6-ea66-41a2-b1e6-f740c9c4a942::input-params ::GET::::{}
2024-06-21 19:36:17::info::/v1/api/user/me::1b8ab508-c5c5-4a8c-abda-f78855f19786::input-params ::GET::::{}
2024-06-21 19:36:17::info::/v1/api/user/readUserProfile/665edd23fa87b27398b73d10::1155130c-4e2d-42c4-ae88-24f3f5df968f::input-params ::GET::::{}
2024-06-21 19:36:22::info::/v1/api/user/me::20ed81d1-e14c-4e33-9767-2bd957a65a9c::input-params ::GET::::{}
2024-06-21 19:36:22::info::/v1/api/user/readUserProfile/665edd23fa87b27398b73d10::a5f2bb3b-47e7-4f41-b29b-4f83f73fd378::input-params ::GET::::{}
2024-06-21 19:41:21::info::/v1/api/user/me::03033783-5570-422e-88a3-2620ce644229::input-params ::GET::::{}
2024-06-21 19:41:21::info::/v1/api/user/readUserProfile/665edd23fa87b27398b73d10::5439eb0e-5b7b-4583-ac2f-68453ac71891::input-params ::GET::::{}
2024-06-21 19:41:24::info::/v1/api/user/me::165937b3-48d4-4d1f-afb2-a1708dbd2dd5::input-params ::GET::::{}
2024-06-21 19:41:24::info::/v1/api/user/readUserProfile/665edd23fa87b27398b73d10::64e64c6d-c389-4dc8-886d-c74ed5b98cf7::input-params ::GET::::{}
2024-06-21 19:46:59::info::/v1/api/user/me::85c51643-c585-48d9-89db-53768a2309e4::input-params ::GET::::{}
2024-06-21 19:46:59::info::/v1/api/user/readUserProfile/665edd23fa87b27398b73d10::8242c698-b1d3-4f1f-8b97-bee62d2d9a21::input-params ::GET::::{}
2024-06-21 19:54:07::info::/v1/api/user/me::0a7391e4-86b6-40f0-b1bb-b00d00c3d63c::input-params ::GET::::{}
2024-06-21 19:54:07::info::/v1/api/user/readUserProfile/665edd23fa87b27398b73d10::f79e1352-b365-4ac3-832d-c29c04c46c58::input-params ::GET::::{}
2024-06-21 19:56:00::info::/v1/api/user/me::ef3fff87-f49b-4b39-9bb0-a14d1194a9c9::input-params ::GET::::{}
2024-06-21 19:56:00::info::/v1/api/user/readUserProfile/665edd23fa87b27398b73d10::febe82a7-b05c-4513-a08e-273654f9bf28::input-params ::GET::::{}
2024-06-21 20:00:31::info::/v1/api/user/me::bd90f002-640b-4e62-acf7-23058e160a25::input-params ::GET::::{}
2024-06-21 20:00:31::info::/v1/api/user/readUserProfile/665edd23fa87b27398b73d10::c5957e81-5134-4a40-8de5-09be3016ef45::input-params ::GET::::{}
2024-06-21 20:00:40::info::/v1/api/user/me::f7456099-b79f-4d21-8cab-90d14442cc16::input-params ::GET::::{}
2024-06-21 20:00:40::info::/v1/api/user/readUserProfile/665edd23fa87b27398b73d10::ceba3112-0a7f-45d3-bca6-336563b85ac6::input-params ::GET::::{}
2024-06-21 20:02:42::info::/v1/api/user/me::1935b99e-2f13-4368-894c-65bfc3c5deb6::input-params ::GET::::{}
2024-06-21 20:02:42::info::/v1/api/user/readUserProfile/665edd23fa87b27398b73d10::8f035611-12aa-4567-bad1-011d0663e7af::input-params ::GET::::{}
2024-06-21 20:05:49::info::/v1/api/user/me::960c3cff-1039-4a8d-872e-02f338b553ac::input-params ::GET::::{}
2024-06-21 20:05:49::info::/v1/api/user/readUserProfile/665edd23fa87b27398b73d10::18052f89-94dc-4ed7-acd5-f83b02f1fa56::input-params ::GET::::{}
2024-06-21 20:08:10::info::/v1/api/user/me::35eaa49b-ef9e-4ac0-af66-ab41e9289f7b::input-params ::GET::::{}
2024-06-21 20:08:10::info::/v1/api/user/readUserProfile/665edd23fa87b27398b73d10::901f0af2-9dc8-4297-8d12-5e65acb8c701::input-params ::GET::::{}
2024-06-21 20:11:10::info::/v1/api/user/me::59eac998-6791-4fe6-9b5b-90b91db33a8a::input-params ::GET::::{}
2024-06-21 20:11:10::info::/v1/api/user/readUserProfile/665edd23fa87b27398b73d10::5b9946b9-06e0-4d63-afa2-a1b6e55611e1::input-params ::GET::::{}
2024-06-21 20:11:15::info::/v1/api/user/me::acd6b4fe-5903-4601-a6c8-e2573b85ec3e::input-params ::GET::::{}
2024-06-21 20:11:15::info::/v1/api/user/readUserProfile/665edd23fa87b27398b73d10::756594b9-69c5-4f45-8699-50edd5ae2a92::input-params ::GET::::{}
2024-06-21 20:14:04::info::/v1/api/user/me::e1bdf878-2db8-4ba2-a507-5a5bf95112f4::input-params ::GET::::{}
2024-06-21 20:14:04::info::/v1/api/user/readUserProfile/665edd23fa87b27398b73d10::dcea4526-adcf-4550-9248-409138d3cd32::input-params ::GET::::{}
2024-06-21 20:14:06::info::/v1/api/user/me::d53ca0f0-b58b-49da-ab3a-72c315e155e4::input-params ::GET::::{}
2024-06-21 20:14:06::info::/v1/api/user/readUserProfile/665edd23fa87b27398b73d10::a2f6d289-2491-45aa-8aba-390dab20a14b::input-params ::GET::::{}
2024-06-21 20:14:33::info::/v1/api/user/me::f94e43cf-6d99-4958-8dd7-e39bc4c074d1::input-params ::GET::::{}
2024-06-21 20:14:33::info::/v1/api/user/readUserProfile/665edd23fa87b27398b73d10::5c65a524-7228-4ebc-8f31-c5fd51bfb0c9::input-params ::GET::::{}
