2024-08-04 09:59:18::error::/v1/api/user/me::7bd92f1d-bb97-4702-96b8-5916c6398366::404 - 1ms - Response: {"status":404,"now":1722740358365}::{"message":"User not found"}
2024-08-04 09:59:20::error::/v1/api/user/me::63631435-fffe-48c9-9956-65739dddacc9::404 - 1ms - Response: {"status":404,"now":1722740360619}::{"message":"User not found"}
2024-08-04 09:59:22::error::/v1/api/user/me::5c413033-17e1-45e6-8bb0-9df828e7902f::404 - 0ms - Response: {"status":404,"now":1722740362085}::{"message":"User not found"}
2024-08-04 09:59:27::error::/v1/api/user/me::e760fa79-6efc-4b64-be84-842c17fbb671::404 - 0ms - Response: {"status":404,"now":1722740367710}::{"message":"User not found"}
2024-08-04 09:59:40::error::/v1/api/user/me::f6273214-4a24-4c7e-a3cd-97e6d2f2d9ed::404 - 0ms - Response: {"status":404,"now":1722740380399}::{"message":"User not found"}
2024-08-04 09:59:42::error::/v1/api/user/me::127b8d5c-1a15-4354-be14-fd9cde1a8a8d::404 - 0ms - Response: {"status":404,"now":1722740382533}::{"message":"User not found"}
2024-08-04 09:59:49::error::/v1/api/user/me::a6695526-a2d2-42db-b01a-54a5a81d0b5b::404 - 1ms - Response: {"status":404,"now":1722740389297}::{"message":"User not found"}
2024-08-04 10:00:41::error::/v1/api/user/me::ecb2742a-1c53-4abe-955b-2aa383f53d68::404 - 0ms - Response: {"status":404,"now":1722740441242}::{"message":"User not found"}
2024-08-04 10:00:44::error::/v1/api/user/me::234b52eb-a15d-41db-b4cc-8a8eda3bd897::404 - 0ms - Response: {"status":404,"now":1722740444680}::{"message":"User not found"}
2024-08-04 10:00:47::error::/auth/google::10b86f70-00ca-44dd-87a9-2aff749b54b9::404 - NaNms - Response: {"status":404}::{"message":"Not Found"}
2024-08-04 10:00:47::error::/favicon.ico::2a2abd5a-a876-42c7-8c32-a2eaaf30abdd::404 - NaNms - Response: {"status":404}::{"message":"Not Found"}
2024-08-04 10:02:35::error::/v1/api/user/me::838ecee5-8c37-41d6-9213-dfb88b7343d1::404 - 0ms - Response: {"status":404,"now":1722740555482}::{"message":"User not found"}
2024-08-04 10:04:03::error::/v1/api/user/me::fe8e5739-280b-4e36-8a46-d0ce843016ef::404 - 2ms - Response: {"status":404,"now":1722740643866}::{"message":"User not found"}
2024-08-04 10:04:07::error::/v1/api/user/me::d945c402-31b9-432d-987d-b73da9d1d4a2::404 - 2ms - Response: {"status":404,"now":1722740647387}::{"message":"User not found"}
2024-08-04 10:06:50::error::/v1/api/user/me::48ff3ebe-3545-49dc-b8ac-e3ae13ad70b2::404 - 0ms - Response: {"status":404,"now":1722740810261}::{"message":"User not found"}
2024-08-04 10:07:35::error::/v1/api/auth/google/callback::02140fca-89f4-4319-be8a-1c9e3ef1154f::undefined - NaNms - Response: {"name":"InternalOAuthError","message":"Failed to obtain access token","oauthError":{"errno":-4039,"code":"ETIMEDOUT","syscall":"connect","address":"2404:6800:4003:c03::5f","port":443}}::{"message":"Failed to obtain access token"}
2024-08-04 10:14:24::error::/v1/api/user/me::132fa4cd-b5e6-4ec7-a485-8ac4117f6aa0::404 - 3ms - Response: {"status":404,"now":1722741264117}::{"message":"User not found"}
2024-08-04 10:14:24::error::/v1/api/user/me::e9696313-869d-42d0-bb78-97108235870d::404 - 2ms - Response: {"status":404,"now":1722741264387}::{"message":"User not found"}
2024-08-04 10:17:19::error::/v1/api/user/me::90377498-f6cf-45a1-8890-8331b1e373d5::404 - 2ms - Response: {"status":404,"now":1722741439238}::{"message":"User not found"}
2024-08-04 10:17:26::error::/v1/api/user/me::2aea5a4b-4392-4bf3-8cb3-54a3f9b65f36::404 - 3ms - Response: {"status":404,"now":1722741446110}::{"message":"User not found"}
2024-08-04 10:17:55::error::/v1/api/auth/google/callback::1a0e9579-e934-4127-b2f3-f444a7801bd0::undefined - NaNms - Response: {"name":"InternalOAuthError","message":"Failed to obtain access token","oauthError":{"errno":-4039,"code":"ETIMEDOUT","syscall":"connect","address":"2404:6800:4003:c03::5f","port":443}}::{"message":"Failed to obtain access token"}
2024-08-04 10:31:54::error::/v1/api/user/me::2c343762-26e7-4b86-bf7d-9802b59eb57e::404 - 2ms - Response: {"status":404,"now":1722742314405}::{"message":"User not found"}
2024-08-04 10:31:59::error::/v1/api/user/me::f913ed51-02f7-453b-b422-8d665f8bbcbd::404 - 3ms - Response: {"status":404,"now":1722742319302}::{"message":"User not found"}
2024-08-04 10:32:34::error::/v1/api/auth/google/callback::9c8e4c94-6e5d-41c2-96e3-4fdca8fabeb8::undefined - NaNms - Response: {"name":"InternalOAuthError","message":"Failed to obtain access token","oauthError":{"errno":-4039,"code":"ETIMEDOUT","syscall":"connect","address":"2404:6800:4003:c01::5f","port":443}}::{"message":"Failed to obtain access token"}
2024-08-04 10:33:32::error::/v1/api/auth/google/callback::2a7c1084-f8ab-41bf-ba6a-1c7fade42f9f::undefined - NaNms - Response: {"errors":{"password":{"name":"ValidatorError","message":"Path `password` is required.","properties":{"message":"Path `password` is required.","type":"required","path":"password"},"kind":"required","path":"password"}},"_message":"User validation failed","name":"ValidationError","message":"User validation failed: password: Path `password` is required."}::{"message":"User validation failed: password: Path `password` is required."}
2024-08-04 10:33:46::error::/v1/api/user/me::915266fb-48fe-4f56-a84b-ca6c6568ff35::404 - 0ms - Response: {"status":404,"now":1722742426555}::{"message":"User not found"}
2024-08-04 10:33:51::error::/v1/api/auth/google/callback::ac34a18f-fdaa-445d-8fef-8c5cca1ab75c::undefined - NaNms - Response: {"errors":{"password":{"name":"ValidatorError","message":"Path `password` is required.","properties":{"message":"Path `password` is required.","type":"required","path":"password"},"kind":"required","path":"password"}},"_message":"User validation failed","name":"ValidationError","message":"User validation failed: password: Path `password` is required."}::{"message":"User validation failed: password: Path `password` is required."}
2024-08-04 10:35:01::error::/v1/api/auth/google/callback::7a7c6009-0d5c-4ee7-87f2-900067df49c2::undefined - NaNms - Response: {"errors":{"password":{"name":"ValidatorError","message":"Path `password` is required.","properties":{"message":"Path `password` is required.","type":"required","path":"password","value":""},"kind":"required","path":"password","value":""}},"_message":"User validation failed","name":"ValidationError","message":"User validation failed: password: Path `password` is required."}::{"message":"User validation failed: password: Path `password` is required."}
2024-08-04 10:35:08::error::/v1/api/user/me::cdf0a2cf-9241-4b5e-8336-8edf216bb0cc::404 - 2ms - Response: {"status":404,"now":1722742508700}::{"message":"User not found"}
2024-08-04 10:35:22::error::/v1/api/user/me::ce797317-664b-4fb3-a0c3-fda4a050a9a4::404 - 1ms - Response: {"status":404,"now":1722742522677}::{"message":"User not found"}
2024-08-04 10:35:27::error::/v1/api/auth/google/callback::88e936eb-d406-4d2d-a14b-a18588c33d0d::undefined - NaNms - Response: {"errors":{"password":{"name":"ValidatorError","message":"Path `password` is required.","properties":{"message":"Path `password` is required.","type":"required","path":"password","value":""},"kind":"required","path":"password","value":""}},"_message":"User validation failed","name":"ValidationError","message":"User validation failed: password: Path `password` is required."}::{"message":"User validation failed: password: Path `password` is required."}
2024-08-04 10:36:47::error::/v1/api/user/me::3d1d10c0-d840-4ef5-9b42-d0dba1b0d6d6::404 - 2ms - Response: {"status":404,"now":1722742607371}::{"message":"User not found"}
2024-08-04 10:36:53::error::/v1/api/user/me::030709fe-0fe5-4f10-8370-1d02eef6e54e::404 - 1ms - Response: {"status":404,"now":1722742613238}::{"message":"User not found"}
2024-08-04 10:36:57::error::/v1/api/auth/google/callback::c6570095-8909-46dc-82b8-509499f458f3::undefined - NaNms - Response: {"errors":{"password":{"name":"ValidatorError","message":"Path `password` is required.","properties":{"message":"Path `password` is required.","type":"required","path":"password","value":""},"kind":"required","path":"password","value":""}},"_message":"User validation failed","name":"ValidationError","message":"User validation failed: password: Path `password` is required."}::{"message":"User validation failed: password: Path `password` is required."}
2024-08-04 10:41:23::error::/v1/api/user/me::275218ad-ccdc-4e1f-b65c-c7b1e8f55ed0::404 - 2ms - Response: {"status":404,"now":1722742883958}::{"message":"User not found"}
2024-08-04 10:41:30::error::/v1/api/auth/google/callback::e1725461-d7f7-419e-b3d8-24bfb390f2c9::undefined - NaNms - Response: {"index":0,"code":11000,"keyPattern":{"email":1},"keyValue":{"email":"phapluu9ithd@gmail.com"}}::{"message":"E11000 duplicate key error collection: Pastal_Phap.Users index: email_1 dup key: { email: \"phapluu9ithd@gmail.com\" }"}
2024-08-04 10:44:55::error::/v1/api/user/me::417a9c4d-6624-4de6-a4d0-db2178e5d007::404 - 0ms - Response: {"status":404,"now":1722743095692}::{"message":"User not found"}
2024-08-04 10:45:00::error::/v1/api/user/me::7ad4ca14-8e4b-44b6-94d9-178d54300d40::404 - 0ms - Response: {"status":404,"now":1722743100490}::{"message":"User not found"}
2024-08-04 10:45:00::error::/v1/api/user/me::24e10fa6-77ba-484b-a997-3f547ed43fe8::404 - 0ms - Response: {"status":404,"now":1722743100924}::{"message":"User not found"}
2024-08-04 10:45:21::error::/profile::cc8d3d3b-83d2-4f10-98bc-6b65645f5982::404 - NaNms - Response: {"status":404}::{"message":"Not Found"}
2024-08-04 10:48:33::error::/::f9cc2f64-b1ff-4d1d-a7ad-8cd692a2366e::404 - NaNms - Response: {"status":404}::{"message":"Not Found"}
2024-08-04 10:50:46::error::/v1/api/user/me::51bb5668-8aae-4d3c-8f9f-7a9f9071f109::404 - 2ms - Response: {"status":404,"now":1722743446965}::{"message":"User not found"}
2024-08-04 10:50:52::error::/v1/api/user/me::3852fde7-021a-452b-b3bf-62934986e9ad::404 - 2ms - Response: {"status":404,"now":1722743452477}::{"message":"User not found"}
2024-08-04 10:50:52::error::/v1/api/user/me::ff7930a0-7dca-47a9-978c-1b2e34b47fc3::404 - 0ms - Response: {"status":404,"now":1722743452827}::{"message":"User not found"}
2024-08-04 10:51:03::error::/v1/api/user/me::c1f6e0c1-663e-43a5-8fc1-2f678259192c::404 - 0ms - Response: {"status":404,"now":1722743463573}::{"message":"User not found"}
2024-08-04 10:51:22::error::/v1/api/user/me::5bcff2d4-4287-4de4-8218-d5d585bc50ee::404 - 0ms - Response: {"status":404,"now":1722743482758}::{"message":"User not found"}
2024-08-04 10:58:14::error::/v1/api/user/me::045c8181-f546-4cc0-99b0-c4ff95df2804::404 - 0ms - Response: {"status":404,"now":1722743894272}::{"message":"User not found"}
2024-08-04 11:02:40::error::/v1/api/user/me::6f773687-2b10-4bdf-9029-b526dde36635::404 - 1ms - Response: {"status":404,"now":1722744160712}::{"message":"User not found"}
2024-08-04 11:02:51::error::/v1/api/user/me::88833dac-0805-4e61-b01b-fe5fb4f98e46::404 - 2ms - Response: {"status":404,"now":1722744171841}::{"message":"User not found"}
2024-08-04 11:02:55::error::/v1/api/user/me::cb51c326-006d-4f2c-b11a-7961b8f5b353::404 - 0ms - Response: {"status":404,"now":1722744175514}::{"message":"User not found"}
2024-08-04 11:03:00::error::/v1/api/user/me::cdb76c82-7448-4c8f-8a8d-62cc1990ab66::404 - 0ms - Response: {"status":404,"now":1722744180086}::{"message":"User not found"}
2024-08-04 11:03:04::error::/v1/api/user/me::f70da76f-73c0-4edb-b25d-b6eb911f7974::404 - 0ms - Response: {"status":404,"now":1722744184993}::{"message":"User not found"}
2024-08-04 11:03:05::error::/v1/api/user/me::133b54b1-94cf-4ad2-9430-1c881094b667::404 - 0ms - Response: {"status":404,"now":1722744185423}::{"message":"User not found"}
2024-08-04 11:03:15::error::/v1/api/user/me::47312be6-81ff-40b0-89df-92bb8274f1f9::404 - 1ms - Response: {"status":404,"now":1722744195638}::{"message":"User not found"}
2024-08-04 11:03:35::error::/v1/api/user/me::2cc0988e-f237-4304-8367-bb55308136dc::404 - 0ms - Response: {"status":404,"now":1722744215940}::{"message":"User not found"}
2024-08-04 11:03:56::error::/v1/api/user/me::e1d4ba11-2fc1-488a-8cac-759e5801b981::404 - 1ms - Response: {"status":404,"now":1722744236128}::{"message":"User not found"}
2024-08-04 11:06:10::error::/v1/api/user/me::64720d1d-5ea1-4053-ae98-da66ca454ca8::404 - 0ms - Response: {"status":404,"now":1722744370565}::{"message":"User not found"}
2024-08-04 11:06:17::error::/v1/api/user/me::cb5cd46f-065e-4959-91db-227f60dcffa2::404 - 0ms - Response: {"status":404,"now":1722744377515}::{"message":"User not found"}
2024-08-04 11:06:18::error::/v1/api/user/me::c080dae4-6868-4476-8887-f7c439b8482d::404 - 1ms - Response: {"status":404,"now":1722744378253}::{"message":"User not found"}
2024-08-04 11:06:36::error::/v1/api/user/me::bf3dd08f-b791-4f54-9760-848a45519903::403 - 0ms - Response: {"status":403,"now":1722744396004}::{"message":"Access token missing"}
2024-08-04 11:06:37::error::/v1/api/user/me::17301dc2-75c3-47c3-8351-f662efd1291d::403 - 0ms - Response: {"status":403,"now":1722744397722}::{"message":"Access token missing"}
2024-08-04 11:07:32::error::/v1/api/user/me::9988f207-3b10-49d0-8a49-0ac16e89a613::403 - 0ms - Response: {"status":403,"now":1722744452678}::{"message":"Access token missing"}
2024-08-04 11:07:34::error::/v1/api/user/me::e6155a5e-7a61-4776-b6dd-dd3664794c60::403 - 0ms - Response: {"status":403,"now":1722744454662}::{"message":"Access token missing"}
2024-08-04 11:07:45::error::/v1/api/user/me::a094b909-b5e1-4131-b13b-fe33fd222d0b::403 - 0ms - Response: {"status":403,"now":1722744465575}::{"message":"Access token missing"}
2024-08-04 11:07:45::error::/v1/api/user/me::b7495f57-9ce9-4318-a3b4-c06b9794c5fc::403 - 0ms - Response: {"status":403,"now":1722744465836}::{"message":"Access token missing"}
2024-08-04 11:07:45::error::/v1/api/user/me::ff976f5d-a243-4781-a6cb-aa54f9cb0764::403 - 0ms - Response: {"status":403,"now":1722744465892}::{"message":"Access token missing"}
2024-08-04 11:07:58::error::/v1/api/user/me::f899e049-4cb0-433b-a8d7-1934c6d7aa7e::403 - 0ms - Response: {"status":403,"now":1722744478863}::{"message":"Access token missing"}
2024-08-04 11:08:02::error::/v1/api/user/me::6c96c1cf-feaf-4827-a6b8-4ac69df287b9::403 - 0ms - Response: {"status":403,"now":1722744482587}::{"message":"Access token missing"}
2024-08-04 11:08:19::error::/v1/api/user/me::19e233e1-53e2-43de-9a8d-cca5ab68bbbd::403 - 0ms - Response: {"status":403,"now":1722744499780}::{"message":"Access token missing"}
2024-08-04 11:08:21::error::/v1/api/user/me::b65440f2-6d6c-4dee-b5b0-b1e56b597bc7::403 - 0ms - Response: {"status":403,"now":1722744501886}::{"message":"Access token missing"}
2024-08-04 11:08:26::error::/v1/api/user/me::690f36b7-f4ef-4bd6-8b25-ec65288d9ff8::403 - 0ms - Response: {"status":403,"now":1722744506926}::{"message":"Access token missing"}
2024-08-04 11:08:37::error::/v1/api/user/me::a94f4abe-628b-4151-b9df-aad116bb0325::403 - 1ms - Response: {"status":403,"now":1722744517202}::{"message":"Access token missing"}
2024-08-04 11:09:36::error::/v1/api/user/me::dee906d4-54f3-4e86-baa2-dab979c7ed93::403 - 1ms - Response: {"status":403,"now":1722744576593}::{"message":"Access token missing"}
2024-08-04 11:10:45::error::/v1/api/user/me::61837ebc-3968-4883-894a-f99d0ebd6322::403 - 1ms - Response: {"status":403,"now":1722744645761}::{"message":"Access token missing"}
2024-08-04 11:10:46::error::/v1/api/user/me::3234c52d-de60-4b0e-8b5b-3ef16a434727::403 - 1ms - Response: {"status":403,"now":1722744646766}::{"message":"Access token missing"}
2024-08-04 11:11:01::error::/v1/api/user/me::315e5666-e510-4af6-83e0-17961d7bdfa8::403 - 0ms - Response: {"status":403,"now":1722744661699}::{"message":"Access token missing"}
2024-08-04 11:11:03::error::/v1/api/user/me::6b504b94-3187-4211-9392-fce71c2b54a3::403 - 0ms - Response: {"status":403,"now":1722744663174}::{"message":"Access token missing"}
2024-08-04 11:11:05::error::/v1/api/user/me::9c20a71d-1b2b-4729-823f-0e41ed372ea8::403 - 0ms - Response: {"status":403,"now":1722744665680}::{"message":"Access token missing"}
2024-08-04 11:11:05::error::/v1/api/user/me::4bd6868e-a22e-435e-bd03-d6fced874888::403 - 1ms - Response: {"status":403,"now":1722744665782}::{"message":"Access token missing"}
2024-08-04 11:11:05::error::/v1/api/user/me::0ce4421c-3d18-4791-8a9d-64c744f09333::403 - 0ms - Response: {"status":403,"now":1722744665805}::{"message":"Access token missing"}
2024-08-04 11:11:15::error::/v1/api/user/me::365205a1-3457-4f06-a6d2-4243b0e640f7::403 - 0ms - Response: {"status":403,"now":1722744675216}::{"message":"Access token missing"}
2024-08-04 11:21:10::error::/v1/api/user/me::614bcea7-255e-49f0-8205-a70e83a31bde::403 - 2ms - Response: {"status":403,"now":1722745270452}::{"message":"Access token missing"}
2024-08-04 11:21:13::error::/v1/api/user/me::7ece98f2-119f-4f07-9d55-93891ea46588::403 - 3ms - Response: {"status":403,"now":1722745273745}::{"message":"Access token missing"}
2024-08-04 11:21:22::error::/v1/api/user/me::413e6836-9e18-4e7c-bd3e-c4f9a15709a1::403 - 0ms - Response: {"status":403,"now":1722745282219}::{"message":"Access token missing"}
2024-08-04 11:21:41::error::/v1/api/user/me::c880393c-fa59-4d83-aaeb-38000b307061::403 - 0ms - Response: {"status":403,"now":1722745301392}::{"message":"Access token missing"}
2024-08-04 11:23:39::error::/v1/api/user/me::e5d8913f-9e26-4def-9abd-0391dfcbade5::403 - 1ms - Response: {"status":403,"now":1722745419834}::{"message":"Access token missing"}
2024-08-04 11:23:42::error::/v1/api/user/me::7cc8eabe-93fc-43ef-94c1-55e5e35ade75::403 - 1ms - Response: {"status":403,"now":1722745422191}::{"message":"Access token missing"}
2024-08-04 11:23:58::error::/v1/api/user/me::07e05274-b807-457a-9519-1adc49356813::403 - 0ms - Response: {"status":403,"now":1722745438753}::{"message":"Access token missing"}
2024-08-04 11:23:59::error::/v1/api/user/me::174b3bdf-f0f9-44f8-a17c-57e62c1dd101::403 - 1ms - Response: {"status":403,"now":1722745439589}::{"message":"Access token missing"}
2024-08-04 11:24:09::error::/v1/api/user/me::5445ff0e-bffb-4afb-8792-27682796ebe3::403 - 0ms - Response: {"status":403,"now":1722745449535}::{"message":"Access token missing"}
2024-08-04 11:24:14::error::/v1/api/user/me::3ac877f4-196c-4fbf-881f-56a8406f6709::403 - 1ms - Response: {"status":403,"now":1722745454970}::{"message":"Access token missing"}
2024-08-04 11:24:51::error::/v1/api/user/me::218fedd0-6a8a-4463-ac0c-fd828b3e15b2::403 - 1ms - Response: {"status":403,"now":1722745491411}::{"message":"Access token missing"}
2024-08-04 11:24:52::error::/v1/api/user/me::82fbd1f2-2a97-4abb-8de2-f7dea237ad31::403 - 0ms - Response: {"status":403,"now":1722745492746}::{"message":"Access token missing"}
2024-08-04 11:24:55::error::/v1/api/user/me::85dbcde9-498e-4822-ae87-b52e1445c283::403 - 0ms - Response: {"status":403,"now":1722745495032}::{"message":"Access token missing"}
2024-08-04 11:25:11::error::/v1/api/user/me::c76ca240-cb56-48a5-8ec3-53bea9da4ba8::403 - 1ms - Response: {"status":403,"now":1722745511993}::{"message":"Access token missing"}
2024-08-04 11:25:19::error::/v1/api/user/me::1ee23cc9-ccf5-4e2e-9c36-a661eb268980::403 - 1ms - Response: {"status":403,"now":1722745519161}::{"message":"Access token missing"}
2024-08-04 11:25:25::error::/v1/api/user/me::7cae1b01-fd36-40c5-8cdb-53bb7491ac53::403 - 1ms - Response: {"status":403,"now":1722745525449}::{"message":"Access token missing"}
2024-08-04 11:28:02::error::/v1/api/user/me::44142eb3-3f3e-4b4d-8913-e1bedc64c425::403 - 2ms - Response: {"status":403,"now":1722745682464}::{"message":"Access token missing"}
2024-08-04 11:28:38::error::/v1/api/user/me::de08b55a-fdaf-4e44-80f4-b016d9dc7e30::403 - 3ms - Response: {"status":403,"now":1722745718723}::{"message":"Access token missing"}
2024-08-04 11:28:51::error::/v1/api/user/me::fd711e20-4fa3-4c57-a1ea-2ebd272f85d9::403 - 0ms - Response: {"status":403,"now":1722745731754}::{"message":"Access token missing"}
2024-08-04 11:28:52::error::/v1/api/user/me::7c879d3c-0618-4064-b724-74a55c3f359e::403 - 0ms - Response: {"status":403,"now":1722745732158}::{"message":"Access token missing"}
2024-08-04 11:28:57::error::/v1/api/user/me::c871913c-d321-472c-845c-cded58d73694::403 - 1ms - Response: {"status":403,"now":1722745737750}::{"message":"Access token missing"}
2024-08-04 11:29:16::error::/v1/api/user/me::272b0aec-7cd6-4c9a-a005-632b203e8a31::403 - 0ms - Response: {"status":403,"now":1722745756357}::{"message":"Access token missing"}
2024-08-04 11:29:35::error::/v1/api/user/me::570665f3-50c4-4908-9867-4161c48eb9ce::403 - 0ms - Response: {"status":403,"now":1722745775908}::{"message":"Access token missing"}
2024-08-04 11:32:00::error::/v1/api/user/me::dbfb26c0-bfa8-4b66-9078-ce99577a5dd9::403 - 7ms - Response: {"status":403,"now":1722745920820}::{"message":"Access token missing"}
2024-08-04 11:32:44::error::/v1/api/user/me::0907e0f7-8fe0-4ef8-87b7-8191472858a3::403 - 1ms - Response: {"status":403,"now":1722745964877}::{"message":"Access token missing"}
2024-08-04 11:32:47::error::/v1/api/user/me::d4daea9b-f98f-4276-a3f1-0128f70edf6d::403 - 1ms - Response: {"status":403,"now":1722745967807}::{"message":"Access token missing"}
2024-08-04 11:32:53::error::/v1/api/user/me::8b96272f-2ac0-4752-9e27-bae51bc62a35::403 - 0ms - Response: {"status":403,"now":1722745973271}::{"message":"Access token missing"}
2024-08-04 11:32:56::error::/v1/api/user/me::9b8c6b09-adfb-4bb5-9f13-bdab71fd350d::403 - 0ms - Response: {"status":403,"now":1722745976633}::{"message":"Access token missing"}
2024-08-04 11:32:56::error::/v1/api/user/me::de947892-ed76-44ad-800b-f7770d613e2a::403 - 0ms - Response: {"status":403,"now":1722745976732}::{"message":"Access token missing"}
2024-08-04 11:32:56::error::/v1/api/user/me::c2c56071-6762-4aee-9433-3df101e71245::403 - 0ms - Response: {"status":403,"now":1722745976760}::{"message":"Access token missing"}
2024-08-04 11:32:58::error::/v1/api/user/me::85e2cf0b-0b38-42aa-a057-3a8a915a6791::403 - 0ms - Response: {"status":403,"now":1722745978467}::{"message":"Access token missing"}
