2024-08-09 08:24:18::info::/v1/api/user/me::901571a6-30d7-43d2-81fb-7ba19ee1f832::input-params ::GET::::{}
2024-08-09 08:24:19::info::/v1/api/movement/readMovements::5627f41c-a3cb-4169-98e5-3d9a27b1fdc9::input-params ::GET::::{}
2024-08-09 08:24:19::info::/v1/api/news/readNewss::8f778c62-1201-4de5-8750-3b3b7eb450e5::input-params ::GET::::{}
2024-08-09 08:24:19::info::/v1/api/recommender/readPopularPosts::d67e0af2-a3c2-491b-810b-e66c60ebdaac::input-params ::GET::::{}
2024-08-09 08:24:20::info::/v1/api/order/readOrders::abf6d442-6df8-4abe-89cc-e1b8b85149b5::input-params ::GET::::{"isDirect":"false","sortBy":"createdAt","sortOrder":"desc"}
2024-08-09 08:24:30::info::/v1/api/proposal/readProposals/66a5f9b754ac59de697c4c78::dbef75a3-d176-43d9-80ae-bf85fff462f9::input-params ::GET::::{}
2024-08-09 08:24:36::info::/v1/api/news/readNewss::a4df3f50-7e23-4cc5-995f-8893aeb380a0::input-params ::GET::::{}
2024-08-09 08:24:36::info::/v1/api/recommender/readPopularPosts::f2ac4223-6ac4-495d-a553-e687283d3aef::input-params ::GET::::{}
2024-08-09 08:24:39::info::/v1/api/order/readOrders::7ae3d380-002b-47ce-b7fe-d97a578bdc1b::input-params ::GET::::{"isDirect":"false","sortBy":"createdAt","sortOrder":"desc"}
2024-08-09 08:24:42::info::/v1/api/post/readArtworks/66a5ac2d73370474cf4eb369::0264dee8-95ba-457a-9f66-d19142b5dd35::input-params ::GET::::{}
2024-08-09 08:24:42::info::/v1/api/termOfService/readTermOfServices::505d7185-a05e-4623-8b87-fd6ab1aa6342::input-params ::GET::::{}
2024-08-09 08:25:40::info::/v1/api/movement/readMovements::3809ec6f-278c-4bf0-a870-c73945e27ec7::input-params ::GET::::{}
2024-08-09 08:25:40::info::/v1/api/order/readOrders::c19cbd7c-245e-4d3f-b7da-e5357db699fd::input-params ::GET::::{"isDirect":"false","sortBy":"createdAt","sortOrder":"desc"}
2024-08-09 08:25:47::info::/v1/api/termOfService/readTermOfServices::54139bb5-dcc0-4ae5-8a5c-ff76f022e776::input-params ::GET::::{}
2024-08-09 08:25:47::info::/v1/api/post/readArtworks/66a5ac2d73370474cf4eb369::398f0780-28ad-42da-8df3-b7a452559572::input-params ::GET::::{}
2024-08-09 08:25:54::info::/v1/api/user/updateProfile/66a5ac2d73370474cf4eb369::c1c58cbe-2a68-47b2-a399-59c628c7d815::input-params ::PATCH::::{"lastViewConversations":1723166754614}
2024-08-09 08:25:54::info::/v1/api/conversation/readConversations::46e1e2d5-14b6-4d23-a671-1dfa38f705e2::input-params ::GET::::{}
2024-08-09 08:33:18::info::/v1/api/movement/readMovements::f2b05ccb-6629-4e4d-8529-a85c1d6e6db2::input-params ::GET::::{}
2024-08-09 08:33:18::info::/v1/api/order/readOrders::2f65b101-0d8a-426f-b2c2-8b2c4aff55d3::input-params ::GET::::{"isDirect":"false","sortBy":"createdAt","sortOrder":"desc"}
2024-08-09 08:33:18::info::/v1/api/conversation/readConversations::0a759f0a-907f-4f27-a941-f6a5e820edee::input-params ::GET::::{}
2024-08-09 08:53:55::info::/v1/api/movement/readMovements::1f3c5b4a-c402-4833-8694-ca2cba89d85f::input-params ::GET::::{}
2024-08-09 08:53:55::info::/v1/api/order/readOrders::c22ce44a-5bca-457b-b4d2-5c7e91b27e0f::input-params ::GET::::{"isDirect":"false","sortBy":"createdAt","sortOrder":"desc"}
2024-08-09 08:53:55::info::/v1/api/conversation/readConversations::88304f83-9582-493f-a7b0-2e0a8388096d::input-params ::GET::::{}
2024-08-09 08:54:05::info::/v1/api/movement/readMovements::6a915dbe-08ef-4a47-943c-8969606ec289::input-params ::GET::::{}
2024-08-09 08:54:05::info::/v1/api/order/readOrders::740ba18e-bfff-4d38-b4a9-039109afecbf::input-params ::GET::::{"isDirect":"false","sortBy":"createdAt","sortOrder":"desc"}
2024-08-09 08:54:05::info::/v1/api/conversation/readConversations::5b79a180-5150-4999-a8fb-f33ba9804305::input-params ::GET::::{}
2024-08-09 09:07:06::info::/v1/api/movement/readMovements::270da47b-79b7-4a49-9d73-0998130db32a::input-params ::GET::::{}
2024-08-09 09:07:06::info::/v1/api/order/readOrders::2f7a7841-ba21-4940-a60d-a3c99d8ca8d7::input-params ::GET::::{"isDirect":"false","sortBy":"createdAt","sortOrder":"desc"}
2024-08-09 09:07:06::info::/v1/api/conversation/readConversations::be7a8fec-610a-4ff8-be86-c711c74c3c72::input-params ::GET::::{}
2024-08-09 09:16:29::info::/v1/api/movement/readMovements::39d7dc03-cea6-4997-8933-07fe8fd7ac15::input-params ::GET::::{}
2024-08-09 09:16:29::info::/v1/api/order/readOrders::ec031ad3-7dd5-4310-8a61-c2f2c9e5242e::input-params ::GET::::{"isDirect":"false","sortBy":"createdAt","sortOrder":"desc"}
2024-08-09 09:16:29::info::/v1/api/conversation/readConversations::f4ff7ab8-dcd6-42dd-8522-1feaa05855e6::input-params ::GET::::{}
2024-08-09 09:16:32::info::/v1/api/movement/readMovements::6820c0a0-114f-4113-868a-204eae44c24a::input-params ::GET::::{}
2024-08-09 09:16:32::info::/v1/api/order/readOrders::dda749cf-7664-46b5-828d-7ed6f20aa063::input-params ::GET::::{"isDirect":"false","sortBy":"createdAt","sortOrder":"desc"}
2024-08-09 09:16:32::info::/v1/api/conversation/readConversations::591f9dc3-cfa2-4244-b929-3488ba9dfbc5::input-params ::GET::::{}
2024-08-09 09:27:40::info::/v1/api/movement/readMovements::5cb8465e-6621-4b00-bd38-bc8b25464938::input-params ::GET::::{}
2024-08-09 09:27:40::info::/v1/api/order/readOrders::d82e7bb0-8fdc-4fb6-a52a-ac2b324ea288::input-params ::GET::::{"isDirect":"false","sortBy":"createdAt","sortOrder":"desc"}
2024-08-09 09:27:40::info::/v1/api/conversation/readConversations::2fbec8b0-9236-42e2-b3cf-eced666a50e0::input-params ::GET::::{}
2024-08-09 09:27:40::info::/v1/api/movement/readMovements::1d24d73c-5e9f-43e4-a073-fef7a4ebf612::input-params ::GET::::{}
2024-08-09 09:27:42::info::/v1/api/user/me::9d4e6caf-901d-48fc-8fd9-4ace21a4816d::input-params ::GET::::{}
2024-08-09 09:27:43::info::/v1/api/movement/readMovements::5e45f013-1f6d-4d6a-ac06-8167ace47dd1::input-params ::GET::::{}
2024-08-09 09:27:43::info::/v1/api/order/readOrders::44b0a617-16fb-442c-b366-58a5fe549a96::input-params ::GET::::{"isDirect":"false","sortBy":"createdAt","sortOrder":"desc"}
2024-08-09 09:27:48::info::/v1/api/user/updateProfile/66a5ac2d73370474cf4eb369::9efa0c66-d877-4e14-8fec-521679c977a0::input-params ::PATCH::::{"lastViewConversations":1723170468794}
2024-08-09 09:27:48::info::/v1/api/conversation/readConversations::76daf10b-b988-4668-b49a-be489969e05a::input-params ::GET::::{}
2024-08-09 09:27:49::info::/v1/api/notification/readNotifications::a49efe12-0103-4fc9-ab4d-2cef10b24222::input-params ::PATCH::::{}
2024-08-09 09:27:52::info::/v1/api/user/me::47250619-3ff0-4ada-b7d3-60935ca3d019::input-params ::GET::::{}
2024-08-09 09:27:52::info::/v1/api/movement/readMovements::58fed17f-5e44-4dea-b168-31095641c9be::input-params ::GET::::{}
2024-08-09 09:27:52::info::/v1/api/user/readUserProfile/66a5ac2d73370474cf4eb369::5ca319f6-b504-4a61-bd1b-ccb01df10897::input-params ::GET::::{}
2024-08-09 09:27:52::info::/v1/api/post/readPostCategoriesWithPosts/66a5ac2d73370474cf4eb369::ee6083d0-bf18-4939-be3f-81e073131fd8::input-params ::GET::::{}
2024-08-09 09:27:53::info::/v1/api/post/readPost/66a5c7b5dea404a988c91786::2863e92b-35bd-49f2-85d9-bc26e355c594::input-params ::GET::::{}
2024-08-09 09:27:56::info::/v1/api/order/readOrders::497bc785-a903-46f0-832b-aea50221d8ac::input-params ::GET::::{"isDirect":"false","sortBy":"createdAt","sortOrder":"desc"}
2024-08-09 09:27:58::info::/v1/api/notification/readNotifications::6cd0efda-4b47-4aae-9e33-e6f6e6bd4611::input-params ::PATCH::::{}
2024-08-09 09:28:00::info::/v1/api/user/me::932d435b-1c79-4abc-b83d-51b530c9057d::input-params ::GET::::{}
2024-08-09 09:28:00::info::/v1/api/movement/readMovements::b4110fe4-59bf-4624-97d3-9f3e799e1383::input-params ::GET::::{}
2024-08-09 09:28:00::info::/v1/api/user/readUserProfile/66a5ac2d73370474cf4eb369::539412da-7ce1-4f5e-b4c9-7b218002b045::input-params ::GET::::{}
2024-08-09 09:28:01::info::/v1/api/post/readPostCategoriesWithPosts/66a5ac2d73370474cf4eb369::36439e48-58a5-4d9e-a038-da665f02c689::input-params ::GET::::{}
2024-08-09 09:28:01::info::/v1/api/post/readPost/66a5c7b5dea404a988c91786::6d865d88-56f2-44ea-829c-7045b3a8103d::input-params ::GET::::{}
2024-08-09 09:28:06::info::/v1/api/order/readTalentOrderHistory::e550611a-cd21-49e6-95ec-8c0abfb57fe8::input-params ::GET::::{}
2024-08-09 09:28:07::info::/v1/api/order/readTalentOrderHistory::71648931-c29a-4cc3-bf63-15266492472e::input-params ::GET::::{}
2024-08-09 09:28:09::info::/v1/api/serviceCategory/readServiceCategoriesWithServices/66a5ac2d73370474cf4eb369::fc10c96d-1b9a-4e7d-af89-889caed88d21::input-params ::GET::::{}
2024-08-09 09:28:09::info::/v1/api/post/readPostCategoriesWithPosts/66a5ac2d73370474cf4eb369::513ff3b5-a551-4c01-a08a-a07d37f03bcb::input-params ::GET::::{}
2024-08-09 09:28:10::info::/v1/api/order/readTalentOrderHistory::73e6829c-b12d-4558-8a3e-ef7e6e20d11b::input-params ::GET::::{}
2024-08-09 09:28:13::info::/v1/api/order/readTalentOrderHistory::46233da4-48ac-46bc-9bc9-47e037ef8d0e::input-params ::GET::::{}
2024-08-09 09:28:14::info::/v1/api/post/readPostCategoriesWithPosts/66a5ac2d73370474cf4eb369::eb086df7-112c-4f2a-86af-b2b8dd95bb13::input-params ::GET::::{}
2024-08-09 09:28:17::info::/v1/api/serviceCategory/readServiceCategoriesWithServices/66a5ac2d73370474cf4eb369::a9fb3fa4-840e-48e3-bbd7-0cfdefec4305::input-params ::GET::::{}
2024-08-09 09:28:32::info::/v1/api/serviceCategory/updateServiceCategory/66b4dba1d718d91104a0ae35::ba84aa20-e06f-4c6b-865e-e207ad15e207::input-params ::PATCH::::{"_id":"66b4dba1d718d91104a0ae35","title":"Comic Commmisi","commissionServices":[{"_id":"66a5c7ffdea404a988c917ac","talentId":"66a5ac2d73370474cf4eb369","title":"Comic Kinh Dị","serviceCategoryId":"66b4dba1d718d91104a0ae35","views":[],"orderCount":0,"termOfServiceId":"66a5c68ddea404a988c91684","movementId":"66a5a20073370474cf4eab3c","minPrice":300000,"deliverables":["Comic kinh dị"],"isMedia":false,"status":"open","artworks":["https://res.cloudinary.com/pastal/image/upload/v1723128736/fiyonce/commissionServices/66a5ac2d73370474cf4eb369/1723128728989.jpg_2024-08-08T14-52-17.566Z.jpg","https://res.cloudinary.com/pastal/image/upload/v1723128737/fiyonce/commissionServices/66a5ac2d73370474cf4eb369/1723128728990.jpg_2024-08-08T14-52-17.566Z.jpg","https://res.cloudinary.com/pastal/image/upload/v1723128739/fiyonce/commissionServices/66a5ac2d73370474cf4eb369/1723128728991.jpg_2024-08-08T14-52-17.567Z.jpg"],"addOns":[],"createdAt":"2024-07-28T04:24:31.750Z","updatedAt":"2024-08-08T14:52:25.389Z","__v":0,"notes":""}]}
2024-08-09 09:28:32::info::/v1/api/serviceCategory/readServiceCategoriesWithServices/66a5ac2d73370474cf4eb369::a1a88f8a-379e-442f-98f7-3739ccbec7b8::input-params ::GET::::{}
2024-08-09 09:29:05::info::/v1/api/post/readPostCategoriesWithPosts/66a5ac2d73370474cf4eb369::c84ca475-049c-4d11-9590-ab9aeaee7c2a::input-params ::GET::::{}
2024-08-09 09:29:07::info::/v1/api/order/readTalentOrderHistory::313981d8-4de9-44e1-b69f-7447ed8318e3::input-params ::GET::::{}
2024-08-09 09:29:09::info::/v1/api/order/readMemberOrderHistory::ceafbcf6-b821-481f-80e1-d2059029e16a::input-params ::GET::::{}
2024-08-09 09:29:09::info::/v1/api/order/readTalentOrderHistory::c0755b7d-a90c-42fa-b55b-1d1d0268d73d::input-params ::GET::::{}
2024-08-09 09:29:10::info::/v1/api/order/readMemberOrderHistory::29fec11e-b2cb-413f-ba45-eb67c8ec9376::input-params ::GET::::{}
2024-08-09 09:29:10::info::/v1/api/order/readArchivedOrderHistory::365faaf6-3fb6-4179-adcb-11ecad4ef383::input-params ::GET::::{}
2024-08-09 09:29:12::info::/v1/api/order/readOrders::672f4397-77a9-4ac8-9638-2e66027e0fc3::input-params ::GET::::{"isDirect":"false","sortBy":"createdAt","sortOrder":"desc"}
2024-08-09 09:29:16::info::/v1/api/termOfService/readTermOfServices::97e8a97f-ea74-4935-aa5d-e08e6f0ce3da::input-params ::GET::::{}
2024-08-09 09:29:16::info::/v1/api/post/readArtworks/66a5ac2d73370474cf4eb369::9e8a1dd1-cbf8-4015-82f1-efc6199f2081::input-params ::GET::::{}
2024-08-09 09:32:22::info::/v1/api/user/me::d8e75834-2b47-4c41-a298-2128a6e38229::input-params ::GET::::{}
2024-08-09 09:32:22::info::/v1/api/movement/readMovements::a2bdf49c-1bf2-4a28-b04f-1746e99a8cea::input-params ::GET::::{}
2024-08-09 09:32:23::info::/v1/api/news/readNewss::349d5b12-50a0-4ca5-bb56-b29a28f92427::input-params ::GET::::{}
2024-08-09 09:32:23::info::/v1/api/post/readPost/help_center::c1ce355c-d8d4-42f6-ad0e-88410916be11::input-params ::GET::::{}
2024-08-09 09:32:23::error::/v1/api/post/readPost/help_center::c1ce355c-d8d4-42f6-ad0e-88410916be11::403 - 2ms - Response: {"status":403,"now":1723170743162}::{"message":"Xem tác phẩm không thành công"}
2024-08-09 09:32:23::info::/v1/api/recommender/readPopularPosts::68e9aed5-35de-4c53-808e-1da145016b04::input-params ::GET::::{}
2024-08-09 09:32:26::info::/v1/api/movement/readMovements::62350301-6557-41d7-8fa4-2b48d1cd80a8::input-params ::GET::::{}
2024-08-09 09:32:26::info::/v1/api/order/readOrders::ef0ccf4c-46a3-46e5-b3db-a8f8b297c8e5::input-params ::GET::::{"isDirect":"false","sortBy":"createdAt","sortOrder":"desc"}
2024-08-09 09:32:26::info::/v1/api/post/readArtworks/66a5ac2d73370474cf4eb369::62b40515-f23b-4f9f-9940-ee743cdc7f22::input-params ::GET::::{}
2024-08-09 09:32:26::info::/v1/api/termOfService/readTermOfServices::842af6f4-d064-4c90-8b3c-fd6ac93dea62::input-params ::GET::::{}
2024-08-09 09:32:35::info::/v1/api/termOfService/readTermOfServices::f777f9fc-4865-461d-82a1-0880b87971c3::input-params ::GET::::{}
2024-08-09 09:32:35::info::/v1/api/post/readArtworks/66a5ac2d73370474cf4eb369::edbe9f80-8c9c-4151-b5c2-b322f50a90e6::input-params ::GET::::{}
2024-08-09 09:32:47::info::/v1/api/order/readOrders::a65f62e2-e8d4-4733-8f87-df247095cbb5::input-params ::GET::::{"isDirect":"false","sortBy":"createdAt","sortOrder":"desc"}
2024-08-09 09:32:50::info::/v1/api/order/readOrders::2c876294-afe2-4ea0-a93d-ed546e2649c3::input-params ::GET::::{"isDirect":"false","sortBy":"createdAt","sortOrder":"desc"}
2024-08-09 09:32:56::info::/v1/api/news/readNewss::c075c916-ba82-4dd4-b82f-729b5effe6d2::input-params ::GET::::{}
2024-08-09 09:32:56::info::/v1/api/recommender/readPopularPosts::59a4f1d8-26c4-4cb9-8645-e5d082a410f9::input-params ::GET::::{}
2024-08-09 09:33:05::info::/v1/api/post/readPost/66a5fafb54ac59de697c5e66::262f6370-e12d-4146-a7e3-b86ccf43b0a4::input-params ::GET::::{}
2024-08-09 09:33:09::info::/v1/api/user/readUserProfile/66a5f1b254ac59de697b59f9::d5ea6dcb-0472-4f6c-ac28-0ebfb9b5704b::input-params ::GET::::{}
2024-08-09 09:33:09::info::/v1/api/post/readPostCategoriesWithPosts/66a5f1b254ac59de697b59f9::ddaf7b5e-6a31-40b7-9a67-3b8bc818aeab::input-params ::GET::::{}
2024-08-09 09:33:11::info::/v1/api/serviceCategory/readServiceCategoriesWithServices/66a5f1b254ac59de697b59f9::8ae6113c-a592-47de-80a7-a486e0024caa::input-params ::GET::::{}
2024-08-09 09:33:12::info::/v1/api/post/readPostCategoriesWithPosts/66a5f1b254ac59de697b59f9::9873e821-1ce9-4c09-907c-6cf4406046a7::input-params ::GET::::{}
2024-08-09 09:33:16::info::/v1/api/serviceCategory/readServiceCategoriesWithServices/66a5f1b254ac59de697b59f9::b141572e-f905-4278-aaa3-6fc3da5115d0::input-params ::GET::::{}
2024-08-09 09:33:18::info::/v1/api/news/readNewss::35365d7c-9f48-46a6-a4da-d6db30b4b15c::input-params ::GET::::{}
2024-08-09 09:33:18::info::/v1/api/recommender/readPopularPosts::61fafe7b-d515-4b0d-8c04-0e33aa05e778::input-params ::GET::::{}
2024-08-09 09:33:20::info::/v1/api/post/readPost/66a5fa4b54ac59de697c5091::b604a56d-c62e-4d66-ac97-78d4f11b8d6c::input-params ::GET::::{}
2024-08-09 09:33:24::info::/v1/api/post/readPost/66a5f8b954ac59de697c3d13::57cce708-85eb-4462-bc88-c5888b2bc12f::input-params ::GET::::{}
2024-08-09 09:33:27::info::/v1/api/post/readPost/66a5aaaa73370474cf4eb1e1::9c8e8bf2-e004-448f-9962-aeecba9817d9::input-params ::GET::::{}
2024-08-09 09:33:29::info::/v1/api/user/readUserProfile/66a5a57173370474cf4eacca::ee3904d6-ca29-4e4a-838f-ad5b6b9a964e::input-params ::GET::::{}
2024-08-09 09:33:30::info::/v1/api/post/readPostCategoriesWithPosts/66a5a57173370474cf4eacca::f88e0dd6-d794-4a47-8a13-318c494436e8::input-params ::GET::::{}
2024-08-09 09:33:32::info::/v1/api/news/readNewss::9ad30db2-77b9-4449-bdec-e50d8143f7a4::input-params ::GET::::{}
2024-08-09 09:33:32::info::/v1/api/post/readPost/66a5aaaa73370474cf4eb1e1::8a10253c-6470-45ce-8339-32f0c5e71528::input-params ::GET::::{}
2024-08-09 09:33:32::info::/v1/api/recommender/readPopularPosts::50caf90f-68bd-4670-b019-0cecb9f037db::input-params ::GET::::{}
2024-08-09 09:33:37::info::/v1/api/user/readUserProfile/66a5a57173370474cf4eacca::c7a9fa89-a5b0-4767-b3ff-0af14d9bec41::input-params ::GET::::{}
2024-08-09 09:33:37::info::/v1/api/post/readPostCategoriesWithPosts/66a5a57173370474cf4eacca::680d47fd-5191-45f7-a5fc-40e65d730967::input-params ::GET::::{}
2024-08-09 09:33:38::info::/v1/api/news/readNewss::693478c1-6fd6-4a9c-ae6b-74879f00b0fa::input-params ::GET::::{}
2024-08-09 09:33:38::info::/v1/api/post/readPost/66a5aaaa73370474cf4eb1e1::85057756-4cc6-4b1f-9bdb-23f6cbae7cc4::input-params ::GET::::{}
2024-08-09 09:33:38::info::/v1/api/recommender/readPopularPosts::4bcc0119-adea-42fa-8a79-2a32192ed708::input-params ::GET::::{}
2024-08-09 09:33:42::info::/v1/api/post/readPost/66a5fa4b54ac59de697c5091::b47f33ba-7ea7-493c-8846-506f9bb21c32::input-params ::GET::::{}
2024-08-09 09:33:44::info::/v1/api/user/readUserProfile/66a5f1b254ac59de697b59f9::afc80827-0d2d-485a-9745-bd7784cfca3a::input-params ::GET::::{}
2024-08-09 09:33:44::info::/v1/api/post/readPostCategoriesWithPosts/66a5f1b254ac59de697b59f9::a3c4b41a-5031-4b6a-a241-c08ed15b925b::input-params ::GET::::{}
2024-08-09 09:33:51::info::/v1/api/serviceCategory/readServiceCategoriesWithServices/66a5f1b254ac59de697b59f9::a507732e-6ee8-4e10-a7f5-dece7173eee8::input-params ::GET::::{}
2024-08-09 09:33:53::info::/v1/api/movement/readMovements::db1ed474-4a4d-4249-a88b-ec29b3517844::input-params ::GET::::{}
2024-08-09 09:33:53::info::/v1/api/user/readUserProfile/66a5f1b254ac59de697b59f9::0a356023-1aca-4698-abf3-a8561fdba221::input-params ::GET::::{}
2024-08-09 09:33:53::info::/v1/api/serviceCategory/readServiceCategoriesWithServices/66a5f1b254ac59de697b59f9::58f1ab21-d9e8-4a39-b1f7-1f00489ff72b::input-params ::GET::::{}
2024-08-09 09:36:16::info::/v1/api/movement/readMovements::1684296e-2e9a-4335-bc86-8752032662f2::input-params ::GET::::{}
2024-08-09 09:36:16::info::/v1/api/user/readUserProfile/66a5f1b254ac59de697b59f9::e0f4a4a1-4768-4dad-adb6-c8ced27649d6::input-params ::GET::::{}
2024-08-09 09:36:16::info::/v1/api/serviceCategory/readServiceCategoriesWithServices/66a5f1b254ac59de697b59f9::ceb417a5-ab6d-4107-8661-1906c166669a::input-params ::GET::::{}
2024-08-09 09:36:16::info::/v1/api/movement/readMovements::0f4d784c-caf7-45a6-b821-e52d6c42ff50::input-params ::GET::::{}
2024-08-09 09:36:22::info::/v1/api/commissionService/readCommissionService/66a603c354ac59de697d0487::4a0264e2-2bc0-442f-bce1-61b00c91802b::input-params ::GET::::{}
2024-08-09 09:36:43::info::/v1/api/movement/readMovements::36794c7c-462a-4267-a275-e6ca0776bad2::input-params ::GET::::{}
2024-08-09 09:36:43::info::/v1/api/user/readUserProfile/66a5f1b254ac59de697b59f9::f34bdab7-3213-47ea-a85b-cb55f2a5af12::input-params ::GET::::{}
2024-08-09 09:36:43::info::/v1/api/serviceCategory/readServiceCategoriesWithServices/66a5f1b254ac59de697b59f9::0de0bd18-723b-4376-ba50-642b9caf0a97::input-params ::GET::::{}
2024-08-09 09:36:43::info::/v1/api/commissionService/readCommissionService/66a603c354ac59de697d0487::c15dc7e4-74d0-40d2-b80f-c1d3cd4d9612::input-params ::GET::::{}
2024-08-09 09:36:48::info::/v1/api/movement/readMovements::d5515a1e-5379-4d0d-b73d-4afc9817a104::input-params ::GET::::{}
2024-08-09 09:36:48::info::/v1/api/user/readUserProfile/66a5f1b254ac59de697b59f9::4b68668e-80bc-4d38-aef7-6af220bf9fe1::input-params ::GET::::{}
2024-08-09 09:36:48::info::/v1/api/serviceCategory/readServiceCategoriesWithServices/66a5f1b254ac59de697b59f9::2d72294f-ba85-42bb-bda6-730d4108c271::input-params ::GET::::{}
2024-08-09 09:36:48::info::/v1/api/commissionService/readCommissionService/66a603c354ac59de697d0487::0e05d320-cedf-449a-bbfe-9d276fe7f118::input-params ::GET::::{}
2024-08-09 09:37:54::info::/v1/api/movement/readMovements::8a0cbf4c-84f0-4acb-a9ab-af2155b9ce19::input-params ::GET::::{}
2024-08-09 09:37:54::info::/v1/api/user/readUserProfile/66a5f1b254ac59de697b59f9::81feec4b-0efb-4b91-957e-577ccdc0fc44::input-params ::GET::::{}
2024-08-09 09:37:54::info::/v1/api/serviceCategory/readServiceCategoriesWithServices/66a5f1b254ac59de697b59f9::33168c31-2cca-4317-b478-7494b86aaccb::input-params ::GET::::{}
2024-08-09 09:37:54::info::/v1/api/commissionService/readCommissionService/66a603c354ac59de697d0487::fdeec7f9-be59-4eca-917c-05edc500b3b1::input-params ::GET::::{}
2024-08-09 09:39:06::info::/v1/api/movement/readMovements::991f4fd8-2b6d-41e8-b3b8-7af3efdaef2b::input-params ::GET::::{}
2024-08-09 09:39:06::info::/v1/api/user/readUserProfile/66a5f1b254ac59de697b59f9::dbd5d507-c43b-4449-9fde-7fcc71ad1829::input-params ::GET::::{}
2024-08-09 09:39:06::info::/v1/api/serviceCategory/readServiceCategoriesWithServices/66a5f1b254ac59de697b59f9::bfbe913c-0de1-4373-b084-17ca16935506::input-params ::GET::::{}
2024-08-09 09:39:06::info::/v1/api/commissionService/readCommissionService/66a603c354ac59de697d0487::fac46f02-806c-4c7b-b278-6fd5e3e7327c::input-params ::GET::::{}
2024-08-09 09:39:14::info::/v1/api/movement/readMovements::5e7e3688-53d9-4c50-9a2b-bd51fcb00b3b::input-params ::GET::::{}
2024-08-09 09:39:14::info::/v1/api/user/readUserProfile/66a5f1b254ac59de697b59f9::abc357b4-78c0-4a49-8a70-2adffff070d2::input-params ::GET::::{}
2024-08-09 09:39:14::info::/v1/api/serviceCategory/readServiceCategoriesWithServices/66a5f1b254ac59de697b59f9::4d8bc7b5-0ec1-4d80-b280-7e3a314fd0ca::input-params ::GET::::{}
2024-08-09 09:39:14::info::/v1/api/commissionService/readCommissionService/66a603c354ac59de697d0487::dd1f05bc-8086-43e7-8810-c70d23f2aba6::input-params ::GET::::{}
2024-08-09 09:39:50::info::/v1/api/movement/readMovements::f364cf96-fa85-43b7-80b1-5ae2e9f7c693::input-params ::GET::::{}
2024-08-09 09:39:50::info::/v1/api/user/readUserProfile/66a5f1b254ac59de697b59f9::9dda265d-0a36-4c8a-b984-1d0db8b36fc9::input-params ::GET::::{}
2024-08-09 09:39:50::info::/v1/api/serviceCategory/readServiceCategoriesWithServices/66a5f1b254ac59de697b59f9::4949d47c-37f5-4a76-bfa5-7ea9d356f1b1::input-params ::GET::::{}
2024-08-09 09:39:50::info::/v1/api/commissionService/readCommissionService/66a603c354ac59de697d0487::aee6ed61-11c3-4164-8c6b-accf0246f471::input-params ::GET::::{}
2024-08-09 09:40:17::info::/v1/api/commissionService/readCommissionService/66a603c354ac59de697d0487::63c3bb55-6c41-4457-9c4b-48d13a1027f8::input-params ::GET::::{}
2024-08-09 09:40:31::info::/v1/api/movement/readMovements::bae9f9f5-5a62-428a-99f3-2d7b3cdbfc56::input-params ::GET::::{}
2024-08-09 09:40:31::info::/v1/api/user/readUserProfile/66a5f1b254ac59de697b59f9::377636bf-4134-432e-9c01-88d15975ffcd::input-params ::GET::::{}
2024-08-09 09:40:31::info::/v1/api/commissionService/readCommissionService/66a603c354ac59de697d0487::cf5190f8-bc76-41b6-a977-9b557baae70e::input-params ::GET::::{}
2024-08-09 09:40:31::info::/v1/api/serviceCategory/readServiceCategoriesWithServices/66a5f1b254ac59de697b59f9::030040de-ed7e-4131-a010-177cfa5f7503::input-params ::GET::::{}
2024-08-09 09:40:34::info::/v1/api/movement/readMovements::4b52d405-36f2-498c-bb59-63b3915c2602::input-params ::GET::::{}
2024-08-09 09:40:34::info::/v1/api/user/readUserProfile/66a5f1b254ac59de697b59f9::3aa16609-9037-459e-a223-bc8e8e449790::input-params ::GET::::{}
2024-08-09 09:40:34::info::/v1/api/serviceCategory/readServiceCategoriesWithServices/66a5f1b254ac59de697b59f9::52e9ac70-292f-4158-afe4-07d96f3ba801::input-params ::GET::::{}
2024-08-09 09:40:34::info::/v1/api/commissionService/readCommissionService/66a603c354ac59de697d0487::1a2119a4-f70e-4029-b3fa-418dd98555c7::input-params ::GET::::{}
2024-08-09 09:40:54::info::/v1/api/movement/readMovements::a6d310d8-c997-40a1-9016-b33818789caf::input-params ::GET::::{}
2024-08-09 09:40:54::info::/v1/api/user/readUserProfile/66a5f1b254ac59de697b59f9::3d1c1c35-8e47-4bd3-a58a-7b6b981ed004::input-params ::GET::::{}
2024-08-09 09:40:54::info::/v1/api/serviceCategory/readServiceCategoriesWithServices/66a5f1b254ac59de697b59f9::c22e7802-e6cd-4271-b61c-65572afbc672::input-params ::GET::::{}
2024-08-09 09:40:54::info::/v1/api/commissionService/readCommissionService/66a603c354ac59de697d0487::2ae73bca-4538-4717-90b4-a8d447579334::input-params ::GET::::{}
2024-08-09 09:41:08::info::/v1/api/movement/readMovements::73053688-0dc3-4a13-bd9e-f555505a847a::input-params ::GET::::{}
2024-08-09 09:41:08::info::/v1/api/user/readUserProfile/66a5f1b254ac59de697b59f9::73a62281-e766-421f-be17-26ba240d3a3c::input-params ::GET::::{}
2024-08-09 09:41:08::info::/v1/api/serviceCategory/readServiceCategoriesWithServices/66a5f1b254ac59de697b59f9::d2217d38-f0e0-4869-a921-2b0ab8278cb2::input-params ::GET::::{}
2024-08-09 09:41:08::info::/v1/api/commissionService/readCommissionService/66a603c354ac59de697d0487::91e890b2-53f0-4c9c-868e-33b60d8140e4::input-params ::GET::::{}
2024-08-09 09:41:59::info::/v1/api/movement/readMovements::29cff6b0-c817-43c5-a109-0f7520dc0c9a::input-params ::GET::::{}
2024-08-09 09:41:59::info::/v1/api/user/readUserProfile/66a5f1b254ac59de697b59f9::eddb75b9-a597-4eda-9240-add3b2af273a::input-params ::GET::::{}
2024-08-09 09:41:59::info::/v1/api/serviceCategory/readServiceCategoriesWithServices/66a5f1b254ac59de697b59f9::a8016874-0d36-458d-b22d-b95d9906638a::input-params ::GET::::{}
2024-08-09 09:41:59::info::/v1/api/commissionService/readCommissionService/66a603c354ac59de697d0487::9a43b367-44ea-400e-b60d-62f6ded14ae6::input-params ::GET::::{}
2024-08-09 09:42:42::info::/v1/api/movement/readMovements::55ec0083-e97f-4c20-abda-1e8e60aea0cb::input-params ::GET::::{}
2024-08-09 09:42:42::info::/v1/api/user/readUserProfile/66a5f1b254ac59de697b59f9::91409f35-174b-4838-89ec-7d0524842399::input-params ::GET::::{}
2024-08-09 09:42:42::info::/v1/api/serviceCategory/readServiceCategoriesWithServices/66a5f1b254ac59de697b59f9::b92f36a8-6232-4cd8-a7fe-291e21bfa675::input-params ::GET::::{}
2024-08-09 09:42:42::info::/v1/api/commissionService/readCommissionService/66a603c354ac59de697d0487::1fc011ba-af32-4f60-9f8e-ca71fc59a7c5::input-params ::GET::::{}
2024-08-09 09:43:18::info::/v1/api/order/createOrder::1857493e-41d8-4693-8889-4a9b88532036::input-params ::POST::::{}
2024-08-09 09:43:18::error::/v1/api/order/createOrder::1857493e-41d8-4693-8889-4a9b88532036::undefined - NaNms - Response: {}::{"message":"commissionService.findById is not a function"}
2024-08-09 09:43:26::info::/v1/api/order/createOrder::8251c380-3298-48bf-9132-0ba99c432dff::input-params ::POST::::{}
2024-08-09 09:43:26::error::/v1/api/order/createOrder::8251c380-3298-48bf-9132-0ba99c432dff::undefined - NaNms - Response: {}::{"message":"commissionService.findById is not a function"}
2024-08-09 09:43:27::info::/v1/api/order/createOrder::f458ea4f-5812-4b80-8848-fa61ddd48fdc::input-params ::POST::::{}
2024-08-09 09:43:27::error::/v1/api/order/createOrder::f458ea4f-5812-4b80-8848-fa61ddd48fdc::undefined - NaNms - Response: {}::{"message":"commissionService.findById is not a function"}
2024-08-09 09:43:41::info::/v1/api/movement/readMovements::e67ac48a-4ebf-40b1-9ad3-78e3fc9a42f6::input-params ::GET::::{}
2024-08-09 09:43:41::info::/v1/api/user/readUserProfile/66a5f1b254ac59de697b59f9::adf767a6-7087-4f5b-b76a-215e6cd9f209::input-params ::GET::::{}
2024-08-09 09:43:41::info::/v1/api/serviceCategory/readServiceCategoriesWithServices/66a5f1b254ac59de697b59f9::746e52a7-7677-4eb4-a039-2b2eca120507::input-params ::GET::::{}
2024-08-09 09:43:41::info::/v1/api/commissionService/readCommissionService/66a603c354ac59de697d0487::72b46782-e678-4af4-b450-87b6b96f2428::input-params ::GET::::{}
2024-08-09 09:43:46::info::/v1/api/movement/readMovements::da782c72-f8db-453a-aad6-06de309049a3::input-params ::GET::::{}
2024-08-09 09:43:46::info::/v1/api/user/readUserProfile/66a5f1b254ac59de697b59f9::906f8d35-c5b8-4980-97a7-7c7e4bc646c4::input-params ::GET::::{}
2024-08-09 09:43:46::info::/v1/api/serviceCategory/readServiceCategoriesWithServices/66a5f1b254ac59de697b59f9::8b07a4a4-9827-4ed7-a6ba-c0f0672bca1f::input-params ::GET::::{}
2024-08-09 09:43:46::info::/v1/api/commissionService/readCommissionService/66a603c354ac59de697d0487::a21710f5-931d-45fd-b0ca-13b013b01e90::input-params ::GET::::{}
2024-08-09 09:43:56::info::/v1/api/movement/readMovements::8d72b911-f815-4b60-a437-49c0673d27f8::input-params ::GET::::{}
2024-08-09 09:43:56::info::/v1/api/user/readUserProfile/66a5f1b254ac59de697b59f9::ea7bf408-8d2f-4fcf-8cba-d8fec83b7cb9::input-params ::GET::::{}
2024-08-09 09:43:56::info::/v1/api/serviceCategory/readServiceCategoriesWithServices/66a5f1b254ac59de697b59f9::298e7619-3aac-4239-b87c-4cbbb51a79d5::input-params ::GET::::{}
2024-08-09 09:43:56::info::/v1/api/commissionService/readCommissionService/66a603c354ac59de697d0487::ee13f375-b75b-4e1f-b9ba-c869b751a5f9::input-params ::GET::::{}
2024-08-09 09:44:06::info::/v1/api/movement/readMovements::362e14d5-078b-402f-86d5-b7b7fdb092e2::input-params ::GET::::{}
2024-08-09 09:44:06::info::/v1/api/user/readUserProfile/66a5f1b254ac59de697b59f9::4fe1dd4d-d7f0-4195-a4b2-b20b7871af29::input-params ::GET::::{}
2024-08-09 09:44:06::info::/v1/api/serviceCategory/readServiceCategoriesWithServices/66a5f1b254ac59de697b59f9::eff37e16-b5e0-4e36-915e-9fd63ff1a225::input-params ::GET::::{}
2024-08-09 09:44:06::info::/v1/api/commissionService/readCommissionService/66a603c354ac59de697d0487::cce23e9a-6dff-4f9e-9c66-5e750a8afd21::input-params ::GET::::{}
2024-08-09 09:44:40::info::/v1/api/movement/readMovements::bcf0a7b6-762c-4d59-8b15-d50cb8cb8cc7::input-params ::GET::::{}
2024-08-09 09:44:40::info::/v1/api/user/readUserProfile/66a5f1b254ac59de697b59f9::624123a4-44db-42e2-a66c-bb8091e0c32a::input-params ::GET::::{}
2024-08-09 09:44:40::info::/v1/api/serviceCategory/readServiceCategoriesWithServices/66a5f1b254ac59de697b59f9::0c4c97c0-50bb-4023-a137-7dfed857449a::input-params ::GET::::{}
2024-08-09 09:44:40::info::/v1/api/commissionService/readCommissionService/66a603c354ac59de697d0487::679dd4a8-365d-44d0-9491-1c1fec01fb35::input-params ::GET::::{}
2024-08-09 09:44:42::info::/v1/api/movement/readMovements::31b4f768-5ca2-4989-89df-e6280f5ffacf::input-params ::GET::::{}
2024-08-09 09:44:42::info::/v1/api/user/readUserProfile/66a5f1b254ac59de697b59f9::0a8f8abe-48b7-4a28-8b6d-2b71a60fa184::input-params ::GET::::{}
2024-08-09 09:44:42::info::/v1/api/serviceCategory/readServiceCategoriesWithServices/66a5f1b254ac59de697b59f9::21daf540-6bdd-4498-bd18-d9511ab2db5c::input-params ::GET::::{}
2024-08-09 09:44:42::info::/v1/api/commissionService/readCommissionService/66a603c354ac59de697d0487::5a525b49-9bb3-4a93-9052-9b159511f5c1::input-params ::GET::::{}
2024-08-09 09:44:59::info::/v1/api/movement/readMovements::896b2157-201b-4e23-a274-c0072cd686f4::input-params ::GET::::{}
2024-08-09 09:44:59::info::/v1/api/user/readUserProfile/66a5f1b254ac59de697b59f9::aab3e992-ac66-41b2-9538-8f1f85609f03::input-params ::GET::::{}
2024-08-09 09:44:59::info::/v1/api/serviceCategory/readServiceCategoriesWithServices/66a5f1b254ac59de697b59f9::9de6817e-c2c8-436f-b64c-81d4c501c589::input-params ::GET::::{}
2024-08-09 09:44:59::info::/v1/api/commissionService/readCommissionService/66a603c354ac59de697d0487::834f79da-f271-442d-8fe6-acf34d487ef9::input-params ::GET::::{}
2024-08-09 09:45:01::info::/v1/api/user/readUserProfile/66a5f1b254ac59de697b59f9::a96c6df4-95c6-43ff-a347-91394b196a1b::input-params ::GET::::{}
2024-08-09 09:45:01::info::/v1/api/movement/readMovements::7bf6ec00-0e16-4178-8417-ad9e51d882f5::input-params ::GET::::{}
2024-08-09 09:45:01::info::/v1/api/commissionService/readCommissionService/66a603c354ac59de697d0487::78717560-d1cd-4738-9e72-41c8c58c92a9::input-params ::GET::::{}
2024-08-09 09:45:01::info::/v1/api/serviceCategory/readServiceCategoriesWithServices/66a5f1b254ac59de697b59f9::e839131d-2ecf-47af-b7fd-23af488201b1::input-params ::GET::::{}
2024-08-09 09:45:02::info::/v1/api/order/createOrder::141f4078-cf2b-4cba-9a64-a943b12688e4::input-params ::POST::::{}
2024-08-09 09:45:02::error::/v1/api/order/createOrder::141f4078-cf2b-4cba-9a64-a943b12688e4::undefined - NaNms - Response: {}::{"message":"commissionService.findById is not a function"}
2024-08-09 09:45:11::info::/v1/api/movement/readMovements::706ef724-7d08-4629-8344-07c2dc6d6dad::input-params ::GET::::{}
2024-08-09 09:45:11::info::/v1/api/user/readUserProfile/66a5f1b254ac59de697b59f9::93023226-b416-4365-b14b-334e609486a9::input-params ::GET::::{}
2024-08-09 09:45:11::info::/v1/api/serviceCategory/readServiceCategoriesWithServices/66a5f1b254ac59de697b59f9::907612e1-95ce-4e9d-af14-970ed46238c3::input-params ::GET::::{}
2024-08-09 09:45:11::info::/v1/api/commissionService/readCommissionService/66a603c354ac59de697d0487::b1f3c810-0f5c-48e7-ad7d-ee5eec692498::input-params ::GET::::{}
2024-08-09 09:45:14::info::/v1/api/movement/readMovements::d284b600-d18c-4067-bd7d-8c94f67094f3::input-params ::GET::::{}
2024-08-09 09:45:14::info::/v1/api/user/readUserProfile/66a5f1b254ac59de697b59f9::21c9f4a5-d033-4072-bbc5-3946d2504e60::input-params ::GET::::{}
2024-08-09 09:45:14::info::/v1/api/serviceCategory/readServiceCategoriesWithServices/66a5f1b254ac59de697b59f9::566dea79-cfed-4035-bece-b50543501a69::input-params ::GET::::{}
2024-08-09 09:45:14::info::/v1/api/commissionService/readCommissionService/66a603c354ac59de697d0487::d94a9658-8a8c-4617-a5a7-16cac20f8f5a::input-params ::GET::::{}
2024-08-09 09:45:15::info::/v1/api/movement/readMovements::884481f5-4e0c-4b0f-a5ae-fba543142eab::input-params ::GET::::{}
2024-08-09 09:45:15::info::/v1/api/user/readUserProfile/66a5f1b254ac59de697b59f9::a16c36f9-015c-4417-b64f-c4c5ccfd2d72::input-params ::GET::::{}
2024-08-09 09:45:15::info::/v1/api/serviceCategory/readServiceCategoriesWithServices/66a5f1b254ac59de697b59f9::c303e4ab-0643-460d-8be5-63de8cba24e7::input-params ::GET::::{}
2024-08-09 09:45:15::info::/v1/api/commissionService/readCommissionService/66a603c354ac59de697d0487::4b44dff9-6815-47e0-bfff-aaa2eb08b63f::input-params ::GET::::{}
2024-08-09 09:45:17::info::/v1/api/order/createOrder::2761fe0e-7441-4453-865d-c05bebde6c2a::input-params ::POST::::{}
2024-08-09 09:45:18::error::/v1/api/order/createOrder::2761fe0e-7441-4453-865d-c05bebde6c2a::undefined - NaNms - Response: {}::{"message":"commissionService.findById is not a function"}
2024-08-09 09:46:20::info::/v1/api/user/readUserProfile/66a5f1b254ac59de697b59f9::2a870440-c3fe-4e60-94d2-21e27582f80e::input-params ::GET::::{}
2024-08-09 09:46:20::info::/v1/api/serviceCategory/readServiceCategoriesWithServices/66a5f1b254ac59de697b59f9::292e814c-44a9-4e8e-b355-d9109787d7bc::input-params ::GET::::{}
2024-08-09 09:46:20::info::/v1/api/movement/readMovements::ded695c9-63fd-4545-a7d7-d51c38a3e6f2::input-params ::GET::::{}
2024-08-09 09:46:20::info::/v1/api/commissionService/readCommissionService/66a603c354ac59de697d0487::e0681916-7fad-4ad6-89f9-e90623cc3c67::input-params ::GET::::{}
2024-08-09 09:46:25::info::/v1/api/movement/readMovements::59786f2f-9bd9-45fe-90d7-e50109595c7b::input-params ::GET::::{}
2024-08-09 09:46:25::info::/v1/api/user/readUserProfile/66a5f1b254ac59de697b59f9::312889b2-1897-4321-af25-7999105c6482::input-params ::GET::::{}
2024-08-09 09:46:25::info::/v1/api/serviceCategory/readServiceCategoriesWithServices/66a5f1b254ac59de697b59f9::9d1146a9-e14a-4913-9070-0d8d2a1b06f9::input-params ::GET::::{}
2024-08-09 09:46:25::info::/v1/api/commissionService/readCommissionService/66a603c354ac59de697d0487::11aa997b-3fab-47c5-be75-8d8b3788f881::input-params ::GET::::{}
2024-08-09 09:46:26::info::/v1/api/movement/readMovements::29b0213a-a1b0-47f3-9593-4320606e537c::input-params ::GET::::{}
2024-08-09 09:46:26::info::/v1/api/user/readUserProfile/66a5f1b254ac59de697b59f9::5847ca45-4ed1-4a21-ae00-227083fcd61b::input-params ::GET::::{}
2024-08-09 09:46:26::info::/v1/api/serviceCategory/readServiceCategoriesWithServices/66a5f1b254ac59de697b59f9::02b10bae-4404-443a-a2f6-6486373934d5::input-params ::GET::::{}
2024-08-09 09:46:26::info::/v1/api/commissionService/readCommissionService/66a603c354ac59de697d0487::66962be6-b241-43a7-b8e3-705711577d7a::input-params ::GET::::{}
2024-08-09 09:46:28::info::/v1/api/order/createOrder::3698ef5d-3fac-44c7-8964-b3615b804284::input-params ::POST::::{}
2024-08-09 09:46:28::error::/v1/api/order/createOrder::3698ef5d-3fac-44c7-8964-b3615b804284::undefined - NaNms - Response: {}::{"message":"commissionService.findById is not a function"}
2024-08-09 09:48:06::info::/v1/api/movement/readMovements::971d2846-a14b-4795-b8b6-de59f336dd57::input-params ::GET::::{}
2024-08-09 09:48:06::info::/v1/api/user/readUserProfile/66a5f1b254ac59de697b59f9::8225ff25-db5b-40d6-a08d-0963915be6a4::input-params ::GET::::{}
2024-08-09 09:48:06::info::/v1/api/serviceCategory/readServiceCategoriesWithServices/66a5f1b254ac59de697b59f9::fbf2cd21-4698-402c-b313-a88cde354fbc::input-params ::GET::::{}
2024-08-09 09:48:06::info::/v1/api/commissionService/readCommissionService/66a603c354ac59de697d0487::ca457eb4-e33e-457e-aec7-ec84bb8c72fc::input-params ::GET::::{}
2024-08-09 09:48:07::info::/v1/api/movement/readMovements::d03c6060-ac23-430e-b044-c122788cd460::input-params ::GET::::{}
2024-08-09 09:48:07::info::/v1/api/user/readUserProfile/66a5f1b254ac59de697b59f9::6a49c953-2db2-4a83-bf73-e6bd424b907c::input-params ::GET::::{}
2024-08-09 09:48:07::info::/v1/api/serviceCategory/readServiceCategoriesWithServices/66a5f1b254ac59de697b59f9::a377488b-0939-4d47-942c-b0f3c8db3253::input-params ::GET::::{}
2024-08-09 09:48:07::info::/v1/api/commissionService/readCommissionService/66a603c354ac59de697d0487::dce0005d-8c0f-472f-b15e-bd4796662d4a::input-params ::GET::::{}
2024-08-09 09:48:08::info::/v1/api/order/createOrder::39a2b6f3-de57-447d-806d-05f59be10dc2::input-params ::POST::::{}
2024-08-09 09:48:08::error::/v1/api/order/createOrder::39a2b6f3-de57-447d-806d-05f59be10dc2::undefined - NaNms - Response: {}::{"message":"commissionService.findById is not a function"}
2024-08-09 09:48:42::info::/v1/api/movement/readMovements::5f0c4125-bc07-4fee-9696-d6d478c12f9a::input-params ::GET::::{}
2024-08-09 09:48:42::info::/v1/api/user/readUserProfile/66a5f1b254ac59de697b59f9::2f570676-ca60-4552-943b-f2e676ee8171::input-params ::GET::::{}
2024-08-09 09:48:42::info::/v1/api/serviceCategory/readServiceCategoriesWithServices/66a5f1b254ac59de697b59f9::73f6eb2f-84b0-4dbd-abde-c4366356b598::input-params ::GET::::{}
2024-08-09 09:48:42::info::/v1/api/commissionService/readCommissionService/66a603c354ac59de697d0487::035e84df-cb79-4621-b866-97366f09062f::input-params ::GET::::{}
2024-08-09 09:48:43::info::/v1/api/movement/readMovements::a5d9988a-ad49-4e4c-8acc-3d41c3d119ee::input-params ::GET::::{}
2024-08-09 09:48:43::info::/v1/api/user/readUserProfile/66a5f1b254ac59de697b59f9::d964fc2b-c248-487e-9042-414dfdb45d08::input-params ::GET::::{}
2024-08-09 09:48:43::info::/v1/api/serviceCategory/readServiceCategoriesWithServices/66a5f1b254ac59de697b59f9::1d0cadf6-d6f0-4fd2-a7d3-1a7be15c6fa3::input-params ::GET::::{}
2024-08-09 09:48:43::info::/v1/api/commissionService/readCommissionService/66a603c354ac59de697d0487::cc7e75e1-df4c-49a5-b252-fed071a3cc12::input-params ::GET::::{}
2024-08-09 09:48:46::info::/v1/api/order/createOrder::0a6b8fad-5f87-4909-92b2-b0bf346de4bc::input-params ::POST::::{}
2024-08-09 09:48:50::info::/v1/api/notification/createNotification::9b5da7ea-85ca-4747-855d-19410a7a8308::input-params ::POST::::{"receiverId":"66a5f1b254ac59de697b59f9","type":"orderCommission","url":"/users/66a5f1b254ac59de697b59f9/order-history"}
2024-08-09 09:49:06::info::/v1/api/user/me::178a6887-8536-4d42-85a3-ef4868a70f06::input-params ::GET::::{}
2024-08-09 09:49:06::info::/v1/api/movement/readMovements::d848840e-a496-4be9-a56a-3856adedaebd::input-params ::GET::::{}
2024-08-09 09:49:06::info::/v1/api/news/readNewss::f72714fb-cf90-404d-9329-a0e1af21c1cb::input-params ::GET::::{}
2024-08-09 09:49:06::info::/v1/api/post/readPost/report::6cedee2c-3907-40ff-bf1c-2cbdab36bcc4::input-params ::GET::::{}
2024-08-09 09:49:06::error::/v1/api/post/readPost/report::6cedee2c-3907-40ff-bf1c-2cbdab36bcc4::403 - 1ms - Response: {"status":403,"now":1723171746654}::{"message":"Xem tác phẩm không thành công"}
2024-08-09 09:49:06::info::/v1/api/recommender/readPopularPosts::f0bde4a8-9c5a-4aa0-b6c2-d87992b7dba9::input-params ::GET::::{}
2024-08-09 09:49:33::info::/v1/api/movement/readMovements::26ecbf45-f8e3-4cb0-8666-c582e67cba51::input-params ::GET::::{}
2024-08-09 09:49:33::info::/v1/api/user/readUserProfile/66a5f1b254ac59de697b59f9::f4f2c1b2-61f9-41cd-b835-8b02c15e72a3::input-params ::GET::::{}
2024-08-09 09:49:33::info::/v1/api/serviceCategory/readServiceCategoriesWithServices/66a5f1b254ac59de697b59f9::3c59a1d0-02a4-4bdd-a7ff-8d3673fc2800::input-params ::GET::::{}
2024-08-09 09:49:33::info::/v1/api/commissionService/readCommissionService/66a603c354ac59de697d0487::da76deeb-0bff-43d7-8021-6cf82e245ae9::input-params ::GET::::{}
2024-08-09 09:52:14::info::/v1/api/movement/readMovements::29e4ada8-4277-46b2-bddc-f4e08dc640a8::input-params ::GET::::{}
2024-08-09 09:52:15::info::/v1/api/movement/readMovements::1b516d33-57ee-4ca3-89a5-b3ebe7497d16::input-params ::GET::::{}
2024-08-09 09:52:15::info::/v1/api/user/readUserProfile/66a5f1b254ac59de697b59f9::bbc0c752-1708-4768-8f3c-c1cbd683cd43::input-params ::GET::::{}
2024-08-09 09:52:15::info::/v1/api/serviceCategory/readServiceCategoriesWithServices/66a5f1b254ac59de697b59f9::e2d297cc-a422-48b3-a93e-853c802314e2::input-params ::GET::::{}
2024-08-09 09:52:15::info::/v1/api/commissionService/readCommissionService/66a603c354ac59de697d0487::034a7d9b-bbd9-4e44-8de5-aef0ada85d87::input-params ::GET::::{}
2024-08-09 09:52:18::info::/v1/api/user/readUserProfile/66a5ac2d73370474cf4eb369::b2c44b80-69dd-41fe-b5f1-d59385dab872::input-params ::GET::::{}
2024-08-09 09:52:19::info::/v1/api/order/readTalentOrderHistory::ab7fd8bd-2f7e-4c0d-99dc-2400d7595341::input-params ::GET::::{}
2024-08-09 09:52:22::info::/v1/api/movement/readMovements::ecda6d50-5311-458e-9dd6-ea570a0b57d9::input-params ::GET::::{}
2024-08-09 09:52:22::info::/v1/api/user/readUserProfile/66a5ac2d73370474cf4eb369::acf1f9f2-cce7-4946-ad33-a92735c416fb::input-params ::GET::::{}
2024-08-09 09:52:22::info::/v1/api/order/readTalentOrderHistory::b6b1f99e-8e02-459a-a2cc-274974e01ce5::input-params ::GET::::{}
2024-08-09 09:52:32::info::/v1/api/post/readPostCategoriesWithPosts/66a5ac2d73370474cf4eb369::51e9b981-7c6d-469d-a519-ee2f021a3ae1::input-params ::GET::::{}
2024-08-09 09:52:34::info::/v1/api/order/readTalentOrderHistory::39940b1b-585c-401b-b67b-37c3bf6b6478::input-params ::GET::::{}
2024-08-09 09:52:34::info::/v1/api/order/readMemberOrderHistory::b81e973b-0cbe-4e68-9aa8-39e1c8812c06::input-params ::GET::::{}
2024-08-09 09:52:35::info::/v1/api/order/readArchivedOrderHistory::e33afe86-79aa-4d36-a886-f4591fb10300::input-params ::GET::::{}
2024-08-09 09:52:52::info::/v1/api/movement/readMovements::14597ee2-9769-49db-8a0c-8ea65c15e461::input-params ::GET::::{}
2024-08-09 09:52:52::info::/v1/api/user/readUserProfile/66a5ac2d73370474cf4eb369::8f4f6048-5822-4a5b-a0bb-890ef28237b4::input-params ::GET::::{}
2024-08-09 09:52:52::info::/v1/api/order/readArchivedOrderHistory::13f4cee7-207c-4b43-a271-caaca10c3619::input-params ::GET::::{}
2024-08-09 09:52:55::info::/v1/api/order/readTalentOrderHistory::269b647e-cbf4-4fda-930a-b56bef70a9ea::input-params ::GET::::{}
2024-08-09 09:52:55::info::/v1/api/termOfService/readTermOfServices::bef0efdf-0b87-4804-9609-c701aab95e8f::input-params ::GET::::{}
2024-08-09 09:53:06::info::/v1/api/termOfService/readTermOfServices::a87eac4b-0fd9-4041-a0ce-478f72e47ad2::input-params ::GET::::{}
2024-08-09 09:53:26::info::/v1/api/termOfService/readTermOfServices::d5e25b35-19a7-43e9-941b-438489643aac::input-params ::GET::::{}
2024-08-09 09:53:55::info::/v1/api/serviceCategory/readServiceCategoriesWithServices/66a5ac2d73370474cf4eb369::15373a58-3dd0-4a75-8442-7201267d4b69::input-params ::GET::::{}
2024-08-09 09:54:04::info::/v1/api/news/readNewss::bcae6ffe-7b43-476b-8f15-25aab8382a67::input-params ::GET::::{}
2024-08-09 09:54:04::info::/v1/api/recommender/readPopularPosts::0997686f-f91a-43f4-86b8-2215311e8d43::input-params ::GET::::{}
2024-08-09 09:54:34::info::/v1/api/order/readOrders::e489f943-6c95-48f9-bd28-05f31f2f9124::input-params ::GET::::{"isDirect":"false","sortBy":"createdAt","sortOrder":"desc"}
2024-08-09 09:54:35::info::/v1/api/news/readNewss::e1a01750-ba39-4b4c-8fa0-de190fd08acb::input-params ::GET::::{}
2024-08-09 09:54:35::info::/v1/api/recommender/readPopularPosts::5063b5c5-3763-466f-910d-0c39e6568310::input-params ::GET::::{}
2024-08-09 09:54:37::info::/v1/api/order/readOrders::15faf09b-5f38-435f-befa-ccbba56133f4::input-params ::GET::::{"isDirect":"false","sortBy":"createdAt","sortOrder":"desc"}
2024-08-09 09:54:40::info::/v1/api/order/readOrders::dfb9bda7-ec80-47b5-8846-5918df5a107d::input-params ::GET::::{"isDirect":"false","sortBy":"createdAt","sortOrder":"desc"}
2024-08-09 09:54:41::info::/v1/api/news/readNewss::48b1306e-498d-4a22-8412-8c774d7c11ec::input-params ::GET::::{}
2024-08-09 09:54:41::info::/v1/api/recommender/readPopularPosts::49c45679-bb16-4c2d-87bb-c9e677e50d74::input-params ::GET::::{}
2024-08-09 09:54:50::info::/v1/api/recommender/search::1d481000-683c-4df1-ac71-a22c4c8fc2fe::input-params ::GET::::{"searchTerm":"D"}
2024-08-09 09:54:51::info::/v1/api/recommender/search::638c73b4-7b5b-4675-aba1-80921ba2a3e5::input-params ::GET::::{"searchTerm":"Di"}
2024-08-09 09:54:52::info::/v1/api/recommender/search::0e69b154-f3e8-4354-8afe-92c5c3db06b5::input-params ::GET::::{"searchTerm":"D"}
2024-08-09 09:54:54::info::/v1/api/recommender/search::6366f3be-f91f-45b0-82a8-8f9d0df2f30d::input-params ::GET::::{"searchTerm":"Di"}
2024-08-09 09:54:56::info::/v1/api/recommender/search::a6739516-0c79-4322-a53b-901b33ac2d2b::input-params ::GET::::{"searchTerm":"Di"}
2024-08-09 09:54:57::info::/v1/api/recommender/search::8ab15592-4c85-4415-b31f-657dbff26167::input-params ::GET::::{"searchTerm":"Di L"}
2024-08-09 09:54:57::info::/v1/api/recommender/search::51ed282a-4f6f-4f43-9212-7dfb44167bee::input-params ::GET::::{"searchTerm":"Di La"}
2024-08-09 09:54:57::info::/v1/api/recommender/search::36e0400f-6d7e-4a5e-8b2a-0c30a9a2e5bf::input-params ::GET::::{"searchTerm":"Di La·"}
2024-08-09 09:54:57::info::/v1/api/recommender/search::fa2685e7-b26f-4b00-951b-37076f3859b5::input-params ::GET::::{"searchTerm":"Di La"}
2024-08-09 09:54:57::info::/v1/api/recommender/search::208e8622-5e26-4969-b711-b517b7a22079::input-params ::GET::::{"searchTerm":"Di Lâ"}
2024-08-09 09:54:57::info::/v1/api/recommender/search::e164a073-bc60-4200-aac7-dbf8257b8f8c::input-params ::GET::::{"searchTerm":"Di L"}
2024-08-09 09:54:57::info::/v1/api/recommender/search::27a7fe9d-cd1f-416a-8329-13c6fc4df817::input-params ::GET::::{"searchTerm":"Di Lâ·"}
2024-08-09 09:54:57::info::/v1/api/recommender/search::d5e9a18d-123e-4528-b02f-451429759a35::input-params ::GET::::{"searchTerm":"Di Lậ"}
2024-08-09 09:54:57::info::/v1/api/recommender/search::1eeae5b8-9055-405d-8f9b-9ef3f1818be1::input-params ::GET::::{"searchTerm":"Di Lâ"}
2024-08-09 09:54:57::info::/v1/api/recommender/search::c62d1d9d-db90-46e1-9374-8f6a9de515e5::input-params ::GET::::{"searchTerm":"Di L"}
2024-08-09 09:54:58::info::/v1/api/recommender/search::94489981-6862-4581-917e-7395446a315d::input-params ::GET::::{"searchTerm":"Di Lậo"}
2024-08-09 09:54:59::info::/v1/api/recommender/search::180b546b-95f1-4651-aca9-54b79e570b5b::input-params ::GET::::{"searchTerm":"Di Lậ"}
2024-08-09 09:55:00::info::/v1/api/recommender/search::346e5c04-9814-4a94-8063-d700e739bc57::input-params ::GET::::{"searchTerm":"Di Lập"}
2024-08-09 09:55:00::info::/v1/api/recommender/search::73d6daa1-f82f-4e48-80f4-5bbd12510591::input-params ::GET::::{"searchTerm":"Di Lậ"}
2024-08-09 09:55:00::info::/v1/api/recommender/search::078cbb71-1f19-42e0-9fbf-a78673be47ad::input-params ::GET::::{"searchTerm":"Di L"}
2024-08-09 09:55:01::info::/v1/api/recommender/search::6539e154-161b-4e94-a0b2-36917a61e010::input-params ::GET::::{"searchTerm":"Di"}
2024-08-09 09:55:01::info::/v1/api/recommender/search::2c820234-4fc5-459e-b8eb-24aafd7b0efb::input-params ::GET::::{"searchTerm":"D"}
2024-08-09 09:55:01::info::/v1/api/recommender/search::0292313a-65a2-4b30-992c-4a6b18a3a0f2::input-params ::GET::::{"searchTerm":"Di"}
2024-08-09 09:55:07::info::/v1/api/news/readNewss::4282b693-af44-4293-b3e2-0523b1dda7c7::input-params ::GET::::{}
2024-08-09 09:55:07::info::/v1/api/news/readNews/66a88f4b6591f1237638365c::98422b16-786e-4e17-bdff-bb48c20d24c0::input-params ::GET::::{}
2024-08-09 09:55:16::info::/v1/api/news/readNewss::a8ddfdac-69d0-4cf1-9743-cdc0ef6c4203::input-params ::GET::::{}
2024-08-09 09:55:16::info::/v1/api/recommender/readPopularPosts::68d95839-5a33-471d-a65d-4ff3214adb3a::input-params ::GET::::{}
2024-08-09 09:55:18::info::/v1/api/order/readOrders::aacb7838-bde0-49e7-a37b-f6ef1762e79e::input-params ::GET::::{"isDirect":"false","sortBy":"createdAt","sortOrder":"desc"}
2024-08-09 09:55:24::info::/v1/api/proposal/readProposals/66a5f67154ac59de697be5d0::bc52fad6-74e5-4a07-818a-9a43ec9751b6::input-params ::GET::::{}
2024-08-09 09:55:30::info::/v1/api/termOfService/readTermOfServices::9dba5df7-d8ca-4ea9-a3ab-55bf425fa744::input-params ::GET::::{}
2024-08-09 09:55:30::info::/v1/api/post/readArtworks/66a5ac2d73370474cf4eb369::818ffe7f-b37e-4325-ab38-02e9ee7d8295::input-params ::GET::::{}
2024-08-09 09:56:17::info::/v1/api/termOfService/readTermOfServices::5b644b8b-9d04-4b62-8935-f6b62ddef04d::input-params ::GET::::{}
2024-08-09 09:56:17::info::/v1/api/post/readArtworks/66a5ac2d73370474cf4eb369::42b5aeff-0384-4e25-bd23-18f84b22c125::input-params ::GET::::{}
2024-08-09 09:56:43::info::/v1/api/movement/readMovements::e709b335-e8a6-4a5e-a346-9479a6e1ac0d::input-params ::GET::::{}
2024-08-09 09:56:43::info::/v1/api/order/readOrders::0a3506ca-153b-4b8e-b8d7-1d9534a4f1c7::input-params ::GET::::{"isDirect":"false","sortBy":"createdAt","sortOrder":"desc"}
2024-08-09 09:56:43::info::/v1/api/termOfService/readTermOfServices::3eadc711-6162-4df2-ab79-501554d36ff3::input-params ::GET::::{}
2024-08-09 09:56:43::info::/v1/api/post/readArtworks/66a5ac2d73370474cf4eb369::f7972382-2c35-4b9c-8551-a5f0a362a73d::input-params ::GET::::{}
2024-08-09 09:59:22::info::/v1/api/movement/readMovements::e417a4ba-bc22-46af-a5f6-66e22a4d77f7::input-params ::GET::::{}
2024-08-09 09:59:22::info::/v1/api/order/readOrders::af61707e-32fe-4ce0-b02a-d92af64b31c5::input-params ::GET::::{"isDirect":"false","sortBy":"createdAt","sortOrder":"desc"}
2024-08-09 09:59:48::info::/v1/api/movement/readMovements::aa564fc0-8690-494d-92f8-6b3889047305::input-params ::GET::::{}
2024-08-09 09:59:48::info::/v1/api/order/readOrders::9209edce-d2d1-4426-a1bb-cffc741eb5da::input-params ::GET::::{"isDirect":"false","sortBy":"createdAt","sortOrder":"desc"}
