2024-07-05 09:50:23::info::/v1/api/user/me::244fb88b-834b-498c-87d6-8eb9aa9e5d0e::input-params ::GET::::{}
2024-07-05 09:50:23::info::/v1/api/order/readOrders::e0398917-c20e-485c-8d26-7462d12f1d77::input-params ::GET::::{"isDirect":"false","sortBy":"createdAt","sortOrder":"desc"}
2024-07-05 09:51:26::info::/v1/api/order/readOrders::aaa79068-2aa5-4a26-b56b-75d874ae5394::input-params ::GET::::{"isDirect":"false","sortBy":"createdAt","sortOrder":"desc"}
2024-07-05 09:52:55::info::/v1/api/order/readOrders::4aae6341-4d69-40b6-82e8-2e07b23a9a52::input-params ::GET::::{"isDirect":"false","sortBy":"createdAt","sortOrder":"desc"}
2024-07-05 09:53:08::info::/v1/api/order/readOrders::7757be60-39d8-4f9a-a0e5-4017ec2d4e6c::input-params ::GET::::{"isDirect":"false","sortBy":"createdAt","sortOrder":"desc"}
2024-07-05 09:53:43::info::/v1/api/order/readOrders::85943b73-b53b-4e47-adb0-5ea9d795c5a4::input-params ::GET::::{"isDirect":"false","sortBy":"createdAt","sortOrder":"desc"}
2024-07-05 09:56:45::info::/v1/api/order/readOrders::c951cab6-fbe7-48ad-a408-805a24a4b894::input-params ::GET::::{"isDirect":"false","sortBy":"createdAt","sortOrder":"desc"}
2024-07-05 09:56:47::info::/v1/api/order/readOrders::61c9b663-56aa-4ff2-abb2-40eeb12a2ac7::input-params ::GET::::{"isDirect":"false","sortBy":"createdAt","sortOrder":"desc"}
2024-07-05 09:56:53::info::/v1/api/order/readOrders::c5ac5f0e-ef5b-492f-a67b-bbb2e3ff5db2::input-params ::GET::::{"isDirect":"false","sortBy":"createdAt","sortOrder":"desc"}
2024-07-05 09:57:12::info::/v1/api/order/readOrders::304ba64d-63dc-4aa3-83ac-67b258c2be2b::input-params ::GET::::{"isDirect":"false","sortBy":"createdAt","sortOrder":"desc"}
2024-07-05 09:57:12::info::/v1/api/user/me::2a281572-0d03-4076-a84e-f968e6c00ba8::input-params ::GET::::{}
2024-07-05 09:57:12::info::/v1/api/order/readOrders::26f87653-af44-46c8-8a06-fa5582c4ce44::input-params ::GET::::{"isDirect":"false","sortBy":"createdAt","sortOrder":"desc"}
2024-07-05 09:57:38::info::/v1/api/order/readOrders::cee7c006-ef2d-49bc-9fa4-7b93464edc0b::input-params ::GET::::{"isDirect":"false","sortBy":"createdAt","sortOrder":"desc"}
2024-07-05 09:57:41::info::/v1/api/user/me::ac2b8af0-880a-482e-93d7-c93d6c9b6906::input-params ::GET::::{}
2024-07-05 09:57:42::info::/v1/api/order/readOrders::a7505577-13f8-4dd3-bb69-bae0f9b95edf::input-params ::GET::::{"isDirect":"false","sortBy":"createdAt","sortOrder":"desc"}
2024-07-05 09:57:45::info::/v1/api/order/updateOrder/6683df9956ca96ba3a57380c::5d329941-89d2-4440-882d-7686c3329003::input-params ::PATCH::::{}
2024-07-05 09:57:45::info::/v1/api/order/readOrders::70d05256-1190-4e03-8cae-6aecf59e7e40::input-params ::GET::::{"isDirect":"false","sortBy":"createdAt","sortOrder":"desc"}
2024-07-05 09:57:47::info::/v1/api/order/updateOrder/6683df9956ca96ba3a57380c::adc89ed0-6d5e-4985-8dba-ef82a269ae87::input-params ::PATCH::::{}
2024-07-05 09:57:47::info::/v1/api/order/readOrders::6039df1f-9599-4b30-af21-cc19d00c718e::input-params ::GET::::{"isDirect":"false","sortBy":"createdAt","sortOrder":"desc"}
2024-07-05 09:57:59::info::/v1/api/order/readOrders::193c9759-2f79-496d-8df0-2b9831d9262f::input-params ::GET::::{"isDirect":"false","sortBy":"createdAt","sortOrder":"desc"}
2024-07-05 09:57:59::info::/v1/api/user/me::948dc39f-fc8e-42fb-b865-8f0a7b23dab5::input-params ::GET::::{}
2024-07-05 09:57:59::info::/v1/api/order/readOrders::a82ce44a-64fb-4ad9-b591-010909d02d48::input-params ::GET::::{"isDirect":"false","sortBy":"createdAt","sortOrder":"desc"}
2024-07-05 09:58:17::info::/v1/api/order/readOrders::bd687c9d-7aff-4f69-b1c1-156575155621::input-params ::GET::::{"isDirect":"false","sortBy":"createdAt","sortOrder":"desc"}
2024-07-05 09:58:53::info::/v1/api/order/readOrders::9730acc1-6ae4-435b-8c0c-c6d8a76ab8c7::input-params ::GET::::{"isDirect":"false","sortBy":"createdAt","sortOrder":"desc"}
2024-07-05 09:59:19::info::/v1/api/order/readOrders::de84517e-38fb-4a58-8bb1-9751a2da9ac7::input-params ::GET::::{"isDirect":"false","sortBy":"createdAt","sortOrder":"desc"}
2024-07-05 09:59:23::info::/v1/api/order/readOrders::f7080a07-06c5-4420-8c4d-fbf2cc079d12::input-params ::GET::::{"isDirect":"false","sortBy":"createdAt","sortOrder":"desc"}
2024-07-05 10:01:48::info::/v1/api/order/readOrders::e09f8c50-619f-456b-9881-cdb7c91a2e13::input-params ::GET::::{"isDirect":"false","sortBy":"createdAt","sortOrder":"desc"}
2024-07-05 10:01:52::info::/v1/api/order/updateOrder/6683df9956ca96ba3a57380c::87d633e1-91d4-44b7-a2c7-37623fe4889e::input-params ::PATCH::::{}
2024-07-05 10:01:52::info::/v1/api/order/readOrders::05024bbb-7e61-47a0-9032-f48f9718f454::input-params ::GET::::{"isDirect":"false","sortBy":"createdAt","sortOrder":"desc"}
2024-07-05 10:01:56::info::/v1/api/order/readOrders::4678b894-400a-4c8f-8baa-e3791c4a1e24::input-params ::GET::::{"isDirect":"false","sortBy":"createdAt","sortOrder":"desc"}
2024-07-05 10:02:07::info::/v1/api/order/readOrders::622cf3df-0bf5-4ade-b836-9eb111bf7204::input-params ::GET::::{"isDirect":"false","sortBy":"createdAt","sortOrder":"desc"}
2024-07-05 10:02:15::info::/v1/api/order/readOrders::2bc94626-d118-45bf-94c7-bdcff569792e::input-params ::GET::::{"isDirect":"false","sortBy":"createdAt","sortOrder":"desc"}
2024-07-05 10:02:19::info::/v1/api/order/readOrders::565b3e59-9073-4c3a-9708-417896ab99a9::input-params ::GET::::{"isDirect":"false","sortBy":"createdAt","sortOrder":"desc"}
2024-07-05 10:02:37::info::/v1/api/order/readOrders::339c168e-0188-4b42-a5a5-8a98c4f453dc::input-params ::GET::::{"isDirect":"false","sortBy":"createdAt","sortOrder":"desc"}
2024-07-05 10:02:41::info::/v1/api/order/readOrders::9d07ef52-c17d-4893-97d2-588f8c4c4fd8::input-params ::GET::::{"isDirect":"false","sortBy":"createdAt","sortOrder":"desc"}
2024-07-05 10:03:51::info::/v1/api/order/readOrders::c3a45793-e99c-4ab5-bbc7-a2602b83c8aa::input-params ::GET::::{"isDirect":"false","sortBy":"createdAt","sortOrder":"desc"}
2024-07-05 10:07:11::info::/v1/api/order/readOrders::c29ed201-2c6c-4198-ae9e-3cda40e60138::input-params ::GET::::{"isDirect":"false","sortBy":"createdAt","sortOrder":"desc"}
2024-07-05 10:07:13::info::/v1/api/order/readOrders::dcbfb3c6-23e2-4fcb-bdd9-20eb6f681e9a::input-params ::GET::::{"isDirect":"false","sortBy":"createdAt","sortOrder":"desc"}
2024-07-05 10:07:16::info::/v1/api/order/readOrders::bc4a4450-865e-4784-aedb-8613c4a28dca::input-params ::GET::::{"isDirect":"false","sortBy":"createdAt","sortOrder":"desc"}
2024-07-05 10:07:25::info::/v1/api/order/readOrders::66c9a963-b061-4aa2-99e0-87fbbd8d6385::input-params ::GET::::{"isDirect":"false","sortBy":"createdAt","sortOrder":"desc"}
2024-07-05 10:07:34::info::/v1/api/order/readOrders::c75f8a66-0994-49c8-8fa6-a1cbc7af2c6b::input-params ::GET::::{"isDirect":"false","sortBy":"createdAt","sortOrder":"desc"}
2024-07-05 10:07:35::info::/v1/api/order/readOrders::46430552-1b39-4455-8335-2b137f412d52::input-params ::GET::::{"isDirect":"false","sortBy":"createdAt","sortOrder":"desc"}
2024-07-05 10:07:38::info::/v1/api/order/readOrders::853d91fd-b019-4cdd-a16a-199979b26663::input-params ::GET::::{"isDirect":"false","sortBy":"createdAt","sortOrder":"desc"}
2024-07-05 10:14:37::info::/v1/api/order/readOrders::139844db-ef63-402d-a5c6-bff8a6a2c708::input-params ::GET::::{"isDirect":"false","sortBy":"createdAt","sortOrder":"desc"}
2024-07-05 10:14:41::info::/v1/api/order/readOrders::bdf808cc-39e0-4fcf-9b41-3e41bbc71b3f::input-params ::GET::::{"isDirect":"false","sortBy":"createdAt","sortOrder":"desc"}
2024-07-05 10:26:46::info::/v1/api/order/readOrders::593d941e-65c3-4524-9772-56fc4921861d::input-params ::GET::::{"isDirect":"false","sortBy":"createdAt","sortOrder":"desc"}
2024-07-05 10:27:18::info::/v1/api/order/readOrders::fd707058-1ac7-483f-af2b-87d08265c490::input-params ::GET::::{"isDirect":"false","sortBy":"createdAt","sortOrder":"desc"}
2024-07-05 10:27:22::info::/v1/api/order/readOrders::02409557-df29-4b69-8c19-d1cd205dc59e::input-params ::GET::::{"isDirect":"false","sortBy":"createdAt","sortOrder":"desc"}
2024-07-05 10:27:31::info::/v1/api/order/readOrders::96b9748c-a023-4a78-9461-013c8ee6f5ac::input-params ::GET::::{"isDirect":"false","sortBy":"createdAt","sortOrder":"desc"}
2024-07-05 10:31:17::info::/v1/api/order/readOrders::dc00b1ff-9fde-4ace-b3a4-63924ce8946d::input-params ::GET::::{"isDirect":"false","sortBy":"createdAt","sortOrder":"desc"}
2024-07-05 10:44:13::info::/v1/api/order/readOrders::f276b3d1-e128-4ca7-b2ce-7a0f4de8b95c::input-params ::GET::::{"isDirect":"false","sortBy":"createdAt","sortOrder":"desc"}
2024-07-05 10:45:21::info::/v1/api/order/readOrders::c8b779f2-b764-42ff-a389-351408010dd2::input-params ::GET::::{"isDirect":"false","sortBy":"createdAt","sortOrder":"desc"}
2024-07-05 10:45:51::info::/v1/api/order/readOrders::e41cb4cb-22fd-454d-8fa4-9e586d4f567b::input-params ::GET::::{"isDirect":"false","sortBy":"createdAt","sortOrder":"desc"}
2024-07-05 10:50:04::info::/v1/api/order/readOrders::2b1a2349-a55e-48ed-a926-7cc8819f8dda::input-params ::GET::::{"isDirect":"false","sortBy":"createdAt","sortOrder":"desc"}
2024-07-05 10:51:20::info::/v1/api/order/readOrders::3fabeb71-4ca1-4b4d-9dd8-511a90edf8b3::input-params ::GET::::{"isDirect":"false","sortBy":"createdAt","sortOrder":"desc"}
2024-07-05 10:54:28::info::/v1/api/order/readOrders::67ef8e59-612d-4c9f-94f2-29c55ef8dfe2::input-params ::GET::::{"isDirect":"false","sortBy":"createdAt","sortOrder":"desc"}
2024-07-05 11:19:08::info::/v1/api/order/readOrders::8e73879c-6209-4cea-872d-12d5482bbde9::input-params ::GET::::{"isDirect":"false","sortBy":"createdAt","sortOrder":"desc"}
2024-07-05 11:19:09::info::/v1/api/order/readOrders::c77150bd-f9e1-432a-928b-cce891d31cc0::input-params ::GET::::{"isDirect":"false","sortBy":"createdAt","sortOrder":"desc"}
2024-07-05 11:28:09::info::/v1/api/order/readOrders::b8b425d4-e112-4806-859f-36e9c727dbf5::input-params ::GET::::{"isDirect":"false","sortBy":"createdAt","sortOrder":"desc"}
2024-07-05 11:38:34::info::/v1/api/order/readOrders::451c8ccc-e65c-4afd-86f4-46aba9c8f0d0::input-params ::GET::::{"isDirect":"false","sortBy":"createdAt","sortOrder":"desc"}
2024-07-05 11:38:36::info::/v1/api/order/readOrders::6d1393be-0528-46fb-bfb3-525fcfddbaf5::input-params ::GET::::{"isDirect":"false","sortBy":"createdAt","sortOrder":"desc"}
2024-07-05 11:49:12::info::/v1/api/order/readOrders::6bd5479a-dc54-4142-a6bc-c8d80c9fc22e::input-params ::GET::::{"isDirect":"false","sortBy":"createdAt","sortOrder":"desc"}
2024-07-05 11:54:00::info::/v1/api/order/readOrders::b3793b58-1636-4e8e-b6e6-2ea901584a86::input-params ::GET::::{"isDirect":"false","sortBy":"createdAt","sortOrder":"desc"}
2024-07-05 11:54:03::info::/v1/api/order/readOrders::6d646506-9fe5-4ddc-803d-3da42b64c24e::input-params ::GET::::{"isDirect":"false","sortBy":"createdAt","sortOrder":"desc"}
2024-07-05 11:54:21::info::/v1/api/order/readOrders::7cb66f05-7cd0-4782-acec-49aa97e6cb4d::input-params ::GET::::{"isDirect":"false","sortBy":"createdAt","sortOrder":"desc"}
2024-07-05 11:54:35::info::/v1/api/order/readOrders::db5d9462-325f-400d-8b83-d5c9ebb6c29e::input-params ::GET::::{"isDirect":"false","sortBy":"createdAt","sortOrder":"desc"}
2024-07-05 11:54:39::info::/v1/api/order/readOrders::72be6a39-d260-4e2d-a50c-645ebda04152::input-params ::GET::::{"isDirect":"false","sortBy":"createdAt","sortOrder":"desc"}
2024-07-05 11:54:40::info::/v1/api/order/readOrders::fa1e970f-6b44-4eec-b5ee-95c09da7704a::input-params ::GET::::{"isDirect":"false","sortBy":"createdAt","sortOrder":"desc"}
2024-07-05 11:55:01::info::/v1/api/order/readOrders::b647b593-3e99-4886-9c14-30be88ff5037::input-params ::GET::::{"isDirect":"false","sortBy":"createdAt","sortOrder":"desc"}
2024-07-05 11:55:03::info::/v1/api/order/readOrders::f6335837-d271-4bb9-aeab-d7bdca878ed5::input-params ::GET::::{"isDirect":"false","sortBy":"createdAt","sortOrder":"desc"}
2024-07-05 11:56:43::info::/v1/api/order/readOrders::d7180ab0-c288-4315-bac5-4365eb05f9ca::input-params ::GET::::{"isDirect":"false","sortBy":"createdAt","sortOrder":"desc"}
2024-07-05 11:57:17::info::/v1/api/order/readOrders::fdf46ef9-e8dd-4da4-8360-26df5850ae1c::input-params ::GET::::{"isDirect":"false","sortBy":"createdAt","sortOrder":"desc"}
2024-07-05 11:59:18::info::/v1/api/order/readOrders::9ecd9552-eea2-4c1b-af50-9f122ec54b66::input-params ::GET::::{"isDirect":"false","sortBy":"createdAt","sortOrder":"desc"}
2024-07-05 11:59:21::info::/v1/api/order/readOrders::2e541fc3-112d-4f74-b618-d43a58404f54::input-params ::GET::::{"isDirect":"false","sortBy":"createdAt","sortOrder":"desc"}
2024-07-05 11:59:56::info::/v1/api/order/readOrders::f64037c2-8746-4f98-9dfb-f96d1755bc2b::input-params ::GET::::{"isDirect":"false","sortBy":"createdAt","sortOrder":"desc"}
2024-07-05 12:00:06::info::/v1/api/order/readOrders::d9533ab0-9d51-4b05-a1ed-9e01687bb98f::input-params ::GET::::{"isDirect":"false","sortBy":"createdAt","sortOrder":"desc"}
2024-07-05 12:01:52::info::/v1/api/order/readOrders::d7276c8a-ed58-4ed2-be83-9542f280d8a8::input-params ::GET::::{"isDirect":"false","sortBy":"createdAt","sortOrder":"desc"}
2024-07-05 12:01:54::info::/v1/api/user/me::72c2e5a0-f2ce-4b33-8bc8-236353f5e2b6::input-params ::GET::::{}
2024-07-05 12:01:55::info::/v1/api/order/readOrders::7af941fc-77b6-473b-b18d-c0581e60c8e8::input-params ::GET::::{"isDirect":"false","sortBy":"createdAt","sortOrder":"desc"}
2024-07-05 12:02:03::info::/v1/api/order/readOrders::b00078c6-498e-487d-88d6-054ffb5fc067::input-params ::GET::::{"isDirect":"false","sortBy":"createdAt","sortOrder":"desc"}
2024-07-05 12:02:50::info::/v1/api/order/readOrders::c03c6747-d426-49c5-bfff-ee1d4cdad19e::input-params ::GET::::{"isDirect":"false","sortBy":"createdAt","sortOrder":"desc"}
2024-07-05 12:02:52::info::/v1/api/user/me::13a91b36-a0ec-406e-a9b4-734997ef9791::input-params ::GET::::{}
2024-07-05 12:02:52::info::/v1/api/order/readOrders::b81b43cf-e9a6-4705-b07a-b0ff45088c24::input-params ::GET::::{"isDirect":"false","sortBy":"createdAt","sortOrder":"desc"}
2024-07-05 12:03:00::info::/v1/api/order/readOrders::2d7dbda2-1a5f-4bbf-9e51-131c8e555591::input-params ::GET::::{"isDirect":"false","sortBy":"createdAt","sortOrder":"desc"}
2024-07-05 12:03:17::info::/v1/api/order/readOrders::d90312f7-f4b4-412e-9b16-e75038b20f38::input-params ::GET::::{"isDirect":"false","sortBy":"createdAt","sortOrder":"desc"}
2024-07-05 12:03:19::info::/v1/api/user/me::7e3d15e7-f46b-41db-aefd-24f79d7e32ab::input-params ::GET::::{}
2024-07-05 12:03:19::info::/v1/api/order/readOrders::8f015b35-eca3-4e49-8d1e-3ef67c78723f::input-params ::GET::::{"isDirect":"false","sortBy":"createdAt","sortOrder":"desc"}
2024-07-05 12:10:55::info::/v1/api/order/readOrders::e6a1956e-f421-4db3-b691-77c8b3a5c76c::input-params ::GET::::{"isDirect":"false","sortBy":"createdAt","sortOrder":"desc"}
2024-07-05 12:10:55::info::/v1/api/order/readOrders::39e366cf-1659-41fa-a778-86e066179cd2::input-params ::GET::::{"isDirect":"false","sortBy":"createdAt","sortOrder":"desc"}
2024-07-05 12:10:58::info::/v1/api/order/readOrders::7d634357-a1fc-4e4e-90dd-4fd91d8b4aca::input-params ::GET::::{"isDirect":"false","sortBy":"createdAt","sortOrder":"desc"}
2024-07-05 12:17:24::info::/v1/api/order/readOrders::4b92fbe6-c188-4313-8a1c-50bbdec2bdbc::input-params ::GET::::{"isDirect":"false","sortBy":"createdAt","sortOrder":"desc"}
2024-07-05 12:17:26::info::/v1/api/user/me::5933989b-0fd1-40ad-b6de-e8a4a17ab357::input-params ::GET::::{}
2024-07-05 12:17:26::info::/v1/api/order/readOrders::e20c2e76-c698-448d-bcab-448c9338ea4c::input-params ::GET::::{"isDirect":"false","sortBy":"createdAt","sortOrder":"desc"}
2024-07-05 12:17:54::info::/v1/api/order/readOrders::10349234-52f1-4cc7-ac83-16ec147d20ba::input-params ::GET::::{"isDirect":"false","sortBy":"createdAt","sortOrder":"desc"}
2024-07-05 12:17:57::info::/v1/api/user/me::a5c323d9-5121-4ff3-b1d2-e2100bebd74f::input-params ::GET::::{}
2024-07-05 12:17:57::info::/v1/api/order/readOrders::542002aa-d691-4276-970f-e7351d31f4b1::input-params ::GET::::{"isDirect":"false","sortBy":"createdAt","sortOrder":"desc"}
2024-07-05 12:18:15::info::/v1/api/user/me::12202de7-d7c1-4702-b281-a1fa43118f6f::input-params ::GET::::{}
2024-07-05 12:18:15::info::/v1/api/order/readOrders::b70a8784-f52a-40bf-8f5a-1185d4bb5a76::input-params ::GET::::{"isDirect":"false","sortBy":"createdAt","sortOrder":"desc"}
2024-07-05 12:18:40::info::/v1/api/user/me::928a3dbf-7393-43b6-b9de-49dd67bce142::input-params ::GET::::{}
2024-07-05 12:18:40::info::/v1/api/order/readOrders::72839251-0272-4d6d-8ea8-5bc18a87192a::input-params ::GET::::{"isDirect":"false","sortBy":"createdAt","sortOrder":"desc"}
2024-07-05 12:19:04::info::/v1/api/user/me::73fcc90e-e888-44b0-b38d-77eaba7de163::input-params ::GET::::{}
2024-07-05 12:19:04::info::/v1/api/order/readOrders::ed95664d-47de-4bbd-ac76-3e7bb5fe33da::input-params ::GET::::{"isDirect":"false","sortBy":"createdAt","sortOrder":"desc"}
2024-07-05 12:24:12::info::/v1/api/order/readOrders::505c31af-5601-40d3-81da-811ff56a9716::input-params ::GET::::{"isDirect":"false","sortBy":"createdAt","sortOrder":"desc"}
2024-07-05 12:24:21::info::/v1/api/order/readOrders::f125e27a-748f-4125-ae03-eaeea87549d8::input-params ::GET::::{"isDirect":"false","sortBy":"createdAt","sortOrder":"desc"}
2024-07-05 12:24:25::info::/v1/api/order/readOrders::5d28af7b-3e97-4df8-b13c-d1f93785ef9e::input-params ::GET::::{"isDirect":"false","sortBy":"createdAt","sortOrder":"desc"}
2024-07-05 12:25:51::info::/v1/api/order/readOrders::9a73f906-4c8a-450b-bb72-7a77d23c4124::input-params ::GET::::{"isDirect":"false","sortBy":"createdAt","sortOrder":"desc"}
2024-07-05 12:26:03::info::/v1/api/order/readOrders::4d194a18-9d41-40bf-8648-7f7792c90445::input-params ::GET::::{"isDirect":"false","sortBy":"createdAt","sortOrder":"desc"}
2024-07-05 12:26:12::info::/v1/api/order/readOrders::92960f46-9329-45b3-a373-eff71bdbebd0::input-params ::GET::::{"isDirect":"false","sortBy":"createdAt","sortOrder":"desc"}
2024-07-05 12:26:12::info::/v1/api/order/readOrders::ff66a053-ab97-4aac-a237-a9306a68bafc::input-params ::GET::::{"isDirect":"false","sortBy":"createdAt","sortOrder":"desc"}
2024-07-05 12:26:14::info::/v1/api/user/me::d3643db7-a597-4985-b2c7-eae3616d1849::input-params ::GET::::{}
2024-07-05 12:26:14::info::/v1/api/order/readOrders::3819685b-286e-4a49-9f16-8f933dd977cc::input-params ::GET::::{"isDirect":"false","sortBy":"createdAt","sortOrder":"desc"}
2024-07-05 12:26:38::info::/v1/api/order/readOrders::375d3784-776a-48ad-889f-04c67e1d0d5d::input-params ::GET::::{"isDirect":"false","sortBy":"createdAt","sortOrder":"desc"}
2024-07-05 12:26:40::info::/v1/api/user/me::3a7025af-ea67-488f-bfe9-af5b27c26438::input-params ::GET::::{}
2024-07-05 12:26:40::info::/v1/api/order/readOrders::02225ba7-8e22-42fc-852c-fcc817aa95c9::input-params ::GET::::{"isDirect":"false","sortBy":"createdAt","sortOrder":"desc"}
2024-07-05 12:27:31::info::/v1/api/order/readOrders::357b44af-10f0-446b-818f-3ddc1f7eac05::input-params ::GET::::{"isDirect":"false","sortBy":"createdAt","sortOrder":"desc"}
2024-07-05 12:27:36::info::/v1/api/order/readOrders::3d654210-7e81-42b8-b9f2-8ff2b36d90bc::input-params ::GET::::{"isDirect":"false","sortBy":"createdAt","sortOrder":"desc"}
2024-07-05 12:27:48::info::/v1/api/order/readOrders::294c9265-3642-4801-ad5a-95cbd829c83e::input-params ::GET::::{"isDirect":"false","sortBy":"createdAt","sortOrder":"desc"}
2024-07-05 12:28:42::info::/v1/api/order/readOrders::3b929244-504f-416b-a454-4dbf072fc676::input-params ::GET::::{"isDirect":"false","sortBy":"createdAt","sortOrder":"desc"}
2024-07-05 12:29:09::info::/v1/api/order/readOrders::033c9542-eacf-4ca1-aea1-5daf28a0a83f::input-params ::GET::::{"isDirect":"false","sortBy":"createdAt","sortOrder":"desc"}
2024-07-05 12:29:10::info::/v1/api/order/readOrders::04bfcdcc-a302-4115-83a4-8424950ace2c::input-params ::GET::::{"isDirect":"false","sortBy":"createdAt","sortOrder":"desc"}
2024-07-05 12:29:22::info::/v1/api/order/readOrders::35a6da49-3c35-4fac-b26e-ee29702b71ae::input-params ::GET::::{"isDirect":"false","sortBy":"createdAt","sortOrder":"desc"}
2024-07-05 12:29:30::info::/v1/api/order/readOrders::3c4e323b-db9e-4f7a-a3e8-1d0f64513df9::input-params ::GET::::{"isDirect":"false","sortBy":"createdAt","sortOrder":"desc"}
2024-07-05 12:29:31::info::/v1/api/order/readOrders::ed06735d-6f11-4930-a08f-27e0d1a53a5b::input-params ::GET::::{"isDirect":"false","sortBy":"createdAt","sortOrder":"desc"}
2024-07-05 12:29:38::info::/v1/api/order/readOrders::ae66c59a-99c7-412b-94f5-6fd93119fec4::input-params ::GET::::{"isDirect":"false","sortBy":"createdAt","sortOrder":"desc"}
2024-07-05 12:29:49::info::/v1/api/order/readOrders::d2d45b48-bdae-4842-882c-a733e26f3091::input-params ::GET::::{"isDirect":"false","sortBy":"createdAt","sortOrder":"desc"}
2024-07-05 12:29:54::info::/v1/api/order/readOrders::dc95f96a-b23e-4c24-bef4-ea105b591464::input-params ::GET::::{"isDirect":"false","sortBy":"createdAt","sortOrder":"desc"}
2024-07-05 12:30:25::info::/v1/api/order/readOrders::4690a48a-889d-475b-945a-4592be24b8e9::input-params ::GET::::{"isDirect":"false","sortBy":"createdAt","sortOrder":"desc"}
2024-07-05 12:30:29::info::/v1/api/order/readOrders::584420b9-cd6c-49e8-b2fa-ecbef7b7a0d1::input-params ::GET::::{"isDirect":"false","sortBy":"createdAt","sortOrder":"desc"}
2024-07-05 12:30:35::info::/v1/api/order/readOrders::8ce2749c-fc7a-4002-8361-dea6bf763d6f::input-params ::GET::::{"isDirect":"false","sortBy":"createdAt","sortOrder":"desc"}
2024-07-05 12:30:44::info::/v1/api/order/readOrders::a547c84b-d6a5-4157-9de8-89921dd91969::input-params ::GET::::{"isDirect":"false","sortBy":"createdAt","sortOrder":"desc"}
2024-07-05 12:30:46::info::/v1/api/order/readOrders::20bc7787-0e8d-4428-9a64-1c7c5b3ed9fd::input-params ::GET::::{"isDirect":"false","sortBy":"createdAt","sortOrder":"desc"}
2024-07-05 12:31:55::info::/v1/api/order/readOrders::bb587a34-0ff5-48c1-a15c-66bb4aae5a90::input-params ::GET::::{"isDirect":"false","sortBy":"createdAt","sortOrder":"desc"}
2024-07-05 12:32:03::info::/v1/api/order/readOrders::74454539-da49-4baa-baf1-5948eb3ad4dc::input-params ::GET::::{"isDirect":"false","sortBy":"createdAt","sortOrder":"desc"}
2024-07-05 12:33:23::info::/v1/api/order/readOrders::590fce80-5a8f-4cd5-aade-ef373e95027c::input-params ::GET::::{"isDirect":"false","sortBy":"createdAt","sortOrder":"desc"}
2024-07-05 12:33:27::info::/v1/api/order/readOrders::a4a66294-1358-4eb7-87ab-e043f216904a::input-params ::GET::::{"isDirect":"false","sortBy":"createdAt","sortOrder":"desc"}
2024-07-05 12:33:41::info::/v1/api/order/readOrders::0907421d-bdd3-4baa-9b78-c613cadd18d1::input-params ::GET::::{"isDirect":"false","sortBy":"createdAt","sortOrder":"desc"}
2024-07-05 12:33:58::info::/v1/api/order/readOrders::6140f571-ff54-4cb3-af6b-dfe71eb063a3::input-params ::GET::::{"isDirect":"false","sortBy":"createdAt","sortOrder":"desc"}
2024-07-05 12:34:02::info::/v1/api/order/readOrders::59e8f14f-61f1-4bb1-a8b7-8a3136a41728::input-params ::GET::::{"isDirect":"false","sortBy":"createdAt","sortOrder":"desc"}
2024-07-05 12:34:06::info::/v1/api/order/readOrders::93240723-d95f-4726-bb4f-c4ed5f35888b::input-params ::GET::::{"isDirect":"false","sortBy":"createdAt","sortOrder":"desc"}
2024-07-05 12:34:07::info::/v1/api/user/me::fd1713e2-54ce-4588-b4be-e14d35e62de6::input-params ::GET::::{}
2024-07-05 12:34:07::info::/v1/api/order/readOrders::30b25061-cd77-4847-9fdb-74371a8d554c::input-params ::GET::::{"isDirect":"false","sortBy":"createdAt","sortOrder":"desc"}
2024-07-05 12:34:09::info::/v1/api/order/readOrders::cfc47e0d-38f7-49bd-916f-a423e22e4bf9::input-params ::GET::::{"isDirect":"false","sortBy":"createdAt","sortOrder":"desc"}
2024-07-05 12:34:24::info::/v1/api/order/readOrders::02493382-e4fe-49c3-949a-8871ecfa6e82::input-params ::GET::::{"isDirect":"false","sortBy":"createdAt","sortOrder":"desc"}
2024-07-05 12:34:25::info::/v1/api/order/readOrders::5add7730-cdc3-4b78-9eab-c5c104262a74::input-params ::GET::::{"isDirect":"false","sortBy":"createdAt","sortOrder":"desc"}
2024-07-05 12:35:20::info::/v1/api/order/readOrders::20cb0cb4-9476-4555-9594-e1222d31b60e::input-params ::GET::::{"isDirect":"false","sortBy":"createdAt","sortOrder":"desc"}
2024-07-05 12:35:27::info::/v1/api/order/readOrders::d698cf6e-d92f-466c-a04f-a913918f6a35::input-params ::GET::::{"isDirect":"false","sortBy":"createdAt","sortOrder":"desc"}
2024-07-05 12:35:27::info::/v1/api/order/readOrders::d2a390dd-2910-4c41-b556-ad979975844f::input-params ::GET::::{"isDirect":"false","sortBy":"createdAt","sortOrder":"desc"}
2024-07-05 12:35:58::info::/v1/api/order/readOrders::215991ea-7283-40f3-b683-2996265dc2a3::input-params ::GET::::{"isDirect":"false","sortBy":"createdAt","sortOrder":"desc"}
2024-07-05 12:36:20::info::/v1/api/order/readOrders::2103769d-5412-4c5e-a4b9-4c420e5bf3ec::input-params ::GET::::{"isDirect":"false","sortBy":"createdAt","sortOrder":"desc"}
2024-07-05 12:36:32::info::/v1/api/order/readOrders::213fb9c5-7c6d-4b24-8f85-6346bfae499d::input-params ::GET::::{"isDirect":"false","sortBy":"createdAt","sortOrder":"desc"}
2024-07-05 12:36:44::info::/v1/api/order/readOrders::264bddd9-458a-45a1-8f2b-e8e6c41f0474::input-params ::GET::::{"isDirect":"false","sortBy":"createdAt","sortOrder":"desc"}
2024-07-05 12:36:49::info::/v1/api/order/readOrders::be95fb41-e665-4c35-9116-d87e96aa9fa4::input-params ::GET::::{"isDirect":"false","sortBy":"createdAt","sortOrder":"desc"}
2024-07-05 12:37:25::info::/v1/api/order/readOrders::782b2028-652d-4d31-ae4e-b631501d3e42::input-params ::GET::::{"isDirect":"false","sortBy":"createdAt","sortOrder":"desc"}
2024-07-05 12:37:37::info::/v1/api/order/readOrders::d303fbaf-656c-41a4-a65e-ca5abe595892::input-params ::GET::::{"isDirect":"false","sortBy":"createdAt","sortOrder":"desc"}
2024-07-05 12:37:49::info::/v1/api/order/readOrders::1626ceba-fcfb-4499-b359-58104c86064c::input-params ::GET::::{"isDirect":"false","sortBy":"createdAt","sortOrder":"desc"}
2024-07-05 12:38:12::info::/v1/api/order/readOrders::bc0a6e0f-9dcd-417c-90ee-317bc2dfb59c::input-params ::GET::::{"isDirect":"false","sortBy":"createdAt","sortOrder":"desc"}
2024-07-05 12:38:18::info::/v1/api/order/readOrders::90b42619-f6ca-4835-8612-51b0719b87de::input-params ::GET::::{"isDirect":"false","sortBy":"createdAt","sortOrder":"desc"}
2024-07-05 12:38:35::info::/v1/api/order/readOrders::9e059bcd-0a56-44d4-a45d-559c03bbe2ac::input-params ::GET::::{"isDirect":"false","sortBy":"createdAt","sortOrder":"desc"}
2024-07-05 12:38:45::info::/v1/api/order/readOrders::9e1d6dd2-4fa3-4b04-b637-492ebb2d8eda::input-params ::GET::::{"isDirect":"false","sortBy":"createdAt","sortOrder":"desc"}
2024-07-05 12:39:15::info::/v1/api/order/readOrders::953f73e4-4f4d-4133-b4b7-b8c95059c27a::input-params ::GET::::{"isDirect":"false","sortBy":"createdAt","sortOrder":"desc"}
2024-07-05 12:39:27::info::/v1/api/order/readOrders::afb8de46-bc92-4c0f-bb74-d384edd9b99e::input-params ::GET::::{"isDirect":"false","sortBy":"createdAt","sortOrder":"desc"}
2024-07-05 12:39:33::info::/v1/api/order/readOrders::f9f7d8bb-0c55-498c-bab0-6bcdc6f2de30::input-params ::GET::::{"isDirect":"false","sortBy":"createdAt","sortOrder":"desc"}
2024-07-05 12:39:48::info::/v1/api/order/readOrders::47b04493-6ed6-4d08-be5c-696fa4bf50f8::input-params ::GET::::{"isDirect":"false","sortBy":"createdAt","sortOrder":"desc"}
2024-07-05 12:40:09::info::/v1/api/order/readOrders::8323105d-41d7-4315-a439-85c0049c9456::input-params ::GET::::{"isDirect":"false","sortBy":"createdAt","sortOrder":"desc"}
2024-07-05 13:18:32::info::/v1/api/user/me::97386efa-01de-431f-983a-504b748b377f::input-params ::GET::::{}
2024-07-05 13:18:32::info::/v1/api/order/readOrders::8b55d1a6-e86c-4938-abeb-90d413144a24::input-params ::GET::::{"isDirect":"false","sortBy":"createdAt","sortOrder":"desc"}
2024-07-05 13:23:55::info::/v1/api/order/readOrders::771fdffd-afb1-4746-b323-cc0383f4d3d0::input-params ::GET::::{"isDirect":"false","sortBy":"createdAt","sortOrder":"desc"}
2024-07-05 13:24:18::info::/v1/api/order/readOrders::66ea2d82-6182-4f3c-b50e-aaf7518c1027::input-params ::GET::::{"isDirect":"false","sortBy":"createdAt","sortOrder":"desc"}
2024-07-05 13:24:26::info::/v1/api/order/readOrders::3743ba87-e44d-4a55-b153-61438003e532::input-params ::GET::::{"isDirect":"false","sortBy":"createdAt","sortOrder":"desc"}
2024-07-05 13:24:58::info::/v1/api/order/readOrders::47ddb832-466a-41c3-b766-5ae5c126ccb0::input-params ::GET::::{"isDirect":"false","sortBy":"createdAt","sortOrder":"desc"}
2024-07-05 13:25:17::info::/v1/api/order/readOrders::3f51c242-b60b-4e01-9ce1-7e9145bcb8d7::input-params ::GET::::{"isDirect":"false","sortBy":"createdAt","sortOrder":"desc"}
2024-07-05 13:25:22::info::/v1/api/order/readOrders::b2341dd4-097d-499d-9849-119bffe37131::input-params ::GET::::{"isDirect":"false","sortBy":"createdAt","sortOrder":"desc"}
2024-07-05 13:25:32::info::/v1/api/order/readOrders::144e706c-150a-49ca-afac-5c15d5854e6c::input-params ::GET::::{"isDirect":"false","sortBy":"createdAt","sortOrder":"desc"}
2024-07-05 13:27:04::info::/v1/api/order/readOrders::e7f01dd5-3930-4523-861a-e8e0cb55e54a::input-params ::GET::::{"isDirect":"false","sortBy":"createdAt","sortOrder":"desc"}
2024-07-05 13:27:20::info::/v1/api/order/readOrders::7185b68d-64fd-4501-8dc5-df4348e36b6e::input-params ::GET::::{"isDirect":"false","sortBy":"createdAt","sortOrder":"desc"}
2024-07-05 13:27:26::info::/v1/api/order/readOrders::09b51588-06a9-4935-ac9f-2c910f9aa008::input-params ::GET::::{"isDirect":"false","sortBy":"createdAt","sortOrder":"desc"}
2024-07-05 13:28:30::info::/v1/api/order/readOrders::1d26efb2-ac52-4144-881e-17542a45cfb1::input-params ::GET::::{"isDirect":"false","sortBy":"createdAt","sortOrder":"desc"}
2024-07-05 13:35:54::info::/v1/api/order/readOrders::f9ba998e-cd7b-4e7f-b487-115af0d873d1::input-params ::GET::::{"isDirect":"false","sortBy":"createdAt","sortOrder":"desc"}
2024-07-05 13:36:02::info::/v1/api/order/readOrders::51112f87-1ac2-4762-a3ae-32ca4505f97a::input-params ::GET::::{"isDirect":"false","sortBy":"createdAt","sortOrder":"desc"}
2024-07-05 13:36:06::info::/v1/api/order/readOrders::442b0ae8-de91-45e8-b889-ddd8f2de481c::input-params ::GET::::{"isDirect":"false","sortBy":"createdAt","sortOrder":"desc"}
2024-07-05 13:36:15::info::/v1/api/order/readOrders::608bd9e4-b3e6-4a6b-bbb7-b6eb9ca03527::input-params ::GET::::{"isDirect":"false","sortBy":"createdAt","sortOrder":"desc"}
2024-07-05 13:38:51::info::/v1/api/order/readOrders::4e2d3966-38bb-4a05-8129-7ac7be83da3b::input-params ::GET::::{"isDirect":"false","sortBy":"createdAt","sortOrder":"desc"}
2024-07-05 13:39:16::info::/v1/api/order/readOrders::d4ec5ae7-eccd-404d-b399-515bbe768a6e::input-params ::GET::::{"isDirect":"false","sortBy":"createdAt","sortOrder":"desc"}
2024-07-05 13:39:39::info::/v1/api/order/readOrders::fee9ee7b-24d2-4fb5-94fa-187d01d204bb::input-params ::GET::::{"isDirect":"false","sortBy":"createdAt","sortOrder":"desc"}
2024-07-05 13:40:40::info::/v1/api/order/readOrders::ffee139d-1cee-49d9-ba31-d2333069feef::input-params ::GET::::{"isDirect":"false","sortBy":"createdAt","sortOrder":"desc"}
2024-07-05 13:43:11::info::/v1/api/order/readOrders::88eb3b53-08f4-416d-8595-25104756896c::input-params ::GET::::{"isDirect":"false","sortBy":"createdAt","sortOrder":"desc"}
2024-07-05 13:44:23::info::/v1/api/order/readOrders::bf7923eb-a293-44e4-bd80-34d4af6b73ba::input-params ::GET::::{"isDirect":"false","sortBy":"createdAt","sortOrder":"desc"}
2024-07-05 13:44:51::info::/v1/api/order/readOrders::af391252-391b-474f-b72d-1f861c991b30::input-params ::GET::::{"isDirect":"false","sortBy":"createdAt","sortOrder":"desc"}
2024-07-05 17:58:14::info::/v1/api/order/readOrders::bbb33864-28f0-49f3-ad2e-40c7e58403f0::input-params ::GET::::{"isDirect":"false","sortBy":"createdAt","sortOrder":"desc"}
2024-07-05 19:21:35::info::/v1/api/user/me::cbc6159c-e083-465c-b633-0b057d4e792b::input-params ::GET::::{}
2024-07-05 19:21:36::info::/v1/api/order/readOrders::ebcaf3e4-a551-4558-90fc-a3decf46afa9::input-params ::GET::::{"isDirect":"false","sortBy":"createdAt","sortOrder":"desc"}
2024-07-05 19:21:36::info::/v1/api/order/readOrders::6f6be0f7-2a20-433c-b88e-e8f6296d2be7::input-params ::GET::::{"isDirect":"false","sortBy":"createdAt","sortOrder":"desc"}
2024-07-05 19:21:47::info::/v1/api/order/readOrders::6627126b-66c3-4fcb-b901-054a9086126b::input-params ::GET::::{"isDirect":"false","sortBy":"createdAt","sortOrder":"desc"}
2024-07-05 19:23:09::info::/v1/api/order/readOrders::d5e9e03c-4d6a-441e-9661-232ee32fe7b4::input-params ::GET::::{"isDirect":"false","sortBy":"createdAt","sortOrder":"desc"}
2024-07-05 19:36:50::info::/v1/api/order/readOrders::e6efb9f3-2938-4b77-a127-f36995325e62::input-params ::GET::::{"isDirect":"false","sortBy":"createdAt","sortOrder":"desc"}
2024-07-05 19:45:17::info::/v1/api/user/me::72f43d33-7065-4dcc-90a8-25911efe5e97::input-params ::GET::::{}
2024-07-05 19:45:17::info::/v1/api/order/readOrders::eb2fb46d-fcdf-4265-8d29-88edaf8b5010::input-params ::GET::::{"isDirect":"false","sortBy":"createdAt","sortOrder":"desc"}
2024-07-05 19:45:56::info::/v1/api/user/me::d58079fd-cd29-4ff5-86bb-f10f343e5c54::input-params ::GET::::{}
2024-07-05 19:45:56::info::/v1/api/order/readOrders::97651c1c-450e-4284-89b0-5b1d2003a02a::input-params ::GET::::{"isDirect":"false","sortBy":"createdAt","sortOrder":"desc"}
2024-07-05 20:06:39::info::/v1/api/user/me::0d52e561-cd9a-4f35-bdfd-76b515f7dbb5::input-params ::GET::::{}
2024-07-05 20:06:40::info::/v1/api/order/readOrders::17fc1bd3-847f-42f1-a526-fe8c973a6ea6::input-params ::GET::::{"isDirect":"false","sortBy":"createdAt","sortOrder":"desc"}
2024-07-05 20:06:52::info::/v1/api/order/readOrders::56967e3d-807b-4d3a-a158-4304012a25cf::input-params ::GET::::{"isDirect":"false","sortBy":"createdAt","sortOrder":"desc"}
2024-07-05 20:06:53::info::/v1/api/order/readOrders::60cac871-5f59-4a36-9275-13cf331b86e1::input-params ::GET::::{"isDirect":"false","sortBy":"createdAt","sortOrder":"desc"}
2024-07-05 20:08:15::info::/v1/api/order/readOrders::bb946df1-efa3-4a6b-91de-a05e6552494f::input-params ::GET::::{"isDirect":"false","sortBy":"createdAt","sortOrder":"desc"}
2024-07-05 20:08:18::info::/v1/api/order/readOrders::c883eaeb-9d2a-4a32-8c2d-9ddb06946f7a::input-params ::GET::::{"isDirect":"false","sortBy":"createdAt","sortOrder":"desc"}
2024-07-05 20:11:20::info::/v1/api/order/readOrders::6e931f5d-30ec-400d-ba4a-1c1dd1f635ee::input-params ::GET::::{"isDirect":"false","sortBy":"createdAt","sortOrder":"desc"}
2024-07-05 20:11:44::info::/v1/api/order/readOrders::4c418214-6048-44e4-b356-44337adc4848::input-params ::GET::::{"isDirect":"false","sortBy":"createdAt","sortOrder":"desc"}
2024-07-05 20:11:56::info::/v1/api/order/readOrders::b7b4ef39-1f37-4d0e-869e-c206cdeb88e7::input-params ::GET::::{"isDirect":"false","sortBy":"createdAt","sortOrder":"desc"}
2024-07-05 20:12:20::info::/v1/api/order/readOrders::1fafa723-3fb8-47d1-b8bc-5c9d445bf689::input-params ::GET::::{"isDirect":"false","sortBy":"createdAt","sortOrder":"desc"}
2024-07-05 20:22:19::info::/v1/api/order/readOrders::93854c34-c5a4-4204-862d-750de224d708::input-params ::GET::::{"isDirect":"false","sortBy":"createdAt","sortOrder":"desc"}
2024-07-05 20:22:20::info::/v1/api/order/readOrders::017aa796-d936-45ff-b464-01cb0e99b90f::input-params ::GET::::{"isDirect":"false","sortBy":"createdAt","sortOrder":"desc"}
2024-07-05 20:27:28::info::/v1/api/order/readOrders::fb4a18cf-3982-4b9e-9152-7daa8c7e34fb::input-params ::GET::::{"isDirect":"false","sortBy":"createdAt","sortOrder":"desc"}
2024-07-05 20:27:54::info::/v1/api/order/readOrders::4facec67-2d94-4b64-b099-2c7fb7af5cca::input-params ::GET::::{"isDirect":"false","sortBy":"createdAt","sortOrder":"desc"}
2024-07-05 20:27:55::info::/v1/api/order/readOrders::8a1d4575-4a97-4cc4-90d3-5c63e686016b::input-params ::GET::::{"isDirect":"false","sortBy":"createdAt","sortOrder":"desc"}
2024-07-05 20:28:17::info::/v1/api/order/readOrders::67f36141-8b49-4ed0-be72-42bac3d238fd::input-params ::GET::::{"isDirect":"false","sortBy":"createdAt","sortOrder":"desc"}
2024-07-05 20:28:22::info::/v1/api/order/readOrders::e475d280-e5a5-49bd-ad20-7bd509b42a53::input-params ::GET::::{"isDirect":"false","sortBy":"createdAt","sortOrder":"desc"}
2024-07-05 20:59:21::info::/v1/api/user/me::763f76de-7a6d-4c07-9659-6fa45f88dcba::input-params ::GET::::{}
2024-07-05 20:59:21::info::/v1/api/order/readOrders::cc433b3e-0718-474b-89f3-020f9d1e1a7f::input-params ::GET::::{"isDirect":"false","sortBy":"createdAt","sortOrder":"desc"}
2024-07-05 20:59:34::info::/v1/api/order/readOrders::d0833238-3a27-450f-9cd7-7ea56981b6cb::input-params ::GET::::{"isDirect":"false","sortBy":"createdAt","sortOrder":"desc"}
2024-07-05 20:59:39::info::/v1/api/order/readOrders::10d66773-4ab5-4634-b5bd-4e53b3f0aa6b::input-params ::GET::::{"isDirect":"false","sortBy":"createdAt","sortOrder":"desc"}
2024-07-05 21:03:00::info::/v1/api/user/me::73ce4d5b-39cf-4035-94b3-987a4c1b7593::input-params ::GET::::{}
2024-07-05 21:03:00::info::/v1/api/order/readOrders::5bd3acfb-dc0b-4446-942e-05af471612f4::input-params ::GET::::{"isDirect":"false","sortBy":"createdAt","sortOrder":"desc"}
2024-07-05 21:03:21::info::/v1/api/order/readOrders::5181d880-23f7-4132-945e-fa0e401868ae::input-params ::GET::::{"isDirect":"false","sortBy":"createdAt","sortOrder":"desc"}
2024-07-05 21:04:40::info::/v1/api/order/readOrders::9c571307-be6e-4bed-a8db-ca40594fca6c::input-params ::GET::::{"isDirect":"false","sortBy":"createdAt","sortOrder":"desc"}
2024-07-05 21:05:01::info::/v1/api/order/readOrders::f5da7733-60ce-4ddc-beb3-0542f54662bc::input-params ::GET::::{"isDirect":"false","sortBy":"createdAt","sortOrder":"desc"}
2024-07-05 21:05:35::info::/v1/api/order/readOrders::ad826247-482d-4ff4-a5bd-36119fcc29e1::input-params ::GET::::{"isDirect":"false","sortBy":"createdAt","sortOrder":"desc"}
2024-07-05 21:05:51::info::/v1/api/order/readOrders::6323d417-ce00-448a-abd1-cf5a22cc99c2::input-params ::GET::::{"isDirect":"false","sortBy":"createdAt","sortOrder":"desc"}
2024-07-05 21:06:02::info::/v1/api/order/readOrders::8ec25d64-2fd2-4087-82b1-1a3ef1da32a7::input-params ::GET::::{"isDirect":"false","sortBy":"createdAt","sortOrder":"desc"}
2024-07-05 21:06:33::info::/v1/api/order/readOrders::83e99106-f685-46d8-ac63-6b84997b8e18::input-params ::GET::::{"isDirect":"false","sortBy":"createdAt","sortOrder":"desc"}
2024-07-05 21:06:53::info::/v1/api/order/readOrders::26869843-df9e-4f3a-95d7-32348f3003a5::input-params ::GET::::{"isDirect":"false","sortBy":"createdAt","sortOrder":"desc"}
2024-07-05 21:07:14::info::/v1/api/order/readOrders::b169158a-7f06-483f-969b-3becde245fd2::input-params ::GET::::{"isDirect":"false","sortBy":"createdAt","sortOrder":"desc"}
2024-07-05 21:07:17::info::/v1/api/order/readOrders::6bdd9e87-58ad-4242-b291-8723382f0171::input-params ::GET::::{"isDirect":"false","sortBy":"createdAt","sortOrder":"desc"}
2024-07-05 21:07:21::info::/v1/api/order/readOrders::66e2f288-6735-47dd-9c51-4a4cb7197f50::input-params ::GET::::{"isDirect":"false","sortBy":"createdAt","sortOrder":"desc"}
2024-07-05 21:08:06::info::/v1/api/order/readOrders::5b12073c-cd56-4de6-9ba6-c2fdb62dc62c::input-params ::GET::::{"isDirect":"false","sortBy":"createdAt","sortOrder":"desc"}
2024-07-05 21:08:10::info::/v1/api/order/readOrders::c21b3be5-c724-4adb-84ee-1c4c7274c986::input-params ::GET::::{"isDirect":"false","sortBy":"createdAt","sortOrder":"desc"}
2024-07-05 21:08:53::info::/v1/api/order/readOrders::0f6387b8-d433-4b5d-ba7a-8156b76a7ec9::input-params ::GET::::{"isDirect":"false","sortBy":"createdAt","sortOrder":"desc"}
2024-07-05 21:11:00::info::/v1/api/order/readOrders::27064ffc-a326-4cf1-944c-87fb3b24ff8b::input-params ::GET::::{"isDirect":"false","sortBy":"createdAt","sortOrder":"desc"}
2024-07-05 21:14:25::info::/v1/api/order/readOrders::70b58040-1412-4a0c-8ad2-0b36a30c8ee7::input-params ::GET::::{"isDirect":"false","sortBy":"createdAt","sortOrder":"desc"}
2024-07-05 21:16:31::info::/v1/api/order/readOrders::1695ad69-e408-48da-8722-5980acf3ac26::input-params ::GET::::{"isDirect":"false","sortBy":"createdAt","sortOrder":"desc"}
2024-07-05 21:20:30::info::/v1/api/order/readOrders::4f5fc6f2-0521-4a77-accb-3f4ae3f3db6e::input-params ::GET::::{"isDirect":"false","sortBy":"createdAt","sortOrder":"desc"}
2024-07-05 21:21:47::info::/v1/api/order/readOrders::c2259bf7-5b27-4f58-bda7-a79fd97f8905::input-params ::GET::::{"isDirect":"false","sortBy":"createdAt","sortOrder":"desc"}
2024-07-05 21:38:47::info::/v1/api/order/readOrders::49a568b1-45ca-4385-9c37-05096521ec2f::input-params ::GET::::{"isDirect":"false","sortBy":"createdAt","sortOrder":"desc"}
