2024-10-04 07:22:10::info::/v1/api/user/me::edb9feaf-1030-42d9-9eb8-5e7a8e6b769f::input-params ::GET::::{}
2024-10-04 07:22:12::info::/v1/api/movement/readMovements::d08068bb-e353-446a-b000-d2805dd0e050::input-params ::GET::::{}
2024-10-04 07:22:12::info::/v1/api/news/readNewss::80a0b942-846a-457e-8351-c667c748d11b::input-params ::GET::::{}
2024-10-04 07:22:12::info::/v1/api/recommender/readPopularPosts::f8c71523-7bd3-4eaa-b2d2-523b6e4dde35::input-params ::GET::::{"page":"1","limit":"10"}
2024-10-04 07:22:14::info::/v1/api/recommender/readPopularPosts::62c4bc76-fb00-44f8-b8a6-bf04834cb742::input-params ::GET::::{"page":"1","limit":"10"}
2024-10-04 07:22:17::info::/v1/api/user/readUserProfile/66a5a6a373370474cf4eae1d::c64d166d-976a-41db-9c1c-9292764a3351::input-params ::GET::::{}
2024-10-04 07:22:18::info::/v1/api/serviceCategory/readServiceCategoriesWithServices/66a5a6a373370474cf4eae1d::fcb08a82-a499-43ac-af1a-4460ac921643::input-params ::GET::::{}
2024-10-04 07:22:42::info::/v1/api/commissionService/readBookmarkedServices/66a5a6a373370474cf4eae1d::22ae9006-5516-4d1e-8cf9-27209acbb345::input-params ::GET::::{}
2024-10-04 07:22:42::info::/v1/api/termOfService/readTermOfServices::fee686f0-b54c-4cd0-9fbb-c7772dc0bc3c::input-params ::GET::::{}
2024-10-04 07:22:42::info::/v1/api/post/readBookmarkedPosts/66a5a6a373370474cf4eae1d::4f230074-10fb-439b-8130-2b02613a761a::input-params ::GET::::{}
2024-10-04 07:23:06::info::/v1/api/termOfService/deleteTermOfService/66fe9dd69b1ac0eff6726cac::05cd3c2a-5d81-4840-9be9-1981eff3d803::input-params ::DELETE::::{}
2024-10-04 07:23:09::info::/v1/api/user/me::bf58fb50-d7f9-4a30-a312-554d12240b15::input-params ::GET::::{}
2024-10-04 07:23:09::info::/v1/api/movement/readMovements::2bba8f12-87c0-48f8-8f8c-5b48172ca146::input-params ::GET::::{}
2024-10-04 07:23:09::info::/v1/api/user/readUserProfile/66a5a6a373370474cf4eae1d::3b12cf01-3814-468f-8ccc-c6fe4250613f::input-params ::GET::::{}
2024-10-04 07:23:09::info::/v1/api/termOfService/readTermOfServices::a10ebbf9-2be4-4054-9c51-b3bf11a94b48::input-params ::GET::::{}
2024-10-04 07:23:14::info::/v1/api/termOfService/readTermOfServices::5d7affe0-fefc-4ae2-8e5c-d64f65688c0c::input-params ::GET::::{}
2024-10-04 07:23:24::info::/v1/api/movement/readMovements::5ad5923c-c63d-4da9-93f4-e351bc260fd1::input-params ::GET::::{}
2024-10-04 07:23:24::info::/v1/api/user/readUserProfile/66a5a6a373370474cf4eae1d::0aa9e186-b077-43f5-9438-223309879d9e::input-params ::GET::::{}
2024-10-04 07:23:24::info::/v1/api/termOfService/readTermOfServices::bff565cf-7943-421a-817b-a58ba3ef2bf1::input-params ::GET::::{}
2024-10-04 07:24:43::info::/v1/api/movement/readMovements::2a72965b-03f8-4d04-8279-cc7661550e26::input-params ::GET::::{}
2024-10-04 07:24:43::info::/v1/api/user/readUserProfile/66a5a6a373370474cf4eae1d::ea73f33a-67ec-421c-81bc-0bf1ad833df9::input-params ::GET::::{}
2024-10-04 07:24:43::info::/v1/api/termOfService/readTermOfServices::4cf16d3d-bb88-4f21-be6a-9ac472a6124b::input-params ::GET::::{}
2024-10-04 07:24:55::info::/v1/api/movement/readMovements::7ccc1dc2-fd85-4fb9-b75b-43b60dcd9a29::input-params ::GET::::{}
2024-10-04 07:24:55::info::/v1/api/user/readUserProfile/66a5a6a373370474cf4eae1d::f8730eaf-c015-4dbe-b5af-bd655539c641::input-params ::GET::::{}
2024-10-04 07:24:55::info::/v1/api/termOfService/readTermOfServices::b558420d-3102-43e4-bc86-1221b977dc8e::input-params ::GET::::{}
2024-10-04 07:28:28::info::/v1/api/user/readUserProfile/66a5a6a373370474cf4eae1d::d15d989d-ece9-4776-bbb9-0a327c409fdf::input-params ::GET::::{}
2024-10-04 07:28:28::info::/v1/api/termOfService/readTermOfServices::30fb5c62-f7bf-4fa1-ab79-6e8a1a55dc56::input-params ::GET::::{}
2024-10-04 07:28:28::info::/v1/api/movement/readMovements::e5fff31f-1ae3-4ff2-8dd5-7de1e7187437::input-params ::GET::::{}
2024-10-04 07:28:36::info::/v1/api/termOfService/updateTermOfService/66fea8a69b1ac0eff6727fe6::b1c6a6a1-6e7d-42f0-8f8c-8ee34c3ef957::input-params ::PATCH::::{"_id":"66fea8a69b1ac0eff6727fe6","title":"TTTT1","talentId":"66a5a6a373370474cf4eae1d","content":"<p>\n        <strong>1. Điều khoản chung:</strong>\n    </p>\n    <p>\n        ...\n    </p>\n    <p>\n        <strong>2. Điều khoản thanh toán:</strong>\n    </p>\n    <p>\n        ...\n    </p>\n    <p>\n        <strong>3. Điều khoản sử dụng:</strong>\n    </p>\n    <p>\n        ...\n    </p>\n    <p>\n        <strong>4. Thời hạn và vận chuyển:</strong>\n    </p>\n    <p>\n        ...\n    </p>\n        ","createdAt":"2024-10-03T14:22:30.960Z","updatedAt":"2024-10-03T14:22:30.960Z","__v":0,"commissionServices":[],"isAgreeTerms":true}
2024-10-04 07:28:36::info::/v1/api/termOfService/updateTermOfService/66fea8a69b1ac0eff6727fe6::d7e3945b-f438-4200-9854-ba3da7e00bba::input-params ::PATCH::::{"_id":"66fea8a69b1ac0eff6727fe6","title":"TTTT1","talentId":"66a5a6a373370474cf4eae1d","content":"<p>\n        <strong>1. Điều khoản chung:</strong>\n    </p>\n    <p>\n        ...\n    </p>\n    <p>\n        <strong>2. Điều khoản thanh toán:</strong>\n    </p>\n    <p>\n        ...\n    </p>\n    <p>\n        <strong>3. Điều khoản sử dụng:</strong>\n    </p>\n    <p>\n        ...\n    </p>\n    <p>\n        <strong>4. Thời hạn và vận chuyển:</strong>\n    </p>\n    <p>\n        ...\n    </p>\n        ","createdAt":"2024-10-03T14:22:30.960Z","updatedAt":"2024-10-03T14:22:30.960Z","__v":0,"commissionServices":[],"isAgreeTerms":true}
2024-10-04 07:28:36::info::/v1/api/termOfService/readTermOfServices::973df9ca-e5f9-48a7-8969-9dbd5917e0e9::input-params ::GET::::{}
2024-10-04 07:28:39::info::/v1/api/termOfService/deleteTermOfService/66fea8a69b1ac0eff6727fe6::b39f81a7-9ed0-48b3-979c-e69b28308740::input-params ::DELETE::::{}
2024-10-04 07:28:40::info::/v1/api/termOfService/deleteTermOfService/66fea8a69b1ac0eff6727fe6::c506a196-fb49-46ac-9de8-f8143d9951a1::input-params ::DELETE::::{}
2024-10-04 07:28:40::error::/v1/api/termOfService/deleteTermOfService/66fea8a69b1ac0eff6727fe6::c506a196-fb49-46ac-9de8-f8143d9951a1::404 - 2ms - Response: {"status":404,"now":1728001720085}::{"message":"TermOfService not found"}
2024-10-04 07:29:01::info::/v1/api/movement/readMovements::5e1058a9-ae86-40db-8f6a-dde5161bfedd::input-params ::GET::::{}
2024-10-04 07:29:01::info::/v1/api/user/readUserProfile/66a5a6a373370474cf4eae1d::2a6365d6-72aa-44f5-aa8c-f01932ed529c::input-params ::GET::::{}
2024-10-04 07:29:01::info::/v1/api/termOfService/readTermOfServices::3033726d-7f77-429a-a187-faff469bfd64::input-params ::GET::::{}
2024-10-04 07:29:22::info::/v1/api/user/me::b1abfce5-81e1-456b-be97-a83c96b7d573::input-params ::GET::::{}
2024-10-04 07:29:22::info::/v1/api/movement/readMovements::ee0c1b75-da51-4a4f-9945-64191fffb645::input-params ::GET::::{}
2024-10-04 07:29:22::info::/v1/api/user/readUserProfile/66a5a6a373370474cf4eae1d::d60cb264-282e-471b-8aa9-d8bff78e8d4f::input-params ::GET::::{}
2024-10-04 07:29:22::info::/v1/api/termOfService/readTermOfServices::edae8316-f757-413c-a3f2-fb770f8e7a58::input-params ::GET::::{}
2024-10-04 07:29:23::info::/v1/api/movement/readMovements::c7307972-f0d3-42c0-bdb5-5b0317694b5b::input-params ::GET::::{}
2024-10-04 07:29:23::info::/v1/api/user/readUserProfile/66a5a6a373370474cf4eae1d::136eaed0-0c92-4ae7-91d1-69fcab5c260c::input-params ::GET::::{}
2024-10-04 07:29:23::info::/v1/api/termOfService/readTermOfServices::03be3fc4-d8cb-4069-bc96-c846954ec5e4::input-params ::GET::::{}
2024-10-04 07:29:45::info::/v1/api/termOfService/readTermOfServices::2c70755f-640e-46c3-83af-d9a786b2eb91::input-params ::GET::::{}
2024-10-04 07:29:46::info::/v1/api/termOfService/readTermOfServices::5d889d3e-3f7c-4530-ad50-2e0458449146::input-params ::GET::::{}
2024-10-04 07:30:10::info::/v1/api/user/readUserProfile/66a5a6a373370474cf4eae1d::841e59dd-e224-48f2-aa46-cdb6709fc871::input-params ::GET::::{}
2024-10-04 07:30:10::info::/v1/api/termOfService/readTermOfServices::23ccb4bc-5973-4125-a6fc-5c3236b5ba8b::input-params ::GET::::{}
2024-10-04 07:30:11::info::/v1/api/termOfService/readTermOfServices::ba7f4db3-2169-455f-b219-f8a50bb7f402::input-params ::GET::::{}
2024-10-04 07:30:22::info::/v1/api/termOfService/readTermOfServices::73090617-ed2a-4c54-a84c-faaa4dc4496f::input-params ::GET::::{}
2024-10-04 07:33:21::info::/v1/api/termOfService/readTermOfServices::30c9738c-43e7-4256-bc7f-a7db10e7566a::input-params ::GET::::{}
2024-10-04 07:33:22::info::/v1/api/movement/readMovements::9d103d1d-421a-4ff4-97bb-086bea7ee892::input-params ::GET::::{}
2024-10-04 07:33:22::info::/v1/api/user/readUserProfile/66a5a6a373370474cf4eae1d::e4d52518-5bfe-45bf-a19c-7dabf7857a58::input-params ::GET::::{}
2024-10-04 07:33:22::info::/v1/api/termOfService/readTermOfServices::a1acbd39-bca3-4647-beb4-fa3145f09b60::input-params ::GET::::{}
2024-10-04 07:33:24::info::/v1/api/user/readUserProfile/66a5a6a373370474cf4eae1d::371c9d31-3bcd-4eb5-8601-0daf7faac796::input-params ::GET::::{}
2024-10-04 07:33:24::info::/v1/api/termOfService/readTermOfServices::6198efa4-c5e7-4a97-abad-5da04201c8fc::input-params ::GET::::{}
2024-10-04 07:33:36::info::/v1/api/termOfService/readTermOfServices::6a0b41bb-47fb-4398-9b82-400f9c458d04::input-params ::GET::::{}
2024-10-04 07:33:54::info::/v1/api/termOfService/readTermOfServices::b37fa3bf-a026-4223-8f11-d24205f9c20e::input-params ::GET::::{}
2024-10-04 07:33:55::info::/v1/api/termOfService/readTermOfServices::a705f70e-d00a-47b9-a378-91ed44e6d3a9::input-params ::GET::::{}
2024-10-04 07:34:18::info::/v1/api/termOfService/readTermOfServices::55967b7c-aa61-4ecb-abf1-36a804e8df56::input-params ::GET::::{}
2024-10-04 07:34:34::info::/v1/api/termOfService/readTermOfServices::8f34503c-1b84-407f-92ea-b8eee37f9ef3::input-params ::GET::::{}
2024-10-04 07:34:37::info::/v1/api/termOfService/readTermOfServices::1dd53f1f-8e93-4056-a0dd-736a1ff9f355::input-params ::GET::::{}
2024-10-04 07:34:44::info::/v1/api/termOfService/readTermOfServices::a6881966-3db2-4460-8caa-45c96263b3cb::input-params ::GET::::{}
2024-10-04 07:34:49::info::/v1/api/termOfService/readTermOfServices::514747ac-f0be-47ec-8112-09a8ec1b16e9::input-params ::GET::::{}
2024-10-04 07:34:50::info::/v1/api/movement/readMovements::3f1726ce-5ac4-4515-884b-4ebf9f4faab0::input-params ::GET::::{}
2024-10-04 07:34:50::info::/v1/api/user/readUserProfile/66a5a6a373370474cf4eae1d::6da79795-ec43-4cc3-86ca-5c189579111e::input-params ::GET::::{}
2024-10-04 07:34:50::info::/v1/api/termOfService/readTermOfServices::2605d38a-7aad-4a72-a580-2a29969b5b4c::input-params ::GET::::{}
2024-10-04 07:35:00::info::/v1/api/termOfService/readTermOfServices::82661e38-b762-4b01-b582-7e6d9454fdfe::input-params ::GET::::{}
2024-10-04 07:35:01::info::/v1/api/movement/readMovements::43d96274-47bc-4fcb-8dec-39e86459e615::input-params ::GET::::{}
2024-10-04 07:35:01::info::/v1/api/user/readUserProfile/66a5a6a373370474cf4eae1d::4ce39031-8232-4486-b79d-916f3f6506f1::input-params ::GET::::{}
2024-10-04 07:35:01::info::/v1/api/termOfService/readTermOfServices::b55889fd-180c-4290-9609-ef83a2caf215::input-params ::GET::::{}
2024-10-04 07:35:28::info::/v1/api/movement/readMovements::df1a4551-ea09-4e33-9e61-57eaf7ec04ac::input-params ::GET::::{}
2024-10-04 07:35:28::info::/v1/api/user/readUserProfile/66a5a6a373370474cf4eae1d::03558a6a-f6f1-45a4-8906-fb8c750268c2::input-params ::GET::::{}
2024-10-04 07:35:28::info::/v1/api/termOfService/readTermOfServices::86bf2d26-55c5-4d91-87e5-610e91508a11::input-params ::GET::::{}
2024-10-04 07:35:33::info::/v1/api/movement/readMovements::1ff0cb77-b897-4f43-bca7-33f1cc6b0682::input-params ::GET::::{}
2024-10-04 07:35:33::info::/v1/api/user/readUserProfile/66a5a6a373370474cf4eae1d::7fb10ee2-a84e-4c0e-aeda-ac9b74ec8e1e::input-params ::GET::::{}
2024-10-04 07:35:33::info::/v1/api/termOfService/readTermOfServices::19462547-3f84-4a6c-a357-fc6481346c33::input-params ::GET::::{}
2024-10-04 07:40:26::info::/v1/api/movement/readMovements::6dd489ae-18a3-48d3-a0c9-3c205c0cc0e0::input-params ::GET::::{}
2024-10-04 07:40:26::info::/v1/api/user/readUserProfile/66a5a6a373370474cf4eae1d::390dc837-175e-4a1e-a652-db1de66c5336::input-params ::GET::::{}
2024-10-04 07:40:26::info::/v1/api/termOfService/readTermOfServices::d11a6d4d-3c45-4a5b-babb-1f4a150aaeaa::input-params ::GET::::{}
2024-10-04 07:40:29::info::/v1/api/movement/readMovements::962c9b24-0196-480c-b5ea-ba0c492a7c6a::input-params ::GET::::{}
2024-10-04 07:40:29::info::/v1/api/user/readUserProfile/66a5a6a373370474cf4eae1d::d123409a-b862-478b-bc62-a4ec77d08f01::input-params ::GET::::{}
2024-10-04 07:40:29::info::/v1/api/termOfService/readTermOfServices::13003fdb-3941-48e3-bed4-f3012c5ad4da::input-params ::GET::::{}
2024-10-04 07:40:36::info::/v1/api/termOfService/createTermOfService::cfaec853-b963-4ac3-aa2f-ef3fb9387128::input-params ::POST::::{"content":"<p>\n        <strong>1. Điều khoản chung:</strong>\n    </p>\n    <p>\n        ...\n    </p>\n    <p>\n        <strong>2. Điều khoản thanh toán:</strong>\n    </p>\n    <p>\n        ...\n    </p>\n    <p>\n        <strong>3. Điều khoản sử dụng:</strong>\n    </p>\n    <p>\n        ...\n    </p>\n    <p>\n        <strong>4. Thời hạn và vận chuyển:</strong>\n    </p>\n    <p>\n        ...\n    </p>\n        ","title":"efefw","isAgreeTerms":true}
2024-10-04 07:40:41::info::/v1/api/movement/readMovements::36114e76-0588-42e1-82ab-cba7f865762a::input-params ::GET::::{}
2024-10-04 07:40:41::info::/v1/api/user/readUserProfile/66a5a6a373370474cf4eae1d::4783b715-d7ab-4f6b-a962-f9d2de75242f::input-params ::GET::::{}
2024-10-04 07:40:41::info::/v1/api/termOfService/readTermOfServices::89d4f54e-0435-45d5-bea1-358c3132f16a::input-params ::GET::::{}
2024-10-04 07:40:42::info::/v1/api/user/me::3aa52c00-dcf3-4e35-aa72-d945e793d093::input-params ::GET::::{}
2024-10-04 07:40:42::info::/v1/api/movement/readMovements::8ed8c7f3-21c7-44c9-a889-cf01aedc8502::input-params ::GET::::{}
2024-10-04 07:40:42::info::/v1/api/user/readUserProfile/66a5a6a373370474cf4eae1d::9d02956d-fba9-4ba6-8459-a9b3f0946d8c::input-params ::GET::::{}
2024-10-04 07:40:43::info::/v1/api/termOfService/readTermOfServices::2da068e2-23e4-4686-ad24-c1a6d516be1f::input-params ::GET::::{}
2024-10-04 07:40:52::info::/v1/api/movement/readMovements::0d55b4e0-f389-49f6-9155-5a97402a22b5::input-params ::GET::::{}
2024-10-04 07:40:52::info::/v1/api/user/readUserProfile/66a5a6a373370474cf4eae1d::d242418a-ad2d-4cb7-9d39-fdef7f55f6f5::input-params ::GET::::{}
2024-10-04 07:40:52::info::/v1/api/termOfService/readTermOfServices::ed2d77a9-a209-492c-bfd1-11c14d39095a::input-params ::GET::::{}
2024-10-04 07:42:08::info::/v1/api/movement/readMovements::2120cfb1-3dba-4f54-85a6-fb9f8ebb169d::input-params ::GET::::{}
2024-10-04 07:42:08::info::/v1/api/user/readUserProfile/66a5a6a373370474cf4eae1d::f584e94d-ec63-4251-8416-3f2c8aa6f1a9::input-params ::GET::::{}
2024-10-04 07:42:08::info::/v1/api/termOfService/readTermOfServices::5589da70-29a9-4598-9f72-16aaf167552f::input-params ::GET::::{}
2024-10-04 07:42:16::info::/v1/api/termOfService/createTermOfService::c2a2b636-685f-4be9-a236-80765468fdc1::input-params ::POST::::{"content":"<p>\n        <strong>1. Điều khoản chung:</strong>\n    </p>\n    <p>\n        ...\n    </p>\n    <p>\n        <strong>2. Điều khoản thanh toán:</strong>\n    </p>\n    <p>\n        ...\n    </p>\n    <p>\n        <strong>3. Điều khoản sử dụng:</strong>\n    </p>\n    <p>\n        ...\n    </p>\n    <p>\n        <strong>4. Thời hạn và vận chuyển:</strong>\n    </p>\n    <p>\n        ...\n    </p>\n        ","title":"fvbbf","isAgreeTerms":true}
2024-10-04 07:42:16::info::/v1/api/termOfService/createTermOfService::91b3e822-8991-40cb-b6de-9b9518b35277::input-params ::POST::::{"content":"<p>\n        <strong>1. Điều khoản chung:</strong>\n    </p>\n    <p>\n        ...\n    </p>\n    <p>\n        <strong>2. Điều khoản thanh toán:</strong>\n    </p>\n    <p>\n        ...\n    </p>\n    <p>\n        <strong>3. Điều khoản sử dụng:</strong>\n    </p>\n    <p>\n        ...\n    </p>\n    <p>\n        <strong>4. Thời hạn và vận chuyển:</strong>\n    </p>\n    <p>\n        ...\n    </p>\n        ","title":"fvbbf","isAgreeTerms":true}
2024-10-04 07:42:16::info::/v1/api/termOfService/readTermOfServices::179f0a78-dec3-48d7-a16e-9d2d9d14adb1::input-params ::GET::::{}
2024-10-04 07:42:19::info::/v1/api/user/me::557214fc-7462-4a13-963d-5394d181e25b::input-params ::GET::::{}
2024-10-04 07:42:19::info::/v1/api/movement/readMovements::b0ad2045-7b4a-4012-8478-c5d099763823::input-params ::GET::::{}
2024-10-04 07:42:19::info::/v1/api/user/readUserProfile/66a5a6a373370474cf4eae1d::4e64ebf2-2a87-48c5-bfa7-542092ccf23d::input-params ::GET::::{}
2024-10-04 07:42:19::info::/v1/api/termOfService/readTermOfServices::66e7dfe3-86c0-4b40-90dc-5d2e55a88422::input-params ::GET::::{}
2024-10-04 07:42:49::info::/v1/api/movement/readMovements::0c614d8f-d786-4a5f-bb01-e9c47a5e4b8a::input-params ::GET::::{}
2024-10-04 07:42:49::info::/v1/api/user/readUserProfile/66a5a6a373370474cf4eae1d::62205590-a70f-4970-931b-36b16e5df3ac::input-params ::GET::::{}
2024-10-04 07:42:49::info::/v1/api/termOfService/readTermOfServices::7aec5e4c-bf52-4c9f-8643-6e780ca69fe7::input-params ::GET::::{}
2024-10-04 07:42:51::info::/v1/api/user/me::4c47022a-192e-4862-a620-998135859f01::input-params ::GET::::{}
2024-10-04 07:42:51::info::/v1/api/movement/readMovements::24fe60f7-9521-4fe8-b5b9-78a330f9350e::input-params ::GET::::{}
2024-10-04 07:42:51::info::/v1/api/user/readUserProfile/66a5a6a373370474cf4eae1d::0342888b-8ad9-477a-a5c7-7f03b20bd79c::input-params ::GET::::{}
2024-10-04 07:42:51::info::/v1/api/termOfService/readTermOfServices::1a60758a-8bd4-446e-86b5-6549acd68198::input-params ::GET::::{}
2024-10-04 07:42:56::info::/v1/api/termOfService/createTermOfService::1549a4b0-12f6-4276-927d-c9f36f180f41::input-params ::POST::::{"content":"<p>\n        <strong>1. Điều khoản chung:</strong>\n    </p>\n    <p>\n        ...\n    </p>\n    <p>\n        <strong>2. Điều khoản thanh toán:</strong>\n    </p>\n    <p>\n        ...\n    </p>\n    <p>\n        <strong>3. Điều khoản sử dụng:</strong>\n    </p>\n    <p>\n        ...\n    </p>\n    <p>\n        <strong>4. Thời hạn và vận chuyển:</strong>\n    </p>\n    <p>\n        ...\n    </p>\n        ","title":"vsedvsde","isAgreeTerms":true}
2024-10-04 07:42:56::info::/v1/api/termOfService/createTermOfService::b74a1adb-9855-45ca-8dff-3581863adf38::input-params ::POST::::{"content":"<p>\n        <strong>1. Điều khoản chung:</strong>\n    </p>\n    <p>\n        ...\n    </p>\n    <p>\n        <strong>2. Điều khoản thanh toán:</strong>\n    </p>\n    <p>\n        ...\n    </p>\n    <p>\n        <strong>3. Điều khoản sử dụng:</strong>\n    </p>\n    <p>\n        ...\n    </p>\n    <p>\n        <strong>4. Thời hạn và vận chuyển:</strong>\n    </p>\n    <p>\n        ...\n    </p>\n        ","title":"vsedvsde","isAgreeTerms":true}
2024-10-04 07:42:56::info::/v1/api/termOfService/readTermOfServices::3b0d9122-4b17-412d-b28f-b21c8a03494a::input-params ::GET::::{}
2024-10-04 07:43:49::info::/v1/api/movement/readMovements::b42cdd37-790b-43db-b2fc-f19b186c0e0d::input-params ::GET::::{}
2024-10-04 07:43:49::info::/v1/api/user/readUserProfile/66a5a6a373370474cf4eae1d::ed0fbf2d-1e52-482c-9c79-45373eaaad5b::input-params ::GET::::{}
2024-10-04 07:43:49::info::/v1/api/termOfService/readTermOfServices::81ec81f1-6126-407c-a6e3-b3f98f066fbb::input-params ::GET::::{}
2024-10-04 07:43:56::info::/v1/api/termOfService/createTermOfService::98b65d22-5a7e-45bb-8649-c950a8b43a2c::input-params ::POST::::{"content":"<p>\n        <strong>1. Điều khoản chung:</strong>\n    </p>\n    <p>\n        ...\n    </p>\n    <p>\n        <strong>2. Điều khoản thanh toán:</strong>\n    </p>\n    <p>\n        ...\n    </p>\n    <p>\n        <strong>3. Điều khoản sử dụng:</strong>\n    </p>\n    <p>\n        ...\n    </p>\n    <p>\n        <strong>4. Thời hạn và vận chuyển:</strong>\n    </p>\n    <p>\n        ...\n    </p>\n        ","title":"yyy","isAgreeTerms":true}
2024-10-04 07:43:56::info::/v1/api/termOfService/readTermOfServices::4eb46b0b-e2a2-4b5f-867b-2e9611ab52f7::input-params ::GET::::{}
2024-10-04 07:44:02::info::/v1/api/movement/readMovements::04c4d2d2-eef4-40e2-b05e-d80910e0ed50::input-params ::GET::::{}
2024-10-04 07:44:02::info::/v1/api/user/readUserProfile/66a5a6a373370474cf4eae1d::798a0f5e-e88f-4214-b670-5300c7d3e5d7::input-params ::GET::::{}
2024-10-04 07:44:02::info::/v1/api/termOfService/readTermOfServices::fc96b84e-a35a-42b0-ac4f-09e77921969c::input-params ::GET::::{}
2024-10-04 07:44:03::info::/v1/api/movement/readMovements::58354025-db34-40c3-89aa-92943ffd4cb4::input-params ::GET::::{}
2024-10-04 07:44:03::info::/v1/api/user/readUserProfile/66a5a6a373370474cf4eae1d::9314c01d-049a-4454-9670-c1fd53a29beb::input-params ::GET::::{}
2024-10-04 07:44:03::info::/v1/api/termOfService/readTermOfServices::f1cccfa0-13a0-4ce0-a531-72ffcd18e80e::input-params ::GET::::{}
2024-10-04 07:44:58::info::/v1/api/post/readBookmarkedPosts/66a5a6a373370474cf4eae1d::0d320f1e-a8c1-45e9-b011-e546880f53b7::input-params ::GET::::{}
2024-10-04 07:44:58::info::/v1/api/commissionService/readBookmarkedServices/66a5a6a373370474cf4eae1d::2abfaba4-0340-4eac-bd3d-ca015abe03db::input-params ::GET::::{}
2024-10-04 07:45:04::info::/v1/api/serviceCategory/readServiceCategoriesWithServices/66a5a6a373370474cf4eae1d::f695887e-62ac-41f8-a636-4b725a11aec2::input-params ::GET::::{}
2024-10-04 07:45:05::info::/v1/api/post/readPostCategoriesWithPosts/66a5a6a373370474cf4eae1d::5a60e5dd-06e8-4e41-9212-4ec49ead0bab::input-params ::GET::::{}
2024-10-04 07:45:06::info::/v1/api/termOfService/readTermOfServices::d93aa414-5ed2-4fe4-a53f-0c5b2e8560ab::input-params ::GET::::{}
2024-10-04 07:45:12::info::/v1/api/user/updateProfile/66a5a6a373370474cf4eae1d::dabfbd37-aa1e-4459-9153-0da8bad84cbb::input-params ::PATCH::::{"profileStatus":{"icon":"","title":"","expireAt":null},"referral":{"code":"c1f42cf1","referred":[]},"taxCode":{"code":"","isVerified":false,"message":""},"_id":"66a5a6a373370474cf4eae1d","stageName":"Adam Lil","fullName":"Pháp Lưu","email":"phapluu2k5tqt@gmail.com","role":"talent","jobTitle":"","avatar":"https://res.cloudinary.com/pastal/image/upload/v1724719952/fiyonce/profile/avatarOrCover/66a5a6a373370474cf4eae1d/cropped-image.jpg_2024-08-27T00-52-30.999Z.jpg","bg":"https://res.cloudinary.com/fiyonce/image/upload/v1722132182/fiyonce/profile/avatarOrCover/66a5a6a373370474cf4eae1d/GCqcscmaUAAo4WI.jpg.jpg","address":"Thành phố Quảng Ngãi","country":"Vietnam","dob":null,"socialLinks":["https://www.facebook.com/phap.luuquoc.9"],"views":668,"postBookmarks":["66a5ca17dea404a988c91a94","66a5cc01dea404a988c927e4","66a5cbe0dea404a988c92770","66a5cc1adea404a988c92836","66a5ca33dea404a988c91b7a","66a5fafb54ac59de697c5e66","66a5fc8854ac59de697c8263"],"status":"pending","followers":[{"_id":"66a5efa354ac59de697b23c3","fullName":"Quyen Tran","avatar":"https://res.cloudinary.com/fiyonce/image/upload/v1722151819/fiyonce/profile/avatarOrCover/66a5efa354ac59de697b23c3/retouch_2024072801342346.jpg_2024-07-28T07:30:19.479Z.jpg"},{"_id":"66a5ac2d73370474cf4eb369","fullName":"Yan Uri","avatar":"https://res.cloudinary.com/pastal/image/upload/v1723981278/fiyonce/profile/avatarOrCover/66a5ac2d73370474cf4eb369/cropped-image.jpg_2024-08-18T11-41-18.034Z.jpg"}],"following":[{"_id":"66a5d344e04363f345d52e5b","fullName":"Kuro daFloof","avatar":"https://res.cloudinary.com/fiyonce/image/upload/v1722143644/fiyonce/profile/avatarOrCover/66a5d344e04363f345d52e5b/7C9D9A5D-E2D0-4F82-BA67-7DA9877BB6FD.jpg.jpg"},{"_id":"66a5dfddca70ea1c3ee0bace","fullName":"Liizang","avatar":"https://res.cloudinary.com/fiyonce/image/upload/v1722147097/fiyonce/profile/avatarOrCover/66a5dfddca70ea1c3ee0bace/4%20khung%203.png.jpg"},{"_id":"66a5f1b254ac59de697b59f9","fullName":"Di Lập","avatar":"https://res.cloudinary.com/fiyonce/image/upload/v1722152063/fiyonce/profile/avatarOrCover/66a5f1b254ac59de697b59f9/DiLap_ava3.png_2024-07-28T07:34:22.225Z.jpg"},{"_id":"66a6047f54ac59de697d07d5","fullName":"Mx Sharkombank","avatar":"https://res.cloudinary.com/fiyonce/image/upload/v1722156515/fiyonce/profile/avatarOrCover/66a6047f54ac59de697d07d5/avatar.jpg_2024-07-28T08:48:34.368Z.jpg"}],"lastViewConversations":"2024-10-03T12:15:14.740Z","lastViewNotifications":"2024-07-28T02:02:11.515Z","createdAt":"2024-07-28T02:02:11.515Z","updatedAt":"2024-10-04T00:44:03.869Z","__v":73,"qrCode":"","accessToken":"eyJhbGciOiJIUzI1NiIsInR5cCI6IkpXVCJ9.eyJpZCI6IjY2YTVhNmEzNzMzNzA0NzRjZjRlYWUxZCIsImVtYWlsIjoicGhhcGx1dTJrNXRxdEBnbWFpbC5jb20iLCJpYXQiOjE3Mjc5NTYxOTAsImV4cCI6MTczMDU0ODE5MH0.qhmHLYroGt7_Wtf-GJ2_q473LajgZ23thx7py5KfCEw","bio":"Hế lu mn, mình tập làm artist, mong được giao lưu ạ :v","gender":"male","phone":"0374499251","pronoun":"","timeZone":"","badges":[{"badgeId":{"_id":"66cc0bf6d7a537aa266ba74e","title":"platformAmbassador","description":"fewgrrrrrrrrrrrrrrrrrrr","icon":"https://res.cloudinary.com/pastal/image/upload/v1724648438/fiyonce/admin/badges/rfgreg.png_2024-08-26T05-00-35.656Z.jpg","level":"easy","type":"platform_contributor"},"count":0,"progress":{"reference":{"currentProgress":1,"totalCriteria":10,"isComplete":false,"_id":"66cc0c2ad7a537aa266bb073"}},"isComplete":true,"awardedAt":null,"_id":"66cc0c2ad7a537aa266bb070"}],"googleId":"","cccd":"","commissionServiceBookmarks":["66a5e020ca70ea1c3ee0be2b"],"isPublicArchived":true,"workQueueUrl":"https://trello.com/b/DxDwAoal/commissions?fbclid=IwY2xjawFA7o9leHRuA2FlbQIxMAABHQ88lCaL84OXRrsMw5-oKKd9cJd14x1wYdNV79vMQRrl9REFl9eXVxi3xQ_aem_87n6hYqHaE4mwu0K8eFABw"}
2024-10-04 07:45:21::info::/v1/api/user/me::f7822850-616b-49f7-ac45-152b1efb6187::input-params ::GET::::{}
2024-10-04 07:45:21::info::/v1/api/movement/readMovements::6fee8731-0c24-4583-a6e6-7aee86f00b03::input-params ::GET::::{}
2024-10-04 07:45:21::info::/v1/api/user/readUserProfile/66a5a6a373370474cf4eae1d::ce79191f-2354-4b53-8c34-5433e5b3d70e::input-params ::GET::::{}
2024-10-04 07:45:21::info::/v1/api/termOfService/readTermOfServices::4b71ccc9-d28d-4719-99f6-6edb1c9dc152::input-params ::GET::::{}
2024-10-04 07:45:25::info::/v1/api/user/updateProfile/66a5a6a373370474cf4eae1d::23885a24-4275-497c-831f-437299a55809::input-params ::PATCH::::{"profileStatus":{"icon":"","title":""},"referral":{"code":"c1f42cf1","referred":[]},"taxCode":{"code":"","isVerified":false,"message":""},"_id":"66a5a6a373370474cf4eae1d","stageName":"Adam Lil","fullName":"Pháp Lưu","email":"phapluu2k5tqt@gmail.com","role":"talent","jobTitle":"","avatar":"https://res.cloudinary.com/pastal/image/upload/v1724719952/fiyonce/profile/avatarOrCover/66a5a6a373370474cf4eae1d/cropped-image.jpg_2024-08-27T00-52-30.999Z.jpg","bg":"https://res.cloudinary.com/fiyonce/image/upload/v1722132182/fiyonce/profile/avatarOrCover/66a5a6a373370474cf4eae1d/GCqcscmaUAAo4WI.jpg.jpg","address":"Thành phố Quảng Ngãi","country":"Vietnam","dob":null,"socialLinks":["https://www.facebook.com/phap.luuquoc.9"],"views":669,"postBookmarks":["66a5ca17dea404a988c91a94","66a5cc01dea404a988c927e4","66a5cbe0dea404a988c92770","66a5cc1adea404a988c92836","66a5ca33dea404a988c91b7a","66a5fafb54ac59de697c5e66","66a5fc8854ac59de697c8263"],"status":"pending","followers":[{"_id":"66a5efa354ac59de697b23c3","fullName":"Quyen Tran","avatar":"https://res.cloudinary.com/fiyonce/image/upload/v1722151819/fiyonce/profile/avatarOrCover/66a5efa354ac59de697b23c3/retouch_2024072801342346.jpg_2024-07-28T07:30:19.479Z.jpg"},{"_id":"66a5ac2d73370474cf4eb369","fullName":"Yan Uri","avatar":"https://res.cloudinary.com/pastal/image/upload/v1723981278/fiyonce/profile/avatarOrCover/66a5ac2d73370474cf4eb369/cropped-image.jpg_2024-08-18T11-41-18.034Z.jpg"}],"following":[{"_id":"66a5d344e04363f345d52e5b","fullName":"Kuro daFloof","avatar":"https://res.cloudinary.com/fiyonce/image/upload/v1722143644/fiyonce/profile/avatarOrCover/66a5d344e04363f345d52e5b/7C9D9A5D-E2D0-4F82-BA67-7DA9877BB6FD.jpg.jpg"},{"_id":"66a5dfddca70ea1c3ee0bace","fullName":"Liizang","avatar":"https://res.cloudinary.com/fiyonce/image/upload/v1722147097/fiyonce/profile/avatarOrCover/66a5dfddca70ea1c3ee0bace/4%20khung%203.png.jpg"},{"_id":"66a5f1b254ac59de697b59f9","fullName":"Di Lập","avatar":"https://res.cloudinary.com/fiyonce/image/upload/v1722152063/fiyonce/profile/avatarOrCover/66a5f1b254ac59de697b59f9/DiLap_ava3.png_2024-07-28T07:34:22.225Z.jpg"},{"_id":"66a6047f54ac59de697d07d5","fullName":"Mx Sharkombank","avatar":"https://res.cloudinary.com/fiyonce/image/upload/v1722156515/fiyonce/profile/avatarOrCover/66a6047f54ac59de697d07d5/avatar.jpg_2024-07-28T08:48:34.368Z.jpg"}],"lastViewConversations":"2024-10-03T12:15:14.740Z","lastViewNotifications":"2024-07-28T02:02:11.515Z","createdAt":"2024-07-28T02:02:11.515Z","updatedAt":"2024-10-04T00:45:21.294Z","__v":73,"qrCode":"","accessToken":"eyJhbGciOiJIUzI1NiIsInR5cCI6IkpXVCJ9.eyJpZCI6IjY2YTVhNmEzNzMzNzA0NzRjZjRlYWUxZCIsImVtYWlsIjoicGhhcGx1dTJrNXRxdEBnbWFpbC5jb20iLCJpYXQiOjE3Mjc5NTYxOTAsImV4cCI6MTczMDU0ODE5MH0.qhmHLYroGt7_Wtf-GJ2_q473LajgZ23thx7py5KfCEw","bio":"Hế lu mn, mình tập làm artist, mong được giao lưu ạ :v","gender":"male","phone":"0374499251","pronoun":"","timeZone":"","badges":[{"badgeId":{"_id":"66cc0bf6d7a537aa266ba74e","title":"platformAmbassador","description":"fewgrrrrrrrrrrrrrrrrrrr","icon":"https://res.cloudinary.com/pastal/image/upload/v1724648438/fiyonce/admin/badges/rfgreg.png_2024-08-26T05-00-35.656Z.jpg","level":"easy","type":"platform_contributor"},"count":0,"progress":{"reference":{"currentProgress":1,"totalCriteria":10,"isComplete":false,"_id":"66cc0c2ad7a537aa266bb073"}},"isComplete":true,"awardedAt":null,"_id":"66cc0c2ad7a537aa266bb070"}],"googleId":"","cccd":"","commissionServiceBookmarks":["66a5e020ca70ea1c3ee0be2b"],"isPublicArchived":true,"workQueueUrl":"https://trello.com/b/DxDwAoal/commissions?fbclid=IwY2xjawFA7o9leHRuA2FlbQIxMAABHQ88lCaL84OXRrsMw5-oKKd9cJd14x1wYdNV79vMQRrl9REFl9eXVxi3xQ_aem_87n6hYqHaE4mwu0K8eFABw"}
2024-10-04 07:45:32::info::/v1/api/news/readNewss::d9f852c6-e9a9-488e-bea8-aeae6883b379::input-params ::GET::::{}
2024-10-04 07:45:32::info::/v1/api/recommender/readPopularPosts::9d4eeafe-5843-4bb5-bd4f-7f04b0af11c1::input-params ::GET::::{"page":"1","limit":"10"}
2024-10-04 07:45:32::info::/v1/api/recommender/readPopularPosts::1ee888b8-dec8-428d-bcd9-6444ef612c3a::input-params ::GET::::{"page":"2","limit":"10"}
2024-10-04 07:45:33::info::/v1/api/recommender/readPopularPosts::6e5f685d-89ed-476b-88f4-685a7e2f9d0b::input-params ::GET::::{"page":"1","limit":"10"}
2024-10-04 07:45:38::info::/v1/api/recommender/readPopularPosts::387e74bf-87d9-42d5-80f9-f0f498fcaf0f::input-params ::GET::::{"page":"2","limit":"10"}
2024-10-04 07:45:40::info::/v1/api/recommender/readPopularPosts::9a344b42-7bc6-4705-bc11-d9c93fb40b12::input-params ::GET::::{"page":"3","limit":"10"}
2024-10-04 07:45:40::info::/v1/api/recommender/readPopularPosts::27b7567f-0350-4f61-b810-9bc612202622::input-params ::GET::::{"page":"4","limit":"10"}
2024-10-04 07:45:41::info::/v1/api/recommender/readPopularPosts::8ded04f3-e9e6-4a75-aba6-fec835efa42f::input-params ::GET::::{"page":"5","limit":"10"}
2024-10-04 07:45:43::info::/v1/api/recommender/readPopularPosts::9ca48e26-d029-420c-adea-862a203d954c::input-params ::GET::::{"page":"6","limit":"10"}
2024-10-04 07:45:43::info::/v1/api/recommender/readPopularPosts::a88ec5a9-cf51-4eb2-8dac-4b8d84364f00::input-params ::GET::::{"page":"7","limit":"10"}
2024-10-04 07:45:44::info::/v1/api/recommender/readPopularPosts::1ff0d269-5a80-4fa7-8dc2-256e55e48675::input-params ::GET::::{"page":"8","limit":"10"}
2024-10-04 07:45:45::info::/v1/api/recommender/readPopularPosts::29ab4306-108c-4723-b8ba-83eda246c0e3::input-params ::GET::::{"page":"9","limit":"10"}
2024-10-04 07:45:54::info::/v1/api/movement/readMovements::3945490e-c7e9-4937-845b-36e7cb881e36::input-params ::GET::::{}
2024-10-04 07:45:54::info::/v1/api/news/readNewss::0725caec-789b-4688-a3ea-4fad24cd93e4::input-params ::GET::::{}
2024-10-04 07:46:06::info::/v1/api/movement/readMovements::151eefb3-da5c-4e1a-8ce5-c22adced21ae::input-params ::GET::::{}
2024-10-04 07:46:06::info::/v1/api/news/readNewss::7cf8ba5d-92c5-4b3d-ba0f-cf67b3413166::input-params ::GET::::{}
2024-10-04 07:46:07::info::/v1/api/order/readOrders::620e7c0c-24b6-4c72-9ce7-fae16f2af918::input-params ::GET::::{"isDirect":"false","sortBy":"createdAt","sortOrder":"desc"}
2024-10-04 07:46:17::info::/v1/api/user/readUserProfile/66a5a6a373370474cf4eae1d::6482b8d7-4cbb-4969-8c22-2de148331746::input-params ::GET::::{}
2024-10-04 07:46:17::info::/v1/api/serviceCategory/readServiceCategoriesWithServices/66a5a6a373370474cf4eae1d::c3bd8916-832c-4aa1-82d5-d83e2a29aa60::input-params ::GET::::{}
2024-10-04 07:46:25::info::/v1/api/movement/readMovements::9f167c04-f13b-4f47-8021-aadbf881b577::input-params ::GET::::{}
2024-10-04 07:46:25::info::/v1/api/user/readUserProfile/66a5a6a373370474cf4eae1d::359b9e55-bff9-4b4b-ada6-49bc6539e1ff::input-params ::GET::::{}
2024-10-04 07:46:25::info::/v1/api/serviceCategory/readServiceCategoriesWithServices/66a5a6a373370474cf4eae1d::2308d15c-6d0e-4908-8e25-e77f3b9575d6::input-params ::GET::::{}
2024-10-04 07:46:31::info::/v1/api/post/readPostCategoriesWithPosts/66a5a6a373370474cf4eae1d::74baba3f-3b93-484d-84dc-23f872e5bdf0::input-params ::GET::::{}
2024-10-04 07:46:35::info::/v1/api/termOfService/readTermOfServices::53a1b962-b8e2-44d4-909f-d06dd808addf::input-params ::GET::::{}
2024-10-04 07:46:36::info::/v1/api/commissionService/readBookmarkedServices/66a5a6a373370474cf4eae1d::89684a3b-b769-4f26-b47d-da9c4377e4f0::input-params ::GET::::{}
2024-10-04 07:46:36::info::/v1/api/post/readBookmarkedPosts/66a5a6a373370474cf4eae1d::e024b8f9-a6e7-45c3-b5c5-b3dd781f208a::input-params ::GET::::{}
2024-10-04 07:46:41::info::/v1/api/termOfService/readTermOfServices::0e679739-7234-4b70-8174-b27911df66a0::input-params ::GET::::{}
2024-10-04 07:46:43::info::/v1/api/post/readPostCategoriesWithPosts/66a5a6a373370474cf4eae1d::fc67daa5-eac4-418e-a8aa-ecd6292389ea::input-params ::GET::::{}
2024-10-04 07:46:47::info::/v1/api/movement/readMovements::ba77af54-96bf-485c-97e6-ee99da1952c1::input-params ::GET::::{}
2024-10-04 07:46:47::info::/v1/api/user/readUserProfile/66a5a6a373370474cf4eae1d::0e5843b1-b261-412c-bbf7-08140ed97674::input-params ::GET::::{}
2024-10-04 07:46:47::info::/v1/api/post/readPostCategoriesWithPosts/66a5a6a373370474cf4eae1d::4079983c-f1cf-437d-a10f-6532ec9f6aba::input-params ::GET::::{}
2024-10-04 07:46:51::info::/v1/api/serviceCategory/readServiceCategoriesWithServices/66a5a6a373370474cf4eae1d::738d0e23-065a-4822-9759-ed3bb50c3708::input-params ::GET::::{}
2024-10-04 07:46:58::info::/v1/api/post/readPostCategoriesWithPosts/66a5a6a373370474cf4eae1d::e3ee5d3f-e107-4d69-96f3-88d90349fc7c::input-params ::GET::::{}
2024-10-04 07:47:06::info::/v1/api/movement/readMovements::78ac5049-2050-4591-8a9f-ee5164f0ef63::input-params ::GET::::{}
2024-10-04 07:47:06::info::/v1/api/user/readUserProfile/66a5a6a373370474cf4eae1d::10cc2f51-79b1-4863-ba69-e52b68ffbd37::input-params ::GET::::{}
2024-10-04 07:47:06::info::/v1/api/post/readPostCategoriesWithPosts/66a5a6a373370474cf4eae1d::4c15ecc9-aa32-4907-ad19-3c89979beab1::input-params ::GET::::{}
2024-10-04 07:47:12::info::/v1/api/serviceCategory/readServiceCategoriesWithServices/66a5a6a373370474cf4eae1d::3e6e096e-0d6a-4984-917e-3dbdcde581e7::input-params ::GET::::{}
2024-10-04 07:47:13::info::/v1/api/post/readPostCategoriesWithPosts/66a5a6a373370474cf4eae1d::99946207-9ad3-495a-b781-fab0b5a387cf::input-params ::GET::::{}
2024-10-04 07:47:14::info::/v1/api/termOfService/readTermOfServices::e9b1e86f-2f38-407b-9e4d-d5e7d69330fd::input-params ::GET::::{}
2024-10-04 07:47:27::info::/v1/api/termOfService/readTermOfServices::399986c2-df37-4068-b44b-935399d07c80::input-params ::GET::::{}
2024-10-04 07:47:39::info::/v1/api/termOfService/readTermOfServices::bcf82cc4-afa3-47f2-b31a-3ef025794f9c::input-params ::GET::::{}
2024-10-04 07:47:40::info::/v1/api/termOfService/readTermOfServices::bdca67c9-81be-4455-9ecb-1da8555a716e::input-params ::GET::::{}
2024-10-04 07:47:41::info::/v1/api/movement/readMovements::cf176ae9-0db6-4dbd-8816-3679f5538e7d::input-params ::GET::::{}
2024-10-04 07:47:41::info::/v1/api/user/readUserProfile/66a5a6a373370474cf4eae1d::645e8fa0-0afe-4be1-b4c2-004c76baad8f::input-params ::GET::::{}
2024-10-04 07:47:41::info::/v1/api/termOfService/readTermOfServices::98d850a5-890d-4f4f-853e-a4fb96bb66c6::input-params ::GET::::{}
2024-10-04 07:48:30::info::/v1/api/serviceCategory/readServiceCategoriesWithServices/66a5a6a373370474cf4eae1d::67678840-a3eb-4a54-9630-b20d9f4bbfdf::input-params ::GET::::{}
2024-10-04 07:48:32::info::/v1/api/post/readPostCategoriesWithPosts/66a5a6a373370474cf4eae1d::23ba10d9-df13-451e-9b96-01ba3d6a0f84::input-params ::GET::::{}
2024-10-04 07:48:44::info::/v1/api/order/readOrders::143133f3-0e93-47d8-9c91-16daba760ae3::input-params ::GET::::{"isDirect":"false","sortBy":"createdAt","sortOrder":"desc"}
2024-10-04 07:48:47::info::/v1/api/order/readOrder/66fe8c339b1ac0eff672291d::61f48bd2-4de8-4d0a-a564-1f1aae64b4f9::input-params ::GET::::{}
2024-10-04 07:48:49::info::/v1/api/user/readUserProfile/66a5a6a373370474cf4eae1d::17e5087b-08a0-42e0-addb-d2ec93d58458::input-params ::GET::::{}
2024-10-04 07:48:50::info::/v1/api/serviceCategory/readServiceCategoriesWithServices/66a5a6a373370474cf4eae1d::f9c404b3-e51a-4645-8d58-e67c42d3b063::input-params ::GET::::{}
2024-10-04 07:48:52::info::/v1/api/termOfService/readTermOfServices::f220c81d-320d-4e8a-9f0f-a46340560573::input-params ::GET::::{}
2024-10-04 07:48:53::info::/v1/api/termOfService/deleteTermOfService/66ff39848681da7eefbf6f1c::7806a944-e0ad-4f59-bd67-b51a15f46708::input-params ::DELETE::::{}
2024-10-04 07:48:54::info::/v1/api/termOfService/deleteTermOfService/66ff39848681da7eefbf6f1c::a301ff35-9d4a-4da8-bc51-65630f753c2a::input-params ::DELETE::::{}
2024-10-04 07:48:54::error::/v1/api/termOfService/deleteTermOfService/66ff39848681da7eefbf6f1c::a301ff35-9d4a-4da8-bc51-65630f753c2a::404 - 1ms - Response: {"status":404,"now":1728002934062}::{"message":"TermOfService not found"}
2024-10-04 07:48:56::info::/v1/api/termOfService/deleteTermOfService/66ff39e88681da7eefbf6f70::0b3c9b8c-19e7-40ff-a516-f8b7c7ec1f40::input-params ::DELETE::::{}
2024-10-04 07:48:56::info::/v1/api/termOfService/deleteTermOfService/66ff39e88681da7eefbf6f70::0ae9ad70-6930-40c3-bed6-16f4d8ff85a6::input-params ::DELETE::::{}
2024-10-04 07:48:56::error::/v1/api/termOfService/deleteTermOfService/66ff39e88681da7eefbf6f70::0ae9ad70-6930-40c3-bed6-16f4d8ff85a6::404 - 1ms - Response: {"status":404,"now":1728002936614}::{"message":"TermOfService not found"}
2024-10-04 07:48:57::info::/v1/api/termOfService/deleteTermOfService/66ff39848681da7eefbf6f1c::6f7df594-2140-4df7-89a1-f62731459c64::input-params ::DELETE::::{}
2024-10-04 07:48:57::error::/v1/api/termOfService/deleteTermOfService/66ff39848681da7eefbf6f1c::6f7df594-2140-4df7-89a1-f62731459c64::404 - 0ms - Response: {"status":404,"now":1728002937706}::{"message":"TermOfService not found"}
2024-10-04 07:48:57::info::/v1/api/termOfService/deleteTermOfService/66ff39848681da7eefbf6f1c::a9ff98f4-8cf7-4558-962f-d7e608e38f1a::input-params ::DELETE::::{}
2024-10-04 07:48:57::error::/v1/api/termOfService/deleteTermOfService/66ff39848681da7eefbf6f1c::a9ff98f4-8cf7-4558-962f-d7e608e38f1a::404 - 0ms - Response: {"status":404,"now":1728002937772}::{"message":"TermOfService not found"}
2024-10-04 07:48:58::info::/v1/api/termOfService/deleteTermOfService/66ff39848681da7eefbf6f1c::ba31a0a1-2c6e-400a-b3e0-46c606be7ab8::input-params ::DELETE::::{}
2024-10-04 07:48:58::error::/v1/api/termOfService/deleteTermOfService/66ff39848681da7eefbf6f1c::ba31a0a1-2c6e-400a-b3e0-46c606be7ab8::404 - 0ms - Response: {"status":404,"now":1728002938414}::{"message":"TermOfService not found"}
2024-10-04 07:48:58::info::/v1/api/termOfService/deleteTermOfService/66ff39848681da7eefbf6f1c::75e7772e-f4f7-4559-8745-a3d36cf8a048::input-params ::DELETE::::{}
2024-10-04 07:48:58::error::/v1/api/termOfService/deleteTermOfService/66ff39848681da7eefbf6f1c::75e7772e-f4f7-4559-8745-a3d36cf8a048::404 - 0ms - Response: {"status":404,"now":1728002938481}::{"message":"TermOfService not found"}
2024-10-04 07:49:03::info::/v1/api/termOfService/deleteTermOfService/66ff39848681da7eefbf6f1c::0760c1dd-ec89-4919-b2fc-0cb3e51a6c71::input-params ::DELETE::::{}
2024-10-04 07:49:03::error::/v1/api/termOfService/deleteTermOfService/66ff39848681da7eefbf6f1c::0760c1dd-ec89-4919-b2fc-0cb3e51a6c71::404 - 0ms - Response: {"status":404,"now":1728002943872}::{"message":"TermOfService not found"}
2024-10-04 07:49:03::info::/v1/api/termOfService/deleteTermOfService/66ff39848681da7eefbf6f1c::8f303028-a1d4-414b-9079-909b71cd34dc::input-params ::DELETE::::{}
2024-10-04 07:49:03::error::/v1/api/termOfService/deleteTermOfService/66ff39848681da7eefbf6f1c::8f303028-a1d4-414b-9079-909b71cd34dc::404 - 0ms - Response: {"status":404,"now":1728002943936}::{"message":"TermOfService not found"}
2024-10-04 07:49:24::info::/v1/api/movement/readMovements::fdd5b774-5d53-4035-979a-ccef7f1ad163::input-params ::GET::::{}
2024-10-04 07:49:24::info::/v1/api/user/readUserProfile/66a5a6a373370474cf4eae1d::8af71c7e-6745-4dc5-89c5-785d1d9161ef::input-params ::GET::::{}
2024-10-04 07:49:24::info::/v1/api/termOfService/readTermOfServices::5e61561f-db0d-425b-9b25-8a7074823ce4::input-params ::GET::::{}
2024-10-04 07:49:25::info::/v1/api/user/me::0f1670f8-3c0a-4e51-bc18-426b0e75a1af::input-params ::GET::::{}
2024-10-04 07:49:25::info::/v1/api/movement/readMovements::ad021b23-fdba-4137-86e0-05fe6b9cb3ac::input-params ::GET::::{}
2024-10-04 07:49:25::info::/v1/api/user/readUserProfile/66a5a6a373370474cf4eae1d::8af80c3f-be0d-4e9e-9deb-ad6fa6c17a3b::input-params ::GET::::{}
2024-10-04 07:49:25::info::/v1/api/termOfService/readTermOfServices::2fae411f-4867-4789-8de2-5b330862e0af::input-params ::GET::::{}
2024-10-04 07:50:28::info::/v1/api/termOfService/deleteTermOfService/66ff39e88681da7eefbf6f74::9d236fd6-af31-4b51-b223-7dcc0935fc3b::input-params ::DELETE::::{}
2024-10-04 07:50:29::info::/v1/api/termOfService/deleteTermOfService/66ff39e88681da7eefbf6f74::45ea7cff-6659-463a-ab2b-b3e040ac2160::input-params ::DELETE::::{}
2024-10-04 07:50:29::error::/v1/api/termOfService/deleteTermOfService/66ff39e88681da7eefbf6f74::45ea7cff-6659-463a-ab2b-b3e040ac2160::404 - 1ms - Response: {"status":404,"now":1728003029643}::{"message":"TermOfService not found"}
2024-10-04 07:51:59::info::/v1/api/movement/readMovements::cd5e41a8-35ee-426f-bb01-170876d05695::input-params ::GET::::{}
2024-10-04 07:51:59::info::/v1/api/user/readUserProfile/66a5a6a373370474cf4eae1d::3dffb2dc-cf6e-4390-9217-60ff2dbdecd9::input-params ::GET::::{}
2024-10-04 07:51:59::info::/v1/api/termOfService/readTermOfServices::705df49b-3b67-460d-9107-6479977db63d::input-params ::GET::::{}
2024-10-04 07:52:00::info::/v1/api/user/me::ff1dea52-44ec-402f-a409-9a3ca717d253::input-params ::GET::::{}
2024-10-04 07:52:01::info::/v1/api/movement/readMovements::06cd7df9-97e4-4f79-90c0-58802d353bb8::input-params ::GET::::{}
2024-10-04 07:52:01::info::/v1/api/user/readUserProfile/66a5a6a373370474cf4eae1d::93dccc68-dfb3-4ac9-b5e2-ac8cc7cf529d::input-params ::GET::::{}
2024-10-04 07:52:01::info::/v1/api/termOfService/readTermOfServices::7852a1a4-aa40-41c2-9037-8d08e082e70c::input-params ::GET::::{}
2024-10-04 07:52:11::info::/v1/api/movement/readMovements::124cb61c-9d2d-43e6-ab2b-de02972774e7::input-params ::GET::::{}
2024-10-04 07:52:11::info::/v1/api/user/readUserProfile/66a5a6a373370474cf4eae1d::69b289f9-e550-4dce-b82a-fbd0d7bfeb5f::input-params ::GET::::{}
2024-10-04 07:52:11::info::/v1/api/termOfService/readTermOfServices::b7b60bcc-b522-4ac7-a3c2-93299624c86a::input-params ::GET::::{}
2024-10-04 07:52:15::info::/v1/api/movement/readMovements::cd5dc256-c878-4eae-a912-46ca2ccbbf08::input-params ::GET::::{}
2024-10-04 07:52:15::info::/v1/api/user/readUserProfile/66a5a6a373370474cf4eae1d::783dbc67-d994-4f90-8ba1-667559fcbf4d::input-params ::GET::::{}
2024-10-04 07:52:15::info::/v1/api/termOfService/readTermOfServices::c9870109-75ec-4c73-b8cb-b11b3059056a::input-params ::GET::::{}
2024-10-04 07:52:19::info::/v1/api/movement/readMovements::da281a1f-9cfb-44be-a4d1-eb6ffbaf5ebd::input-params ::GET::::{}
2024-10-04 07:52:19::info::/v1/api/user/readUserProfile/66a5a6a373370474cf4eae1d::b3db0f59-b1aa-4afb-8635-47590066c204::input-params ::GET::::{}
2024-10-04 07:52:19::info::/v1/api/termOfService/readTermOfServices::ee2fc118-1cd5-4a5c-b520-3ad5ce6b73c1::input-params ::GET::::{}
2024-10-04 07:52:50::info::/v1/api/movement/readMovements::547b8e04-546b-4b4b-bbfd-8635cec37ca9::input-params ::GET::::{}
2024-10-04 07:52:50::info::/v1/api/user/readUserProfile/66a5a6a373370474cf4eae1d::3c6a4c80-b38a-44fd-a563-110f52f7a9a0::input-params ::GET::::{}
2024-10-04 07:52:50::info::/v1/api/termOfService/readTermOfServices::2571a472-bbd0-4d28-84b6-953302d62443::input-params ::GET::::{}
2024-10-04 07:52:52::info::/v1/api/movement/readMovements::7a1d39dd-0079-412a-ab8d-ae6e63180769::input-params ::GET::::{}
2024-10-04 07:52:52::info::/v1/api/user/readUserProfile/66a5a6a373370474cf4eae1d::a3dc2a66-16ac-4312-a658-40d318c9b358::input-params ::GET::::{}
2024-10-04 07:52:52::info::/v1/api/termOfService/readTermOfServices::009f506a-0e48-40e6-be6c-2e31a31c9e3f::input-params ::GET::::{}
2024-10-04 07:53:15::info::/v1/api/movement/readMovements::8681a75d-f703-497e-8ea4-580bdf54d15e::input-params ::GET::::{}
2024-10-04 07:53:15::info::/v1/api/user/readUserProfile/66a5a6a373370474cf4eae1d::3d61924c-758f-4e0d-86d4-27e9e32a8329::input-params ::GET::::{}
2024-10-04 07:53:15::info::/v1/api/termOfService/readTermOfServices::3517f700-0054-4bc4-95ed-f07420d95e6b::input-params ::GET::::{}
2024-10-04 07:53:36::info::/v1/api/movement/readMovements::c359dec9-51ef-4f9d-a73c-d9663c6cf9c8::input-params ::GET::::{}
2024-10-04 07:53:36::info::/v1/api/user/readUserProfile/66a5a6a373370474cf4eae1d::c4784d39-8737-4fc8-a7e8-ab3c2b26a0b7::input-params ::GET::::{}
2024-10-04 07:53:36::info::/v1/api/termOfService/readTermOfServices::658d66b7-2e03-4540-bb17-c36dd2be1877::input-params ::GET::::{}
2024-10-04 07:53:40::info::/v1/api/movement/readMovements::7ee85271-bbeb-49dc-bd14-9af697d67143::input-params ::GET::::{}
2024-10-04 07:53:40::info::/v1/api/user/readUserProfile/66a5a6a373370474cf4eae1d::390fffce-209b-453e-9ac6-2cd4bdbf9e3f::input-params ::GET::::{}
2024-10-04 07:53:40::info::/v1/api/termOfService/readTermOfServices::537f7d97-1e3b-4b9a-b1a1-5262febd2933::input-params ::GET::::{}
2024-10-04 07:53:43::info::/v1/api/termOfService/deleteTermOfService/66ff3a108681da7eefbf6ff5::3a5f9845-8006-4849-aafc-3293ff0a481a::input-params ::DELETE::::{}
2024-10-04 07:53:43::info::/v1/api/termOfService/deleteTermOfService/66ff3a108681da7eefbf6ff5::39a7b475-125c-4913-9cd7-9c66b94afda9::input-params ::DELETE::::{}
2024-10-04 07:53:43::error::/v1/api/termOfService/deleteTermOfService/66ff3a108681da7eefbf6ff5::39a7b475-125c-4913-9cd7-9c66b94afda9::404 - 0ms - Response: {"status":404,"now":1728003223704}::{"message":"TermOfService not found"}
2024-10-04 07:53:46::info::/v1/api/user/me::bf9769b5-2fc3-4240-bef6-371c184286a0::input-params ::GET::::{}
2024-10-04 07:53:46::info::/v1/api/movement/readMovements::4ab2a2c5-33f1-4cee-b1e5-f59b8dcb64bd::input-params ::GET::::{}
2024-10-04 07:53:46::info::/v1/api/user/readUserProfile/66a5a6a373370474cf4eae1d::3af87be1-146f-4d24-b281-21e894bec32c::input-params ::GET::::{}
2024-10-04 07:53:46::info::/v1/api/termOfService/readTermOfServices::2463249c-2670-4d93-a365-d7045fd70b6a::input-params ::GET::::{}
2024-10-04 07:53:59::info::/v1/api/movement/readMovements::b4b4fb2f-9bc0-4bcf-8839-cf4a9a6fb745::input-params ::GET::::{}
2024-10-04 07:53:59::info::/v1/api/user/readUserProfile/66a5a6a373370474cf4eae1d::c4155388-e96c-4191-af4a-147de19147ee::input-params ::GET::::{}
2024-10-04 07:53:59::info::/v1/api/termOfService/readTermOfServices::adadb35f-6091-4385-af06-587252f3cdc9::input-params ::GET::::{}
2024-10-04 07:54:59::info::/v1/api/movement/readMovements::d5651f9b-e0e2-4673-aeda-9aafe8776c2d::input-params ::GET::::{}
2024-10-04 07:54:59::info::/v1/api/user/readUserProfile/66a5a6a373370474cf4eae1d::67addfa8-f02a-4b22-a1da-2d0f85758f2e::input-params ::GET::::{}
2024-10-04 07:54:59::info::/v1/api/termOfService/readTermOfServices::5f234689-5098-4cad-8edc-c71bf718b2a6::input-params ::GET::::{}
2024-10-04 07:55:31::info::/v1/api/movement/readMovements::fcf0224c-3ce9-4864-99a5-75b120003e9e::input-params ::GET::::{}
2024-10-04 07:55:31::info::/v1/api/user/readUserProfile/66a5a6a373370474cf4eae1d::6a827b94-a4d1-4ab7-bc25-82325ffe1fc0::input-params ::GET::::{}
2024-10-04 07:55:31::info::/v1/api/termOfService/readTermOfServices::f1181833-1021-4cd6-8aad-19afd0bf4b94::input-params ::GET::::{}
2024-10-04 07:55:39::info::/v1/api/user/me::bd5008d1-735b-41d0-917c-9b36464f1361::input-params ::GET::::{}
2024-10-04 07:55:39::info::/v1/api/movement/readMovements::174bfbbe-a155-47da-bcb9-3bf243d4550b::input-params ::GET::::{}
2024-10-04 07:55:39::info::/v1/api/user/readUserProfile/66a5a6a373370474cf4eae1d::42cab60a-bf77-4907-ba34-6ca69ff50b9e::input-params ::GET::::{}
2024-10-04 07:55:39::info::/v1/api/termOfService/readTermOfServices::bddb64b9-8aaa-4aa1-9bcf-c166822becc7::input-params ::GET::::{}
2024-10-04 07:56:13::info::/v1/api/termOfService/readTermOfServices::dc36c4e3-461e-4699-99a7-659927b02fb1::input-params ::GET::::{}
2024-10-04 07:56:16::info::/v1/api/movement/readMovements::ca2b38df-34bc-46c9-ab96-31505f12baf8::input-params ::GET::::{}
2024-10-04 07:56:16::info::/v1/api/user/readUserProfile/66a5a6a373370474cf4eae1d::754f5d53-5673-41b5-8da4-c3e1fa26a456::input-params ::GET::::{}
2024-10-04 07:56:16::info::/v1/api/termOfService/readTermOfServices::bb2b78e3-5a16-4aba-ba01-d1e744a7491e::input-params ::GET::::{}
2024-10-04 07:56:25::info::/v1/api/termOfService/readTermOfServices::fa22a5ed-5e2a-4c29-9d05-1e9df7fb55cb::input-params ::GET::::{}
2024-10-04 07:56:26::info::/v1/api/termOfService/readTermOfServices::e031e1d3-4f3e-4514-bd2e-d1df7db2927c::input-params ::GET::::{}
2024-10-04 07:56:26::info::/v1/api/movement/readMovements::8f44829d-96c4-4b6a-b23c-41bcaee34e13::input-params ::GET::::{}
2024-10-04 07:56:26::info::/v1/api/user/readUserProfile/66a5a6a373370474cf4eae1d::04b4e655-eb50-4ec3-8230-7c588bd5044b::input-params ::GET::::{}
2024-10-04 07:56:26::info::/v1/api/termOfService/readTermOfServices::506ee6d5-a0a5-4fd6-a53e-1086e886dc6e::input-params ::GET::::{}
2024-10-04 07:56:29::info::/v1/api/movement/readMovements::fe0c7046-5278-40d1-8112-6ac90daef44b::input-params ::GET::::{}
2024-10-04 07:56:29::info::/v1/api/user/readUserProfile/66a5a6a373370474cf4eae1d::cf24df47-c874-4703-864a-a83035ce6be0::input-params ::GET::::{}
2024-10-04 07:56:29::info::/v1/api/termOfService/readTermOfServices::b2917d10-1572-443e-9d23-f4e18adf2af3::input-params ::GET::::{}
2024-10-04 07:56:43::info::/v1/api/termOfService/readTermOfServices::abbbd59e-8f41-4a19-b039-d5702189ae79::input-params ::GET::::{}
2024-10-04 07:56:45::info::/v1/api/movement/readMovements::0f985fb8-eabd-41f9-98b9-e97fc7286616::input-params ::GET::::{}
2024-10-04 07:56:45::info::/v1/api/user/readUserProfile/66a5a6a373370474cf4eae1d::1cc12e11-3af1-4772-beaa-a59f03c0321c::input-params ::GET::::{}
2024-10-04 07:56:45::info::/v1/api/termOfService/readTermOfServices::01994924-89bd-4b8c-8e64-88b3d7bf929b::input-params ::GET::::{}
2024-10-04 07:58:04::info::/v1/api/movement/readMovements::b4c0266f-24a4-4305-8536-f0265c4abb60::input-params ::GET::::{}
2024-10-04 07:58:04::info::/v1/api/user/readUserProfile/66a5a6a373370474cf4eae1d::120e5a74-5fdd-4c70-a6aa-07d44e6ec221::input-params ::GET::::{}
2024-10-04 07:58:04::info::/v1/api/termOfService/readTermOfServices::69cc11f1-1ff4-4f7c-a363-a408fcd8b6ca::input-params ::GET::::{}
2024-10-04 07:58:05::info::/v1/api/serviceCategory/readServiceCategoriesWithServices/66a5a6a373370474cf4eae1d::bbb23940-a5e0-4f53-a7b6-27054551d05c::input-params ::GET::::{}
2024-10-04 07:58:06::info::/v1/api/termOfService/readTermOfServices::27908727-7439-4500-a886-1d3f14e327a4::input-params ::GET::::{}
2024-10-04 07:58:47::info::/v1/api/serviceCategory/readServiceCategoriesWithServices/66a5a6a373370474cf4eae1d::68fb8852-3faa-4414-bc54-032aadd26053::input-params ::GET::::{}
2024-10-04 07:58:52::info::/v1/api/serviceCategory/readServiceCategoriesWithServices/66a5a6a373370474cf4eae1d::8a7ffb6b-44c8-406f-908a-6081cc1b557f::input-params ::GET::::{}
2024-10-04 07:58:57::info::/v1/api/serviceCategory/readServiceCategoriesWithServices/66a5a6a373370474cf4eae1d::781013a2-fb68-42e5-9744-91ac1ecc401b::input-params ::GET::::{}
2024-10-04 07:59:18::info::/v1/api/serviceCategory/readServiceCategoriesWithServices/66a5a6a373370474cf4eae1d::bf463d13-ad51-4e4c-851b-f661fbf94e9d::input-params ::GET::::{}
2024-10-04 07:59:29::info::/v1/api/serviceCategory/readServiceCategoriesWithServices/66a5a6a373370474cf4eae1d::b59ece28-4bfd-4863-96ce-605eeff54736::input-params ::GET::::{}
2024-10-04 07:59:33::info::/v1/api/serviceCategory/readServiceCategoriesWithServices/66a5a6a373370474cf4eae1d::d558565d-cd5d-469b-a3f0-c59d926b8507::input-params ::GET::::{}
2024-10-04 07:59:41::info::/v1/api/serviceCategory/readServiceCategoriesWithServices/66a5a6a373370474cf4eae1d::7cb98c39-44a4-4389-aa52-b548c6b4511a::input-params ::GET::::{}
2024-10-04 07:59:42::info::/v1/api/movement/readMovements::6ddf4868-4fb0-47a3-ad64-14d5ed69157f::input-params ::GET::::{}
2024-10-04 07:59:42::info::/v1/api/user/readUserProfile/66a5a6a373370474cf4eae1d::4b83cae4-acad-46b3-9f57-29879c8723ca::input-params ::GET::::{}
2024-10-04 07:59:42::info::/v1/api/serviceCategory/readServiceCategoriesWithServices/66a5a6a373370474cf4eae1d::449850f7-c505-4f4a-ba8a-3d5d686bc742::input-params ::GET::::{}
2024-10-04 07:59:43::info::/v1/api/post/readPostCategoriesWithPosts/66a5a6a373370474cf4eae1d::e40f4296-c159-4a1b-be9b-d06034533957::input-params ::GET::::{}
2024-10-04 07:59:44::info::/v1/api/serviceCategory/readServiceCategoriesWithServices/66a5a6a373370474cf4eae1d::bb5b1434-31be-4717-aef4-0bd88c80e12d::input-params ::GET::::{}
2024-10-04 07:59:47::info::/v1/api/post/readPostCategoriesWithPosts/66a5a6a373370474cf4eae1d::01c88bf3-4e6b-4841-b5b8-d18fc9961564::input-params ::GET::::{}
2024-10-04 07:59:47::info::/v1/api/termOfService/readTermOfServices::f7877155-a90e-4105-bee2-ddbfc7869b5a::input-params ::GET::::{}
2024-10-04 07:59:54::info::/v1/api/movement/readMovements::8ed0a1e2-5f48-478e-a6ab-d6c9b76c52da::input-params ::GET::::{}
2024-10-04 07:59:54::info::/v1/api/user/readUserProfile/66a5a6a373370474cf4eae1d::2587fb11-a223-466d-80a0-91c3d19313e0::input-params ::GET::::{}
2024-10-04 07:59:54::info::/v1/api/termOfService/readTermOfServices::de79bb2a-4aa3-445f-af8f-625d9c972106::input-params ::GET::::{}
2024-10-04 08:00:35::info::/v1/api/termOfService/readTermOfServices::aabbb38d-a123-4113-8964-4aae452653fd::input-params ::GET::::{}
2024-10-04 08:00:36::info::/v1/api/user/readUserProfile/66a5a6a373370474cf4eae1d::fbf92976-6d0d-4b31-8b25-82ad05f38cf2::input-params ::GET::::{}
2024-10-04 08:00:36::info::/v1/api/movement/readMovements::213a0e38-f977-4e84-ba97-34a859bee93b::input-params ::GET::::{}
2024-10-04 08:00:36::info::/v1/api/termOfService/readTermOfServices::e8de71ca-95c6-4023-9d61-07084f162150::input-params ::GET::::{}
