2024-07-23 07:29:38::error::/v1/api/access/users/verifyResetPasswordOtp::def727de-77b2-42ee-bf85-01f95ae07b86::404 - NaNms - Response: {"status":404}::{"message":"Not Found"}
2024-07-23 07:31:43::error::/v1/api/access/users/resetPassword::9e0dfd11-18a1-4642-aec8-3e8e83af8b78::404 - NaNms - Response: {"status":404}::{"message":"Not Found"}
2024-07-23 07:41:33::error::/v1/api/auth/users/forgotPassword::6889d51d-1392-42bb-9e60-9b9c8f536160::403 - 2ms - Response: {"status":403,"now":1721695293021}::{"message":"Error: OTP request limit reached for today"}
2024-07-23 07:48:58::error::/v1/api/order/createOrder::d44d093e-ca3a-4e85-a61d-3ce9028b6ae4::undefined - NaNms - Response: {}::{"message":"commissionService.findById is not a function"}
2024-07-23 07:52:33::error::/v1/api/order/createOrder::a0148ff5-f079-4e2a-9223-ffb3b332db54::401 - 2ms - Response: {"status":401,"now":1721695953716}::{"message":"Người này không phải là họa sĩ"}
2024-07-23 07:53:36::error::/v1/api/order/createOrder::5f14fea4-eaca-4d36-946f-636eaaad5d80::403 - 2ms - Response: {"status":403,"now":1721696016700}::{"message":"Bạn không thể tạo đơn hàng với bản thân"}
2024-07-23 07:53:55::error::/v1/api/order/createOrder::2af40dce-c280-4cca-96a3-3bd90f909a43::403 - 2ms - Response: {"status":403,"now":1721696035017}::{"message":"Bạn không thể tạo đơn hàng với bản thân"}
2024-07-23 07:54:02::error::/v1/api/order/createOrder::2354b87e-d206-4d1b-b048-76c2f793b682::403 - 6ms - Response: {"status":403,"now":1721696042091}::{"message":"Bạn không thể tạo đơn hàng với bản thân"}
2024-07-23 07:54:19::error::/v1/api/order/createOrder::e05ae8b9-f918-4044-ba55-5ce0694889f1::403 - 2ms - Response: {"status":403,"now":1721696059683}::{"message":"Bạn không thể tạo đơn hàng với bản thân"}
2024-07-23 08:02:52::error::/v1/api/order/createOrder::97872e1c-bb89-42d0-a639-d56d3f7069ad::403 - 3ms - Response: {"status":403,"now":1721696572806}::{"message":"Giá tối thiểu không thể nhỏ hơn giá tối thiểu của dịch vụ"}
2024-07-23 08:03:15::error::/v1/api/order/createOrder::eab485b6-ee1e-4101-8f10-85c579e2956f::403 - 4ms - Response: {"status":403,"now":1721696595580}::{"message":"Giá tối thiểu không thể nhỏ hơn giá tối thiểu của dịch vụ"}
2024-07-23 10:12:07::error::/v1/api/order/createOrder::cfbd166e-c136-4a12-8e70-099a286d5890::403 - 2ms - Response: {"status":403,"now":1721704327860}::{"message":"Giá tối thiểu không thể nhỏ hơn giá tối thiểu của dịch vụ"}
2024-07-23 10:13:47::error::/v1/api/order/createOrder::1b8cbf7d-6f1e-43e4-9d7f-2c8d9b795ef3::403 - 4ms - Response: {"status":403,"now":1721704427158}::{"message":"Giá tối thiểu không thể nhỏ hơn giá tối thiểu của dịch vụ"}
2024-07-23 10:14:11::error::/v1/api/order/createOrder::99dc2f5f-ecea-47b6-ae05-61d91c481e82::403 - 4ms - Response: {"status":403,"now":1721704451730}::{"message":"Giá tối đa không thể lớn hơn giá tối thiểu của dịch vụ"}
2024-07-23 10:16:05::error::/v1/api/order/createOrder::e368b165-636a-4e46-b0f0-4ee3b812cdac::403 - 3ms - Response: {"status":403,"now":1721704565909}::{"message":"Giá tối đa không thể lớn hơn giá tối thiểu của dịch vụ"}
2024-07-23 10:16:12::error::/v1/api/order/createOrder::d3d40433-ceea-4ec1-a390-e2552ca01361::403 - 6ms - Response: {"status":403,"now":1721704572405}::{"message":"Giá tối thiểu không thể nhỏ hơn giá tối thiểu của dịch vụ"}
2024-07-23 10:18:03::error::/v1/api/order/createOrder::5f060949-4406-4499-8c6c-4971fbb21928::403 - 1ms - Response: {"status":403,"now":1721704683532}::{"message":"Giá tối đa không thể lớn hơn giá tối thiểu của dịch vụ"}
2024-07-23 10:18:16::error::/v1/api/order/createOrder::a4cb00be-cc82-4d9a-86ef-a4409218ae21::403 - 6ms - Response: {"status":403,"now":1721704696721}::{"message":"Giá tối thiểu không thể nhỏ hơn giá tối thiểu của dịch vụ"}
2024-07-23 10:49:26::error::/v1/api/order/viewOrderHistory::ded733b9-d6fc-46bf-aace-c96589c4b4a9::404 - NaNms - Response: {"status":404}::{"message":"Not Found"}
2024-07-23 10:50:33::error::/v1/api/order/readMemberOrderHistory::5ccda1d2-6b41-46df-a909-88bdc991f8a5::401 - 2ms - Response: {"status":401,"now":1721706633468}::{"message":"You are not authenticated!"}
2024-07-23 10:53:25::error::/v1/api/order/readMemberOrderHistory::e610a82e-379e-443f-9388-3f169c09d0bb::401 - 1ms - Response: {"status":401,"now":1721706805819}::{"message":"Bạn cần đăng nhập để thực hiện thao tác này"}
2024-07-23 10:56:06::error::/v1/api/brief/updateOrder/66601a2dd3737cbcac3bc939::e44f913e-e58d-41b0-bac3-a66e282ad941::404 - NaNms - Response: {"status":404}::{"message":"Not Found"}
2024-07-23 10:56:17::error::/v1/api/order/updateOrder/66601a2dd3737cbcac3bc939::a7b51a9a-599c-4e8a-8c5f-aa32b6f2d0f1::404 - 0ms - Response: {"status":404,"now":1721706977158}::{"message":"Đơn hàng không tồn tại"}
2024-07-23 11:20:55::error::/v1/api/order/updateOrder/667cdb3d1daaaae0c76d8b16::e0eb2d60-6ce7-4d18-9bf7-99c66e9e2850::401 - 0ms - Response: {"status":401,"now":1721708455502}::{"message":"Bạn không có quyền thực hiện thao tác này"}
2024-07-23 11:22:15::error::/v1/api/order/updateOrder/669effb385c829fa30a7d093::8d016a2d-08e6-4c02-ada4-b8f37867231b::undefined - NaNms - Response: {}::{"message":"Cannot read properties of undefined (reading 'commissionServiceId')"}
2024-07-23 11:23:12::error::/v1/api/order/updateOrder/669effb385c829fa30a7d093::512d85b6-5a95-43bd-89ad-f2b29e90d3be::undefined - NaNms - Response: {}::{"message":"Cannot read properties of undefined (reading 'commissionServiceId')"}
2024-07-23 11:23:42::error::/v1/api/order/updateOrder/669effb385c829fa30a7d093::cdbb58b5-ddc4-4edd-93c0-a841adb035ed::undefined - NaNms - Response: {}::{"message":"Cannot read properties of undefined (reading 'commissionServiceId')"}
2024-07-23 11:24:05::error::/v1/api/order/updateOrder/669effb385c829fa30a7d093::fe18daae-dde2-4924-bcea-2a49a5444341::undefined - NaNms - Response: {}::{"message":"Cannot read properties of undefined (reading 'commissionServiceId')"}
2024-07-23 11:25:05::error::/v1/api/order/updateOrder/669effb385c829fa30a7d093::7c8bde6a-67e5-4786-9108-b05a2155091d::undefined - NaNms - Response: {}::{"message":"Cannot read properties of undefined (reading 'commissionServiceId')"}
2024-07-23 11:25:24::error::/v1/api/order/updateOrder/669effb385c829fa30a7d093::24d0e18f-e299-4ade-bc55-28f2e0224361::undefined - NaNms - Response: {}::{"message":"Cannot read properties of undefined (reading 'commissionServiceId')"}
2024-07-23 11:26:00::error::/v1/api/order/updateOrder/669effb385c829fa30a7d093::3c741d39-6a73-4f59-9310-0d136f747cee::undefined - NaNms - Response: {}::{"message":"Cannot read properties of undefined (reading 'commissionServiceId')"}
2024-07-23 11:26:08::error::/v1/api/order/updateOrder/669effb385c829fa30a7d093::b6517e6b-6f88-4626-9806-1bf687499669::undefined - NaNms - Response: {}::{"message":"Cannot read properties of undefined (reading 'commissionServiceId')"}
2024-07-23 11:26:23::error::/v1/api/order/updateOrder/669effb385c829fa30a7d093::f1bac275-62d1-4fc1-8adc-fa3abadca7e2::undefined - NaNms - Response: {}::{"message":"Cannot read properties of undefined (reading 'commissionServiceId')"}
2024-07-23 11:27:00::error::/v1/api/order/updateOrder/669effb385c829fa30a7d093::2ff573ed-3ccb-4e8a-8301-51b497a496b5::403 - 1ms - Response: {"status":403,"now":1721708820633}::{"message":"Không thể cập nhật các trường này"}
2024-07-23 11:27:06::error::/v1/api/order/updateOrder/669effb385c829fa30a7d093::deb3ef83-99d4-4064-9e96-61b794a4cfae::403 - 2ms - Response: {"status":403,"now":1721708826848}::{"message":"Không thể cập nhật các trường này"}
2024-07-23 11:27:10::error::/v1/api/order/updateOrder/669effb385c829fa30a7d093::46549ab5-1b09-4bec-901e-46da0ca8d265::403 - 0ms - Response: {"status":403,"now":1721708830044}::{"message":"Giá tối thiểu không thể lớn hơn giá tối đa"}
2024-07-23 11:27:39::error::/v1/api/order/updateOrder/669effb385c829fa30a7d093::12439e74-8473-4e9a-8e8f-0de9bf72eed2::403 - 1ms - Response: {"status":403,"now":1721708859966}::{"message":"Không thể cập nhật các trường này"}
2024-07-23 11:31:50::error::/v1/api/order/archiveOrder/669effb385c829fa30a7d093::443096a6-d3be-4975-9a10-ba7eec96e730::404 - NaNms - Response: {"status":404}::{"message":"Not Found"}
2024-07-23 11:32:09::error::/v1/api/order/archiveOrder/669effb385c829fa30a7d093::abed592e-00ba-49f9-998c-c4d72f0f827e::404 - NaNms - Response: {"status":404}::{"message":"Not Found"}
2024-07-23 11:39:09::error::/v1/api/order/readTalentOrderHistory::a88cd300-d3de-40b5-a111-ce0062a0a2b8::403 - 1ms - Response: {"status":403,"now":1721709549368}::{"message":"Bạn không phải là họa sĩ"}
2024-07-23 11:41:33::error::/v1/api/order/rejectOrdder/669effb385c829fa30a7d093::f1a6c8cc-9f77-492f-b665-cdcf8a266d27::404 - NaNms - Response: {"status":404}::{"message":"Not Found"}
2024-07-23 11:41:41::error::/v1/api/order/rejectOrder/669effb385c829fa30a7d093::0b8eb3c8-771e-423a-880f-a151eb360108::401 - 0ms - Response: {"status":401,"now":1721709701745}::{"message":"Bạn không có quyền thực hiện thao tác này"}
2024-07-23 11:47:27::error::/v1/api/order/unarchiveOrder/669effb385c829fa30a7d093::8fd55ad0-544b-417f-a48c-6f236358174f::404 - NaNms - Response: {"status":404}::{"message":"Not Found"}
2024-07-23 11:47:47::error::/v1/api/order/unarchiveOrder/669effb385c829fa30a7d093::9be501f7-c840-4192-afff-2251060ace21::404 - NaNms - Response: {"status":404}::{"message":"Not Found"}
2024-07-23 11:50:23::error::/v1/api/upload/profile/avatarOrCover/6660179bd3737cbcac3bc903::a42d4b43-8367-421e-947c-41ee0c549107::401 - 0ms - Response: {"status":401,"now":1721710223613}::{"message":"You can only set avatar/cover for your profile"}
2024-07-23 11:50:58::error::/v1/api/upload/profile/avatarOrCover/669ef8efb292c8dc4cd9b3c5::d9f8e485-c66c-4c5c-bada-539abc289a86::undefined - NaNms - Response: {"name":"MulterError","message":"Unexpected field","code":"LIMIT_UNEXPECTED_FILE","field":"file","storageErrors":[]}::{"message":"Unexpected field"}
2024-07-23 11:52:02::error::/v1/api/upload/profile/avatarOrCover/669ef8efb292c8dc4cd9b3c5::aab46d38-c76b-4d28-ab74-827cb27ceba1::undefined - NaNms - Response: {}::{"message":"Cannot destructure property 'buffer' of 'file' as it is undefined."}
2024-07-23 11:53:00::error::/v1/api/upload/profile/avatarOrCover/669ef8efb292c8dc4cd9b3c5::8f5b595e-d5ec-4e19-b3b5-e9c20aecdc11::403 - 0ms - Response: {"status":403,"now":1721710380512}::{"message":"Invalid type of update"}
2024-07-23 11:56:39::error::/v1/api/upload/profile/avatarOrCover/669ef8efb292c8dc4cd9b3c5::031fee85-56a2-48b1-988b-067a7b0c3d49::403 - 1ms - Response: {"status":403,"now":1721710599769}::{"message":"Thay đổi ảnh đại diện hoặc background không thành công"}
2024-07-23 12:05:36::error::/v1/api/notification/createNotification::68cb107d-a2e1-4a31-8871-15b31b567478::undefined - NaNms - Response: {"errors":{"url":{"name":"ValidatorError","message":"Path `url` is required.","properties":{"message":"Path `url` is required.","type":"required","path":"url"},"kind":"required","path":"url"}},"_message":"Notification validation failed","name":"ValidationError","message":"Notification validation failed: url: Path `url` is required."}::{"message":"Notification validation failed: url: Path `url` is required."}
2024-07-23 12:06:52::error::/v1/api/notification/readNotification/669f3a50f647c3b67c9cbc13::152f6603-e238-407d-9855-d5bfd927b284::404 - NaNms - Response: {"status":404}::{"message":"Not Found"}
2024-07-23 12:07:15::error::/v1/api/notification/readNotification/669f3a50f647c3b67c9cbc13::1e1738c3-f1a4-4dd2-bbb9-56be7e6ee7bb::undefined - NaNms - Response: {"stringValue":"\"{ receiverId: '669ef8efb292c8dc4cd9b3c5', _id: undefined }\"","valueType":"Object","kind":"ObjectId","value":{"receiverId":"669ef8efb292c8dc4cd9b3c5"},"path":"_id","reason":{},"name":"CastError","message":"Cast to ObjectId failed for value \"{ receiverId: '669ef8efb292c8dc4cd9b3c5', _id: undefined }\" (type Object) at path \"_id\" for model \"Notification\""}::{"message":"Cast to ObjectId failed for value \"{ receiverId: '669ef8efb292c8dc4cd9b3c5', _id: undefined }\" (type Object) at path \"_id\" for model \"Notification\""}
2024-07-23 12:10:09::error::/v1/api/notification/readNotification/669f3a50f647c3b67c9cbc13::33596728-c31c-4a21-b91d-adffe21358f8::undefined - NaNms - Response: {"stringValue":"\"{ receiverId: '669ef8efb292c8dc4cd9b3c5', _id: undefined }\"","valueType":"Object","kind":"ObjectId","value":{"receiverId":"669ef8efb292c8dc4cd9b3c5"},"path":"_id","reason":{},"name":"CastError","message":"Cast to ObjectId failed for value \"{ receiverId: '669ef8efb292c8dc4cd9b3c5', _id: undefined }\" (type Object) at path \"_id\" for model \"Notification\""}::{"message":"Cast to ObjectId failed for value \"{ receiverId: '669ef8efb292c8dc4cd9b3c5', _id: undefined }\" (type Object) at path \"_id\" for model \"Notification\""}
2024-07-23 12:10:51::error::/v1/api/notification/readNotification/669f3a50f647c3b67c9cbc13::6cab7081-8fd4-4a5d-9c66-c9fc18059570::undefined - NaNms - Response: {"stringValue":"\"{\n  receiverId: new ObjectId('669ef8efb292c8dc4cd9b3c5'),\n  _id: undefined\n}\"","valueType":"Object","kind":"ObjectId","value":{"receiverId":"669ef8efb292c8dc4cd9b3c5"},"path":"_id","reason":{},"name":"CastError","message":"Cast to ObjectId failed for value \"{\n  receiverId: new ObjectId('669ef8efb292c8dc4cd9b3c5'),\n  _id: undefined\n}\" (type Object) at path \"_id\" for model \"Notification\""}::{"message":"Cast to ObjectId failed for value \"{\n  receiverId: new ObjectId('669ef8efb292c8dc4cd9b3c5'),\n  _id: undefined\n}\" (type Object) at path \"_id\" for model \"Notification\""}
2024-07-23 12:12:52::error::/v1/api/notification/readNotifications::e632522c-660a-4fac-bd9c-138cd5bfac3f::404 - NaNms - Response: {"status":404}::{"message":"Not Found"}
2024-07-23 13:33:48::error::/v1/api/auth/users/login::7180c015-59af-4d9f-a5cc-76bddd76ecf8::403 - 1ms - Response: {"status":403,"now":1721716428097}::{"message":"Tài khoản chưa được đăng kí"}
2024-07-23 13:40:12::error::/v1/api/auth/users/verifyOtp::e3be673c-a270-403c-b7cc-080f0f43522d::403 - 1ms - Response: {"status":403,"now":1721716812222}::{"message":"Mã OTP không chính xác"}
2024-07-23 13:40:23::error::/v1/api/auth/users/verifyOtp::0ecc73e1-c5a3-48fd-b2f9-b644396f7bc3::403 - 0ms - Response: {"status":403,"now":1721716823082}::{"message":"Mã OTP không chính xác"}
2024-07-23 13:42:58::error::/v1/api/auth/users/verifyResetPasswordOtp::bd01d03f-9e34-4aaa-9eb4-3d872369d6f2::403 - 1ms - Response: {"status":403,"now":1721716978700}::{"message":"Mã OTP không chính xác"}
2024-07-23 13:43:05::error::/v1/api/auth/users/verifyResetPasswordOtp::9f880844-804c-4b95-a8fb-bc760c432423::403 - 1ms - Response: {"status":403,"now":1721716985288}::{"message":"Mã OTP không chính xác"}
2024-07-23 13:44:26::error::/v1/api/auth/users/resetPassword::635bf3ca-9a75-4e17-97f2-8c4254af7d6e::403 - 1ms - Response: {"status":403,"now":1721717066567}::{"message":"Mã OTP không chính xác"}
2024-07-23 14:19:16::error::/v1/api/upload/profile/avatarOrCover/669ef8efb292c8dc4cd9b3c5::9dcf5ab8-b799-4478-be8b-9364a6324d24::401 - 1ms - Response: {"status":401,"now":1721719156835}::{"message":"Bạn chỉ có thể thay đổi avatar hoặc background của bản thân"}
2024-07-23 14:20:00::error::/v1/api/upload/profile/avatarOrCover/669f5080b2ed10e519cbc81c::f5f1ac03-b9ea-471a-ba09-b226557f0cd6::403 - 1ms - Response: {"status":403,"now":1721719200931}::{"message":"Thay đổi ảnh đại diện hoặc background không thành công"}
2024-07-23 14:47:36::error::/v1/api/user/followUser/66601810d3737cbcac3bc91e::796b7d8d-d593-4f29-a236-bf4683cb8d22::403 - 2ms - Response: {"status":403,"now":1721720856258}::{"message":"You already follow this user"}
2024-07-23 14:47:54::error::/v1/api/user/followUser/669f5080b2ed10e519cbc81c::1dbb9df9-c0a4-4042-83fa-c9ae029dc0a8::403 - 0ms - Response: {"status":403,"now":1721720874557}::{"message":"You can't follow yourself"}
2024-07-23 15:47:28::error::/v1/api/user/updateUserProfile/:profileId::2acb6f62-604c-458f-a58c-df9fe9920548::400 - NaNms - Response: {"expose":true,"statusCode":400,"status":400,"body":"{\r\n    \"stageName\":\"luuBi\",\r\n    \"fullName\": \"PhapLuQuoc\",\r\n    \"address\" : \"406 le Loi\",\r\n    \"bio\" : \"Thí í my bio\",\r\n    \"gender\" : \"male\",\r\n    \r\n}","type":"entity.parse.failed"}::{"message":"Unexpected token } in JSON at position 150"}
2024-07-23 15:47:34::error::/v1/api/user/updateUserProfile/:profileId::a7e28fef-d6b6-4b40-87d4-74c8ad249af7::404 - NaNms - Response: {"status":404}::{"message":"Not Found"}
2024-07-23 15:48:14::error::/v1/api/user/updateUserProfile/66601810d3737cbcac3bc91e::8542ddfc-235b-4d51-87fa-e7de4ff85f57::404 - NaNms - Response: {"status":404}::{"message":"Not Found"}
2024-07-23 15:49:11::error::/v1/api/user/updateUserProfile/66601810d3737cbcac3bc91e::e4582200-0319-4978-8606-440e37930ab8::404 - NaNms - Response: {"status":404}::{"message":"Not Found"}
2024-07-23 15:49:51::error::/v1/api/user/updateUserProfile::b9a3c768-1032-49d3-a2d1-24c9991d2e39::undefined - NaNms - Response: {}::{"message":"console.lof is not a function"}
2024-07-23 15:50:06::error::/v1/api/user/updateUserProfile::f9273878-01bd-4141-9d6c-1a91676d3b31::403 - 1ms - Response: {"status":403,"now":1721724606514}::{"message":"Không thể cập nhật thông tin này"}
2024-07-23 15:50:15::error::/v1/api/user/updateUserProfile::751144f9-deef-4201-950c-7ff85ba68fe9::400 - NaNms - Response: {"expose":true,"statusCode":400,"status":400,"body":"{\r\n    \"stageName\":\"luuBi\",\r\n    \"fullName\": \"PhapLuQuoc\",\r\n    \"address\" : \"406 le Loi\",\r\n    \"bio\" : \"This is my bio\",\r\n    \"gender\" : \"male\",\r\n    \"jobTitle\" : \"Freelancer\",\r\n    \"qrCode\" : \"afsdf\",\r\n    \"accessToken\" : \"sdfsf\",\r\n    \"email\" : \"dsfsdf\",\r\n\r\n}","type":"entity.parse.failed"}::{"message":"Unexpected token } in JSON at position 260"}
2024-07-23 15:50:18::error::/v1/api/user/updateUserProfile::1aa808b5-77c8-42ee-b438-8261ad2a3325::403 - 2ms - Response: {"status":403,"now":1721724618145}::{"message":"Không thể cập nhật thông tin này"}
2024-07-23 15:50:24::error::/v1/api/user/updateUserProfile::a06b6f34-439d-4a61-9b0e-1d6f53906f51::403 - 0ms - Response: {"status":403,"now":1721724624415}::{"message":"Không thể cập nhật thông tin này"}
2024-07-23 15:52:28::error::/v1/api/user/updateUserProfile::dba2664e-b291-4be9-92a6-f3a6e27506e8::403 - 1ms - Response: {"status":403,"now":1721724748225}::{"message":"Chỉ tài khoản họa sĩ mới có thể cập nhật nghề nghiệp"}
2024-07-23 15:52:34::error::/v1/api/user/updateUserProfile::60fb2b6f-a9db-4a42-bd22-547fb325c915::403 - 0ms - Response: {"status":403,"now":1721724754022}::{"message":"Chỉ tài khoản họa sĩ mới có thể cập nhật nghề nghiệp"}
2024-07-23 16:05:21::error::/v1/api/post/readPost/669bbe408c48291a3682b690::8db37dbf-5e64-4649-a92a-d2296f456e3f::undefined - NaNms - Response: {}::{"message":"Xem bài viết không thành công"}
2024-07-23 16:06:52::error::/v1/api/post/readPost/669bbe408c48291a3682b690::d59d7156-39fb-40f9-b9cb-8545ad5ec504::undefined - NaNms - Response: {}::{"message":"Xem bài viết không thành công"}
2024-07-23 16:07:49::error::/v1/api/post/readPost/669bbe408c48291a3682b690::74e9c610-2f94-490f-9fa5-a537a48a7b30::undefined - NaNms - Response: {}::{"message":"Xem bài viết không thành công"}
2024-07-23 16:08:50::error::/v1/api/post/readPost/669bbe408c48291a3682b690::417a3dc4-105a-41ef-a893-b59fa8afc412::undefined - NaNms - Response: {}::{"message":"Xem bài viết không thành công"}
2024-07-23 16:10:01::error::/v1/api/post/readPost/669bbe408c48291a3682b690::3f620286-38c0-490e-9688-c515aa56b701::undefined - NaNms - Response: {}::{"message":"Xem bài viết không thành công"}
2024-07-23 16:10:44::error::/v1/api/post/readPost/669bbe408c48291a3682b690::31a74f44-289f-4cd6-bad6-77c3f93a5ea2::undefined - NaNms - Response: {}::{"message":"Xem bài viết không thành công"}
2024-07-23 16:12:11::error::/v1/api/post/readPost/669bbe408c48291a3682b690::dbc19108-5b94-49d3-8961-00d3afb6b503::undefined - NaNms - Response: {}::{"message":"Xem bài viết không thành công"}
2024-07-23 16:12:30::error::/v1/api/post/readPost/669bbe408c48291a3682b690::240ea5d5-67a3-4281-9521-81e884efbf8e::undefined - NaNms - Response: {}::{"message":"Xem bài viết không thành công"}
2024-07-23 16:13:32::error::/v1/api/post/readPost/669bbe408c48291a3682b690::c4d7671c-5ac1-4638-9638-8ba50561a90d::undefined - NaNms - Response: {}::{"message":"Xem bài viết không thành công"}
2024-07-23 16:18:24::error::/v1/api/post/readPost/669bbe408c48291a3682b690::89a5e216-73e2-4dea-b129-207036f46b56::undefined - NaNms - Response: {}::{"message":"Xem bài viết không thành công"}
2024-07-23 16:35:49::error::/v1/api/post/readPostsOfTalent/66601810d3737cbcac3bc91e::ed6c304d-92f1-4144-9195-aa1d87d925c5::undefined - NaNms - Response: {}::{"message":"PostService.readPostsOfTalent is not a function"}
2024-07-23 16:42:49::error::/v1/api/post/likePost/669bbe408c48291a3682b690::9cda99a6-bafd-400d-a7a5-cd087e6daaf1::401 - 1ms - Response: {"status":401,"now":1721727769446}::{"message":"Bạn cần đăng nhập để thực hiện thao tác này"}
2024-07-23 17:08:28::error::/v1/api/conversation/readConversationWithOtherMember/66601810d3737cbcac3bc91e::1c2e1de8-230a-4840-b438-82fec14b76b6::403 - 0ms - Response: {"status":403,"now":1721729308612}::{"message":"Không thể xem đoạn hội thoại với chính mình"}
2024-07-23 17:47:47::error::/v1/api/conversation/sendMessage::761e2ea9-85dd-494b-b70c-095b28e80630::undefined - NaNms - Response: {}::{"message":"Không thể gửi tin nhắn"}
2024-07-23 17:48:24::error::/v1/api/conversation/sendMessage::6dbe3235-a9cb-4e40-ae7f-bbae8fb69c2b::undefined - NaNms - Response: {}::{"message":"Không thể gửi tin nhắn"}
2024-07-23 17:49:33::error::/v1/api/conversation/sendMessage::5f48c6ac-1722-4e3f-a958-1d9e32d37b59::undefined - NaNms - Response: {}::{"message":"Không thể gửi tin nhắn"}
2024-07-23 17:49:56::error::/v1/api/conversation/sendMessage::5e8c297f-4a94-4e5d-96da-deeeef5a5d2f::undefined - NaNms - Response: {}::{"message":"Không thể gửi tin nhắn"}
2024-07-23 17:50:29::error::/v1/api/conversation/sendMessage::0a6ab183-ba8f-444b-8961-fdc019d64f8e::undefined - NaNms - Response: {}::{"message":"Không thể gửi tin nhắn"}
2024-07-23 17:50:59::error::/v1/api/conversation/sendMessage::06fded16-1c35-43f2-90ec-db9732b3bc76::undefined - NaNms - Response: {}::{"message":"Không thể gửi tin nhắn"}
2024-07-23 17:51:47::error::/v1/api/conversation/sendMessage::d75b9d87-fc31-4b04-9b9e-ea7c982cae37::undefined - NaNms - Response: {}::{"message":"Không thể gửi tin nhắn"}
2024-07-23 18:01:45::error::/v1/api/conversation/sendMessage::870ad95b-bb04-4421-b5a6-bc4ffbbecd48::undefined - NaNms - Response: {}::{"message":"Không thể gửi tin nhắn"}
2024-07-23 18:05:34::error::/v1/api/conversation/sendMessage::2b34b356-b62e-4aa1-b4ba-dd5a05a76fe6::undefined - NaNms - Response: {}::{"message":"Không thể gửi tin nhắn"}
2024-07-23 18:07:28::error::/v1/api/conversation/sendMessage::15362a34-102c-4f6d-b4f0-49c4d5017971::undefined - NaNms - Response: {}::{"message":"Không thể gửi tin nhắn"}
2024-07-23 18:07:50::error::/v1/api/conversation/sendMessage::84d14821-c77c-4a42-a385-5acf2aafce6f::undefined - NaNms - Response: {}::{"message":"Không thể gửi tin nhắn"}
2024-07-23 18:48:59::error::/v1/api/order/createOrder::15129263-0aeb-45a5-9c70-75eba152c412::undefined - NaNms - Response: {"stringValue":"\"66601810d3737cbcac3bc91r\"","valueType":"string","kind":"ObjectId","value":"66601810d3737cbcac3bc91r","path":"_id","reason":{},"name":"CastError","message":"Cast to ObjectId failed for value \"66601810d3737cbcac3bc91r\" (type string) at path \"_id\" for model \"User\""}::{"message":"Cast to ObjectId failed for value \"66601810d3737cbcac3bc91r\" (type string) at path \"_id\" for model \"User\""}
2024-07-23 18:49:06::error::/v1/api/order/createOrder::fbc8d2fc-0d05-43e2-a0af-e2aa32fb1c45::403 - 2ms - Response: {"status":403,"now":1721735346690}::{"message":"Họa sĩ không tồn tại"}
2024-07-23 18:49:21::error::/v1/api/order/createOrder::c7fa5217-de6e-4394-a824-4eab3043352d::403 - 0ms - Response: {"status":403,"now":1721735361040}::{"message":"Dịch vụ không tồn tại"}
2024-07-23 18:49:54::error::/v1/api/order/createOrder::fa17361f-a629-4be6-91e0-bd6d26baf83a::403 - 0ms - Response: {"status":403,"now":1721735394180}::{"message":"Bạn không thể tạo đơn hàng với bản thân"}
2024-07-23 18:50:22::error::/v1/api/order/createOrder::36778118-3b07-417f-80c3-17b5c2193a92::401 - 0ms - Response: {"status":401,"now":1721735422823}::{"message":"Người này không phải là họa sĩ"}
2024-07-23 18:50:36::error::/v1/api/order/createOrder::800b857b-a7d2-472f-829b-3324964e4c94::403 - 1ms - Response: {"status":403,"now":1721735436534}::{"message":"Giá tối đa không thể lớn hơn giá tối thiểu của dịch vụ"}
2024-07-23 18:51:25::error::/v1/api/order/createOrder::2c0bbc1e-a15a-4658-a644-ef74972ff875::403 - 2ms - Response: {"status":403,"now":1721735485339}::{"message":"Giá tối đa không thể nhỏ hơn giá tối thiểu"}
2024-07-23 18:51:50::error::/v1/api/order/createOrder::027323c1-003e-47b1-8115-737bfeba091e::403 - 2ms - Response: {"status":403,"now":1721735510921}::{"message":"Giá tối thiểu không thể nhỏ hơn giá tối thiểu của dịch vụ"}
2024-07-23 18:53:46::error::/v1/api/order/readTalentOrderHistory::77e7d671-4eec-4914-bc4c-236ea8683965::403 - 0ms - Response: {"status":403,"now":1721735626305}::{"message":"Bạn không phải là họa sĩ"}
2024-07-23 18:59:24::error::/v1/api/order/updateOrder/669f99826d20bc092ea5e51e::4120d4b3-d817-4923-a960-477315e6c02b::404 - 1ms - Response: {"status":404,"now":1721735964683}::{"message":"Đơn hàng không tồn tại"}
2024-07-23 18:59:40::error::/v1/api/order/updateOrder/669f99826d20bc092ea5e51d::4d045e6e-4acd-4276-8c5c-372d9d4b84a8::403 - 1ms - Response: {"status":403,"now":1721735980886}::{"message":"Không thể cập nhật các trường này"}
2024-07-23 18:59:48::error::/v1/api/order/updateOrder/669f99826d20bc092ea5e51d::816e4504-10be-45a2-9e9a-bea31ac23d57::403 - 0ms - Response: {"status":403,"now":1721735988178}::{"message":"Giá tối thiểu không thể lớn hơn giá tối đa"}
2024-07-23 20:44:15::error::/v1/api/talentRequest/requestUpgradingToTalent::758a5ba3-a1fd-42ba-89af-c60ed2860503::403 - 2ms - Response: {"status":403,"now":1721742255756}::{"message":"Hãy nhập đầy đủ những thông tin bắt buộc"}
2024-07-23 20:46:56::error::/v1/api/talentRequest/viewTalentRequest/669fb3b935a55e7adc4c5587::19a2a40d-41e6-43e6-b40a-ea86a8cfb457::404 - NaNms - Response: {"status":404}::{"message":"Not Found"}
2024-07-23 20:54:14::error::/v1/api/talentRequest/readTalentRequestStatus/669fb3b935a55e7adc4c5587::8499849e-0bef-4d44-8851-b0b1f92c11db::404 - NaNms - Response: {"status":404}::{"message":"Not Found"}
2024-07-23 21:00:28::error::/v1/api/talentRequest/upgradeRoleToTalent/669fb3b935a55e7adc4c5587::2a81c308-cd94-439c-b149-25d9b498e251::403 - 0ms - Response: {"status":403,"now":1721743228981}::{"message":"Yêu cầu này đã được chấp nhận"}
2024-07-23 21:04:14::error::/v1/api/talentRequest/denyTalentRequest/669fb3b935a55e7adc4c5587::65f6f003-78e0-4d6d-afbf-df11b44a34a9::403 - 1ms - Response: {"status":403,"now":1721743454335}::{"message":"Người này đã là họa sĩ"}
2024-07-23 21:04:45::error::/v1/api/talentRequest/viewTalentRequests::a7c9411d-ee56-4b06-9c00-b0b247952547::404 - NaNms - Response: {"status":404}::{"message":"Not Found"}
2024-07-23 21:04:53::error::/v1/api/talentRequest/readTalentRequests::9e595817-6bfb-4a4b-b92c-966665f486a4::404 - NaNms - Response: {"status":404}::{"message":"Not Found"}
2024-07-23 21:19:17::error::/v1/api/artworkCategory/readArtworkCategories/66601810d3737cbcac3bc91e::461ec859-3d87-4bf4-bc0d-7cacdfd42355::404 - NaNms - Response: {"status":404}::{"message":"Not Found"}
2024-07-23 21:19:31::error::/v1/api/artworkCategory/readArtworkCategories/669f5080b2ed10e519cbc81c::4901e242-78e4-4904-a715-7c8e898ce33a::404 - NaNms - Response: {"status":404}::{"message":"Not Found"}
2024-07-23 21:20:08::error::/v1/api/postCategory/updatePostCategory/669f5080b2ed10e519cbc81c::9859384e-fcdb-4641-8d24-b7dddaf5b866::404 - 0ms - Response: {"status":404,"now":1721744408475}::{"message":"Dịch vụ không tồn tại"}
2024-07-23 21:22:25::error::/v1/api/post/createPost::f619ab05-188a-40b8-8ca9-8894d793c2e3::403 - 1ms - Response: {"status":403,"now":1721744545715}::{"message":"Hãy cung cấp những mục bắt buộc"}
2024-07-23 21:22:32::error::/v1/api/post/createPost::c1af2bd4-e148-4065-8874-73d69aed67ae::403 - 1ms - Response: {"status":403,"now":1721744552142}::{"message":"Hãy cung cấp ảnh"}
2024-07-23 21:22:35::error::/v1/api/post/createPost::7a95ef1b-b615-4d2e-84f2-8cba540d8014::403 - 0ms - Response: {"status":403,"now":1721744555813}::{"message":"Hãy cung cấp những mục bắt buộc"}
2024-07-23 21:22:43::error::/v1/api/post/createPost::f6d18828-2969-4488-98a4-1b9746b0ac8b::403 - 0ms - Response: {"status":403,"now":1721744563332}::{"message":"Hãy cung cấp những mục bắt buộc"}
2024-07-23 21:22:52::error::/v1/api/post/createPost::5fe33fc0-00ea-4294-b7fe-1a46ab750e78::403 - 0ms - Response: {"status":403,"now":1721744572758}::{"message":"Hãy cung cấp những mục bắt buộc"}
2024-07-23 21:23:05::error::/v1/api/post/createPost::e1bb4635-476a-445d-8892-14d2fff3a9f4::403 - 0ms - Response: {"status":403,"now":1721744585634}::{"message":"Tạo đơn hàng không thành công"}
2024-07-23 21:25:43::error::/v1/api/post/createPost::23859d26-42b7-41f7-ad13-252709a5cf20::403 - 0ms - Response: {"status":403,"now":1721744743577}::{"message":"Hãy cung cấp những mục bắt buộc"}
2024-07-23 21:27:16::error::/v1/api/post/createPost::fda9e429-4f30-4aba-90e7-03d78ac8dac4::404 - 1ms - Response: {"status":404,"now":1721744836709}::{"message":"Trường phái không tồn tại"}
2024-07-23 21:27:24::error::/v1/api/post/createPost::4559f95b-8267-4dd7-a1ba-a42d0d3d0498::404 - 3ms - Response: {"status":404,"now":1721744844610}::{"message":"Thể loại không tồn tại"}
2024-07-23 21:32:32::error::/v1/api/post/readPostCategoriesWithPosts/669f5080b2ed10e519cbc81d::67d66344-9fc6-475c-a2a9-58833ea830d8::404 - 0ms - Response: {"status":404,"now":1721745152652}::{"message":"Họa sĩ không tồn tại"}
2024-07-23 21:34:19::error::/v1/api/post/updatePost/669fbd9a9f43a9cc713f9cab::f6b485e7-65b0-4868-9a21-ddb7266a2d2c::404 - 1ms - Response: {"status":404,"now":1721745259032}::{"message":"Bài viết không tồn tại"}
2024-07-23 21:42:14::error::/v1/api/postCategory/updatePostCategory/669fbbb904d757fc09caf225::40c6641b-66cd-4a99-9181-b9607c0fcd59::404 - 0ms - Response: {"status":404,"now":1721745734339}::{"message":"Thể loại không tồn tại"}
2024-07-23 21:45:05::error::/v1/api/termOfService/createTermOfService::9dba5d9d-d113-4ab5-9bd9-1a790a46198f::undefined - NaNms - Response: {"errors":{"title":{"name":"ValidatorError","message":"Path `title` is required.","properties":{"message":"Path `title` is required.","type":"required","path":"title"},"kind":"required","path":"title"}},"_message":"TermOfService validation failed","name":"ValidationError","message":"TermOfService validation failed: title: Path `title` is required."}::{"message":"TermOfService validation failed: title: Path `title` is required."}
2024-07-23 07:33:52::error::/v1/api/notification/createNotification::9d5a1216-c20e-46c9-b01c-85923ed84a30::403 - 1ms - Response: {"status":403,"now":1721694832418}::{"message":"Please provide all required fields"}
2024-07-23 07:33:53::error::/v1/api/notification/createNotification::f7555317-3147-496e-b268-78f33db00fc6::403 - 1ms - Response: {"status":403,"now":1721694833237}::{"message":"Please provide all required fields"}
2024-07-23 07:33:54::error::/v1/api/notification/createNotification::2d2b2559-7d3c-4d66-88a9-4fad83e232de::403 - 0ms - Response: {"status":403,"now":1721694834108}::{"message":"Please provide all required fields"}
2024-07-23 07:35:05::error::/v1/api/user/me::f418b799-c0ee-4fc0-b2ff-0349e55ce939::403 - 0ms - Response: {"status":403,"now":1721694905361}::{"message":"Access token missing"}
2024-07-23 07:35:18::error::/v1/api/order/readTalentOrderHistory::44f1fc1d-734c-4eed-9243-035a9d48ad18::403 - 0ms - Response: {"status":403,"now":1721694918376}::{"message":"You are not a talent!"}
2024-07-23 07:35:21::error::/v1/api/order/readTalentOrderHistory::5c9eb913-f3f3-4088-a226-deafaee314b0::403 - 1ms - Response: {"status":403,"now":1721694921251}::{"message":"You are not a talent!"}
2024-07-23 07:36:36::error::/v1/api/order/readTalentOrderHistory::20531d38-8dbc-4018-b528-e9d95c54d02c::403 - 0ms - Response: {"status":403,"now":1721694996005}::{"message":"You are not a talent!"}
2024-07-23 07:37:28::error::/v1/api/order/readTalentOrderHistory::1510cfe5-59e0-4758-a4b7-5cc1e2733f12::403 - 0ms - Response: {"status":403,"now":1721695048989}::{"message":"You are not a talent!"}
2024-07-23 07:37:55::error::/v1/api/order/readTalentOrderHistory::dd3d01fe-01f4-4d9f-a09a-1d54a48d13d3::403 - 0ms - Response: {"status":403,"now":1721695075005}::{"message":"You are not a talent!"}
2024-07-23 07:38:58::error::/v1/api/order/readTalentOrderHistory::2fd2325a-7876-478d-a98f-1dbbdec12201::403 - 0ms - Response: {"status":403,"now":1721695138019}::{"message":"You are not a talent!"}
2024-07-23 07:39:20::error::/v1/api/order/readTalentOrderHistory::d4280720-4ee2-473d-adfa-3842a08fe460::403 - 1ms - Response: {"status":403,"now":1721695160119}::{"message":"You are not a talent!"}
2024-07-23 07:40:09::error::/v1/api/order/readTalentOrderHistory::a0c42ddb-3fb4-4aac-9d36-286ebf5edbc4::403 - 0ms - Response: {"status":403,"now":1721695209059}::{"message":"You are not a talent!"}
2024-07-23 07:40:31::error::/v1/api/order/readTalentOrderHistory::361008d4-56ff-4e4d-87e5-8354ceef27fe::403 - 0ms - Response: {"status":403,"now":1721695231013}::{"message":"You are not a talent!"}
2024-07-23 07:40:33::error::/v1/api/order/readTalentOrderHistory::24524aaf-5b91-454c-bc91-1c3c7dfa479a::403 - 0ms - Response: {"status":403,"now":1721695233006}::{"message":"You are not a talent!"}
2024-07-23 07:41:26::error::/v1/api/order/readTalentOrderHistory::f9ac251e-c5dc-4ba8-9795-302a9bbe8745::403 - 0ms - Response: {"status":403,"now":1721695286004}::{"message":"You are not a talent!"}
2024-07-23 07:41:27::error::/v1/api/order/readTalentOrderHistory::8169ce53-3e89-4e52-a7f1-cf8b2d1b1a4a::403 - 0ms - Response: {"status":403,"now":1721695287013}::{"message":"You are not a talent!"}
2024-07-23 07:41:31::error::/v1/api/order/readTalentOrderHistory::e9433681-ea16-4bb7-be0b-4bf259119ad3::403 - 0ms - Response: {"status":403,"now":1721695291013}::{"message":"You are not a talent!"}
2024-07-23 07:41:44::error::/v1/api/order/readTalentOrderHistory::c62ae045-1050-43ff-9f27-99385ca2cb99::403 - 0ms - Response: {"status":403,"now":1721695304006}::{"message":"You are not a talent!"}
2024-07-23 07:41:46::error::/v1/api/order/readTalentOrderHistory::45ae748e-ebbf-4a9f-9963-956c2cc49dad::403 - 0ms - Response: {"status":403,"now":1721695306046}::{"message":"You are not a talent!"}
2024-07-23 07:41:47::error::/v1/api/order/readTalentOrderHistory::d84481d7-ae7b-4192-b864-75b0ca659c6a::403 - 0ms - Response: {"status":403,"now":1721695307803}::{"message":"You are not a talent!"}
2024-07-23 07:47:22::error::/v1/api/order/readTalentOrderHistory::b1fb21b5-5a74-4ff8-82fe-d16480c92c3b::403 - 0ms - Response: {"status":403,"now":1721695642001}::{"message":"You are not a talent!"}
2024-07-23 08:40:39::error::/v1/api/order/readTalentOrderHistory::4348386d-e6b2-4ac3-b2d3-dbecd0f0e125::403 - 0ms - Response: {"status":403,"now":1721698839523}::{"message":"You are not a talent!"}
2024-07-23 08:41:27::error::/v1/api/order/readTalentOrderHistory::e4f3778c-a262-4199-9adc-bc4c7a04542e::403 - 0ms - Response: {"status":403,"now":1721698887828}::{"message":"You are not a talent!"}
2024-07-23 08:42:00::error::/v1/api/order/readTalentOrderHistory::f793d4b1-1754-44fe-882d-d50b671dc927::403 - 0ms - Response: {"status":403,"now":1721698920329}::{"message":"You are not a talent!"}
2024-07-23 08:43:05::error::/v1/api/order/readTalentOrderHistory::53f309a7-3b61-4cce-a9c6-c648b28567d8::403 - 0ms - Response: {"status":403,"now":1721698985456}::{"message":"You are not a talent!"}
2024-07-23 08:43:07::error::/v1/api/order/readTalentOrderHistory::588c0d79-4851-46dd-9562-c7080ce22a80::403 - 0ms - Response: {"status":403,"now":1721698987251}::{"message":"You are not a talent!"}
2024-07-23 08:43:46::error::/v1/api/order/readTalentOrderHistory::3a090a63-57f1-4957-b85e-2cd5f9fad02b::403 - 0ms - Response: {"status":403,"now":1721699026378}::{"message":"You are not a talent!"}
2024-07-23 08:44:38::error::/v1/api/order/readTalentOrderHistory::a30259d5-b365-4fc1-b644-b9d77aeff664::403 - 0ms - Response: {"status":403,"now":1721699078692}::{"message":"You are not a talent!"}
2024-07-23 08:44:52::error::/v1/api/order/readTalentOrderHistory::6edcec93-d570-4992-8c5f-46923e52637c::403 - 0ms - Response: {"status":403,"now":1721699092618}::{"message":"You are not a talent!"}
2024-07-23 08:44:54::error::/v1/api/order/readTalentOrderHistory::b6711ce2-e21e-498e-8f82-e62ca7b999bf::403 - 0ms - Response: {"status":403,"now":1721699094053}::{"message":"You are not a talent!"}
2024-07-23 08:45:49::error::/v1/api/order/readTalentOrderHistory::0a67037d-8fdd-489b-b02d-a99fffa8399d::403 - 0ms - Response: {"status":403,"now":1721699149759}::{"message":"You are not a talent!"}
2024-07-23 08:46:08::error::/v1/api/order/readTalentOrderHistory::366b1d7d-b94c-42d9-bcb1-c9fb236d2a47::403 - 0ms - Response: {"status":403,"now":1721699168568}::{"message":"You are not a talent!"}
2024-07-23 08:46:19::error::/v1/api/order/readTalentOrderHistory::f9df5d68-bfe8-4a70-b1da-cb576d6765ac::403 - 0ms - Response: {"status":403,"now":1721699179702}::{"message":"You are not a talent!"}
2024-07-23 08:46:31::error::/v1/api/order/readTalentOrderHistory::9efec3b3-5235-4d0e-a4c0-0802982b761d::403 - 0ms - Response: {"status":403,"now":1721699191269}::{"message":"You are not a talent!"}
2024-07-23 08:46:31::error::/v1/api/order/readTalentOrderHistory::eee906bb-9fff-4659-b8b5-b50cda21c5eb::403 - 0ms - Response: {"status":403,"now":1721699191938}::{"message":"You are not a talent!"}
2024-07-23 08:46:42::error::/v1/api/order/readTalentOrderHistory::9f10d915-d971-406b-8c6f-4aa78abf3376::403 - 0ms - Response: {"status":403,"now":1721699202225}::{"message":"You are not a talent!"}
2024-07-23 08:46:54::error::/v1/api/order/readTalentOrderHistory::82180c6e-a1ce-4968-9a39-933a400e400c::403 - 0ms - Response: {"status":403,"now":1721699214111}::{"message":"You are not a talent!"}
2024-07-23 08:46:54::error::/v1/api/order/readTalentOrderHistory::37385fb5-9f64-41f2-8bb0-6bc6bb5d9a17::403 - 0ms - Response: {"status":403,"now":1721699214769}::{"message":"You are not a talent!"}
2024-07-23 08:47:13::error::/v1/api/order/readTalentOrderHistory::b942aa30-0cbe-408e-829e-17ae49c46949::403 - 1ms - Response: {"status":403,"now":1721699233547}::{"message":"You are not a talent!"}
2024-07-23 08:47:42::error::/v1/api/order/readTalentOrderHistory::687303ea-154c-425c-a238-24bdc1313004::403 - 0ms - Response: {"status":403,"now":1721699262412}::{"message":"You are not a talent!"}
2024-07-23 08:48:14::error::/v1/api/order/readTalentOrderHistory::462b26cb-306b-4c4e-8440-74926afab1a9::403 - 0ms - Response: {"status":403,"now":1721699294180}::{"message":"You are not a talent!"}
2024-07-23 08:48:33::error::/v1/api/order/readTalentOrderHistory::820896f9-13d2-4da2-ab2b-fc67935cbf0a::403 - 0ms - Response: {"status":403,"now":1721699313158}::{"message":"You are not a talent!"}
2024-07-23 09:02:21::error::/v1/api/order/readTalentOrderHistory::1c806838-5024-4707-b2b7-bca861bbe834::403 - 0ms - Response: {"status":403,"now":1721700141741}::{"message":"You are not a talent!"}
2024-07-23 09:02:36::error::/v1/api/order/readTalentOrderHistory::da84c32d-08c8-4da6-850b-7175da323866::403 - 0ms - Response: {"status":403,"now":1721700156039}::{"message":"You are not a talent!"}
2024-07-23 09:02:36::error::/v1/api/order/readTalentOrderHistory::d00a9eb0-793b-472e-a9ea-ebdc44de2dd5::403 - 0ms - Response: {"status":403,"now":1721700156600}::{"message":"You are not a talent!"}
2024-07-23 09:02:37::error::/v1/api/order/readTalentOrderHistory::688e05c0-9124-4090-960d-2ab004b5d6e7::403 - 0ms - Response: {"status":403,"now":1721700157428}::{"message":"You are not a talent!"}
2024-07-23 09:02:38::error::/v1/api/order/readTalentOrderHistory::48e1730d-a8ed-428a-aaa7-0d3a26b0b27d::403 - 0ms - Response: {"status":403,"now":1721700158202}::{"message":"You are not a talent!"}
2024-07-23 09:02:43::error::/v1/api/order/readTalentOrderHistory::9bbb4cf6-d0d3-47a0-8a33-8176c694df7c::403 - 0ms - Response: {"status":403,"now":1721700163055}::{"message":"You are not a talent!"}
2024-07-23 09:02:46::error::/v1/api/order/readTalentOrderHistory::b5544a26-981e-4f41-982a-d40bfa0f1a40::403 - 0ms - Response: {"status":403,"now":1721700166248}::{"message":"You are not a talent!"}
2024-07-23 09:04:28::error::/v1/api/order/readTalentOrderHistory::d021eebe-de66-4b04-a40d-440d7b1b65bb::403 - 0ms - Response: {"status":403,"now":1721700268602}::{"message":"You are not a talent!"}
2024-07-23 09:04:30::error::/v1/api/order/readTalentOrderHistory::589305be-1dae-4993-983d-8936f7416590::403 - 0ms - Response: {"status":403,"now":1721700270657}::{"message":"You are not a talent!"}
2024-07-23 09:04:53::error::/v1/api/order/readTalentOrderHistory::966c3947-a1aa-4a23-8b5f-8804e450fde4::403 - 0ms - Response: {"status":403,"now":1721700293737}::{"message":"You are not a talent!"}
2024-07-23 09:04:57::error::/v1/api/order/readTalentOrderHistory::c1ca9bf2-59c7-4e72-8b5f-df6a531cc553::403 - 0ms - Response: {"status":403,"now":1721700297718}::{"message":"You are not a talent!"}
2024-07-23 09:04:58::error::/v1/api/order/readTalentOrderHistory::228ee755-0ed4-4ac8-9161-090c8840c293::403 - 0ms - Response: {"status":403,"now":1721700298262}::{"message":"You are not a talent!"}
2024-07-23 09:05:31::error::/v1/api/order/readTalentOrderHistory::c7eda9ae-2782-45a9-9def-255f41d4cbf9::403 - 0ms - Response: {"status":403,"now":1721700331261}::{"message":"You are not a talent!"}
2024-07-23 09:05:43::error::/v1/api/order/readTalentOrderHistory::7f166c31-4d33-424c-ac76-ac1b588acf31::403 - 0ms - Response: {"status":403,"now":1721700343327}::{"message":"You are not a talent!"}
2024-07-23 09:05:44::error::/v1/api/order/readTalentOrderHistory::132cc5ed-c056-42ab-b5e9-e8092ba8e601::403 - 0ms - Response: {"status":403,"now":1721700344134}::{"message":"You are not a talent!"}
2024-07-23 09:07:22::error::/v1/api/order/readTalentOrderHistory::b65ee8d1-1d01-4e7b-ae9e-384b45bc5ffc::403 - 0ms - Response: {"status":403,"now":1721700442659}::{"message":"You are not a talent!"}
2024-07-23 09:07:27::error::/v1/api/order/readTalentOrderHistory::7aa4c8a7-70fb-4147-86c7-77cc3a87fd4e::403 - 0ms - Response: {"status":403,"now":1721700447997}::{"message":"You are not a talent!"}
2024-07-23 09:07:28::error::/v1/api/order/readTalentOrderHistory::8f15e1ce-ba32-4339-8665-43c6bb19f182::403 - 0ms - Response: {"status":403,"now":1721700448388}::{"message":"You are not a talent!"}
2024-07-23 09:07:40::error::/v1/api/order/readTalentOrderHistory::dea03c74-2e4f-4b59-aec3-65f0f9d54b8e::403 - 0ms - Response: {"status":403,"now":1721700460879}::{"message":"You are not a talent!"}
2024-07-23 09:07:59::error::/v1/api/order/readTalentOrderHistory::8b3db4b8-beef-4c67-8839-1c072613be20::403 - 0ms - Response: {"status":403,"now":1721700479652}::{"message":"You are not a talent!"}
2024-07-23 09:08:00::error::/v1/api/order/readTalentOrderHistory::172e870a-ebf9-4bda-b7bf-8d1196128830::403 - 0ms - Response: {"status":403,"now":1721700480502}::{"message":"You are not a talent!"}
2024-07-23 09:08:05::error::/v1/api/order/readTalentOrderHistory::5a84d55b-89f6-4a7a-acfa-2d3c4353607d::403 - 1ms - Response: {"status":403,"now":1721700485045}::{"message":"You are not a talent!"}
2024-07-23 09:08:27::error::/v1/api/order/readTalentOrderHistory::b91cccf9-17e9-4cbc-abdc-6de56f8bff8b::403 - 0ms - Response: {"status":403,"now":1721700507062}::{"message":"You are not a talent!"}
2024-07-23 09:09:06::error::/v1/api/order/readTalentOrderHistory::8fadd517-5da8-421e-8d79-1fbaf6bcf40d::403 - 0ms - Response: {"status":403,"now":1721700546507}::{"message":"You are not a talent!"}
2024-07-23 09:10:38::error::/v1/api/order/readTalentOrderHistory::b592901d-73e7-482f-b9e5-54c9593b919f::403 - 0ms - Response: {"status":403,"now":1721700638872}::{"message":"You are not a talent!"}
2024-07-23 09:10:50::error::/v1/api/order/readTalentOrderHistory::03965815-b257-421a-933f-fd3ae3fdce1a::403 - 0ms - Response: {"status":403,"now":1721700650931}::{"message":"You are not a talent!"}
2024-07-23 09:12:07::error::/v1/api/order/readTalentOrderHistory::e9eeb664-cb13-4e15-b7a3-2eebb803b755::403 - 0ms - Response: {"status":403,"now":1721700727220}::{"message":"You are not a talent!"}
2024-07-23 09:12:47::error::/v1/api/order/readTalentOrderHistory::617673e7-9b2b-4158-bb44-ab4fbe270bea::403 - 0ms - Response: {"status":403,"now":1721700767141}::{"message":"You are not a talent!"}
2024-07-23 09:13:11::error::/v1/api/order/readTalentOrderHistory::e6ba26fa-4394-4070-b790-5c118706ef76::403 - 0ms - Response: {"status":403,"now":1721700791292}::{"message":"You are not a talent!"}
2024-07-23 09:13:15::error::/v1/api/order/readTalentOrderHistory::adfc8766-7568-4ae0-a293-ca415ac3da42::403 - 0ms - Response: {"status":403,"now":1721700795144}::{"message":"You are not a talent!"}
2024-07-23 09:13:15::error::/v1/api/order/readTalentOrderHistory::e13e5a3a-a2e1-48c2-82dc-f4d951907139::403 - 0ms - Response: {"status":403,"now":1721700795795}::{"message":"You are not a talent!"}
2024-07-23 09:19:45::error::/v1/api/order/readTalentOrderHistory::d266c14a-c6e4-4cf3-812e-e5d983b3698c::403 - 0ms - Response: {"status":403,"now":1721701185173}::{"message":"You are not a talent!"}
2024-07-23 09:30:36::error::/v1/api/order/readTalentOrderHistory::f7b60c53-6e30-4075-bdea-82f91275aca9::403 - 0ms - Response: {"status":403,"now":1721701836235}::{"message":"You are not a talent!"}
2024-07-23 09:30:38::error::/v1/api/order/readTalentOrderHistory::09968539-3f5d-4c57-8788-b6e524bf3213::403 - 0ms - Response: {"status":403,"now":1721701838502}::{"message":"You are not a talent!"}
2024-07-23 09:33:59::error::/v1/api/order/readTalentOrderHistory::ab9f67e6-66ab-4170-b5ee-7bb220802e3a::403 - 0ms - Response: {"status":403,"now":1721702039167}::{"message":"You are not a talent!"}
2024-07-23 09:34:05::error::/v1/api/user/me::bfd4e7bf-de85-4a6d-881e-e8091c47bdf4::403 - 1ms - Response: {"status":403,"now":1721702045938}::{"message":"Access token missing"}
2024-07-23 09:34:08::error::/v1/api/user/me::c552d30b-932b-4f10-9fee-8f6d61804d88::403 - 0ms - Response: {"status":403,"now":1721702048819}::{"message":"Access token missing"}
2024-07-23 09:54:11::error::/v1/api/post/createPost::280d4786-a079-4228-ba8b-a1b9d719c8c8::403 - 3ms - Response: {"status":403,"now":1721703251062}::{"message":"Please provide all required fields"}
2024-07-23 09:54:16::error::/v1/api/postCategory/createPostCategory::e63245d4-9683-4100-8070-66c46f8e0218::undefined - NaNms - Response: {"index":0,"code":11000,"keyPattern":{"title":1},"keyValue":{"title":"Illustration art"}}::{"message":"E11000 duplicate key error collection: Fiyonce.PostCategories index: title_1 dup key: { title: \"Illustration art\" }"}
