2024-08-24 07:39:02::info::/v1/api/recommender/readPopularPosts::d5de8c21-34fe-4b5b-9226-5ed3fadbc091::input-params ::GET::::{}
2024-08-24 07:39:02::info::/v1/api/news/readNewss::358d37d4-26ae-4320-829f-e6c2bc2217d6::input-params ::GET::::{}
2024-08-24 07:39:10::info::/v1/api/auth/users/login::8ed0790a-30e6-4331-8a7a-8bb8df0d5d42::input-params ::POST::::{"email":"phapluudev2k5@gmail.com","password":"PhapNhat987AZ@!"}
2024-08-24 07:39:14::info::/v1/api/news/readNewss::6ddfccd5-f2b5-4f33-9b3c-8c43765b019c::input-params ::GET::::{}
2024-08-24 07:39:14::info::/v1/api/movement/readMovements::b0c56837-288f-47a7-ad83-51ef044fba74::input-params ::GET::::{}
2024-08-24 07:39:14::info::/v1/api/recommender/readPopularPosts::ea4e84fe-2956-45b6-aa2d-44ca3c597fef::input-params ::GET::::{}
2024-08-24 07:39:14::info::/v1/api/user/me::39ebae32-8a4b-4ca1-a1e1-64a7cea7cdb8::input-params ::GET::::{}
2024-08-24 07:39:15::info::/v1/api/movement/readMovements::e63c8ca2-7bac-4952-8705-0623265d3812::input-params ::GET::::{}
2024-08-24 07:39:15::info::/v1/api/talentRequest/readTalentRequestsByStatus/pending::4397a9a4-91eb-4ac7-bcfc-95675285c111::input-params ::GET::::{}
2024-08-24 07:39:18::info::/v1/api/talentRequest/readTalentRequestsByStatus/pending::d2165634-bb2f-471d-960a-89d2ecdfe2b8::input-params ::GET::::{}
2024-08-24 07:39:19::info::/v1/api/news/readNewss::a9f47044-5a33-4113-9964-9fc48ab00605::input-params ::GET::::{}
2024-08-24 07:39:19::info::/v1/api/help/readHelpTopics::13f6de40-ef1d-48f5-b99d-3aef0468709e::input-params ::GET::::{}
2024-08-24 07:39:19::info::/v1/api/help/readHelpArticles::d00d8f56-142f-4c3a-8120-c651afe2960c::input-params ::GET::::{}
2024-08-24 07:39:26::info::/v1/api/news/readNews/66a8d42a143aa910a3d75287::11cc3328-4c8c-47ff-9496-8fd239215fb9::input-params ::GET::::{}
2024-08-24 07:39:29::info::/v1/api/news/readNews/66a8f46e143aa910a3d771f9::1f5e99ba-433e-469a-b2c4-0fb2b8060a07::input-params ::GET::::{}
2024-08-24 07:39:38::info::/v1/api/movement/readMovements::775ff57e-87bb-4fc9-98e4-863b1669303b::input-params ::GET::::{}
2024-08-24 07:39:38::info::/v1/api/news/readNewss::3d792cb6-f60b-44c6-9c0d-c57a876737b5::input-params ::GET::::{}
2024-08-24 07:39:38::info::/v1/api/help/readHelpTopics::519703e6-d76e-43c5-83c8-49ebb7a5821f::input-params ::GET::::{}
2024-08-24 07:39:38::info::/v1/api/help/readHelpArticles::f8822286-540d-420f-9c90-d0a97ac2478c::input-params ::GET::::{}
2024-08-24 07:39:38::info::/v1/api/news/readNews/66a8f46e143aa910a3d771f9::d55908ba-6e54-43e3-9375-adb1b2b279ae::input-params ::GET::::{}
2024-08-24 07:39:42::info::/v1/api/movement/readMovements::a9bc4d96-1fad-4e2f-b375-244103d12bda::input-params ::GET::::{}
2024-08-24 07:39:42::info::/v1/api/news/readNewss::376632dc-4000-413f-9154-0e571ae49b3b::input-params ::GET::::{}
2024-08-24 07:39:42::info::/v1/api/help/readHelpTopics::ee9fdcd8-0b16-4502-af18-ef942227c76c::input-params ::GET::::{}
2024-08-24 07:39:42::info::/v1/api/help/readHelpArticles::3aea7ba6-94fe-4b80-b801-5164969ed4ac::input-params ::GET::::{}
2024-08-24 07:39:42::info::/v1/api/news/readNews/66a8f46e143aa910a3d771f9::2159af1d-6ded-4482-b8b7-22090d019401::input-params ::GET::::{}
2024-08-24 07:39:55::info::/v1/api/movement/readMovements::bcb0bf95-2da0-4268-bbf1-f486c01bf644::input-params ::GET::::{}
2024-08-24 07:39:55::info::/v1/api/help/readHelpArticles::0cc28b06-ba86-4cc0-9b7c-7a8c875d29a4::input-params ::GET::::{}
2024-08-24 07:39:55::info::/v1/api/help/readHelpTopics::d756ebfd-53a3-4ee7-b6a3-e78363c8a23f::input-params ::GET::::{}
2024-08-24 07:39:55::info::/v1/api/news/readNewss::225f19ac-5b8b-476e-8b02-082d3d108dd4::input-params ::GET::::{}
2024-08-24 07:39:55::info::/v1/api/news/readNews/66a8f46e143aa910a3d771f9::191caf9e-d15a-4263-84e3-33ba78655c90::input-params ::GET::::{}
2024-08-24 07:42:46::info::/v1/api/news/readNewss::0efb7ea3-c277-4f1c-9b6b-9fa18df66f8a::input-params ::GET::::{}
2024-08-24 07:42:46::info::/v1/api/help/readHelpTopics::f39e1ca1-4a35-4eed-b7c2-b1a775057534::input-params ::GET::::{}
2024-08-24 07:42:46::info::/v1/api/help/readHelpArticles::a504fd0c-9608-40ce-a474-7cf11c84ac21::input-params ::GET::::{}
2024-08-24 07:43:01::info::/v1/api/news/readNews/66a8f46e143aa910a3d771f9::d5594c09-19f3-494b-8794-0d8f4d9e3213::input-params ::GET::::{}
2024-08-24 07:43:40::info::/v1/api/news/readNews/66a8f46e143aa910a3d771f9::c72dedd3-3eae-47bc-a9e3-8715cb92ba64::input-params ::GET::::{}
2024-08-24 07:43:45::info::/v1/api/movement/readMovements::712aef0a-baf7-4271-889e-501318db6700::input-params ::GET::::{}
2024-08-24 07:43:45::info::/v1/api/news/readNewss::98cb1472-4cd3-41ee-b79a-9d5bf67368b8::input-params ::GET::::{}
2024-08-24 07:43:45::info::/v1/api/help/readHelpTopics::480169c2-9dbd-4244-a942-b6ad6b9f21da::input-params ::GET::::{}
2024-08-24 07:43:45::info::/v1/api/help/readHelpArticles::6e66071d-da35-4266-ba06-b85eb5d73917::input-params ::GET::::{}
2024-08-24 07:43:45::info::/v1/api/news/readNews/66a8f46e143aa910a3d771f9::12504610-4245-4066-ada8-09c239ef6a96::input-params ::GET::::{}
2024-08-24 07:43:48::info::/v1/api/news/readNews/66a8d42a143aa910a3d75287::818bda11-450c-4a4b-ae5a-6359f3dfd3ba::input-params ::GET::::{}
2024-08-24 07:43:53::info::/v1/api/news/readNewss::d308c743-6773-4d1d-a23a-33c1889e12fc::input-params ::GET::::{}
2024-08-24 07:43:53::info::/v1/api/help/readHelpTopics::7b048e63-b6bd-4f07-81e7-7a822d38b135::input-params ::GET::::{}
2024-08-24 07:43:53::info::/v1/api/help/readHelpArticles::6d4f1aac-bb80-43d7-af5e-90cb562028eb::input-params ::GET::::{}
2024-08-24 07:45:14::info::/v1/api/user/me::091114d5-1760-4443-b534-4d96ccb02893::input-params ::GET::::{}
2024-08-24 07:45:14::info::/v1/api/movement/readMovements::6fdae803-cceb-490e-9c65-0553811c43b3::input-params ::GET::::{}
2024-08-24 07:45:17::info::/v1/api/help/readHelpArticles::bc03ffbb-7871-4564-973b-8fda115c0a2b::input-params ::GET::::{}
2024-08-24 07:45:17::info::/v1/api/help/readHelpTopics::fbade364-3428-4224-b32d-51e3a703d864::input-params ::GET::::{}
2024-08-24 07:45:17::info::/v1/api/news/readNewss::f3ee6574-4f7b-49ca-8097-b08f620ba026::input-params ::GET::::{}
2024-08-24 08:03:44::info::/v1/api/user/me::358b1e21-e93e-4a39-83ae-9403c3a91608::input-params ::GET::::{}
2024-08-24 08:03:48::info::/v1/api/movement/readMovements::02d0c0df-7bd1-4bb7-82a6-4237025ba0ad::input-params ::GET::::{}
2024-08-24 08:03:49::info::/v1/api/news/readNewss::c0071fbe-d1f1-4846-8e6e-5a73af453190::input-params ::GET::::{}
2024-08-24 08:03:49::info::/v1/api/help/readHelpTopics::c6816ea2-1666-4c4f-8852-23b292940390::input-params ::GET::::{}
2024-08-24 08:03:49::info::/v1/api/help/readHelpArticles::ab222a74-c5a9-4378-b473-a56c8c7fcb06::input-params ::GET::::{}
2024-08-24 08:07:47::info::/v1/api/movement/readMovements::70342469-a3bd-4400-b47d-fe7022397365::input-params ::GET::::{}
2024-08-24 08:07:47::info::/v1/api/news/readNewss::716877a6-fe2a-4164-aa82-5e135088cd5f::input-params ::GET::::{}
2024-08-24 08:07:47::info::/v1/api/help/readHelpTopics::45536eb5-12da-427f-8a51-4b4be4f27d33::input-params ::GET::::{}
2024-08-24 08:07:47::info::/v1/api/help/readHelpArticles::c21f1445-08a5-4e7f-9f5f-d6254d248d42::input-params ::GET::::{}
2024-08-24 08:07:48::info::/v1/api/user/me::3301bdf3-b046-4e63-b15d-4214d976e2a6::input-params ::GET::::{}
2024-08-24 08:07:48::info::/v1/api/movement/readMovements::cb535bb5-c71a-4f7e-b3c8-0324404c8985::input-params ::GET::::{}
2024-08-24 08:07:48::info::/v1/api/news/readNewss::7c8453af-030c-4573-8acf-b215d7eee77e::input-params ::GET::::{}
2024-08-24 08:07:48::info::/v1/api/help/readHelpTopics::31d5d74a-67d3-4cc3-8582-b39120ed5edd::input-params ::GET::::{}
2024-08-24 08:07:48::info::/v1/api/help/readHelpArticles::e2035c96-c170-4254-84ff-53b3b2ea4203::input-params ::GET::::{}
2024-08-24 08:26:17::info::/v1/api/movement/readMovements::a89b7caa-bc46-4cee-b1d2-7e40e232267e::input-params ::GET::::{}
2024-08-24 08:26:17::info::/v1/api/news/readNewss::74f84528-bde6-4904-9452-a0c49f10b14c::input-params ::GET::::{}
2024-08-24 08:26:17::info::/v1/api/help/readHelpTopics::a6cb051c-783f-488e-90cb-7ffed122ee43::input-params ::GET::::{}
2024-08-24 08:26:17::info::/v1/api/help/readHelpArticles::2fb2537b-98df-42ab-a64c-c20273d55a1a::input-params ::GET::::{}
2024-08-24 08:26:18::info::/v1/api/movement/readMovements::94d1d09b-348c-4cb2-a40e-a05db7f8ebb9::input-params ::GET::::{}
2024-08-24 08:26:18::info::/v1/api/news/readNewss::1830289c-596f-4e7a-8634-596129b39c05::input-params ::GET::::{}
2024-08-24 08:26:18::info::/v1/api/help/readHelpTopics::f1d54272-fa20-408f-aebe-b3940eeff6e8::input-params ::GET::::{}
2024-08-24 08:26:18::info::/v1/api/help/readHelpArticles::ef1174a1-18df-4f8a-8689-d6b0f0ae1bb5::input-params ::GET::::{}
2024-08-24 08:26:22::info::/v1/api/movement/readMovements::1bdbed15-f7ca-4b6a-a6d7-7302c93494e7::input-params ::GET::::{}
2024-08-24 08:26:22::info::/v1/api/news/readNewss::c6cbd214-4d5f-41ad-b920-f2606328deb3::input-params ::GET::::{}
2024-08-24 08:26:22::info::/v1/api/help/readHelpTopics::8da8f511-c400-4d1c-9f99-8653b2fa785c::input-params ::GET::::{}
2024-08-24 08:26:22::info::/v1/api/help/readHelpArticles::27d377c2-f474-4be1-a4fa-343c3a0433b1::input-params ::GET::::{}
2024-08-24 08:26:24::info::/v1/api/news/readNews/66a8d42a143aa910a3d75287::4d288d8b-0278-4672-8a79-eabddcbe7aba::input-params ::GET::::{}
2024-08-24 08:26:31::info::/v1/api/news/readNews/66a8d42a143aa910a3d75287::19f7c248-f584-4d26-8646-33f3b271596f::input-params ::GET::::{}
2024-08-24 08:26:51::info::/v1/api/news/readNewss::98727fce-37b4-4960-9b89-fbc6567b241a::input-params ::GET::::{}
2024-08-24 08:26:51::info::/v1/api/help/readHelpTopics::9cc8c1ac-224b-4449-a003-68b28cd067ea::input-params ::GET::::{}
2024-08-24 08:26:51::info::/v1/api/help/readHelpArticles::a46d0312-4255-4293-9881-ce7f8e67c8fd::input-params ::GET::::{}
2024-08-24 08:26:59::info::/v1/api/movement/readMovements::7334f306-16e0-4bdd-a788-df3a2e767bc4::input-params ::GET::::{}
2024-08-24 08:26:59::info::/v1/api/news/readNewss::c3be769f-55e3-40e4-9ef6-9924200a4f6e::input-params ::GET::::{}
2024-08-24 08:26:59::info::/v1/api/help/readHelpTopics::e3a36fa4-1e49-4e97-b7f8-89585e502e86::input-params ::GET::::{}
2024-08-24 08:26:59::info::/v1/api/help/readHelpArticles::d7f2348a-4aad-4c7a-a07f-39ff89cfc711::input-params ::GET::::{}
2024-08-24 08:26:59::info::/v1/api/movement/readMovements::3e47d1ae-8520-4e37-8888-8e128ba287a7::input-params ::GET::::{}
2024-08-24 08:26:59::info::/v1/api/news/readNewss::84f84ccd-b320-4773-a3b6-2faf593e869e::input-params ::GET::::{}
2024-08-24 08:27:00::info::/v1/api/help/readHelpTopics::daab88aa-2838-4f82-9dcb-7938bf552af8::input-params ::GET::::{}
2024-08-24 08:27:00::info::/v1/api/help/readHelpArticles::4f59a982-4bc0-48c9-9239-cf1367b63f5d::input-params ::GET::::{}
2024-08-24 08:30:05::info::/v1/api/movement/readMovements::950092ad-90a0-4b1c-91cf-abd7ad2c2534::input-params ::GET::::{}
2024-08-24 08:30:05::info::/v1/api/news/readNewss::2a3c1c29-39b4-464f-bb38-f552ab4e4dbd::input-params ::GET::::{}
2024-08-24 08:30:05::info::/v1/api/help/readHelpTopics::dce68cd2-e488-4953-bc03-ffd7e023ec13::input-params ::GET::::{}
2024-08-24 08:30:05::info::/v1/api/help/readHelpArticles::da660d0a-008b-45d0-a667-a34a6f41d404::input-params ::GET::::{}
2024-08-24 08:30:12::info::/v1/api/news/readNewss::532cb922-e432-4309-824f-a9e172fca6b4::input-params ::GET::::{}
2024-08-24 08:30:12::info::/v1/api/help/readHelpTopics::80952b85-3eae-4c54-8511-3816da08bef8::input-params ::GET::::{}
2024-08-24 08:30:12::info::/v1/api/help/readHelpArticles::2b45eb07-2f19-4036-a4a7-0f1121d3b06b::input-params ::GET::::{}
2024-08-24 08:30:14::info::/v1/api/movement/readMovements::303cd795-7e32-467d-bb6a-bce8506b51d2::input-params ::GET::::{}
2024-08-24 08:30:14::info::/v1/api/news/readNewss::06c4e958-9740-4338-bc71-b5492d386dff::input-params ::GET::::{}
2024-08-24 08:30:14::info::/v1/api/help/readHelpTopics::aaa238cb-6fbc-477d-b049-2b06c6499fc3::input-params ::GET::::{}
2024-08-24 08:30:14::info::/v1/api/help/readHelpArticles::b77d423d-d46f-486f-94b5-fc5bede5760d::input-params ::GET::::{}
2024-08-24 08:30:21::info::/v1/api/movement/readMovements::70ddfcf5-c2fd-4d5a-9932-0a4d193f4d83::input-params ::GET::::{}
2024-08-24 08:30:27::info::/v1/api/news/readNewss::d0473a65-3008-493c-9a5d-b309737dd327::input-params ::GET::::{}
2024-08-24 08:30:27::info::/v1/api/help/readHelpTopics::3bffd118-5049-4b28-9c25-3f760a7c9063::input-params ::GET::::{}
2024-08-24 08:30:27::info::/v1/api/help/readHelpArticles::a55065e5-79d2-4200-bce7-9868f0cef43b::input-params ::GET::::{}
2024-08-24 08:30:34::info::/v1/api/movement/readMovements::89de3f59-7c5f-40ab-b814-cab60660d362::input-params ::GET::::{}
2024-08-24 08:30:34::info::/v1/api/help/readHelpTopics::614e1e65-8dcf-4f2f-8150-3ae0dec580bf::input-params ::GET::::{}
2024-08-24 08:30:34::info::/v1/api/news/readNewss::025239f0-322d-4520-b7bb-81765f6302a6::input-params ::GET::::{}
2024-08-24 08:30:34::info::/v1/api/help/readHelpArticles::e99ff985-eaa1-4e23-84ea-30fa7ed747ac::input-params ::GET::::{}
2024-08-24 08:30:35::info::/v1/api/news/readNews/66a8d42a143aa910a3d75287::6350620c-9e54-4ed3-b9b0-e308c4869b3d::input-params ::GET::::{}
2024-08-24 08:30:47::info::/v1/api/movement/readMovements::ec6e0971-795d-4684-ae5a-d02a32efdc87::input-params ::GET::::{}
2024-08-24 08:30:47::info::/v1/api/news/readNewss::6699ee1a-6e47-495e-b906-a53a4beddf16::input-params ::GET::::{}
2024-08-24 08:30:47::info::/v1/api/help/readHelpTopics::afb6fab9-7725-46f3-9ee3-681bad69c03e::input-params ::GET::::{}
2024-08-24 08:30:47::info::/v1/api/help/readHelpArticles::da776bff-7758-41f7-a6aa-ac724f60fd85::input-params ::GET::::{}
2024-08-24 08:30:47::info::/v1/api/news/readNews/66a8d42a143aa910a3d75287::83b99d76-84aa-4795-b969-5104e6cb8531::input-params ::GET::::{}
2024-08-24 08:30:48::info::/v1/api/news/updateNews/66a8d42a143aa910a3d75287::642d41d8-7da8-401a-8fa6-ad743b55fc03::input-params ::PATCH::::{}
2024-08-24 08:30:48::error::/v1/api/news/updateNews/66a8d42a143aa910a3d75287::642d41d8-7da8-401a-8fa6-ad743b55fc03::undefined - NaNms - Response: {"name":"MulterError","message":"Field value too long","code":"LIMIT_FIELD_VALUE","field":"content","storageErrors":[]}::{"message":"Field value too long"}
2024-08-24 08:31:15::info::/v1/api/movement/readMovements::3e2ba743-7165-4de0-8b53-09a9bd09e826::input-params ::GET::::{}
2024-08-24 08:31:15::info::/v1/api/news/readNewss::082d6eee-3428-49cd-ad68-4c84f49d35ba::input-params ::GET::::{}
2024-08-24 08:31:15::info::/v1/api/help/readHelpTopics::7ecab42d-d74a-4f58-b19c-fbe3d516a7bd::input-params ::GET::::{}
2024-08-24 08:31:15::info::/v1/api/help/readHelpArticles::7694e51d-6b01-4ab0-8ea2-0882ea65160f::input-params ::GET::::{}
2024-08-24 08:31:15::info::/v1/api/news/readNews/66a8d42a143aa910a3d75287::8cf9b7e5-53e9-4533-8251-6dc6aab982ca::input-params ::GET::::{}
2024-08-24 08:31:26::info::/v1/api/movement/readMovements::2fd11d71-4735-4623-8b17-bbe870d2d442::input-params ::GET::::{}
2024-08-24 08:31:26::info::/v1/api/news/readNewss::f85b51c1-793d-4d6a-9363-7ce890d0b498::input-params ::GET::::{}
2024-08-24 08:31:26::info::/v1/api/help/readHelpTopics::c3ba3088-5386-4f8b-b162-9fd5dc38ddac::input-params ::GET::::{}
2024-08-24 08:31:26::info::/v1/api/help/readHelpArticles::94abcd62-964a-4477-9a3e-9b673fb42ca0::input-params ::GET::::{}
2024-08-24 08:31:26::info::/v1/api/news/readNews/66a8d42a143aa910a3d75287::952bb6fa-bc43-4fb5-a310-dc26d53a2b7a::input-params ::GET::::{}
2024-08-24 08:31:35::info::/v1/api/movement/readMovements::ecdd65e3-9dfd-49be-9b9c-17f46eed2fa4::input-params ::GET::::{}
2024-08-24 08:31:35::info::/v1/api/news/readNewss::1e5c68cc-20fc-490c-8787-bcfbc28942e1::input-params ::GET::::{}
2024-08-24 08:31:35::info::/v1/api/help/readHelpTopics::e7e2baa1-7198-44b0-a9a2-2fe9096139ec::input-params ::GET::::{}
2024-08-24 08:31:35::info::/v1/api/help/readHelpArticles::fcb64a96-42ba-460d-affb-82a79c4a20a9::input-params ::GET::::{}
2024-08-24 08:31:35::info::/v1/api/news/readNews/66a8d42a143aa910a3d75287::09b3dc72-9e5b-44eb-8050-90b54d34cbc6::input-params ::GET::::{}
2024-08-24 08:31:40::info::/v1/api/news/readNews/66a8d42a143aa910a3d75287::0fe3e016-1984-4be9-af0a-669258e0f9db::input-params ::GET::::{}
2024-08-24 08:31:45::info::/v1/api/movement/readMovements::e46f47df-18e2-447b-9e53-1726aed5384a::input-params ::GET::::{}
2024-08-24 08:31:45::info::/v1/api/news/readNewss::ff4edffd-813d-4323-92ff-7a4bd1d65684::input-params ::GET::::{}
2024-08-24 08:31:45::info::/v1/api/help/readHelpTopics::81537907-1317-4b10-8fdf-3b9abbe2ab2d::input-params ::GET::::{}
2024-08-24 08:31:45::info::/v1/api/help/readHelpArticles::8b702117-e782-48fa-9d79-2f734935e2c6::input-params ::GET::::{}
2024-08-24 08:31:45::info::/v1/api/news/readNews/66a8d42a143aa910a3d75287::fc7aa608-b041-4c1a-ae97-0d3f9467132c::input-params ::GET::::{}
2024-08-24 08:31:47::info::/v1/api/movement/readMovements::bc3f59d8-06be-428d-a442-d09088930a4a::input-params ::GET::::{}
2024-08-24 08:31:47::info::/v1/api/news/readNewss::b62f1567-e9e8-43ed-b3ba-1cc302eb74e2::input-params ::GET::::{}
2024-08-24 08:31:47::info::/v1/api/help/readHelpTopics::cdff4eef-aaeb-4cf0-b033-8dceadea7882::input-params ::GET::::{}
2024-08-24 08:31:47::info::/v1/api/help/readHelpArticles::7260d48c-7193-4d1d-b15e-0c350462aa2b::input-params ::GET::::{}
2024-08-24 08:31:47::info::/v1/api/news/readNews/66a8d42a143aa910a3d75287::e8b65948-ab6a-48de-8079-b6d87a3cfb6b::input-params ::GET::::{}
2024-08-24 08:31:54::info::/v1/api/movement/readMovements::4437973f-f815-43b4-9d84-0c66fc3de90a::input-params ::GET::::{}
2024-08-24 08:31:54::info::/v1/api/news/readNewss::bcd14996-a293-47e4-bbb2-0421db152359::input-params ::GET::::{}
2024-08-24 08:31:54::info::/v1/api/help/readHelpTopics::bcf155e0-0a5d-42e4-8c06-d3ce9a74100c::input-params ::GET::::{}
2024-08-24 08:31:54::info::/v1/api/help/readHelpArticles::9bb4d5f3-2418-45c7-90ac-1c34cc52165a::input-params ::GET::::{}
2024-08-24 08:31:54::info::/v1/api/news/readNews/66a8d42a143aa910a3d75287::78a8165a-127e-4f08-8bf9-a3e07e4511f1::input-params ::GET::::{}
2024-08-24 08:31:57::info::/v1/api/news/updateNews/66a8d42a143aa910a3d75287::cba25fcc-6c46-44a9-b772-f1dae2046622::input-params ::PATCH::::{}
2024-08-24 08:32:02::info::/v1/api/news/readNewss::68ca06ed-0100-4659-99e3-210a5e27f57c::input-params ::GET::::{}
2024-08-24 08:32:04::info::/v1/api/news/readNewss::d4e76a97-86df-4f7d-9624-e54f29c1942f::input-params ::GET::::{}
2024-08-24 08:32:04::info::/v1/api/recommender/readPopularPosts::98d08648-f0a9-43a2-a356-12c73b755f33::input-params ::GET::::{}
2024-08-24 08:32:05::info::/v1/api/news/readNewss::6922f6f9-96f3-4566-93fb-8b620842b438::input-params ::GET::::{}
2024-08-24 08:32:05::info::/v1/api/news/readNews/66a8f46e143aa910a3d771f9::e390b43c-56ab-473c-9378-b7ed2b2c6b0b::input-params ::GET::::{}
2024-08-24 08:32:09::info::/v1/api/news/readNews/66a8d42a143aa910a3d75287::4830d549-ed06-49be-80f9-773e270369b4::input-params ::GET::::{}
2024-08-24 08:32:13::info::/v1/api/news/readNews/66a8c08e143aa910a3d68703::2326303a-64e4-4854-a50d-23a28136d4b6::input-params ::GET::::{}
2024-08-24 08:32:15::info::/v1/api/news/readNews/66a8d42a143aa910a3d75287::e99363ae-e8e4-4330-9b95-e0aec0abeba6::input-params ::GET::::{}
2024-08-24 08:32:18::info::/v1/api/movement/readMovements::59026578-6d3e-48c5-a29c-07c5e46a0f8b::input-params ::GET::::{}
2024-08-24 08:32:18::info::/v1/api/news/readNewss::91447d5e-7a8a-4ecb-b437-a25f78dab317::input-params ::GET::::{}
2024-08-24 08:32:18::info::/v1/api/news/readNews/66a8d42a143aa910a3d75287::10180946-c96e-42a8-942f-c5eda1b13e76::input-params ::GET::::{}
2024-08-24 08:32:20::info::/v1/api/news/readNewss::7f15399a-d13c-4b82-a770-0bf9923c58ad::input-params ::GET::::{}
2024-08-24 08:32:20::info::/v1/api/recommender/readPopularPosts::3b46b091-b810-44b6-8dfb-5ddb3b916d32::input-params ::GET::::{}
2024-08-24 08:32:22::info::/v1/api/news/readNewss::063a6c84-8183-4afc-bd1a-9b108083227d::input-params ::GET::::{}
2024-08-24 08:32:22::info::/v1/api/news/readNews/66a8d42a143aa910a3d75287::df84258b-ebf1-4ab8-97a4-f77fc5900346::input-params ::GET::::{}
2024-08-24 08:32:23::info::/v1/api/news/readNews/66a8c08e143aa910a3d68703::3b749295-df3c-4d49-bed9-bb6c81a6f1bb::input-params ::GET::::{}
2024-08-24 08:32:23::info::/v1/api/news/readNews/66a8d42a143aa910a3d75287::cc32797d-95d5-462a-b666-eca10c4bd018::input-params ::GET::::{}
2024-08-24 08:32:23::info::/v1/api/news/readNews/66a8f46e143aa910a3d771f9::b95a3a5f-e9a0-4ba3-89fa-c9ffe1d99007::input-params ::GET::::{}
2024-08-24 08:32:24::info::/v1/api/news/readNewss::fa297ed5-1d57-4ca2-a7c6-67ead1d44882::input-params ::GET::::{}
2024-08-24 08:32:24::info::/v1/api/recommender/readPopularPosts::f4c33a0d-3b3f-4fe2-a356-1a901a91f0b9::input-params ::GET::::{}
2024-08-24 08:32:25::info::/v1/api/news/readNewss::bebb2d52-1a0b-4d37-9f37-43d967b3e2c9::input-params ::GET::::{}
2024-08-24 08:32:25::info::/v1/api/help/readHelpTopics::21c108fc-6842-4790-9a60-d01382b7ebf9::input-params ::GET::::{}
2024-08-24 08:32:25::info::/v1/api/help/readHelpArticles::b14d2b8c-0988-4e4d-b4a1-648f93842ed7::input-params ::GET::::{}
2024-08-24 08:32:26::info::/v1/api/news/readNews/66a8d42a143aa910a3d75287::c463c54b-d0d6-4669-89f0-1a0321a87387::input-params ::GET::::{}
2024-08-24 08:32:30::info::/v1/api/news/readNews/66a8f46e143aa910a3d771f9::6c464879-0daf-42bd-abf1-f4261e01fd92::input-params ::GET::::{}
2024-08-24 08:33:05::info::/v1/api/news/updateNews/66a8d42a143aa910a3d75287::a6e7cf5e-0526-4edf-a4fe-40b5c89f280e::input-params ::PATCH::::{}
2024-08-24 08:33:10::info::/v1/api/news/readNewss::afb53be2-ebfe-41a4-b5bb-ca18a82e3630::input-params ::GET::::{}
2024-08-24 08:33:11::info::/v1/api/news/readNewss::4422e68f-9f5a-42d6-8396-2538ad9f586b::input-params ::GET::::{}
2024-08-24 08:33:11::info::/v1/api/recommender/readPopularPosts::0fc7dfc2-ace9-4546-a293-be6312955105::input-params ::GET::::{}
2024-08-24 08:33:12::info::/v1/api/news/readNewss::6f1c49b0-7dbb-4136-8c36-497c4066b371::input-params ::GET::::{}
2024-08-24 08:33:12::info::/v1/api/news/readNews/66a8d42a143aa910a3d75287::9684bfbb-0b93-45ec-bab3-c47e30999bc7::input-params ::GET::::{}
2024-08-24 08:33:16::info::/v1/api/news/readNewss::88f5140a-d1cc-40fe-94cf-b844bfd1d348::input-params ::GET::::{}
2024-08-24 08:33:16::info::/v1/api/recommender/readPopularPosts::21f40d59-208a-41de-b3b0-b4ff4a291a28::input-params ::GET::::{}
2024-08-24 08:33:17::info::/v1/api/user/me::b0adadc9-5063-4b5d-aaa8-42d2cb85211e::input-params ::GET::::{}
2024-08-24 08:33:18::info::/v1/api/movement/readMovements::31b215e1-abfa-4a62-9577-ebcb00c96b38::input-params ::GET::::{}
2024-08-24 08:33:18::info::/v1/api/news/readNewss::a7e82786-e091-44d1-9798-5eaec9340ee8::input-params ::GET::::{}
2024-08-24 08:33:18::info::/v1/api/recommender/readPopularPosts::9e196dc3-c4a6-43cf-8416-5da980a359fa::input-params ::GET::::{}
2024-08-24 08:33:19::info::/v1/api/news/readNewss::bf1cbe82-9476-44f7-b27d-bdadf569c666::input-params ::GET::::{}
2024-08-24 08:33:19::info::/v1/api/help/readHelpTopics::eefaff92-3db7-4b3c-9289-0aeb12259222::input-params ::GET::::{}
2024-08-24 08:33:19::info::/v1/api/help/readHelpArticles::2a8f1692-a13a-4160-add6-5eebf8a595f6::input-params ::GET::::{}
2024-08-24 08:33:20::info::/v1/api/talentRequest/readTalentRequestsByStatus/pending::d6140e4d-fb35-48aa-84a3-7f34d5d75a43::input-params ::GET::::{}
2024-08-24 08:33:22::info::/v1/api/talentRequest/readTalentRequestsByStatus/pending::453d0db1-ba2d-482a-81a5-810ed3b338cb::input-params ::GET::::{}
2024-08-24 08:33:24::info::/v1/api/movement/readMovements::27d39263-3c70-4e6f-8b21-988cd938813e::input-params ::GET::::{}
2024-08-24 08:33:25::info::/v1/api/news/readNewss::a1db9840-d805-4bb0-9c1e-277571a88d66::input-params ::GET::::{}
2024-08-24 08:33:25::info::/v1/api/help/readHelpTopics::a4cbdc1f-1093-4a4f-8ed1-4feeab7b2d9a::input-params ::GET::::{}
2024-08-24 08:33:25::info::/v1/api/help/readHelpArticles::8cc20b2a-7e23-4e66-9c9e-f34df63e43eb::input-params ::GET::::{}
2024-08-24 08:33:27::info::/v1/api/news/readNews/66a8d42a143aa910a3d75287::2a88195c-bc71-478e-9139-5d9e2983f10f::input-params ::GET::::{}
2024-08-24 08:33:29::info::/v1/api/movement/readMovements::8c758b88-a78e-49d4-b519-9d4d36256a68::input-params ::GET::::{}
2024-08-24 08:33:29::info::/v1/api/news/readNewss::16b2e697-5a3b-4f11-9a28-10f12f7d6352::input-params ::GET::::{}
2024-08-24 08:33:29::info::/v1/api/help/readHelpTopics::412d7397-8a58-4c3d-9cd1-797c28099b84::input-params ::GET::::{}
2024-08-24 08:33:29::info::/v1/api/help/readHelpArticles::5ff8bef3-5cd8-4e40-920a-c9162b57ff71::input-params ::GET::::{}
2024-08-24 08:33:29::info::/v1/api/news/readNews/66a8d42a143aa910a3d75287::58d7b430-5311-4810-914f-435f7d53a9e0::input-params ::GET::::{}
2024-08-24 08:33:31::info::/v1/api/news/readNews/66a8f46e143aa910a3d771f9::ab58ab78-62a9-4697-8f3a-57a886c62205::input-params ::GET::::{}
2024-08-24 08:33:34::info::/v1/api/news/readNews/66a8d42a143aa910a3d75287::d5ecb584-472d-45d2-8860-0bd5d80ffcea::input-params ::GET::::{}
2024-08-24 08:33:43::info::/v1/api/movement/readMovements::caa118a9-12e3-42cd-bf5a-09abd4d0d353::input-params ::GET::::{}
2024-08-24 08:33:43::info::/v1/api/news/readNewss::c226bcf9-b594-4005-9810-ab5ac8a682cc::input-params ::GET::::{}
2024-08-24 08:33:43::info::/v1/api/help/readHelpTopics::d24135dd-12ae-4eab-b1e7-dbb5e785860d::input-params ::GET::::{}
2024-08-24 08:33:43::info::/v1/api/help/readHelpArticles::fdab20d3-4fba-4439-b9ee-89da3c858381::input-params ::GET::::{}
2024-08-24 08:33:43::info::/v1/api/news/readNews/66a8d42a143aa910a3d75287::d40e5a18-853a-4c37-b6e8-435dda64edb7::input-params ::GET::::{}
2024-08-24 08:33:44::info::/v1/api/news/updateNews/66a8f46e143aa910a3d771f9::f8114169-1ece-4b10-a14a-d130d0c00af1::input-params ::PATCH::::{}
2024-08-24 08:33:48::info::/v1/api/news/readNewss::761593e0-3085-455c-bd08-c64e661b674d::input-params ::GET::::{}
2024-08-24 08:33:51::info::/v1/api/news/readNews/66a8d42a143aa910a3d75287::70e9d79c-447b-48bd-adf1-b3a6e22a348f::input-params ::GET::::{}
2024-08-24 08:34:18::info::/v1/api/movement/readMovements::fcfe6e30-873f-450e-ac52-327d7bfc200f::input-params ::GET::::{}
2024-08-24 08:34:18::info::/v1/api/news/readNewss::e6c34e7c-2013-48bb-b48c-d668b824cf4a::input-params ::GET::::{}
2024-08-24 08:34:18::info::/v1/api/help/readHelpTopics::ce8321d9-83c2-485e-9103-1f8d9b1201df::input-params ::GET::::{}
2024-08-24 08:34:18::info::/v1/api/news/readNews/66a8d42a143aa910a3d75287::2b467ea1-1012-4dce-91cd-e5e94014679b::input-params ::GET::::{}
2024-08-24 08:34:18::info::/v1/api/help/readHelpArticles::75230d1c-41c9-4e66-b871-ca0b0327c49f::input-params ::GET::::{}
2024-08-24 08:34:45::info::/v1/api/news/readNews/66a8d42a143aa910a3d75287::c69699c5-59ad-4567-9903-26964ae9b108::input-params ::GET::::{}
2024-08-24 08:34:46::info::/v1/api/movement/readMovements::13421726-24ef-4553-98e7-d27bf4e4f243::input-params ::GET::::{}
2024-08-24 08:34:46::info::/v1/api/news/readNewss::23545eb8-d393-4866-ae59-f6106d3e674a::input-params ::GET::::{}
2024-08-24 08:34:46::info::/v1/api/help/readHelpTopics::461e5709-942e-4b1e-9eb0-f2a1f3e227b1::input-params ::GET::::{}
2024-08-24 08:34:46::info::/v1/api/news/readNews/66a8d42a143aa910a3d75287::821d7dc2-0cbf-4cd6-a14c-91a26d4a715a::input-params ::GET::::{}
2024-08-24 08:34:46::info::/v1/api/help/readHelpArticles::e40dba02-b056-4433-af0f-ae5bc1b7d549::input-params ::GET::::{}
2024-08-24 08:34:56::info::/v1/api/news/readNews/66a8d42a143aa910a3d75287::571ec02d-074a-4ae6-b2c5-571fd0fdc02a::input-params ::GET::::{}
2024-08-24 08:35:09::info::/v1/api/movement/readMovements::ae2315ef-611e-4c7d-9e49-203c731b53b3::input-params ::GET::::{}
2024-08-24 08:35:09::info::/v1/api/news/readNewss::836bf3b4-3fb0-4cc6-854c-d28e9e234f6d::input-params ::GET::::{}
2024-08-24 08:35:09::info::/v1/api/help/readHelpTopics::2e78f4a9-8e1f-42ac-8f42-4963c60d964c::input-params ::GET::::{}
2024-08-24 08:35:09::info::/v1/api/help/readHelpArticles::b71b3c94-5fba-46a4-820a-f86880fc26ae::input-params ::GET::::{}
2024-08-24 08:35:09::info::/v1/api/news/readNews/66a8d42a143aa910a3d75287::2fbd1a4b-5ff7-4c73-bd2d-daf4eff69aa2::input-params ::GET::::{}
2024-08-24 08:36:41::info::/v1/api/movement/readMovements::08f327e2-dccb-478c-9dff-319c159577c8::input-params ::GET::::{}
2024-08-24 08:37:52::info::/v1/api/movement/readMovements::ca4fd41d-f213-4ca9-8f79-187be86925e4::input-params ::GET::::{}
2024-08-24 08:43:40::info::/v1/api/movement/readMovements::482b6019-8ca3-483a-bca7-66f647cd65cc::input-params ::GET::::{}
2024-08-24 08:43:42::info::/v1/api/user/me::34d39335-8e8c-4463-8bd9-244af60c1ab4::input-params ::GET::::{}
2024-08-24 08:43:42::info::/v1/api/movement/readMovements::dd8b30c8-17db-480b-9d16-054259f5ecc6::input-params ::GET::::{}
2024-08-24 08:43:42::info::/v1/api/news/readNewss::578bb944-dc7b-495d-9d12-6d7e09d8d44e::input-params ::GET::::{}
2024-08-24 08:43:42::info::/v1/api/help/readHelpTopics::a8560639-76f3-4ca1-a987-4623c0dc2489::input-params ::GET::::{}
2024-08-24 08:43:42::info::/v1/api/help/readHelpArticles::2683ff2b-987e-4199-bd11-bcc9cc3225f7::input-params ::GET::::{}
2024-08-24 08:45:53::info::/v1/api/movement/readMovements::e9d2cf1c-667d-4b3d-83ee-10b52fa5e66b::input-params ::GET::::{}
2024-08-24 08:45:53::info::/v1/api/news/readNewss::d07ad87c-aaea-4fd9-ab3a-c2410340250f::input-params ::GET::::{}
2024-08-24 08:45:53::info::/v1/api/help/readHelpArticles::6273790c-c999-4b8b-bc0b-92c2fa29e3ae::input-params ::GET::::{}
2024-08-24 08:45:53::info::/v1/api/help/readHelpTopics::a2226b65-f759-4cac-88eb-fbfc1ffb1ef0::input-params ::GET::::{}
2024-08-24 08:45:56::info::/v1/api/movement/readMovements::2cb6d661-fdbc-4a02-994c-bba7598d75cd::input-params ::GET::::{}
2024-08-24 08:45:56::info::/v1/api/news/readNewss::9c891f26-6d77-4b51-a6dd-21f450a37c8a::input-params ::GET::::{}
2024-08-24 08:45:56::info::/v1/api/help/readHelpTopics::cc56934a-ccb9-4609-99ac-9f09b7b265b5::input-params ::GET::::{}
2024-08-24 08:45:56::info::/v1/api/help/readHelpArticles::67101937-069c-4c85-894b-028bdab7023a::input-params ::GET::::{}
2024-08-24 08:46:47::info::/v1/api/movement/readMovements::df5507a2-a743-4b7a-9bd2-fa7d4f3be500::input-params ::GET::::{}
2024-08-24 08:46:47::info::/v1/api/news/readNewss::8f753cde-baf2-43fa-a3fc-2f25efdb063f::input-params ::GET::::{}
2024-08-24 08:46:47::info::/v1/api/help/readHelpTopics::5b5f9c89-3582-446d-a642-d6b614e650d7::input-params ::GET::::{}
2024-08-24 08:46:47::info::/v1/api/help/readHelpArticles::6fdaf48f-c8c5-436d-9271-fa3fe5ded279::input-params ::GET::::{}
2024-08-24 08:46:48::info::/v1/api/movement/readMovements::54f4c583-c942-4fd7-a1bf-98f044ab80d0::input-params ::GET::::{}
2024-08-24 08:46:48::info::/v1/api/news/readNewss::5a6d19c9-1da2-409e-81ac-aafa0c3cea5d::input-params ::GET::::{}
2024-08-24 08:46:48::info::/v1/api/help/readHelpTopics::a858326f-8d63-4687-9d72-37013e900905::input-params ::GET::::{}
2024-08-24 08:46:48::info::/v1/api/help/readHelpArticles::a57ca4f7-aeb8-4cb7-b14e-c870cb60ebfa::input-params ::GET::::{}
2024-08-24 08:48:14::info::/v1/api/movement/readMovements::88f568d0-d6b2-4a4a-8491-fbeb2385d67f::input-params ::GET::::{}
2024-08-24 08:48:14::info::/v1/api/news/readNewss::85941d8b-2927-446c-a67a-60739725abb3::input-params ::GET::::{}
2024-08-24 08:48:14::info::/v1/api/help/readHelpTopics::ab719bca-3430-40cf-a507-314f01b62618::input-params ::GET::::{}
2024-08-24 08:48:14::info::/v1/api/help/readHelpArticles::1ef78b3a-e6c1-46a2-befe-a937f4b90c64::input-params ::GET::::{}
2024-08-24 08:49:02::info::/v1/api/movement/readMovements::18804658-283c-41b9-8475-b94173365f88::input-params ::GET::::{}
2024-08-24 08:49:02::info::/v1/api/news/readNewss::aa5445ee-ab6f-4d75-9ab5-30c991dcf38c::input-params ::GET::::{}
2024-08-24 08:49:02::info::/v1/api/help/readHelpTopics::926819ec-d75a-4881-b27b-7ceccda32dcf::input-params ::GET::::{}
2024-08-24 08:49:02::info::/v1/api/help/readHelpArticles::33d5b5b1-6c15-4bad-a5da-a66f347ce8b9::input-params ::GET::::{}
2024-08-24 08:49:08::info::/v1/api/movement/readMovements::8baf8c17-d863-4d6a-84e3-192ef8d9e580::input-params ::GET::::{}
2024-08-24 08:49:11::info::/v1/api/movement/readMovements::71ca705c-b59a-402f-b426-d2c6ab4103ee::input-params ::GET::::{}
2024-08-24 08:49:21::info::/v1/api/movement/readMovements::4a1482cc-fd5c-48c0-acc2-bc4c446d3fa9::input-params ::GET::::{}
2024-08-24 08:50:15::info::/v1/api/news/readNewss::7867e971-614c-4986-8907-a8393077f968::input-params ::GET::::{}
2024-08-24 08:50:15::info::/v1/api/help/readHelpTopics::b4adfc11-97e4-40d2-b279-75fb208bac17::input-params ::GET::::{}
2024-08-24 08:50:15::info::/v1/api/help/readHelpArticles::281aafd6-5709-439e-a36e-0676c0d02501::input-params ::GET::::{}
2024-08-24 08:51:24::info::/v1/api/movement/readMovements::4c96bc94-d94d-40d7-8857-030de65e401d::input-params ::GET::::{}
2024-08-24 08:51:24::info::/v1/api/news/readNewss::57138b95-8e7b-4ce2-adf2-bffbdd947bb2::input-params ::GET::::{}
2024-08-24 08:51:24::info::/v1/api/help/readHelpTopics::ccbfe096-f592-45a5-b776-90a7e2328fe8::input-params ::GET::::{}
2024-08-24 08:51:24::info::/v1/api/help/readHelpArticles::e08edba7-1aa1-451c-a4e8-eea2b667e298::input-params ::GET::::{}
2024-08-24 08:51:36::info::/v1/api/movement/readMovements::767d689c-493c-41f8-8549-1908a22a18d8::input-params ::GET::::{}
2024-08-24 08:51:36::info::/v1/api/news/readNewss::d56a6fdf-c51c-4da2-9e20-da27b5a8d69b::input-params ::GET::::{}
2024-08-24 08:51:36::info::/v1/api/help/readHelpTopics::af8b563b-ea6e-4696-8201-67172ef5b9af::input-params ::GET::::{}
2024-08-24 08:51:36::info::/v1/api/help/readHelpArticles::b9d3f65b-4155-4ebf-a091-faa57d992f4f::input-params ::GET::::{}
2024-08-24 08:52:22::info::/v1/api/movement/readMovements::650aeb77-dad7-4376-ae77-72b4dabaf000::input-params ::GET::::{}
2024-08-24 08:52:22::info::/v1/api/news/readNewss::aed5f89f-4741-4343-bdd7-aae778058e09::input-params ::GET::::{}
2024-08-24 08:52:22::info::/v1/api/help/readHelpTopics::790cee4c-3e82-4472-a164-9b3947962af2::input-params ::GET::::{}
2024-08-24 08:52:22::info::/v1/api/help/readHelpArticles::76822a69-0fe1-4bd5-acfd-83df0e3c9ef2::input-params ::GET::::{}
2024-08-24 08:52:27::info::/v1/api/news/readNewss::088f3451-81d3-4f2b-833f-a6ac8ad9b588::input-params ::GET::::{}
2024-08-24 08:52:27::info::/v1/api/help/readHelpTopics::aa16cbb4-1849-4149-ace4-0dc7dc8e749f::input-params ::GET::::{}
2024-08-24 08:52:27::info::/v1/api/help/readHelpArticles::adfbe018-fcbd-49ba-b1bb-be6a4a798256::input-params ::GET::::{}
2024-08-24 08:52:35::info::/v1/api/movement/readMovements::377e1156-9ac4-4c37-9e1e-6dccea2bc967::input-params ::GET::::{}
2024-08-24 08:52:35::info::/v1/api/news/readNewss::ca0747c8-ce8b-4c99-9cae-fe3d15a3bb39::input-params ::GET::::{}
2024-08-24 08:52:35::info::/v1/api/help/readHelpTopics::ce269714-68ff-4803-9bc6-eb8538274856::input-params ::GET::::{}
2024-08-24 08:52:35::info::/v1/api/help/readHelpArticles::b38114ea-0607-44f7-a42f-25dcaadca553::input-params ::GET::::{}
2024-08-24 08:52:42::info::/v1/api/news/readNewss::314e6001-3b06-4a32-b0a7-ad8462ec95f9::input-params ::GET::::{}
2024-08-24 08:52:42::info::/v1/api/help/readHelpTopics::7e56f151-36f4-42b8-adf1-dcde7da69a69::input-params ::GET::::{}
2024-08-24 08:52:42::info::/v1/api/help/readHelpArticles::89cf3ab0-92e1-40b6-9492-02990871631a::input-params ::GET::::{}
2024-08-24 08:53:00::info::/v1/api/movement/readMovements::8949ad82-5a39-474d-9806-b45b2f33cc88::input-params ::GET::::{}
2024-08-24 08:53:00::info::/v1/api/news/readNewss::6ebd0ea8-13f2-4491-a5f9-d6ea6fcc9b18::input-params ::GET::::{}
2024-08-24 08:53:00::info::/v1/api/help/readHelpTopics::78aa60f8-7ee3-43d4-b1d5-030bea1ecf8e::input-params ::GET::::{}
2024-08-24 08:53:00::info::/v1/api/help/readHelpArticles::1b24c442-91b0-4ed6-aaa2-6e75c5b04dc8::input-params ::GET::::{}
2024-08-24 08:53:07::info::/v1/api/news/readNewss::9153734d-5a99-40d7-aab2-5f212604fa3d::input-params ::GET::::{}
2024-08-24 08:53:07::info::/v1/api/help/readHelpTopics::e40ee24b-90ba-4eb5-a23a-de2307befc30::input-params ::GET::::{}
2024-08-24 08:53:07::info::/v1/api/help/readHelpArticles::87d96dcc-745d-43b9-abab-bd7dd8407364::input-params ::GET::::{}
2024-08-24 08:53:11::info::/v1/api/movement/readMovements::617a5e6c-3299-4eaa-b893-5b0e80827d4c::input-params ::GET::::{}
2024-08-24 08:53:11::info::/v1/api/news/readNewss::fbdc0bc2-0b9e-44c2-b963-5abca0672aec::input-params ::GET::::{}
2024-08-24 08:53:11::info::/v1/api/help/readHelpTopics::7119487c-d0ab-4260-b2c1-86645b0ce3a6::input-params ::GET::::{}
2024-08-24 08:53:11::info::/v1/api/help/readHelpArticles::1d378d3a-200d-4d65-af6d-a6f675aaca59::input-params ::GET::::{}
2024-08-24 08:53:11::info::/v1/api/news/readNews/66a8d42a143aa910a3d75287::49a48da0-1078-44a0-9cdc-6809b7860809::input-params ::GET::::{}
2024-08-24 08:53:16::info::/v1/api/news/readNews/66a8f46e143aa910a3d771f9::a6c36eb0-b1c8-4327-bb1e-8aa25624f277::input-params ::GET::::{}
2024-08-24 08:53:29::info::/v1/api/news/updateNews/66a8d42a143aa910a3d75287::402d334d-f132-4ae6-ba93-4aa849237f73::input-params ::PATCH::::{}
2024-08-24 08:53:33::info::/v1/api/news/readNewss::722fd55e-4d2b-4185-853d-ad3771ad5d41::input-params ::GET::::{}
2024-08-24 08:53:36::info::/v1/api/news/readNewss::b46dc817-3a8f-4a28-b3ed-8be142e27bbb::input-params ::GET::::{}
2024-08-24 08:53:36::info::/v1/api/movement/readMovements::d1e8bf90-0eb4-4223-9b6b-e0d74a051245::input-params ::GET::::{}
2024-08-24 08:53:36::info::/v1/api/help/readHelpTopics::5a7a1873-5989-4842-935a-ff893c4f49db::input-params ::GET::::{}
2024-08-24 08:53:36::info::/v1/api/help/readHelpArticles::58a4c05d-e22a-4c6a-aa75-d4fad6831965::input-params ::GET::::{}
2024-08-24 08:53:38::info::/v1/api/news/readNewss::3b421dc0-2643-418c-81c4-39aa34bffd27::input-params ::GET::::{}
2024-08-24 08:53:38::info::/v1/api/recommender/readPopularPosts::4c8a57a2-a044-4e07-9b69-581bf2b8e732::input-params ::GET::::{}
2024-08-24 08:53:39::info::/v1/api/news/readNewss::0e10b4a2-d8c8-4a0f-80a0-45ef5523a371::input-params ::GET::::{}
2024-08-24 08:53:39::info::/v1/api/news/readNews/66a8f46e143aa910a3d771f9::0f6400b7-98dc-474e-a92b-3043491a5d9c::input-params ::GET::::{}
2024-08-24 08:53:41::info::/v1/api/news/readNews/66a8d42a143aa910a3d75287::c6c93cd1-6992-4e2f-8a19-bcaa243257fb::input-params ::GET::::{}
2024-08-24 08:53:47::info::/v1/api/news/readNewss::631c4eab-1c7a-466d-9d38-9aecca43cfee::input-params ::GET::::{}
2024-08-24 08:53:47::info::/v1/api/recommender/readPopularPosts::4fb10742-5f7f-47cc-ac8f-7d6c6eb14643::input-params ::GET::::{}
2024-08-24 08:53:50::info::/v1/api/news/readNewss::d36a5ea0-c4af-4dbe-9545-e72314a681fc::input-params ::GET::::{}
2024-08-24 08:53:50::info::/v1/api/news/readNews/66a8d42a143aa910a3d75287::959914ac-6627-43ed-a031-37eaa066f4cf::input-params ::GET::::{}
2024-08-24 08:53:50::info::/v1/api/news/readNews/66a8f46e143aa910a3d771f9::685a5c98-aff8-412c-bfc9-831bee2803c6::input-params ::GET::::{}
2024-08-24 08:53:51::info::/v1/api/news/readNewss::2e90c0d6-9f11-4733-b408-da1490f00e9d::input-params ::GET::::{}
2024-08-24 08:53:51::info::/v1/api/recommender/readPopularPosts::423ebd03-f0c9-4586-9677-d4ed93eaa5b9::input-params ::GET::::{}
2024-08-24 08:53:51::info::/v1/api/news/readNewss::e4e036dc-c866-4af9-9f14-27285ac1e0b9::input-params ::GET::::{}
2024-08-24 08:53:51::info::/v1/api/help/readHelpTopics::e60978fe-4e91-430d-8020-a10a17e79f04::input-params ::GET::::{}
2024-08-24 08:53:51::info::/v1/api/help/readHelpArticles::3897a875-7601-4690-a2c3-500afb7eedc9::input-params ::GET::::{}
2024-08-24 08:53:54::info::/v1/api/news/readNews/66a8d42a143aa910a3d75287::e5e5fe5b-4d64-4e5d-814e-48a86f942bf4::input-params ::GET::::{}
2024-08-24 08:54:00::info::/v1/api/movement/readMovements::75ee8d5a-01f1-4e6b-9b94-757a822c3d6b::input-params ::GET::::{}
2024-08-24 08:54:00::info::/v1/api/news/readNewss::3a0be91b-381f-4bbb-892b-30cb71303705::input-params ::GET::::{}
2024-08-24 08:54:00::info::/v1/api/help/readHelpTopics::5aa2d8cd-f961-4161-b8cf-576e3b696c4d::input-params ::GET::::{}
2024-08-24 08:54:00::info::/v1/api/help/readHelpArticles::e5f6f903-6198-4461-8b7f-bc2535729017::input-params ::GET::::{}
2024-08-24 08:54:00::info::/v1/api/news/readNews/66a8d42a143aa910a3d75287::09f3a320-bcc0-49a1-acb9-0ddfe9b60b62::input-params ::GET::::{}
2024-08-24 08:54:02::info::/v1/api/news/updateNews/66a8f46e143aa910a3d771f9::2af2fa74-7dc5-4555-b192-612e55579391::input-params ::PATCH::::{}
2024-08-24 08:54:07::info::/v1/api/news/readNewss::ce227d6e-a7d7-45d5-9512-43ed0669efeb::input-params ::GET::::{}
2024-08-24 08:54:14::info::/v1/api/user/me::20e29179-ed8b-4bc2-b68b-c33eda85b27e::input-params ::GET::::{}
2024-08-24 08:54:14::info::/v1/api/movement/readMovements::1702bdff-c5bf-4aa6-bebb-4e5799b7ea7c::input-params ::GET::::{}
2024-08-24 08:54:14::info::/v1/api/news/readNewss::acbdae40-a3ab-452e-86ad-4cecf1a80fe5::input-params ::GET::::{}
2024-08-24 08:54:14::info::/v1/api/help/readHelpTopics::6afdeb3d-0ad7-4f89-8f12-bfd456bce247::input-params ::GET::::{}
2024-08-24 08:54:14::info::/v1/api/help/readHelpArticles::deba9f9e-f809-4435-8762-02e4b32bca58::input-params ::GET::::{}
2024-08-24 08:54:15::info::/v1/api/news/readNews/66a8d42a143aa910a3d75287::1fcab43b-40ef-4a33-8026-736dc8b0ffb6::input-params ::GET::::{}
2024-08-24 08:54:20::info::/v1/api/news/readNews/66a8d42a143aa910a3d75287::dc7b40a2-1742-4943-b761-96ed368210b5::input-params ::GET::::{}
2024-08-24 08:54:27::info::/v1/api/movement/readMovements::8b025f5a-fbab-47fa-9277-610cc069663e::input-params ::GET::::{}
2024-08-24 08:54:27::info::/v1/api/news/readNewss::128c4549-0a51-4bd3-8027-c0c1f6332e8a::input-params ::GET::::{}
2024-08-24 08:54:27::info::/v1/api/help/readHelpTopics::20119870-b524-42b7-a49a-b66c0a23d3ad::input-params ::GET::::{}
2024-08-24 08:54:27::info::/v1/api/help/readHelpArticles::af646061-4b5d-42f2-824e-06112dd0439b::input-params ::GET::::{}
2024-08-24 08:54:27::info::/v1/api/news/readNews/66a8d42a143aa910a3d75287::67ca249d-2489-42d0-a95a-9c5ad5b58940::input-params ::GET::::{}
2024-08-24 08:54:28::info::/v1/api/news/updateNews/66a8d42a143aa910a3d75287::0ebe098f-fb3d-4e05-b4ba-3d8e10075e29::input-params ::PATCH::::{}
2024-08-24 08:54:34::info::/v1/api/news/readNewss::2b5628dd-5dc4-4603-82df-0a35e471ffc3::input-params ::GET::::{}
2024-08-24 08:54:39::info::/v1/api/user/me::20781b7f-ceaf-4d4c-a912-559444fcf3b5::input-params ::GET::::{}
2024-08-24 08:54:39::info::/v1/api/movement/readMovements::faca7d7d-0313-4e46-a764-9481bbb29bc8::input-params ::GET::::{}
2024-08-24 08:54:39::info::/v1/api/news/readNewss::3e5c4800-8e0c-4a91-a9bf-931cc65a5c31::input-params ::GET::::{}
2024-08-24 08:54:39::info::/v1/api/help/readHelpArticles::933a482b-12b4-45ce-9d54-72718184a5a8::input-params ::GET::::{}
2024-08-24 08:54:39::info::/v1/api/help/readHelpTopics::1465aca1-52dc-468e-8628-a9f64dd42d78::input-params ::GET::::{}
2024-08-24 08:54:44::info::/v1/api/news/readNews/66a8d42a143aa910a3d75287::50562ae4-54a6-4bdb-a5f6-295caa1dfcee::input-params ::GET::::{}
2024-08-24 08:54:49::info::/v1/api/news/readNews/66a8d42a143aa910a3d75287::5210d1dc-4bd4-4fb7-9228-3d923f41d8b9::input-params ::GET::::{}
2024-08-24 08:55:08::info::/v1/api/news/updateNews/66a8d42a143aa910a3d75287::fba3b859-d801-44f1-a444-55b40dc282a0::input-params ::PATCH::::{}
2024-08-24 08:55:12::info::/v1/api/news/readNewss::ee576f04-c8f8-4fd9-aa55-dbd9718eec71::input-params ::GET::::{}
2024-08-24 08:55:14::info::/v1/api/news/readNewss::b71e3531-4385-4c0d-899c-77c4a53c2057::input-params ::GET::::{}
2024-08-24 08:55:14::info::/v1/api/recommender/readPopularPosts::9203f727-97f0-4c04-8757-2bc6c6637ccd::input-params ::GET::::{}
2024-08-24 08:55:15::info::/v1/api/news/readNewss::9bbf0393-8acd-4cdb-ae8d-aa2747c74844::input-params ::GET::::{}
2024-08-24 08:55:15::info::/v1/api/news/readNews/66a8d42a143aa910a3d75287::a286f6bb-8c74-4a5b-a7e1-508263abdf5f::input-params ::GET::::{}
2024-08-24 08:55:22::info::/v1/api/movement/readMovements::0620ae86-17b2-4fa5-9ee6-7bbfc9de903a::input-params ::GET::::{}
2024-08-24 08:55:22::info::/v1/api/news/readNewss::a22cc2e7-e51b-4593-b0d8-a70f944c875a::input-params ::GET::::{}
2024-08-24 08:55:22::info::/v1/api/news/readNews/66a8d42a143aa910a3d75287::a54fd0e8-2dcc-472f-a29a-0d75cee10434::input-params ::GET::::{}
2024-08-24 08:55:26::info::/v1/api/movement/readMovements::5c752c28-42d5-4d3b-b9fc-7b073a94a636::input-params ::GET::::{}
2024-08-24 08:55:27::info::/v1/api/news/readNewss::99a04cce-2028-40d5-add3-e6e42e67a349::input-params ::GET::::{}
2024-08-24 08:55:27::info::/v1/api/news/readNews/66a8d42a143aa910a3d75287::6fec9618-4516-4508-aeed-ea038a45e3c1::input-params ::GET::::{}
2024-08-24 08:55:30::info::/v1/api/movement/readMovements::688a33dd-2dc6-497f-aa16-e9a53b4d7f03::input-params ::GET::::{}
2024-08-24 08:55:30::info::/v1/api/news/readNewss::2d5954fa-df92-486b-bad1-deb3e07fd09b::input-params ::GET::::{}
2024-08-24 08:55:30::info::/v1/api/news/readNews/66a8d42a143aa910a3d75287::0c1fb414-bec6-468a-8873-e4949bb4bf8f::input-params ::GET::::{}
2024-08-24 08:55:33::info::/v1/api/news/readNewss::6504a424-6d3e-47e6-9242-88b8e12c6071::input-params ::GET::::{}
2024-08-24 08:55:33::info::/v1/api/recommender/readPopularPosts::7f95f385-9969-4d28-b04d-2a0c0607ef26::input-params ::GET::::{}
2024-08-24 08:55:35::info::/v1/api/news/readNewss::93e78ea3-7afb-4695-94ba-afbfc488bc67::input-params ::GET::::{}
2024-08-24 08:55:35::info::/v1/api/news/readNews/66a8d42a143aa910a3d75287::0e048dbd-dff6-4475-a7f0-f4f0b5d0327c::input-params ::GET::::{}
2024-08-24 08:55:35::info::/v1/api/news/readNewss::28a46aa6-615e-47d2-a116-0695631dc482::input-params ::GET::::{}
2024-08-24 08:55:36::info::/v1/api/news/readNewss::5fc3bd16-4401-4855-99ce-3739d862125d::input-params ::GET::::{}
2024-08-24 08:55:36::info::/v1/api/help/readHelpTopics::0bbf3982-6d0f-405a-9ad5-34097a46864c::input-params ::GET::::{}
2024-08-24 08:55:36::info::/v1/api/help/readHelpArticles::d73c9817-364a-49cf-ba18-d4714c125bf3::input-params ::GET::::{}
2024-08-24 08:55:38::info::/v1/api/news/readNews/66a8d42a143aa910a3d75287::8b5f591a-ed93-48fe-860e-c70ea962e5f5::input-params ::GET::::{}
2024-08-24 08:55:42::info::/v1/api/movement/readMovements::56bdedc0-74f2-4f49-be9a-f650223ed7b9::input-params ::GET::::{}
2024-08-24 08:55:42::info::/v1/api/news/readNewss::6424b2e5-9e79-441e-b4e2-acea841ef361::input-params ::GET::::{}
2024-08-24 08:55:42::info::/v1/api/help/readHelpTopics::5b4d5533-c8d9-4d03-9582-b71523b98266::input-params ::GET::::{}
2024-08-24 08:55:42::info::/v1/api/help/readHelpArticles::eb390045-1e4e-4bd9-9a92-108b67e3f0ed::input-params ::GET::::{}
2024-08-24 08:55:42::info::/v1/api/news/readNews/66a8d42a143aa910a3d75287::ff860e36-428d-47aa-823b-1193f093f19d::input-params ::GET::::{}
2024-08-24 08:56:00::info::/v1/api/news/updateNews/66a8d42a143aa910a3d75287::bcb12dca-f771-4475-8716-e5ddb48dd479::input-params ::PATCH::::{}
2024-08-24 08:56:04::info::/v1/api/news/readNewss::1fd5bd4a-794d-465f-bba6-2fc6d707695c::input-params ::GET::::{}
2024-08-24 08:56:06::info::/v1/api/news/readNewss::b6baf052-6a18-46d0-810d-04556a76b50b::input-params ::GET::::{}
2024-08-24 08:56:06::info::/v1/api/recommender/readPopularPosts::6477e12c-6f03-47ae-82c3-f1acacf5b489::input-params ::GET::::{}
2024-08-24 08:56:07::info::/v1/api/news/readNewss::45395e32-5819-4ac7-af37-a5a44cb6dbd3::input-params ::GET::::{}
2024-08-24 08:56:07::info::/v1/api/news/readNews/66a8d42a143aa910a3d75287::57c4dd5c-6853-49b4-be2c-e96257273d8e::input-params ::GET::::{}
2024-08-24 08:56:11::info::/v1/api/news/readNewss::a48bb5fa-7da9-4a97-9b35-9233366d8bd1::input-params ::GET::::{}
2024-08-24 08:56:11::info::/v1/api/recommender/readPopularPosts::becb34ad-ecf4-49e8-90b8-34e349a4c90a::input-params ::GET::::{}
2024-08-24 08:56:14::info::/v1/api/news/readNewss::540e2228-0c3a-4789-ab63-25438061686d::input-params ::GET::::{}
2024-08-24 08:56:14::info::/v1/api/news/readNews/66a8d42a143aa910a3d75287::8926eff9-c6d9-45fc-b25e-02b2e2a4f7a1::input-params ::GET::::{}
2024-08-24 08:56:14::info::/v1/api/news/readNewss::29b09482-3299-4768-8db3-65d0d0bda3b5::input-params ::GET::::{}
2024-08-24 08:56:14::info::/v1/api/recommender/readPopularPosts::35d33368-4b9d-4fb4-8384-142d574df742::input-params ::GET::::{}
2024-08-24 08:56:14::info::/v1/api/help/readHelpTopics::ec9a07da-53c0-448a-89f0-a59756a73de4::input-params ::GET::::{}
2024-08-24 08:56:14::info::/v1/api/news/readNewss::3011d3c4-d1f2-4e9d-9126-2c81183831dd::input-params ::GET::::{}
2024-08-24 08:56:14::info::/v1/api/help/readHelpArticles::924016cd-9629-4289-850e-fceaeccccbb7::input-params ::GET::::{}
2024-08-24 08:56:16::info::/v1/api/news/readNews/66a8d42a143aa910a3d75287::24e5d9ad-5efc-4d71-a8eb-24d8f443f511::input-params ::GET::::{}
2024-08-24 09:01:33::info::/v1/api/movement/readMovements::66290884-8a60-4df8-9a49-698c29ad8b19::input-params ::GET::::{}
2024-08-24 09:01:33::info::/v1/api/news/readNewss::6fde59c3-55de-4d86-9d61-0361728ffc8d::input-params ::GET::::{}
2024-08-24 09:01:33::info::/v1/api/help/readHelpTopics::fa86b0da-c140-4c00-945f-8ea00a9b5918::input-params ::GET::::{}
2024-08-24 09:01:33::info::/v1/api/help/readHelpArticles::ddc0d0ad-4293-445d-b889-ae6cfb2f4e80::input-params ::GET::::{}
2024-08-24 09:01:33::info::/v1/api/news/readNews/66a8d42a143aa910a3d75287::c2309cf3-cfeb-4830-b9bb-23083d47862a::input-params ::GET::::{}
2024-08-24 09:01:46::info::/v1/api/movement/readMovements::3770137f-ad2e-4ad1-b3b4-c9b67461a0d8::input-params ::GET::::{}
2024-08-24 09:01:46::info::/v1/api/news/readNewss::d86c9ebb-3fe7-4c8e-bc63-e79acb144e7b::input-params ::GET::::{}
2024-08-24 09:01:46::info::/v1/api/help/readHelpTopics::3addc29f-50fc-4a28-8ce3-308c51833840::input-params ::GET::::{}
2024-08-24 09:01:46::info::/v1/api/help/readHelpArticles::ae1282a9-a002-4295-919b-e01c3df88af7::input-params ::GET::::{}
2024-08-24 09:01:46::info::/v1/api/news/readNews/66a8d42a143aa910a3d75287::25c4f0b6-76c0-445c-8bfe-ad1d89732fcb::input-params ::GET::::{}
2024-08-24 09:09:02::info::/v1/api/movement/readMovements::3d794991-4b9a-4eed-8eb4-9188f42c8840::input-params ::GET::::{}
2024-08-24 09:09:02::info::/v1/api/news/readNewss::450fec02-8642-4c08-b25d-894f7a7807dc::input-params ::GET::::{}
2024-08-24 09:09:02::info::/v1/api/help/readHelpTopics::cdf084b3-5b19-4ff6-a25d-0480459dbaab::input-params ::GET::::{}
2024-08-24 09:09:02::info::/v1/api/help/readHelpArticles::223ba775-582e-4600-9cad-876bafebd0d7::input-params ::GET::::{}
2024-08-24 09:09:02::info::/v1/api/news/readNews/66a8d42a143aa910a3d75287::5d2ca9ef-174d-40a8-9ca4-dedb9f1ed3b6::input-params ::GET::::{}
2024-08-24 09:09:04::info::/v1/api/movement/readMovements::accaaf5a-8897-4dae-b299-0463d6884a03::input-params ::GET::::{}
2024-08-24 09:09:04::info::/v1/api/news/readNewss::2f417b7b-55fc-48a4-a8bf-23b863482016::input-params ::GET::::{}
2024-08-24 09:09:04::info::/v1/api/help/readHelpTopics::bff25cbb-c7da-498c-b13d-77a26e3c4abb::input-params ::GET::::{}
2024-08-24 09:09:04::info::/v1/api/help/readHelpArticles::2e7c5006-2957-4fe7-b008-af216ed4be20::input-params ::GET::::{}
2024-08-24 09:09:04::info::/v1/api/news/readNews/66a8d42a143aa910a3d75287::2d0a080c-f910-48f7-a57a-38ea5074fcd9::input-params ::GET::::{}
2024-08-24 09:09:18::info::/v1/api/movement/readMovements::4502e0ed-c6b2-4642-a6a0-aa3912b1892a::input-params ::GET::::{}
2024-08-24 09:09:18::info::/v1/api/news/readNewss::7084ba11-0336-4055-b254-8f9922178835::input-params ::GET::::{}
2024-08-24 09:09:18::info::/v1/api/news/readNews/66a8d42a143aa910a3d75287::6eea670a-d431-4a83-b4b0-c973b37a1f7c::input-params ::GET::::{}
2024-08-24 09:09:18::info::/v1/api/help/readHelpArticles::5ae3fa83-7e93-4922-bc3d-7b3d23dbf3a5::input-params ::GET::::{}
2024-08-24 09:09:18::info::/v1/api/help/readHelpTopics::38522832-fbea-485b-ab72-e78591f3ae50::input-params ::GET::::{}
2024-08-24 09:09:41::info::/v1/api/movement/readMovements::7b83884e-145d-40fd-a8c1-e9bcb35a8f11::input-params ::GET::::{}
2024-08-24 09:09:41::info::/v1/api/news/readNewss::37820174-edd9-4c6f-a12a-000cbc12a126::input-params ::GET::::{}
2024-08-24 09:09:41::info::/v1/api/help/readHelpTopics::bf2b1ba4-7a73-45dc-98dc-cd185a076ed9::input-params ::GET::::{}
2024-08-24 09:09:41::info::/v1/api/news/readNews/66a8d42a143aa910a3d75287::6c8a546d-726a-402a-9e66-f034e527b6a1::input-params ::GET::::{}
2024-08-24 09:09:41::info::/v1/api/help/readHelpArticles::66bf1360-71f6-488a-871c-2442bbaff50b::input-params ::GET::::{}
2024-08-24 09:10:21::info::/v1/api/movement/readMovements::8b720e8c-733c-4f04-b373-69d63d9e3e7b::input-params ::GET::::{}
2024-08-24 09:10:21::info::/v1/api/news/readNewss::a6672dec-aed0-440d-b15c-c6224f7fea93::input-params ::GET::::{}
2024-08-24 09:10:21::info::/v1/api/help/readHelpTopics::32743641-45b6-4b35-866d-cebcce9f839f::input-params ::GET::::{}
2024-08-24 09:10:21::info::/v1/api/help/readHelpArticles::f0f96bb3-b28d-4fa4-a956-87d870561860::input-params ::GET::::{}
2024-08-24 09:10:21::info::/v1/api/news/readNews/66a8d42a143aa910a3d75287::cfd62924-51a5-45d4-ab67-d03ef554b3c9::input-params ::GET::::{}
2024-08-24 09:11:05::info::/v1/api/news/readNews/66a8d42a143aa910a3d75287::d38ea468-ba25-41e9-b491-d9279dde9001::input-params ::GET::::{}
2024-08-24 09:11:07::info::/v1/api/movement/readMovements::b5d6e81d-d9d8-4e91-92dc-20d68b9c98ec::input-params ::GET::::{}
2024-08-24 09:11:07::info::/v1/api/news/readNewss::04899ca0-0db5-4a35-9324-b244103c06f5::input-params ::GET::::{}
2024-08-24 09:11:07::info::/v1/api/help/readHelpArticles::913d0667-5d95-445d-a893-37539f2fa8c6::input-params ::GET::::{}
2024-08-24 09:11:07::info::/v1/api/help/readHelpTopics::8c24d3d1-0240-4e41-81b2-240f8f27ca6b::input-params ::GET::::{}
2024-08-24 09:11:07::info::/v1/api/news/readNews/66a8d42a143aa910a3d75287::e6eb6ffa-9632-4f8e-ab5d-dd69d4eb8ad0::input-params ::GET::::{}
2024-08-24 09:11:25::info::/v1/api/news/updateNews/66a8d42a143aa910a3d75287::8fed850d-a7ee-4a11-b0ed-f90ea119d553::input-params ::PATCH::::{}
2024-08-24 09:11:31::info::/v1/api/news/readNewss::cdcb3c5e-a401-47cd-8b3a-7ce36b9c7edb::input-params ::GET::::{}
2024-08-24 09:11:32::info::/v1/api/news/readNewss::60ca8a5a-2539-47f3-8bca-d6060485b246::input-params ::GET::::{}
2024-08-24 09:11:32::info::/v1/api/recommender/readPopularPosts::c45cda5d-c800-4acd-9c06-4aa7412a3587::input-params ::GET::::{}
2024-08-24 09:11:33::info::/v1/api/news/readNewss::95f3a713-d60d-4b53-b6bb-4947cdce38c7::input-params ::GET::::{}
2024-08-24 09:11:33::info::/v1/api/news/readNews/66a8d42a143aa910a3d75287::692d49e3-a1bd-47ff-867c-6df2b8a5c5c2::input-params ::GET::::{}
2024-08-24 09:11:42::info::/v1/api/news/readNewss::8ac770fe-eb8a-443c-98b5-8b89db9e9425::input-params ::GET::::{}
2024-08-24 09:11:42::info::/v1/api/recommender/readPopularPosts::8dcc9f7b-a7e3-426f-8a93-d42babc6545f::input-params ::GET::::{}
2024-08-24 09:11:43::info::/v1/api/news/readNewss::5dc73a75-f077-4039-9418-a9e906d92127::input-params ::GET::::{}
2024-08-24 09:11:43::info::/v1/api/news/readNews/66a8d42a143aa910a3d75287::85dc72a6-e6a0-46e0-a5a1-acf2c0e1b6a1::input-params ::GET::::{}
2024-08-24 09:11:46::info::/v1/api/news/readNewss::160d4827-e728-401c-9961-61dfd1f1c67d::input-params ::GET::::{}
2024-08-24 09:11:46::info::/v1/api/recommender/readPopularPosts::964522b5-bac2-46ee-b976-130ac9542161::input-params ::GET::::{}
2024-08-24 09:11:47::info::/v1/api/user/me::226c81c4-ca9b-47e3-b813-bde79dd364e8::input-params ::GET::::{}
2024-08-24 09:11:48::info::/v1/api/movement/readMovements::080513a9-2038-48a2-a0ac-e531229326cb::input-params ::GET::::{}
2024-08-24 09:11:48::info::/v1/api/news/readNewss::ecdabb90-73dc-4316-924e-1349c05eedf6::input-params ::GET::::{}
2024-08-24 09:11:48::info::/v1/api/news/readNews/66a8d42a143aa910a3d75287::667adf4b-5cc8-4f8a-8bbe-6fcc4c9148f3::input-params ::GET::::{}
2024-08-24 09:11:52::info::/v1/api/news/readNewss::28e873b6-24f6-44e2-9768-50cef3180b70::input-params ::GET::::{}
2024-08-24 09:11:52::info::/v1/api/recommender/readPopularPosts::61b6fec9-cc07-42af-a4de-4cb97286becf::input-params ::GET::::{}
2024-08-24 09:11:52::info::/v1/api/news/readNewss::f502c562-0f70-4802-b923-45e64628ec1c::input-params ::GET::::{}
2024-08-24 09:11:52::info::/v1/api/news/readNews/66a8d42a143aa910a3d75287::6e20f368-6b55-4b58-b242-e151ea11be5b::input-params ::GET::::{}
2024-08-24 09:11:53::info::/v1/api/news/readNewss::adc64adc-60eb-4486-b560-92950b7b141b::input-params ::GET::::{}
2024-08-24 09:11:53::info::/v1/api/recommender/readPopularPosts::a087b5fc-8bff-4b58-a364-f8cafe8b72ab::input-params ::GET::::{}
2024-08-24 09:11:54::info::/v1/api/news/readNewss::5ded5fea-58a3-46c6-b9d3-4fc2c36e5124::input-params ::GET::::{}
2024-08-24 09:11:54::info::/v1/api/help/readHelpTopics::cb5ddae8-9a86-4a3c-bea3-87ed2e1087e2::input-params ::GET::::{}
2024-08-24 09:11:54::info::/v1/api/help/readHelpArticles::60502407-2bba-4073-b01a-521100cd241d::input-params ::GET::::{}
2024-08-24 09:11:57::info::/v1/api/news/readNews/66a8d42a143aa910a3d75287::07046eba-3a16-45bf-8371-79a3c14a4492::input-params ::GET::::{}
2024-08-24 09:12:00::info::/v1/api/news/readNews/66a8f46e143aa910a3d771f9::c41bc927-f481-4da4-9c58-f5b8be90b978::input-params ::GET::::{}
2024-08-24 09:12:05::info::/v1/api/news/readNews/66a8d42a143aa910a3d75287::4a735d35-76e7-4024-8d01-e5ade86940ab::input-params ::GET::::{}
2024-08-24 09:12:07::info::/v1/api/news/readNews/66a8d42a143aa910a3d75287::463cf8f7-42b3-426b-b5a0-fa1bd8376514::input-params ::GET::::{}
2024-08-24 09:13:37::info::/v1/api/movement/readMovements::f1fc744e-7e53-41bb-883e-f2f3b097771e::input-params ::GET::::{}
2024-08-24 09:13:37::info::/v1/api/news/readNewss::9c80b7c2-50d1-4b19-8a32-ebc583589452::input-params ::GET::::{}
2024-08-24 09:13:37::info::/v1/api/help/readHelpTopics::c7f60e41-553e-492f-8816-48e1c4c53c42::input-params ::GET::::{}
2024-08-24 09:13:37::info::/v1/api/help/readHelpArticles::e73e645d-4509-4075-b74d-46fcf0aac0d9::input-params ::GET::::{}
2024-08-24 09:13:37::info::/v1/api/news/readNews/66a8d42a143aa910a3d75287::528468ce-94b0-49ee-a05b-eea0e1e07c8d::input-params ::GET::::{}
2024-08-24 09:13:40::info::/v1/api/news/readNews/66a8d42a143aa910a3d75287::3d911c9e-1c36-42f3-8560-86aca17146ec::input-params ::GET::::{}
2024-08-24 09:14:04::info::/v1/api/news/updateNews/66a8d42a143aa910a3d75287::a7d5a635-94f4-4af9-8a05-757044090646::input-params ::PATCH::::{}
2024-08-24 09:14:08::info::/v1/api/news/readNewss::7cdf6f04-4540-4e32-b106-de94e6565901::input-params ::GET::::{}
2024-08-24 09:14:10::info::/v1/api/news/readNews/66a8d42a143aa910a3d75287::313ad05d-2812-4e5a-bb68-077549675c76::input-params ::GET::::{}
2024-08-24 09:14:37::info::/v1/api/news/updateNews/66a8d42a143aa910a3d75287::0dc1c2ae-8bb2-42d8-bcdb-eb95f07379be::input-params ::PATCH::::{}
2024-08-24 09:14:41::info::/v1/api/news/readNewss::89833a21-624e-40c6-b4f5-22dd562fdca1::input-params ::GET::::{}
2024-08-24 09:14:42::info::/v1/api/movement/readMovements::4e02150c-f8fb-4010-b240-b2d1a58e5e83::input-params ::GET::::{}
2024-08-24 09:14:42::info::/v1/api/news/readNewss::db56ea26-f549-4f48-9fdc-a2aae2d5b95e::input-params ::GET::::{}
2024-08-24 09:14:42::info::/v1/api/help/readHelpTopics::596bf04e-b0f6-4e23-a63f-5c083daa86bf::input-params ::GET::::{}
2024-08-24 09:14:42::info::/v1/api/help/readHelpArticles::0dc46b64-d928-4a34-af9b-f1b262e2c5f9::input-params ::GET::::{}
2024-08-24 09:14:43::info::/v1/api/news/readNewss::cfef90e1-ada7-44cf-852e-f4f1f48a330f::input-params ::GET::::{}
2024-08-24 09:14:43::info::/v1/api/recommender/readPopularPosts::16b0bcde-e364-4253-98f7-a4f4e137a69f::input-params ::GET::::{}
2024-08-24 09:14:44::info::/v1/api/news/readNewss::e2f4bc06-d7b7-437e-9d22-76d715d10b62::input-params ::GET::::{}
2024-08-24 09:14:44::info::/v1/api/news/readNews/66a8d42a143aa910a3d75287::cc253149-c758-407d-8fbf-b08ed8863571::input-params ::GET::::{}
2024-08-24 09:14:49::info::/v1/api/movement/readMovements::bf4b1072-f6f1-4152-9eb7-db5bcaa13e6f::input-params ::GET::::{}
2024-08-24 09:14:49::info::/v1/api/news/readNews/66a8d42a143aa910a3d75287::167c5b4b-d1e8-4925-9f3d-0e96a0d79fa5::input-params ::GET::::{}
2024-08-24 09:14:49::info::/v1/api/news/readNewss::4aa629fa-b847-46b6-8e66-84dd9ac69e76::input-params ::GET::::{}
2024-08-24 09:15:22::info::/v1/api/movement/readMovements::5b137315-9bbb-4856-a80f-e961ee3d2b06::input-params ::GET::::{}
2024-08-24 09:15:22::info::/v1/api/news/readNews/66a8d42a143aa910a3d75287::d66c862c-1d6e-4958-88a7-494a9691db00::input-params ::GET::::{}
2024-08-24 09:15:22::info::/v1/api/news/readNewss::400519bc-2aed-4b09-a967-78801d4e29ff::input-params ::GET::::{}
2024-08-24 09:15:23::info::/v1/api/movement/readMovements::b69fbb77-d6a5-43bd-868d-1b49c4661b23::input-params ::GET::::{}
2024-08-24 09:15:23::info::/v1/api/news/readNews/66a8d42a143aa910a3d75287::e88ba82c-3243-46e5-baf4-607032ba02ba::input-params ::GET::::{}
2024-08-24 09:15:23::info::/v1/api/news/readNewss::dee2153c-1254-4682-9472-bad480058ab4::input-params ::GET::::{}
2024-08-24 09:15:42::info::/v1/api/movement/readMovements::81002452-3526-438d-ab55-d7c398d09278::input-params ::GET::::{}
2024-08-24 09:15:42::info::/v1/api/news/readNews/66a8d42a143aa910a3d75287::0b2fd325-0dd6-4809-87cc-06d2ea578e3b::input-params ::GET::::{}
2024-08-24 09:15:42::info::/v1/api/news/readNewss::815d33fa-ddf0-450f-a296-0da46debba67::input-params ::GET::::{}
2024-08-24 09:15:50::info::/v1/api/movement/readMovements::ff62cecb-447e-4243-abdc-2a664f97e3be::input-params ::GET::::{}
2024-08-24 09:15:50::info::/v1/api/news/readNews/66a8d42a143aa910a3d75287::13af92eb-8a8f-41b0-b0ce-b7bfbd8fc059::input-params ::GET::::{}
2024-08-24 09:15:50::info::/v1/api/news/readNewss::945aa7ad-c813-485b-a08c-d64d7f2b7216::input-params ::GET::::{}
2024-08-24 09:15:56::info::/v1/api/movement/readMovements::d9d8696c-4a7e-47f0-8750-5be4baf3f7df::input-params ::GET::::{}
2024-08-24 09:15:56::info::/v1/api/news/readNews/66a8d42a143aa910a3d75287::8d40f560-fc89-4e96-98e0-37df883997ef::input-params ::GET::::{}
2024-08-24 09:15:56::info::/v1/api/news/readNewss::1631403b-af45-4ce2-add0-b64fad1a054c::input-params ::GET::::{}
2024-08-24 09:16:01::info::/v1/api/movement/readMovements::6f54b624-91c2-4ee9-9a84-561081bce214::input-params ::GET::::{}
2024-08-24 09:16:01::info::/v1/api/news/readNews/66a8d42a143aa910a3d75287::21f0c980-0471-4b9f-b522-de6ed964cae0::input-params ::GET::::{}
2024-08-24 09:16:01::info::/v1/api/news/readNewss::eb376c9a-264d-4dda-8938-49417bce070b::input-params ::GET::::{}
2024-08-24 09:16:18::info::/v1/api/movement/readMovements::02bbefab-9606-494b-ae27-5b87e2f73123::input-params ::GET::::{}
2024-08-24 09:16:18::info::/v1/api/news/readNews/66a8d42a143aa910a3d75287::cc742c58-5971-4c7b-b62d-74fb29459fe8::input-params ::GET::::{}
2024-08-24 09:16:18::info::/v1/api/news/readNewss::31c57994-9da3-40f9-907f-06ed300e73b3::input-params ::GET::::{}
2024-08-24 09:16:19::info::/v1/api/movement/readMovements::18b87a0b-6373-489a-bd5a-d8b28d3f55ed::input-params ::GET::::{}
2024-08-24 09:16:19::info::/v1/api/news/readNews/66a8d42a143aa910a3d75287::50a3fffe-1b38-463b-81d9-5b1d1dc61fcb::input-params ::GET::::{}
2024-08-24 09:16:19::info::/v1/api/news/readNewss::643f0d5c-2c42-4c76-9ab8-671534d49ec6::input-params ::GET::::{}
2024-08-24 09:16:33::info::/v1/api/movement/readMovements::85ce02c2-ba33-413c-b723-490448ca1450::input-params ::GET::::{}
2024-08-24 09:16:33::info::/v1/api/news/readNews/66a8d42a143aa910a3d75287::30de51bb-9a7e-43ac-9ced-7690228db55a::input-params ::GET::::{}
2024-08-24 09:16:33::info::/v1/api/news/readNewss::fe198355-496c-45c2-a15c-a0b2cdb30952::input-params ::GET::::{}
2024-08-24 09:16:41::info::/v1/api/movement/readMovements::d4089226-ce41-4420-a8b2-ad7f3ea4ff9b::input-params ::GET::::{}
2024-08-24 09:16:41::info::/v1/api/news/readNews/66a8d42a143aa910a3d75287::dc590a64-09c5-4a58-bdc3-bc61e8e2cb50::input-params ::GET::::{}
2024-08-24 09:16:41::info::/v1/api/news/readNewss::f4a77a42-d8d6-42f8-abbe-c6bfe31ba814::input-params ::GET::::{}
2024-08-24 09:16:49::info::/v1/api/movement/readMovements::1c5e550b-0078-4172-aa07-1f8c9760c711::input-params ::GET::::{}
2024-08-24 09:16:49::info::/v1/api/news/readNews/66a8d42a143aa910a3d75287::29380c5a-2e3c-4452-98c2-aad0158d0876::input-params ::GET::::{}
2024-08-24 09:16:49::info::/v1/api/news/readNewss::b6084a8b-1557-4a23-acdd-770bcdf02a2f::input-params ::GET::::{}
2024-08-24 09:16:52::info::/v1/api/movement/readMovements::d8005024-fd4a-438e-8600-8ff3d5dfb5ca::input-params ::GET::::{}
2024-08-24 09:16:52::info::/v1/api/news/readNews/66a8d42a143aa910a3d75287::8e3fb58e-a4d6-4fc2-a168-c30b15b5738c::input-params ::GET::::{}
2024-08-24 09:16:52::info::/v1/api/news/readNewss::7e656c12-0e17-4dff-af79-a0cc2684410b::input-params ::GET::::{}
2024-08-24 09:17:01::info::/v1/api/movement/readMovements::184a97c4-d82f-4b1d-ada9-c1526e761189::input-params ::GET::::{}
2024-08-24 09:17:01::info::/v1/api/news/readNews/66a8d42a143aa910a3d75287::693f8577-8c9d-4ca7-ab5a-2b07a8c6fe17::input-params ::GET::::{}
2024-08-24 09:17:01::info::/v1/api/news/readNewss::478378f2-40a6-4add-abd2-f057c501b247::input-params ::GET::::{}
2024-08-24 09:17:16::info::/v1/api/movement/readMovements::3340b9e2-3d6d-4ae5-80a0-322fe4c832fa::input-params ::GET::::{}
2024-08-24 09:17:16::info::/v1/api/news/readNews/66a8d42a143aa910a3d75287::0c5d96d9-8242-4226-8813-db5ba568ae10::input-params ::GET::::{}
2024-08-24 09:17:16::info::/v1/api/news/readNewss::cc81ae81-4b03-4cca-94f9-1085ad9b9254::input-params ::GET::::{}
2024-08-24 09:17:32::info::/v1/api/movement/readMovements::a47f0ef8-0a1d-4890-8783-e3efabc7327e::input-params ::GET::::{}
2024-08-24 09:17:32::info::/v1/api/news/readNews/66a8d42a143aa910a3d75287::265977bc-3144-462a-bfa4-e34f956fa996::input-params ::GET::::{}
2024-08-24 09:17:32::info::/v1/api/news/readNewss::cb64779c-cd22-4564-9e9e-6fcccc063327::input-params ::GET::::{}
2024-08-24 09:17:34::info::/v1/api/user/me::2b525421-f2f6-412e-9daa-9d28137ab976::input-params ::GET::::{}
2024-08-24 09:17:34::info::/v1/api/movement/readMovements::78031ab6-de83-428c-8fba-ac6985517b9d::input-params ::GET::::{}
2024-08-24 09:17:34::info::/v1/api/news/readNewss::83deea7e-cf0e-4037-9f80-e02828444337::input-params ::GET::::{}
2024-08-24 09:17:34::info::/v1/api/news/readNews/66a8d42a143aa910a3d75287::936b1d10-4e6a-4e8e-8de0-12794e8abd20::input-params ::GET::::{}
2024-08-24 09:17:44::info::/v1/api/movement/readMovements::335767cf-50eb-4901-bc1d-7626f6f3f6bb::input-params ::GET::::{}
2024-08-24 09:17:44::info::/v1/api/news/readNews/66a8d42a143aa910a3d75287::c969acac-4177-420c-b6b4-4bfffb0d12ef::input-params ::GET::::{}
2024-08-24 09:17:44::info::/v1/api/news/readNewss::e6d4c7af-4d39-4e61-98c6-41bc2dc43d24::input-params ::GET::::{}
2024-08-24 09:17:57::info::/v1/api/movement/readMovements::fd140755-6a2d-4e95-94c2-d88a6d60c9c0::input-params ::GET::::{}
2024-08-24 09:17:57::info::/v1/api/news/readNews/66a8d42a143aa910a3d75287::96a1ab2a-4f30-4f7a-b44a-9c6f5312d70a::input-params ::GET::::{}
2024-08-24 09:17:57::info::/v1/api/news/readNewss::c7d50bfd-48b8-46f8-8654-24f939af218a::input-params ::GET::::{}
2024-08-24 09:18:09::info::/v1/api/movement/readMovements::ed1edafa-6089-4270-b662-855c455b9531::input-params ::GET::::{}
2024-08-24 09:18:09::info::/v1/api/news/readNews/66a8d42a143aa910a3d75287::6313819f-0aa6-4b72-8fad-812d8d70c571::input-params ::GET::::{}
2024-08-24 09:18:09::info::/v1/api/news/readNewss::3441fe7a-a694-4237-996c-5fc5e17b6b6c::input-params ::GET::::{}
2024-08-24 09:18:26::info::/v1/api/news/readNewss::00ea075c-77fd-4bee-bdfa-a686338d1c14::input-params ::GET::::{}
2024-08-24 09:18:26::info::/v1/api/news/readNews/66a8d42a143aa910a3d75287::3724a600-c0a7-42fa-bd71-a692722ab03e::input-params ::GET::::{}
2024-08-24 09:18:29::info::/v1/api/news/readNews/66a8d42a143aa910a3d75287::b86f4bb4-611b-47d9-8fd2-a788b74ee147::input-params ::GET::::{}
2024-08-24 09:18:30::info::/v1/api/movement/readMovements::181aa33e-67d5-429e-99ac-1d55913f3feb::input-params ::GET::::{}
2024-08-24 09:18:30::info::/v1/api/news/readNews/66a8d42a143aa910a3d75287::58944e19-fbf8-40df-ab0b-573f348a8d6a::input-params ::GET::::{}
2024-08-24 09:18:30::info::/v1/api/news/readNewss::7fcd7644-b525-470a-8f1d-c540a080885d::input-params ::GET::::{}
2024-08-24 09:18:36::info::/v1/api/news/readNewss::bc429c97-b28e-46ef-91e4-f900c00221a1::input-params ::GET::::{}
2024-08-24 09:18:36::info::/v1/api/recommender/readPopularPosts::1366418a-1a6c-4cba-ad3e-422fe88652d7::input-params ::GET::::{}
2024-08-24 09:18:40::info::/v1/api/recommender/readPopularPosts::0a3ea462-1e7f-4c44-8931-36acacf0efe8::input-params ::GET::::{}
2024-08-24 09:18:40::info::/v1/api/movement/readMovements::245a4b51-27d3-428e-a40f-6fbe6a1be844::input-params ::GET::::{}
2024-08-24 09:18:40::info::/v1/api/news/readNewss::80631798-888e-4062-916e-b0ae054f7fe2::input-params ::GET::::{}
2024-08-24 09:18:45::info::/v1/api/movement/readMovements::8a18cc4c-a498-43c4-a79f-75dd69d8586d::input-params ::GET::::{}
2024-08-24 09:18:45::info::/v1/api/news/readNewss::36057d62-43da-4e8b-814b-4aef6d51f95f::input-params ::GET::::{}
2024-08-24 09:18:45::info::/v1/api/recommender/readPopularPosts::85cd87c7-b4bd-4d30-8dce-263e472e2cd8::input-params ::GET::::{}
2024-08-24 09:18:50::info::/v1/api/post/likePost/66af74a3b25086a055bf12c1::d50761a6-6781-4edc-9a54-ca8d19be6c22::input-params ::PATCH::::{}
2024-08-24 09:18:50::info::/v1/api/notification/createNotification::5d7f0750-b814-4531-abdb-8d3688f4fcfc::input-params ::POST::::{"receiverId":"66a5a57173370474cf4eacca","type":"like","url":"/users/66a5a57173370474cf4eacca/profile-posts/66af74a3b25086a055bf12c1"}
2024-08-24 09:18:51::info::/v1/api/post/likePost/66af74a3b25086a055bf12c1::38e63af0-17fa-43ca-be31-318be15ea180::input-params ::PATCH::::{}
2024-08-24 09:20:02::info::/v1/api/movement/readMovements::3aac85a2-d7db-47e2-b8c7-302b7af54662::input-params ::GET::::{}
2024-08-24 09:20:02::info::/v1/api/news/readNewss::cb1d1f3c-637c-4c05-b77c-886616ca53c7::input-params ::GET::::{}
2024-08-24 09:20:02::info::/v1/api/recommender/readPopularPosts::a9ef889d-4391-4b02-8c45-e545cdcb3273::input-params ::GET::::{}
2024-08-24 09:21:10::info::/v1/api/movement/readMovements::a3679f2b-972c-4e98-ab8d-0e3cdf9b459f::input-params ::GET::::{}
2024-08-24 09:28:15::info::/v1/api/movement/readMovements::b4eb2bc0-d7ca-4cd8-9980-ff97c969a102::input-params ::GET::::{}
2024-08-24 09:28:18::info::/v1/api/recommender/readPopularPosts::e1c04dd2-21ea-4fcf-b0cf-ff97f6891690::input-params ::GET::::{}
2024-08-24 09:28:18::info::/v1/api/news/readNewss::fa316001-4735-4a3d-9130-eec75ecb54c9::input-params ::GET::::{}
2024-08-24 09:28:22::info::/v1/api/auth/users/logout::350a2b89-e8dd-4869-8ad8-6beefb0c532e::input-params ::POST::::{}
2024-08-24 09:28:22::info::/v1/api/user/me::c0074189-bddf-420e-b5ce-b85baaee8549::input-params ::GET::::{}
2024-08-24 09:28:22::error::/v1/api/user/me::c0074189-bddf-420e-b5ce-b85baaee8549::403 - 1ms - Response: {"status":403,"now":1724466502043}::{"message":"Access token missing"}
2024-08-24 09:29:46::info::/v1/api/user/me::4c5c4a01-dfa3-4bcb-9e51-461b844d1ccb::input-params ::GET::::{}
2024-08-24 09:29:46::error::/v1/api/user/me::4c5c4a01-dfa3-4bcb-9e51-461b844d1ccb::403 - 0ms - Response: {"status":403,"now":1724466586971}::{"message":"Access token missing"}
2024-08-24 09:29:46::info::/v1/api/movement/readMovements::3502aa5f-7fb3-4b1c-b6fd-8f5a9f1b48b5::input-params ::GET::::{}
2024-08-24 09:29:46::info::/v1/api/news/readNewss::d746acab-bbc3-4660-b3d6-b6ee4e43b1eb::input-params ::GET::::{}
2024-08-24 09:29:46::info::/v1/api/recommender/readPopularPosts::30c64ed5-67d9-4a17-b30c-215591788cdb::input-params ::GET::::{}
2024-08-24 09:32:48::info::/v1/api/user/me::a239bf26-9176-402b-9a9d-1625ba6649f1::input-params ::GET::::{}
2024-08-24 09:32:48::error::/v1/api/user/me::a239bf26-9176-402b-9a9d-1625ba6649f1::403 - 1ms - Response: {"status":403,"now":1724466768084}::{"message":"Access token missing"}
2024-08-24 09:32:48::info::/v1/api/movement/readMovements::27df1ec5-6a3c-4ba4-8bc4-479b13edfcaf::input-params ::GET::::{}
2024-08-24 09:32:48::info::/v1/api/news/readNewss::90e6fef8-5adc-497e-a556-a87e26eb9b2b::input-params ::GET::::{}
2024-08-24 09:32:48::info::/v1/api/recommender/readPopularPosts::607ddacd-3c2b-4151-a0a4-5a4bbffc632d::input-params ::GET::::{}
2024-08-24 09:33:16::info::/v1/api/user/me::6f6ed18e-f47b-4406-93e3-f4bb27301ac0::input-params ::GET::::{}
2024-08-24 09:33:16::error::/v1/api/user/me::6f6ed18e-f47b-4406-93e3-f4bb27301ac0::403 - 0ms - Response: {"status":403,"now":1724466796759}::{"message":"Access token missing"}
2024-08-24 09:33:16::info::/v1/api/movement/readMovements::a4fa6920-57e7-4128-bec6-cc88d3ddde31::input-params ::GET::::{}
2024-08-24 09:33:16::info::/v1/api/news/readNewss::069a48b1-2c01-46ba-97d7-972cf4c889dc::input-params ::GET::::{}
2024-08-24 09:33:16::info::/v1/api/recommender/readPopularPosts::99c29d33-4136-4457-a53e-de810a1a6faf::input-params ::GET::::{}
2024-08-24 09:40:04::info::/v1/api/user/me::564503b4-df1e-43a7-ac63-61977e3a162a::input-params ::GET::::{}
2024-08-24 09:40:04::error::/v1/api/user/me::564503b4-df1e-43a7-ac63-61977e3a162a::403 - 0ms - Response: {"status":403,"now":1724467204902}::{"message":"Access token missing"}
2024-08-24 09:40:04::info::/v1/api/movement/readMovements::0a71681b-258c-46bf-bec5-66c59bc51462::input-params ::GET::::{}
2024-08-24 09:40:04::info::/v1/api/news/readNewss::e0446a03-a93a-4c46-aa79-b58f5e92c774::input-params ::GET::::{}
2024-08-24 09:40:04::info::/v1/api/recommender/readPopularPosts::634d3d9e-82e3-400c-a652-152188ead8b5::input-params ::GET::::{}
2024-08-24 09:45:19::info::/v1/api/user/me::63e8a11f-4a61-4083-974b-c3b3d4131cbe::input-params ::GET::::{}
2024-08-24 09:45:19::error::/v1/api/user/me::63e8a11f-4a61-4083-974b-c3b3d4131cbe::403 - 0ms - Response: {"status":403,"now":1724467519640}::{"message":"Access token missing"}
2024-08-24 09:45:19::info::/v1/api/movement/readMovements::5e3ba4a7-f9a2-4960-9c3f-354ab552f15e::input-params ::GET::::{}
2024-08-24 09:45:19::info::/v1/api/news/readNewss::355b9989-46cb-44be-8864-e4c40b409fbc::input-params ::GET::::{}
2024-08-24 09:45:19::info::/v1/api/recommender/readPopularPosts::6de7befd-1a44-4cdb-8355-00309db8389e::input-params ::GET::::{}
2024-08-24 09:46:09::info::/v1/api/user/me::f44aa9d7-f843-4912-97b7-136ce9f0f26a::input-params ::GET::::{}
2024-08-24 09:46:09::error::/v1/api/user/me::f44aa9d7-f843-4912-97b7-136ce9f0f26a::403 - 0ms - Response: {"status":403,"now":1724467569375}::{"message":"Access token missing"}
2024-08-24 09:46:09::info::/v1/api/movement/readMovements::e7320d12-6e76-4e66-9167-238beffe6948::input-params ::GET::::{}
2024-08-24 09:46:09::info::/v1/api/news/readNewss::58b3d10b-863c-413c-b422-44b5eaa22ef2::input-params ::GET::::{}
2024-08-24 09:46:09::info::/v1/api/recommender/readPopularPosts::32cf63aa-7aca-4f55-b58f-30f730c0d651::input-params ::GET::::{}
2024-08-24 09:46:13::info::/v1/api/user/me::db554648-eb1e-4044-9884-685952c37526::input-params ::GET::::{}
2024-08-24 09:46:13::error::/v1/api/user/me::db554648-eb1e-4044-9884-685952c37526::403 - 0ms - Response: {"status":403,"now":1724467573276}::{"message":"Access token missing"}
2024-08-24 09:46:13::info::/v1/api/movement/readMovements::80bc78a4-5a76-4100-a6e0-1ca760475c66::input-params ::GET::::{}
2024-08-24 09:46:13::info::/v1/api/news/readNewss::e9f8bdcf-26e5-42f0-83e9-7ddcb8d50414::input-params ::GET::::{}
2024-08-24 09:46:13::info::/v1/api/recommender/readPopularPosts::0d4b836b-9455-4599-a806-0286e6351671::input-params ::GET::::{}
2024-08-24 09:46:46::info::/v1/api/user/me::7f07aa91-432a-4415-8643-b0358ab736b5::input-params ::GET::::{}
2024-08-24 09:46:46::error::/v1/api/user/me::7f07aa91-432a-4415-8643-b0358ab736b5::403 - 0ms - Response: {"status":403,"now":1724467606129}::{"message":"Access token missing"}
2024-08-24 09:46:46::info::/v1/api/movement/readMovements::c7036605-6476-48f5-86fa-222916b84c73::input-params ::GET::::{}
2024-08-24 09:46:46::info::/v1/api/news/readNewss::9295f942-f9c8-4b34-a3f9-1587dda19e31::input-params ::GET::::{}
2024-08-24 09:46:46::info::/v1/api/recommender/readPopularPosts::4e62a8e2-bfc5-4eea-b60d-b727f627c168::input-params ::GET::::{}
2024-08-24 09:46:49::info::/v1/api/user/me::177e45cc-f58b-40e6-a279-e717c359453a::input-params ::GET::::{}
2024-08-24 09:46:49::error::/v1/api/user/me::177e45cc-f58b-40e6-a279-e717c359453a::403 - 0ms - Response: {"status":403,"now":1724467609067}::{"message":"Access token missing"}
2024-08-24 09:46:49::info::/v1/api/movement/readMovements::f95303f6-f4b8-4a7e-b2cb-661b4fcbbdbd::input-params ::GET::::{}
2024-08-24 09:46:49::info::/v1/api/news/readNewss::1067f3cb-26e0-456f-8915-bd8ce08ee238::input-params ::GET::::{}
2024-08-24 09:46:49::info::/v1/api/recommender/readPopularPosts::4ed26700-14b9-4855-9085-fdc7816774e0::input-params ::GET::::{}
2024-08-24 09:46:53::info::/v1/api/user/me::dbb32477-1ece-4529-afc1-258bfe5b3997::input-params ::GET::::{}
2024-08-24 09:46:53::error::/v1/api/user/me::dbb32477-1ece-4529-afc1-258bfe5b3997::403 - 0ms - Response: {"status":403,"now":1724467613696}::{"message":"Access token missing"}
2024-08-24 09:46:53::info::/v1/api/movement/readMovements::6abb8e4f-0e0a-4289-b566-130bcda5d85d::input-params ::GET::::{}
2024-08-24 09:46:53::info::/v1/api/news/readNewss::4d3fefd0-1ff0-4f99-9643-e5c0ed3eaec0::input-params ::GET::::{}
2024-08-24 09:46:53::info::/v1/api/recommender/readPopularPosts::fb0df474-5c43-4f63-bf60-aee29d08dfff::input-params ::GET::::{}
2024-08-24 09:46:56::info::/v1/api/user/me::3ae41a41-5949-4b47-aa62-4b171183838b::input-params ::GET::::{}
2024-08-24 09:46:56::error::/v1/api/user/me::3ae41a41-5949-4b47-aa62-4b171183838b::403 - 0ms - Response: {"status":403,"now":1724467616324}::{"message":"Access token missing"}
2024-08-24 09:46:56::info::/v1/api/movement/readMovements::5ee714f0-a2de-464a-a479-c64ea560698d::input-params ::GET::::{}
2024-08-24 09:46:56::info::/v1/api/news/readNewss::dfbfc0ac-5cc1-4172-b59c-b1930370e4f9::input-params ::GET::::{}
2024-08-24 09:46:56::info::/v1/api/recommender/readPopularPosts::aabd0d4c-fabc-4b84-b013-c0291c3e965f::input-params ::GET::::{}
2024-08-24 09:47:04::info::/v1/api/user/me::27c4fad8-8372-485b-914b-e3f64ab0f855::input-params ::GET::::{}
2024-08-24 09:47:04::error::/v1/api/user/me::27c4fad8-8372-485b-914b-e3f64ab0f855::403 - 0ms - Response: {"status":403,"now":1724467624217}::{"message":"Access token missing"}
2024-08-24 09:47:04::info::/v1/api/movement/readMovements::07855756-da56-479d-98a0-5bd8c86317bc::input-params ::GET::::{}
2024-08-24 09:47:04::info::/v1/api/news/readNewss::4419754d-3e63-4ffc-a716-d85677d5c46d::input-params ::GET::::{}
2024-08-24 09:47:04::info::/v1/api/recommender/readPopularPosts::03447535-3651-45c4-b5fe-e754e9ec35d3::input-params ::GET::::{}
2024-08-24 09:47:17::info::/v1/api/user/me::7a78a973-6d1f-49b9-8aaa-6ccf1c2be53b::input-params ::GET::::{}
2024-08-24 09:47:17::error::/v1/api/user/me::7a78a973-6d1f-49b9-8aaa-6ccf1c2be53b::403 - 0ms - Response: {"status":403,"now":1724467637828}::{"message":"Access token missing"}
2024-08-24 09:47:17::info::/v1/api/movement/readMovements::4cdb0656-a98d-4975-bcde-764f861e7360::input-params ::GET::::{}
2024-08-24 09:47:17::info::/v1/api/news/readNewss::22279006-db1b-4ae2-88de-0e1d5c93875d::input-params ::GET::::{}
2024-08-24 09:47:17::info::/v1/api/recommender/readPopularPosts::0a6e417e-f350-441f-87a3-74832ba6e23f::input-params ::GET::::{}
2024-08-24 09:51:07::info::/v1/api/user/me::72dda364-f4cf-4e7a-8e3f-9427a4bd4274::input-params ::GET::::{}
2024-08-24 09:51:07::error::/v1/api/user/me::72dda364-f4cf-4e7a-8e3f-9427a4bd4274::403 - 0ms - Response: {"status":403,"now":1724467867291}::{"message":"Access token missing"}
2024-08-24 09:51:07::info::/v1/api/movement/readMovements::5ac44560-a5c8-433a-896f-2366f9ab9af2::input-params ::GET::::{}
2024-08-24 09:51:07::info::/v1/api/news/readNewss::4e4d0b60-eef0-4ac9-9c33-cfc5933ffa3a::input-params ::GET::::{}
2024-08-24 09:51:07::info::/v1/api/recommender/readPopularPosts::ea3fc04b-2161-4d8c-99af-0bed98b9f8e1::input-params ::GET::::{}
2024-08-24 09:51:14::info::/v1/api/user/me::d242b2b9-e5d6-40bf-9121-8ae4d4ed9648::input-params ::GET::::{}
2024-08-24 09:51:14::error::/v1/api/user/me::d242b2b9-e5d6-40bf-9121-8ae4d4ed9648::403 - 0ms - Response: {"status":403,"now":1724467874460}::{"message":"Access token missing"}
2024-08-24 09:51:14::info::/v1/api/movement/readMovements::9f07e1fb-c2da-4746-b8a9-84b6279dffd6::input-params ::GET::::{}
2024-08-24 09:51:14::info::/v1/api/news/readNewss::f666f3ed-e364-4757-8247-73dbb16c7800::input-params ::GET::::{}
2024-08-24 09:51:14::info::/v1/api/recommender/readPopularPosts::ac63820a-9ffc-41f3-ab26-186e6bc00acf::input-params ::GET::::{}
2024-08-24 09:51:16::info::/v1/api/user/me::3e8cf44d-0ae0-4c62-b38b-6c2395543053::input-params ::GET::::{}
2024-08-24 09:51:16::error::/v1/api/user/me::3e8cf44d-0ae0-4c62-b38b-6c2395543053::403 - 0ms - Response: {"status":403,"now":1724467876987}::{"message":"Access token missing"}
2024-08-24 09:51:16::info::/v1/api/movement/readMovements::ba18629f-1c94-405d-8844-b5bbd9ef8366::input-params ::GET::::{}
2024-08-24 09:51:16::info::/v1/api/news/readNewss::023bb752-4864-4a11-8fbf-f7cf8d9a02ef::input-params ::GET::::{}
2024-08-24 09:51:16::info::/v1/api/recommender/readPopularPosts::a5bb2196-1de6-4964-89c8-631b20242963::input-params ::GET::::{}
2024-08-24 09:51:55::info::/v1/api/user/me::219a0e50-1853-46d9-b6e1-5d9e3fb1e5f1::input-params ::GET::::{}
2024-08-24 09:51:55::error::/v1/api/user/me::219a0e50-1853-46d9-b6e1-5d9e3fb1e5f1::403 - 0ms - Response: {"status":403,"now":1724467915822}::{"message":"Access token missing"}
2024-08-24 09:51:55::info::/v1/api/recommender/readPopularPosts::33c3a099-7d32-41e4-a669-e653024a5775::input-params ::GET::::{}
2024-08-24 09:51:55::info::/v1/api/news/readNewss::a9497626-6d4a-4909-88a1-2b5cc9d665dd::input-params ::GET::::{}
2024-08-24 09:51:55::info::/v1/api/movement/readMovements::6afdfb09-08c0-4036-8794-bb9340cc4d97::input-params ::GET::::{}
2024-08-24 09:52:05::info::/v1/api/user/me::881eaac8-af5d-4337-8f83-9bb5945a6498::input-params ::GET::::{}
2024-08-24 09:52:05::error::/v1/api/user/me::881eaac8-af5d-4337-8f83-9bb5945a6498::403 - 0ms - Response: {"status":403,"now":1724467925052}::{"message":"Access token missing"}
2024-08-24 09:52:05::info::/v1/api/news/readNewss::92305355-903c-4c38-838a-d30f7cb3dfd0::input-params ::GET::::{}
2024-08-24 09:52:05::info::/v1/api/movement/readMovements::adb3460b-1c02-423c-85e3-6c3c0c9c9bbe::input-params ::GET::::{}
2024-08-24 09:52:05::info::/v1/api/recommender/readPopularPosts::adc630db-0249-4f6c-b68e-a49872418192::input-params ::GET::::{}
2024-08-24 09:52:09::info::/v1/api/user/me::7f9bf31a-b3d1-4fce-8ad3-74297d1b56a6::input-params ::GET::::{}
2024-08-24 09:52:09::error::/v1/api/user/me::7f9bf31a-b3d1-4fce-8ad3-74297d1b56a6::403 - 0ms - Response: {"status":403,"now":1724467929889}::{"message":"Access token missing"}
2024-08-24 09:52:09::info::/v1/api/movement/readMovements::8ed77775-af07-4fb8-a079-832f5adf00f3::input-params ::GET::::{}
2024-08-24 09:52:09::info::/v1/api/news/readNewss::4e464cc1-a078-44e0-9a54-289cdf3f3c47::input-params ::GET::::{}
2024-08-24 09:52:09::info::/v1/api/recommender/readPopularPosts::d2134924-e6e1-48df-afa1-1a8ea06a3a1c::input-params ::GET::::{}
2024-08-24 09:52:11::info::/v1/api/user/me::586fcc3c-1737-48dc-a79e-1f70fbce7078::input-params ::GET::::{}
2024-08-24 09:52:11::error::/v1/api/user/me::586fcc3c-1737-48dc-a79e-1f70fbce7078::403 - 1ms - Response: {"status":403,"now":1724467931781}::{"message":"Access token missing"}
2024-08-24 09:52:11::info::/v1/api/movement/readMovements::c95358db-1389-44d6-9486-b2e7501b014b::input-params ::GET::::{}
2024-08-24 09:52:11::info::/v1/api/news/readNewss::b675c2ad-1471-4fbb-acd4-2a141ea63fba::input-params ::GET::::{}
2024-08-24 09:52:11::info::/v1/api/recommender/readPopularPosts::e503cc22-5754-41af-ac85-7beface526eb::input-params ::GET::::{}
2024-08-24 09:55:01::info::/v1/api/user/me::74e7cb62-3527-4dee-8a4e-18dc73df3953::input-params ::GET::::{}
2024-08-24 09:55:01::error::/v1/api/user/me::74e7cb62-3527-4dee-8a4e-18dc73df3953::403 - 0ms - Response: {"status":403,"now":1724468101048}::{"message":"Access token missing"}
2024-08-24 09:55:01::info::/v1/api/movement/readMovements::ada4367d-33e0-4757-9c7b-b71932933ce9::input-params ::GET::::{}
2024-08-24 09:55:01::info::/v1/api/news/readNewss::183fcf0a-8251-47a7-82ed-906b0aa5906d::input-params ::GET::::{}
2024-08-24 09:55:01::info::/v1/api/recommender/readPopularPosts::38dee111-cfd8-4dc5-9b79-5e6d3b7ce8d8::input-params ::GET::::{}
2024-08-24 10:06:53::info::/v1/api/movement/readMovements::db45d8d2-ddeb-4abc-9644-e94464237e4d::input-params ::GET::::{}
2024-08-24 10:06:53::info::/v1/api/user/me::020d0a98-69e0-4cea-81be-a650240026cf::input-params ::GET::::{}
2024-08-24 10:06:53::error::/v1/api/user/me::020d0a98-69e0-4cea-81be-a650240026cf::403 - 0ms - Response: {"status":403,"now":1724468813336}::{"message":"Access token missing"}
2024-08-24 10:06:53::info::/v1/api/recommender/readPopularPosts::fa8ab1d6-a9f4-4be5-86d2-768d6ee99e0f::input-params ::GET::::{}
2024-08-24 10:06:53::info::/v1/api/news/readNewss::a3d9b030-06f1-4c83-b5e7-cec7f8a2ec00::input-params ::GET::::{}
