2024-06-30 14:19:24::info::/v1/api/user/me::d56a0c89-9293-4da1-b154-911793a10508::input-params ::GET::::{}
2024-06-30 14:19:24::info::/v1/api/user/readUserProfile/665edd23fa87b27398b73d10::2b5851a0-659d-46f7-8d84-467162c9e97c::input-params ::GET::::{}
2024-06-30 14:19:26::info::/v1/api/serviceCategory/readServiceCategoriesWithServices/665edd23fa87b27398b73d10::18eebea1-d411-4838-acf5-57e06ad04384::input-params ::GET::::{}
2024-06-30 14:19:32::info::/v1/api/serviceCategory/readServiceCategoriesWithServices/665edd23fa87b27398b73d10::afd1575a-99bc-418f-bafc-b3b4fa0cdcbf::input-params ::GET::::{}
2024-06-30 14:19:33::info::/v1/api/serviceCategory/readServiceCategoriesWithServices/665edd23fa87b27398b73d10::dc731dff-38fc-4dc4-8a55-4cfe515ba164::input-params ::GET::::{}
2024-06-30 14:19:35::info::/v1/api/serviceCategory/readServiceCategoriesWithServices/665edd23fa87b27398b73d10::33c8979a-0893-4fc9-841d-a9aeb7c8075b::input-params ::GET::::{}
2024-06-30 14:19:37::info::/v1/api/commissionService/readCommissionService/667e820d40acf9c9d84606e1::bb9eff8f-dd3d-4801-bd41-7ca6682887a6::input-params ::GET::::{}
2024-06-30 14:19:43::info::/v1/api/order/readOrderHistory::e1dccc2c-0932-4e93-a9b1-2769fc880da6::input-params ::GET::::{}
2024-06-30 14:20:37::info::/v1/api/user/readUserProfile/6662c4f8a0fe5944a1ea33cc::b368f1e9-cd77-4bf2-b166-7178ab610320::input-params ::GET::::{}
2024-06-30 14:20:37::info::/v1/api/user/me::1d1951f9-dc1b-4284-8873-d4f33f911402::input-params ::GET::::{}
2024-06-30 14:20:37::info::/v1/api/order/readOrderHistory::d3f56be6-3e5a-4978-91d0-0fea42c904bf::input-params ::GET::::{}
2024-06-30 14:24:52::info::/v1/api/user/me::86fbd0f5-8ccb-47c4-8b45-73f36fe9381d::input-params ::GET::::{}
2024-06-30 14:24:52::info::/v1/api/user/readUserProfile/6662c4f8a0fe5944a1ea33cc::4026843d-368a-4aa3-bd0e-1543283a8a9c::input-params ::GET::::{}
2024-06-30 14:24:52::info::/v1/api/order/readOrderHistory::0387de3c-3720-4f3d-a37c-68a5cab20c73::input-params ::GET::::{}
2024-06-30 14:25:05::info::/v1/api/user/me::ab31b376-8c5b-4552-9071-39f706fc4952::input-params ::GET::::{}
2024-06-30 14:25:07::info::/v1/api/user/me::c9e9ed77-71df-40ed-a6ac-253868ed8868::input-params ::GET::::{}
2024-06-30 14:25:32::info::/v1/api/user/me::a225d444-e5f7-41af-b817-be7e725ddee6::input-params ::GET::::{}
2024-06-30 14:25:35::info::/v1/api/user/me::e2b8baf9-1cc7-4ae7-b0aa-40f844485ed2::input-params ::GET::::{}
2024-06-30 14:25:38::info::/v1/api/user/readUserProfile/6662c4f8a0fe5944a1ea33cc::39f589d7-ef14-44a4-947c-3fcd43bf5dbe::input-params ::GET::::{}
2024-06-30 14:25:38::info::/v1/api/order/readOrderHistory::40c4858b-7990-4b27-8c06-4bd411175172::input-params ::GET::::{}
2024-06-30 14:25:40::info::/v1/api/serviceCategory/readServiceCategoriesWithServices/665edd23fa87b27398b73d10::7a750676-5a8c-4789-bfa7-db79e1c11512::input-params ::GET::::{}
2024-06-30 14:25:41::info::/v1/api/commissionService/readCommissionService/667e820d40acf9c9d84606e1::3aab54ee-228c-448c-9f36-0f72bba18a2b::input-params ::GET::::{}
2024-06-30 14:29:41::info::/v1/api/user/me::2be66ced-9852-43b5-83ee-9f980b982d83::input-params ::GET::::{}
2024-06-30 14:29:41::info::/v1/api/user/readUserProfile/665edd23fa87b27398b73d10::0c192eb2-1409-490b-9b95-375e23573691::input-params ::GET::::{}
2024-06-30 14:29:41::info::/v1/api/serviceCategory/readServiceCategoriesWithServices/665edd23fa87b27398b73d10::dc9294bb-5492-48fa-b2ef-2aaa879a0359::input-params ::GET::::{}
2024-06-30 14:29:41::info::/v1/api/commissionService/readCommissionService/667e820d40acf9c9d84606e1::e00dccf5-edab-4f2c-ab3a-021806c2589e::input-params ::GET::::{}
2024-06-30 14:30:35::info::/v1/api/user/me::8407e3ec-e44a-4495-aefc-f4beb8171490::input-params ::GET::::{}
2024-06-30 14:30:35::info::/v1/api/user/readUserProfile/665edd23fa87b27398b73d10::3b95f231-c784-46d8-a6f8-bf1c4a20d7a8::input-params ::GET::::{}
2024-06-30 14:30:35::info::/v1/api/serviceCategory/readServiceCategoriesWithServices/665edd23fa87b27398b73d10::4c6c6dad-0ca4-400e-9918-ce961ee23a26::input-params ::GET::::{}
2024-06-30 14:30:35::info::/v1/api/commissionService/readCommissionService/667e820d40acf9c9d84606e1::7d75369d-0e4a-40ba-a6b9-e8ff9a73677f::input-params ::GET::::{}
2024-06-30 14:30:35::info::/v1/api/user/me::aa3b11ea-cb70-42c8-8948-5cdad471da97::input-params ::GET::::{}
2024-06-30 14:30:35::info::/v1/api/user/readUserProfile/665edd23fa87b27398b73d10::da770b01-9604-412a-a5ae-2313a7bfbb9b::input-params ::GET::::{}
2024-06-30 14:30:35::info::/v1/api/serviceCategory/readServiceCategoriesWithServices/665edd23fa87b27398b73d10::89907808-b623-4522-b390-b6e235fe3c1d::input-params ::GET::::{}
2024-06-30 14:30:35::info::/v1/api/commissionService/readCommissionService/667e820d40acf9c9d84606e1::10bdf391-a3d0-44e3-8e5f-1f953c6ed8db::input-params ::GET::::{}
2024-06-30 14:30:37::info::/v1/api/user/me::808b0816-40c7-4630-a50b-b635cea9f1e7::input-params ::GET::::{}
2024-06-30 14:30:37::info::/v1/api/user/readUserProfile/665edd23fa87b27398b73d10::a9889f80-de29-472d-b33e-ecb4f8fa6f87::input-params ::GET::::{}
2024-06-30 14:30:37::info::/v1/api/serviceCategory/readServiceCategoriesWithServices/665edd23fa87b27398b73d10::0b526806-368d-45ab-8cac-837cf1105ec8::input-params ::GET::::{}
2024-06-30 14:30:37::info::/v1/api/commissionService/readCommissionService/667e820d40acf9c9d84606e1::61472433-67c6-4512-89a9-5294f1c136e1::input-params ::GET::::{}
2024-06-30 14:30:52::info::/v1/api/user/me::4281d668-e0e2-4b3c-b013-7e4cf87f3d64::input-params ::GET::::{}
2024-06-30 14:30:52::info::/v1/api/user/readUserProfile/665edd23fa87b27398b73d10::dde8949e-fa8c-445f-8802-ed37ed7dc797::input-params ::GET::::{}
2024-06-30 14:30:52::info::/v1/api/serviceCategory/readServiceCategoriesWithServices/665edd23fa87b27398b73d10::50b7123c-0929-4913-8ac7-5c15fb7d4e36::input-params ::GET::::{}
2024-06-30 14:30:52::info::/v1/api/commissionService/readCommissionService/667e820d40acf9c9d84606e1::582a2d03-1e04-4653-8586-7f559ab2b137::input-params ::GET::::{}
2024-06-30 14:34:36::info::/v1/api/user/readUserProfile/665edd23fa87b27398b73d10::871e450c-368b-4ab9-84b8-223318886ed6::input-params ::GET::::{}
2024-06-30 14:34:36::info::/v1/api/serviceCategory/readServiceCategoriesWithServices/665edd23fa87b27398b73d10::c4757d4c-8a89-403f-aa5d-8a61cdbfc8e7::input-params ::GET::::{}
2024-06-30 14:34:36::info::/v1/api/user/me::5f56b3cd-1e18-4103-ad5e-e719e6fd4e14::input-params ::GET::::{}
2024-06-30 14:34:36::info::/v1/api/commissionService/readCommissionService/667e820d40acf9c9d84606e1::a7f7d06e-8b70-4c78-8e45-1a3f4a772769::input-params ::GET::::{}
