2024-10-02 10:42:02::info::/v1/api/recommender/readPopularPosts::4f0bea18-248a-40b4-98ee-0f1029056f90::input-params ::GET::::{"page":"1","limit":"10"}
2024-10-02 10:42:08::info::/v1/api/news/readNewss::e6feb0ab-116e-4687-aec7-fccbe66b0016::input-params ::GET::::{}
2024-10-02 10:42:08::info::/v1/api/user/me::13c803b2-798b-4594-bdda-2883b44b50a9::input-params ::GET::::{}
2024-10-02 10:42:08::info::/v1/api/movement/readMovements::d3fa8b3d-08f3-4cd7-9a1d-b40fc408bf7b::input-params ::GET::::{}
2024-10-02 10:43:22::info::/v1/api/movement/readMovements::be23609a-05d0-4eff-97e7-495d82c9f0be::input-params ::GET::::{}
2024-10-02 10:43:22::info::/v1/api/news/readNewss::6abe7aa4-472a-40b9-b522-561ac57f759b::input-params ::GET::::{}
2024-10-02 10:43:41::info::/v1/api/recommender/readPopularPosts::b064d612-7f34-4269-81f3-24e622bc86b1::input-params ::GET::::{"page":"2","limit":"10"}
2024-10-02 10:43:43::info::/v1/api/recommender/readPopularPosts::bbe7305c-d54b-482a-a6de-0faeb67ba238::input-params ::GET::::{"page":"3","limit":"10"}
2024-10-02 10:43:47::info::/v1/api/recommender/readPopularPosts::c8ebc956-f7dd-4c4a-97af-7451a17d15b7::input-params ::GET::::{"page":"4","limit":"10"}
2024-10-02 10:43:48::info::/v1/api/recommender/readPopularPosts::e01d3cbb-b99b-4690-a895-03e7fae1d581::input-params ::GET::::{"page":"5","limit":"10"}
2024-10-02 10:43:49::info::/v1/api/recommender/readPopularPosts::258531ca-81af-4772-89c4-261a0a272f87::input-params ::GET::::{"page":"6","limit":"10"}
2024-10-02 10:43:50::info::/v1/api/recommender/readPopularPosts::90d94595-f458-4c3f-8758-7f4e1a1cec83::input-params ::GET::::{"page":"7","limit":"10"}
2024-10-02 10:43:53::info::/v1/api/movement/readMovements::eaa5a4f0-0b3c-419e-9853-4b353cbeb1ab::input-params ::GET::::{}
2024-10-02 10:43:53::info::/v1/api/news/readNewss::f451ced7-0620-408b-81f9-9e3906461b88::input-params ::GET::::{}
2024-10-02 10:43:54::info::/v1/api/user/me::5f2820de-6f70-4332-a9c9-f0f2418efdc1::input-params ::GET::::{}
2024-10-02 10:43:54::info::/v1/api/movement/readMovements::2cb6f7bf-d151-4d73-91ba-6deb37b738d1::input-params ::GET::::{}
2024-10-02 10:43:54::info::/v1/api/news/readNewss::4bb4bbc9-84a4-4b41-8ddf-0a9c6199dd3a::input-params ::GET::::{}
2024-10-02 10:43:54::info::/v1/api/recommender/readPopularPosts::69bab724-559d-4798-8cd1-0150d6a9c71a::input-params ::GET::::{"page":"1","limit":"10"}
2024-10-02 10:43:55::info::/v1/api/recommender/readPopularPosts::a8c28820-7289-46b0-8c91-1263becd9e06::input-params ::GET::::{"page":"1","limit":"10"}
2024-10-02 10:44:01::info::/v1/api/recommender/readPopularPosts::222062fa-3a96-4f6b-ba64-ea85bc0f17e1::input-params ::GET::::{"page":"2","limit":"10"}
2024-10-02 10:44:05::info::/v1/api/recommender/readPopularPosts::ad46fe15-5f57-4b45-8696-fccf32caa417::input-params ::GET::::{"page":"3","limit":"10"}
2024-10-02 10:44:06::info::/v1/api/recommender/readPopularPosts::ce1c9475-d8f9-407b-9d87-83c48c0bb87b::input-params ::GET::::{"page":"4","limit":"10"}
2024-10-02 10:44:09::info::/v1/api/recommender/readPopularPosts::323a9ee5-fee2-4853-89fb-087e88d99284::input-params ::GET::::{"page":"5","limit":"10"}
2024-10-02 10:44:10::info::/v1/api/recommender/readPopularPosts::e2676b97-3ac2-4a15-a7dc-9e657ebbeeea::input-params ::GET::::{"page":"6","limit":"10"}
2024-10-02 10:44:14::info::/v1/api/recommender/readPopularPosts::be080568-696f-416d-aa6c-0985f0b4fef0::input-params ::GET::::{"page":"7","limit":"10"}
2024-10-02 10:44:15::info::/v1/api/recommender/readPopularPosts::549d7924-08aa-48af-af0d-449fa1db378a::input-params ::GET::::{"page":"8","limit":"10"}
2024-10-02 10:44:16::info::/v1/api/recommender/readPopularPosts::450f2e1a-a66e-4813-a806-55d6c2dc9d1d::input-params ::GET::::{"page":"9","limit":"10"}
2024-10-02 10:44:17::info::/v1/api/news/readNewss::e2613cbe-9ef1-47c3-a07a-516dafe6f38c::input-params ::GET::::{}
2024-10-02 10:44:17::info::/v1/api/movement/readMovements::7f241cb2-b2a0-4afb-9f56-e3054806c1d8::input-params ::GET::::{}
2024-10-02 10:44:21::info::/v1/api/user/me::42506c2d-a40d-4850-868e-1940840ee34a::input-params ::GET::::{}
2024-10-02 10:44:21::info::/v1/api/movement/readMovements::115d951a-6fc1-4e8c-84eb-8975d0982383::input-params ::GET::::{}
2024-10-02 10:44:21::info::/v1/api/news/readNewss::5c34cd7e-6f32-4266-b586-3c8ddbf4ee62::input-params ::GET::::{}
2024-10-02 10:44:21::info::/v1/api/recommender/readPopularPosts::7946ec6a-1de7-47a9-a81a-110c4574915f::input-params ::GET::::{"page":"1","limit":"10"}
2024-10-02 10:44:22::info::/v1/api/recommender/readPopularPosts::c057a4bc-e8bc-434f-b738-a12614e16b3f::input-params ::GET::::{"page":"1","limit":"10"}
2024-10-02 10:45:31::info::/v1/api/news/readNewss::b665efea-0e54-4f0e-9a94-a3ada98c18b5::input-params ::GET::::{}
2024-10-02 10:45:31::info::/v1/api/movement/readMovements::ae7969c0-4618-45fe-bd04-42d32f1bb963::input-params ::GET::::{}
2024-10-02 10:45:33::info::/v1/api/user/readUserProfile/66a59f2c73370474cf4eaada::339e532d-ec1b-4f08-8227-f413568ed53f::input-params ::GET::::{}
2024-10-02 10:45:38::info::/v1/api/news/readNewss::6dac2770-1a0e-4637-a971-ac33bfa883d0::input-params ::GET::::{}
2024-10-02 10:45:38::info::/v1/api/recommender/readPopularPosts::ce81b991-f2e8-4696-abb9-ecd96e001179::input-params ::GET::::{"page":"1","limit":"10"}
2024-10-02 10:45:39::info::/v1/api/recommender/readPopularPosts::1c6b061a-8df3-47fd-971f-9d6c766edd8f::input-params ::GET::::{"page":"1","limit":"10"}
2024-10-02 10:45:45::info::/v1/api/movement/readMovements::ab9179f8-40d3-4916-855e-e528f0178a66::input-params ::GET::::{}
2024-10-02 10:45:45::info::/v1/api/news/readNewss::859ce36f-7d09-44a2-b037-270ab0461b7a::input-params ::GET::::{}
2024-10-02 10:45:48::info::/v1/api/movement/readMovements::759ad8f8-d8dd-40be-84d5-79cba98c4320::input-params ::GET::::{}
2024-10-02 10:45:48::info::/v1/api/news/readNewss::1cd27ef6-d20f-4847-8799-5ed761552a64::input-params ::GET::::{}
2024-10-02 10:45:56::info::/v1/api/movement/readMovements::c3e62f39-9bbc-4339-ae28-8a9c51999159::input-params ::GET::::{}
2024-10-02 10:45:56::info::/v1/api/news/readNewss::c67aed33-221a-468c-8479-49cc05c6345b::input-params ::GET::::{}
2024-10-02 10:46:16::info::/v1/api/movement/readMovements::9156efe8-7f0a-4cf2-bc04-09f79b7b56ef::input-params ::GET::::{}
2024-10-02 10:46:16::info::/v1/api/news/readNewss::d66eabd7-cbbb-4dfd-824f-d046d11767da::input-params ::GET::::{}
2024-10-02 10:46:52::info::/v1/api/movement/readMovements::1b78a173-05db-40f6-b280-c5c6e32bb074::input-params ::GET::::{}
2024-10-02 10:46:52::info::/v1/api/news/readNewss::eff6da31-0d82-4d8c-a954-17cd31eede70::input-params ::GET::::{}
2024-10-02 10:46:53::info::/v1/api/movement/readMovements::92adcca7-4339-4f23-8880-bffbc2451ef3::input-params ::GET::::{}
2024-10-02 10:46:53::info::/v1/api/news/readNewss::cc79fd94-4421-4b6d-93fd-ce69e1093821::input-params ::GET::::{}
2024-10-02 10:46:59::info::/v1/api/movement/readMovements::ef7ac9ae-fa53-4710-a8c6-d6365c5bad20::input-params ::GET::::{}
2024-10-02 10:46:59::info::/v1/api/news/readNewss::48a9ec88-258f-4a2a-9e08-a726443577eb::input-params ::GET::::{}
2024-10-02 10:47:16::info::/v1/api/movement/readMovements::6f1a03b3-3949-4439-a788-edf340aea3a3::input-params ::GET::::{}
2024-10-02 10:47:16::info::/v1/api/news/readNewss::08325280-3803-4548-b4b8-690d71c96d13::input-params ::GET::::{}
2024-10-02 10:47:16::info::/v1/api/movement/readMovements::5a0994c0-6328-4b0f-91e1-61f760099a06::input-params ::GET::::{}
2024-10-02 10:47:16::info::/v1/api/news/readNewss::95e7f37e-54c1-4926-a8e7-ef45b4212611::input-params ::GET::::{}
2024-10-02 10:47:19::info::/v1/api/movement/readMovements::9cacf896-2059-40cd-a2b3-12ace414af9d::input-params ::GET::::{}
2024-10-02 10:47:19::info::/v1/api/news/readNewss::feebec9e-6366-4f16-89ad-047eff664539::input-params ::GET::::{}
2024-10-02 10:48:14::info::/v1/api/movement/readMovements::ee4ec1ce-af13-4036-8e40-caa22d880965::input-params ::GET::::{}
2024-10-02 10:48:14::info::/v1/api/news/readNewss::df360434-e9e8-4805-8194-6c97c6017d17::input-params ::GET::::{}
2024-10-02 10:48:43::info::/v1/api/movement/readMovements::ca344b18-d6f2-4814-8d43-bd80ab36d85c::input-params ::GET::::{}
2024-10-02 10:48:43::info::/v1/api/news/readNewss::c889b3a6-9ab6-4a31-aae3-17212510e561::input-params ::GET::::{}
2024-10-02 10:49:08::info::/v1/api/movement/readMovements::38bed541-a72c-49c1-831a-7c7f10f4d756::input-params ::GET::::{}
2024-10-02 10:49:08::info::/v1/api/news/readNewss::cac796b1-b2d1-4f77-a652-da61ae69e44e::input-params ::GET::::{}
2024-10-02 10:49:11::info::/v1/api/movement/readMovements::5a7769c2-32d1-4345-95b5-ffc8ec96f795::input-params ::GET::::{}
2024-10-02 10:49:11::info::/v1/api/news/readNewss::1c8c3706-02c7-4b1e-908e-58e497bca5f3::input-params ::GET::::{}
2024-10-02 10:49:48::info::/v1/api/movement/readMovements::23f0a785-ee6b-4b84-a3c2-3b6827cbb40d::input-params ::GET::::{}
2024-10-02 10:49:48::info::/v1/api/news/readNewss::cbe45c60-dbac-416f-bb6d-93a398ff671d::input-params ::GET::::{}
2024-10-02 10:49:49::info::/v1/api/user/me::71fa7dd0-2b8a-4471-9833-105126f6475f::input-params ::GET::::{}
2024-10-02 10:49:49::info::/v1/api/movement/readMovements::8ef99472-e4da-442c-96ba-8d2989975d8a::input-params ::GET::::{}
2024-10-02 10:49:49::info::/v1/api/news/readNewss::e59a5669-ede9-42e4-a7f7-97a318cef7cd::input-params ::GET::::{}
2024-10-02 10:49:49::info::/v1/api/recommender/readPopularPosts::f0db7c89-c3ee-4bc1-a290-94fac03e35c8::input-params ::GET::::{"page":"1","limit":"10"}
2024-10-02 10:49:50::info::/v1/api/recommender/readPopularPosts::62deb4c0-3080-472b-87a2-043dc29b454f::input-params ::GET::::{"page":"1","limit":"10"}
2024-10-02 10:49:51::info::/v1/api/movement/readMovements::4200acb8-0e98-4835-b36f-630ce3c76069::input-params ::GET::::{}
2024-10-02 10:49:51::info::/v1/api/news/readNewss::ba8a48c3-ab22-4ae3-ae1e-5c5d78a8af9d::input-params ::GET::::{}
2024-10-02 10:49:52::info::/v1/api/movement/readMovements::307cf9d3-9cd7-4c30-bd35-f8d759dc37c1::input-params ::GET::::{}
2024-10-02 10:49:52::info::/v1/api/news/readNewss::e1edefd3-d19f-49cd-baa3-88c022b771d8::input-params ::GET::::{}
2024-10-02 10:49:59::info::/v1/api/movement/readMovements::ab5b6736-a194-4d99-9035-f0f1076a81e9::input-params ::GET::::{}
2024-10-02 10:49:59::info::/v1/api/news/readNewss::98b06492-2939-4ac4-89cb-18d5ff69f785::input-params ::GET::::{}
2024-10-02 10:50:05::info::/v1/api/movement/readMovements::45f085f6-2590-44db-9911-1157fe886fba::input-params ::GET::::{}
2024-10-02 10:50:05::info::/v1/api/news/readNewss::8a98ee48-38bb-4526-9d0c-df5011da70d8::input-params ::GET::::{}
2024-10-02 10:50:05::info::/v1/api/movement/readMovements::065c6041-983e-44af-94b3-9d896dc85985::input-params ::GET::::{}
2024-10-02 10:50:05::info::/v1/api/news/readNewss::4e27b966-a309-4c19-94ae-a6556ad6a80c::input-params ::GET::::{}
2024-10-02 10:50:07::info::/v1/api/movement/readMovements::354ffbb6-f02c-4bb8-9a91-2dc3c071a640::input-params ::GET::::{}
2024-10-02 10:50:07::info::/v1/api/news/readNewss::61c6c2bd-a19d-42c8-9626-8e683b028cfc::input-params ::GET::::{}
2024-10-02 10:50:19::info::/v1/api/movement/readMovements::bbd1bd4b-1067-4102-baef-a722fb9a4ff3::input-params ::GET::::{}
2024-10-02 10:50:19::info::/v1/api/news/readNewss::02a02ee4-e3cc-4aeb-a8fc-827503a1e284::input-params ::GET::::{}
2024-10-02 10:50:19::info::/v1/api/movement/readMovements::b36629fc-b605-415f-b13f-a085d8d1de82::input-params ::GET::::{}
2024-10-02 10:50:19::info::/v1/api/news/readNewss::93fcd913-db99-435f-b6b2-ee754e2ffd12::input-params ::GET::::{}
2024-10-02 10:50:32::info::/v1/api/movement/readMovements::09125731-9ecc-46c0-bbc8-14ee6bfb82f1::input-params ::GET::::{}
2024-10-02 10:50:32::info::/v1/api/news/readNewss::6052b067-62d4-4b5f-8abd-e38ffc915473::input-params ::GET::::{}
2024-10-02 10:53:34::info::/v1/api/movement/readMovements::5bfc2e07-5ecd-40b4-8ac9-59d421e8929e::input-params ::GET::::{}
2024-10-02 10:53:34::info::/v1/api/news/readNewss::cedcf90a-4122-4d34-b012-9d893aed5e31::input-params ::GET::::{}
2024-10-02 10:53:36::info::/v1/api/movement/readMovements::414fbd9c-0bdb-4e58-9726-1d468db82c78::input-params ::GET::::{}
2024-10-02 10:53:36::info::/v1/api/news/readNewss::61048101-ea21-460e-8120-612f2e6aa746::input-params ::GET::::{}
2024-10-02 10:54:32::info::/v1/api/movement/readMovements::be9caf6b-bc62-4246-af5a-e2a96c42f4a7::input-params ::GET::::{}
2024-10-02 10:54:32::info::/v1/api/news/readNewss::5450649c-5de4-40e6-8f38-92d500000b8f::input-params ::GET::::{}
2024-10-02 10:56:47::info::/v1/api/movement/readMovements::17e7301c-3262-4e7c-9bc4-138dabdd191b::input-params ::GET::::{}
2024-10-02 10:56:47::info::/v1/api/news/readNewss::06ec3898-a5f3-4255-b68e-0d629531fb50::input-params ::GET::::{}
2024-10-02 10:56:52::info::/v1/api/user/me::14f1dcd2-5a5a-46bf-afc9-654d8ebe2785::input-params ::GET::::{}
2024-10-02 10:56:53::info::/v1/api/movement/readMovements::331a4a8e-a767-41fa-8cd8-1d8a125dde60::input-params ::GET::::{}
2024-10-02 10:56:53::info::/v1/api/news/readNewss::db68c799-baee-44e6-9dbd-5ff9065ad061::input-params ::GET::::{}
2024-10-02 10:56:53::info::/v1/api/recommender/readPopularPosts::1dacbb4a-ae80-4c6a-b638-5f0f62fc9392::input-params ::GET::::{"page":"1","limit":"10"}
2024-10-02 10:56:54::info::/v1/api/recommender/readPopularPosts::1b9eae59-b324-47c3-b2fc-ab422fa71749::input-params ::GET::::{"page":"1","limit":"10"}
2024-10-02 10:57:55::info::/v1/api/movement/readMovements::0bf49c3d-b987-40ff-868f-e681afb21542::input-params ::GET::::{}
2024-10-02 10:57:55::info::/v1/api/news/readNewss::8747fa2e-c087-4196-96d5-862e1e9e30be::input-params ::GET::::{}
2024-10-02 10:57:57::info::/v1/api/movement/readMovements::ca52819b-4c66-494e-87e0-b1f424ad7830::input-params ::GET::::{}
2024-10-02 10:57:57::info::/v1/api/news/readNewss::ff2484a5-ad3a-4a24-9b74-9e12f669b21e::input-params ::GET::::{}
2024-10-02 10:58:00::info::/v1/api/recommender/readPopularPosts::e59836f7-f35a-4b88-ac8f-027e2ca14da0::input-params ::GET::::{"page":"2","limit":"10"}
2024-10-02 10:58:10::info::/v1/api/user/me::347ed86f-3d31-46c6-bb5c-f5a5e293a919::input-params ::GET::::{}
2024-10-02 10:58:11::info::/v1/api/movement/readMovements::12d55983-6a33-4df1-85b7-c11d204463c3::input-params ::GET::::{}
2024-10-02 10:58:11::info::/v1/api/news/readNewss::bde5336d-d897-4fec-89c0-ecabfaef522f::input-params ::GET::::{}
2024-10-02 10:58:11::info::/v1/api/recommender/readPopularPosts::a448af99-7d5d-4398-9ca1-60fc31761fd4::input-params ::GET::::{"page":"1","limit":"10"}
2024-10-02 10:58:11::info::/v1/api/recommender/readPopularPosts::aef40c77-516c-4417-a305-9df779fc5d31::input-params ::GET::::{"page":"1","limit":"10"}
2024-10-02 10:58:13::info::/v1/api/recommender/readPopularPosts::03a4767a-510f-4820-904d-33b6aabd6d32::input-params ::GET::::{"page":"2","limit":"10"}
2024-10-02 10:58:20::info::/v1/api/movement/readMovements::be73b320-550e-49a9-98f7-6a08c8f76960::input-params ::GET::::{}
2024-10-02 10:58:20::info::/v1/api/news/readNewss::da68d9fd-d653-4b51-b039-d5475be23969::input-params ::GET::::{}
2024-10-02 10:58:31::info::/v1/api/movement/readMovements::4065ead2-e957-416f-b4b5-738cf1819619::input-params ::GET::::{}
2024-10-02 10:58:31::info::/v1/api/news/readNewss::3cc4ece7-fe20-44fb-8c0e-89df4a1b0176::input-params ::GET::::{}
2024-10-02 10:59:02::info::/v1/api/movement/readMovements::d846acd2-a3e8-4aaf-9ee4-51e2b71bc860::input-params ::GET::::{}
2024-10-02 10:59:02::info::/v1/api/news/readNewss::222e0d18-dda3-47d2-8c64-867c1a6d224b::input-params ::GET::::{}
2024-10-02 10:59:06::info::/v1/api/user/me::6dbf0968-2959-44ae-8b17-d1a22baa20c1::input-params ::GET::::{}
2024-10-02 10:59:07::info::/v1/api/movement/readMovements::65ad580a-b396-43c8-9123-a529a19e9c70::input-params ::GET::::{}
2024-10-02 10:59:07::info::/v1/api/news/readNewss::3847ca1b-303b-44b8-9a15-42ea68ab5816::input-params ::GET::::{}
2024-10-02 10:59:07::info::/v1/api/recommender/readPopularPosts::9e973ab3-a10a-4074-b745-f8e92c2a5b41::input-params ::GET::::{"page":"1","limit":"10"}
2024-10-02 10:59:08::info::/v1/api/recommender/readPopularPosts::59d49b06-ffa1-4a8d-91b4-303be44982c0::input-params ::GET::::{"page":"1","limit":"10"}
2024-10-02 10:59:08::info::/v1/api/recommender/readPopularPosts::14a3dd7c-c14b-480e-9247-17905efba493::input-params ::GET::::{"page":"2","limit":"10"}
2024-10-02 11:05:46::info::/v1/api/user/me::394ea328-8fb3-4263-b9cd-e2e7d0579dac::input-params ::GET::::{}
2024-10-02 11:05:46::info::/v1/api/movement/readMovements::57236ca8-e85c-487a-9ef0-b6f1925320d2::input-params ::GET::::{}
2024-10-02 11:05:46::info::/v1/api/news/readNewss::5f8ef71b-63fb-4ecf-b4da-7c7f8791bf91::input-params ::GET::::{}
2024-10-02 11:05:46::info::/v1/api/recommender/readPopularPosts::fca701d6-05c7-4422-b031-748817ce230e::input-params ::GET::::{"page":"1","limit":"10"}
2024-10-02 11:05:47::info::/v1/api/recommender/readPopularPosts::5974ab70-7d81-4a58-8165-d907593b420c::input-params ::GET::::{"page":"1","limit":"10"}
2024-10-02 11:05:51::info::/v1/api/recommender/readPopularPosts::1ae715fd-fda4-4c24-bcf5-a67c5fab2e36::input-params ::GET::::{"page":"2","limit":"10"}
2024-10-02 11:05:51::info::/v1/api/news/readNewss::6c3000b7-ce25-417e-a4ba-6a26bac3da7c::input-params ::GET::::{}
2024-10-02 11:05:51::info::/v1/api/movement/readMovements::28dbe536-bd3c-4a9a-a1fa-8d8532e1b718::input-params ::GET::::{}
2024-10-02 11:05:52::info::/v1/api/movement/readMovements::bfee27f4-dc7e-4379-a1e5-7416e97665f6::input-params ::GET::::{}
2024-10-02 11:05:52::info::/v1/api/news/readNewss::d8515e0d-d15a-4d06-b3c8-aa6bffee86eb::input-params ::GET::::{}
2024-10-02 11:05:56::info::/v1/api/movement/readMovements::8883db68-2ad7-43c4-aad2-613347dc66e9::input-params ::GET::::{}
2024-10-02 11:05:56::info::/v1/api/news/readNewss::827936a2-71c7-4b62-a6a7-4716c0408f03::input-params ::GET::::{}
2024-10-02 11:07:15::info::/v1/api/movement/readMovements::095dd507-e339-4ff5-afa1-8d38b781c7a4::input-params ::GET::::{}
2024-10-02 11:07:15::info::/v1/api/news/readNewss::f6f7037a-761f-4f17-a20b-e9fac821c05a::input-params ::GET::::{}
2024-10-02 11:07:40::info::/v1/api/movement/readMovements::c6847c0d-06a0-473b-81ca-43d491cf9979::input-params ::GET::::{}
2024-10-02 11:07:40::info::/v1/api/news/readNewss::36264148-8c26-4f74-ac2d-491a4f15f922::input-params ::GET::::{}
2024-10-02 11:07:43::info::/v1/api/user/me::037b3a24-f6df-43d9-a069-138f69e36481::input-params ::GET::::{}
2024-10-02 11:07:44::info::/v1/api/movement/readMovements::267d2eef-9454-451d-a92a-21609126b427::input-params ::GET::::{}
2024-10-02 11:07:44::info::/v1/api/news/readNewss::4d0ffd39-10c4-4a70-91dc-0e21b5ea30c8::input-params ::GET::::{}
2024-10-02 11:07:44::info::/v1/api/recommender/readPopularPosts::f8c76263-6375-4452-9d65-55335c0834af::input-params ::GET::::{"page":"1","limit":"10"}
2024-10-02 11:07:44::info::/v1/api/recommender/readPopularPosts::8f7bd66c-9f9a-4afd-b3ed-2bd05b885f54::input-params ::GET::::{"page":"1","limit":"10"}
2024-10-02 11:07:44::info::/v1/api/recommender/readPopularPosts::a8dcbe91-e008-464e-8c07-601a461311a8::input-params ::GET::::{"page":"2","limit":"10"}
2024-10-02 11:07:50::info::/v1/api/movement/readMovements::fb87ee7f-ebd1-44aa-b1a2-ca2f8e32d44e::input-params ::GET::::{}
2024-10-02 11:07:50::info::/v1/api/news/readNewss::2095c45a-ec9d-45fb-bf9b-05d8c5b7c755::input-params ::GET::::{}
2024-10-02 11:07:50::info::/v1/api/post/readPost/66a5fc4954ac59de697c7974::c2420f85-f5a9-4273-8bf2-dd372527da94::input-params ::GET::::{}
2024-10-02 11:07:53::info::/v1/api/user/me::974ac300-17a5-45ea-afc0-d790d79220e1::input-params ::GET::::{}
2024-10-02 11:07:53::info::/v1/api/movement/readMovements::d3977bde-897d-4d14-b6be-fd682227eb9e::input-params ::GET::::{}
2024-10-02 11:07:53::info::/v1/api/news/readNewss::ff710fec-8bd9-4c86-a2d1-f9d18fefa5bc::input-params ::GET::::{}
2024-10-02 11:07:53::info::/v1/api/recommender/readPopularPosts::56effd2f-51cf-4477-9816-8dca237a1d14::input-params ::GET::::{"page":"1","limit":"10"}
2024-10-02 11:07:54::info::/v1/api/recommender/readPopularPosts::9fe85fdc-ec81-42b8-a595-9bf2b8dafb37::input-params ::GET::::{"page":"1","limit":"10"}
2024-10-02 11:07:54::info::/v1/api/recommender/readPopularPosts::0689d567-c12d-437f-a089-9f64862345bc::input-params ::GET::::{"page":"2","limit":"10"}
2024-10-02 11:07:56::info::/v1/api/movement/readMovements::be4a2925-f7a0-41eb-8844-5e9974b2067c::input-params ::GET::::{}
2024-10-02 11:07:56::info::/v1/api/news/readNewss::19888b66-665f-436a-81a9-ac9b9addd552::input-params ::GET::::{}
2024-10-02 11:07:58::info::/v1/api/movement/readMovements::085fcb02-6243-4f05-9616-8db92a55e619::input-params ::GET::::{}
2024-10-02 11:07:58::info::/v1/api/news/readNewss::c02c6f0f-d9c5-4e88-96f7-b94c508b6998::input-params ::GET::::{}
2024-10-02 11:09:04::info::/v1/api/movement/readMovements::4d5add15-7bf5-4c05-a808-6b907fc9c2d6::input-params ::GET::::{}
2024-10-02 11:09:04::info::/v1/api/news/readNewss::37b6d9d7-569b-48bb-a84b-a3941c94a122::input-params ::GET::::{}
2024-10-02 11:09:08::info::/v1/api/recommender/readPopularPosts::df2cf786-b093-453d-bf60-b0284c7682eb::input-params ::GET::::{"page":"2","limit":"10"}
2024-10-02 11:09:13::info::/v1/api/user/me::b1fe649d-1009-46b5-9f77-e88df41c354b::input-params ::GET::::{}
2024-10-02 11:09:14::info::/v1/api/movement/readMovements::6004b267-4f9e-495b-8788-93d5aa967195::input-params ::GET::::{}
2024-10-02 11:09:14::info::/v1/api/news/readNewss::133fffb9-bd34-49d1-8590-c859c0699e76::input-params ::GET::::{}
2024-10-02 11:09:14::info::/v1/api/recommender/readPopularPosts::59710a24-7c40-4762-9758-9846d1079888::input-params ::GET::::{"page":"1","limit":"10"}
2024-10-02 11:09:14::info::/v1/api/recommender/readPopularPosts::dde72d02-1d2e-45e2-a8af-920f343f3a1a::input-params ::GET::::{"page":"1","limit":"10"}
2024-10-02 11:10:15::info::/v1/api/movement/readMovements::675daebf-76c3-4ec2-a5de-089a78c13848::input-params ::GET::::{}
2024-10-02 11:10:15::info::/v1/api/news/readNewss::83407891-21f7-46d9-9bb4-1ed0a5478d76::input-params ::GET::::{}
2024-10-02 11:10:20::info::/v1/api/movement/readMovements::44353a04-7565-4a40-b112-9d7019b34936::input-params ::GET::::{}
2024-10-02 11:10:20::info::/v1/api/news/readNewss::cb67fad1-5bbe-4c7b-a960-e225fab473ae::input-params ::GET::::{}
2024-10-02 11:12:20::info::/v1/api/movement/readMovements::edc7d6be-ed06-4c03-8f79-bc85a07f09de::input-params ::GET::::{}
2024-10-02 11:12:20::info::/v1/api/news/readNewss::7dad097f-367f-47e3-bf8b-d0849a244053::input-params ::GET::::{}
2024-10-02 11:13:02::info::/v1/api/movement/readMovements::13bbc3b0-e78d-4593-a5ac-560124e676df::input-params ::GET::::{}
2024-10-02 11:13:02::info::/v1/api/news/readNewss::f071d14b-7f77-41bc-be12-34dda5f70476::input-params ::GET::::{}
2024-10-02 11:13:25::info::/v1/api/movement/readMovements::388024e4-fc90-4ed9-8be4-c0d9e6a0a954::input-params ::GET::::{}
2024-10-02 11:13:25::info::/v1/api/news/readNewss::e09e04bb-6fda-436d-b4b9-c4d80ff8669f::input-params ::GET::::{}
2024-10-02 11:13:36::info::/v1/api/movement/readMovements::d08301fa-71e3-4dad-ac09-01237004eabd::input-params ::GET::::{}
2024-10-02 11:13:36::info::/v1/api/news/readNewss::7d8dde53-13e8-470a-9754-cab839e9c04e::input-params ::GET::::{}
2024-10-02 11:13:39::info::/v1/api/post/bookmarkPost/66a5fc8854ac59de697c8263::49315e9c-ad5e-4714-8813-c5abf514b987::input-params ::PATCH::::{}
2024-10-02 11:13:39::info::/v1/api/notification/createNotification::660ba063-858b-40c7-ad40-88a3578b331e::input-params ::POST::::{"receiverId":"66a5f1b254ac59de697b59f9","type":"bookmark","url":"/users/66a5f1b254ac59de697b59f9/profile-posts/66a5fc8854ac59de697c8263"}
2024-10-02 11:13:42::info::/v1/api/news/readNewss::acbc83ee-ab7f-4d91-ba1a-eb6a426f26aa::input-params ::GET::::{}
2024-10-02 11:13:42::info::/v1/api/movement/readMovements::4ec91c5d-6a82-4481-9e7a-bc6122accaaa::input-params ::GET::::{}
2024-10-02 11:14:11::info::/v1/api/movement/readMovements::45739ec6-7783-49c0-a31a-5a853b318f78::input-params ::GET::::{}
2024-10-02 11:14:28::info::/v1/api/news/readNewss::de550ecf-5c43-4bb9-a25e-05987d055145::input-params ::GET::::{}
2024-10-02 11:14:28::info::/v1/api/recommender/readPopularPosts::d3dd75d4-4a54-41d2-9295-ab862d523613::input-params ::GET::::{"page":"1","limit":"10"}
2024-10-02 11:14:28::info::/v1/api/news/readNewss::7c8020ac-d83b-440b-92ad-a6e2f98d0754::input-params ::GET::::{}
2024-10-02 11:14:28::info::/v1/api/movement/readMovements::ff2a844b-6fc4-477c-b9e3-6590805a74e4::input-params ::GET::::{}
2024-10-02 11:14:28::info::/v1/api/recommender/readPopularPosts::9ba19931-ea5a-40ad-a478-7f5d8bf083e2::input-params ::GET::::{"page":"1","limit":"10"}
2024-10-02 11:14:37::info::/v1/api/news/readNewss::d9ac9a84-4a18-4a0e-9545-ffef158134ae::input-params ::GET::::{}
2024-10-02 11:14:37::info::/v1/api/recommender/readPopularPosts::50e2c788-3427-4c1d-9daa-958d58477580::input-params ::GET::::{"page":"1","limit":"10"}
2024-10-02 11:14:37::info::/v1/api/recommender/readPopularPosts::091c85ef-14d2-492e-a2f5-5e8cf7af9995::input-params ::GET::::{"page":"1","limit":"10"}
2024-10-02 11:14:43::info::/v1/api/news/readNewss::d999a279-7f70-4572-95b3-d2bbc4f3764f::input-params ::GET::::{}
2024-10-02 11:14:43::info::/v1/api/movement/readMovements::0032897e-293e-4f55-a657-f665fae1b5dc::input-params ::GET::::{}
2024-10-02 11:14:52::info::/v1/api/movement/readMovements::02fcd0c4-60b3-4f24-9b58-afca7426f8fb::input-params ::GET::::{}
2024-10-02 11:14:52::info::/v1/api/news/readNewss::2717619d-0699-4da5-9918-b8c28b8f9a80::input-params ::GET::::{}
2024-10-02 11:15:01::info::/v1/api/movement/readMovements::8e7d01b9-4a47-4749-b15e-eb42d54362db::input-params ::GET::::{}
2024-10-02 11:15:01::info::/v1/api/news/readNewss::0e4f81a2-2674-49b4-810b-970268b6dc18::input-params ::GET::::{}
2024-10-02 11:15:02::info::/v1/api/news/readNewss::c9ac0d3a-f4c0-42c8-8412-5d1570a0ec10::input-params ::GET::::{}
2024-10-02 11:15:02::info::/v1/api/news/readNews/66a8c08e143aa910a3d68703::1099cadd-5056-463f-9cfa-cfadb95973d6::input-params ::GET::::{}
2024-10-02 11:15:03::info::/v1/api/news/readNewss::47833682-7062-4829-ac32-cf3543b536a3::input-params ::GET::::{}
2024-10-02 11:15:03::info::/v1/api/recommender/readPopularPosts::0a040881-8629-414e-8a99-ed6d0ec5cd83::input-params ::GET::::{"page":"1","limit":"10"}
2024-10-02 11:15:04::info::/v1/api/recommender/readPopularPosts::e97eabf1-a209-47ec-8a6b-3fe21f1603a0::input-params ::GET::::{"page":"1","limit":"10"}
2024-10-02 11:15:11::info::/v1/api/movement/readMovements::17ba3aae-0130-489e-b07e-37a93e5c7b9e::input-params ::GET::::{}
2024-10-02 11:15:11::info::/v1/api/news/readNewss::1073e78d-c93b-4125-9289-1449ee40867f::input-params ::GET::::{}
2024-10-02 11:15:47::info::/v1/api/movement/readMovements::0af70647-3643-461c-a213-84ba62f8287d::input-params ::GET::::{}
2024-10-02 11:15:47::info::/v1/api/news/readNewss::6090b5cc-e122-47d5-96b5-ebff6a807e39::input-params ::GET::::{}
2024-10-02 11:16:30::info::/v1/api/movement/readMovements::49318a1e-86a4-44e2-9b79-d12ecf190737::input-params ::GET::::{}
2024-10-02 11:16:30::info::/v1/api/news/readNewss::5af5cade-df54-4100-80f4-e4ffef3d66a0::input-params ::GET::::{}
2024-10-02 11:16:41::info::/v1/api/movement/readMovements::619d0b67-945c-433c-bef4-a422eee46c35::input-params ::GET::::{}
2024-10-02 11:16:41::info::/v1/api/news/readNewss::a12a1e08-7fbc-4324-9ade-6df8d64b002a::input-params ::GET::::{}
2024-10-02 11:17:29::info::/v1/api/news/readNewss::d869a6e1-68e5-4cef-a422-7c3a20bd073a::input-params ::GET::::{}
2024-10-02 11:17:29::info::/v1/api/movement/readMovements::b8b3b087-e7ca-47fe-b8a0-11c6f90e84ff::input-params ::GET::::{}
2024-10-02 11:17:38::info::/v1/api/movement/readMovements::b96c752a-80d8-461f-a5f0-6efe592069e3::input-params ::GET::::{}
2024-10-02 11:17:38::info::/v1/api/news/readNewss::d24e19e1-fd65-4e81-8c4f-e05f24016402::input-params ::GET::::{}
2024-10-02 11:19:14::info::/v1/api/movement/readMovements::7208553a-2fea-4895-b47e-74ec78653380::input-params ::GET::::{}
2024-10-02 11:19:14::info::/v1/api/news/readNewss::d9c78cbd-c4a2-4bb5-9c1a-d2a97996b58e::input-params ::GET::::{}
2024-10-02 11:19:52::info::/v1/api/movement/readMovements::044a8ba3-b8c9-490f-90a1-8837e9d7fdbd::input-params ::GET::::{}
2024-10-02 11:19:52::info::/v1/api/news/readNewss::0055e7c0-bc5b-4d42-b257-914bce8af058::input-params ::GET::::{}
2024-10-02 11:19:53::info::/v1/api/post/readPost/66a5fc8854ac59de697c8263::d6815930-bd25-4681-bba6-f11604d35c6a::input-params ::GET::::{}
2024-10-02 11:20:09::info::/v1/api/post/readPost/66a5fc8854ac59de697c8263::4e74c7fc-183a-48cb-a004-f02fa44e7977::input-params ::GET::::{}
2024-10-02 11:20:24::info::/v1/api/post/readPost/66a5fc8854ac59de697c8263::2d65a9b2-7621-41d9-90db-90dea549f72e::input-params ::GET::::{}
2024-10-02 11:20:29::info::/v1/api/post/readPost/66a5fc8854ac59de697c8263::65dc848e-65b2-410a-bb7e-797bf1100aea::input-params ::GET::::{}
2024-10-02 11:20:36::info::/v1/api/post/readPost/66a5fc8854ac59de697c8263::095333cb-896e-479b-a290-0130babb232b::input-params ::GET::::{}
2024-10-02 11:20:47::info::/v1/api/post/readPost/66a5fc8854ac59de697c8263::86752519-bb26-40f4-acee-7ac7a93d17da::input-params ::GET::::{}
2024-10-02 11:20:48::info::/v1/api/post/readPost/66a5fc8854ac59de697c8263::3941e49f-6b2b-4b30-87c4-52d33714fa16::input-params ::GET::::{}
2024-10-02 11:21:18::info::/v1/api/post/readPost/66a5fc8854ac59de697c8263::d2e3b8f5-52ce-416d-b0f5-e35c534801ef::input-params ::GET::::{}
2024-10-02 11:21:21::info::/v1/api/post/readPost/66a5fc8854ac59de697c8263::fa819b1c-61aa-4f00-88be-f614b61602e8::input-params ::GET::::{}
2024-10-02 11:21:23::info::/v1/api/post/readPost/66a5fc8854ac59de697c8263::4293493c-5f1b-4953-b7b0-47f396524744::input-params ::GET::::{}
2024-10-02 11:21:25::info::/v1/api/post/readPost/66a5fc8854ac59de697c8263::394d7def-9a91-4cbd-a2e1-4c61727925df::input-params ::GET::::{}
2024-10-02 11:21:33::info::/v1/api/post/readPost/66a5fc8854ac59de697c8263::ad8c8725-9ef0-446b-a0de-afc0546e84f4::input-params ::GET::::{}
2024-10-02 11:21:37::info::/v1/api/post/readPost/66a5fc8854ac59de697c8263::3f3c39f9-6ea3-40a8-8411-b7f2421713f5::input-params ::GET::::{}
2024-10-02 11:21:55::info::/v1/api/post/readPost/66a5fc8854ac59de697c8263::cd755b73-a754-4e73-85e9-2efcd3c67ccc::input-params ::GET::::{}
2024-10-02 11:21:57::info::/v1/api/post/readPost/66a5fc8854ac59de697c8263::633bdad5-55ac-47b5-9ad5-9fba564f9adc::input-params ::GET::::{}
2024-10-02 11:21:59::info::/v1/api/post/readPost/66a5fc8854ac59de697c8263::2586ac37-bd60-4d47-83f3-7b2d7e1799b6::input-params ::GET::::{}
2024-10-02 11:22:00::info::/v1/api/post/readPost/66a5fc8854ac59de697c8263::491b0b65-93c2-4477-ae5a-8f3c925bc3ee::input-params ::GET::::{}
2024-10-02 11:22:01::info::/v1/api/post/readPost/66a5fc8854ac59de697c8263::b535a85b-214a-4fcb-9e75-7922209fda5f::input-params ::GET::::{}
2024-10-02 11:22:12::info::/v1/api/post/readPost/66a5fc8854ac59de697c8263::68fd3c21-5828-4d47-a776-7444689e09fc::input-params ::GET::::{}
2024-10-02 11:22:13::info::/v1/api/post/readPost/66a5fc8854ac59de697c8263::d4c0343c-9687-4176-b348-ac888c1ffceb::input-params ::GET::::{}
2024-10-02 11:22:53::info::/v1/api/post/readPost/66a5fc8854ac59de697c8263::ec55a0da-9599-44bf-93d6-4f2913652f4c::input-params ::GET::::{}
2024-10-02 11:22:53::info::/v1/api/movement/readMovements::cecf8cdb-fb8d-49b5-9db2-885a9f932e71::input-params ::GET::::{}
2024-10-02 11:22:53::info::/v1/api/news/readNewss::28676f71-f389-4ff2-a197-a5da009d9508::input-params ::GET::::{}
2024-10-02 11:22:53::info::/v1/api/post/readPost/66a5fc8854ac59de697c8263::aac99142-ae16-456a-b6b5-c872cf871a24::input-params ::GET::::{}
2024-10-02 11:23:54::info::/v1/api/movement/readMovements::ed2710e5-abc5-4d29-bd9a-17f5ab60c28a::input-params ::GET::::{}
2024-10-02 11:23:54::info::/v1/api/news/readNewss::c57f4806-5ad5-4f2e-b4ea-51a29e5ab255::input-params ::GET::::{}
2024-10-02 11:23:54::info::/v1/api/post/readPost/66a5fc8854ac59de697c8263::e9224082-7087-41d9-a606-4acd6e74b001::input-params ::GET::::{}
