2024-08-04 09:59:17::info::/v1/api/user/me::7bd92f1d-bb97-4702-96b8-5916c6398366::input-params ::GET::::{}
2024-08-04 09:59:18::error::/v1/api/user/me::7bd92f1d-bb97-4702-96b8-5916c6398366::404 - 1ms - Response: {"status":404,"now":1722740358365}::{"message":"User not found"}
2024-08-04 09:59:18::info::/v1/api/movement/readMovements::c4613285-607e-4593-935d-941a51c386e4::input-params ::GET::::{}
2024-08-04 09:59:20::info::/v1/api/user/me::63631435-fffe-48c9-9956-65739dddacc9::input-params ::GET::::{}
2024-08-04 09:59:20::error::/v1/api/user/me::63631435-fffe-48c9-9956-65739dddacc9::404 - 1ms - Response: {"status":404,"now":1722740360619}::{"message":"User not found"}
2024-08-04 09:59:20::info::/v1/api/movement/readMovements::158e535d-708b-4c97-879f-5cfa159d7939::input-params ::GET::::{}
2024-08-04 09:59:21::info::/v1/api/movement/readMovements::c29538d5-7e88-45f6-9587-a2236e11c2ab::input-params ::GET::::{}
2024-08-04 09:59:21::info::/v1/api/user/me::5c413033-17e1-45e6-8bb0-9df828e7902f::input-params ::GET::::{}
2024-08-04 09:59:22::error::/v1/api/user/me::5c413033-17e1-45e6-8bb0-9df828e7902f::404 - 0ms - Response: {"status":404,"now":1722740362085}::{"message":"User not found"}
2024-08-04 09:59:27::info::/v1/api/user/me::e760fa79-6efc-4b64-be84-842c17fbb671::input-params ::GET::::{}
2024-08-04 09:59:27::info::/v1/api/movement/readMovements::fdcd13d6-9aad-43d6-98bb-f28709db4066::input-params ::GET::::{}
2024-08-04 09:59:27::error::/v1/api/user/me::e760fa79-6efc-4b64-be84-842c17fbb671::404 - 0ms - Response: {"status":404,"now":1722740367710}::{"message":"User not found"}
2024-08-04 09:59:40::info::/v1/api/user/me::f6273214-4a24-4c7e-a3cd-97e6d2f2d9ed::input-params ::GET::::{}
2024-08-04 09:59:40::info::/v1/api/movement/readMovements::fa594c28-fbd3-4969-a546-92fb12d1e4ce::input-params ::GET::::{}
2024-08-04 09:59:40::error::/v1/api/user/me::f6273214-4a24-4c7e-a3cd-97e6d2f2d9ed::404 - 0ms - Response: {"status":404,"now":1722740380399}::{"message":"User not found"}
2024-08-04 09:59:42::info::/v1/api/user/me::127b8d5c-1a15-4354-be14-fd9cde1a8a8d::input-params ::GET::::{}
2024-08-04 09:59:42::info::/v1/api/movement/readMovements::c902ee25-341c-4d94-8338-c5ccc28d07d7::input-params ::GET::::{}
2024-08-04 09:59:42::error::/v1/api/user/me::127b8d5c-1a15-4354-be14-fd9cde1a8a8d::404 - 0ms - Response: {"status":404,"now":1722740382533}::{"message":"User not found"}
2024-08-04 09:59:49::info::/v1/api/user/me::a6695526-a2d2-42db-b01a-54a5a81d0b5b::input-params ::GET::::{}
2024-08-04 09:59:49::info::/v1/api/movement/readMovements::e4a29d72-bcda-4d45-8024-b6398d724dfb::input-params ::GET::::{}
2024-08-04 09:59:49::error::/v1/api/user/me::a6695526-a2d2-42db-b01a-54a5a81d0b5b::404 - 1ms - Response: {"status":404,"now":1722740389297}::{"message":"User not found"}
2024-08-04 10:00:41::info::/v1/api/user/me::ecb2742a-1c53-4abe-955b-2aa383f53d68::input-params ::GET::::{}
2024-08-04 10:00:41::info::/v1/api/movement/readMovements::1eb369c0-6822-4f34-8aad-753048ec9003::input-params ::GET::::{}
2024-08-04 10:00:41::error::/v1/api/user/me::ecb2742a-1c53-4abe-955b-2aa383f53d68::404 - 0ms - Response: {"status":404,"now":1722740441242}::{"message":"User not found"}
2024-08-04 10:00:44::info::/v1/api/user/me::234b52eb-a15d-41db-b4cc-8a8eda3bd897::input-params ::GET::::{}
2024-08-04 10:00:44::error::/v1/api/user/me::234b52eb-a15d-41db-b4cc-8a8eda3bd897::404 - 0ms - Response: {"status":404,"now":1722740444680}::{"message":"User not found"}
2024-08-04 10:00:44::info::/v1/api/movement/readMovements::140062a4-0fc4-4543-a1eb-93f3057c72ae::input-params ::GET::::{}
2024-08-04 10:00:47::info::/auth/google::10b86f70-00ca-44dd-87a9-2aff749b54b9::input-params ::GET::::{}
2024-08-04 10:00:47::error::/auth/google::10b86f70-00ca-44dd-87a9-2aff749b54b9::404 - NaNms - Response: {"status":404}::{"message":"Not Found"}
2024-08-04 10:00:47::info::/favicon.ico::2a2abd5a-a876-42c7-8c32-a2eaaf30abdd::input-params ::GET::::{}
2024-08-04 10:00:47::error::/favicon.ico::2a2abd5a-a876-42c7-8c32-a2eaaf30abdd::404 - NaNms - Response: {"status":404}::{"message":"Not Found"}
2024-08-04 10:02:35::info::/v1/api/user/me::838ecee5-8c37-41d6-9213-dfb88b7343d1::input-params ::GET::::{}
2024-08-04 10:02:35::error::/v1/api/user/me::838ecee5-8c37-41d6-9213-dfb88b7343d1::404 - 0ms - Response: {"status":404,"now":1722740555482}::{"message":"User not found"}
2024-08-04 10:02:35::info::/v1/api/movement/readMovements::3091efde-b632-49bd-83d3-0404ffd5e0c0::input-params ::GET::::{}
2024-08-04 10:02:36::info::/v1/api/auth/google::e620419c-d4b3-4f87-bdbd-555f23967a23::input-params ::GET::::{}
2024-08-04 10:04:03::info::/v1/api/user/me::fe8e5739-280b-4e36-8a46-d0ce843016ef::input-params ::GET::::{}
2024-08-04 10:04:03::error::/v1/api/user/me::fe8e5739-280b-4e36-8a46-d0ce843016ef::404 - 2ms - Response: {"status":404,"now":1722740643866}::{"message":"User not found"}
2024-08-04 10:04:03::info::/v1/api/movement/readMovements::6d1c29ce-a426-417e-a4d6-45ce3a88c923::input-params ::GET::::{}
2024-08-04 10:04:07::info::/v1/api/user/me::d945c402-31b9-432d-987d-b73da9d1d4a2::input-params ::GET::::{}
2024-08-04 10:04:07::info::/v1/api/movement/readMovements::a2cb53e6-3568-41b6-a14d-d450942ef008::input-params ::GET::::{}
2024-08-04 10:04:07::error::/v1/api/user/me::d945c402-31b9-432d-987d-b73da9d1d4a2::404 - 2ms - Response: {"status":404,"now":1722740647387}::{"message":"User not found"}
2024-08-04 10:04:07::info::/v1/api/auth/google::efab83f1-a8c8-46b6-b170-7d29f86b1006::input-params ::GET::::{}
2024-08-04 10:06:50::info::/v1/api/user/me::48ff3ebe-3545-49dc-b8ac-e3ae13ad70b2::input-params ::GET::::{}
2024-08-04 10:06:50::error::/v1/api/user/me::48ff3ebe-3545-49dc-b8ac-e3ae13ad70b2::404 - 0ms - Response: {"status":404,"now":1722740810261}::{"message":"User not found"}
2024-08-04 10:06:50::info::/v1/api/movement/readMovements::4db87cd4-6b90-4078-ac54-6aaaf404e7e6::input-params ::GET::::{}
2024-08-04 10:06:52::info::/v1/api/auth/google::d81d7ce8-d1a9-4e96-93b7-bdcf3be6d3ac::input-params ::GET::::{}
2024-08-04 10:07:14::info::/v1/api/auth/google/callback::02140fca-89f4-4319-be8a-1c9e3ef1154f::input-params ::GET::::{"code":"4/0AcvDMrCCCLUFEhZKgjk2l2QnX2OrdQqOKUDBxUbJ9FQDgyLOI_N5ABpnu7nZEadBNGsFYA","scope":"email profile openid https://www.googleapis.com/auth/userinfo.profile https://www.googleapis.com/auth/userinfo.email","authuser":"0","prompt":"consent"}
2024-08-04 10:07:35::error::/v1/api/auth/google/callback::02140fca-89f4-4319-be8a-1c9e3ef1154f::undefined - NaNms - Response: {"name":"InternalOAuthError","message":"Failed to obtain access token","oauthError":{"errno":-4039,"code":"ETIMEDOUT","syscall":"connect","address":"2404:6800:4003:c03::5f","port":443}}::{"message":"Failed to obtain access token"}
2024-08-04 10:14:24::info::/v1/api/user/me::132fa4cd-b5e6-4ec7-a485-8ac4117f6aa0::input-params ::GET::::{}
2024-08-04 10:14:24::info::/v1/api/movement/readMovements::340bbdeb-bb25-48f0-9e7c-7d146400d842::input-params ::GET::::{}
2024-08-04 10:14:24::error::/v1/api/user/me::132fa4cd-b5e6-4ec7-a485-8ac4117f6aa0::404 - 3ms - Response: {"status":404,"now":1722741264117}::{"message":"User not found"}
2024-08-04 10:14:24::info::/v1/api/user/me::e9696313-869d-42d0-bb78-97108235870d::input-params ::GET::::{}
2024-08-04 10:14:24::error::/v1/api/user/me::e9696313-869d-42d0-bb78-97108235870d::404 - 2ms - Response: {"status":404,"now":1722741264387}::{"message":"User not found"}
2024-08-04 10:14:24::info::/v1/api/movement/readMovements::337844a7-7077-4a27-83e8-83c083479dc9::input-params ::GET::::{}
2024-08-04 10:17:19::info::/v1/api/movement/readMovements::bf7e50e2-9176-41dc-a6d2-224ab0156c93::input-params ::GET::::{}
2024-08-04 10:17:19::info::/v1/api/user/me::90377498-f6cf-45a1-8890-8331b1e373d5::input-params ::GET::::{}
2024-08-04 10:17:19::error::/v1/api/user/me::90377498-f6cf-45a1-8890-8331b1e373d5::404 - 2ms - Response: {"status":404,"now":1722741439238}::{"message":"User not found"}
2024-08-04 10:17:26::info::/v1/api/user/me::2aea5a4b-4392-4bf3-8cb3-54a3f9b65f36::input-params ::GET::::{}
2024-08-04 10:17:26::info::/v1/api/movement/readMovements::8717b32d-04d1-49b6-a245-bd6b04d72db7::input-params ::GET::::{}
2024-08-04 10:17:26::error::/v1/api/user/me::2aea5a4b-4392-4bf3-8cb3-54a3f9b65f36::404 - 3ms - Response: {"status":404,"now":1722741446110}::{"message":"User not found"}
2024-08-04 10:17:26::info::/v1/api/auth/google::6b6120d7-0a12-4ab6-9f87-4f1c3a1784c7::input-params ::GET::::{}
2024-08-04 10:17:34::info::/v1/api/auth/google/callback::1a0e9579-e934-4127-b2f3-f444a7801bd0::input-params ::GET::::{"code":"4/0AcvDMrBPyw9h4UZp4AXCwKF4h-2Yb3RTOPCs-YqNvVCkDl4V3-dcD8B4W_WaZ7TpsnKdVQ","scope":"email profile openid https://www.googleapis.com/auth/userinfo.profile https://www.googleapis.com/auth/userinfo.email","authuser":"0","prompt":"consent"}
2024-08-04 10:17:55::error::/v1/api/auth/google/callback::1a0e9579-e934-4127-b2f3-f444a7801bd0::undefined - NaNms - Response: {"name":"InternalOAuthError","message":"Failed to obtain access token","oauthError":{"errno":-4039,"code":"ETIMEDOUT","syscall":"connect","address":"2404:6800:4003:c03::5f","port":443}}::{"message":"Failed to obtain access token"}
2024-08-04 10:31:54::info::/v1/api/user/me::2c343762-26e7-4b86-bf7d-9802b59eb57e::input-params ::GET::::{}
2024-08-04 10:31:54::error::/v1/api/user/me::2c343762-26e7-4b86-bf7d-9802b59eb57e::404 - 2ms - Response: {"status":404,"now":1722742314405}::{"message":"User not found"}
2024-08-04 10:31:54::info::/v1/api/movement/readMovements::2b79c0e6-577f-48c5-a23b-9777618e6f1c::input-params ::GET::::{}
2024-08-04 10:31:59::info::/v1/api/movement/readMovements::d256e953-38f5-460e-8482-dc93d11e8579::input-params ::GET::::{}
2024-08-04 10:31:59::info::/v1/api/user/me::f913ed51-02f7-453b-b422-8d665f8bbcbd::input-params ::GET::::{}
2024-08-04 10:31:59::error::/v1/api/user/me::f913ed51-02f7-453b-b422-8d665f8bbcbd::404 - 3ms - Response: {"status":404,"now":1722742319302}::{"message":"User not found"}
2024-08-04 10:31:59::info::/v1/api/auth/google::85f05072-0ef4-4439-9b76-d8499b2a92c8::input-params ::GET::::{}
2024-08-04 10:32:13::info::/v1/api/auth/google/callback::9c8e4c94-6e5d-41c2-96e3-4fdca8fabeb8::input-params ::GET::::{"code":"4/0AcvDMrCWLZcxlV6y6pUHS5M2zAG2AKyi5sIfYNHhn0A6xAvSgu3uWkmxuv2L61q48UgvAQ","scope":"email profile openid https://www.googleapis.com/auth/userinfo.profile https://www.googleapis.com/auth/userinfo.email","authuser":"2","prompt":"consent"}
2024-08-04 10:32:34::error::/v1/api/auth/google/callback::9c8e4c94-6e5d-41c2-96e3-4fdca8fabeb8::undefined - NaNms - Response: {"name":"InternalOAuthError","message":"Failed to obtain access token","oauthError":{"errno":-4039,"code":"ETIMEDOUT","syscall":"connect","address":"2404:6800:4003:c01::5f","port":443}}::{"message":"Failed to obtain access token"}
2024-08-04 10:33:31::info::/v1/api/auth/google/callback::2a7c1084-f8ab-41bf-ba6a-1c7fade42f9f::input-params ::GET::::{"code":"4/0AcvDMrCTHe7KI9gyiwUk0vsuY10br-scKV8RHv0DrVifrWb42BHUMfX4HUr5R8tuRGvuwQ","scope":"email profile openid https://www.googleapis.com/auth/userinfo.profile https://www.googleapis.com/auth/userinfo.email","authuser":"2","prompt":"consent"}
2024-08-04 10:33:32::error::/v1/api/auth/google/callback::2a7c1084-f8ab-41bf-ba6a-1c7fade42f9f::undefined - NaNms - Response: {"errors":{"password":{"name":"ValidatorError","message":"Path `password` is required.","properties":{"message":"Path `password` is required.","type":"required","path":"password"},"kind":"required","path":"password"}},"_message":"User validation failed","name":"ValidationError","message":"User validation failed: password: Path `password` is required."}::{"message":"User validation failed: password: Path `password` is required."}
2024-08-04 10:33:46::info::/v1/api/user/me::915266fb-48fe-4f56-a84b-ca6c6568ff35::input-params ::GET::::{}
2024-08-04 10:33:46::error::/v1/api/user/me::915266fb-48fe-4f56-a84b-ca6c6568ff35::404 - 0ms - Response: {"status":404,"now":1722742426555}::{"message":"User not found"}
2024-08-04 10:33:46::info::/v1/api/movement/readMovements::36d4cb4a-cb08-4f68-a201-38c66397b3c5::input-params ::GET::::{}
2024-08-04 10:33:47::info::/v1/api/auth/google::14802681-eb7d-4889-bcaf-c89864968b4b::input-params ::GET::::{}
2024-08-04 10:33:51::info::/v1/api/auth/google/callback::ac34a18f-fdaa-445d-8fef-8c5cca1ab75c::input-params ::GET::::{"code":"4/0AcvDMrC0rRKaNXi6znAzWghj5MY502odqaAFWBiYmA5_hIif1CRFsmSY8AK4eTtUUfSEFw","scope":"email profile openid https://www.googleapis.com/auth/userinfo.profile https://www.googleapis.com/auth/userinfo.email","authuser":"2","prompt":"consent"}
2024-08-04 10:33:51::error::/v1/api/auth/google/callback::ac34a18f-fdaa-445d-8fef-8c5cca1ab75c::undefined - NaNms - Response: {"errors":{"password":{"name":"ValidatorError","message":"Path `password` is required.","properties":{"message":"Path `password` is required.","type":"required","path":"password"},"kind":"required","path":"password"}},"_message":"User validation failed","name":"ValidationError","message":"User validation failed: password: Path `password` is required."}::{"message":"User validation failed: password: Path `password` is required."}
2024-08-04 10:35:01::info::/v1/api/auth/google/callback::7a7c6009-0d5c-4ee7-87f2-900067df49c2::input-params ::GET::::{"code":"4/0AcvDMrAEPrWUI4g88Gl9UUeAuGXWwnFtOlEkZTHBts6AsHS_ZexEY3TMl9YKM_6P_RAvIg","scope":"email profile openid https://www.googleapis.com/auth/userinfo.profile https://www.googleapis.com/auth/userinfo.email","authuser":"2","prompt":"consent"}
2024-08-04 10:35:01::error::/v1/api/auth/google/callback::7a7c6009-0d5c-4ee7-87f2-900067df49c2::undefined - NaNms - Response: {"errors":{"password":{"name":"ValidatorError","message":"Path `password` is required.","properties":{"message":"Path `password` is required.","type":"required","path":"password","value":""},"kind":"required","path":"password","value":""}},"_message":"User validation failed","name":"ValidationError","message":"User validation failed: password: Path `password` is required."}::{"message":"User validation failed: password: Path `password` is required."}
2024-08-04 10:35:08::info::/v1/api/user/me::cdf0a2cf-9241-4b5e-8336-8edf216bb0cc::input-params ::GET::::{}
2024-08-04 10:35:08::error::/v1/api/user/me::cdf0a2cf-9241-4b5e-8336-8edf216bb0cc::404 - 2ms - Response: {"status":404,"now":1722742508700}::{"message":"User not found"}
2024-08-04 10:35:08::info::/v1/api/movement/readMovements::4a32e02f-4ce8-4318-8713-5ce9240dd693::input-params ::GET::::{}
2024-08-04 10:35:22::info::/v1/api/user/me::ce797317-664b-4fb3-a0c3-fda4a050a9a4::input-params ::GET::::{}
2024-08-04 10:35:22::info::/v1/api/movement/readMovements::8fb4f1d6-dd9b-45a4-8f24-13e4be8cf02e::input-params ::GET::::{}
2024-08-04 10:35:22::info::/v1/api/auth/google::daa9312a-9c19-4c0e-8341-37398e12d08d::input-params ::GET::::{}
2024-08-04 10:35:22::error::/v1/api/user/me::ce797317-664b-4fb3-a0c3-fda4a050a9a4::404 - 1ms - Response: {"status":404,"now":1722742522677}::{"message":"User not found"}
2024-08-04 10:35:26::info::/v1/api/auth/google/callback::88e936eb-d406-4d2d-a14b-a18588c33d0d::input-params ::GET::::{"code":"4/0AcvDMrC0l8MQQ6rCyLhUeF9qJPjCLRoY1amn6HiBnZ9FEDRTWRn37ifF0pvd-klAeipK_Q","scope":"email profile openid https://www.googleapis.com/auth/userinfo.profile https://www.googleapis.com/auth/userinfo.email","authuser":"2","prompt":"consent"}
2024-08-04 10:35:27::error::/v1/api/auth/google/callback::88e936eb-d406-4d2d-a14b-a18588c33d0d::undefined - NaNms - Response: {"errors":{"password":{"name":"ValidatorError","message":"Path `password` is required.","properties":{"message":"Path `password` is required.","type":"required","path":"password","value":""},"kind":"required","path":"password","value":""}},"_message":"User validation failed","name":"ValidationError","message":"User validation failed: password: Path `password` is required."}::{"message":"User validation failed: password: Path `password` is required."}
2024-08-04 10:36:47::info::/v1/api/user/me::3d1d10c0-d840-4ef5-9b42-d0dba1b0d6d6::input-params ::GET::::{}
2024-08-04 10:36:47::error::/v1/api/user/me::3d1d10c0-d840-4ef5-9b42-d0dba1b0d6d6::404 - 2ms - Response: {"status":404,"now":1722742607371}::{"message":"User not found"}
2024-08-04 10:36:47::info::/v1/api/movement/readMovements::8a7ca2a4-ea0b-44d0-9883-240ad5c42939::input-params ::GET::::{}
2024-08-04 10:36:53::info::/v1/api/user/me::030709fe-0fe5-4f10-8370-1d02eef6e54e::input-params ::GET::::{}
2024-08-04 10:36:53::info::/v1/api/movement/readMovements::0f4951d0-7045-4290-8718-42f76ff2e88c::input-params ::GET::::{}
2024-08-04 10:36:53::error::/v1/api/user/me::030709fe-0fe5-4f10-8370-1d02eef6e54e::404 - 1ms - Response: {"status":404,"now":1722742613238}::{"message":"User not found"}
2024-08-04 10:36:53::info::/v1/api/auth/google::e00893de-2416-4556-ab9c-1998031fe59a::input-params ::GET::::{}
2024-08-04 10:36:57::info::/v1/api/auth/google/callback::c6570095-8909-46dc-82b8-509499f458f3::input-params ::GET::::{"code":"4/0AcvDMrDkNamSuaXW44M2sFw9pa2aSBiI_NvW5Ue7dRbe37dm2RUwXGY_W1a0UmgHiPIXJQ","scope":"email profile openid https://www.googleapis.com/auth/userinfo.profile https://www.googleapis.com/auth/userinfo.email","authuser":"2","prompt":"consent"}
2024-08-04 10:36:57::error::/v1/api/auth/google/callback::c6570095-8909-46dc-82b8-509499f458f3::undefined - NaNms - Response: {"errors":{"password":{"name":"ValidatorError","message":"Path `password` is required.","properties":{"message":"Path `password` is required.","type":"required","path":"password","value":""},"kind":"required","path":"password","value":""}},"_message":"User validation failed","name":"ValidationError","message":"User validation failed: password: Path `password` is required."}::{"message":"User validation failed: password: Path `password` is required."}
2024-08-04 10:41:23::info::/v1/api/user/me::275218ad-ccdc-4e1f-b65c-c7b1e8f55ed0::input-params ::GET::::{}
2024-08-04 10:41:23::error::/v1/api/user/me::275218ad-ccdc-4e1f-b65c-c7b1e8f55ed0::404 - 2ms - Response: {"status":404,"now":1722742883958}::{"message":"User not found"}
2024-08-04 10:41:23::info::/v1/api/movement/readMovements::a4967f6f-4b62-41e6-84c1-acd4fd5d3dd1::input-params ::GET::::{}
2024-08-04 10:41:25::info::/v1/api/auth/google::8597ffb6-16ca-455b-b6e5-ce8ae338a0da::input-params ::GET::::{}
2024-08-04 10:41:30::info::/v1/api/auth/google/callback::e1725461-d7f7-419e-b3d8-24bfb390f2c9::input-params ::GET::::{"code":"4/0AcvDMrBxn7KQVnNy4XOZCJRv_3J4KKf3jBKFrIClpX0ER4IW4xu0zKvv3iWQcrU27JDcaQ","scope":"email profile openid https://www.googleapis.com/auth/userinfo.profile https://www.googleapis.com/auth/userinfo.email","authuser":"2","prompt":"consent"}
2024-08-04 10:41:30::error::/v1/api/auth/google/callback::e1725461-d7f7-419e-b3d8-24bfb390f2c9::undefined - NaNms - Response: {"index":0,"code":11000,"keyPattern":{"email":1},"keyValue":{"email":"phapluu9ithd@gmail.com"}}::{"message":"E11000 duplicate key error collection: Pastal_Phap.Users index: email_1 dup key: { email: \"phapluu9ithd@gmail.com\" }"}
2024-08-04 10:44:55::info::/v1/api/user/me::417a9c4d-6624-4de6-a4d0-db2178e5d007::input-params ::GET::::{}
2024-08-04 10:44:55::error::/v1/api/user/me::417a9c4d-6624-4de6-a4d0-db2178e5d007::404 - 0ms - Response: {"status":404,"now":1722743095692}::{"message":"User not found"}
2024-08-04 10:44:55::info::/v1/api/movement/readMovements::c7be76c8-6aa2-45a8-af86-579c2bcf8593::input-params ::GET::::{}
2024-08-04 10:44:55::info::/v1/api/recommender/readPopularPosts::b866b1c7-f3f4-4c7c-a293-0c1018344b9c::input-params ::GET::::{}
2024-08-04 10:45:00::info::/v1/api/user/me::7ad4ca14-8e4b-44b6-94d9-178d54300d40::input-params ::GET::::{}
2024-08-04 10:45:00::info::/v1/api/movement/readMovements::c012ba3b-0a60-44fd-8fb5-b816b79b5710::input-params ::GET::::{}
2024-08-04 10:45:00::info::/v1/api/recommender/readPopularPosts::df42d809-eded-4d7c-b1fb-759f719b7691::input-params ::GET::::{}
2024-08-04 10:45:00::error::/v1/api/user/me::7ad4ca14-8e4b-44b6-94d9-178d54300d40::404 - 0ms - Response: {"status":404,"now":1722743100490}::{"message":"User not found"}
2024-08-04 10:45:00::info::/v1/api/user/me::24e10fa6-77ba-484b-a997-3f547ed43fe8::input-params ::GET::::{}
2024-08-04 10:45:00::error::/v1/api/user/me::24e10fa6-77ba-484b-a997-3f547ed43fe8::404 - 0ms - Response: {"status":404,"now":1722743100924}::{"message":"User not found"}
2024-08-04 10:45:00::info::/v1/api/movement/readMovements::8ae51321-c9b5-45a7-8367-f33ba12129e5::input-params ::GET::::{}
2024-08-04 10:45:02::info::/v1/api/auth/google::2b076b48-61d6-4a7e-a14c-45f130cc8d32::input-params ::GET::::{}
2024-08-04 10:45:20::info::/v1/api/auth/google/callback::1b0c313b-2aff-46d2-afaa-d507185130ba::input-params ::GET::::{"code":"4/0AcvDMrCTlNx0TVF51-y_SWZbQmarHHSGV5eG_9ECz3KYHXMdqIX2YnDzmwGxHNAY33do4g","scope":"email profile openid https://www.googleapis.com/auth/userinfo.profile https://www.googleapis.com/auth/userinfo.email","authuser":"3","prompt":"consent"}
2024-08-04 10:45:21::info::/profile::cc8d3d3b-83d2-4f10-98bc-6b65645f5982::input-params ::GET::::{}
2024-08-04 10:45:21::error::/profile::cc8d3d3b-83d2-4f10-98bc-6b65645f5982::404 - NaNms - Response: {"status":404}::{"message":"Not Found"}
2024-08-04 10:48:27::info::/v1/api/auth/google::2f17198c-f49c-4aeb-acb3-1dea8a2e000d::input-params ::GET::::{}
2024-08-04 10:48:32::info::/v1/api/auth/google/callback::34a3d4df-0fec-426b-a25f-406c36423065::input-params ::GET::::{"code":"4/0AcvDMrBLBwH15K1NjIKLJhbyNHK5Tnux6WJ1RbrP_8EEXkEWv9i1RLk9nPwQmbqn-c3yAQ","scope":"email profile openid https://www.googleapis.com/auth/userinfo.profile https://www.googleapis.com/auth/userinfo.email","authuser":"3","prompt":"consent"}
2024-08-04 10:48:33::info::/::f9cc2f64-b1ff-4d1d-a7ad-8cd692a2366e::input-params ::GET::::{}
2024-08-04 10:48:33::error::/::f9cc2f64-b1ff-4d1d-a7ad-8cd692a2366e::404 - NaNms - Response: {"status":404}::{"message":"Not Found"}
2024-08-04 10:50:46::info::/v1/api/user/me::51bb5668-8aae-4d3c-8f9f-7a9f9071f109::input-params ::GET::::{}
2024-08-04 10:50:46::error::/v1/api/user/me::51bb5668-8aae-4d3c-8f9f-7a9f9071f109::404 - 2ms - Response: {"status":404,"now":1722743446965}::{"message":"User not found"}
2024-08-04 10:50:46::info::/v1/api/movement/readMovements::4929b4e5-1bf9-42bf-9934-e411622ec92b::input-params ::GET::::{}
2024-08-04 10:50:47::info::/v1/api/recommender/readPopularPosts::a18cb107-e676-4e8f-a31f-d94dc0dffa35::input-params ::GET::::{}
2024-08-04 10:50:52::info::/v1/api/user/me::3852fde7-021a-452b-b3bf-62934986e9ad::input-params ::GET::::{}
2024-08-04 10:50:52::info::/v1/api/movement/readMovements::e7e467b2-bd8a-4bb0-91b5-a353b010da73::input-params ::GET::::{}
2024-08-04 10:50:52::info::/v1/api/recommender/readPopularPosts::a8983254-b54a-4684-b5d5-7c4d6c9533c4::input-params ::GET::::{}
2024-08-04 10:50:52::error::/v1/api/user/me::3852fde7-021a-452b-b3bf-62934986e9ad::404 - 2ms - Response: {"status":404,"now":1722743452477}::{"message":"User not found"}
2024-08-04 10:50:52::info::/v1/api/user/me::ff7930a0-7dca-47a9-978c-1b2e34b47fc3::input-params ::GET::::{}
2024-08-04 10:50:52::error::/v1/api/user/me::ff7930a0-7dca-47a9-978c-1b2e34b47fc3::404 - 0ms - Response: {"status":404,"now":1722743452827}::{"message":"User not found"}
2024-08-04 10:50:52::info::/v1/api/movement/readMovements::28597f84-dd39-4da3-b724-e743933f8630::input-params ::GET::::{}
2024-08-04 10:50:57::info::/v1/api/auth/google::6d1e7c65-c6fc-4c58-88a6-2c8ec0dd69dd::input-params ::GET::::{}
2024-08-04 10:51:02::info::/v1/api/auth/google/callback::74e1e1fe-bbbf-4064-9cb0-a954cf1f86ab::input-params ::GET::::{"code":"4/0AcvDMrBGeLWfxicfMmsLglAe8kXecN4b61Y1kKKflZSw2aJj7i1M7mABc1FGBQm_Z2LcnA","scope":"email profile openid https://www.googleapis.com/auth/userinfo.profile https://www.googleapis.com/auth/userinfo.email","authuser":"3","prompt":"consent"}
2024-08-04 10:51:03::info::/v1/api/user/me::c1f6e0c1-663e-43a5-8fc1-2f678259192c::input-params ::GET::::{}
2024-08-04 10:51:03::error::/v1/api/user/me::c1f6e0c1-663e-43a5-8fc1-2f678259192c::404 - 0ms - Response: {"status":404,"now":1722743463573}::{"message":"User not found"}
2024-08-04 10:51:03::info::/v1/api/movement/readMovements::3a9b6faa-a3d4-4d05-813b-b38e32577df3::input-params ::GET::::{}
2024-08-04 10:51:03::info::/v1/api/recommender/readPopularPosts::002b2888-b2e8-4a89-9e18-d04a5d94944e::input-params ::GET::::{}
2024-08-04 10:51:22::info::/v1/api/user/me::5bcff2d4-4287-4de4-8218-d5d585bc50ee::input-params ::GET::::{}
2024-08-04 10:51:22::info::/v1/api/movement/readMovements::ba586ab1-18b7-4e95-9f4f-0c1e72f45746::input-params ::GET::::{}
2024-08-04 10:51:22::info::/v1/api/recommender/readPopularPosts::51d108b5-9005-4a38-bf4e-6135fc953571::input-params ::GET::::{}
2024-08-04 10:51:22::error::/v1/api/user/me::5bcff2d4-4287-4de4-8218-d5d585bc50ee::404 - 0ms - Response: {"status":404,"now":1722743482758}::{"message":"User not found"}
2024-08-04 10:58:14::info::/v1/api/recommender/readPopularPosts::670f7ea1-c5cf-4de0-bbf5-6fd3740b9d38::input-params ::GET::::{}
2024-08-04 10:58:14::info::/v1/api/movement/readMovements::17f3d05a-7192-4b90-b3a9-085e9b870562::input-params ::GET::::{}
2024-08-04 10:58:14::info::/v1/api/user/me::045c8181-f546-4cc0-99b0-c4ff95df2804::input-params ::GET::::{}
2024-08-04 10:58:14::error::/v1/api/user/me::045c8181-f546-4cc0-99b0-c4ff95df2804::404 - 0ms - Response: {"status":404,"now":1722743894272}::{"message":"User not found"}
2024-08-04 11:02:40::info::/v1/api/user/me::6f773687-2b10-4bdf-9029-b526dde36635::input-params ::GET::::{}
2024-08-04 11:02:40::info::/v1/api/movement/readMovements::33e426bd-3753-43e5-a3cb-de244a31dd2f::input-params ::GET::::{}
2024-08-04 11:02:40::info::/v1/api/recommender/readPopularPosts::f20a12b5-c2a6-4f71-9bce-0a5b8cec3353::input-params ::GET::::{}
2024-08-04 11:02:40::error::/v1/api/user/me::6f773687-2b10-4bdf-9029-b526dde36635::404 - 1ms - Response: {"status":404,"now":1722744160712}::{"message":"User not found"}
2024-08-04 11:02:51::info::/v1/api/user/me::88833dac-0805-4e61-b01b-fe5fb4f98e46::input-params ::GET::::{}
2024-08-04 11:02:51::info::/v1/api/movement/readMovements::32d9aa57-c67e-43b3-bcc5-71a9d52d1f51::input-params ::GET::::{}
2024-08-04 11:02:51::info::/v1/api/recommender/readPopularPosts::b7cdd9e7-2497-465a-9fcb-d1116d080a68::input-params ::GET::::{}
2024-08-04 11:02:51::error::/v1/api/user/me::88833dac-0805-4e61-b01b-fe5fb4f98e46::404 - 2ms - Response: {"status":404,"now":1722744171841}::{"message":"User not found"}
2024-08-04 11:02:55::info::/v1/api/user/me::cb51c326-006d-4f2c-b11a-7961b8f5b353::input-params ::GET::::{}
2024-08-04 11:02:55::info::/v1/api/movement/readMovements::89cc2ecf-7de4-4679-9235-e5276992c6c7::input-params ::GET::::{}
2024-08-04 11:02:55::info::/v1/api/recommender/readPopularPosts::49f04455-5f0d-4b07-9c3b-6458631126c1::input-params ::GET::::{}
2024-08-04 11:02:55::error::/v1/api/user/me::cb51c326-006d-4f2c-b11a-7961b8f5b353::404 - 0ms - Response: {"status":404,"now":1722744175514}::{"message":"User not found"}
2024-08-04 11:02:59::info::/v1/api/user/me::cdb76c82-7448-4c8f-8a8d-62cc1990ab66::input-params ::GET::::{}
2024-08-04 11:03:00::info::/v1/api/movement/readMovements::2603e5fd-cd97-4fd1-9714-399ec06612b3::input-params ::GET::::{}
2024-08-04 11:03:00::info::/v1/api/recommender/readPopularPosts::31a2b3c2-7ac7-4740-916b-8ea7f07dcb30::input-params ::GET::::{}
2024-08-04 11:03:00::error::/v1/api/user/me::cdb76c82-7448-4c8f-8a8d-62cc1990ab66::404 - 0ms - Response: {"status":404,"now":1722744180086}::{"message":"User not found"}
2024-08-04 11:03:04::info::/v1/api/user/me::f70da76f-73c0-4edb-b25d-b6eb911f7974::input-params ::GET::::{}
2024-08-04 11:03:04::info::/v1/api/movement/readMovements::dd4db3bc-bcea-4d7b-86f5-a5b8c4b9aa13::input-params ::GET::::{}
2024-08-04 11:03:04::info::/v1/api/recommender/readPopularPosts::9a333ff4-100a-46d2-a9c7-a5db0f5f8b3b::input-params ::GET::::{}
2024-08-04 11:03:04::error::/v1/api/user/me::f70da76f-73c0-4edb-b25d-b6eb911f7974::404 - 0ms - Response: {"status":404,"now":1722744184993}::{"message":"User not found"}
2024-08-04 11:03:05::info::/v1/api/user/me::133b54b1-94cf-4ad2-9430-1c881094b667::input-params ::GET::::{}
2024-08-04 11:03:05::error::/v1/api/user/me::133b54b1-94cf-4ad2-9430-1c881094b667::404 - 0ms - Response: {"status":404,"now":1722744185423}::{"message":"User not found"}
2024-08-04 11:03:05::info::/v1/api/movement/readMovements::1fe9e018-70c2-4436-9552-8157657a4253::input-params ::GET::::{}
2024-08-04 11:03:08::info::/v1/api/auth/google::7c971131-079c-42dc-a90c-57461881b052::input-params ::GET::::{}
2024-08-04 11:03:14::info::/v1/api/auth/google/callback::50f580e0-dc07-48ba-ab32-89345869e7ca::input-params ::GET::::{"code":"4/0AcvDMrBOa9oz1i9YeH69bEzcoUKQOcNx2GY5_ksZYSTc5AsGOyc7XfUur8SRXZv_fUQvyQ","scope":"email profile openid https://www.googleapis.com/auth/userinfo.profile https://www.googleapis.com/auth/userinfo.email","authuser":"3","prompt":"consent"}
2024-08-04 11:03:15::info::/v1/api/user/me::47312be6-81ff-40b0-89df-92bb8274f1f9::input-params ::GET::::{}
2024-08-04 11:03:15::error::/v1/api/user/me::47312be6-81ff-40b0-89df-92bb8274f1f9::404 - 1ms - Response: {"status":404,"now":1722744195638}::{"message":"User not found"}
2024-08-04 11:03:15::info::/v1/api/movement/readMovements::e49fad7c-07b6-4924-8c02-7a4e99b60ec2::input-params ::GET::::{}
2024-08-04 11:03:15::info::/v1/api/recommender/readPopularPosts::81682b99-edcd-4ee6-8845-f7e0bc214aac::input-params ::GET::::{}
2024-08-04 11:03:35::info::/v1/api/user/me::2cc0988e-f237-4304-8367-bb55308136dc::input-params ::GET::::{}
2024-08-04 11:03:35::info::/v1/api/recommender/readPopularPosts::428e199c-580c-4940-a353-78424f276669::input-params ::GET::::{}
2024-08-04 11:03:35::info::/v1/api/movement/readMovements::1d552b22-c056-44af-b752-a8203b77c54f::input-params ::GET::::{}
2024-08-04 11:03:35::error::/v1/api/user/me::2cc0988e-f237-4304-8367-bb55308136dc::404 - 0ms - Response: {"status":404,"now":1722744215940}::{"message":"User not found"}
2024-08-04 11:03:56::info::/v1/api/recommender/readPopularPosts::f7a2ce53-af78-47d1-b694-54ee1fa49638::input-params ::GET::::{}
2024-08-04 11:03:56::info::/v1/api/movement/readMovements::701e27ea-4ca8-463c-852f-4e6cca16b146::input-params ::GET::::{}
2024-08-04 11:03:56::info::/v1/api/user/me::e1d4ba11-2fc1-488a-8cac-759e5801b981::input-params ::GET::::{}
2024-08-04 11:03:56::error::/v1/api/user/me::e1d4ba11-2fc1-488a-8cac-759e5801b981::404 - 1ms - Response: {"status":404,"now":1722744236128}::{"message":"User not found"}
2024-08-04 11:06:10::info::/v1/api/recommender/readPopularPosts::8d815f0a-1080-4f19-91f7-51fdd2498030::input-params ::GET::::{}
2024-08-04 11:06:10::info::/v1/api/movement/readMovements::bfffd4fa-c93e-4770-b1ee-a0b2134c7fc6::input-params ::GET::::{}
2024-08-04 11:06:10::info::/v1/api/user/me::64720d1d-5ea1-4053-ae98-da66ca454ca8::input-params ::GET::::{}
2024-08-04 11:06:10::error::/v1/api/user/me::64720d1d-5ea1-4053-ae98-da66ca454ca8::404 - 0ms - Response: {"status":404,"now":1722744370565}::{"message":"User not found"}
2024-08-04 11:06:17::info::/v1/api/movement/readMovements::87e3ba1d-f170-4a83-a0df-ed2a270edbc5::input-params ::GET::::{}
2024-08-04 11:06:17::info::/v1/api/user/me::cb5cd46f-065e-4959-91db-227f60dcffa2::input-params ::GET::::{}
2024-08-04 11:06:17::error::/v1/api/user/me::cb5cd46f-065e-4959-91db-227f60dcffa2::404 - 0ms - Response: {"status":404,"now":1722744377515}::{"message":"User not found"}
2024-08-04 11:06:17::info::/v1/api/recommender/readPopularPosts::a871a0dd-11c0-4045-8dbb-51acc4e1bdde::input-params ::GET::::{}
2024-08-04 11:06:18::info::/v1/api/user/me::c080dae4-6868-4476-8887-f7c439b8482d::input-params ::GET::::{}
2024-08-04 11:06:18::error::/v1/api/user/me::c080dae4-6868-4476-8887-f7c439b8482d::404 - 1ms - Response: {"status":404,"now":1722744378253}::{"message":"User not found"}
2024-08-04 11:06:18::info::/v1/api/movement/readMovements::db44390e-8377-492b-be8e-00d4dd16a3b4::input-params ::GET::::{}
2024-08-04 11:06:18::info::/v1/api/recommender/readPopularPosts::135e0649-89d3-4e08-974b-ce612ea250bd::input-params ::GET::::{}
2024-08-04 11:06:36::info::/v1/api/user/me::bf3dd08f-b791-4f54-9760-848a45519903::input-params ::GET::::{}
2024-08-04 11:06:36::error::/v1/api/user/me::bf3dd08f-b791-4f54-9760-848a45519903::403 - 0ms - Response: {"status":403,"now":1722744396004}::{"message":"Access token missing"}
2024-08-04 11:06:36::info::/v1/api/movement/readMovements::a8d87ad2-a5ce-4672-8e6b-44a487f6432f::input-params ::GET::::{}
2024-08-04 11:06:36::info::/v1/api/recommender/readPopularPosts::765c622f-4fac-456a-9bd6-4c31f8f6b6e1::input-params ::GET::::{}
2024-08-04 11:06:37::info::/v1/api/user/me::17301dc2-75c3-47c3-8351-f662efd1291d::input-params ::GET::::{}
2024-08-04 11:06:37::error::/v1/api/user/me::17301dc2-75c3-47c3-8351-f662efd1291d::403 - 0ms - Response: {"status":403,"now":1722744397722}::{"message":"Access token missing"}
2024-08-04 11:06:37::info::/v1/api/movement/readMovements::1487e410-0de4-42ef-8856-bf0f4dd882a4::input-params ::GET::::{}
2024-08-04 11:06:38::info::/v1/api/recommender/readPopularPosts::c13dbaa4-0338-44df-ad65-e94966be9c4d::input-params ::GET::::{}
2024-08-04 11:07:32::info::/v1/api/user/me::9988f207-3b10-49d0-8a49-0ac16e89a613::input-params ::GET::::{}
2024-08-04 11:07:32::error::/v1/api/user/me::9988f207-3b10-49d0-8a49-0ac16e89a613::403 - 0ms - Response: {"status":403,"now":1722744452678}::{"message":"Access token missing"}
2024-08-04 11:07:32::info::/v1/api/movement/readMovements::d49ac4cd-94fa-43e5-9c65-f25553c52e29::input-params ::GET::::{}
2024-08-04 11:07:32::info::/v1/api/recommender/readPopularPosts::ea31615c-5c3a-4297-aec2-717ee5bb9161::input-params ::GET::::{}
2024-08-04 11:07:34::info::/v1/api/user/me::e6155a5e-7a61-4776-b6dd-dd3664794c60::input-params ::GET::::{}
2024-08-04 11:07:34::error::/v1/api/user/me::e6155a5e-7a61-4776-b6dd-dd3664794c60::403 - 0ms - Response: {"status":403,"now":1722744454662}::{"message":"Access token missing"}
2024-08-04 11:07:34::info::/v1/api/movement/readMovements::ece1811f-6e40-4c88-989e-2082d7f68ce6::input-params ::GET::::{}
2024-08-04 11:07:34::info::/v1/api/recommender/readPopularPosts::8d202284-6459-4720-b626-f33e10f5e526::input-params ::GET::::{}
2024-08-04 11:07:40::info::/v1/api/recommender/readPopularPosts::49033701-75c2-4457-aa56-3f40938cb92c::input-params ::GET::::{}
2024-08-04 11:07:45::info::/v1/api/user/me::a094b909-b5e1-4131-b13b-fe33fd222d0b::input-params ::GET::::{}
2024-08-04 11:07:45::error::/v1/api/user/me::a094b909-b5e1-4131-b13b-fe33fd222d0b::403 - 0ms - Response: {"status":403,"now":1722744465575}::{"message":"Access token missing"}
2024-08-04 11:07:45::info::/v1/api/movement/readMovements::bc40de92-40d3-4a21-8a75-ee9b2ff19b80::input-params ::GET::::{}
2024-08-04 11:07:45::info::/v1/api/user/me::b7495f57-9ce9-4318-a3b4-c06b9794c5fc::input-params ::GET::::{}
2024-08-04 11:07:45::error::/v1/api/user/me::b7495f57-9ce9-4318-a3b4-c06b9794c5fc::403 - 0ms - Response: {"status":403,"now":1722744465836}::{"message":"Access token missing"}
2024-08-04 11:07:45::info::/v1/api/recommender/readPopularPosts::f2ea6f62-2db9-4aba-b0d9-cb55aafae6d3::input-params ::GET::::{}
2024-08-04 11:07:45::info::/v1/api/movement/readMovements::0d7510d9-1ac1-4d7b-ae27-16610a633d32::input-params ::GET::::{}
2024-08-04 11:07:45::info::/v1/api/user/me::ff976f5d-a243-4781-a6cb-aa54f9cb0764::input-params ::GET::::{}
2024-08-04 11:07:45::error::/v1/api/user/me::ff976f5d-a243-4781-a6cb-aa54f9cb0764::403 - 0ms - Response: {"status":403,"now":1722744465892}::{"message":"Access token missing"}
2024-08-04 11:07:58::info::/v1/api/user/me::f899e049-4cb0-433b-a8d7-1934c6d7aa7e::input-params ::GET::::{}
2024-08-04 11:07:58::error::/v1/api/user/me::f899e049-4cb0-433b-a8d7-1934c6d7aa7e::403 - 0ms - Response: {"status":403,"now":1722744478863}::{"message":"Access token missing"}
2024-08-04 11:07:58::info::/v1/api/movement/readMovements::b1b39e14-b422-47b5-a15c-9c6258b6c7e1::input-params ::GET::::{}
2024-08-04 11:08:02::info::/v1/api/user/me::6c96c1cf-feaf-4827-a6b8-4ac69df287b9::input-params ::GET::::{}
2024-08-04 11:08:02::error::/v1/api/user/me::6c96c1cf-feaf-4827-a6b8-4ac69df287b9::403 - 0ms - Response: {"status":403,"now":1722744482587}::{"message":"Access token missing"}
2024-08-04 11:08:02::info::/v1/api/movement/readMovements::e1936bc7-2aa0-4d6e-8b18-d2448b45b9db::input-params ::GET::::{}
2024-08-04 11:08:19::info::/v1/api/user/me::19e233e1-53e2-43de-9a8d-cca5ab68bbbd::input-params ::GET::::{}
2024-08-04 11:08:19::error::/v1/api/user/me::19e233e1-53e2-43de-9a8d-cca5ab68bbbd::403 - 0ms - Response: {"status":403,"now":1722744499780}::{"message":"Access token missing"}
2024-08-04 11:08:19::info::/v1/api/movement/readMovements::efa478a2-a602-4427-8f2f-63ddea6f0039::input-params ::GET::::{}
2024-08-04 11:08:21::info::/v1/api/user/me::b65440f2-6d6c-4dee-b5b0-b1e56b597bc7::input-params ::GET::::{}
2024-08-04 11:08:21::error::/v1/api/user/me::b65440f2-6d6c-4dee-b5b0-b1e56b597bc7::403 - 0ms - Response: {"status":403,"now":1722744501886}::{"message":"Access token missing"}
2024-08-04 11:08:21::info::/v1/api/movement/readMovements::448d4d89-bf81-4c17-b20a-3e7af09b612e::input-params ::GET::::{}
2024-08-04 11:08:26::info::/v1/api/user/me::690f36b7-f4ef-4bd6-8b25-ec65288d9ff8::input-params ::GET::::{}
2024-08-04 11:08:26::error::/v1/api/user/me::690f36b7-f4ef-4bd6-8b25-ec65288d9ff8::403 - 0ms - Response: {"status":403,"now":1722744506926}::{"message":"Access token missing"}
2024-08-04 11:08:26::info::/v1/api/movement/readMovements::13fa0838-7981-41cf-a169-e43fb52bb5a1::input-params ::GET::::{}
2024-08-04 11:08:29::info::/v1/api/auth/google::19053b69-e2f7-41bc-88df-84e2f9b597ce::input-params ::GET::::{}
2024-08-04 11:08:36::info::/v1/api/auth/google/callback::37a883fd-2bea-48c0-afa9-6d75ed5cdad2::input-params ::GET::::{"code":"4/0AcvDMrDogTjG-y1z9YNF5_6oWPagvdrhjMfScyBa0BJhXdWQRZIYzZODcPL5mSBrEQmpCQ","scope":"email profile openid https://www.googleapis.com/auth/userinfo.profile https://www.googleapis.com/auth/userinfo.email","authuser":"3","prompt":"consent"}
2024-08-04 11:08:37::info::/v1/api/user/me::a94f4abe-628b-4151-b9df-aad116bb0325::input-params ::GET::::{}
2024-08-04 11:08:37::error::/v1/api/user/me::a94f4abe-628b-4151-b9df-aad116bb0325::403 - 1ms - Response: {"status":403,"now":1722744517202}::{"message":"Access token missing"}
2024-08-04 11:08:37::info::/v1/api/movement/readMovements::29c05591-a66a-42e8-99f3-1101466018ae::input-params ::GET::::{}
2024-08-04 11:08:37::info::/v1/api/recommender/readPopularPosts::b00eb9c6-9ea9-47f2-aec6-de0793b1702e::input-params ::GET::::{}
2024-08-04 11:09:36::info::/v1/api/user/me::dee906d4-54f3-4e86-baa2-dab979c7ed93::input-params ::GET::::{}
2024-08-04 11:09:36::error::/v1/api/user/me::dee906d4-54f3-4e86-baa2-dab979c7ed93::403 - 1ms - Response: {"status":403,"now":1722744576593}::{"message":"Access token missing"}
2024-08-04 11:09:36::info::/v1/api/movement/readMovements::bc2f12d0-f855-4a12-b9b7-b0f39c72359a::input-params ::GET::::{}
2024-08-04 11:09:36::info::/v1/api/recommender/readPopularPosts::ac27ff64-dd1d-4fef-8518-c4a039e16bc0::input-params ::GET::::{}
2024-08-04 11:10:45::info::/v1/api/user/me::61837ebc-3968-4883-894a-f99d0ebd6322::input-params ::GET::::{}
2024-08-04 11:10:45::error::/v1/api/user/me::61837ebc-3968-4883-894a-f99d0ebd6322::403 - 1ms - Response: {"status":403,"now":1722744645761}::{"message":"Access token missing"}
2024-08-04 11:10:45::info::/v1/api/movement/readMovements::7cf2dc94-8d21-46ad-8f70-ea340eac9dbc::input-params ::GET::::{}
2024-08-04 11:10:45::info::/v1/api/recommender/readPopularPosts::d4892723-dcac-4106-b596-4d9c404a7aef::input-params ::GET::::{}
2024-08-04 11:10:46::info::/v1/api/user/me::3234c52d-de60-4b0e-8b5b-3ef16a434727::input-params ::GET::::{}
2024-08-04 11:10:46::error::/v1/api/user/me::3234c52d-de60-4b0e-8b5b-3ef16a434727::403 - 1ms - Response: {"status":403,"now":1722744646766}::{"message":"Access token missing"}
2024-08-04 11:10:46::info::/v1/api/movement/readMovements::b761be46-31dd-4896-a237-a5d1b2d35c7a::input-params ::GET::::{}
2024-08-04 11:10:47::info::/v1/api/recommender/readPopularPosts::8cbd630d-dedf-4b3d-b278-270044739ab3::input-params ::GET::::{}
2024-08-04 11:11:01::info::/v1/api/user/me::315e5666-e510-4af6-83e0-17961d7bdfa8::input-params ::GET::::{}
2024-08-04 11:11:01::error::/v1/api/user/me::315e5666-e510-4af6-83e0-17961d7bdfa8::403 - 0ms - Response: {"status":403,"now":1722744661699}::{"message":"Access token missing"}
2024-08-04 11:11:01::info::/v1/api/movement/readMovements::fb5a3c7d-55e3-4350-b444-69489a01ccf4::input-params ::GET::::{}
2024-08-04 11:11:01::info::/v1/api/recommender/readPopularPosts::f1ce38ab-715d-484c-b62a-8a41ecbc33f6::input-params ::GET::::{}
2024-08-04 11:11:03::info::/v1/api/user/me::6b504b94-3187-4211-9392-fce71c2b54a3::input-params ::GET::::{}
2024-08-04 11:11:03::error::/v1/api/user/me::6b504b94-3187-4211-9392-fce71c2b54a3::403 - 0ms - Response: {"status":403,"now":1722744663174}::{"message":"Access token missing"}
2024-08-04 11:11:03::info::/v1/api/movement/readMovements::b26fc7b5-d6e3-455e-974f-c888d4e33e61::input-params ::GET::::{}
2024-08-04 11:11:03::info::/v1/api/recommender/readPopularPosts::7b9107d0-96e9-4b6b-b448-db2c816b4694::input-params ::GET::::{}
2024-08-04 11:11:05::info::/v1/api/user/me::9c20a71d-1b2b-4729-823f-0e41ed372ea8::input-params ::GET::::{}
2024-08-04 11:11:05::error::/v1/api/user/me::9c20a71d-1b2b-4729-823f-0e41ed372ea8::403 - 0ms - Response: {"status":403,"now":1722744665680}::{"message":"Access token missing"}
2024-08-04 11:11:05::info::/v1/api/user/me::4bd6868e-a22e-435e-bd03-d6fced874888::input-params ::GET::::{}
2024-08-04 11:11:05::error::/v1/api/user/me::4bd6868e-a22e-435e-bd03-d6fced874888::403 - 1ms - Response: {"status":403,"now":1722744665782}::{"message":"Access token missing"}
2024-08-04 11:11:05::info::/v1/api/movement/readMovements::e03c0851-4d47-4e6c-9f7c-366b3f2b312a::input-params ::GET::::{}
2024-08-04 11:11:05::info::/v1/api/recommender/readPopularPosts::a5fbe1f0-0fe3-4b99-91b5-edf9c737fb93::input-params ::GET::::{}
2024-08-04 11:11:05::info::/v1/api/user/me::0ce4421c-3d18-4791-8a9d-64c744f09333::input-params ::GET::::{}
2024-08-04 11:11:05::error::/v1/api/user/me::0ce4421c-3d18-4791-8a9d-64c744f09333::403 - 0ms - Response: {"status":403,"now":1722744665805}::{"message":"Access token missing"}
2024-08-04 11:11:05::info::/v1/api/movement/readMovements::77a6b9fc-573e-43fa-a3c4-e5f6b7c010aa::input-params ::GET::::{}
2024-08-04 11:11:15::info::/v1/api/movement/readMovements::f9dbc292-0cdb-4524-be7d-e537e3f09ca8::input-params ::GET::::{}
2024-08-04 11:11:15::info::/v1/api/user/me::365205a1-3457-4f06-a6d2-4243b0e640f7::input-params ::GET::::{}
2024-08-04 11:11:15::error::/v1/api/user/me::365205a1-3457-4f06-a6d2-4243b0e640f7::403 - 0ms - Response: {"status":403,"now":1722744675216}::{"message":"Access token missing"}
2024-08-04 11:11:17::info::/v1/api/auth/google::2d5de760-e9aa-41fd-ae19-4ebae05dee2c::input-params ::GET::::{}
2024-08-04 11:21:10::info::/v1/api/user/me::614bcea7-255e-49f0-8205-a70e83a31bde::input-params ::GET::::{}
2024-08-04 11:21:10::error::/v1/api/user/me::614bcea7-255e-49f0-8205-a70e83a31bde::403 - 2ms - Response: {"status":403,"now":1722745270452}::{"message":"Access token missing"}
2024-08-04 11:21:10::info::/v1/api/movement/readMovements::9a6bd1a8-f1ad-460a-9dcd-2ec3b8cc977b::input-params ::GET::::{}
2024-08-04 11:21:13::info::/v1/api/user/me::7ece98f2-119f-4f07-9d55-93891ea46588::input-params ::GET::::{}
2024-08-04 11:21:13::error::/v1/api/user/me::7ece98f2-119f-4f07-9d55-93891ea46588::403 - 3ms - Response: {"status":403,"now":1722745273745}::{"message":"Access token missing"}
2024-08-04 11:21:13::info::/v1/api/movement/readMovements::a2296453-2a4d-4a0a-9c95-ac2c9a1011c4::input-params ::GET::::{}
2024-08-04 11:21:13::info::/v1/api/auth/google::3bb629eb-93f2-4703-98aa-af037707b4a5::input-params ::GET::::{}
2024-08-04 11:21:21::info::/v1/api/auth/google/callback::85dbb8e5-ae1a-4b62-ba8b-b2ef2e90a9b7::input-params ::GET::::{"code":"4/0AcvDMrDWrQdVe96EETl8yVwgx3M9iVyfWOumrpwYqSxMrS3tJKvDw8sO_MfVAYwfZbGRzw","scope":"email profile openid https://www.googleapis.com/auth/userinfo.profile https://www.googleapis.com/auth/userinfo.email","authuser":"3","prompt":"consent"}
2024-08-04 11:21:22::info::/v1/api/user/me::413e6836-9e18-4e7c-bd3e-c4f9a15709a1::input-params ::GET::::{}
2024-08-04 11:21:22::error::/v1/api/user/me::413e6836-9e18-4e7c-bd3e-c4f9a15709a1::403 - 0ms - Response: {"status":403,"now":1722745282219}::{"message":"Access token missing"}
2024-08-04 11:21:22::info::/v1/api/movement/readMovements::d191f68e-a135-4279-986a-57ff709d3b85::input-params ::GET::::{}
2024-08-04 11:21:22::info::/v1/api/recommender/readPopularPosts::4aa6c456-e047-4454-8e7a-6867470fe114::input-params ::GET::::{}
2024-08-04 11:21:41::info::/v1/api/movement/readMovements::fd1be341-33c8-4c99-ae4d-90ec9927a233::input-params ::GET::::{}
2024-08-04 11:21:41::info::/v1/api/user/me::c880393c-fa59-4d83-aaeb-38000b307061::input-params ::GET::::{}
2024-08-04 11:21:41::error::/v1/api/user/me::c880393c-fa59-4d83-aaeb-38000b307061::403 - 0ms - Response: {"status":403,"now":1722745301392}::{"message":"Access token missing"}
2024-08-04 11:21:41::info::/v1/api/recommender/readPopularPosts::a99ec574-893f-4882-b8bf-5d4a0862683c::input-params ::GET::::{}
2024-08-04 11:23:39::info::/v1/api/user/me::e5d8913f-9e26-4def-9abd-0391dfcbade5::input-params ::GET::::{}
2024-08-04 11:23:39::error::/v1/api/user/me::e5d8913f-9e26-4def-9abd-0391dfcbade5::403 - 1ms - Response: {"status":403,"now":1722745419834}::{"message":"Access token missing"}
2024-08-04 11:23:39::info::/v1/api/movement/readMovements::9c812334-0f0e-45b2-a2a9-5fdc33d9e977::input-params ::GET::::{}
2024-08-04 11:23:39::info::/v1/api/recommender/readPopularPosts::eac01d9c-a9ea-4d4c-a766-143ea9f37263::input-params ::GET::::{}
2024-08-04 11:23:42::info::/v1/api/user/me::7cc8eabe-93fc-43ef-94c1-55e5e35ade75::input-params ::GET::::{}
2024-08-04 11:23:42::error::/v1/api/user/me::7cc8eabe-93fc-43ef-94c1-55e5e35ade75::403 - 1ms - Response: {"status":403,"now":1722745422191}::{"message":"Access token missing"}
2024-08-04 11:23:42::info::/v1/api/movement/readMovements::5151a864-6419-45df-ab4a-44034ff2f77a::input-params ::GET::::{}
2024-08-04 11:23:42::info::/v1/api/recommender/readPopularPosts::b552d1e3-06bd-43f7-9234-23b8943e0f7f::input-params ::GET::::{}
2024-08-04 11:23:58::info::/v1/api/user/me::07e05274-b807-457a-9519-1adc49356813::input-params ::GET::::{}
2024-08-04 11:23:58::error::/v1/api/user/me::07e05274-b807-457a-9519-1adc49356813::403 - 0ms - Response: {"status":403,"now":1722745438753}::{"message":"Access token missing"}
2024-08-04 11:23:58::info::/v1/api/recommender/readPopularPosts::3771cd7f-cee6-4cf9-a67c-226791de9a6e::input-params ::GET::::{}
2024-08-04 11:23:58::info::/v1/api/movement/readMovements::e6e98545-0678-4941-b0c2-b3cef84007f1::input-params ::GET::::{}
2024-08-04 11:23:59::info::/v1/api/user/me::174b3bdf-f0f9-44f8-a17c-57e62c1dd101::input-params ::GET::::{}
2024-08-04 11:23:59::error::/v1/api/user/me::174b3bdf-f0f9-44f8-a17c-57e62c1dd101::403 - 1ms - Response: {"status":403,"now":1722745439589}::{"message":"Access token missing"}
2024-08-04 11:23:59::info::/v1/api/movement/readMovements::2725cf08-814b-481d-828c-fe4dbf77a408::input-params ::GET::::{}
2024-08-04 11:24:09::info::/v1/api/user/me::5445ff0e-bffb-4afb-8792-27682796ebe3::input-params ::GET::::{}
2024-08-04 11:24:09::error::/v1/api/user/me::5445ff0e-bffb-4afb-8792-27682796ebe3::403 - 0ms - Response: {"status":403,"now":1722745449535}::{"message":"Access token missing"}
2024-08-04 11:24:09::info::/v1/api/movement/readMovements::c3ce2be2-38ee-4b2a-a519-fa059f7c6b57::input-params ::GET::::{}
2024-08-04 11:24:14::info::/v1/api/user/me::3ac877f4-196c-4fbf-881f-56a8406f6709::input-params ::GET::::{}
2024-08-04 11:24:14::error::/v1/api/user/me::3ac877f4-196c-4fbf-881f-56a8406f6709::403 - 1ms - Response: {"status":403,"now":1722745454970}::{"message":"Access token missing"}
2024-08-04 11:24:14::info::/v1/api/movement/readMovements::50c663ed-ee20-4839-b55c-830b1262cade::input-params ::GET::::{}
2024-08-04 11:24:51::info::/v1/api/user/me::218fedd0-6a8a-4463-ac0c-fd828b3e15b2::input-params ::GET::::{}
2024-08-04 11:24:51::error::/v1/api/user/me::218fedd0-6a8a-4463-ac0c-fd828b3e15b2::403 - 1ms - Response: {"status":403,"now":1722745491411}::{"message":"Access token missing"}
2024-08-04 11:24:51::info::/v1/api/movement/readMovements::e4545ffd-9778-4878-9c1c-d3d644ad8357::input-params ::GET::::{}
2024-08-04 11:24:52::info::/v1/api/user/me::82fbd1f2-2a97-4abb-8de2-f7dea237ad31::input-params ::GET::::{}
2024-08-04 11:24:52::error::/v1/api/user/me::82fbd1f2-2a97-4abb-8de2-f7dea237ad31::403 - 0ms - Response: {"status":403,"now":1722745492746}::{"message":"Access token missing"}
2024-08-04 11:24:52::info::/v1/api/movement/readMovements::32d3c440-cd5a-4fbe-b4d8-e3ca0a66c2db::input-params ::GET::::{}
2024-08-04 11:24:55::info::/v1/api/user/me::85dbcde9-498e-4822-ae87-b52e1445c283::input-params ::GET::::{}
2024-08-04 11:24:55::error::/v1/api/user/me::85dbcde9-498e-4822-ae87-b52e1445c283::403 - 0ms - Response: {"status":403,"now":1722745495032}::{"message":"Access token missing"}
2024-08-04 11:24:55::info::/v1/api/movement/readMovements::a535bf01-3304-4702-910a-decf87147f6e::input-params ::GET::::{}
2024-08-04 11:25:11::info::/v1/api/user/me::c76ca240-cb56-48a5-8ec3-53bea9da4ba8::input-params ::GET::::{}
2024-08-04 11:25:11::error::/v1/api/user/me::c76ca240-cb56-48a5-8ec3-53bea9da4ba8::403 - 1ms - Response: {"status":403,"now":1722745511993}::{"message":"Access token missing"}
2024-08-04 11:25:12::info::/v1/api/movement/readMovements::770cc4f1-8afd-4939-beca-f04d6105f86b::input-params ::GET::::{}
2024-08-04 11:25:12::info::/v1/api/auth/google::972c4ba9-0ac6-4557-948b-286b214eaa1c::input-params ::GET::::{}
2024-08-04 11:25:18::info::/v1/api/auth/google/callback::3746c9af-25a8-47ef-a6fc-b5182dd797cb::input-params ::GET::::{"code":"4/0AcvDMrCq0HnHJb-lMcBlYrEmHqwznhQVzdrF9EOqTRqXdLqGkFy6NkJY0DwAt1_3XY99Lw","scope":"email profile openid https://www.googleapis.com/auth/userinfo.profile https://www.googleapis.com/auth/userinfo.email","authuser":"3","prompt":"consent"}
2024-08-04 11:25:19::info::/v1/api/user/me::1ee23cc9-ccf5-4e2e-9c36-a661eb268980::input-params ::GET::::{}
2024-08-04 11:25:19::error::/v1/api/user/me::1ee23cc9-ccf5-4e2e-9c36-a661eb268980::403 - 1ms - Response: {"status":403,"now":1722745519161}::{"message":"Access token missing"}
2024-08-04 11:25:19::info::/v1/api/movement/readMovements::46d8614d-8b98-4473-81fd-0ab758d5ecdd::input-params ::GET::::{}
2024-08-04 11:25:19::info::/v1/api/recommender/readPopularPosts::0dce24de-8cba-41a5-8220-0463851c8528::input-params ::GET::::{}
2024-08-04 11:25:25::info::/v1/api/user/me::7cae1b01-fd36-40c5-8cdb-53bb7491ac53::input-params ::GET::::{}
2024-08-04 11:25:25::error::/v1/api/user/me::7cae1b01-fd36-40c5-8cdb-53bb7491ac53::403 - 1ms - Response: {"status":403,"now":1722745525449}::{"message":"Access token missing"}
2024-08-04 11:25:25::info::/v1/api/movement/readMovements::79bdb769-d872-4a01-a3f6-7bc48f35f1b0::input-params ::GET::::{}
2024-08-04 11:25:25::info::/v1/api/recommender/readPopularPosts::1edabad8-3117-4cc3-bc5f-b11a28d65b99::input-params ::GET::::{}
2024-08-04 11:28:02::info::/v1/api/user/me::44142eb3-3f3e-4b4d-8913-e1bedc64c425::input-params ::GET::::{}
2024-08-04 11:28:02::error::/v1/api/user/me::44142eb3-3f3e-4b4d-8913-e1bedc64c425::403 - 2ms - Response: {"status":403,"now":1722745682464}::{"message":"Access token missing"}
2024-08-04 11:28:02::info::/v1/api/movement/readMovements::721cd253-7acd-4d75-9ad2-990c7db055fa::input-params ::GET::::{}
2024-08-04 11:28:02::info::/v1/api/recommender/readPopularPosts::cc08809f-3592-424d-b932-8105abb037c7::input-params ::GET::::{}
2024-08-04 11:28:38::info::/v1/api/user/me::de08b55a-fdaf-4e44-80f4-b016d9dc7e30::input-params ::GET::::{}
2024-08-04 11:28:38::error::/v1/api/user/me::de08b55a-fdaf-4e44-80f4-b016d9dc7e30::403 - 3ms - Response: {"status":403,"now":1722745718723}::{"message":"Access token missing"}
2024-08-04 11:28:38::info::/v1/api/movement/readMovements::0f90a1ed-0bfb-4ecd-a76d-5957480791f7::input-params ::GET::::{}
2024-08-04 11:28:38::info::/v1/api/recommender/readPopularPosts::c9f29c99-7241-433f-ab39-6992f5848f3a::input-params ::GET::::{}
2024-08-04 11:28:51::info::/v1/api/user/me::fd711e20-4fa3-4c57-a1ea-2ebd272f85d9::input-params ::GET::::{}
2024-08-04 11:28:51::error::/v1/api/user/me::fd711e20-4fa3-4c57-a1ea-2ebd272f85d9::403 - 0ms - Response: {"status":403,"now":1722745731754}::{"message":"Access token missing"}
2024-08-04 11:28:51::info::/v1/api/movement/readMovements::bc420408-7468-4a57-97e3-526a80e85480::input-params ::GET::::{}
2024-08-04 11:28:51::info::/v1/api/recommender/readPopularPosts::3f8c1e89-de23-4475-9b4d-20a6948e82fe::input-params ::GET::::{}
2024-08-04 11:28:52::info::/v1/api/user/me::7c879d3c-0618-4064-b724-74a55c3f359e::input-params ::GET::::{}
2024-08-04 11:28:52::error::/v1/api/user/me::7c879d3c-0618-4064-b724-74a55c3f359e::403 - 0ms - Response: {"status":403,"now":1722745732158}::{"message":"Access token missing"}
2024-08-04 11:28:52::info::/v1/api/movement/readMovements::316977a5-9735-4a0b-8d54-1969da41ef25::input-params ::GET::::{}
2024-08-04 11:28:57::info::/v1/api/user/me::c871913c-d321-472c-845c-cded58d73694::input-params ::GET::::{}
2024-08-04 11:28:57::error::/v1/api/user/me::c871913c-d321-472c-845c-cded58d73694::403 - 1ms - Response: {"status":403,"now":1722745737750}::{"message":"Access token missing"}
2024-08-04 11:28:57::info::/v1/api/movement/readMovements::03c6af12-6aa5-45c6-a14e-b7ff6296a7c2::input-params ::GET::::{}
2024-08-04 11:29:03::info::/v1/api/auth/google::57637b9c-62d3-4164-b3c8-b11d7f6754ee::input-params ::GET::::{}
2024-08-04 11:29:15::info::/v1/api/auth/google/callback::749f1c08-531c-43a1-8b19-d6c4aef53bec::input-params ::GET::::{"code":"4/0AcvDMrA3TkSvVS2VOJ3Fei6YpPV8Q8m73SlS--e6-OQECKTxXJ_RDcby-Ma6XL68jbvdKA","scope":"email profile openid https://www.googleapis.com/auth/userinfo.profile https://www.googleapis.com/auth/userinfo.email","authuser":"3","prompt":"consent"}
2024-08-04 11:29:16::info::/v1/api/user/me::272b0aec-7cd6-4c9a-a005-632b203e8a31::input-params ::GET::::{}
2024-08-04 11:29:16::error::/v1/api/user/me::272b0aec-7cd6-4c9a-a005-632b203e8a31::403 - 0ms - Response: {"status":403,"now":1722745756357}::{"message":"Access token missing"}
2024-08-04 11:29:16::info::/v1/api/movement/readMovements::bf5c1205-2029-4b40-acda-40e390a4cc83::input-params ::GET::::{}
2024-08-04 11:29:16::info::/v1/api/recommender/readPopularPosts::0e414746-fed8-492f-92b7-2f881351aac6::input-params ::GET::::{}
2024-08-04 11:29:35::info::/v1/api/user/me::570665f3-50c4-4908-9867-4161c48eb9ce::input-params ::GET::::{}
2024-08-04 11:29:35::error::/v1/api/user/me::570665f3-50c4-4908-9867-4161c48eb9ce::403 - 0ms - Response: {"status":403,"now":1722745775908}::{"message":"Access token missing"}
2024-08-04 11:29:35::info::/v1/api/movement/readMovements::52734bc3-d315-445c-9b2b-b6dc64a9c052::input-params ::GET::::{}
2024-08-04 11:29:35::info::/v1/api/recommender/readPopularPosts::3b92f800-957b-47fc-b33a-4c80d73daee5::input-params ::GET::::{}
2024-08-04 11:32:00::info::/v1/api/user/me::dbfb26c0-bfa8-4b66-9078-ce99577a5dd9::input-params ::GET::::{}
2024-08-04 11:32:00::error::/v1/api/user/me::dbfb26c0-bfa8-4b66-9078-ce99577a5dd9::403 - 7ms - Response: {"status":403,"now":1722745920820}::{"message":"Access token missing"}
2024-08-04 11:32:00::info::/v1/api/movement/readMovements::a8296a2f-4124-42d4-98a9-6d3930ee2fdc::input-params ::GET::::{}
2024-08-04 11:32:00::info::/v1/api/recommender/readPopularPosts::80b72216-2f1c-422b-9bc1-7ece620350f0::input-params ::GET::::{}
2024-08-04 11:32:44::info::/v1/api/user/me::0907e0f7-8fe0-4ef8-87b7-8191472858a3::input-params ::GET::::{}
2024-08-04 11:32:44::error::/v1/api/user/me::0907e0f7-8fe0-4ef8-87b7-8191472858a3::403 - 1ms - Response: {"status":403,"now":1722745964877}::{"message":"Access token missing"}
2024-08-04 11:32:44::info::/v1/api/recommender/readPopularPosts::b29f5f3f-e54e-4ce2-b29e-405ef43e19d7::input-params ::GET::::{}
2024-08-04 11:32:44::info::/v1/api/movement/readMovements::46d053bc-54f8-4517-abb1-5e591ffdcdc7::input-params ::GET::::{}
2024-08-04 11:32:47::info::/v1/api/user/me::d4daea9b-f98f-4276-a3f1-0128f70edf6d::input-params ::GET::::{}
2024-08-04 11:32:47::error::/v1/api/user/me::d4daea9b-f98f-4276-a3f1-0128f70edf6d::403 - 1ms - Response: {"status":403,"now":1722745967807}::{"message":"Access token missing"}
2024-08-04 11:32:47::info::/v1/api/movement/readMovements::58cf339c-dae9-4650-a810-09974d1b74c3::input-params ::GET::::{}
2024-08-04 11:32:47::info::/v1/api/recommender/readPopularPosts::c7925c24-8614-46c4-a23a-84e288a646dd::input-params ::GET::::{}
2024-08-04 11:32:53::info::/v1/api/user/me::8b96272f-2ac0-4752-9e27-bae51bc62a35::input-params ::GET::::{}
2024-08-04 11:32:53::error::/v1/api/user/me::8b96272f-2ac0-4752-9e27-bae51bc62a35::403 - 0ms - Response: {"status":403,"now":1722745973271}::{"message":"Access token missing"}
2024-08-04 11:32:53::info::/v1/api/movement/readMovements::917b561b-76f8-4eb8-9774-187df4d44f4c::input-params ::GET::::{}
2024-08-04 11:32:53::info::/v1/api/recommender/readPopularPosts::49245ba7-7281-4512-834a-0e3f3b88ad84::input-params ::GET::::{}
2024-08-04 11:32:56::info::/v1/api/user/me::9b8c6b09-adfb-4bb5-9f13-bdab71fd350d::input-params ::GET::::{}
2024-08-04 11:32:56::error::/v1/api/user/me::9b8c6b09-adfb-4bb5-9f13-bdab71fd350d::403 - 0ms - Response: {"status":403,"now":1722745976633}::{"message":"Access token missing"}
2024-08-04 11:32:56::info::/v1/api/user/me::de947892-ed76-44ad-800b-f7770d613e2a::input-params ::GET::::{}
2024-08-04 11:32:56::error::/v1/api/user/me::de947892-ed76-44ad-800b-f7770d613e2a::403 - 0ms - Response: {"status":403,"now":1722745976732}::{"message":"Access token missing"}
2024-08-04 11:32:56::info::/v1/api/movement/readMovements::3f08579d-4668-48b3-81a3-b4b62e931905::input-params ::GET::::{}
2024-08-04 11:32:56::info::/v1/api/recommender/readPopularPosts::92041400-8cb3-42f3-96ab-9e3c44c8c2f2::input-params ::GET::::{}
2024-08-04 11:32:56::info::/v1/api/user/me::c2c56071-6762-4aee-9433-3df101e71245::input-params ::GET::::{}
2024-08-04 11:32:56::error::/v1/api/user/me::c2c56071-6762-4aee-9433-3df101e71245::403 - 0ms - Response: {"status":403,"now":1722745976760}::{"message":"Access token missing"}
2024-08-04 11:32:56::info::/v1/api/movement/readMovements::035d1ba2-75e9-47c1-b07f-bfbfc25631e7::input-params ::GET::::{}
2024-08-04 11:32:58::info::/v1/api/user/me::85e2cf0b-0b38-42aa-a057-3a8a915a6791::input-params ::GET::::{}
2024-08-04 11:32:58::error::/v1/api/user/me::85e2cf0b-0b38-42aa-a057-3a8a915a6791::403 - 0ms - Response: {"status":403,"now":1722745978467}::{"message":"Access token missing"}
2024-08-04 11:32:58::info::/v1/api/movement/readMovements::c5b9b386-6801-4464-bf3d-714b6b0a1401::input-params ::GET::::{}
2024-08-04 11:32:59::info::/v1/api/auth/google::58fb73e4-a086-4895-a692-5e6e8dd6a51c::input-params ::GET::::{}
2024-08-04 11:33:05::info::/v1/api/auth/google/callback::e26f67dc-1065-42f6-a939-485c9231a330::input-params ::GET::::{"code":"4/0AcvDMrBTZdWH_lIMo57KXm8MQGnkLhkQj0WBdtPx71ClkSYzqgR0jVR4L0XKBZaRHlJisw","scope":"email profile openid https://www.googleapis.com/auth/userinfo.profile https://www.googleapis.com/auth/userinfo.email","authuser":"3","prompt":"consent"}
2024-08-04 11:33:06::info::/v1/api/user/me::09fe4f2d-b050-430b-aff9-467791575176::input-params ::GET::::{}
2024-08-04 11:33:06::info::/v1/api/movement/readMovements::10f5e35b-4458-441e-b4f7-aeab8eb8d8db::input-params ::GET::::{}
2024-08-04 11:33:06::info::/v1/api/recommender/readPopularPosts::a84e51f9-9c31-452d-b54d-25f281dcc9b2::input-params ::GET::::{}
2024-08-04 11:34:13::info::/v1/api/movement/readMovements::0b787dfe-7a4e-4cde-9a3e-2c457ae56137::input-params ::GET::::{}
2024-08-04 11:34:13::info::/v1/api/recommender/readPopularPosts::2ea342ba-f65c-49ff-89f7-d5879ecf78dd::input-params ::GET::::{}
2024-08-04 11:34:14::info::/v1/api/recommender/readPopularPosts::57973ff3-936c-4aaa-8bcf-cc4d5cc75377::input-params ::GET::::{}
2024-08-04 11:34:14::info::/v1/api/movement/readMovements::485972ab-bacc-456a-8f1e-00c257dd363d::input-params ::GET::::{}
2024-08-04 11:34:15::info::/v1/api/movement/readMovements::059434cc-4078-4ff3-bd3e-09de16fbed74::input-params ::GET::::{}
2024-08-04 11:34:27::info::/v1/api/movement/readMovements::df484fb3-48cd-4356-85d3-88bb4132ed4c::input-params ::GET::::{}
2024-08-04 11:34:27::info::/v1/api/recommender/readPopularPosts::0f3f5985-510b-465c-930d-32aaaba764ad::input-params ::GET::::{}
2024-08-04 11:36:03::info::/v1/api/movement/readMovements::964e7882-69c4-4fe3-a19d-db23c1215482::input-params ::GET::::{}
2024-08-04 11:36:03::info::/v1/api/recommender/readPopularPosts::47e57bf5-6f28-4cc7-8d2c-fc38a74636e8::input-params ::GET::::{}
2024-08-04 11:36:12::info::/v1/api/movement/readMovements::b7379590-ae3d-476c-8f5d-d5c43d8eaf2b::input-params ::GET::::{}
2024-08-04 11:36:12::info::/v1/api/recommender/readPopularPosts::6e021d47-ab21-4704-8e27-87477fa2e83d::input-params ::GET::::{}
2024-08-04 11:37:27::info::/v1/api/movement/readMovements::1c26bca5-1804-42d6-9b98-2e9add0a8bdc::input-params ::GET::::{}
2024-08-04 11:37:27::info::/v1/api/recommender/readPopularPosts::ec72772b-d1ed-48ae-8280-2c06f6d376b9::input-params ::GET::::{}
2024-08-04 11:37:48::info::/v1/api/movement/readMovements::b5a642f9-60e5-4d48-bda2-4da81870a116::input-params ::GET::::{}
2024-08-04 11:37:48::info::/v1/api/recommender/readPopularPosts::b90f698d-929b-4ba9-82b9-981d59ab0f2b::input-params ::GET::::{}
2024-08-04 11:38:08::info::/v1/api/movement/readMovements::afb4934b-09db-418b-810a-fc658d7f081f::input-params ::GET::::{}
2024-08-04 11:38:08::info::/v1/api/recommender/readPopularPosts::8daf7108-8024-4cf4-99d3-fc19cbb06d32::input-params ::GET::::{}
2024-08-04 11:38:56::info::/v1/api/recommender/readPopularPosts::68dbcf82-3cb9-4992-ae91-de1c3100152f::input-params ::GET::::{}
2024-08-04 11:38:56::info::/v1/api/movement/readMovements::97407e2e-85d0-4933-b739-90946690bf06::input-params ::GET::::{}
2024-08-04 11:41:36::info::/v1/api/recommender/readPopularPosts::ac149795-7480-4480-b42a-7c84e51787ed::input-params ::GET::::{}
2024-08-04 11:41:36::info::/v1/api/movement/readMovements::59a7fccc-0996-4133-8e05-45225e893af9::input-params ::GET::::{}
2024-08-04 11:43:01::info::/v1/api/movement/readMovements::903c9720-baf4-4252-b82b-2e80e69d349c::input-params ::GET::::{}
2024-08-04 11:43:01::info::/v1/api/recommender/readPopularPosts::e507b3dc-6c96-4cb6-bc53-3cf2cae6eabe::input-params ::GET::::{}
2024-08-04 11:43:39::info::/v1/api/movement/readMovements::eb9c04a2-2169-40a3-9617-7fa5bb0e2d12::input-params ::GET::::{}
2024-08-04 11:43:39::info::/v1/api/recommender/readPopularPosts::bfe19ec3-be38-4e69-98bf-43042ab394c6::input-params ::GET::::{}
2024-08-04 11:44:57::info::/v1/api/movement/readMovements::fa1b986d-810f-45e1-b40f-ad2632ab5816::input-params ::GET::::{}
2024-08-04 11:44:57::info::/v1/api/recommender/readPopularPosts::34a4ea97-87bc-408c-bbda-e401af770ebf::input-params ::GET::::{}
2024-08-04 11:44:58::info::/v1/api/user/readUserProfile/66af04819f8db1eee968177b::25434a67-c39b-4fae-875b-a436a45d51cf::input-params ::GET::::{}
2024-08-04 11:44:59::info::/v1/api/order/readMemberOrderHistory::437e80ad-84a7-4e3b-b8be-55924abd9ac9::input-params ::GET::::{}
2024-08-04 11:45:11::info::/v1/api/user/updateUserProfile/66af04819f8db1eee968177b::af6cd271-7ad8-4927-8329-f8a4cf7c07db::input-params ::PATCH::::{"profileStatus":{"icon":"","title":"","expireAt":null},"_id":"66af04819f8db1eee968177b","googleId":"113911588798152903412","stageName":"","fullName":"Trinh tuan Duy","email":"trinhtuanduy480@gmail.com","role":"member","jobTitle":"","avatar":"/uploads/pastal_system_default_avatar.png","bg":"/uploads/pastal_system_default_background.png","address":"406 Le Loi Quang Ngai","country":"Vietnam","pronoun":"","dob":null,"socialLinks":[],"views":1,"postBookmarks":[],"status":"pending","followers":[],"following":[],"accessToken":"eyJhbGciOiJIUzI1NiIsInR5cCI6IkpXVCJ9.eyJpZCI6IjY2YWYwNDgxOWY4ZGIxZWVlOTY4MTc3YiIsImVtYWlsIjoidHJpbmh0dWFuZHV5NDgwQGdtYWlsLmNvbSIsImlhdCI6MTcyMjc0NTk4NSwiZXhwIjoxNzI1MzM3OTg1fQ.xyr9gEosMAbKkixbVzCCaIbdGbtxf-tAlhjO3xnBPQw","timeZone":"","badge":[],"lastViewConversations":"2024-08-04T04:33:05.912Z","lastViewNotifications":"2024-08-04T04:33:05.912Z","createdAt":"2024-08-04T04:33:05.919Z","updatedAt":"2024-08-04T04:44:59.239Z","__v":0,"bio":"Heef lu"}
2024-08-04 11:45:16::info::/v1/api/movement/readMovements::4d381783-f8d6-445d-ab98-003cda03f549::input-params ::GET::::{}
2024-08-04 11:45:16::info::/v1/api/user/readUserProfile/66af04819f8db1eee968177b::41625043-676f-48ce-a061-a11f966241ad::input-params ::GET::::{}
2024-08-04 11:45:16::info::/v1/api/order/readMemberOrderHistory::f11074b9-2ee6-4269-a1e1-cdfda6392f3f::input-params ::GET::::{}
2024-08-04 11:45:16::info::/v1/api/upload/profile/avatarOrCover/66af04819f8db1eee968177b::a03bf057-43f5-4364-a8f9-2fb28bf0bae3::input-params ::POST::::{}
2024-08-04 11:45:19::info::/v1/api/movement/readMovements::aa09ba36-ca34-4069-ad9d-40e33902a4ec::input-params ::GET::::{}
2024-08-04 11:45:19::info::/v1/api/user/readUserProfile/66af04819f8db1eee968177b::b07409c5-12b2-46d3-82df-3bbeff4be61a::input-params ::GET::::{}
2024-08-04 11:45:19::info::/v1/api/order/readMemberOrderHistory::6b8379ec-f44f-44e0-b96d-98474153cbb2::input-params ::GET::::{}
2024-08-04 11:45:19::info::/v1/api/upload/profile/avatarOrCover/66af04819f8db1eee968177b::c5309080-1e3f-441a-9266-019552ee8db8::input-params ::POST::::{}
2024-08-04 11:45:23::info::/v1/api/order/readMemberOrderHistory::eb43f02a-105f-4317-a83d-388587a506ee::input-params ::GET::::{}
2024-08-04 11:45:30::info::/v1/api/movement/readMovements::5c24a352-90bc-492d-8547-18163375866b::input-params ::GET::::{}
2024-08-04 11:45:30::info::/v1/api/user/readUserProfile/66af04819f8db1eee968177b::33880a8d-3472-48d1-99f1-1ce517081ee6::input-params ::GET::::{}
2024-08-04 11:45:30::info::/v1/api/order/readMemberOrderHistory::a4891aee-3dda-458c-8292-ec8c67b786d2::input-params ::GET::::{}
2024-08-04 11:45:31::info::/v1/api/movement/readMovements::12d40ae4-eb41-4806-95c3-31139dcd97aa::input-params ::GET::::{}
2024-08-04 11:45:31::info::/v1/api/user/readUserProfile/66af04819f8db1eee968177b::00106442-be41-44d8-a46b-8b140a512077::input-params ::GET::::{}
2024-08-04 11:45:31::info::/v1/api/order/readMemberOrderHistory::76352fc5-891e-4dc6-a632-dbff7d1a2306::input-params ::GET::::{}
