2024-10-11 08:30:40::info::/v1/api/auth/users/login::ff436bca-9e89-4924-b86f-d4c6d80c2680::input-params ::POST::::{"email":"phapluu2k5tqt@gmail.com","password":"PhapNhat987AZ@"}
2024-10-11 08:31:44::info::/v1/api/user/readUserProfile/66a5a6a373370474cf4eae1d::ed7f0f6b-caec-43ef-8e64-027a6547a098::input-params ::GET::::{}
2024-10-11 08:31:59::info::/v1/api/user/readUserProfile/66a5a6a373370474cf4eae1d::a138f0d8-739d-4e82-8970-4b473b07c3b8::input-params ::GET::::{}
2024-10-11 08:32:00::info::/v1/api/user/readUserProfile/66a5a6a373370474cf4eae1d::f3a2fd16-b978-4cdc-ae4e-3088c83512b5::input-params ::GET::::{}
2024-10-11 08:32:07::info::/v1/api/auth/users/login::495cd065-4bcc-4a06-a808-f7f199e94830::input-params ::POST::::{"email":"phapluu9ithd@gmail.com","password":"PhapNhat987AZ@"}
2024-10-11 08:32:11::info::/v1/api/user/readUserProfile/66a5a6a373370474cf4eae1d::c053ac6d-8dc5-4a8b-a322-512bb111ca06::input-params ::GET::::{}
2024-10-11 08:32:33::info::/v1/api/user/readUserProfile/66a5a6a373370474cf4eae1d::e502f9d5-c32d-470a-9dc3-bb60bc81c527::input-params ::GET::::{}
2024-10-11 08:32:45::info::/v1/api/auth/users/login::a598c380-ab7e-47dd-8c89-e067029eded1::input-params ::POST::::{"email":"phapluu2k5tqt@gmail.com","password":"PhapNhat987AZ@"}
2024-10-11 08:33:02::info::/v1/api/commissionService/readCommissionService/667c18113bf313a148ba35c4::11a42fd4-9947-4668-83c1-2fbb1e02b128::input-params ::GET::::{}
2024-10-11 08:33:02::error::/v1/api/commissionService/readCommissionService/667c18113bf313a148ba35c4::11a42fd4-9947-4668-83c1-2fbb1e02b128::404 - 2ms - Response: {"status":404,"now":1728610382648}::{"message":"Không tìm thấy dịch vụ"}
2024-10-11 08:33:06::info::/v1/api/commissionService/readCommissionService/66742d4af3390f5f176aea6c::e84c9ff8-98e7-474d-b562-3943047e044e::input-params ::GET::::{}
2024-10-11 08:33:06::error::/v1/api/commissionService/readCommissionService/66742d4af3390f5f176aea6c::e84c9ff8-98e7-474d-b562-3943047e044e::404 - 3ms - Response: {"status":404,"now":1728610386112}::{"message":"Không tìm thấy dịch vụ"}
2024-10-11 08:34:17::info::/v1/api/commissionService/readCommissionService/66a5c91bdea404a988c9198e::76a536fe-28bb-439c-bf60-0a240ab08367::input-params ::GET::::{}
2024-10-11 08:34:38::info::/v1/api/user/readUserProfile/66a5a6a373370474cf4eae1d::8762e887-5200-45bd-a87c-9f7a70d67dfa::input-params ::GET::::{}
2024-10-11 08:34:46::info::/v1/api/auth/users/login::84bca483-14e1-4260-9bde-00d2947819dd::input-params ::POST::::{"email":"phapluu2k5tqt@gmail.com","password":"PhapNhat987AZ@"}
2024-10-11 08:36:10::info::/v1/api/auth/users/login::34e7163f-ab3a-4908-9ba7-628c154a35be::input-params ::POST::::{"email":"phapluu2k5tqt@gmail.com","password":"PhapNhat987AZ@"}
2024-10-11 08:36:25::info::/v1/api/user/readUserProfile/66a5a6a373370474cf4eae1d::dfaa2fb1-8e88-4c41-a3c7-22a32934f829::input-params ::GET::::{}
2024-10-11 08:36:34::info::/v1/api/commissionService/readCommissionService/66a5c91bdea404a988c9198e::a794a16a-adf8-43ad-9732-490cf5f07ffc::input-params ::GET::::{}
2024-10-11 08:36:41::info::/v1/api/user/readUserProfile/66a5a6a373370474cf4eae1d::31d6790f-b9d1-44f2-80e7-e71abb323047::input-params ::GET::::{}
2024-10-11 08:38:17::info::/v1/api/commissionService/readCommissionService/66a5c91bdea404a988c9198e::3849bfb2-af6c-40bc-a317-9f73ecc0b24c::input-params ::GET::::{}
2024-10-11 08:39:18::info::/v1/api/commissionService/readCommissionService/66a5c91bdea404a988c9198e::85770525-c454-4222-bcf2-b99948782868::input-params ::GET::::{}
2024-10-11 08:39:27::info::/v1/api/user/readUserProfile/66a5a6a373370474cf4eae1d::e5de8f4b-0db1-487a-86ef-7a9c088633a3::input-params ::GET::::{}
2024-10-11 08:39:32::info::/v1/api/commissionService/readCommissionService/66a5c91bdea404a988c9198e::c3d6c3f7-9d8b-4ae3-9e86-8eb968e62439::input-params ::GET::::{}
2024-10-11 08:39:36::info::/v1/api/user/readUserProfile/66a5a6a373370474cf4eae1d::5180b0ba-d769-4d0b-8164-7c2e5faf9512::input-params ::GET::::{}
2024-10-11 08:40:41::info::/v1/api/post/readPost/66a5a95f73370474cf4eb0d1::92580cc3-2aec-4295-bbb4-4fd4cde48970::input-params ::GET::::{}
2024-10-11 08:40:45::info::/v1/api/user/readUserProfile/66a5a6a373370474cf4eae1d::c2cd50c3-cf7a-4985-8028-69880f509009::input-params ::GET::::{}
2024-10-11 08:41:02::info::/v1/api/auth/users/login::1665518e-9fac-452f-a713-ff14176aeab7::input-params ::POST::::{"email":"phapluu9ithd@gmail.com","password":"PhapNhat987AZ@"}
2024-10-11 08:41:08::info::/v1/api/post/readPost/66a5a95f73370474cf4eb0d1::196e30f6-e257-42d9-a167-3f20e8d0cfaf::input-params ::GET::::{}
2024-10-11 08:41:14::info::/v1/api/user/readUserProfile/66a5a6a373370474cf4eae1d::6812210f-cfd7-47f4-b4e0-55c8cb7ed7cd::input-params ::GET::::{}
2024-10-11 08:41:26::info::/v1/api/user/readUserProfile/66a5a6a373370474cf4eae1d::e57a8d15-dafa-4b50-adc6-68ac16573b1f::input-params ::GET::::{}
2024-10-11 08:42:18::info::/v1/api/post/readPost/66a5a95f73370474cf4eb0d1::ab7efee2-1c3b-46b6-b95b-dcffca4100ac::input-params ::GET::::{}
2024-10-11 08:42:54::info::/v1/api/post/readPost/66a5a95f73370474cf4eb0d1::e860f288-2017-41e2-9fbf-74b5a4fcf5da::input-params ::GET::::{}
2024-10-11 08:48:29::info::/v1/api/post/readPost/66a5a95f73370474cf4eb0d1::d38d4291-a383-409d-b557-4ef935474cd1::input-params ::GET::::{}
2024-10-11 08:48:36::info::/v1/api/post/readPost/66a5a95f73370474cf4eb0d1::10727c22-9c23-4049-864f-25f103cc4a22::input-params ::GET::::{}
2024-10-11 08:48:45::info::/v1/api/user/readUserProfile/66a5a6a373370474cf4eae1d::9b305097-0a08-4986-813b-825d25e26540::input-params ::GET::::{}
2024-10-11 08:48:54::info::/v1/api/post/readPost/66a5a95f73370474cf4eb0d1::f21531ff-d1b6-4b01-9d63-b38790f6ee1a::input-params ::GET::::{}
2024-10-11 08:49:03::info::/v1/api/auth/users/login::dc3a4fce-0069-4e0e-97e2-7833e278d21f::input-params ::POST::::{"email":"phapluu2k5tqt@gmail.com","password":"PhapNhat987AZ@"}
2024-10-11 08:49:16::info::/v1/api/post/readPost/66a5a95f73370474cf4eb0d1::b42c6019-6121-445b-8490-de1e196539ae::input-params ::GET::::{}
2024-10-11 08:49:26::info::/v1/api/user/readUserProfile/66a5a6a373370474cf4eae1d::b58da40e-d8d2-46f2-866e-34c6b0474d4a::input-params ::GET::::{}
2024-10-11 08:49:34::info::/v1/api/commissionService/readCommissionService/66a5c91bdea404a988c9198e::fc4200a7-f72b-4c25-8e30-1816108e4233::input-params ::GET::::{}
2024-10-11 08:49:40::info::/v1/api/post/readPost/66a5a95f73370474cf4eb0d1::74bc21d1-8701-473e-a5fa-37b5ff7b0032::input-params ::GET::::{}
2024-10-11 08:49:42::info::/v1/api/commissionService/readCommissionService/66a5c91bdea404a988c9198e::93cdaf8e-d0c9-40bd-bf1e-8682013e51c6::input-params ::GET::::{}
2024-10-11 08:49:44::info::/v1/api/user/readUserProfile/66a5a6a373370474cf4eae1d::42e7ae5b-1638-4c67-a868-1846ed6e3727::input-params ::GET::::{}
2024-10-11 08:49:58::info::/v1/api/auth/users/login::2ae91ee0-a9d3-4e05-8a07-d6e5915d7c5d::input-params ::POST::::{"email":"phapluu9ithd@gmail.com","password":"PhapNhat987AZ@"}
2024-10-11 08:50:01::info::/v1/api/post/readPost/66a5a95f73370474cf4eb0d1::0d42129e-2e1f-4c02-94d5-e7b3035ce190::input-params ::GET::::{}
2024-10-11 08:50:12::info::/v1/api/auth/users/login::790176ff-f8ca-46ac-940d-90e48825bfe9::input-params ::POST::::{"email":"phapluu2k5tqt@gmail.com","password":"PhapNhat987AZ@"}
2024-10-11 08:50:15::info::/v1/api/user/readUserProfile/66a5a6a373370474cf4eae1d::f188eeee-ee37-4ca7-a016-4c9475c7b1d2::input-params ::GET::::{}
2024-10-11 08:50:27::info::/v1/api/auth/users/login::a22364ca-27b6-492b-9e25-5fe16f27afd2::input-params ::POST::::{"email":"phapluu9ithd@gmail.com","password":"PhapNhat987AZ@"}
2024-10-11 08:50:30::info::/v1/api/commissionService/readCommissionService/66a5c91bdea404a988c9198e::e9e6ec97-7dc7-4691-807e-3ad524cfe069::input-params ::GET::::{}
2024-10-11 08:50:38::info::/v1/api/auth/users/login::420a1f80-857b-4a60-9b92-0a10cfb0e214::input-params ::POST::::{"email":"phapluu2k5tqt@gmail.com","password":"PhapNhat987AZ@"}
2024-10-11 08:51:09::info::/v1/api/auth/users/login::d265c025-8a52-4488-9697-b0d5f87c7750::input-params ::POST::::{"email":"phapluu9ithd@gmail.com","password":"PhapNhat987AZ@"}
2024-10-11 08:51:12::info::/v1/api/commissionService/readCommissionService/66a5c91bdea404a988c9198e::465f2bf1-1ff4-40bd-b3ca-b91725797bde::input-params ::GET::::{}
2024-10-11 08:51:16::info::/v1/api/user/readUserProfile/66a5a6a373370474cf4eae1d::1fb9f74b-dbde-4f5f-a439-a4955a1ea855::input-params ::GET::::{}
2024-10-11 08:51:47::info::/v1/api/user/readUserProfile/66a5a6a373370474cf4eae1d::74a8db70-df8a-4746-94c6-6c0e84bf4adb::input-params ::GET::::{}
2024-10-11 08:51:53::info::/v1/api/commissionService/readCommissionService/66a5c91bdea404a988c9198e::ae646eec-d5dc-4ca8-ace6-56f4d577e6a6::input-params ::GET::::{}
2024-10-11 08:51:56::info::/v1/api/user/readUserProfile/66a5a6a373370474cf4eae1d::2f5e2225-7a09-4ce1-af88-78342ade992c::input-params ::GET::::{}
2024-10-11 08:56:24::info::/v1/api/user/readUserProfile/66a5a6a373370474cf4eae1d::d63438bc-1e34-4769-b29c-af7444c4af6a::input-params ::GET::::{}
2024-10-11 08:56:45::info::/v1/api/user/readUserProfile/66a5a6a373370474cf4eae1d::93e6814c-f5d9-4bcd-b0f5-86ea05ede2fb::input-params ::GET::::{}
2024-10-11 08:56:57::info::/v1/api/auth/users/login::ba5d5cce-9459-443c-9930-d202d2a4fd57::input-params ::POST::::{"email":"phapluu2k5tqt@gmail.com","password":"PhapNhat987AZ@"}
2024-10-11 08:57:18::info::/v1/api/auth/users/login::028cff59-9a56-4cfd-bb24-0d831cb28698::input-params ::POST::::{"email":"phapluu2k5tqt@gmail.com","password":"PhapNhat987AZ@"}
2024-10-11 08:57:43::info::/v1/api/user/readUserProfile/66a5a6a373370474cf4eae1d::3be7b3c6-22ac-4860-b278-adddffb8409c::input-params ::GET::::{}
2024-10-11 09:00:09::info::/v1/api/user/readUserProfile/66a5a6a373370474cf4eae1d::14cceb3e-07ca-4657-abf6-c3ab24f568c0::input-params ::GET::::{}
2024-10-11 09:00:54::info::/v1/api/user/readUserProfile/66a5a6a373370474cf4eae1d::a7fe0090-bb98-45df-b3d9-6f57ba38760e::input-params ::GET::::{}
2024-10-11 09:02:14::info::/v1/api/user/readUserProfile/66a5a6a373370474cf4eae1d::b27f791b-21d9-45cb-a553-9cfb2c45aa03::input-params ::GET::::{}
2024-10-11 09:02:30::info::/v1/api/auth/users/login::701f005f-75f3-496d-beaa-8a27a891b9f6::input-params ::POST::::{"email":"phapluu9ithd@gmail.com","password":"PhapNhat987AZ@"}
2024-10-11 09:02:42::info::/v1/api/user/readUserProfile/66a5ac2d73370474cf4eb369::e577897e-c132-416d-a9f1-2605456b3fb6::input-params ::GET::::{}
2024-10-11 09:03:15::info::/v1/api/user/readUserProfile/66a5ac2d73370474cf4eb369::c3779bf2-425c-4f47-ab69-34c9f380def8::input-params ::GET::::{}
2024-10-11 09:04:24::info::/v1/api/user/readUserProfile/66a5ac2d73370474cf4eb369::443df5a2-900c-447c-929a-f9bdfec41e7b::input-params ::GET::::{}
2024-10-11 09:04:39::error::/v1/api/auth/users/login::ebcf202c-1ca6-46ec-a27b-23a04fd9843e::400 - NaNms - Response: {"expose":true,"statusCode":400,"status":400,"body":"\n\n\n\n\n\n\n\n\n\n\n\n\n\n\n\n","type":"entity.parse.failed"}::{"message":"Unexpected end of JSON input"}
2024-10-11 09:04:44::info::/v1/api/auth/users/login::ca984853-0d2f-4979-a37c-745e5171d3de::input-params ::POST::::{"email":"phapluu2k5tqt@gmail.com","password":"PhapNhat987AZ@"}
2024-10-11 09:04:47::info::/v1/api/user/readUserProfile/66a5ac2d73370474cf4eb369::3c17852c-16ef-4754-ab99-0b9a499fddd1::input-params ::GET::::{}
2024-10-11 09:05:04::info::/v1/api/user/readUserProfile/66a5a6a373370474cf4eae1d::24cd05f5-6d4f-4603-88ce-84b924d5652c::input-params ::GET::::{}
2024-10-11 09:05:49::info::/v1/api/review/createReview/66d3147ed855b16e5db6cd84::a251ceb4-6ccd-4d8e-bedc-903289c7fcec::input-params ::PATCH::::{"rating":5,"content":"This is so beautiful, I really love it!"}
2024-10-11 09:05:49::error::/v1/api/review/createReview/66d3147ed855b16e5db6cd84::a251ceb4-6ccd-4d8e-bedc-903289c7fcec::404 - NaNms - Response: {"status":404}::{"message":"Not Found"}
2024-10-11 09:07:44::info::/v1/api/auth/users/login::8d8c7825-88a7-4e43-99c4-d2e77a6d2613::input-params ::POST::::{"email":"phapluu9ithd@gmail.com","password":"PhapNhat987AZ@"}
2024-10-11 09:10:26::info::/v1/api/auth/users/login::a2aab1f1-6770-45f0-8f10-f58c7f355d8b::input-params ::POST::::{"email":"phapluu2k5tqt@gmail.com","password":"PhapNhat987AZ@"}
2024-10-11 09:10:46::info::/v1/api/user/readUserProfile/66a5a6a373370474cf4eae1d::3a6d5046-1a08-4454-9826-00fa529fb430::input-params ::GET::::{}
2024-10-11 09:12:02::info::/v1/api/user/readUserProfile/66a5a6a373370474cf4eae1d::12b7dfed-344a-47fd-b16e-607718d50fb3::input-params ::GET::::{}
2024-10-11 09:13:15::info::/v1/api/user/readUserProfile/66a5a6a373370474cf4eae1d::ef3bfb19-bd69-4b66-9d35-1304096314b4::input-params ::GET::::{}
2024-10-11 09:15:21::info::/v1/api/user/readUserProfile/66a5a6a373370474cf4eae1d::11255d33-1acd-4b30-b9f5-294a35f34c1f::input-params ::GET::::{}
2024-10-11 09:45:08::info::/v1/api/user/readUserProfile/66a5a6a373370474cf4eae1d::45e53239-d81a-4581-8cfc-45bc07b02f04::input-params ::GET::::{}
2024-10-11 09:45:09::error::/v1/api/user/readUserProfile/66a5a6a373370474cf4eae1d::45e53239-d81a-4581-8cfc-45bc07b02f04::undefined - NaNms - Response: {}::{"message":"Class constructor ObjectId cannot be invoked without 'new'"}
2024-10-11 09:45:26::info::/v1/api/user/readUserProfile/66a5a6a373370474cf4eae1d::cb4458f3-3358-41d9-8d77-06a4757c14a8::input-params ::GET::::{}
2024-10-11 09:45:51::info::/v1/api/user/readUserProfile/66a5efa354ac59de697b23c3::f86e0562-c595-499a-b2b3-d8148b88dbe2::input-params ::GET::::{}
2024-10-11 09:48:59::info::/v1/api/auth/users/login::6eefb638-9b51-498f-9944-1b9934b721cc::input-params ::POST::::{"email":"abzdq12zaazb@gmail.com","password":"123456789"}
2024-10-11 09:49:08::info::/v1/api/auth/users/login::322bfda9-a018-4f45-83fd-deb382156a77::input-params ::POST::::{"email":"phapluu2k5tqt@gmail.com","password":"PhapNhat987AZ@"}
2024-10-11 09:49:12::info::/v1/api/user/readUserProfile/66cc05f32eb9247b31f02ad9::e7a7a24b-0f15-48dd-9d34-504207d5057d::input-params ::GET::::{}
2024-10-11 09:56:10::info::/v1/api/recommender/readSearchResults::e369ddf2-671a-4f7e-a95a-3f508681e1fa::input-params ::GET::::{}
2024-10-11 09:56:10::error::/v1/api/recommender/readSearchResults::e369ddf2-671a-4f7e-a95a-3f508681e1fa::403 - 1ms - Response: {"status":403,"now":1728615370313}::{"message":"Invalid search Term"}
