2024-07-10 09:04:43::error::/v1/api/user/me::5d2f4b1b-11bc-43c1-acf8-98c4ff804d17::undefined - NaNms - Response: {}::{"message":"Operation `Users.findOne()` buffering timed out after 10000ms"}
2024-07-10 09:04:53::error::/v1/api/movement/readMovements::a7bc1598-9eb8-483f-8551-32a086d11e9e::undefined - NaNms - Response: {}::{"message":"Operation `Movements.aggregate()` buffering timed out after 10000ms"}
2024-07-10 09:05:25::error::/v1/api/user/me::64c2b006-d1ba-4e41-8745-a2b973cca06f::undefined - NaNms - Response: {}::{"message":"Operation `Users.findOne()` buffering timed out after 10000ms"}
2024-07-10 09:05:25::error::/v1/api/movement/readMovements::a79e64d4-c7c7-4557-b29f-24a425443c17::undefined - NaNms - Response: {}::{"message":"Operation `Movements.aggregate()` buffering timed out after 10000ms"}
2024-07-10 09:05:41::error::/v1/api/user/me::77ab4c63-ba9e-495f-9550-91aa0ac2e702::undefined - NaNms - Response: {}::{"message":"Operation `Users.findOne()` buffering timed out after 10000ms"}
2024-07-10 09:06:00::error::/v1/api/order/readArchivedOrderHistory::cb8e2841-b976-4e21-96d0-f8dc57db9958::404 - NaNms - Response: {"status":404}::{"message":"Not Found"}
2024-07-10 09:06:03::error::/v1/api/order/readArchivedOrderHistory::60e50c1e-b8dc-48c7-8de0-67dd51ec869c::404 - NaNms - Response: {"status":404}::{"message":"Not Found"}
2024-07-10 09:06:17::error::/v1/api/order/readArchivedOrderHistory::207be3e6-84ca-485c-ba5d-05a30152c69d::404 - NaNms - Response: {"status":404}::{"message":"Not Found"}
2024-07-10 09:06:38::error::/v1/api/order/readArchivedOrderHistory::9bfc9eb0-2dd8-4472-b731-8a1e7d7b3158::404 - NaNms - Response: {"status":404}::{"message":"Not Found"}
2024-07-10 09:06:46::error::/v1/api/order/readArchivedOrderHistory::6fb3cfde-7925-419b-b0f3-f59a57cff25c::404 - NaNms - Response: {"status":404}::{"message":"Not Found"}
2024-07-10 09:07:35::error::/v1/api/order/readArchivedOrderHistory::a037122b-9084-49c5-a8a8-0544dd08aa33::404 - NaNms - Response: {"status":404}::{"message":"Not Found"}
2024-07-10 09:07:39::error::/v1/api/order/readArchivedOrderHistory::93cbaabf-0757-42c2-930a-734ade87542c::404 - NaNms - Response: {"status":404}::{"message":"Not Found"}
2024-07-10 09:07:41::error::/v1/api/order/readArchivedOrderHistory::b383c926-45f1-4a65-a484-86611c23fb08::404 - NaNms - Response: {"status":404}::{"message":"Not Found"}
2024-07-10 09:08:02::error::/v1/api/order/readArchivedOrderHistory::e3c6c899-781e-4454-8a27-826a5949c0e8::404 - NaNms - Response: {"status":404}::{"message":"Not Found"}
2024-07-10 09:08:07::error::/v1/api/order/readArchivedOrderHistory::afa027f0-5945-4115-9d20-ae08ca0d43fb::404 - NaNms - Response: {"status":404}::{"message":"Not Found"}
2024-07-10 09:08:48::error::/v1/api/order/readArchivedOrderHistory::1e2973ba-29e2-4f53-b1a1-a3e0b1b9f1ad::404 - NaNms - Response: {"status":404}::{"message":"Not Found"}
2024-07-10 09:09:02::error::/v1/api/order/readArchivedOrderHistory::4bca31b5-2bbb-4c36-a9dd-9d5de1b59805::404 - NaNms - Response: {"status":404}::{"message":"Not Found"}
2024-07-10 09:09:21::error::/v1/api/order/readArchivedOrderHistory::4f6370b8-f10a-4782-87c9-65726362302a::404 - NaNms - Response: {"status":404}::{"message":"Not Found"}
2024-07-10 09:09:24::error::/v1/api/order/readArchivedOrderHistory::342027d5-f00c-4a90-98d3-4d8f85bb78e3::404 - NaNms - Response: {"status":404}::{"message":"Not Found"}
2024-07-10 09:09:47::error::/v1/api/order/readArchivedOrderHistory::d61039b4-7d4e-4cc4-bb1d-ad75207a4b5b::404 - NaNms - Response: {"status":404}::{"message":"Not Found"}
2024-07-10 09:10:04::error::/v1/api/order/readArchivedOrderHistory::f54cd43a-cb6d-45c3-a7f9-c87d31396594::404 - NaNms - Response: {"status":404}::{"message":"Not Found"}
2024-07-10 09:11:59::error::/v1/api/order/readArchivedOrderHistory::9931e50c-7a46-498c-99e3-4c3250de9362::404 - NaNms - Response: {"status":404}::{"message":"Not Found"}
2024-07-10 09:12:33::error::/v1/api/order/readArchivedOrderHistory::56393e1a-6e73-4892-be8f-e012e80b88d1::404 - NaNms - Response: {"status":404}::{"message":"Not Found"}
2024-07-10 09:12:42::error::/v1/api/order/readArchivedOrderHistory::f7f4b61f-fc35-4d38-89c4-2f4357aea6c5::404 - NaNms - Response: {"status":404}::{"message":"Not Found"}
2024-07-10 09:13:17::error::/v1/api/order/readArchivedOrderHistory::99016a1c-1133-405a-a5e0-bd702651b260::404 - NaNms - Response: {"status":404}::{"message":"Not Found"}
2024-07-10 09:13:27::error::/v1/api/order/readArchivedOrderHistory::f30c49fd-8887-4f96-b5cd-922a5ab18c3f::404 - NaNms - Response: {"status":404}::{"message":"Not Found"}
2024-07-10 09:13:34::error::/v1/api/order/readArchivedOrderHistory::33d611ed-4e45-4b6f-a592-828d533d0bc7::404 - NaNms - Response: {"status":404}::{"message":"Not Found"}
2024-07-10 09:13:57::error::/v1/api/order/readArchivedOrderHistory::aa360ee6-8d34-49f5-b2b1-b89169568189::404 - NaNms - Response: {"status":404}::{"message":"Not Found"}
2024-07-10 09:14:07::error::/v1/api/order/readArchivedOrderHistory::d34d02cd-f515-4460-b5c3-1744e6ae4816::404 - NaNms - Response: {"status":404}::{"message":"Not Found"}
2024-07-10 09:14:15::error::/v1/api/order/readArchivedOrderHistory::94319eb1-8135-45ec-9582-0a21b944b282::404 - NaNms - Response: {"status":404}::{"message":"Not Found"}
2024-07-10 09:14:21::error::/v1/api/order/readArchivedOrderHistory::1a1e2fe1-0959-4887-8736-76af91cac836::404 - NaNms - Response: {"status":404}::{"message":"Not Found"}
2024-07-10 09:14:46::error::/v1/api/order/readArchivedOrderHistory::d81a7fec-a563-49a2-9b0d-246432f1c054::404 - NaNms - Response: {"status":404}::{"message":"Not Found"}
2024-07-10 09:15:06::error::/v1/api/order/readArchivedOrderHistory::a77fee8c-25d7-4cf3-9270-974934c07bec::404 - NaNms - Response: {"status":404}::{"message":"Not Found"}
2024-07-10 09:15:21::error::/v1/api/order/readArchivedOrderHistory::a46ebe77-27ae-47b3-883f-fbcca8f98864::404 - NaNms - Response: {"status":404}::{"message":"Not Found"}
2024-07-10 09:16:03::error::/v1/api/order/readArchivedOrderHistory::48f239d7-7404-4bbc-977c-8240568649ec::404 - NaNms - Response: {"status":404}::{"message":"Not Found"}
2024-07-10 09:16:05::error::/v1/api/order/readArchivedOrderHistory::60f873b2-5be8-467f-aa8b-759fca6b0195::404 - NaNms - Response: {"status":404}::{"message":"Not Found"}
2024-07-10 09:16:06::error::/v1/api/order/readArchivedOrderHistory::11cbefbb-d502-4ab4-a49f-2ae0f86e9064::404 - NaNms - Response: {"status":404}::{"message":"Not Found"}
2024-07-10 09:16:11::error::/v1/api/order/readArchivedOrderHistory::bb432432-ecdd-491b-a7bd-ce57c1de7fa4::404 - NaNms - Response: {"status":404}::{"message":"Not Found"}
2024-07-10 09:16:19::error::/v1/api/order/readArchivedOrderHistory::ce94bc93-1860-4ec9-9cbf-1a02ea719826::404 - NaNms - Response: {"status":404}::{"message":"Not Found"}
2024-07-10 09:16:20::error::/v1/api/order/readArchivedOrderHistory::ee04d7bb-1eae-4d60-b83b-9e947d0d4198::404 - NaNms - Response: {"status":404}::{"message":"Not Found"}
2024-07-10 09:16:30::error::/v1/api/order/readArchivedOrderHistory::996b8be9-7e20-419c-8f6f-ecf73aa2ae53::404 - NaNms - Response: {"status":404}::{"message":"Not Found"}
2024-07-10 09:16:39::error::/v1/api/order/readArchivedOrderHistory::893b6772-41ec-49dd-9bf2-802a2048700d::404 - NaNms - Response: {"status":404}::{"message":"Not Found"}
2024-07-10 09:17:14::error::/v1/api/order/readArchivedOrderHistory::32d4e040-3ca9-4294-864b-9e6788561689::404 - NaNms - Response: {"status":404}::{"message":"Not Found"}
2024-07-10 10:02:27::error::/v1/api/order/readArchivedOrderHistory::659b48d0-0838-4883-addb-b9655dec8963::404 - NaNms - Response: {"status":404}::{"message":"Not Found"}
2024-07-10 10:02:36::error::/v1/api/order/readArchivedOrderHistory::8a3c265a-cff3-4ad8-b754-cbf4b57bfd56::404 - NaNms - Response: {"status":404}::{"message":"Not Found"}
2024-07-10 10:02:41::error::/v1/api/order/readArchivedOrderHistory::9f49d91b-6fd5-4177-87dc-9ea2dfded7cc::404 - NaNms - Response: {"status":404}::{"message":"Not Found"}
2024-07-10 10:03:23::error::/v1/api/order/readArchivedOrderHistory::0ee64b25-6ccd-4ab8-b288-cd758742e161::404 - NaNms - Response: {"status":404}::{"message":"Not Found"}
2024-07-10 10:03:25::error::/v1/api/order/readArchivedOrderHistory::73249fec-77c5-49d8-b203-78483a4d581f::404 - NaNms - Response: {"status":404}::{"message":"Not Found"}
2024-07-10 10:03:39::error::/v1/api/order/readArchivedOrderHistory::56500da6-6e72-4aea-bb29-b62b5b6a9403::404 - NaNms - Response: {"status":404}::{"message":"Not Found"}
2024-07-10 10:03:44::error::/v1/api/order/readArchivedOrderHistory::3d72514c-0a93-477a-8fae-e7ee0c515d1f::404 - NaNms - Response: {"status":404}::{"message":"Not Found"}
2024-07-10 10:03:47::error::/v1/api/order/readArchivedOrderHistory::76858d09-cd7b-4dc3-8c34-59352b297ec2::404 - NaNms - Response: {"status":404}::{"message":"Not Found"}
2024-07-10 10:03:58::error::/v1/api/order/readArchivedOrderHistory::618c4fbf-7a30-4c50-a87e-b09248311829::404 - NaNms - Response: {"status":404}::{"message":"Not Found"}
2024-07-10 10:04:53::error::/v1/api/order/readArchivedOrderHistory::db65043c-600d-4677-a20b-a4940f109004::404 - NaNms - Response: {"status":404}::{"message":"Not Found"}
2024-07-10 10:05:27::error::/v1/api/order/readArchivedOrderHistory::efe1e4dd-17b4-47a5-98b1-c5a8a7daa292::404 - NaNms - Response: {"status":404}::{"message":"Not Found"}
2024-07-10 10:06:02::error::/v1/api/order/readArchivedOrderHistory::33f10fae-4d53-41e8-83c8-ff10b9635e60::404 - NaNms - Response: {"status":404}::{"message":"Not Found"}
2024-07-10 10:06:06::error::/v1/api/order/readArchivedOrderHistory::94e51fff-5f3a-4e5b-8455-07deac2434dc::404 - NaNms - Response: {"status":404}::{"message":"Not Found"}
2024-07-10 10:06:09::error::/v1/api/order/readArchivedOrderHistory::f48afd88-91d1-46b1-9629-1299758437de::404 - NaNms - Response: {"status":404}::{"message":"Not Found"}
2024-07-10 10:06:27::error::/v1/api/order/readArchivedOrderHistory::7bae885b-215c-4c2a-8b30-83043a9ebf3c::404 - NaNms - Response: {"status":404}::{"message":"Not Found"}
2024-07-10 10:06:38::error::/v1/api/order/readArchivedOrderHistory::c7601b6b-fa0e-4c54-8ba8-efca1482f333::404 - NaNms - Response: {"status":404}::{"message":"Not Found"}
2024-07-10 10:06:48::error::/v1/api/order/readArchivedOrderHistory::478bf2bc-e499-4d47-b7e0-fd292646ff06::404 - NaNms - Response: {"status":404}::{"message":"Not Found"}
2024-07-10 10:06:51::error::/v1/api/order/readArchivedOrderHistory::480d875d-b43b-481c-b85a-dc71e4fc2853::404 - NaNms - Response: {"status":404}::{"message":"Not Found"}
2024-07-10 10:06:54::error::/v1/api/order/readArchivedOrderHistory::171af2de-6cdb-45f9-8cc9-2466fae24c85::404 - NaNms - Response: {"status":404}::{"message":"Not Found"}
2024-07-10 10:07:15::error::/v1/api/order/readArchivedOrderHistory::19d9cd81-6c29-4094-9e19-04b061ccadbc::404 - NaNms - Response: {"status":404}::{"message":"Not Found"}
2024-07-10 10:07:56::error::/v1/api/order/readArchivedOrderHistory::303ee5ad-f7cd-4357-b728-4f202be3cfc6::404 - NaNms - Response: {"status":404}::{"message":"Not Found"}
2024-07-10 10:08:11::error::/v1/api/order/readArchivedOrderHistory::6e6d66b1-ed71-4c78-a907-bd196865f92f::404 - NaNms - Response: {"status":404}::{"message":"Not Found"}
2024-07-10 10:08:17::error::/v1/api/order/readArchivedOrderHistory::e61957ad-256a-4629-9e2d-5fec29829a06::404 - NaNms - Response: {"status":404}::{"message":"Not Found"}
2024-07-10 10:08:30::error::/v1/api/order/readArchivedOrderHistory::df56424b-53b0-4b76-9630-7567177ff9ab::404 - NaNms - Response: {"status":404}::{"message":"Not Found"}
2024-07-10 10:08:47::error::/v1/api/order/readArchivedOrderHistory::bcea2694-399e-4a19-ac66-69ecf5d5803e::404 - NaNms - Response: {"status":404}::{"message":"Not Found"}
2024-07-10 10:09:01::error::/v1/api/order/readArchivedOrderHistory::daa64a54-b2e1-4466-896a-4aa3ab72392f::404 - NaNms - Response: {"status":404}::{"message":"Not Found"}
2024-07-10 10:09:11::error::/v1/api/order/readArchivedOrderHistory::82169481-a9f9-4202-8308-149c397b04fb::404 - NaNms - Response: {"status":404}::{"message":"Not Found"}
2024-07-10 10:09:21::error::/v1/api/order/readArchivedOrderHistory::5913f789-6a4c-4fa4-ada9-9a1d75f3cb2a::404 - NaNms - Response: {"status":404}::{"message":"Not Found"}
2024-07-10 10:09:40::error::/v1/api/order/readArchivedOrderHistory::8c9da915-fb71-43a1-924e-bf47c146324c::404 - NaNms - Response: {"status":404}::{"message":"Not Found"}
2024-07-10 10:10:06::error::/v1/api/order/readArchivedOrderHistory::c3487800-77cc-40ba-98b9-9efdba44698f::404 - NaNms - Response: {"status":404}::{"message":"Not Found"}
2024-07-10 10:10:10::error::/v1/api/order/readArchivedOrderHistory::45fa2d3f-2fc6-4d53-a05d-4270677b70ef::404 - NaNms - Response: {"status":404}::{"message":"Not Found"}
2024-07-10 10:10:15::error::/v1/api/order/readArchivedOrderHistory::fa033449-d01b-4d66-8c8c-9e0d844e880f::404 - NaNms - Response: {"status":404}::{"message":"Not Found"}
2024-07-10 10:10:24::error::/v1/api/order/readArchivedOrderHistory::a51e8ce9-5ed0-4c4f-b2b3-65ecd8cee8b0::404 - NaNms - Response: {"status":404}::{"message":"Not Found"}
2024-07-10 10:10:33::error::/v1/api/order/readArchivedOrderHistory::6c8228aa-24ec-489c-95d5-d5baac013fd3::404 - NaNms - Response: {"status":404}::{"message":"Not Found"}
2024-07-10 10:11:51::error::/v1/api/order/readArchivedOrderHistory::4b597255-0d4e-4ac0-ab37-c3faaa7048f5::404 - NaNms - Response: {"status":404}::{"message":"Not Found"}
2024-07-10 10:11:58::error::/v1/api/order/readArchivedOrderHistory::4f650886-a958-445f-8533-7b63868d9fe1::404 - NaNms - Response: {"status":404}::{"message":"Not Found"}
2024-07-10 10:12:08::error::/v1/api/order/readArchivedOrderHistory::4be06001-e4af-4a31-b16d-0265d0bb1d81::404 - NaNms - Response: {"status":404}::{"message":"Not Found"}
2024-07-10 10:12:21::error::/v1/api/order/readArchivedOrderHistory::ae248c0f-b6ae-4e6b-b525-7f6208762e76::404 - NaNms - Response: {"status":404}::{"message":"Not Found"}
2024-07-10 10:12:25::error::/v1/api/order/readArchivedOrderHistory::e0af1b9e-214a-4911-9240-957fd86a9c4b::404 - NaNms - Response: {"status":404}::{"message":"Not Found"}
2024-07-10 10:12:41::error::/v1/api/order/readArchivedOrderHistory::5a8a5dd0-3a26-4911-ab38-904e5aad3cac::404 - NaNms - Response: {"status":404}::{"message":"Not Found"}
2024-07-10 10:13:08::error::/v1/api/order/readArchivedOrderHistory::16f5863d-fc6a-4469-a8e3-0b0d9ed23812::404 - NaNms - Response: {"status":404}::{"message":"Not Found"}
2024-07-10 10:13:20::error::/v1/api/order/readArchivedOrderHistory::e8a0fc7a-8249-49ae-964a-d09771ad0db8::404 - NaNms - Response: {"status":404}::{"message":"Not Found"}
2024-07-10 10:13:22::error::/v1/api/order/readArchivedOrderHistory::2ede3e6b-1862-4cb0-acda-8e2eb2d8dd4a::404 - NaNms - Response: {"status":404}::{"message":"Not Found"}
2024-07-10 10:13:26::error::/v1/api/order/readArchivedOrderHistory::8fcae164-4d9a-47cc-b203-c3de11fa23a8::404 - NaNms - Response: {"status":404}::{"message":"Not Found"}
2024-07-10 10:13:31::error::/v1/api/order/readArchivedOrderHistory::e48f9ca6-cba4-4ff0-b3ee-0f6ef72614de::404 - NaNms - Response: {"status":404}::{"message":"Not Found"}
2024-07-10 10:13:52::error::/v1/api/order/readArchivedOrderHistory::eaa73db4-f168-4667-8ef1-1fcb3e424b0c::404 - NaNms - Response: {"status":404}::{"message":"Not Found"}
2024-07-10 10:14:05::error::/v1/api/order/readArchivedOrderHistory::610cb8af-45d2-4217-aa86-d671434d6673::404 - NaNms - Response: {"status":404}::{"message":"Not Found"}
2024-07-10 10:14:09::error::/v1/api/order/readArchivedOrderHistory::7f12a36d-445b-4f85-b0e7-22591040fb9c::404 - NaNms - Response: {"status":404}::{"message":"Not Found"}
2024-07-10 10:14:21::error::/v1/api/order/readArchivedOrderHistory::36de2dde-72b8-4f69-b0aa-1ac17810509a::404 - NaNms - Response: {"status":404}::{"message":"Not Found"}
2024-07-10 10:14:35::error::/v1/api/order/readArchivedOrderHistory::eef13324-1f07-47e9-a414-e0f1850d51f6::404 - NaNms - Response: {"status":404}::{"message":"Not Found"}
2024-07-10 10:14:42::error::/v1/api/order/readArchivedOrderHistory::616e7e3d-e18e-4f27-b2ec-3d3be4210a77::404 - NaNms - Response: {"status":404}::{"message":"Not Found"}
2024-07-10 10:14:50::error::/v1/api/order/readArchivedOrderHistory::ee94b3ed-7f9a-44ca-9f64-3801e0490445::404 - NaNms - Response: {"status":404}::{"message":"Not Found"}
2024-07-10 10:14:54::error::/v1/api/order/readArchivedOrderHistory::8d2e0d18-e0d7-4e1a-bde7-7c1d2caefd86::404 - NaNms - Response: {"status":404}::{"message":"Not Found"}
2024-07-10 10:15:22::error::/v1/api/order/readArchivedOrderHistory::3b9da77a-dbb4-4ca4-854f-879349515d3a::404 - NaNms - Response: {"status":404}::{"message":"Not Found"}
2024-07-10 10:15:24::error::/v1/api/order/readArchivedOrderHistory::2904d6a4-7140-4754-a169-387049a9e9cf::404 - NaNms - Response: {"status":404}::{"message":"Not Found"}
2024-07-10 10:16:34::error::/v1/api/order/readArchivedOrderHistory::d73924b5-b5da-49c1-83b6-1acfb7fe711b::404 - NaNms - Response: {"status":404}::{"message":"Not Found"}
2024-07-10 10:18:10::error::/v1/api/order/readArchivedOrderHistory::76319005-d35b-4dc2-b5f1-4919d03d59db::404 - NaNms - Response: {"status":404}::{"message":"Not Found"}
2024-07-10 10:19:09::error::/v1/api/order/readArchivedOrderHistory::d4a4a529-6c3e-4710-a660-1d1efbd17440::404 - NaNms - Response: {"status":404}::{"message":"Not Found"}
2024-07-10 10:20:23::error::/v1/api/order/readArchivedOrderHistory::b17ee9ed-b2af-4760-a2e3-7c648f546312::404 - NaNms - Response: {"status":404}::{"message":"Not Found"}
2024-07-10 10:20:31::error::/v1/api/order/readArchivedOrderHistory::ecb28ed0-e070-4a5f-906b-0a2e5fd6f061::404 - NaNms - Response: {"status":404}::{"message":"Not Found"}
2024-07-10 10:20:39::error::/v1/api/order/readArchivedOrderHistory::4236c5d6-314a-49f6-978b-1d7419caafe4::404 - NaNms - Response: {"status":404}::{"message":"Not Found"}
2024-07-10 10:20:52::error::/v1/api/order/readArchivedOrderHistory::434814f4-fa36-4efe-a6f4-ff97726c9d5b::404 - NaNms - Response: {"status":404}::{"message":"Not Found"}
2024-07-10 10:21:04::error::/v1/api/order/readArchivedOrderHistory::a3bab67c-d895-450d-ab53-11c3f19b1af9::404 - NaNms - Response: {"status":404}::{"message":"Not Found"}
2024-07-10 10:21:10::error::/v1/api/order/readArchivedOrderHistory::8b34f9da-5f39-46d5-ab0d-067778f5d283::404 - NaNms - Response: {"status":404}::{"message":"Not Found"}
2024-07-10 10:21:16::error::/v1/api/order/readArchivedOrderHistory::d2e35c58-863e-4cae-af5e-cff87d08429e::404 - NaNms - Response: {"status":404}::{"message":"Not Found"}
2024-07-10 10:21:25::error::/v1/api/order/readArchivedOrderHistory::5c2a284e-1741-43e7-8902-0cb15682fc86::404 - NaNms - Response: {"status":404}::{"message":"Not Found"}
2024-07-10 10:21:39::error::/v1/api/order/readArchivedOrderHistory::c920c0ce-e9fc-4a9b-85b5-5ec27d7bd0aa::404 - NaNms - Response: {"status":404}::{"message":"Not Found"}
2024-07-10 10:21:43::error::/v1/api/order/readArchivedOrderHistory::edce015d-3384-41e7-8b65-0e31657b1d5a::404 - NaNms - Response: {"status":404}::{"message":"Not Found"}
2024-07-10 10:21:48::error::/v1/api/order/readArchivedOrderHistory::90976fd0-15c1-4f5b-9d68-c315b2c55f6f::404 - NaNms - Response: {"status":404}::{"message":"Not Found"}
2024-07-10 10:22:03::error::/v1/api/order/readArchivedOrderHistory::daa1f397-48d5-42c6-bda2-0d42c27969cc::404 - NaNms - Response: {"status":404}::{"message":"Not Found"}
2024-07-10 10:22:25::error::/v1/api/order/readArchivedOrderHistory::bfb2c6b8-2e85-43ee-a699-adc8eb0ee37e::404 - NaNms - Response: {"status":404}::{"message":"Not Found"}
2024-07-10 11:28:54::error::/v1/api/order/readArchivedOrderHistory::d65d910d-4e17-40e5-bf6b-eda53ac6c2fb::404 - NaNms - Response: {"status":404}::{"message":"Not Found"}
2024-07-10 11:28:55::error::/v1/api/order/readArchivedOrderHistory::57c0b0e7-eab0-4544-91de-0c961fd0c176::404 - NaNms - Response: {"status":404}::{"message":"Not Found"}
2024-07-10 11:28:57::error::/v1/api/order/readArchivedOrderHistory::0a2f69b9-cfa8-4051-abbf-5cf4ed5acad0::404 - NaNms - Response: {"status":404}::{"message":"Not Found"}
2024-07-10 11:29:01::error::/v1/api/order/readArchivedOrderHistory::9ebb9604-d44e-48a0-8a7c-f5947b7f3d32::404 - NaNms - Response: {"status":404}::{"message":"Not Found"}
2024-07-10 11:29:34::error::/v1/api/order/readArchivedOrderHistory::ff2151e2-8b7d-4c2f-8631-70095843dcf6::404 - NaNms - Response: {"status":404}::{"message":"Not Found"}
2024-07-10 11:29:44::error::/v1/api/order/readArchivedOrderHistory::821ab711-010d-4c8e-b6d2-0b8138d5b7f9::404 - NaNms - Response: {"status":404}::{"message":"Not Found"}
2024-07-10 11:29:46::error::/v1/api/order/readArchivedOrderHistory::0e9683fc-156b-4b21-9c35-816a7e24f77a::404 - NaNms - Response: {"status":404}::{"message":"Not Found"}
2024-07-10 11:29:48::error::/v1/api/order/readArchivedOrderHistory::b340526a-c61e-40ab-a1d0-562c1f264092::404 - NaNms - Response: {"status":404}::{"message":"Not Found"}
2024-07-10 11:29:58::error::/v1/api/order/readArchivedOrderHistory::d871021a-06fd-4144-9788-3afc4e5b9071::404 - NaNms - Response: {"status":404}::{"message":"Not Found"}
2024-07-10 11:30:05::error::/v1/api/order/readArchivedOrderHistory::c987e388-85af-47fd-8779-590fa8eb91a0::404 - NaNms - Response: {"status":404}::{"message":"Not Found"}
2024-07-10 11:30:05::error::/v1/api/order/readArchivedOrderHistory::c6a8b60a-b2b6-4805-8346-e94acff894b8::404 - NaNms - Response: {"status":404}::{"message":"Not Found"}
2024-07-10 11:30:26::error::/v1/api/order/readArchivedOrderHistory::6408b975-d549-4fb2-8bb8-f5913ed2a736::404 - NaNms - Response: {"status":404}::{"message":"Not Found"}
2024-07-10 11:31:04::error::/v1/api/order/readArchivedOrderHistory::d84b8460-6ff0-47b7-91a1-5848aae89d93::404 - NaNms - Response: {"status":404}::{"message":"Not Found"}
2024-07-10 11:31:31::error::/v1/api/order/readArchivedOrderHistory::42dcab04-33eb-4e52-b175-8ae4d8dc2e88::404 - NaNms - Response: {"status":404}::{"message":"Not Found"}
2024-07-10 11:32:27::error::/v1/api/order/readArchivedOrderHistory::50d43692-9b80-4b74-9719-d7f8e69ed428::404 - NaNms - Response: {"status":404}::{"message":"Not Found"}
2024-07-10 11:32:31::error::/v1/api/order/readArchivedOrderHistory::ebb92275-6abd-40c9-9e39-bba7a3d1aa5e::404 - NaNms - Response: {"status":404}::{"message":"Not Found"}
2024-07-10 11:32:40::error::/v1/api/order/readArchivedOrderHistory::439cd48c-6730-4117-ae4c-2c1af0196120::404 - NaNms - Response: {"status":404}::{"message":"Not Found"}
2024-07-10 12:14:48::error::/v1/api/order/readArchivedOrderHistory::4c656ad9-749f-4915-a546-323658a65954::404 - NaNms - Response: {"status":404}::{"message":"Not Found"}
2024-07-10 12:14:53::error::/v1/api/order/readArchivedOrderHistory::37697434-d50c-4179-a2c4-34bf2e25d9ca::404 - NaNms - Response: {"status":404}::{"message":"Not Found"}
2024-07-10 12:15:31::error::/v1/api/order/readArchivedOrderHistory::5d4e873e-34aa-4347-b74c-1b09eaab2373::404 - NaNms - Response: {"status":404}::{"message":"Not Found"}
2024-07-10 12:15:39::error::/v1/api/order/readArchivedOrderHistory::4453e74f-28c2-48fd-878f-9cecb283cf27::404 - NaNms - Response: {"status":404}::{"message":"Not Found"}
2024-07-10 12:16:09::error::/v1/api/order/readArchivedOrderHistory::bb84afef-3a55-468c-b704-74df002e4e9d::404 - NaNms - Response: {"status":404}::{"message":"Not Found"}
2024-07-10 12:35:27::error::/v1/api/order/readArchivedOrderHistory::b7a772ca-47e9-471b-876b-57a339f7a0df::404 - NaNms - Response: {"status":404}::{"message":"Not Found"}
2024-07-10 12:35:37::error::/v1/api/order/readArchivedOrderHistory::62e0ec09-cae7-4712-9bbc-3b919d474b67::404 - NaNms - Response: {"status":404}::{"message":"Not Found"}
2024-07-10 12:35:53::error::/v1/api/order/readArchivedOrderHistory::7b15e884-7d79-45a5-937d-49dba0796dda::404 - NaNms - Response: {"status":404}::{"message":"Not Found"}
2024-07-10 12:36:47::error::/v1/api/order/readArchivedOrderHistory::ece31c64-78af-4645-95a5-5b36ae2c1c50::404 - NaNms - Response: {"status":404}::{"message":"Not Found"}
2024-07-10 12:36:59::error::/v1/api/order/readArchivedOrderHistory::26dcc19a-38ae-4b7e-8fb8-0bb27e48ae4d::404 - NaNms - Response: {"status":404}::{"message":"Not Found"}
2024-07-10 12:37:18::error::/v1/api/order/readArchivedOrderHistory::911156ee-626d-4c93-a484-e0f3e8ccc9a9::404 - NaNms - Response: {"status":404}::{"message":"Not Found"}
2024-07-10 12:37:20::error::/v1/api/order/readArchivedOrderHistory::a0f91473-9ba2-4fc7-88d4-52d41ff5fa87::404 - NaNms - Response: {"status":404}::{"message":"Not Found"}
2024-07-10 12:37:21::error::/v1/api/order/readArchivedOrderHistory::0561d06d-1e49-422c-8027-0b0f48c2f1a9::404 - NaNms - Response: {"status":404}::{"message":"Not Found"}
2024-07-10 12:37:38::error::/v1/api/order/readArchivedOrderHistory::1cdb2598-5288-4382-b819-aefe6d9cbb39::404 - NaNms - Response: {"status":404}::{"message":"Not Found"}
2024-07-10 12:37:39::error::/v1/api/order/readArchivedOrderHistory::86a8fd9d-77e4-4275-b964-b1ca98ea2fc7::404 - NaNms - Response: {"status":404}::{"message":"Not Found"}
2024-07-10 12:37:54::error::/v1/api/order/readArchivedOrderHistory::f73a6e86-2bdd-4653-a7ec-dc720403f956::404 - NaNms - Response: {"status":404}::{"message":"Not Found"}
2024-07-10 12:37:55::error::/v1/api/order/readArchivedOrderHistory::cbaef120-d0cd-48c8-81ae-cc383a5e5b77::404 - NaNms - Response: {"status":404}::{"message":"Not Found"}
2024-07-10 12:38:09::error::/v1/api/order/readArchivedOrderHistory::65f6d4fb-d241-4384-a1dd-15ee0c04f0c8::404 - NaNms - Response: {"status":404}::{"message":"Not Found"}
2024-07-10 12:41:17::error::/v1/api/order/readArchivedOrderHistory::f07497b4-ae81-4258-b814-0f20ebf5b47c::404 - NaNms - Response: {"status":404}::{"message":"Not Found"}
2024-07-10 12:41:33::error::/v1/api/order/readArchivedOrderHistory::923687a0-3810-4222-8e9f-f6f3121c285b::404 - NaNms - Response: {"status":404}::{"message":"Not Found"}
2024-07-10 12:41:34::error::/v1/api/order/readArchivedOrderHistory::c41886d5-bd98-46b9-94d1-ad531b6bf27e::404 - NaNms - Response: {"status":404}::{"message":"Not Found"}
2024-07-10 12:42:18::error::/v1/api/order/readArchivedOrderHistory::19168ad4-c2ee-4ba5-b7bd-464ba578bf59::404 - NaNms - Response: {"status":404}::{"message":"Not Found"}
