2024-08-31 15:55:37::info::/v1/api/auth/users/login::63f15088-0af6-4e6d-be67-1fb0c0b51877::input-params ::POST::::{"email":"phapluudev2k5@gmail.com","password":"PhapNhat987AZ@!"}
2024-08-31 15:56:59::info::/v1/api/talentRequest/upgradeRoleToTalent/66bd9f3d90f36fc54901a0bb::81039b68-c573-48f9-a2b6-d99345a2b2ab::input-params ::PATCH::::{}
2024-08-31 16:06:26::info::/v1/api/auth/users/login::b3df506a-6909-467d-9ae9-1787e039ddcf::input-params ::POST::::{"email":"abzdq12zaazb@gmail.com","password":"123456789"}
2024-08-31 16:07:22::info::/v1/api/talentRequest/requestUpgradingToTalent::85e0fb06-3a29-48a8-9a2d-594d8adc9c1a::input-params ::POST::::{}
2024-08-31 16:10:13::info::/v1/api/talentRequest/upgradeRoleToTalent/66a5acc973370474cf4eb46f::2d3de96b-d17b-41be-9491-779b049ca5f8::input-params ::PATCH::::{}
2024-08-31 16:10:30::info::/v1/api/auth/users/login::07fca68e-7f78-4372-b0ae-ae423cc56c77::input-params ::POST::::{"email":"phapluudev2k5@gmail.com","password":"PhapNhat987AZ"}
2024-08-31 16:10:30::error::/v1/api/auth/users/login::07fca68e-7f78-4372-b0ae-ae423cc56c77::401 - 1ms - Response: {"status":401,"now":1725095430628}::{"message":"Tài khoản hoặc mật khẩu không chính xác"}
2024-08-31 16:10:32::info::/v1/api/auth/users/login::54732501-2fb4-49b1-a4ff-11892fd356c4::input-params ::POST::::{"email":"phapluudev2k5@gmail.com","password":"PhapNhat987AZ!"}
2024-08-31 16:10:32::error::/v1/api/auth/users/login::54732501-2fb4-49b1-a4ff-11892fd356c4::401 - 1ms - Response: {"status":401,"now":1725095432848}::{"message":"Tài khoản hoặc mật khẩu không chính xác"}
2024-08-31 16:10:36::info::/v1/api/auth/users/login::e404683e-1ded-4943-a50b-87aae17c2625::input-params ::POST::::{"email":"phapluudev2k5@gmail.com","password":"PhapNhat987AZ@!"}
2024-08-31 16:10:41::info::/v1/api/talentRequest/upgradeRoleToTalent/66a5acc973370474cf4eb46f::fb4545b3-be79-45b7-ba3b-2dbc69f95c7a::input-params ::PATCH::::{}
2024-08-31 16:10:41::error::/v1/api/talentRequest/upgradeRoleToTalent/66a5acc973370474cf4eb46f::fb4545b3-be79-45b7-ba3b-2dbc69f95c7a::403 - 0ms - Response: {"status":403,"now":1725095441911}::{"message":"Bạn đã là họa sĩ"}
2024-08-31 16:11:24::info::/v1/api/talentRequest/upgradeRoleToTalent/66a5acc973370474cf4eb46f::1dd94914-cf42-46d0-9e44-532ec9c33359::input-params ::PATCH::::{}
2024-08-31 16:12:02::info::/v1/api/talentRequest/upgradeRoleToTalent/66a5acc973370474cf4eb46f::7834e75f-0d7f-475a-ba46-27fd01933aa1::input-params ::PATCH::::{}
2024-08-31 16:12:03::error::/v1/api/talentRequest/upgradeRoleToTalent/66a5acc973370474cf4eb46f::7834e75f-0d7f-475a-ba46-27fd01933aa1::403 - 0ms - Response: {"status":403,"now":1725095523255}::{"message":"Yêu cầu nâng cấp đã được chấp thuận"}
2024-08-31 16:12:34::info::/v1/api/talentRequest/upgradeRoleToTalent/66a5acc973370474cf4eb46f::c90780cc-46a1-4efe-afad-0bc879581d7d::input-params ::PATCH::::{}
2024-08-31 16:13:21::info::/v1/api/talentRequest/upgradeRoleToTalent/66a5acc973370474cf4eb46f::4040449c-2883-471d-bc76-c9b7f5d1aa0f::input-params ::PATCH::::{}
2024-08-31 16:13:38::info::/v1/api/talentRequest/upgradeRoleToTalent/66a5acc973370474cf4eb46f::863f4402-3838-4819-8b52-ce1c448a4225::input-params ::PATCH::::{}
2024-08-31 16:14:06::info::/v1/api/talentRequest/upgradeRoleToTalent/66a5acc973370474cf4eb46f::6fd37b27-e4d1-4bb9-9edd-ea26ac94aa09::input-params ::PATCH::::{}
2024-08-31 16:14:43::info::/v1/api/talentRequest/upgradeRoleToTalent/66a5acc973370474cf4eb46f::7df19a0a-d887-4691-b843-6089edd78bb1::input-params ::PATCH::::{}
2024-08-31 16:15:42::info::/v1/api/talentRequest/upgradeRoleToTalent/66a5acc973370474cf4eb46f::a34c2533-f4eb-4639-a784-c213d32bbc48::input-params ::PATCH::::{}
