2024-07-11 16:07:57::info::/v1/api/conversation/createConversation::0c12b9f3-63d0-4470-8d5f-b154e6e69faf::input-params ::POST::::{}
2024-07-11 16:09:52::info::/v1/api/conversation/createConversation::5aeee3c3-7ce2-44d5-8856-58b692efedec::input-params ::POST::::{}
2024-07-11 16:09:52::error::/v1/api/conversation/createConversation::5aeee3c3-7ce2-44d5-8856-58b692efedec::403 - 1ms - Response: {"status":403,"now":1720688992354}::{"message":"Please provide all required fields"}
2024-07-11 16:10:23::info::/v1/api/conversation/sendMessage/668d4830d5507f1038513105::b6512c36-db25-40aa-b7fe-829e74728e21::input-params ::PATCH::::{}
2024-07-11 16:10:23::error::/v1/api/conversation/sendMessage/668d4830d5507f1038513105::b6512c36-db25-40aa-b7fe-829e74728e21::403 - 1ms - Response: {"status":403,"now":1720689023026}::{"message":"Please provide content"}
2024-07-11 16:10:31::info::/v1/api/conversation/sendMessage/668d4830d5507f1038513105::b2dc88df-7d63-43c5-a8a0-23db6407cdb3::input-params ::PATCH::::{}
2024-07-11 16:10:59::info::/v1/api/conversation/readConversations::8ab6088d-e192-4f08-83da-858a866f475a::input-params ::GET::::{}
2024-07-11 16:12:05::info::/v1/api/conversation/sendMessage/668d4830d5507f1038513105::36fdd42f-b40e-48b8-bdbb-ecfff2944525::input-params ::PATCH::::{}
2024-07-11 16:12:34::info::/v1/api/conversation/readConversation/668d4830d5507f1038513105::25c670ed-002b-4681-9a62-c8d051e6a311::input-params ::GET::::{}
2024-07-11 16:12:34::error::/v1/api/conversation/readConversation/668d4830d5507f1038513105::25c670ed-002b-4681-9a62-c8d051e6a311::undefined - NaNms - Response: {}::{"message":"Cannot populate with `sort` on path messages.senderId because it is a subproperty of a document array"}
2024-07-11 16:14:54::info::/v1/api/conversation/readConversation/668d4830d5507f1038513105::c9ff8cb1-2a29-48db-bbdf-793f2e0a0f87::input-params ::GET::::{}
2024-07-11 16:15:17::info::/v1/api/conversation/createConversation::96356d37-2fdf-4398-afd0-d7e6c61b2168::input-params ::POST::::{}
2024-07-11 16:15:32::info::/v1/api/conversation/readConversation/668fa2a75390575572c77e1a::a61a1e53-2ac8-4f87-896d-7c9e29a0c2b3::input-params ::GET::::{}
2024-07-11 16:16:48::info::/v1/api/conversation/sendMessage/668fa2a75390575572c77e1a::f5626a38-0b87-466f-9c06-b5888e66cd01::input-params ::PATCH::::{}
2024-07-11 16:17:47::info::/v1/api/conversation/sendMessage/668fa2a75390575572c77e1a::616e767d-d471-42f7-9487-4e64fb008852::input-params ::PATCH::::{}
2024-07-11 16:18:14::info::/v1/api/conversation/sendMessage/668fa2a75390575572c77e1a::f21c9b2f-f0c2-4cc2-84cc-d81a1ead4f16::input-params ::PATCH::::{}
2024-07-11 16:30:07::info::/v1/api/conversation/readConversations::2fdead05-9e0d-4eb4-8e2a-09d902fb2853::input-params ::GET::::{}
2024-07-11 16:34:50::info::/v1/api/auth/users/login::928ab946-8fed-417e-9182-d55eb468fffb::input-params ::POST::::{"email":"phapluudev2k5@gmail.com","password":"123456789"}
2024-07-11 16:34:55::info::/v1/api/conversation/readConversation/668fa2a75390575572c77e1a::fa483b2a-375a-45a1-9db1-13a0ce2c7621::input-params ::GET::::{}
2024-07-11 16:34:58::info::/v1/api/conversation/readConversations::d9018d62-47e7-494a-82f5-95e14e82fecc::input-params ::GET::::{}
2024-07-11 18:02:40::info::/v1/api/conversation/readConversations::d7eae614-221b-4359-af9f-d01c80bcf15a::input-params ::GET::::{}
2024-07-11 18:03:39::info::/v1/api/auth/users/login::18d76679-78b3-4e65-961f-76cb06764abd::input-params ::POST::::{"email":"phapluudev2k5@gmail.com","password":"123456789"}
2024-07-11 18:03:49::info::/v1/api/auth/users/login::5b0f378e-7ce1-4b8a-8308-1b2137aab43c::input-params ::POST::::{"email":"phapluu2k5tqt@gmail.com","password":"123456789"}
2024-07-11 18:04:01::info::/v1/api/conversation/sendMessage/668fa2a75390575572c77e1a::ba53bf8a-ed7e-4822-8e11-3787164011b9::input-params ::PATCH::::{}
2024-07-11 18:04:30::info::/v1/api/conversation/sendMessage::aa792419-5aaa-4c58-82f6-d62fb0930a31::input-params ::PATCH::::{}
2024-07-11 18:04:30::error::/v1/api/conversation/sendMessage::aa792419-5aaa-4c58-82f6-d62fb0930a31::404 - NaNms - Response: {"status":404}::{"message":"Not Found"}
2024-07-11 18:05:33::info::/v1/api/conversation/sendMessage::a6f790b8-bce1-4c22-9c88-f0f8e2da2dbf::input-params ::PATCH::::{}
2024-07-11 18:05:52::info::/v1/api/conversation/readConversation/668fbc7de4762abf2093a9f0::602b62df-8bc6-401e-b6b1-9081c016ec36::input-params ::GET::::{}
2024-07-11 18:06:37::info::/v1/api/conversation/sendMessage::f5dd8ccf-d4bd-43ba-8983-e80da6ea4baf::input-params ::PATCH::::{}
2024-07-11 18:07:35::info::/v1/api/conversation/sendMessage::74871a15-90a2-404e-b3f0-0dba3370f182::input-params ::PATCH::::{}
2024-07-11 18:22:42::info::/v1/api/conversation/readConversationWithOtherMember/666aa5e8f2cecdc820c83994::87f33a50-fc53-480a-b26c-4fc6b9d8b2a1::input-params ::GET::::{}
2024-07-11 18:23:35::info::/v1/api/conversation/readConversationWithOtherMember/666aa5e8f2cecdc820c83994::d275d197-60a3-42fd-8931-a311abf58a28::input-params ::GET::::{}
2024-07-11 18:24:21::info::/v1/api/conversation/readConversationWithOtherMember/666aa5e8f2cecdc820c83994::fa98811a-897e-4dbc-9a4a-09c1603a5708::input-params ::GET::::{}
