2024-07-28 09:53:25::error::/user/me::933248a9-aaa9-4dff-9e49-df1c088137f5::404 - NaNms - Response: {"status":404}::{"message":"Not Found"}
2024-07-28 09:53:27::error::/user/me::bb3526f4-6083-4705-a56b-0a7c7f90da57::404 - NaNms - Response: {"status":404}::{"message":"Not Found"}
2024-07-28 09:53:28::error::/movement/readMovements::4160dce8-9075-430a-9f13-f0c058170376::404 - NaNms - Response: {"status":404}::{"message":"Not Found"}
2024-07-28 09:53:28::error::/post/readPost/commission_market::6212cfb5-ceac-405f-adb3-d34a82b3b7bd::404 - NaNms - Response: {"status":404}::{"message":"Not Found"}
2024-07-28 09:53:28::error::/recommender/readPopularPosts::46538aff-3688-4e74-9973-936e3a9040f2::404 - NaNms - Response: {"status":404}::{"message":"Not Found"}
2024-07-28 09:53:32::error::/movement/readMovements::f9bc035a-fb52-43de-890c-dfe4caf4418a::404 - NaNms - Response: {"status":404}::{"message":"Not Found"}
2024-07-28 09:53:32::error::/user/me::cba69ea5-489f-44f4-b894-c5134d73b334::404 - NaNms - Response: {"status":404}::{"message":"Not Found"}
2024-07-28 09:53:33::error::/user/me::a1702f58-2152-47af-80ac-dcb1c0e6cd7e::404 - NaNms - Response: {"status":404}::{"message":"Not Found"}
2024-07-28 09:53:33::error::/movement/readMovements::210fd101-f1ff-4029-a848-18278f3624d8::404 - NaNms - Response: {"status":404}::{"message":"Not Found"}
2024-07-28 09:53:33::error::/recommender/readPopularPosts::403c5665-825a-4e06-8c3c-403a3da7e3d5::404 - NaNms - Response: {"status":404}::{"message":"Not Found"}
2024-07-28 09:53:36::error::/order/readOrders::4a4582d1-a892-489b-9877-41e3c42178b6::404 - NaNms - Response: {"status":404}::{"message":"Not Found"}
2024-07-28 09:53:36::error::/recommender/readPopularPosts::d962908b-6180-4d61-9b92-6947fb3b6979::404 - NaNms - Response: {"status":404}::{"message":"Not Found"}
2024-07-28 09:53:38::error::/order/readOrders::04202cfe-5515-45a0-9505-9a073f77374a::404 - NaNms - Response: {"status":404}::{"message":"Not Found"}
2024-07-28 09:53:39::error::/order/readOrders::588878b1-f8ea-4af9-a872-be58ef3ec09f::404 - NaNms - Response: {"status":404}::{"message":"Not Found"}
2024-07-28 09:53:52::error::/user/me::9877f97c-e263-4a80-bb7c-c19e1bcfdcef::404 - NaNms - Response: {"status":404}::{"message":"Not Found"}
2024-07-28 09:53:52::error::/movement/readMovements::1470e6f1-1bae-424a-93db-a8ce64e993fa::404 - NaNms - Response: {"status":404}::{"message":"Not Found"}
2024-07-28 09:53:52::error::/order/readOrders::3a72eccf-c75d-46e7-8c1f-0c51a6a76290::404 - NaNms - Response: {"status":404}::{"message":"Not Found"}
2024-07-28 09:54:45::error::/user/me::498bc205-3197-4a98-8595-5359ac765b78::404 - NaNms - Response: {"status":404}::{"message":"Not Found"}
2024-07-28 09:54:45::error::/movement/readMovements::9d067eda-bd45-46cd-bb80-5c38307c1d70::404 - NaNms - Response: {"status":404}::{"message":"Not Found"}
2024-07-28 09:54:45::error::/order/readOrders::a00c0bd3-708f-4591-b19d-c2366b007462::404 - NaNms - Response: {"status":404}::{"message":"Not Found"}
2024-07-28 09:54:55::error::/user/me::dbf24231-ba19-4406-8b0b-7e41e2de4048::404 - NaNms - Response: {"status":404}::{"message":"Not Found"}
2024-07-28 09:45:21::error::/v1/api/user/me::a0522b98-0975-403b-93b0-6470b122ee4b::403 - 0ms - Response: {"status":403,"now":1722134721353}::{"message":"Access token missing"}
2024-07-28 10:51:13::error::/v1/api/conversation/readConversationWithOtherMember/undefined::d09c09ba-bed0-48d1-b570-a6997b76ef1a::undefined - NaNms - Response: {"stringValue":"\"undefined\"","valueType":"string","kind":"ObjectId","value":"undefined","path":"_id","reason":{},"name":"CastError","message":"Cast to ObjectId failed for value \"undefined\" (type string) at path \"_id\" for model \"User\""}::{"message":"Cast to ObjectId failed for value \"undefined\" (type string) at path \"_id\" for model \"User\""}
2024-07-28 10:51:21::error::/v1/api/conversation/readConversationWithOtherMember/undefined::870c6a4e-2ac7-4ace-845b-60b987f667bf::undefined - NaNms - Response: {"stringValue":"\"undefined\"","valueType":"string","kind":"ObjectId","value":"undefined","path":"_id","reason":{},"name":"CastError","message":"Cast to ObjectId failed for value \"undefined\" (type string) at path \"_id\" for model \"User\""}::{"message":"Cast to ObjectId failed for value \"undefined\" (type string) at path \"_id\" for model \"User\""}
2024-07-28 10:51:23::error::/v1/api/conversation/readConversationWithOtherMember/undefined::3a37e429-f3e9-4bad-bf71-dc43694d9df1::undefined - NaNms - Response: {"stringValue":"\"undefined\"","valueType":"string","kind":"ObjectId","value":"undefined","path":"_id","reason":{},"name":"CastError","message":"Cast to ObjectId failed for value \"undefined\" (type string) at path \"_id\" for model \"User\""}::{"message":"Cast to ObjectId failed for value \"undefined\" (type string) at path \"_id\" for model \"User\""}
2024-07-28 10:51:36::error::/v1/api/conversation/readConversationWithOtherMember/undefined::b1b443f7-4830-4fff-ac54-0ce2ecd4ea3e::undefined - NaNms - Response: {"stringValue":"\"undefined\"","valueType":"string","kind":"ObjectId","value":"undefined","path":"_id","reason":{},"name":"CastError","message":"Cast to ObjectId failed for value \"undefined\" (type string) at path \"_id\" for model \"User\""}::{"message":"Cast to ObjectId failed for value \"undefined\" (type string) at path \"_id\" for model \"User\""}
2024-07-28 10:52:46::error::/v1/api/conversation/readConversationWithOtherMember/undefined::2c357b15-6271-4dd4-bade-1ddd58610888::undefined - NaNms - Response: {"stringValue":"\"undefined\"","valueType":"string","kind":"ObjectId","value":"undefined","path":"_id","reason":{},"name":"CastError","message":"Cast to ObjectId failed for value \"undefined\" (type string) at path \"_id\" for model \"User\""}::{"message":"Cast to ObjectId failed for value \"undefined\" (type string) at path \"_id\" for model \"User\""}
2024-07-28 10:52:52::error::/v1/api/conversation/readConversationWithOtherMember/665edd23fa87b27398b73d10::017c3d1b-45b5-4d18-a776-e0f49d9c5c8c::404 - 0ms - Response: {"status":404,"now":1722138772560}::{"message":"Conversation not found"}
2024-07-28 10:52:58::error::/v1/api/conversation/readConversationWithOtherMember/665edd23fa87b27398b73d10::77dc6f09-4c76-4323-9672-d65ae5036fc6::404 - 0ms - Response: {"status":404,"now":1722138778703}::{"message":"Conversation not found"}
2024-07-28 10:53:07::error::/v1/api/conversation/readConversationWithOtherMember/665edd23fa87b27398b73d10::23d2e258-04ea-4748-9005-1b3835af5310::404 - 0ms - Response: {"status":404,"now":1722138787435}::{"message":"Conversation not found"}
2024-07-28 10:53:29::error::/v1/api/conversation/readConversationWithOtherMember/665edd23fa87b27398b73d10::57b0ed9c-21e9-4ab2-89ea-817aa0ae42ce::404 - 0ms - Response: {"status":404,"now":1722138809587}::{"message":"Conversation not found"}
2024-07-28 10:53:32::error::/v1/api/conversation/readConversationWithOtherMember/665edd23fa87b27398b73d10::12605691-04cc-45d5-ab30-1fd2da5af81f::404 - 0ms - Response: {"status":404,"now":1722138812257}::{"message":"Conversation not found"}
2024-07-28 10:53:46::error::/v1/api/conversation/readConversationWithOtherMember/665edd23fa87b27398b73d10::4213cce3-49dd-4e26-aa53-047a636ad8e2::404 - 0ms - Response: {"status":404,"now":1722138826118}::{"message":"Conversation not found"}
2024-07-28 10:53:54::error::/v1/api/conversation/readConversationWithOtherMember/665edd23fa87b27398b73d10::1ae3c560-97a5-4441-b7c3-1aa2153c80db::404 - 0ms - Response: {"status":404,"now":1722138834666}::{"message":"Conversation not found"}
2024-07-28 10:54:03::error::/v1/api/conversation/readConversationWithOtherMember/665edd23fa87b27398b73d10::31fa7775-15d5-4cb6-a8dd-a0cf8a9887ee::404 - 0ms - Response: {"status":404,"now":1722138843907}::{"message":"Conversation not found"}
2024-07-28 10:54:10::error::/v1/api/conversation/readConversationWithOtherMember/665edd23fa87b27398b73d10::2023d2ca-b587-44c6-8a13-49667acbadcc::404 - 0ms - Response: {"status":404,"now":1722138850376}::{"message":"Conversation not found"}
2024-07-28 10:54:21::error::/v1/api/conversation/readConversationWithOtherMember/665edd23fa87b27398b73d10::5302492b-89c0-4128-8ff2-20e57411f8da::404 - 0ms - Response: {"status":404,"now":1722138861286}::{"message":"Conversation not found"}
2024-07-28 10:55:02::error::/v1/api/conversation/readConversationWithOtherMember/665edd23fa87b27398b73d10::31f1e83f-215a-4ca9-8941-5537bbb1ce49::404 - 0ms - Response: {"status":404,"now":1722138902130}::{"message":"Conversation not found"}
