2024-07-26 09:36:53::info::/v1/api/recommender/readLatestPosts::4bc7648c-74fe-4127-86ab-65b263b51b93::input-params ::GET::::{}
2024-07-26 09:38:21::info::/v1/api/recommender/readLatestPosts::35e72bda-fe7e-4737-a0bc-45332e1091ec::input-params ::GET::::{}
2024-07-26 09:39:14::info::/v1/api/recommender/readLatestPosts::2179ce5a-c73f-4f14-9f94-8bc720a8aae5::input-params ::GET::::{}
2024-07-26 09:40:28::info::/v1/api/recommender/readLatestCommissionServices::ca7d4103-3536-46ff-a2cd-ac34a81ebacc::input-params ::GET::::{}
2024-07-26 09:40:56::info::/v1/api/recommender/readLatestCommissionServices::f5455086-bb38-426f-81f3-9486dee5fe5c::input-params ::GET::::{}
2024-07-26 09:42:02::info::/v1/api/recommender/readLatestCommissionServices::df207f69-a073-4f39-aa97-eb1da994b74a::input-params ::GET::::{}
2024-07-26 09:42:58::info::/v1/api/recommender/readLatestCommissionServices::671c6661-81ea-41cc-a807-6050483fdd02::input-params ::GET::::{}
2024-07-26 09:43:25::info::/v1/api/recommender/readLatestCommissionServices::02bd788a-a0fd-42db-abe1-05dc0401a0df::input-params ::GET::::{}
2024-07-26 09:44:21::info::/v1/api/recommender/readLatestCommissionServices::5601a102-5b5d-4ca4-a42c-9e4f484d0bf2::input-params ::GET::::{}
2024-07-26 09:44:39::info::/v1/api/recommender/readLatestCommissionServices::9863bc39-670c-4f0f-8bc3-dc7d334f69ac::input-params ::GET::::{}
2024-07-26 09:45:03::info::/v1/api/recommender/readLatestCommissionServices::6745ea05-2c38-4bf3-84a6-8d5f0a4887c7::input-params ::GET::::{}
2024-07-26 09:45:52::info::/v1/api/recommender/readLatestCommissionServices::a952d320-fdfb-464c-b4ce-2b8fc3efd99b::input-params ::GET::::{}
2024-07-26 09:46:54::info::/v1/api/recommender/readLatestCommissionServices::0f5d1728-ea18-4569-9417-e103225bdce2::input-params ::GET::::{}
2024-07-26 09:47:21::info::/v1/api/recommender/readLatestCommissionServices::cc402e74-09a4-46b8-996e-cfc2bcf43ce2::input-params ::GET::::{}
2024-07-26 09:49:55::info::/v1/api/recommender/readLatestCommissionServices::58a0dda2-314a-47fb-a8a5-40fb9075e4b2::input-params ::GET::::{}
2024-07-26 09:50:26::info::/v1/api/recommender/readLatestCommissionServices::f1f3bc22-ad23-4e8b-b9d3-f90b0328c873::input-params ::GET::::{}
2024-07-26 09:50:46::info::/v1/api/recommender/readLatestCommissionServices::8b6b852b-3589-4b0b-af56-9e00b77255d4::input-params ::GET::::{}
2024-07-26 09:51:27::info::/v1/api/recommender/readLatestCommissionServices::1cc12152-92fe-4494-bb5a-a8fa2605459b::input-params ::GET::::{}
2024-07-26 09:51:53::info::/v1/api/recommender/readLatestCommissionServices::4babcb86-031c-4caf-97a2-7113305f6e3d::input-params ::GET::::{}
2024-07-26 09:52:32::info::/v1/api/recommender/readLatestCommissionServices::b9d9509c-34b7-40d2-be05-3bfa6d1e1819::input-params ::GET::::{}
2024-07-26 09:53:05::info::/v1/api/recommender/readLatestCommissionServices::e5b38af2-8d2b-4ae2-9b5f-853f897cca79::input-params ::GET::::{}
2024-07-26 09:53:43::info::/v1/api/recommender/readLatestCommissionServices::abac562e-eebc-4035-a4fb-106d11102470::input-params ::GET::::{}
2024-07-26 09:54:22::info::/v1/api/recommender/readLatestCommissionServices::37f5d587-7989-4815-8a29-f44e49dc3013::input-params ::GET::::{}
2024-07-26 09:54:42::info::/v1/api/recommender/readLatestCommissionServices::cc99a5c1-202c-4450-8001-52939d91e31c::input-params ::GET::::{}
2024-07-26 09:54:42::error::/v1/api/recommender/readLatestCommissionServices::cc99a5c1-202c-4450-8001-52939d91e31c::undefined - NaNms - Response: {}::{"message":"Failed to read latest commission services"}
2024-07-26 10:02:05::info::/v1/api/recommender/readLatestCommissionServices::76adfe03-35c4-4943-8547-878965abac8f::input-params ::GET::::{}
2024-07-26 10:02:05::error::/v1/api/recommender/readLatestCommissionServices::76adfe03-35c4-4943-8547-878965abac8f::undefined - NaNms - Response: {}::{"message":"Failed to read latest commission services"}
2024-07-26 10:04:15::info::/v1/api/recommender/readLatestCommissionServices::95a38ee3-4eb5-402d-b0da-3254b843a696::input-params ::GET::::{}
2024-07-26 10:04:17::error::/v1/api/recommender/readLatestCommissionServices::95a38ee3-4eb5-402d-b0da-3254b843a696::undefined - NaNms - Response: {}::{"message":"Failed to read latest commission services"}
2024-07-26 10:09:37::info::/v1/api/recommender/readLatestCommissionServices::89296cba-173f-4abd-9f15-2d244af3baf6::input-params ::GET::::{}
2024-07-26 10:10:02::info::/v1/api/recommender/readLatestCommissionServices::1f0a0262-7e4c-453d-9e51-e036524c946c::input-params ::GET::::{}
2024-07-26 10:11:22::info::/v1/api/recommender/readLatestCommissionServices::a8ec9813-d40e-4376-8be2-19f51d98d9c4::input-params ::GET::::{}
2024-07-26 10:12:40::info::/v1/api/recommender/readLatestCommissionServices::528d97d8-fef1-45e3-8c81-79ec56712b8a::input-params ::GET::::{}
