2024-06-26 17:06:00::error::/v1/api/c::726a4429-8fb9-4b25-b98d-919e98707765::404 - NaNms - Response: {"status":404}::{"message":"Not Found"}
2024-06-26 17:06:01::error::/v1/api/c::4fb188e5-195c-4f49-96c2-43120e347bea::404 - NaNms - Response: {"status":404}::{"message":"Not Found"}
2024-06-26 18:47:11::error::/v1/api/c::cc695788-c8e2-4d77-97ae-914e1c2ff0a3::404 - NaNms - Response: {"status":404}::{"message":"Not Found"}
2024-06-26 19:17:57::error::/v1/api/c::37c93c8c-f150-4b87-b945-c0c1f41db4db::404 - NaNms - Response: {"status":404}::{"message":"Not Found"}
2024-06-26 09:15:46::error::/v1/api/accountDashboard/readAccountOverview::a671d7d2-8078-401c-9008-3492748be49e::401 - 0ms - Response: {"status":401,"now":1719368146104}::{"message":"You are not the admin"}
2024-06-26 09:59:27::error::/v1/api/artworkCategory/deleteArtworkCategory::b00aa29e-0ca4-4a45-95f2-2c1e84554b68::404 - NaNms - Response: {"status":404}::{"message":"Not Found"}
2024-06-26 09:59:38::error::/v1/api/artworkCategory/deleteArtworkCategory/667b7b49cf00088adec3216a::174482a9-3f51-4fcd-9409-8d9dd68c0291::undefined - NaNms - Response: {}::{"message":"artworkCategory.remove is not a function"}
2024-06-26 11:30:45::error::/v1/api/artwork/createArtwork::6f3753e2-37d1-4cc0-b06e-d04f17696f38::undefined - NaNms - Response: {}::{"message":"File upload or database save failed"}
2024-06-26 11:34:00::error::/v1/api/artwork/readArtworks::7ebfcb42-b6d7-4e44-baa5-735e0f1e0c37::404 - NaNms - Response: {"status":404}::{"message":"Not Found"}
2024-06-26 11:34:52::error::/v1/api/artwork/readArtworksOfTalent/66601810d3737cbcac3bc91e::b9aaf904-18ea-4b17-812e-d5268ae6f3b1::undefined - NaNms - Response: {}::{"message":"Artwork.finds is not a function"}
2024-06-26 11:36:16::error::/v1/api/artwork/readArtwork/667b99d586344d30d979959y::e050aa93-386f-4c93-98de-5643f10bfe7d::undefined - NaNms - Response: {"stringValue":"\"667b99d586344d30d979959y\"","valueType":"string","kind":"ObjectId","value":"667b99d586344d30d979959y","path":"_id","reason":{},"name":"CastError","message":"Cast to ObjectId failed for value \"667b99d586344d30d979959y\" (type string) at path \"_id\" for model \"Artwork\""}::{"message":"Cast to ObjectId failed for value \"667b99d586344d30d979959y\" (type string) at path \"_id\" for model \"Artwork\""}
2024-06-26 11:36:24::error::/v1/api/artwork/readArtwork/667b99d586344d30d9799599::b4ef9dfa-725f-4956-8017-1704bc943ea3::404 - 0ms - Response: {"status":404,"now":1719376584250}::{"message":"Artwork not found"}
2024-06-26 11:38:20::error::/v1/api/artwork/updateArtwork/667b99d586344d30d979959e::47421882-4774-4623-bf4e-2af5605da34d::undefined - NaNms - Response: {}::{"message":"Cannot read properties of undefined (reading 'toString')"}
2024-06-26 11:39:36::error::/v1/api/artwork/updateArtwork/667b99d586344d30d979959e::784f9492-60b8-400d-8d61-3bbb8a7f4bf1::undefined - NaNms - Response: {}::{"message":"Artwork update failed"}
2024-06-26 11:42:25::error::/v1/api/artwork/deleteArtwork/667b9a3386344d30d97995a1::4705118e-fd12-403f-b83b-37a1f6f93259::undefined - NaNms - Response: {}::{"message":"Cannot read properties of undefined (reading 'toString')"}
2024-06-26 15:16:05::error::/v1/api/order/readOrders::5e21deba-eb25-4d13-ba73-eb599470a2a5::404 - NaNms - Response: {"status":404}::{"message":"Not Found"}
2024-06-26 15:22:04::error::/v1/api/review/createReview/666aa68d5a40b73e7f404702::9260519b-11ba-4971-847b-c2b7649ea816::404 - NaNms - Response: {"status":404}::{"message":"Not Found"}
2024-06-26 15:22:57::error::/v1/api/review/createReview/666aa68d5a40b73e7f404702::dc36dd0b-65c2-4944-aaae-848d02e3c6d7::404 - NaNms - Response: {"status":404}::{"message":"Not Found"}
2024-06-26 15:23:56::error::/v1/api/review/createReview/666aa68d5a40b73e7f404702::efd3cf66-0f5b-4aff-bc9b-fb4420a63b4f::404 - NaNms - Response: {"status":404}::{"message":"Not Found"}
2024-06-26 15:25:02::error::/v1/api/review/createReview/666aa68d5a40b73e7f404702::bd0cddc7-13dd-4366-b5ff-dc630f13f54e::401 - 0ms - Response: {"status":401,"now":1719390302512}::{"message":"You are not authorized to create this review"}
2024-06-26 15:46:49::error::/v1/api/order/createOrder::fae8f820-01d7-4fac-8c08-b4b5d96eba99::undefined - NaNms - Response: {"errors":{"review.comment":{"name":"ValidatorError","message":"Path `review.comment` is required.","properties":{"message":"Path `review.comment` is required.","type":"required","path":"review.comment"},"kind":"required","path":"review.comment"},"review.rating":{"name":"ValidatorError","message":"Path `review.rating` is required.","properties":{"message":"Path `review.rating` is required.","type":"required","path":"review.rating"},"kind":"required","path":"review.rating"}},"_message":"Order validation failed","name":"ValidationError","message":"Order validation failed: review.comment: Path `review.comment` is required., review.rating: Path `review.rating` is required."}::{"message":"Order validation failed: review.comment: Path `review.comment` is required., review.rating: Path `review.rating` is required."}
2024-06-26 15:51:55::error::/v1/api/review/readReviews/66742d4af3390f5f176aea6c::33fe5105-4117-45ce-baca-e0441392b51e::404 - NaNms - Response: {"status":404}::{"message":"Not Found"}
2024-06-26 15:52:07::error::/v1/api/review/readReviews/66742d4af3390f5f176aea6c::88980c34-16a3-4dbb-b3bf-db802bc9e2d0::404 - NaNms - Response: {"status":404}::{"message":"Not Found"}
2024-06-26 19:14:26::error::/v1/api/termOfService/createTermOfService::349287bf-652e-4fbf-97c7-c0e01b97a826::404 - NaNms - Response: {"status":404}::{"message":"Not Found"}
2024-06-26 19:14:43::error::/v1/api/termOfService/createTermOfService::c78993c0-2163-4030-a327-ded121467cc7::404 - NaNms - Response: {"status":404}::{"message":"Not Found"}
2024-06-26 19:15:11::error::/v1/api/termOfService/createTermOfService::458c1113-88d1-4bbf-8bf0-f14e41259080::404 - NaNms - Response: {"status":404}::{"message":"Not Found"}
2024-06-26 19:15:44::error::/v1/api/termOfService/createTermOfService::2846ef19-e70b-497f-b31f-e71d45909232::403 - 0ms - Response: {"status":403,"now":1719404144287}::{"message":"User is not a talent"}
