2024-10-09 08:27:06::info::/v1/api/auth/users/login::bc79037d-fd53-4aeb-b7a6-a3951446d323::input-params ::POST::::{"email":"phapluu9ithd@gmail.com","password":"PhapNhat987AZ@"}
2024-10-09 08:30:20::info::/v1/api/badge/readTrustedArtistBadge::1b2f9e88-30b2-4893-9397-418f1db69c0a::input-params ::GET::::{}
2024-10-09 08:30:20::error::/v1/api/badge/readTrustedArtistBadge::1b2f9e88-30b2-4893-9397-418f1db69c0a::404 - NaNms - Response: {"status":404}::{"message":"Not Found"}
2024-10-09 08:30:40::info::/v1/api/badge/readEarlyBird::52976686-2b73-48fc-a196-a154d117a20f::input-params ::GET::::{}
2024-10-09 08:30:40::error::/v1/api/badge/readEarlyBird::52976686-2b73-48fc-a196-a154d117a20f::404 - NaNms - Response: {"status":404}::{"message":"Not Found"}
2024-10-09 08:31:00::info::/v1/api/badge/readEarlyBird/EarlyBird::2ad95951-f443-43e9-8a6b-66b5a5bdd373::input-params ::GET::::{}
2024-10-09 08:31:00::error::/v1/api/badge/readEarlyBird/EarlyBird::2ad95951-f443-43e9-8a6b-66b5a5bdd373::404 - NaNms - Response: {"status":404}::{"message":"Not Found"}
2024-10-09 08:31:26::info::/v1/api/badge/readEarlyBirdBadge/EarlyBird::2a60acde-29bb-49cc-a1e4-94164eaa8417::input-params ::GET::::{}
2024-10-09 08:32:28::info::/v1/api/badge/readEarlyBirdBadge/EarlyBird::41ff9f78-1172-4c65-9ec1-713eef26c71b::input-params ::GET::::{}
2024-10-09 08:32:39::info::/v1/api/badge/readTrustedArtistBadge/TrustedArtist::2806bcc8-a8f2-4086-9679-acecc19a329a::input-params ::GET::::{}
2024-10-09 08:32:39::error::/v1/api/badge/readTrustedArtistBadge/TrustedArtist::2806bcc8-a8f2-4086-9679-acecc19a329a::undefined - NaNms - Response: {}::{"message":"badgeKey is not defined"}
2024-10-09 08:33:33::info::/v1/api/badge/readTrustedArtistBadge/TrustedArtist::048a3182-0fc7-43aa-93d3-7e71bb7d273d::input-params ::GET::::{}
2024-10-09 08:33:34::error::/v1/api/badge/readTrustedArtistBadge/TrustedArtist::048a3182-0fc7-43aa-93d3-7e71bb7d273d::undefined - NaNms - Response: {}::{"message":"badgeKey is not defined"}
2024-10-09 08:36:32::info::/v1/api/badge/readTrustedArtistBadge/TrustedArtist::26287d53-7c88-4137-a8c1-aee92c64beae::input-params ::GET::::{}
2024-10-09 08:36:48::info::/v1/api/badge/readPlatformAmbassadorBadge::a2230189-6f62-452c-84a5-11e86e6f6a8d::input-params ::GET::::{}
2024-10-09 08:36:48::error::/v1/api/badge/readPlatformAmbassadorBadge::a2230189-6f62-452c-84a5-11e86e6f6a8d::404 - NaNms - Response: {"status":404}::{"message":"Not Found"}
2024-10-09 08:37:01::info::/v1/api/badge/readPlatformAmbassadorBadge/PlatformAmbassador::d1f5fffe-ef5a-494b-ac89-7331f132db0e::input-params ::GET::::{}
2024-10-09 08:37:42::info::/v1/api/badge/readPlatformAmbassadorBadge/PlatformAmbassador::2f094b85-9eb1-42ec-b2b3-6f23ec89eb0c::input-params ::GET::::{}
2024-10-09 08:44:06::info::/v1/api/badge/readTrustedArtistBadge/trustedArtist::188aa899-b8dd-4bfc-bc1d-44bec27da0e7::input-params ::GET::::{}
2024-10-09 08:44:10::info::/v1/api/badge/readPlatformAmbassadorBadge/platformAmbassador::3c7b7f6e-7347-49e9-8b43-1e19ab738828::input-params ::GET::::{}
2024-10-09 08:44:14::info::/v1/api/badge/readEarlyBirdBadge/earlyBird::cb1d83ca-174f-480a-b82a-cb4a78fc351e::input-params ::GET::::{}
2024-10-09 08:44:26::info::/v1/api/badge/awardTrustedArtistBadge/trustedBadge::1259ff14-af27-452a-aab3-d1e807bef726::input-params ::PATCH::::{}
2024-10-09 08:44:26::error::/v1/api/badge/awardTrustedArtistBadge/trustedBadge::1259ff14-af27-452a-aab3-d1e807bef726::404 - NaNms - Response: {"status":404}::{"message":"Not Found"}
2024-10-09 08:44:48::info::/v1/api/badge/awardTrustedArtistBadge/trustedBadge::53e1437c-0310-40b4-8df5-052826868f03::input-params ::PATCH::::{}
2024-10-09 08:44:57::info::/v1/api/badge/readTrustedArtistBadge/trustedArtist::61db4493-b8d3-4cd2-9ea6-e332aafb13de::input-params ::GET::::{}
2024-10-09 08:45:51::info::/v1/api/badge/readTrustedArtistBadge/trustedArtist::da82d61c-cac6-4bc1-93cc-9b92dcbe3314::input-params ::GET::::{}
2024-10-09 08:46:11::info::/v1/api/badge/awardTrustedArtistBadge/trustedArtist::218b5cff-50f9-4b75-a535-1581212506d9::input-params ::PATCH::::{}
2024-10-09 08:46:17::info::/v1/api/badge/readTrustedArtistBadge/trustedArtist::173922aa-4227-40a8-8505-1f4ebcc36aef::input-params ::GET::::{}
2024-10-09 08:46:57::info::/v1/api/badge/awardPlatformAmbassadorBadge/platformAmbassador::f2f50752-52cc-4466-b9f4-08b03f099f88::input-params ::PATCH::::{}
2024-10-09 08:46:57::error::/v1/api/badge/awardPlatformAmbassadorBadge/platformAmbassador::f2f50752-52cc-4466-b9f4-08b03f099f88::403 - 3ms - Response: {"status":403,"now":1728438417296}::{"message":"User is not eligible for this badge!"}
2024-10-09 09:02:52::info::/v1/api/badge/readBadge/trustedArtist::5672ffeb-5feb-4b8d-9829-5457b5eb255b::input-params ::GET::::{}
2024-10-09 09:03:06::info::/v1/api/badge/awardBadge/trustedArtist::6e716297-772d-42b2-81e9-f4f63ae20b1b::input-params ::PATCH::::{}
2024-10-09 09:04:04::info::/v1/api/badge/awardBadge/trustedArtist::dda271fd-6502-489a-a712-bd3a2f9c633d::input-params ::PATCH::::{}
2024-10-09 09:04:04::error::/v1/api/badge/awardBadge/trustedArtist::dda271fd-6502-489a-a712-bd3a2f9c633d::403 - 2ms - Response: {"status":403,"now":1728439444898}::{"message":"User already has this badge!"}
2024-10-09 09:04:09::info::/v1/api/badge/readBadge/trustedArtist::6a70fecd-5764-4ec2-8877-f19176b97352::input-params ::GET::::{}
2024-10-09 09:06:38::info::/v1/api/badge/readBadge/trustedArtist::a2267a6a-f8c8-4608-bf1b-2bd3db73d0fe::input-params ::GET::::{}
2024-10-09 09:07:11::info::/v1/api/badge/readBadge/platformAmbassador::3af5947a-f61d-475f-a363-61db162c9783::input-params ::GET::::{}
2024-10-09 09:07:35::info::/v1/api/badge/readBadge/earlyBird::a25c6070-f292-4d38-95c4-6f67b159d318::input-params ::GET::::{}
2024-10-09 09:08:21::info::/v1/api/badge/awardBadge/trustedArtist::c4a19e48-51f0-431a-a06b-b2c825f92b45::input-params ::PATCH::::{}
2024-10-09 09:08:21::error::/v1/api/badge/awardBadge/trustedArtist::c4a19e48-51f0-431a-a06b-b2c825f92b45::403 - 4ms - Response: {"status":403,"now":1728439701166}::{"message":"User already has this badge!"}
2024-10-09 09:08:50::info::/v1/api/badge/awardBadge/trustedArtist::8443da12-485b-44db-80d3-bd289ffc8c98::input-params ::PATCH::::{}
2024-10-09 09:08:50::error::/v1/api/badge/awardBadge/trustedArtist::8443da12-485b-44db-80d3-bd289ffc8c98::undefined - NaNms - Response: {}::{"message":"Cannot access 'badgeIndex' before initialization"}
2024-10-09 09:09:10::info::/v1/api/badge/awardBadge/trustedArtist::ac857da8-dfc0-4d80-8ad9-29885e0ecde9::input-params ::PATCH::::{}
2024-10-09 09:09:10::error::/v1/api/badge/awardBadge/trustedArtist::ac857da8-dfc0-4d80-8ad9-29885e0ecde9::undefined - NaNms - Response: {}::{"message":"claimable is not defined"}
2024-10-09 09:09:27::info::/v1/api/badge/awardBadge/trustedArtist::5fd09295-c091-4b35-9529-5a7605dd6df3::input-params ::PATCH::::{}
2024-10-09 09:09:27::error::/v1/api/badge/awardBadge/trustedArtist::5fd09295-c091-4b35-9529-5a7605dd6df3::403 - 3ms - Response: {"status":403,"now":1728439767659}::{"message":"User already has this badge!"}
2024-10-09 09:11:09::info::/v1/api/badge/awardBadge/platformAmbassador::d454c2b1-6fb1-45d8-af40-5b08e4918d83::input-params ::PATCH::::{}
2024-10-09 09:11:09::error::/v1/api/badge/awardBadge/platformAmbassador::d454c2b1-6fb1-45d8-af40-5b08e4918d83::403 - 1ms - Response: {"status":403,"now":1728439869747}::{"message":"User is not eligible for this badge!"}
2024-10-09 09:11:20::info::/v1/api/badge/awardBadge/EarlyBird::ea95441c-0541-43fc-8d6c-8e1eb373145a::input-params ::PATCH::::{}
2024-10-09 09:11:20::error::/v1/api/badge/awardBadge/EarlyBird::ea95441c-0541-43fc-8d6c-8e1eb373145a::403 - 3ms - Response: {"status":403,"now":1728439880877}::{"message":"Invalid badge key!"}
2024-10-09 09:11:25::info::/v1/api/badge/awardBadge/earlyBird::bc444764-a607-4947-85eb-2c196f714e35::input-params ::PATCH::::{}
2024-10-09 09:11:25::error::/v1/api/badge/awardBadge/earlyBird::bc444764-a607-4947-85eb-2c196f714e35::403 - 0ms - Response: {"status":403,"now":1728439885781}::{"message":"User is not eligible for this badge!"}
2024-10-09 09:53:39::info::/v1/api/badge/readBadge/fresherArtist::88a488d8-9248-45eb-877a-ac8e4b1654c5::input-params ::GET::::{}
2024-10-09 09:53:57::info::/v1/api/auth/users/login::18d92740-ec8c-4814-82b1-ae21ac2db89b::input-params ::POST::::{"email":"phapluu2k5tqt@gmail.com","password":"PhapNhat987AZ@"}
2024-10-09 09:54:01::info::/v1/api/badge/readBadge/fresherArtist::006a4c6f-d9bb-46a1-a7a4-b4e411d72288::input-params ::GET::::{}
2024-10-09 09:54:33::info::/v1/api/badge/readBadge/fresherArtist::1b5d97d3-d49f-4c4c-b9e6-ec429d10a714::input-params ::GET::::{}
2024-10-09 09:54:57::info::/v1/api/badge/readBadge/fresherArtist::78e71e5b-306a-4fa7-97e1-01b5f4503cdb::input-params ::GET::::{}
2024-10-09 09:58:21::info::/v1/api/badge/readBadge/juniorArtist::2d705fb7-db82-4382-9c14-bda5f0217758::input-params ::GET::::{}
2024-10-09 15:42:36::info::/v1/api/badge/readBadge/fresherArtist::2ed369dc-195a-4eba-8a30-a0e5b405a83c::input-params ::GET::::{}
2024-10-09 15:48:18::info::/v1/api/user/me::bf412090-0e68-4866-958c-efe5b42f9e50::input-params ::GET::::{}
2024-10-09 15:48:21::info::/v1/api/user/me::f21859ac-4cfe-4d1f-bb86-cc3c50cdf7ad::input-params ::GET::::{}
2024-10-09 15:48:21::info::/v1/api/movement/readMovements::9d9d55de-eedd-4422-8838-435ac0aabce6::input-params ::GET::::{}
2024-10-09 15:48:21::info::/v1/api/recommender/readPopularPosts::793d15e9-0221-467e-a2be-92682653bec5::input-params ::GET::::{"page":"1","limit":"10"}
2024-10-09 15:48:21::info::/v1/api/news/readNewss::a4e06460-8458-43cf-995b-efc68efaf2d2::input-params ::GET::::{}
2024-10-09 15:48:22::info::/v1/api/recommender/readPopularPosts::c68ac944-ba34-4b59-87a2-693dcd568475::input-params ::GET::::{"page":"1","limit":"10"}
2024-10-09 15:48:44::info::/v1/api/movement/readMovements::527e429f-a255-4f5b-b407-fed014a4bcd8::input-params ::GET::::{}
2024-10-09 15:48:44::info::/v1/api/news/readNewss::c6db65e9-12ff-480f-a4a0-9610d64f54df::input-params ::GET::::{}
2024-10-09 15:48:44::info::/v1/api/movement/readMovements::10c48038-80b6-46b8-a4db-4897fd37958b::input-params ::GET::::{}
2024-10-09 15:48:44::info::/v1/api/news/readNewss::df02ac24-d10a-47a7-a597-81c3a17dc007::input-params ::GET::::{}
2024-10-09 15:48:52::info::/v1/api/movement/readMovements::7bea07a0-eb5d-4125-b05f-94354053030a::input-params ::GET::::{}
2024-10-09 15:48:52::info::/v1/api/news/readNewss::00d26570-d400-41b6-b477-9e1241f0dca6::input-params ::GET::::{}
2024-10-09 15:48:53::info::/v1/api/user/me::a1d2b039-20d0-4492-a1e2-11ab968eb776::input-params ::GET::::{}
2024-10-09 15:48:53::info::/v1/api/movement/readMovements::283ab824-ee9e-4d9a-ad23-bcc9c3f3deb7::input-params ::GET::::{}
2024-10-09 15:48:53::info::/v1/api/news/readNewss::6222c7d1-d03d-4291-914f-7b4a81d79125::input-params ::GET::::{}
2024-10-09 15:48:53::info::/v1/api/recommender/readPopularPosts::aedd76cb-fdd4-4781-a836-206300e2518f::input-params ::GET::::{"page":"1","limit":"10"}
2024-10-09 15:48:54::info::/v1/api/recommender/readPopularPosts::ce9af5ab-7a56-43dd-9232-85f5df655f52::input-params ::GET::::{"page":"1","limit":"10"}
2024-10-09 15:49:28::info::/v1/api/movement/readMovements::3538f43a-72f6-43ea-b4b0-09c5c5dd9c22::input-params ::GET::::{}
2024-10-09 15:49:28::info::/v1/api/news/readNewss::c21f9764-8e3f-4623-abe1-424ec8735403::input-params ::GET::::{}
2024-10-09 15:51:29::info::/v1/api/movement/readMovements::ecb1ec08-4e43-41e2-8589-9d0a16d7fdac::input-params ::GET::::{}
2024-10-09 15:51:29::info::/v1/api/news/readNewss::253663d7-91a5-4f90-8a19-ecaf79f4501d::input-params ::GET::::{}
2024-10-09 15:51:30::info::/v1/api/movement/readMovements::a68eb162-6eba-47af-89d5-0acd4079c1a9::input-params ::GET::::{}
2024-10-09 15:51:30::info::/v1/api/news/readNewss::069d544d-3510-4855-a939-e14fcb06dce2::input-params ::GET::::{}
2024-10-09 15:51:31::info::/v1/api/user/readUserProfile/66cc05f32eb9247b31f02ad9::63501bd7-e99c-4512-bd6a-9671f91687ed::input-params ::GET::::{}
2024-10-09 15:51:38::info::/v1/api/auth/users/logout::8fe187c3-fcf6-45f7-a126-b10f5ec62759::input-params ::POST::::{}
2024-10-09 15:51:38::info::/v1/api/user/me::e8a88eb1-aa77-4824-9198-85af93e7f100::input-params ::GET::::{}
2024-10-09 15:51:38::error::/v1/api/user/me::e8a88eb1-aa77-4824-9198-85af93e7f100::403 - 1ms - Response: {"status":403,"now":1728463898676}::{"message":"Access token missing"}
2024-10-09 15:51:53::info::/v1/api/auth/google::7ddb29c9-6af9-4c2a-a82f-c2ec350c4a1b::input-params ::GET::::{}
2024-10-09 15:51:56::info::/v1/api/user/readUserProfile/66cc05f32eb9247b31f02ad9::64a2205c-02d7-4fd4-93ba-cb0ac26b0a31::input-params ::GET::::{}
2024-10-09 15:52:13::info::/v1/api/user/me::b68ca0f2-533d-4589-b840-e274fe3e3090::input-params ::GET::::{}
2024-10-09 15:52:13::error::/v1/api/user/me::b68ca0f2-533d-4589-b840-e274fe3e3090::403 - 0ms - Response: {"status":403,"now":1728463933063}::{"message":"Access token missing"}
2024-10-09 15:52:13::info::/v1/api/movement/readMovements::d276db8d-f5b0-44c7-b2f6-c09f4a4bc576::input-params ::GET::::{}
2024-10-09 15:52:13::info::/v1/api/user/readUserProfile/66cc05f32eb9247b31f02ad9::a41c6d8c-34b0-4db2-85bd-07a20a811d8d::input-params ::GET::::{}
2024-10-09 15:52:13::info::/v1/api/user/me::aa62d992-b56c-4c1e-9592-443a7b88fa76::input-params ::GET::::{}
2024-10-09 15:52:13::error::/v1/api/user/me::aa62d992-b56c-4c1e-9592-443a7b88fa76::403 - 0ms - Response: {"status":403,"now":1728463933513}::{"message":"Access token missing"}
2024-10-09 15:52:13::info::/v1/api/movement/readMovements::3648ce24-4b47-4f2a-876a-1335c3347a58::input-params ::GET::::{}
2024-10-09 15:52:13::info::/v1/api/user/readUserProfile/66cc05f32eb9247b31f02ad9::7f8e3b62-08ff-4705-84d7-f812c7b81b23::input-params ::GET::::{}
2024-10-09 15:52:14::info::/v1/api/auth/users/login::034bd151-02c6-49eb-9675-9dffc73e142d::input-params ::POST::::{"email":"abzdq12zaazb@gmail.com","password":"123456789"}
2024-10-09 15:52:18::info::/v1/api/talentRequest/readMyTalentRequest::da89e29d-8746-46c2-851d-9c3810d7a099::input-params ::GET::::{}
2024-10-09 15:52:18::info::/v1/api/talentRequest/readMyTalentRequest::b85e6fb5-92b5-4fd2-8575-55fc9fe779b5::input-params ::GET::::{}
2024-10-09 15:52:30::info::/v1/api/movement/readMovements::9de32af0-81d6-4ee2-a26f-2c737d5a57fa::input-params ::GET::::{}
2024-10-09 15:52:30::info::/v1/api/user/readUserProfile/66cc05f32eb9247b31f02ad9::8b2239b8-77e4-4376-aea1-826c8a289627::input-params ::GET::::{}
2024-10-09 15:52:58::info::/v1/api/movement/readMovements::ef797979-d1dd-4ec0-918b-cc2b38463bfe::input-params ::GET::::{}
2024-10-09 15:52:58::info::/v1/api/user/readUserProfile/66cc05f32eb9247b31f02ad9::466d8c14-0b51-41fb-b773-4d702f89e39d::input-params ::GET::::{}
2024-10-09 15:52:59::info::/v1/api/movement/readMovements::8c2e8aff-7207-4328-81b9-0f64ef57ea15::input-params ::GET::::{}
2024-10-09 15:52:59::info::/v1/api/user/readUserProfile/66cc05f32eb9247b31f02ad9::1da3a0b0-fbde-400c-933b-f2698b24fb8e::input-params ::GET::::{}
2024-10-09 16:33:46::info::/v1/api/movement/readMovements::3469c277-e7c5-498c-90d3-650be1f2f9c4::input-params ::GET::::{}
2024-10-09 16:33:46::info::/v1/api/user/readUserProfile/66cc05f32eb9247b31f02ad9::04823f1b-3c9e-48d8-8f5c-c5351ce5ad25::input-params ::GET::::{}
2024-10-09 16:33:46::error::/v1/api/user/readUserProfile/66cc05f32eb9247b31f02ad9::04823f1b-3c9e-48d8-8f5c-c5351ce5ad25::undefined - NaNms - Response: {"errors":{"taxCode":{"name":"ValidatorError","message":"Cast to string failed for value \"{ code: '', isVerified: false, message: '' }\" (type Object) at path \"taxCode\"","properties":{"path":"taxCode","message":"Cast to string failed for value \"{ code: '', isVerified: false, message: '' }\" (type Object) at path \"taxCode\"","type":"cast","value":{"code":"","isVerified":false,"message":""},"reason":{"stringValue":"\"{ code: '', isVerified: false, message: '' }\"","valueType":"Object","kind":"string","value":{"code":"","isVerified":false,"message":""},"path":"taxCode","reason":null,"name":"CastError","message":"Cast to string failed for value \"{ code: '', isVerified: false, message: '' }\" (type Object) at path \"taxCode\""}},"kind":"cast","path":"taxCode","value":{"code":"","isVerified":false,"message":""},"reason":{"stringValue":"\"{ code: '', isVerified: false, message: '' }\"","valueType":"Object","kind":"string","value":{"code":"","isVerified":false,"message":""},"path":"taxCode","reason":null,"name":"CastError","message":"Cast to string failed for value \"{ code: '', isVerified: false, message: '' }\" (type Object) at path \"taxCode\""}}},"_message":"User validation failed","name":"ValidationError","message":"User validation failed: taxCode: Cast to string failed for value \"{ code: '', isVerified: false, message: '' }\" (type Object) at path \"taxCode\""}::{"message":"User validation failed: taxCode: Cast to string failed for value \"{ code: '', isVerified: false, message: '' }\" (type Object) at path \"taxCode\""}
2024-10-09 16:33:48::info::/v1/api/movement/readMovements::687042a7-8941-4e71-9f04-fbdf58f554a4::input-params ::GET::::{}
2024-10-09 16:33:48::info::/v1/api/user/readUserProfile/66cc05f32eb9247b31f02ad9::74e6dfee-8fe8-4228-85e9-35d1f4236465::input-params ::GET::::{}
2024-10-09 16:33:49::error::/v1/api/user/readUserProfile/66cc05f32eb9247b31f02ad9::74e6dfee-8fe8-4228-85e9-35d1f4236465::undefined - NaNms - Response: {"errors":{"taxCode":{"name":"ValidatorError","message":"Cast to string failed for value \"{ code: '', isVerified: false, message: '' }\" (type Object) at path \"taxCode\"","properties":{"path":"taxCode","message":"Cast to string failed for value \"{ code: '', isVerified: false, message: '' }\" (type Object) at path \"taxCode\"","type":"cast","value":{"code":"","isVerified":false,"message":""},"reason":{"stringValue":"\"{ code: '', isVerified: false, message: '' }\"","valueType":"Object","kind":"string","value":{"code":"","isVerified":false,"message":""},"path":"taxCode","reason":null,"name":"CastError","message":"Cast to string failed for value \"{ code: '', isVerified: false, message: '' }\" (type Object) at path \"taxCode\""}},"kind":"cast","path":"taxCode","value":{"code":"","isVerified":false,"message":""},"reason":{"stringValue":"\"{ code: '', isVerified: false, message: '' }\"","valueType":"Object","kind":"string","value":{"code":"","isVerified":false,"message":""},"path":"taxCode","reason":null,"name":"CastError","message":"Cast to string failed for value \"{ code: '', isVerified: false, message: '' }\" (type Object) at path \"taxCode\""}}},"_message":"User validation failed","name":"ValidationError","message":"User validation failed: taxCode: Cast to string failed for value \"{ code: '', isVerified: false, message: '' }\" (type Object) at path \"taxCode\""}::{"message":"User validation failed: taxCode: Cast to string failed for value \"{ code: '', isVerified: false, message: '' }\" (type Object) at path \"taxCode\""}
2024-10-09 16:33:57::info::/v1/api/user/readUserProfile/66cc05f32eb9247b31f02ad9::f1586c9c-eca5-4af8-b9d3-9f2e35e99b33::input-params ::GET::::{}
2024-10-09 16:33:57::info::/v1/api/movement/readMovements::8172e37e-7a84-4e28-a526-e53ca3abe2a4::input-params ::GET::::{}
2024-10-09 16:33:57::error::/v1/api/user/readUserProfile/66cc05f32eb9247b31f02ad9::f1586c9c-eca5-4af8-b9d3-9f2e35e99b33::undefined - NaNms - Response: {"errors":{"taxCode":{"name":"ValidatorError","message":"Cast to string failed for value \"{ code: '', isVerified: false, message: '' }\" (type Object) at path \"taxCode\"","properties":{"path":"taxCode","message":"Cast to string failed for value \"{ code: '', isVerified: false, message: '' }\" (type Object) at path \"taxCode\"","type":"cast","value":{"code":"","isVerified":false,"message":""},"reason":{"stringValue":"\"{ code: '', isVerified: false, message: '' }\"","valueType":"Object","kind":"string","value":{"code":"","isVerified":false,"message":""},"path":"taxCode","reason":null,"name":"CastError","message":"Cast to string failed for value \"{ code: '', isVerified: false, message: '' }\" (type Object) at path \"taxCode\""}},"kind":"cast","path":"taxCode","value":{"code":"","isVerified":false,"message":""},"reason":{"stringValue":"\"{ code: '', isVerified: false, message: '' }\"","valueType":"Object","kind":"string","value":{"code":"","isVerified":false,"message":""},"path":"taxCode","reason":null,"name":"CastError","message":"Cast to string failed for value \"{ code: '', isVerified: false, message: '' }\" (type Object) at path \"taxCode\""}}},"_message":"User validation failed","name":"ValidationError","message":"User validation failed: taxCode: Cast to string failed for value \"{ code: '', isVerified: false, message: '' }\" (type Object) at path \"taxCode\""}::{"message":"User validation failed: taxCode: Cast to string failed for value \"{ code: '', isVerified: false, message: '' }\" (type Object) at path \"taxCode\""}
2024-10-09 16:33:58::info::/v1/api/movement/readMovements::4d9fc0be-73f7-461c-9979-237d55ed42a4::input-params ::GET::::{}
2024-10-09 16:33:58::info::/v1/api/user/readUserProfile/66cc05f32eb9247b31f02ad9::0d8481fe-a9cd-458c-94e1-74cf5ac2d698::input-params ::GET::::{}
2024-10-09 16:33:58::error::/v1/api/user/readUserProfile/66cc05f32eb9247b31f02ad9::0d8481fe-a9cd-458c-94e1-74cf5ac2d698::undefined - NaNms - Response: {"errors":{"taxCode":{"name":"ValidatorError","message":"Cast to string failed for value \"{ code: '', isVerified: false, message: '' }\" (type Object) at path \"taxCode\"","properties":{"path":"taxCode","message":"Cast to string failed for value \"{ code: '', isVerified: false, message: '' }\" (type Object) at path \"taxCode\"","type":"cast","value":{"code":"","isVerified":false,"message":""},"reason":{"stringValue":"\"{ code: '', isVerified: false, message: '' }\"","valueType":"Object","kind":"string","value":{"code":"","isVerified":false,"message":""},"path":"taxCode","reason":null,"name":"CastError","message":"Cast to string failed for value \"{ code: '', isVerified: false, message: '' }\" (type Object) at path \"taxCode\""}},"kind":"cast","path":"taxCode","value":{"code":"","isVerified":false,"message":""},"reason":{"stringValue":"\"{ code: '', isVerified: false, message: '' }\"","valueType":"Object","kind":"string","value":{"code":"","isVerified":false,"message":""},"path":"taxCode","reason":null,"name":"CastError","message":"Cast to string failed for value \"{ code: '', isVerified: false, message: '' }\" (type Object) at path \"taxCode\""}}},"_message":"User validation failed","name":"ValidationError","message":"User validation failed: taxCode: Cast to string failed for value \"{ code: '', isVerified: false, message: '' }\" (type Object) at path \"taxCode\""}::{"message":"User validation failed: taxCode: Cast to string failed for value \"{ code: '', isVerified: false, message: '' }\" (type Object) at path \"taxCode\""}
2024-10-09 16:34:12::info::/v1/api/movement/readMovements::5e19537c-6d9f-4858-a054-b3ce74ecbc67::input-params ::GET::::{}
2024-10-09 16:34:12::info::/v1/api/user/readUserProfile/66cc05f32eb9247b31f02ad9::0d9e379b-0a55-4949-816a-7bf781645c7b::input-params ::GET::::{}
2024-10-09 16:34:12::error::/v1/api/user/readUserProfile/66cc05f32eb9247b31f02ad9::0d9e379b-0a55-4949-816a-7bf781645c7b::undefined - NaNms - Response: {"errors":{"taxCode":{"name":"ValidatorError","message":"Cast to string failed for value \"{ code: '', isVerified: false, message: '' }\" (type Object) at path \"taxCode\"","properties":{"path":"taxCode","message":"Cast to string failed for value \"{ code: '', isVerified: false, message: '' }\" (type Object) at path \"taxCode\"","type":"cast","value":{"code":"","isVerified":false,"message":""},"reason":{"stringValue":"\"{ code: '', isVerified: false, message: '' }\"","valueType":"Object","kind":"string","value":{"code":"","isVerified":false,"message":""},"path":"taxCode","reason":null,"name":"CastError","message":"Cast to string failed for value \"{ code: '', isVerified: false, message: '' }\" (type Object) at path \"taxCode\""}},"kind":"cast","path":"taxCode","value":{"code":"","isVerified":false,"message":""},"reason":{"stringValue":"\"{ code: '', isVerified: false, message: '' }\"","valueType":"Object","kind":"string","value":{"code":"","isVerified":false,"message":""},"path":"taxCode","reason":null,"name":"CastError","message":"Cast to string failed for value \"{ code: '', isVerified: false, message: '' }\" (type Object) at path \"taxCode\""}}},"_message":"User validation failed","name":"ValidationError","message":"User validation failed: taxCode: Cast to string failed for value \"{ code: '', isVerified: false, message: '' }\" (type Object) at path \"taxCode\""}::{"message":"User validation failed: taxCode: Cast to string failed for value \"{ code: '', isVerified: false, message: '' }\" (type Object) at path \"taxCode\""}
2024-10-09 16:34:12::info::/v1/api/movement/readMovements::38ea503c-e4d3-4b56-b208-493f79f13327::input-params ::GET::::{}
2024-10-09 16:34:12::info::/v1/api/user/readUserProfile/66cc05f32eb9247b31f02ad9::55121a3b-f79d-4a99-b908-38e7560db280::input-params ::GET::::{}
2024-10-09 16:34:12::error::/v1/api/user/readUserProfile/66cc05f32eb9247b31f02ad9::55121a3b-f79d-4a99-b908-38e7560db280::undefined - NaNms - Response: {"errors":{"taxCode":{"name":"ValidatorError","message":"Cast to string failed for value \"{ code: '', isVerified: false, message: '' }\" (type Object) at path \"taxCode\"","properties":{"path":"taxCode","message":"Cast to string failed for value \"{ code: '', isVerified: false, message: '' }\" (type Object) at path \"taxCode\"","type":"cast","value":{"code":"","isVerified":false,"message":""},"reason":{"stringValue":"\"{ code: '', isVerified: false, message: '' }\"","valueType":"Object","kind":"string","value":{"code":"","isVerified":false,"message":""},"path":"taxCode","reason":null,"name":"CastError","message":"Cast to string failed for value \"{ code: '', isVerified: false, message: '' }\" (type Object) at path \"taxCode\""}},"kind":"cast","path":"taxCode","value":{"code":"","isVerified":false,"message":""},"reason":{"stringValue":"\"{ code: '', isVerified: false, message: '' }\"","valueType":"Object","kind":"string","value":{"code":"","isVerified":false,"message":""},"path":"taxCode","reason":null,"name":"CastError","message":"Cast to string failed for value \"{ code: '', isVerified: false, message: '' }\" (type Object) at path \"taxCode\""}}},"_message":"User validation failed","name":"ValidationError","message":"User validation failed: taxCode: Cast to string failed for value \"{ code: '', isVerified: false, message: '' }\" (type Object) at path \"taxCode\""}::{"message":"User validation failed: taxCode: Cast to string failed for value \"{ code: '', isVerified: false, message: '' }\" (type Object) at path \"taxCode\""}
2024-10-09 16:34:21::info::/v1/api/user/readUserProfile/66cc05f32eb9247b31f02ad9::14422d9d-632d-462e-b452-8e908a2d9654::input-params ::GET::::{}
2024-10-09 16:34:21::info::/v1/api/movement/readMovements::bd321c3f-bf00-46c4-9e6c-e11af22601fe::input-params ::GET::::{}
2024-10-09 16:34:21::error::/v1/api/user/readUserProfile/66cc05f32eb9247b31f02ad9::14422d9d-632d-462e-b452-8e908a2d9654::undefined - NaNms - Response: {"errors":{"taxCode":{"name":"ValidatorError","message":"Cast to string failed for value \"{ code: '', isVerified: false, message: '' }\" (type Object) at path \"taxCode\"","properties":{"path":"taxCode","message":"Cast to string failed for value \"{ code: '', isVerified: false, message: '' }\" (type Object) at path \"taxCode\"","type":"cast","value":{"code":"","isVerified":false,"message":""},"reason":{"stringValue":"\"{ code: '', isVerified: false, message: '' }\"","valueType":"Object","kind":"string","value":{"code":"","isVerified":false,"message":""},"path":"taxCode","reason":null,"name":"CastError","message":"Cast to string failed for value \"{ code: '', isVerified: false, message: '' }\" (type Object) at path \"taxCode\""}},"kind":"cast","path":"taxCode","value":{"code":"","isVerified":false,"message":""},"reason":{"stringValue":"\"{ code: '', isVerified: false, message: '' }\"","valueType":"Object","kind":"string","value":{"code":"","isVerified":false,"message":""},"path":"taxCode","reason":null,"name":"CastError","message":"Cast to string failed for value \"{ code: '', isVerified: false, message: '' }\" (type Object) at path \"taxCode\""}}},"_message":"User validation failed","name":"ValidationError","message":"User validation failed: taxCode: Cast to string failed for value \"{ code: '', isVerified: false, message: '' }\" (type Object) at path \"taxCode\""}::{"message":"User validation failed: taxCode: Cast to string failed for value \"{ code: '', isVerified: false, message: '' }\" (type Object) at path \"taxCode\""}
2024-10-09 16:34:47::info::/v1/api/movement/readMovements::864f5839-e112-41ce-870f-381152a7fa38::input-params ::GET::::{}
2024-10-09 16:34:47::info::/v1/api/user/readUserProfile/66cc05f32eb9247b31f02ad9::9469b367-d1b7-46df-a6da-38e70c26b9a2::input-params ::GET::::{}
2024-10-09 16:34:47::error::/v1/api/user/readUserProfile/66cc05f32eb9247b31f02ad9::9469b367-d1b7-46df-a6da-38e70c26b9a2::undefined - NaNms - Response: {"errors":{"taxCode":{"name":"ValidatorError","message":"Cast to string failed for value \"{ code: '', isVerified: false, message: '' }\" (type Object) at path \"taxCode\"","properties":{"path":"taxCode","message":"Cast to string failed for value \"{ code: '', isVerified: false, message: '' }\" (type Object) at path \"taxCode\"","type":"cast","value":{"code":"","isVerified":false,"message":""},"reason":{"stringValue":"\"{ code: '', isVerified: false, message: '' }\"","valueType":"Object","kind":"string","value":{"code":"","isVerified":false,"message":""},"path":"taxCode","reason":null,"name":"CastError","message":"Cast to string failed for value \"{ code: '', isVerified: false, message: '' }\" (type Object) at path \"taxCode\""}},"kind":"cast","path":"taxCode","value":{"code":"","isVerified":false,"message":""},"reason":{"stringValue":"\"{ code: '', isVerified: false, message: '' }\"","valueType":"Object","kind":"string","value":{"code":"","isVerified":false,"message":""},"path":"taxCode","reason":null,"name":"CastError","message":"Cast to string failed for value \"{ code: '', isVerified: false, message: '' }\" (type Object) at path \"taxCode\""}}},"_message":"User validation failed","name":"ValidationError","message":"User validation failed: taxCode: Cast to string failed for value \"{ code: '', isVerified: false, message: '' }\" (type Object) at path \"taxCode\""}::{"message":"User validation failed: taxCode: Cast to string failed for value \"{ code: '', isVerified: false, message: '' }\" (type Object) at path \"taxCode\""}
2024-10-09 16:34:53::info::/v1/api/movement/readMovements::9cb81d79-c610-470d-bd07-d46450a2f4c7::input-params ::GET::::{}
2024-10-09 16:34:53::info::/v1/api/user/readUserProfile/66cc05f32eb9247b31f02ad9::9c729b20-a63b-4cca-ad3d-7e3ee5030a0b::input-params ::GET::::{}
2024-10-09 16:34:53::error::/v1/api/user/readUserProfile/66cc05f32eb9247b31f02ad9::9c729b20-a63b-4cca-ad3d-7e3ee5030a0b::undefined - NaNms - Response: {"errors":{"taxCode":{"name":"ValidatorError","message":"Cast to string failed for value \"{ code: '', isVerified: false, message: '' }\" (type Object) at path \"taxCode\"","properties":{"path":"taxCode","message":"Cast to string failed for value \"{ code: '', isVerified: false, message: '' }\" (type Object) at path \"taxCode\"","type":"cast","value":{"code":"","isVerified":false,"message":""},"reason":{"stringValue":"\"{ code: '', isVerified: false, message: '' }\"","valueType":"Object","kind":"string","value":{"code":"","isVerified":false,"message":""},"path":"taxCode","reason":null,"name":"CastError","message":"Cast to string failed for value \"{ code: '', isVerified: false, message: '' }\" (type Object) at path \"taxCode\""}},"kind":"cast","path":"taxCode","value":{"code":"","isVerified":false,"message":""},"reason":{"stringValue":"\"{ code: '', isVerified: false, message: '' }\"","valueType":"Object","kind":"string","value":{"code":"","isVerified":false,"message":""},"path":"taxCode","reason":null,"name":"CastError","message":"Cast to string failed for value \"{ code: '', isVerified: false, message: '' }\" (type Object) at path \"taxCode\""}}},"_message":"User validation failed","name":"ValidationError","message":"User validation failed: taxCode: Cast to string failed for value \"{ code: '', isVerified: false, message: '' }\" (type Object) at path \"taxCode\""}::{"message":"User validation failed: taxCode: Cast to string failed for value \"{ code: '', isVerified: false, message: '' }\" (type Object) at path \"taxCode\""}
2024-10-09 16:34:58::info::/v1/api/movement/readMovements::e770c43c-a30a-4e3c-b06f-0fb612515b51::input-params ::GET::::{}
2024-10-09 16:34:58::info::/v1/api/user/readUserProfile/66cc05f32eb9247b31f02ad9::ed35dcc7-585b-4613-8667-8158397ecea9::input-params ::GET::::{}
2024-10-09 16:34:58::error::/v1/api/user/readUserProfile/66cc05f32eb9247b31f02ad9::ed35dcc7-585b-4613-8667-8158397ecea9::undefined - NaNms - Response: {"errors":{"taxCode":{"name":"ValidatorError","message":"Cast to string failed for value \"{ code: '', isVerified: false, message: '' }\" (type Object) at path \"taxCode\"","properties":{"path":"taxCode","message":"Cast to string failed for value \"{ code: '', isVerified: false, message: '' }\" (type Object) at path \"taxCode\"","type":"cast","value":{"code":"","isVerified":false,"message":""},"reason":{"stringValue":"\"{ code: '', isVerified: false, message: '' }\"","valueType":"Object","kind":"string","value":{"code":"","isVerified":false,"message":""},"path":"taxCode","reason":null,"name":"CastError","message":"Cast to string failed for value \"{ code: '', isVerified: false, message: '' }\" (type Object) at path \"taxCode\""}},"kind":"cast","path":"taxCode","value":{"code":"","isVerified":false,"message":""},"reason":{"stringValue":"\"{ code: '', isVerified: false, message: '' }\"","valueType":"Object","kind":"string","value":{"code":"","isVerified":false,"message":""},"path":"taxCode","reason":null,"name":"CastError","message":"Cast to string failed for value \"{ code: '', isVerified: false, message: '' }\" (type Object) at path \"taxCode\""}}},"_message":"User validation failed","name":"ValidationError","message":"User validation failed: taxCode: Cast to string failed for value \"{ code: '', isVerified: false, message: '' }\" (type Object) at path \"taxCode\""}::{"message":"User validation failed: taxCode: Cast to string failed for value \"{ code: '', isVerified: false, message: '' }\" (type Object) at path \"taxCode\""}
2024-10-09 16:35:36::info::/v1/api/talentRequest/requestSupplement::981dcd47-a3cb-4900-9ad2-dcc4af7464dc::input-params ::PATCH::::{"cccd":"6775788458"}
2024-10-09 16:35:36::error::/v1/api/talentRequest/requestSupplement::981dcd47-a3cb-4900-9ad2-dcc4af7464dc::403 - 0ms - Response: {"status":403,"now":1728466536139}::{"message":"Hãy nhập đầy đủ những thông tin cần thiết"}
2024-10-09 16:36:07::info::/v1/api/movement/readMovements::49c9c4ef-23b6-4d76-af65-4486ce41b921::input-params ::GET::::{}
2024-10-09 16:36:07::info::/v1/api/user/readUserProfile/66cc05f32eb9247b31f02ad9::241432aa-7676-4a87-b802-6f49529aa306::input-params ::GET::::{}
2024-10-09 16:36:07::error::/v1/api/user/readUserProfile/66cc05f32eb9247b31f02ad9::241432aa-7676-4a87-b802-6f49529aa306::undefined - NaNms - Response: {"errors":{"taxCode":{"name":"ValidatorError","message":"Cast to string failed for value \"{ code: '', isVerified: false, message: '' }\" (type Object) at path \"taxCode\"","properties":{"path":"taxCode","message":"Cast to string failed for value \"{ code: '', isVerified: false, message: '' }\" (type Object) at path \"taxCode\"","type":"cast","value":{"code":"","isVerified":false,"message":""},"reason":{"stringValue":"\"{ code: '', isVerified: false, message: '' }\"","valueType":"Object","kind":"string","value":{"code":"","isVerified":false,"message":""},"path":"taxCode","reason":null,"name":"CastError","message":"Cast to string failed for value \"{ code: '', isVerified: false, message: '' }\" (type Object) at path \"taxCode\""}},"kind":"cast","path":"taxCode","value":{"code":"","isVerified":false,"message":""},"reason":{"stringValue":"\"{ code: '', isVerified: false, message: '' }\"","valueType":"Object","kind":"string","value":{"code":"","isVerified":false,"message":""},"path":"taxCode","reason":null,"name":"CastError","message":"Cast to string failed for value \"{ code: '', isVerified: false, message: '' }\" (type Object) at path \"taxCode\""}}},"_message":"User validation failed","name":"ValidationError","message":"User validation failed: taxCode: Cast to string failed for value \"{ code: '', isVerified: false, message: '' }\" (type Object) at path \"taxCode\""}::{"message":"User validation failed: taxCode: Cast to string failed for value \"{ code: '', isVerified: false, message: '' }\" (type Object) at path \"taxCode\""}
2024-10-09 16:36:21::info::/v1/api/movement/readMovements::783b9038-5652-4f67-a05c-9f7ea94de8f7::input-params ::GET::::{}
2024-10-09 16:36:21::info::/v1/api/user/readUserProfile/66cc05f32eb9247b31f02ad9::f3a98ec1-9022-45cc-8729-42b7e4587f01::input-params ::GET::::{}
2024-10-09 16:36:21::error::/v1/api/user/readUserProfile/66cc05f32eb9247b31f02ad9::f3a98ec1-9022-45cc-8729-42b7e4587f01::undefined - NaNms - Response: {"errors":{"taxCode":{"name":"ValidatorError","message":"Cast to string failed for value \"{ code: '', isVerified: false, message: '' }\" (type Object) at path \"taxCode\"","properties":{"path":"taxCode","message":"Cast to string failed for value \"{ code: '', isVerified: false, message: '' }\" (type Object) at path \"taxCode\"","type":"cast","value":{"code":"","isVerified":false,"message":""},"reason":{"stringValue":"\"{ code: '', isVerified: false, message: '' }\"","valueType":"Object","kind":"string","value":{"code":"","isVerified":false,"message":""},"path":"taxCode","reason":null,"name":"CastError","message":"Cast to string failed for value \"{ code: '', isVerified: false, message: '' }\" (type Object) at path \"taxCode\""}},"kind":"cast","path":"taxCode","value":{"code":"","isVerified":false,"message":""},"reason":{"stringValue":"\"{ code: '', isVerified: false, message: '' }\"","valueType":"Object","kind":"string","value":{"code":"","isVerified":false,"message":""},"path":"taxCode","reason":null,"name":"CastError","message":"Cast to string failed for value \"{ code: '', isVerified: false, message: '' }\" (type Object) at path \"taxCode\""}}},"_message":"User validation failed","name":"ValidationError","message":"User validation failed: taxCode: Cast to string failed for value \"{ code: '', isVerified: false, message: '' }\" (type Object) at path \"taxCode\""}::{"message":"User validation failed: taxCode: Cast to string failed for value \"{ code: '', isVerified: false, message: '' }\" (type Object) at path \"taxCode\""}
2024-10-09 16:36:22::info::/v1/api/movement/readMovements::7ec79848-4027-4c54-afeb-695317827b68::input-params ::GET::::{}
2024-10-09 16:36:22::info::/v1/api/user/readUserProfile/66cc05f32eb9247b31f02ad9::48fbdcaa-d719-4e7c-9a6b-50fa6d7d276a::input-params ::GET::::{}
2024-10-09 16:36:22::error::/v1/api/user/readUserProfile/66cc05f32eb9247b31f02ad9::48fbdcaa-d719-4e7c-9a6b-50fa6d7d276a::undefined - NaNms - Response: {"errors":{"taxCode":{"name":"ValidatorError","message":"Cast to string failed for value \"{ code: '', isVerified: false, message: '' }\" (type Object) at path \"taxCode\"","properties":{"path":"taxCode","message":"Cast to string failed for value \"{ code: '', isVerified: false, message: '' }\" (type Object) at path \"taxCode\"","type":"cast","value":{"code":"","isVerified":false,"message":""},"reason":{"stringValue":"\"{ code: '', isVerified: false, message: '' }\"","valueType":"Object","kind":"string","value":{"code":"","isVerified":false,"message":""},"path":"taxCode","reason":null,"name":"CastError","message":"Cast to string failed for value \"{ code: '', isVerified: false, message: '' }\" (type Object) at path \"taxCode\""}},"kind":"cast","path":"taxCode","value":{"code":"","isVerified":false,"message":""},"reason":{"stringValue":"\"{ code: '', isVerified: false, message: '' }\"","valueType":"Object","kind":"string","value":{"code":"","isVerified":false,"message":""},"path":"taxCode","reason":null,"name":"CastError","message":"Cast to string failed for value \"{ code: '', isVerified: false, message: '' }\" (type Object) at path \"taxCode\""}}},"_message":"User validation failed","name":"ValidationError","message":"User validation failed: taxCode: Cast to string failed for value \"{ code: '', isVerified: false, message: '' }\" (type Object) at path \"taxCode\""}::{"message":"User validation failed: taxCode: Cast to string failed for value \"{ code: '', isVerified: false, message: '' }\" (type Object) at path \"taxCode\""}
2024-10-09 16:45:30::info::/v1/api/movement/readMovements::5e25b984-46d5-49b4-a874-ed233c67d519::input-params ::GET::::{}
2024-10-09 16:45:30::info::/v1/api/user/readUserProfile/66cc05f32eb9247b31f02ad9::e34b4779-bfcc-40a2-8a7e-b5b71b81e899::input-params ::GET::::{}
2024-10-09 16:45:30::error::/v1/api/user/readUserProfile/66cc05f32eb9247b31f02ad9::e34b4779-bfcc-40a2-8a7e-b5b71b81e899::undefined - NaNms - Response: {"errors":{"taxCode":{"name":"ValidatorError","message":"Cast to string failed for value \"{ code: '', isVerified: false, message: '' }\" (type Object) at path \"taxCode\"","properties":{"path":"taxCode","message":"Cast to string failed for value \"{ code: '', isVerified: false, message: '' }\" (type Object) at path \"taxCode\"","type":"cast","value":{"code":"","isVerified":false,"message":""},"reason":{"stringValue":"\"{ code: '', isVerified: false, message: '' }\"","valueType":"Object","kind":"string","value":{"code":"","isVerified":false,"message":""},"path":"taxCode","reason":null,"name":"CastError","message":"Cast to string failed for value \"{ code: '', isVerified: false, message: '' }\" (type Object) at path \"taxCode\""}},"kind":"cast","path":"taxCode","value":{"code":"","isVerified":false,"message":""},"reason":{"stringValue":"\"{ code: '', isVerified: false, message: '' }\"","valueType":"Object","kind":"string","value":{"code":"","isVerified":false,"message":""},"path":"taxCode","reason":null,"name":"CastError","message":"Cast to string failed for value \"{ code: '', isVerified: false, message: '' }\" (type Object) at path \"taxCode\""}}},"_message":"User validation failed","name":"ValidationError","message":"User validation failed: taxCode: Cast to string failed for value \"{ code: '', isVerified: false, message: '' }\" (type Object) at path \"taxCode\""}::{"message":"User validation failed: taxCode: Cast to string failed for value \"{ code: '', isVerified: false, message: '' }\" (type Object) at path \"taxCode\""}
2024-10-09 16:45:49::info::/v1/api/movement/readMovements::70299345-26ce-4f36-aa44-d3d0b84a1f56::input-params ::GET::::{}
2024-10-09 16:45:49::info::/v1/api/user/readUserProfile/66cc05f32eb9247b31f02ad9::102c0865-92a0-4683-82bf-6aa1ab857aad::input-params ::GET::::{}
2024-10-09 16:45:49::error::/v1/api/user/readUserProfile/66cc05f32eb9247b31f02ad9::102c0865-92a0-4683-82bf-6aa1ab857aad::undefined - NaNms - Response: {"errors":{"taxCode":{"name":"ValidatorError","message":"Cast to string failed for value \"{ code: '', isVerified: false, message: '' }\" (type Object) at path \"taxCode\"","properties":{"path":"taxCode","message":"Cast to string failed for value \"{ code: '', isVerified: false, message: '' }\" (type Object) at path \"taxCode\"","type":"cast","value":{"code":"","isVerified":false,"message":""},"reason":{"stringValue":"\"{ code: '', isVerified: false, message: '' }\"","valueType":"Object","kind":"string","value":{"code":"","isVerified":false,"message":""},"path":"taxCode","reason":null,"name":"CastError","message":"Cast to string failed for value \"{ code: '', isVerified: false, message: '' }\" (type Object) at path \"taxCode\""}},"kind":"cast","path":"taxCode","value":{"code":"","isVerified":false,"message":""},"reason":{"stringValue":"\"{ code: '', isVerified: false, message: '' }\"","valueType":"Object","kind":"string","value":{"code":"","isVerified":false,"message":""},"path":"taxCode","reason":null,"name":"CastError","message":"Cast to string failed for value \"{ code: '', isVerified: false, message: '' }\" (type Object) at path \"taxCode\""}}},"_message":"User validation failed","name":"ValidationError","message":"User validation failed: taxCode: Cast to string failed for value \"{ code: '', isVerified: false, message: '' }\" (type Object) at path \"taxCode\""}::{"message":"User validation failed: taxCode: Cast to string failed for value \"{ code: '', isVerified: false, message: '' }\" (type Object) at path \"taxCode\""}
2024-10-09 16:45:49::info::/v1/api/movement/readMovements::963c8d99-6b76-4bcb-9419-09cd117ab7bc::input-params ::GET::::{}
2024-10-09 16:45:49::info::/v1/api/user/readUserProfile/66cc05f32eb9247b31f02ad9::a693ba49-8a81-41af-b857-b38c047cd9e1::input-params ::GET::::{}
2024-10-09 16:45:49::error::/v1/api/user/readUserProfile/66cc05f32eb9247b31f02ad9::a693ba49-8a81-41af-b857-b38c047cd9e1::undefined - NaNms - Response: {"errors":{"taxCode":{"name":"ValidatorError","message":"Cast to string failed for value \"{ code: '', isVerified: false, message: '' }\" (type Object) at path \"taxCode\"","properties":{"path":"taxCode","message":"Cast to string failed for value \"{ code: '', isVerified: false, message: '' }\" (type Object) at path \"taxCode\"","type":"cast","value":{"code":"","isVerified":false,"message":""},"reason":{"stringValue":"\"{ code: '', isVerified: false, message: '' }\"","valueType":"Object","kind":"string","value":{"code":"","isVerified":false,"message":""},"path":"taxCode","reason":null,"name":"CastError","message":"Cast to string failed for value \"{ code: '', isVerified: false, message: '' }\" (type Object) at path \"taxCode\""}},"kind":"cast","path":"taxCode","value":{"code":"","isVerified":false,"message":""},"reason":{"stringValue":"\"{ code: '', isVerified: false, message: '' }\"","valueType":"Object","kind":"string","value":{"code":"","isVerified":false,"message":""},"path":"taxCode","reason":null,"name":"CastError","message":"Cast to string failed for value \"{ code: '', isVerified: false, message: '' }\" (type Object) at path \"taxCode\""}}},"_message":"User validation failed","name":"ValidationError","message":"User validation failed: taxCode: Cast to string failed for value \"{ code: '', isVerified: false, message: '' }\" (type Object) at path \"taxCode\""}::{"message":"User validation failed: taxCode: Cast to string failed for value \"{ code: '', isVerified: false, message: '' }\" (type Object) at path \"taxCode\""}
2024-10-09 16:49:40::info::/v1/api/movement/readMovements::54866424-fa7c-446b-a2f7-9ed8d6684991::input-params ::GET::::{}
2024-10-09 16:49:40::info::/v1/api/user/readUserProfile/66cc05f32eb9247b31f02ad9::7834cdf1-4a96-45fd-9567-f994a15e9a1e::input-params ::GET::::{}
2024-10-09 16:49:40::error::/v1/api/user/readUserProfile/66cc05f32eb9247b31f02ad9::7834cdf1-4a96-45fd-9567-f994a15e9a1e::undefined - NaNms - Response: {"errors":{"taxCode":{"name":"ValidatorError","message":"Cast to string failed for value \"{ code: '', isVerified: false, message: '' }\" (type Object) at path \"taxCode\"","properties":{"path":"taxCode","message":"Cast to string failed for value \"{ code: '', isVerified: false, message: '' }\" (type Object) at path \"taxCode\"","type":"cast","value":{"code":"","isVerified":false,"message":""},"reason":{"stringValue":"\"{ code: '', isVerified: false, message: '' }\"","valueType":"Object","kind":"string","value":{"code":"","isVerified":false,"message":""},"path":"taxCode","reason":null,"name":"CastError","message":"Cast to string failed for value \"{ code: '', isVerified: false, message: '' }\" (type Object) at path \"taxCode\""}},"kind":"cast","path":"taxCode","value":{"code":"","isVerified":false,"message":""},"reason":{"stringValue":"\"{ code: '', isVerified: false, message: '' }\"","valueType":"Object","kind":"string","value":{"code":"","isVerified":false,"message":""},"path":"taxCode","reason":null,"name":"CastError","message":"Cast to string failed for value \"{ code: '', isVerified: false, message: '' }\" (type Object) at path \"taxCode\""}}},"_message":"User validation failed","name":"ValidationError","message":"User validation failed: taxCode: Cast to string failed for value \"{ code: '', isVerified: false, message: '' }\" (type Object) at path \"taxCode\""}::{"message":"User validation failed: taxCode: Cast to string failed for value \"{ code: '', isVerified: false, message: '' }\" (type Object) at path \"taxCode\""}
2024-10-09 16:49:46::info::/v1/api/user/readUserProfile/66cc05f32eb9247b31f02ad9::d67aefb8-8bbe-4b88-b4db-2b0cfb44c463::input-params ::GET::::{}
2024-10-09 16:49:46::info::/v1/api/movement/readMovements::71097813-fa2f-4272-90f6-e8e91b5a5e7f::input-params ::GET::::{}
2024-10-09 16:49:46::error::/v1/api/user/readUserProfile/66cc05f32eb9247b31f02ad9::d67aefb8-8bbe-4b88-b4db-2b0cfb44c463::undefined - NaNms - Response: {"errors":{"taxCode":{"name":"ValidatorError","message":"Cast to string failed for value \"{ code: '', isVerified: false, message: '' }\" (type Object) at path \"taxCode\"","properties":{"path":"taxCode","message":"Cast to string failed for value \"{ code: '', isVerified: false, message: '' }\" (type Object) at path \"taxCode\"","type":"cast","value":{"code":"","isVerified":false,"message":""},"reason":{"stringValue":"\"{ code: '', isVerified: false, message: '' }\"","valueType":"Object","kind":"string","value":{"code":"","isVerified":false,"message":""},"path":"taxCode","reason":null,"name":"CastError","message":"Cast to string failed for value \"{ code: '', isVerified: false, message: '' }\" (type Object) at path \"taxCode\""}},"kind":"cast","path":"taxCode","value":{"code":"","isVerified":false,"message":""},"reason":{"stringValue":"\"{ code: '', isVerified: false, message: '' }\"","valueType":"Object","kind":"string","value":{"code":"","isVerified":false,"message":""},"path":"taxCode","reason":null,"name":"CastError","message":"Cast to string failed for value \"{ code: '', isVerified: false, message: '' }\" (type Object) at path \"taxCode\""}}},"_message":"User validation failed","name":"ValidationError","message":"User validation failed: taxCode: Cast to string failed for value \"{ code: '', isVerified: false, message: '' }\" (type Object) at path \"taxCode\""}::{"message":"User validation failed: taxCode: Cast to string failed for value \"{ code: '', isVerified: false, message: '' }\" (type Object) at path \"taxCode\""}
2024-10-09 16:49:47::info::/v1/api/movement/readMovements::41b9428f-dee4-4e02-abc4-f121d201f1a6::input-params ::GET::::{}
2024-10-09 16:49:47::info::/v1/api/user/readUserProfile/66cc05f32eb9247b31f02ad9::0d3d0b8a-8e9a-4dce-ab6a-d45a062a8bbd::input-params ::GET::::{}
2024-10-09 16:49:47::error::/v1/api/user/readUserProfile/66cc05f32eb9247b31f02ad9::0d3d0b8a-8e9a-4dce-ab6a-d45a062a8bbd::undefined - NaNms - Response: {"errors":{"taxCode":{"name":"ValidatorError","message":"Cast to string failed for value \"{ code: '', isVerified: false, message: '' }\" (type Object) at path \"taxCode\"","properties":{"path":"taxCode","message":"Cast to string failed for value \"{ code: '', isVerified: false, message: '' }\" (type Object) at path \"taxCode\"","type":"cast","value":{"code":"","isVerified":false,"message":""},"reason":{"stringValue":"\"{ code: '', isVerified: false, message: '' }\"","valueType":"Object","kind":"string","value":{"code":"","isVerified":false,"message":""},"path":"taxCode","reason":null,"name":"CastError","message":"Cast to string failed for value \"{ code: '', isVerified: false, message: '' }\" (type Object) at path \"taxCode\""}},"kind":"cast","path":"taxCode","value":{"code":"","isVerified":false,"message":""},"reason":{"stringValue":"\"{ code: '', isVerified: false, message: '' }\"","valueType":"Object","kind":"string","value":{"code":"","isVerified":false,"message":""},"path":"taxCode","reason":null,"name":"CastError","message":"Cast to string failed for value \"{ code: '', isVerified: false, message: '' }\" (type Object) at path \"taxCode\""}}},"_message":"User validation failed","name":"ValidationError","message":"User validation failed: taxCode: Cast to string failed for value \"{ code: '', isVerified: false, message: '' }\" (type Object) at path \"taxCode\""}::{"message":"User validation failed: taxCode: Cast to string failed for value \"{ code: '', isVerified: false, message: '' }\" (type Object) at path \"taxCode\""}
