2024-10-17 16:03:00::info::/v1/api/order/readOrder/66ffac7458dd824a96ae6fdb::554e60b7-af13-4f71-9ba7-e845d8eda374::input-params ::GET::::{}
2024-10-17 16:04:42::info::/v1/api/order/readOrder/66ffac7458dd824a96ae6fdb::9d854bb9-fa5b-419a-af1c-ccc3343741fd::input-params ::GET::::{}
2024-10-17 16:06:24::info::/v1/api/order/readOrder/66ffac7458dd824a96ae6fdb::ad220621-e4eb-4668-a345-4f67e9de80ba::input-params ::GET::::{}
2024-10-17 16:07:27::info::/v1/api/order/readOrder/66ffac7458dd824a96ae6fdb::1a483c29-3216-4fe2-b934-a84d01f1de0c::input-params ::GET::::{}
2024-10-17 16:07:43::info::/v1/api/order/readOrder/66ffac7458dd824a96ae6fdb::280ba14c-6aec-4e7f-ac12-c017e5488d2c::input-params ::GET::::{}
2024-10-17 16:10:53::info::/v1/api/order/readOrder/66ffac7458dd824a96ae6fdb::458dfa64-cfbf-4a6a-8477-d3a15e9d4990::input-params ::GET::::{}
2024-10-17 16:18:58::info::/v1/api/order/readOrder/66ffac7458dd824a96ae6fdb::fb7b8f25-dc55-4e8e-9965-eba0cd7642c4::input-params ::GET::::{}
2024-10-17 16:25:54::info::/v1/api/order/readOrder/66ffac7458dd824a96ae6fdb::c4236a91-d921-4094-94eb-dce574899c4f::input-params ::GET::::{}
2024-10-17 16:27:32::info::/v1/api/order/readOrder/66ffac7458dd824a96ae6fdb::37563260-d704-4446-ad58-ec9cc9956ce1::input-params ::GET::::{}
2024-10-17 16:27:49::info::/v1/api/order/readOrder/66ffac7458dd824a96ae6fdb::9a77e72c-958d-4ea9-8539-fad917d72867::input-params ::GET::::{}
2024-10-17 16:28:14::info::/v1/api/order/readOrder/66ffac7458dd824a96ae6fdb::3feafcc5-6e8d-46cc-b541-9833c971866e::input-params ::GET::::{}
2024-10-17 16:28:32::info::/v1/api/order/readOrder/66ffac7458dd824a96ae6fdb::99b9c312-4ac1-4905-a473-57899b0c9f82::input-params ::GET::::{}
2024-10-17 16:30:39::info::/v1/api/order/readOrder/66ffac7458dd824a96ae6fdb::128299ac-695c-4a44-ab7b-5e75d622c9a2::input-params ::GET::::{}
2024-10-17 16:40:54::info::/v1/api/order/readOrder/66ffac7458dd824a96ae6fdb::d0ffba99-8d2e-41df-9e2e-379034d625eb::input-params ::GET::::{}
2024-10-17 16:41:38::info::/v1/api/order/readOrder/66ffac7458dd824a96ae6fdb::9d885282-252b-4023-bffd-2ff25b5fcc2e::input-params ::GET::::{}
2024-10-17 16:42:08::info::/v1/api/order/readOrder/66ffac7458dd824a96ae6fdb::e6cccfec-b77a-4a58-b7eb-bdd9f129df07::input-params ::GET::::{}
2024-10-17 16:43:06::info::/v1/api/order/readOrder/66ffac7458dd824a96ae6fdb::9393da19-4356-4109-a97d-446816665b3f::input-params ::GET::::{}
2024-10-17 16:43:15::info::/v1/api/order/readOrder/66ffac7458dd824a96ae6fdb::1e0c1e10-4868-44cc-9776-6e6cf4c8326a::input-params ::GET::::{}
2024-10-17 16:46:31::info::/v1/api/order/readOrder/66ffac7458dd824a96ae6fdb::7196f2f9-ab74-41e0-85d8-c76a61de2501::input-params ::GET::::{}
2024-10-17 16:46:31::error::/v1/api/order/readOrder/66ffac7458dd824a96ae6fdb::7196f2f9-ab74-41e0-85d8-c76a61de2501::undefined - NaNms - Response: {}::{"message":"getCacheIO is not defined"}
2024-10-17 16:48:56::info::/v1/api/order/readOrder/66ffac7458dd824a96ae6fdb::5250bf8c-768a-4c1e-a078-e9b058b767eb::input-params ::GET::::{}
2024-10-17 16:48:56::error::/v1/api/order/readOrder/66ffac7458dd824a96ae6fdb::5250bf8c-768a-4c1e-a078-e9b058b767eb::undefined - NaNms - Response: {}::{"message":"setCacheIOExpiration is not defined"}
2024-10-17 16:49:11::info::/v1/api/order/readOrder/66ffac7458dd824a96ae6fdb::5fcdfbb2-7d9e-468e-be6f-6d5da3c2c5a0::input-params ::GET::::{}
2024-10-17 16:49:17::info::/v1/api/order/readOrder/66ffac7458dd824a96ae6fdb::5d4d1322-8536-4982-b1d8-2a8a4d8cf2db::input-params ::GET::::{}
2024-10-17 17:15:23::info::/v1/api/order/readOrder/66ffac7458dd824a96ae6fdb::d74a2e54-0680-4009-94c4-119044f5ec4c::input-params ::GET::::{}
2024-10-17 17:15:29::info::/v1/api/order/readOrder/66ffac7458dd824a96ae6fdb::421bbc94-f0e7-4c49-930a-3f76bf3c656c::input-params ::GET::::{}
2024-10-17 17:15:32::info::/v1/api/order/readOrder/66ffac7458dd824a96ae6fdb::05ac01cf-ce2b-4436-a2aa-c79cd3e6fab6::input-params ::GET::::{}
2024-10-17 21:05:53::info::/v1/api/order/readOrder/66ffac7458dd824a96ae6fdb::19c5e8f8-920e-4076-bbcc-6dbcd888bb5b::input-params ::GET::::{}
2024-10-17 21:05:59::info::/v1/api/order/readOrder/66ffac7458dd824a96ae6fdb::cfb2b188-f214-477a-82c1-e349a4bd64ef::input-params ::GET::::{}
2024-10-17 21:51:33::info::/v1/api/order/readOrders::c8b5a374-28de-4f60-8b95-9884375c3625::input-params ::GET::::{"isDirect":"false"}
2024-10-17 21:51:34::error::/v1/api/order/readOrders::c8b5a374-28de-4f60-8b95-9884375c3625::undefined - NaNms - Response: {}::{"message":"setCacheIO is not defined"}
2024-10-17 21:51:49::info::/v1/api/order/readOrders::351f5fea-9892-4c64-aaf5-3dad5eb90b8e::input-params ::GET::::{"isDirect":"false"}
2024-10-17 21:51:49::error::/v1/api/order/readOrders::351f5fea-9892-4c64-aaf5-3dad5eb90b8e::undefined - NaNms - Response: {}::{"message":"cacheKey is not defined"}
2024-10-17 21:52:56::info::/v1/api/order/readOrders::82b8757f-893a-4597-a059-385e990c4c34::input-params ::GET::::{"isDirect":"false"}
2024-10-17 21:53:07::info::/v1/api/order/readOrders::d248d890-ff67-4813-af70-e8b3329283b8::input-params ::GET::::{"isDirect":"false"}
2024-10-17 21:54:00::info::/v1/api/order/readOrders::6bc8a54b-efbd-41e6-8fed-dac599dbd628::input-params ::GET::::{"isDirect":"false"}
2024-10-17 21:54:13::info::/v1/api/order/readOrders::126082c9-6a3d-48d7-bb52-0602cb2fef23::input-params ::GET::::{"isDirect":"false"}
2024-10-17 21:54:25::info::/v1/api/order/readOrders::75a114ee-9b7c-4d00-92e1-663ac4616904::input-params ::GET::::{"isDirect":"false"}
2024-10-17 21:56:06::info::/v1/api/order/readOrder/66ffac7458dd824a96ae6fdb::b9c5352b-744c-40cb-912c-8f0150a8d64a::input-params ::GET::::{}
2024-10-17 21:56:12::info::/v1/api/order/readOrders::518c4f87-925d-46b6-89b5-b949d0d680b5::input-params ::GET::::{"isDirect":"false"}
2024-10-17 21:56:19::info::/v1/api/order/readOrders::dd9be9be-afcd-4f7f-8a10-bb26e12b4fcd::input-params ::GET::::{"isDirect":"false"}
2024-10-17 21:56:24::info::/v1/api/order/readOrders::f0c986d1-3551-478a-9f2b-cdb942a1334b::input-params ::GET::::{"isDirect":"false"}
2024-10-17 21:56:26::info::/v1/api/order/readOrders::e3a39545-edd0-449f-ad3a-36826a99f6f6::input-params ::GET::::{"isDirect":"false"}
2024-10-17 21:56:28::info::/v1/api/order/readOrders::f8407266-fa92-4f1d-880e-5a9eedafa895::input-params ::GET::::{"isDirect":"false"}
2024-10-17 21:56:35::info::/v1/api/order/readOrders::133e5252-a6aa-4a0c-b45c-b4a86a1173ca::input-params ::GET::::{"isDirect":"false"}
2024-10-17 21:56:36::info::/v1/api/order/readOrders::d88985bb-88d9-4f17-bb5d-00631a6d2b05::input-params ::GET::::{"isDirect":"false"}
2024-10-17 21:56:37::info::/v1/api/order/readOrders::d20c140b-489a-42ac-af65-259391f14a82::input-params ::GET::::{"isDirect":"false"}
2024-10-17 21:56:38::info::/v1/api/order/readOrders::c3d1db5d-35fb-4609-be22-d68c54605c57::input-params ::GET::::{"isDirect":"false"}
2024-10-17 21:56:39::info::/v1/api/order/readOrders::d04452e1-e6a1-45bf-bbd6-5196fb15bb88::input-params ::GET::::{"isDirect":"false"}
2024-10-17 21:57:21::info::/v1/api/order/readOrder/66ffac7458dd824a96ae6fdb::ff085957-519b-45cd-92b5-11da0b3aaa89::input-params ::GET::::{}
2024-10-17 21:57:24::info::/v1/api/order/readOrders::174e3bb7-222a-4fad-9525-12dd550231e0::input-params ::GET::::{"isDirect":"false"}
2024-10-17 21:57:26::info::/v1/api/order/readOrders::137aa3e6-f369-49c8-aa73-7b58793d10f2::input-params ::GET::::{"isDirect":"false"}
2024-10-17 21:57:28::info::/v1/api/order/readOrders::17bf4c6e-dfd0-4e66-ae1a-a40df1f71229::input-params ::GET::::{"isDirect":"false"}
2024-10-17 21:57:29::info::/v1/api/order/readOrders::d12ca5d5-37a2-4bfd-997c-5ab8fa00a836::input-params ::GET::::{"isDirect":"false"}
2024-10-17 21:57:30::info::/v1/api/order/readOrders::88e5af18-8ef7-4432-9773-690321b6dbc8::input-params ::GET::::{"isDirect":"false"}
2024-10-17 21:57:31::info::/v1/api/order/readOrders::40b7b091-0e8a-4180-a0c4-ddba736ccbc0::input-params ::GET::::{"isDirect":"false"}
2024-10-17 21:57:32::info::/v1/api/order/readOrders::fa0cb514-e646-4dc9-904d-919a21dccecb::input-params ::GET::::{"isDirect":"false"}
2024-10-17 21:57:33::info::/v1/api/order/readOrders::c74c8324-9bb2-428c-a8a4-4a06e3442ff4::input-params ::GET::::{"isDirect":"false"}
2024-10-17 21:57:34::info::/v1/api/order/readOrders::47042a6e-292b-4d6d-a95b-428d645661aa::input-params ::GET::::{"isDirect":"false"}
2024-10-17 21:57:35::info::/v1/api/order/readOrders::79523db4-05d7-4701-9b3c-335144ea5722::input-params ::GET::::{"isDirect":"false"}
2024-10-17 21:57:36::info::/v1/api/order/readOrders::0fd8b56f-4767-4c85-ad78-9f1412f8d980::input-params ::GET::::{"isDirect":"false"}
2024-10-17 21:57:37::info::/v1/api/order/readOrders::797883e0-8bab-405c-ab83-0f4987b596b5::input-params ::GET::::{"isDirect":"false"}
2024-10-17 21:57:38::info::/v1/api/order/readOrders::81dfa89a-65ec-43b0-8994-f210d6fb83fd::input-params ::GET::::{"isDirect":"false"}
2024-10-17 21:57:39::info::/v1/api/order/readOrders::2480da30-1c4d-472e-8386-625b698fea41::input-params ::GET::::{"isDirect":"false"}
2024-10-17 21:57:45::info::/v1/api/order/readOrders::a4a5614c-4ebb-4de6-84cd-290c7270604a::input-params ::GET::::{"isDirect":"true"}
2024-10-17 21:57:50::info::/v1/api/order/readOrders::64c64d72-3d67-4640-988b-17998a0900aa::input-params ::GET::::{"isDirect":"false"}
2024-10-17 21:57:56::info::/v1/api/order/readOrders::3d4f105c-b0a2-46e6-bca1-b51b1150641a::input-params ::GET::::{"isDirect":"true"}
2024-10-17 21:58:13::info::/v1/api/order/readOrder/66ffac7458dd824a96ae6fdb::ed3c2a6e-6f6e-41e7-ae79-5f88627e0bae::input-params ::GET::::{}
2024-10-17 21:58:16::info::/v1/api/order/readOrders::99af2e5b-cc1c-4365-8815-c7e9604474ab::input-params ::GET::::{"isDirect":"true"}
2024-10-17 21:58:18::info::/v1/api/order/readOrders::41e90e60-cec9-40cb-8cd4-3776321f0b46::input-params ::GET::::{"isDirect":"true"}
2024-10-17 21:58:20::info::/v1/api/order/readOrders::7321ee9b-dfc9-4ad1-93c0-7851b6e64bb5::input-params ::GET::::{"isDirect":"true"}
2024-10-17 21:58:22::info::/v1/api/order/readOrders::c5d5df74-644e-42f1-b66a-b5971affa46e::input-params ::GET::::{"isDirect":"true"}
2024-10-17 21:59:02::info::/v1/api/order/readOrder/66ffac7458dd824a96ae6fdb::de068de0-1a6d-48eb-a266-1ea20b291917::input-params ::GET::::{}
2024-10-17 21:59:10::info::/v1/api/order/readOrders::ce6121c6-e5dc-4041-b30c-182c71d74b69::input-params ::GET::::{"isDirect":"true"}
2024-10-17 21:59:24::info::/v1/api/order/readOrders::6d0711a9-aaf6-4d27-825d-ca439267c0ae::input-params ::GET::::{"isDirect":"true"}
2024-10-17 22:00:21::info::/v1/api/order/readOrder/66ffac7458dd824a96ae6fdb::b440e7a0-d3d5-407b-9582-57877a223253::input-params ::GET::::{}
2024-10-17 22:00:27::info::/v1/api/order/readOrders::69422741-8eb0-444c-b697-967b9d43f61e::input-params ::GET::::{"isDirect":"true"}
2024-10-17 22:00:30::info::/v1/api/order/readOrders::e7a9ecb1-0cad-4216-9d46-8b456e92dd13::input-params ::GET::::{"isDirect":"true"}
2024-10-17 22:00:33::info::/v1/api/order/readOrders::f3a238fd-a891-44c1-9c71-904409483c17::input-params ::GET::::{"isDirect":"true"}
2024-10-17 22:00:35::info::/v1/api/order/readOrders::a7657f39-8fb1-4387-abb2-9f4417dc02b9::input-params ::GET::::{"isDirect":"true"}
2024-10-17 22:02:44::info::/v1/api/order/readOrders::cb80ad32-344c-452a-9959-465bf9c411ce::input-params ::GET::::{"isDirect":"false"}
2024-10-17 22:03:34::info::/v1/api/order/readOrders::7d3eda36-e715-46bf-a5f1-32b232ebdcbf::input-params ::GET::::{"isDirect":"true"}
2024-10-17 22:12:12::info::/v1/api/order/readOrders::e00dbd7d-cce2-4746-a343-f6eeeded6da8::input-params ::GET::::{"isDirect":"true"}
2024-10-17 22:13:23::info::/v1/api/order/readOrders::109b746e-01b3-4063-96de-36545490314c::input-params ::GET::::{"isDirect":"true"}
2024-10-17 22:13:30::info::/v1/api/order/readOrders::c0884ea9-4680-4df9-95e2-9ec0f8edc6de::input-params ::GET::::{"isDirect":"true"}
2024-10-17 22:14:02::info::/v1/api/order/readOrders::899b1544-8ac7-4b37-9fe0-b8b04c24250a::input-params ::GET::::{"isDirect":"true"}
2024-10-17 22:14:31::info::/v1/api/order/readOrders::b20ff071-d190-403d-87aa-136a1eef273d::input-params ::GET::::{"isDirect":"true"}
2024-10-17 22:14:39::info::/v1/api/order/readOrders::522e4c1a-d4ee-4ba4-910b-d9a29a452ec2::input-params ::GET::::{"isDirect":"true"}
2024-10-17 22:14:46::info::/v1/api/order/readOrders::78318fc7-05ff-41b3-ab01-67439e021d0d::input-params ::GET::::{"isDirect":"false"}
2024-10-17 22:14:49::info::/v1/api/order/readOrders::aabdf1ab-5594-42ef-a6d6-74800d9ef5d3::input-params ::GET::::{"isDirect":"false"}
