2024-10-06 09:33:03::error::/v1/api/commissionReport/createCommissionReport::2818066a-fa2a-48e6-8c1c-08c3c1e62e33::403 - 1ms - Response: {"status":403,"now":1728181983516}::{"message":"Please provide all required fields"}
2024-10-06 09:35:24::error::/v1/api/user/me::0bb43921-60a8-47fc-81ea-67edd416c700::403 - 1ms - Response: {"status":403,"now":1728182124928}::{"message":"Access token missing"}
2024-10-06 09:35:34::error::/v1/api/user/me::0fc60367-cf8d-492c-a2d3-e7eb56d5d6da::403 - 1ms - Response: {"status":403,"now":1728182134129}::{"message":"Access token missing"}
2024-10-06 09:35:40::error::/v1/api/user/me::a25c9061-92fb-4afd-a0d9-540c8ed0af79::403 - 0ms - Response: {"status":403,"now":1728182140133}::{"message":"Access token missing"}
2024-10-06 09:35:47::error::/v1/api/user/me::a418999c-46cb-4dea-863b-5cac26acf206::403 - 0ms - Response: {"status":403,"now":1728182147411}::{"message":"Access token missing"}
2024-10-06 09:36:03::error::/v1/api/user/me::53f8bdf1-3a07-41bf-9fe9-e7e915f0c067::403 - 0ms - Response: {"status":403,"now":1728182163113}::{"message":"Access token missing"}
2024-10-06 09:36:12::error::/v1/api/user/me::11dfbbb9-01b1-44a3-91a2-75d2f465df64::403 - 0ms - Response: {"status":403,"now":1728182172416}::{"message":"Access token missing"}
2024-10-06 09:36:25::error::/v1/api/user/me::1e311e5c-5b75-4120-b8ea-5c7f95e2b5ee::403 - 0ms - Response: {"status":403,"now":1728182185744}::{"message":"Access token missing"}
2024-10-06 09:37:00::error::/v1/api/user/me::a8108046-6e7b-415a-97ab-91448eb6651c::403 - 0ms - Response: {"status":403,"now":1728182220460}::{"message":"Access token missing"}
2024-10-06 09:37:25::error::/v1/api/user/me::f5021bb7-bf60-4f20-a563-e8f8a17ad820::403 - 1ms - Response: {"status":403,"now":1728182245740}::{"message":"Access token missing"}
2024-10-06 09:37:27::error::/v1/api/user/me::76ad9099-804b-41d9-95e4-a57b06fbd8b1::403 - 0ms - Response: {"status":403,"now":1728182247136}::{"message":"Access token missing"}
2024-10-06 09:37:42::error::/v1/api/user/me::abc0d2fe-d989-4591-b6db-6926051b03a1::403 - 0ms - Response: {"status":403,"now":1728182262573}::{"message":"Access token missing"}
2024-10-06 09:41:45::error::/v1/api/user/me::b403cbed-0f4d-41ad-8add-81d763037299::403 - 0ms - Response: {"status":403,"now":1728182505090}::{"message":"Access token missing"}
2024-10-06 09:50:29::error::/v1/api/user/me::8ee3ec95-79d4-4cea-bb60-acaf3903814f::403 - 0ms - Response: {"status":403,"now":1728183029738}::{"message":"Access token missing"}
2024-10-06 09:50:52::error::/v1/api/user/me::8c3de66f-1868-4c54-b1c9-9be40989ff19::403 - 0ms - Response: {"status":403,"now":1728183052852}::{"message":"Access token missing"}
2024-10-06 09:51:27::error::/v1/api/user/me::efe85897-bfd8-4709-acad-eb6fbc800021::403 - 0ms - Response: {"status":403,"now":1728183087491}::{"message":"Access token missing"}
2024-10-06 11:06:21::error::/v1/api/order/addMilestone::474cfef4-85ff-4d46-ae0f-7c982d57a2ad::404 - NaNms - Response: {"status":404}::{"message":"Not Found"}
2024-10-06 11:06:50::error::/v1/api/order/addMilestone::61610cb6-a009-4b3f-8452-262c7452c389::404 - NaNms - Response: {"status":404}::{"message":"Not Found"}
2024-10-06 12:33:10::error::/v1/api/order/deliverOrder::b330b4b0-8339-4a99-8c52-94f0429215f9::404 - NaNms - Response: {"status":404}::{"message":"Not Found"}
2024-10-06 12:33:28::error::/v1/api/order/deliverOrder::9758b20e-ba90-4ac0-9da5-a6258b7d587f::404 - NaNms - Response: {"status":404}::{"message":"Not Found"}
2024-10-06 12:34:06::error::/v1/api/order/deliverOrder/66ff651ea9550fbb204debc7::fdd13fda-ab3e-45b5-8f90-4794313c7655::403 - 1ms - Response: {"status":403,"now":1728192846598}::{"message":"No files or url provided for delivery"}
2024-10-06 12:34:32::error::/v1/api/order/deliverOrder/66ff651ea9550fbb204debc7::64e0aff1-a76f-4ff7-abf4-045de86b9086::403 - 1ms - Response: {"status":403,"now":1728192872263}::{"message":"No files or url provided for delivery"}
2024-10-06 12:34:52::error::/v1/api/order/deliverOrder/66ff651ea9550fbb204debc7::2318868f-2bef-4207-aaf4-f9479d376006::403 - 0ms - Response: {"status":403,"now":1728192892354}::{"message":"No files or url provided for delivery"}
2024-10-06 12:34:54::error::/v1/api/order/deliverOrder/66ff651ea9550fbb204debc7::786b283c-74ac-4756-b9f5-ba51d15ffd62::403 - 0ms - Response: {"status":403,"now":1728192894650}::{"message":"No files or url provided for delivery"}
2024-10-06 12:35:17::error::/v1/api/order/deliverOrder/66ff651ea9550fbb204debc7::1cb5ea47-44cc-4eff-883f-582895c92378::403 - 0ms - Response: {"status":403,"now":1728192917844}::{"message":"No files or url provided for delivery"}
2024-10-06 12:35:35::error::/v1/api/order/deliverOrder/66ff651ea9550fbb204debc7::65dfcfb1-c0ea-40e7-a45c-2c9602be39e6::403 - 0ms - Response: {"status":403,"now":1728192935277}::{"message":"No files or url provided for delivery"}
