2024-09-02 11:18:20::info::/v1/api/user/me::a85a7bbe-934c-4d21-a4a1-1eabc1b396c2::input-params ::GET::::{}
2024-09-02 11:18:20::info::/v1/api/movement/readMovements::ffd69f05-d282-499c-bed8-be8b3be8c6e5::input-params ::GET::::{}
2024-09-02 11:18:20::info::/v1/api/news/readNewss::fbf76dca-3d02-42df-8a66-3cdec4e34df7::input-params ::GET::::{}
2024-09-02 11:18:20::info::/v1/api/recommender/readPopularPosts::f37e7826-8210-457c-8398-463b663bab13::input-params ::GET::::{}
2024-09-02 11:18:25::info::/v1/api/movement/readMovements::7f2eb209-3db1-4afb-9be2-607b9f13329d::input-params ::GET::::{}
2024-09-02 11:18:25::info::/v1/api/news/readNewss::a8cb5071-7702-4998-a7d3-88159d2551db::input-params ::GET::::{}
2024-09-02 11:18:25::info::/v1/api/recommender/readPopularPosts::1e617413-0dc3-4096-9091-969dee0be440::input-params ::GET::::{}
2024-09-02 11:18:30::info::/v1/api/movement/readMovements::7f4b1b7f-1d45-46cd-a688-39c728914f16::input-params ::GET::::{}
2024-09-02 11:18:30::info::/v1/api/news/readNewss::5f67e147-0cd7-4d84-aed9-10d186a83683::input-params ::GET::::{}
2024-09-02 11:18:30::info::/v1/api/recommender/readPopularPosts::fdf4e2f5-8154-4a3d-86b9-ca9bb53d0fa3::input-params ::GET::::{}
2024-09-02 11:19:09::info::/v1/api/movement/readMovements::df454444-1807-4c5e-bd85-84983b943371::input-params ::GET::::{}
2024-09-02 11:19:28::info::/v1/api/movement/readMovements::02eae1bf-692e-4948-947f-002aade05381::input-params ::GET::::{}
2024-09-02 11:19:52::info::/v1/api/movement/readMovements::20cb10ba-ba13-4425-a956-16865bbab659::input-params ::GET::::{}
2024-09-02 11:20:09::info::/v1/api/movement/readMovements::9ab3df65-8840-4421-931f-094d23e5f62c::input-params ::GET::::{}
2024-09-02 11:20:22::info::/v1/api/movement/readMovements::67d4694b-818b-4471-9a74-9652ecd43760::input-params ::GET::::{}
2024-09-02 11:21:17::info::/v1/api/movement/readMovements::09636b8d-741c-4cdc-8cf4-a9a79f7790f7::input-params ::GET::::{}
2024-09-02 11:21:32::info::/v1/api/movement/readMovements::16283854-c0b9-4eee-a251-108b1955b8f8::input-params ::GET::::{}
2024-09-02 11:21:37::info::/v1/api/movement/readMovements::fc2238cc-80ed-44fb-aa47-ec0bc31162c1::input-params ::GET::::{}
2024-09-02 11:21:42::info::/v1/api/movement/readMovements::c7a31c11-95f2-4f46-9f92-70f28a2e8f63::input-params ::GET::::{}
2024-09-02 11:22:03::info::/v1/api/movement/readMovements::cb3ae21c-1a46-478f-af79-f4fad0a9f561::input-params ::GET::::{}
2024-09-02 11:22:05::info::/v1/api/movement/readMovements::a447ceb8-52de-442a-9ee5-a88912208f08::input-params ::GET::::{}
2024-09-02 11:22:10::info::/v1/api/movement/readMovements::8d3899bf-1095-4d42-b917-4df28e3f6423::input-params ::GET::::{}
2024-09-02 11:22:46::info::/v1/api/movement/readMovements::979c57e5-0c2a-4b12-a829-851b34ffff99::input-params ::GET::::{}
2024-09-02 11:22:54::info::/v1/api/movement/readMovements::7900be23-c14b-45c2-91f0-aa9a6bd31f90::input-params ::GET::::{}
2024-09-02 11:23:13::info::/v1/api/movement/readMovements::dbfd28a4-890d-460a-a59b-2ba4d4bd4915::input-params ::GET::::{}
2024-09-02 11:23:15::info::/v1/api/movement/readMovements::c101ff4f-f2d5-4cd0-b479-b1649ba85adf::input-params ::GET::::{}
2024-09-02 11:23:18::info::/v1/api/movement/readMovements::890a18a8-cd39-4858-8943-13b62a96b9c7::input-params ::GET::::{}
2024-09-02 11:23:40::info::/v1/api/movement/readMovements::eb25edbb-eac0-4b1f-8292-ed56a1f5f68a::input-params ::GET::::{}
2024-09-02 11:23:55::info::/v1/api/movement/readMovements::ab313cc1-adcb-4723-be75-7738873e0673::input-params ::GET::::{}
2024-09-02 11:24:10::info::/v1/api/movement/readMovements::f7fd90df-69c1-46db-ac7c-b5552de5c5a3::input-params ::GET::::{}
2024-09-02 11:24:20::info::/v1/api/movement/readMovements::806edd8e-f065-425b-b872-3af30cd9249b::input-params ::GET::::{}
2024-09-02 11:24:37::info::/v1/api/movement/readMovements::945c3c29-72e9-493c-ae41-3dd777be03b3::input-params ::GET::::{}
2024-09-02 11:24:54::info::/v1/api/movement/readMovements::ea1d4daf-6bae-46ce-97e4-a62e52997a9c::input-params ::GET::::{}
2024-09-02 11:25:05::info::/v1/api/movement/readMovements::b6ff4aee-3686-4485-8dd8-65a05e25940b::input-params ::GET::::{}
2024-09-02 11:27:00::info::/v1/api/movement/readMovements::dcc4a8f2-d6ca-4e0a-af91-2a027945c556::input-params ::GET::::{}
2024-09-02 11:27:09::info::/v1/api/movement/readMovements::28d887d7-8a3f-4e8f-9703-dd3b87a60fa7::input-params ::GET::::{}
2024-09-02 11:27:13::info::/v1/api/movement/readMovements::d44d0a66-6934-4d06-8114-dcaaf9b289b2::input-params ::GET::::{}
2024-09-02 11:27:18::info::/v1/api/movement/readMovements::dd97fc8d-e009-42cd-87da-fd86ed2ffceb::input-params ::GET::::{}
2024-09-02 11:27:21::info::/v1/api/movement/readMovements::fe5a80bd-8531-4da7-a1eb-8df887860153::input-params ::GET::::{}
2024-09-02 11:27:30::info::/v1/api/movement/readMovements::d6a50688-03cd-42b2-a955-0183f7476e6c::input-params ::GET::::{}
2024-09-02 11:27:47::info::/v1/api/movement/readMovements::fcd8ca70-ff57-4437-bae9-78f43cec0e36::input-params ::GET::::{}
2024-09-02 11:27:56::info::/v1/api/movement/readMovements::364be7c7-df1c-4401-b9b1-6ab1e388a6f7::input-params ::GET::::{}
2024-09-02 11:28:05::info::/v1/api/movement/readMovements::b46d2873-075f-4d9e-90cf-6e63e302b0ca::input-params ::GET::::{}
2024-09-02 11:28:46::info::/v1/api/movement/readMovements::589d3a67-a3ec-41b9-8eca-8b5c6d187d82::input-params ::GET::::{}
2024-09-02 11:29:00::info::/v1/api/movement/readMovements::2c70a5cd-6a2e-448e-9fd5-f258a12b83e9::input-params ::GET::::{}
2024-09-02 11:29:00::info::/v1/api/movement/readMovements::dd7d242a-52c3-4be1-bc30-99b8a892207c::input-params ::GET::::{}
2024-09-02 11:29:14::info::/v1/api/movement/readMovements::ce93911b-7201-4c38-94ce-c866e554e36e::input-params ::GET::::{}
2024-09-02 11:29:19::info::/v1/api/movement/readMovements::b2f551de-8994-4d0d-bdfd-5765c9e4cc82::input-params ::GET::::{}
2024-09-02 11:30:00::info::/v1/api/movement/readMovements::2f14f903-e07c-4f7d-8b43-5eda398060e3::input-params ::GET::::{}
2024-09-02 11:30:19::info::/v1/api/movement/readMovements::807e68b9-956f-4bf1-8f3e-87e4f289f7f1::input-params ::GET::::{}
2024-09-02 11:30:21::info::/v1/api/movement/readMovements::efc74438-e54f-45e5-ae31-744829521a8d::input-params ::GET::::{}
2024-09-02 11:30:39::info::/v1/api/movement/readMovements::c79207a6-0543-410c-a985-393937b64fb3::input-params ::GET::::{}
2024-09-02 11:30:51::info::/v1/api/movement/readMovements::e451ea1e-e332-48e2-bb11-f2809c3a0381::input-params ::GET::::{}
2024-09-02 11:31:02::info::/v1/api/movement/readMovements::b7faa5db-3f0b-4f1a-b782-9efb69e04e0a::input-params ::GET::::{}
2024-09-02 11:31:14::info::/v1/api/movement/readMovements::f4c5772a-58aa-443d-9036-d008936d6909::input-params ::GET::::{}
2024-09-02 11:55:38::info::/v1/api/user/me::fe520f6b-8779-4372-83a1-98f596edb2a9::input-params ::GET::::{}
2024-09-02 11:55:42::info::/v1/api/movement/readMovements::0e8d9dc3-7464-4163-a012-4dea14190a61::input-params ::GET::::{}
2024-09-02 12:01:04::info::/v1/api/movement/readMovements::fe46c1cf-3358-469d-a04b-b12f53802837::input-params ::GET::::{}
2024-09-02 12:01:06::info::/v1/api/movement/readMovements::9d4d0112-b97e-4179-9a3c-b67e0b06faae::input-params ::GET::::{}
2024-09-02 12:01:10::info::/v1/api/movement/readMovements::608abcb0-d7b2-4da8-8848-39154d2a16b0::input-params ::GET::::{}
2024-09-02 12:01:42::info::/v1/api/movement/readMovements::8b8bedb7-7893-4cd4-8162-58e080c90530::input-params ::GET::::{}
2024-09-02 12:02:28::info::/v1/api/movement/readMovements::55e585c0-118f-433d-81db-69e23f895d1b::input-params ::GET::::{}
2024-09-02 12:02:32::info::/v1/api/movement/readMovements::d1ee1c28-32b6-4229-9205-6fa90c8dd986::input-params ::GET::::{}
2024-09-02 12:03:20::info::/v1/api/movement/readMovements::431bc079-7431-4bd6-b19c-af316ff90b72::input-params ::GET::::{}
2024-09-02 12:04:06::info::/v1/api/movement/readMovements::288d2df6-8717-488a-b1ef-20f0eac006b2::input-params ::GET::::{}
2024-09-02 12:05:15::info::/v1/api/movement/readMovements::9a7be8b8-8f80-4904-ac80-45c903c5a39b::input-params ::GET::::{}
2024-09-02 12:05:21::info::/v1/api/movement/readMovements::619e74c7-e6c7-46e8-a3a0-cc5273471d3a::input-params ::GET::::{}
2024-09-02 12:05:27::info::/v1/api/movement/readMovements::56c44f02-e787-4d9a-831b-e503b51871f0::input-params ::GET::::{}
2024-09-02 12:06:07::info::/v1/api/movement/readMovements::2798ac4d-c76c-4d16-ad85-4208ca8d382b::input-params ::GET::::{}
2024-09-02 12:06:50::info::/v1/api/movement/readMovements::6c12ce1b-d96b-4c67-a1b2-9a97e40e1ec4::input-params ::GET::::{}
2024-09-02 12:07:02::info::/v1/api/movement/readMovements::fb446532-8f9b-404d-9da2-4d794edf8dab::input-params ::GET::::{}
2024-09-02 12:07:03::info::/v1/api/movement/readMovements::7d60d991-40cb-4d99-98f8-50f73b0d8149::input-params ::GET::::{}
2024-09-02 12:07:08::info::/v1/api/movement/readMovements::ac7f9e1d-9855-44d4-9cef-00082cc1bbff::input-params ::GET::::{}
2024-09-02 12:07:20::info::/v1/api/movement/readMovements::7f1d8abd-e55f-4c2b-9f5d-0da369d5c35e::input-params ::GET::::{}
2024-09-02 12:07:30::info::/v1/api/movement/readMovements::0cf5164b-bf2d-4d2f-b150-27ea0b8e22e7::input-params ::GET::::{}
2024-09-02 12:07:39::info::/v1/api/movement/readMovements::df419d99-821e-429d-a265-927a27254cf5::input-params ::GET::::{}
2024-09-02 12:08:18::info::/v1/api/movement/readMovements::ccbf9daf-9f04-497f-a188-a3360bca7a96::input-params ::GET::::{}
2024-09-02 12:08:28::info::/v1/api/movement/readMovements::819feac3-448a-4706-8958-c07ab72fcf86::input-params ::GET::::{}
2024-09-02 12:08:36::info::/v1/api/movement/readMovements::95f67ad3-0e1c-49d1-b4d0-e607fcdd7854::input-params ::GET::::{}
2024-09-02 12:08:47::info::/v1/api/movement/readMovements::d6b81b62-45d5-4324-81e0-e05f73c886fc::input-params ::GET::::{}
2024-09-02 12:09:32::info::/v1/api/movement/readMovements::7380263f-33ca-42e3-a558-409f7685e042::input-params ::GET::::{}
2024-09-02 12:09:52::info::/v1/api/movement/readMovements::ed6ef5c4-7c82-46d3-8981-b69152e7b499::input-params ::GET::::{}
2024-09-02 12:10:55::info::/v1/api/movement/readMovements::b9116e92-0ad3-4515-b651-ba0bf8a8a432::input-params ::GET::::{}
2024-09-02 12:12:08::info::/v1/api/movement/readMovements::9210d101-568c-4cfe-88a9-38a0386b3b2e::input-params ::GET::::{}
2024-09-02 12:12:14::info::/v1/api/movement/readMovements::cd522d01-43d3-4611-964a-0d7ca8da7ae9::input-params ::GET::::{}
2024-09-02 12:12:19::info::/v1/api/movement/readMovements::f20d0163-f5e5-42e4-a20b-881b75f9534f::input-params ::GET::::{}
2024-09-02 12:12:51::info::/v1/api/movement/readMovements::4f6285f0-4013-41c6-9646-4ca735611ff3::input-params ::GET::::{}
2024-09-02 12:13:07::info::/v1/api/movement/readMovements::b24e11a8-506b-4fec-bc8d-ef179c891f2e::input-params ::GET::::{}
2024-09-02 12:13:14::info::/v1/api/movement/readMovements::7ee00433-8fe9-4219-9603-9ea56d624e53::input-params ::GET::::{}
2024-09-02 12:13:32::info::/v1/api/movement/readMovements::203a6ca8-1917-4c70-bc7e-4bf20e025a42::input-params ::GET::::{}
2024-09-02 12:13:49::info::/v1/api/movement/readMovements::563a944c-9ce2-444e-9315-9d3e63860b89::input-params ::GET::::{}
2024-09-02 12:13:56::info::/v1/api/movement/readMovements::c9d46dfb-da32-4297-a643-2748c10c529a::input-params ::GET::::{}
2024-09-02 12:15:08::info::/v1/api/movement/readMovements::bacf86ee-ceed-4493-88f0-d3df7e96f49e::input-params ::GET::::{}
2024-09-02 12:16:05::info::/v1/api/movement/readMovements::841bad23-754d-48a2-aac8-5138c18ef5e3::input-params ::GET::::{}
2024-09-02 12:16:12::info::/v1/api/movement/readMovements::e1a44c9e-bbe8-49ff-902d-62fea0d7e1b0::input-params ::GET::::{}
2024-09-02 12:16:25::info::/v1/api/movement/readMovements::f32f304a-3346-4a9a-946d-267be8c19c0c::input-params ::GET::::{}
2024-09-02 12:19:58::info::/v1/api/movement/readMovements::bc468f8a-1169-4804-a313-d650559a87be::input-params ::GET::::{}
2024-09-02 12:20:09::info::/v1/api/movement/readMovements::0564f35d-511c-4daa-bf98-a8bc18e9b956::input-params ::GET::::{}
2024-09-02 12:20:38::info::/v1/api/movement/readMovements::30335336-104a-4f66-9f4b-255e61a9c809::input-params ::GET::::{}
2024-09-02 12:22:10::info::/v1/api/movement/readMovements::6898ab81-ac20-4951-979f-4ad7177424e9::input-params ::GET::::{}
2024-09-02 12:22:26::info::/v1/api/movement/readMovements::e1dd18aa-5e59-4f11-89bb-7d74f2d64f02::input-params ::GET::::{}
2024-09-02 12:22:41::info::/v1/api/movement/readMovements::770ada62-c47f-4be6-a89c-bffc825d72b7::input-params ::GET::::{}
2024-09-02 12:23:09::info::/v1/api/movement/readMovements::05fe9acd-50ec-44e2-b9eb-5923acd15226::input-params ::GET::::{}
2024-09-02 12:25:52::info::/v1/api/movement/readMovements::c1e08d91-4dc8-4ec6-8ca7-8ce5316ec1a9::input-params ::GET::::{}
2024-09-02 12:25:54::info::/v1/api/movement/readMovements::3edd518f-49a7-43c8-81d4-45d8081c3c76::input-params ::GET::::{}
2024-09-02 12:25:58::info::/v1/api/user/readUserProfile/66a5ac2d73370474cf4eb369::84b2e77f-04b7-4f47-af62-b27dbdb7a03f::input-params ::GET::::{}
2024-09-02 12:25:58::info::/v1/api/serviceCategory/readServiceCategoriesWithServices/66a5ac2d73370474cf4eb369::ced30b43-e1ff-410f-98e4-2a23abe999fb::input-params ::GET::::{}
2024-09-02 12:26:27::info::/v1/api/movement/readMovements::5b930767-92db-4cac-ab67-09ad768bfee1::input-params ::GET::::{}
2024-09-02 12:26:27::info::/v1/api/user/readUserProfile/66a5ac2d73370474cf4eb369::89bcc96f-076c-490b-ab79-712065784ea0::input-params ::GET::::{}
2024-09-02 12:26:27::info::/v1/api/serviceCategory/readServiceCategoriesWithServices/66a5ac2d73370474cf4eb369::9bbc03c0-b80c-4d3d-bdcf-22fa0f7e1bd6::input-params ::GET::::{}
2024-09-02 12:26:30::info::/v1/api/movement/readMovements::3cb9b563-39a2-4c1b-87c9-f9c45a5d50a2::input-params ::GET::::{}
2024-09-02 12:26:30::info::/v1/api/user/readUserProfile/66a5ac2d73370474cf4eb369::5e431405-13a6-4fce-b4d3-53ad7eda9da2::input-params ::GET::::{}
2024-09-02 12:26:30::info::/v1/api/serviceCategory/readServiceCategoriesWithServices/66a5ac2d73370474cf4eb369::70357420-c930-4d68-8fa9-e3e419b26b58::input-params ::GET::::{}
2024-09-02 12:26:40::info::/v1/api/movement/readMovements::3ca1f478-4b3f-43db-a2f3-b968becbc23d::input-params ::GET::::{}
2024-09-02 12:26:40::info::/v1/api/user/readUserProfile/66a5ac2d73370474cf4eb369::b8e06cad-6f63-43ba-b391-b5d0ef6be1c2::input-params ::GET::::{}
2024-09-02 12:26:40::info::/v1/api/serviceCategory/readServiceCategoriesWithServices/66a5ac2d73370474cf4eb369::f30f2ebe-47db-4a7f-bfa0-d67991fc0c1b::input-params ::GET::::{}
2024-09-02 12:28:04::info::/v1/api/movement/readMovements::be3f392f-0abd-4eb4-91a6-5359860b4516::input-params ::GET::::{}
2024-09-02 12:28:04::info::/v1/api/user/readUserProfile/66a5ac2d73370474cf4eb369::02851e6f-043e-44a6-83dc-0b9ee97cd467::input-params ::GET::::{}
2024-09-02 12:28:04::info::/v1/api/serviceCategory/readServiceCategoriesWithServices/66a5ac2d73370474cf4eb369::906a67c0-8ea4-4a08-a266-871abad811d1::input-params ::GET::::{}
2024-09-02 12:28:51::info::/v1/api/movement/readMovements::0d0df6e6-5f0a-4fca-94a1-899ccecb1bfb::input-params ::GET::::{}
2024-09-02 12:28:51::info::/v1/api/user/readUserProfile/66a5ac2d73370474cf4eb369::a5130083-633b-4742-b7cc-b9570a559cd1::input-params ::GET::::{}
2024-09-02 12:28:51::info::/v1/api/serviceCategory/readServiceCategoriesWithServices/66a5ac2d73370474cf4eb369::d806e20f-3730-4af1-9b31-4fcaba58d500::input-params ::GET::::{}
2024-09-02 12:30:48::info::/v1/api/movement/readMovements::73a11402-d067-4dab-8de0-ee54e2b961e5::input-params ::GET::::{}
2024-09-02 12:30:48::info::/v1/api/user/readUserProfile/66a5ac2d73370474cf4eb369::be4f1bc2-21d6-4df3-93f9-d77adbad3213::input-params ::GET::::{}
2024-09-02 12:30:48::info::/v1/api/serviceCategory/readServiceCategoriesWithServices/66a5ac2d73370474cf4eb369::d4216f42-aedf-45a5-9951-c5989e15d290::input-params ::GET::::{}
2024-09-02 12:31:27::info::/v1/api/movement/readMovements::3f65207a-9503-4067-940f-ec4b2192767f::input-params ::GET::::{}
2024-09-02 12:31:27::info::/v1/api/user/readUserProfile/66a5ac2d73370474cf4eb369::df6aef1b-af42-4a9d-86db-b6c1e56b7ebc::input-params ::GET::::{}
2024-09-02 12:31:27::info::/v1/api/serviceCategory/readServiceCategoriesWithServices/66a5ac2d73370474cf4eb369::17773320-f228-4b27-b93a-bf2d5c79061e::input-params ::GET::::{}
2024-09-02 13:10:51::info::/v1/api/user/readUserProfile/66a5ac2d73370474cf4eb369::9fce8308-2ef9-4717-81c0-29711df0e32b::input-params ::GET::::{}
2024-09-02 13:10:51::info::/v1/api/movement/readMovements::5ff1875d-bdbe-4e85-aff4-775deda2197a::input-params ::GET::::{}
2024-09-02 13:10:51::info::/v1/api/serviceCategory/readServiceCategoriesWithServices/66a5ac2d73370474cf4eb369::98d9b882-a7aa-4bef-8499-1a58e66526d4::input-params ::GET::::{}
2024-09-02 13:10:56::info::/v1/api/movement/readMovements::6b04094a-54b7-4815-9251-e52852a43dc2::input-params ::GET::::{}
2024-09-02 13:10:56::info::/v1/api/user/readUserProfile/66a5ac2d73370474cf4eb369::e519bf3c-15e3-4cb7-9bcc-b4a48d6a4e3f::input-params ::GET::::{}
2024-09-02 13:10:56::info::/v1/api/serviceCategory/readServiceCategoriesWithServices/66a5ac2d73370474cf4eb369::476c0626-c32e-40b4-9762-155aea533172::input-params ::GET::::{}
2024-09-02 14:44:35::info::/v1/api/movement/readMovements::1b13f3ad-a5e8-44b5-b50d-647cc5d182ee::input-params ::GET::::{}
2024-09-02 14:44:35::info::/v1/api/user/readUserProfile/66a5ac2d73370474cf4eb369::9d9a2dbc-48c5-499d-abe7-5c6861669884::input-params ::GET::::{}
2024-09-02 14:44:35::info::/v1/api/serviceCategory/readServiceCategoriesWithServices/66a5ac2d73370474cf4eb369::4819ace7-2b2c-4296-bee6-e2f95bc3953c::input-params ::GET::::{}
2024-09-02 14:44:35::info::/v1/api/user/me::c5a9f8ff-c595-4622-94ae-0107cf50f5eb::input-params ::GET::::{}
2024-09-02 14:44:36::info::/v1/api/movement/readMovements::0e3a187c-34cd-42b7-b988-8e035f60c188::input-params ::GET::::{}
2024-09-02 14:44:36::info::/v1/api/user/readUserProfile/66a5ac2d73370474cf4eb369::7872a976-3ec1-4dc6-9c9f-e83b430c9559::input-params ::GET::::{}
2024-09-02 14:44:38::info::/v1/api/serviceCategory/readServiceCategoriesWithServices/66a5ac2d73370474cf4eb369::0ac96430-b84d-45c4-82d3-7d12aefb8758::input-params ::GET::::{}
2024-09-02 14:46:25::info::/v1/api/user/readUserProfile/66a5ac2d73370474cf4eb369::29051ce3-337c-4108-bc54-c6ffb794b53f::input-params ::GET::::{}
2024-09-02 14:46:25::info::/v1/api/serviceCategory/readServiceCategoriesWithServices/66a5ac2d73370474cf4eb369::068de8e3-fbf1-4c4b-b0d3-226461d34e4d::input-params ::GET::::{}
2024-09-02 14:46:25::info::/v1/api/movement/readMovements::58453cca-d17f-464a-9728-db45adba26c9::input-params ::GET::::{}
2024-09-02 14:47:22::info::/v1/api/movement/readMovements::dd29c35b-f3b4-4409-b713-caf9c4a44b34::input-params ::GET::::{}
2024-09-02 14:47:22::info::/v1/api/user/readUserProfile/66a5ac2d73370474cf4eb369::3fed7dd8-777e-4946-b39d-5d7ec77a366a::input-params ::GET::::{}
2024-09-02 14:47:22::info::/v1/api/serviceCategory/readServiceCategoriesWithServices/66a5ac2d73370474cf4eb369::290dcc60-13b5-46e3-b9cd-21a32b9e0d55::input-params ::GET::::{}
2024-09-02 14:47:24::info::/v1/api/user/readUserProfile/66a5ac2d73370474cf4eb369::5e80db27-389c-4a69-9baa-dff202d48bff::input-params ::GET::::{}
2024-09-02 14:47:24::info::/v1/api/serviceCategory/readServiceCategoriesWithServices/66a5ac2d73370474cf4eb369::f979d553-c717-40fa-95c5-6fd64f809ec5::input-params ::GET::::{}
2024-09-02 14:47:26::info::/v1/api/recommender/readPopularPosts::48cf182c-f6dc-496f-afe8-c073e39ba555::input-params ::GET::::{}
2024-09-02 14:47:26::info::/v1/api/news/readNewss::e55b7670-073a-412f-9a14-c10e399f3145::input-params ::GET::::{}
2024-09-02 14:47:35::info::/v1/api/movement/readMovements::e94029f4-1acc-4852-8297-00c8d90c8b6f::input-params ::GET::::{}
2024-09-02 14:47:35::info::/v1/api/news/readNewss::b3783dc6-1667-45a8-b145-3813cb0b8d79::input-params ::GET::::{}
2024-09-02 14:47:35::info::/v1/api/recommender/readPopularPosts::1bd66837-3f0e-43b6-95dc-528ac75091e2::input-params ::GET::::{}
2024-09-02 14:48:19::info::/v1/api/movement/readMovements::6b77601e-4889-4637-acf2-67e385706569::input-params ::GET::::{}
2024-09-02 14:48:19::info::/v1/api/news/readNewss::beea3afd-c9eb-43e7-a7b8-f3991b855c8e::input-params ::GET::::{}
2024-09-02 14:48:19::info::/v1/api/recommender/readPopularPosts::8c913899-124b-4ba5-852e-5453ad412fd1::input-params ::GET::::{}
2024-09-02 14:48:32::info::/v1/api/movement/readMovements::2c707340-d165-4d64-a928-2f6b2b3ba163::input-params ::GET::::{}
2024-09-02 14:48:32::info::/v1/api/news/readNewss::b57476ab-3f3a-4761-90b7-a4ac69828683::input-params ::GET::::{}
2024-09-02 14:48:32::info::/v1/api/recommender/readPopularPosts::21fbedca-0ec5-4dc0-9d0e-64c46c9e7084::input-params ::GET::::{}
2024-09-02 14:48:53::info::/v1/api/movement/readMovements::d5784e2a-3e28-4808-a633-ed47b9dfec20::input-params ::GET::::{}
2024-09-02 14:49:06::info::/v1/api/movement/readMovements::3153aa8e-9fea-4b27-879d-2bba00c101ba::input-params ::GET::::{}
2024-09-02 14:49:17::info::/v1/api/movement/readMovements::580cb124-b51f-4f30-812e-deb7f2a29f45::input-params ::GET::::{}
2024-09-02 14:50:51::info::/v1/api/movement/readMovements::0a48a245-bc37-4ebd-81d8-9186137386d2::input-params ::GET::::{}
2024-09-02 14:50:52::info::/v1/api/user/me::4d9924b0-5e81-4470-9874-18762268761a::input-params ::GET::::{}
2024-09-02 14:50:52::info::/v1/api/movement/readMovements::9cab3aa3-8f1c-478b-a62e-a2b9b7e9357c::input-params ::GET::::{}
2024-09-02 14:51:18::info::/v1/api/movement/readMovements::07d4e9fa-ff52-4d1a-9d47-4e3b64bcd070::input-params ::GET::::{}
2024-09-02 14:51:30::info::/v1/api/movement/readMovements::c11d581d-ac9b-44f4-96b8-34ae112a1788::input-params ::GET::::{}
2024-09-02 14:51:30::info::/v1/api/movement/readMovements::6569919f-78ed-45c2-9483-c76522065fcc::input-params ::GET::::{}
2024-09-02 14:52:00::info::/v1/api/movement/readMovements::31e80955-e13d-425c-8565-b872105fa9e7::input-params ::GET::::{}
2024-09-02 14:52:39::info::/v1/api/movement/readMovements::3b97a9b8-30e2-4621-b987-fbcd3aac9781::input-params ::GET::::{}
2024-09-02 14:54:10::info::/v1/api/movement/readMovements::e8a1ebee-cbee-4083-99b5-5530acd8c61c::input-params ::GET::::{}
2024-09-02 14:54:11::info::/v1/api/movement/readMovements::514561a6-b87a-4ff7-a926-eadd81c8ae7d::input-params ::GET::::{}
2024-09-02 14:54:19::info::/v1/api/movement/readMovements::024cd5d6-23c9-41ff-b645-9333bdb4de1a::input-params ::GET::::{}
2024-09-02 14:54:19::info::/v1/api/movement/readMovements::d1f8246c-1abf-4809-99a3-7c66bcc789ce::input-params ::GET::::{}
2024-09-02 14:54:25::info::/v1/api/movement/readMovements::49bc00af-26aa-4c28-ba1e-d0467062c0a8::input-params ::GET::::{}
2024-09-02 14:54:26::info::/v1/api/movement/readMovements::41023afd-51fc-460d-b42e-11519492e569::input-params ::GET::::{}
2024-09-02 14:54:41::info::/v1/api/movement/readMovements::401bc7d4-6a34-45f6-beec-267e226c55a7::input-params ::GET::::{}
2024-09-02 14:54:42::info::/v1/api/movement/readMovements::8fa09a8d-8437-46d6-9725-5ecff3d831eb::input-params ::GET::::{}
2024-09-02 14:54:55::info::/v1/api/movement/readMovements::f054a962-ba50-4dc3-890d-2d9439e6aea4::input-params ::GET::::{}
2024-09-02 14:54:56::info::/v1/api/movement/readMovements::890911c4-5705-4ed2-ab6e-c43cc5f25a5a::input-params ::GET::::{}
2024-09-02 14:55:00::info::/v1/api/movement/readMovements::99f9dec3-57e5-446c-a4b1-1310d93d34e2::input-params ::GET::::{}
2024-09-02 14:55:00::info::/v1/api/movement/readMovements::20b89b3b-c77b-4571-aecd-3682293bff75::input-params ::GET::::{}
2024-09-02 14:55:07::info::/v1/api/movement/readMovements::f8366645-236f-4514-9618-501ca0287e55::input-params ::GET::::{}
2024-09-02 14:55:08::info::/v1/api/movement/readMovements::3805cd1f-13a2-4e3b-9113-d2331acb250a::input-params ::GET::::{}
2024-09-02 14:55:18::info::/v1/api/movement/readMovements::45603bfc-441e-449c-bb75-626d17b4fb45::input-params ::GET::::{}
2024-09-02 14:55:18::info::/v1/api/movement/readMovements::aae6b004-97d5-4e7d-92e6-43c79e896fbc::input-params ::GET::::{}
2024-09-02 14:55:37::info::/v1/api/movement/readMovements::6cfdc63f-606f-4d59-a367-7163442cf60c::input-params ::GET::::{}
2024-09-02 14:56:07::info::/v1/api/movement/readMovements::2d054b42-e974-411a-852e-01e55809fd3d::input-params ::GET::::{}
2024-09-02 14:56:26::info::/v1/api/movement/readMovements::404fb99b-9e5b-4792-9472-584d93946d47::input-params ::GET::::{}
2024-09-02 14:56:26::info::/v1/api/movement/readMovements::4e8ab58a-b20e-4205-969f-d2e3cb91d739::input-params ::GET::::{}
2024-09-02 14:56:30::info::/v1/api/movement/readMovements::88fa5708-69a8-464c-979a-e2c3aefa221c::input-params ::GET::::{}
2024-09-02 14:56:31::info::/v1/api/movement/readMovements::e13bd187-cd7c-4609-b80e-8fa0e0e8ab18::input-params ::GET::::{}
2024-09-02 14:56:43::info::/v1/api/movement/readMovements::385b9c70-4c03-4d25-bc97-500470428d5f::input-params ::GET::::{}
2024-09-02 14:56:43::info::/v1/api/movement/readMovements::653613c1-07c9-43a5-bc53-7e40a3b0cdd8::input-params ::GET::::{}
2024-09-02 14:56:47::info::/v1/api/movement/readMovements::cbb85ac2-baeb-4769-9ee9-d61f2ca8764f::input-params ::GET::::{}
2024-09-02 14:56:48::info::/v1/api/movement/readMovements::b47672f4-2076-4b1b-821c-53cf20e0d563::input-params ::GET::::{}
2024-09-02 14:56:53::info::/v1/api/movement/readMovements::39618223-ebfc-411d-bf05-226a3a25545b::input-params ::GET::::{}
2024-09-02 14:56:53::info::/v1/api/movement/readMovements::8f3f76d6-3d84-41db-9a6e-2f7d7df34975::input-params ::GET::::{}
2024-09-02 14:57:05::info::/v1/api/movement/readMovements::4e6ae319-4c2f-4f3f-8706-f479f067f965::input-params ::GET::::{}
2024-09-02 14:57:06::info::/v1/api/movement/readMovements::8bcb54ef-63ee-41a0-9dd4-460334ae14ce::input-params ::GET::::{}
2024-09-02 14:57:10::info::/v1/api/movement/readMovements::ce885278-3c1c-481f-9092-7a17ff459ed2::input-params ::GET::::{}
2024-09-02 14:57:10::info::/v1/api/movement/readMovements::42e18610-83ca-46bb-8f65-ed3027ce849f::input-params ::GET::::{}
2024-09-02 14:57:16::info::/v1/api/movement/readMovements::d34976fa-8124-45f0-b1f1-78563b7636fe::input-params ::GET::::{}
2024-09-02 14:57:16::info::/v1/api/movement/readMovements::57a807fd-964b-4325-b631-b8d0766de64d::input-params ::GET::::{}
2024-09-02 14:57:39::info::/v1/api/movement/readMovements::7f9878e6-00c6-4195-ace7-1d106d60560f::input-params ::GET::::{}
2024-09-02 14:57:40::info::/v1/api/movement/readMovements::b6a07a8a-601a-400f-88a5-fceae84c84bb::input-params ::GET::::{}
2024-09-02 14:57:52::info::/v1/api/movement/readMovements::f5e5e5ee-9bd8-469d-916f-06756baf91c0::input-params ::GET::::{}
2024-09-02 14:57:58::info::/v1/api/movement/readMovements::ca1096c3-f732-402b-959b-ae42ebe5530a::input-params ::GET::::{}
2024-09-02 14:57:58::info::/v1/api/movement/readMovements::85f01f55-04be-460f-b194-43fe21e56dfc::input-params ::GET::::{}
2024-09-02 14:58:03::info::/v1/api/movement/readMovements::bf386908-6d40-4fa3-ab06-30e88a406dca::input-params ::GET::::{}
2024-09-02 14:58:07::info::/v1/api/movement/readMovements::bb0b733f-02fc-429d-85ed-d7db03009363::input-params ::GET::::{}
2024-09-02 14:58:10::info::/v1/api/movement/readMovements::caafc832-7a9e-45c1-86e6-8bed9ff38ccb::input-params ::GET::::{}
2024-09-02 14:58:10::info::/v1/api/movement/readMovements::624aad80-13e5-47ca-b52b-6cfbe9d39c9b::input-params ::GET::::{}
2024-09-02 14:58:18::info::/v1/api/movement/readMovements::3cd7d664-f577-4461-8158-2fce5af5d7f4::input-params ::GET::::{}
2024-09-02 14:58:19::info::/v1/api/movement/readMovements::255ec16c-3f1f-4692-b9db-320e72eae0a3::input-params ::GET::::{}
2024-09-02 14:58:24::info::/v1/api/movement/readMovements::1fd8b409-7e1f-45bb-9f5b-3c94208e6bf1::input-params ::GET::::{}
2024-09-02 14:58:54::info::/v1/api/movement/readMovements::045e4d61-ff98-4583-8c6c-3696e0fc27b3::input-params ::GET::::{}
2024-09-02 14:58:58::info::/v1/api/movement/readMovements::63a66d5b-8960-49cd-b389-4d23efba13bb::input-params ::GET::::{}
2024-09-02 14:58:58::info::/v1/api/user/me::52f76ef1-a965-4422-aca0-c3af18652728::input-params ::GET::::{}
2024-09-02 14:58:58::info::/v1/api/movement/readMovements::b17aa1ce-dcfd-4681-a0cb-f7c261d0a249::input-params ::GET::::{}
2024-09-02 14:59:12::info::/v1/api/movement/readMovements::5cbc5b57-f90d-4075-b420-23199bbe51e5::input-params ::GET::::{}
2024-09-02 14:59:12::info::/v1/api/movement/readMovements::2de041ff-39b0-4b1c-a5ed-72d8523ad565::input-params ::GET::::{}
2024-09-02 14:59:13::info::/v1/api/movement/readMovements::599cff8b-444c-417f-881f-87e8a8ac453a::input-params ::GET::::{}
2024-09-02 14:59:22::info::/v1/api/movement/readMovements::8c5985a7-2e28-4ff6-92a0-3c6ed3a19dde::input-params ::GET::::{}
2024-09-02 14:59:23::info::/v1/api/movement/readMovements::d164cb06-2511-4bbd-a4c1-3634f1d63d03::input-params ::GET::::{}
2024-09-02 14:59:34::info::/v1/api/movement/readMovements::aaddabcc-d935-4340-863d-23a8eb6d35d4::input-params ::GET::::{}
2024-09-02 14:59:35::info::/v1/api/movement/readMovements::2a68f61c-5b33-4597-a4bd-0f4b7bd125c2::input-params ::GET::::{}
2024-09-02 14:59:38::info::/v1/api/movement/readMovements::f86d20ec-fcc9-425d-9b8f-3d156e2a741d::input-params ::GET::::{}
2024-09-02 14:59:38::info::/v1/api/movement/readMovements::516aed75-a09e-4dbe-886b-34798062dd3d::input-params ::GET::::{}
2024-09-02 14:59:42::info::/v1/api/movement/readMovements::7d1305b9-e749-4b56-a30e-7b87a420927c::input-params ::GET::::{}
2024-09-02 14:59:42::info::/v1/api/movement/readMovements::6e5ddabf-9446-4cbb-8912-8dd3fa510df2::input-params ::GET::::{}
2024-09-02 15:00:01::info::/v1/api/movement/readMovements::2d5eb204-4659-44b5-802c-941f22443513::input-params ::GET::::{}
2024-09-02 15:00:01::info::/v1/api/movement/readMovements::7fee424e-e928-45a1-855f-d4e5e1672c07::input-params ::GET::::{}
2024-09-02 15:00:05::info::/v1/api/movement/readMovements::d2d7ed4b-42a6-4413-a61a-f0177b9cf458::input-params ::GET::::{}
2024-09-02 15:00:05::info::/v1/api/movement/readMovements::bcf53075-9bd0-47fc-9df7-db2927d1d118::input-params ::GET::::{}
2024-09-02 15:00:09::info::/v1/api/movement/readMovements::a9948553-2ec1-42ee-857e-fb2320b5e51e::input-params ::GET::::{}
2024-09-02 15:01:04::info::/v1/api/movement/readMovements::75e765f4-21cc-4293-9b8b-d40bc5a5f9ba::input-params ::GET::::{}
2024-09-02 15:01:06::info::/v1/api/movement/readMovements::ffed0905-cc42-4be3-a71f-3330ba837382::input-params ::GET::::{}
2024-09-02 15:01:06::info::/v1/api/movement/readMovements::072d020f-57c4-476d-98fd-55c6cda38c0c::input-params ::GET::::{}
2024-09-02 15:01:08::info::/v1/api/movement/readMovements::3c1a3b1f-c52a-4db4-9d54-e325744b88f5::input-params ::GET::::{}
2024-09-02 15:01:20::info::/v1/api/movement/readMovements::4338d478-6e2e-4082-9d54-c17c883aae75::input-params ::GET::::{}
2024-09-02 15:01:21::info::/v1/api/movement/readMovements::53a18d8d-53a2-4100-875a-9d847b2a3d92::input-params ::GET::::{}
2024-09-02 15:01:26::info::/v1/api/movement/readMovements::6492347e-d91c-49dc-b16f-b430db6f816f::input-params ::GET::::{}
2024-09-02 15:01:35::info::/v1/api/movement/readMovements::5c5ee28a-05b5-42be-9e26-609519c91524::input-params ::GET::::{}
2024-09-02 15:01:36::info::/v1/api/movement/readMovements::abe146b1-42bf-48ed-bfab-268f8f89cb01::input-params ::GET::::{}
2024-09-02 15:01:45::info::/v1/api/movement/readMovements::dd80bdd3-7e45-4723-a15a-6d67748241d2::input-params ::GET::::{}
2024-09-02 15:02:06::info::/v1/api/movement/readMovements::ebd85272-e077-4717-a3fd-3c6394419279::input-params ::GET::::{}
2024-09-02 15:02:40::info::/v1/api/movement/readMovements::23a0a1ba-18fe-4779-85dd-db14b81ab228::input-params ::GET::::{}
2024-09-02 15:03:14::info::/v1/api/movement/readMovements::ae8871ef-5d07-42c1-8472-3ac45c32d580::input-params ::GET::::{}
2024-09-02 15:03:39::info::/v1/api/movement/readMovements::be2b463f-8f3b-4b64-af14-eac2d9057a5a::input-params ::GET::::{}
2024-09-02 15:03:49::info::/v1/api/movement/readMovements::f5ce14bb-be42-4cd4-b0db-5a0179a58372::input-params ::GET::::{}
2024-09-02 15:03:49::info::/v1/api/movement/readMovements::666ee331-6d15-49f7-9eed-af0bb0feea77::input-params ::GET::::{}
2024-09-02 15:03:51::info::/v1/api/movement/readMovements::92ff895f-d8a5-4f15-9ed5-07006c040f62::input-params ::GET::::{}
2024-09-02 15:03:51::info::/v1/api/movement/readMovements::0513e83d-7873-406e-9e88-e7af880bd8ad::input-params ::GET::::{}
2024-09-02 15:04:03::info::/v1/api/movement/readMovements::0ffbcc42-3351-4ef4-8590-6e04b964abeb::input-params ::GET::::{}
2024-09-02 15:04:03::info::/v1/api/movement/readMovements::8fe0b0f0-96a5-4dfc-9e38-b3e1759b7656::input-params ::GET::::{}
2024-09-02 15:04:17::info::/v1/api/movement/readMovements::b50a85e1-af5d-40b5-8fa0-eb22915a650d::input-params ::GET::::{}
2024-09-02 15:04:17::info::/v1/api/movement/readMovements::33fc7fba-0516-4ba8-a50f-7b1f6dc6345a::input-params ::GET::::{}
2024-09-02 15:04:25::info::/v1/api/movement/readMovements::b384b23e-05a7-493b-bfc2-b8c7a675aca8::input-params ::GET::::{}
2024-09-02 15:04:26::info::/v1/api/movement/readMovements::8030f6b3-ebe2-4898-bb9b-468ca31b9591::input-params ::GET::::{}
2024-09-02 15:05:18::info::/v1/api/movement/readMovements::8ebc6d2c-3542-44d9-b568-8efad1747410::input-params ::GET::::{}
2024-09-02 15:05:23::info::/v1/api/movement/readMovements::f3831778-17ce-4a6f-a2ae-230c91ac3669::input-params ::GET::::{}
2024-09-02 15:05:45::info::/v1/api/movement/readMovements::5c1e66c1-0a7f-4eec-b93f-5bf1abbbc9a2::input-params ::GET::::{}
2024-09-02 15:06:22::info::/v1/api/movement/readMovements::2a55d602-0bbf-4457-a7f7-5f066745f625::input-params ::GET::::{}
2024-09-02 15:06:23::info::/v1/api/movement/readMovements::62d330d8-3b62-4ce9-b8e5-2a2d8779e633::input-params ::GET::::{}
2024-09-02 15:07:59::info::/v1/api/movement/readMovements::5bbbf01a-0a6b-4451-81bd-d7a7a5a43867::input-params ::GET::::{}
2024-09-02 15:08:17::info::/v1/api/movement/readMovements::97b9f3a1-398d-4141-80d5-234783ae7787::input-params ::GET::::{}
2024-09-02 15:08:37::info::/v1/api/movement/readMovements::cc3c024d-0c65-4925-ac72-04643a466fe9::input-params ::GET::::{}
2024-09-02 15:09:34::info::/v1/api/movement/readMovements::edbda151-6976-42e9-9eff-d27d037501d4::input-params ::GET::::{}
2024-09-02 15:13:35::info::/v1/api/movement/readMovements::20dde64f-55cb-453f-a102-c3e3778565ac::input-params ::GET::::{}
2024-09-02 15:15:22::info::/v1/api/movement/readMovements::f915db5c-1136-47fb-a6b2-ac59ad6ccf98::input-params ::GET::::{}
2024-09-02 15:15:24::info::/v1/api/recommender/readPopularPosts::481f67a6-83d6-4873-9a36-31aaa5ce59f0::input-params ::GET::::{}
2024-09-02 15:15:24::info::/v1/api/news/readNewss::cb0cb673-464b-4d3e-835c-9b5faf0c96a8::input-params ::GET::::{}
2024-09-02 15:15:40::info::/v1/api/user/readUserProfile/66a5ac2d73370474cf4eb369::c80d9fe7-5b82-4ce3-b8fa-5b1209589cf2::input-params ::GET::::{}
2024-09-02 15:15:41::info::/v1/api/serviceCategory/readServiceCategoriesWithServices/66a5ac2d73370474cf4eb369::f64bc223-8dc9-4ae2-99a2-860565511c42::input-params ::GET::::{}
2024-09-02 15:15:43::info::/v1/api/movement/readMovements::5819281c-f5ce-4447-95ef-fc41f716ee74::input-params ::GET::::{}
2024-09-02 15:15:43::info::/v1/api/serviceCategory/readServiceCategoriesWithServices/66a5ac2d73370474cf4eb369::2db12f3e-683c-46a2-b585-8ddca83c5ef6::input-params ::GET::::{}
2024-09-02 15:15:43::info::/v1/api/user/readUserProfile/66a5ac2d73370474cf4eb369::0249f2e8-f9b1-4c22-a81c-6de65ca59b23::input-params ::GET::::{}
2024-09-02 15:16:29::info::/v1/api/serviceCategory/readServiceCategoriesWithServices/66a5ac2d73370474cf4eb369::84ad86fc-852c-4fa7-8bb4-359bb5b9ad9d::input-params ::GET::::{}
2024-09-02 15:16:29::info::/v1/api/movement/readMovements::763780a7-8f1c-4969-8685-51f2a28f55b7::input-params ::GET::::{}
2024-09-02 15:16:29::info::/v1/api/user/readUserProfile/66a5ac2d73370474cf4eb369::e7dbb91b-07ca-44d8-9165-5d894faba3e0::input-params ::GET::::{}
2024-09-02 15:32:15::info::/v1/api/movement/readMovements::3950c579-23bc-4d1e-a01c-06c56b82d846::input-params ::GET::::{}
2024-09-02 15:32:15::info::/v1/api/user/readUserProfile/66a5ac2d73370474cf4eb369::d2af7037-a6ac-4fea-8141-164351293eaf::input-params ::GET::::{}
2024-09-02 15:32:15::info::/v1/api/serviceCategory/readServiceCategoriesWithServices/66a5ac2d73370474cf4eb369::9b986689-7819-4954-a827-c018c09833ef::input-params ::GET::::{}
2024-09-02 15:32:22::info::/v1/api/movement/readMovements::2b97955b-7369-46d8-a2b5-4bbf9c41a400::input-params ::GET::::{}
2024-09-02 15:32:22::info::/v1/api/user/readUserProfile/66a5ac2d73370474cf4eb369::6e9bf58c-52a1-40a2-9353-ab46190d971d::input-params ::GET::::{}
2024-09-02 15:32:22::info::/v1/api/serviceCategory/readServiceCategoriesWithServices/66a5ac2d73370474cf4eb369::508fc9ce-34c2-43d2-95e9-7f1b9ff407b5::input-params ::GET::::{}
2024-09-02 15:32:25::info::/v1/api/news/readNewss::30755be1-639c-430f-a20c-d71cd266dbff::input-params ::GET::::{}
2024-09-02 15:32:25::info::/v1/api/recommender/readPopularPosts::c536c8ba-9c6c-422c-8466-35bbbe35e4b5::input-params ::GET::::{}
2024-09-02 15:32:27::info::/v1/api/order/readOrders::da54757a-2fdc-44aa-b624-cfb6f873fd51::input-params ::GET::::{"isDirect":"false","sortBy":"createdAt","sortOrder":"desc"}
2024-09-02 15:32:32::info::/v1/api/news/readNewss::f1f17825-ea5c-4913-b158-5979c77ff477::input-params ::GET::::{}
2024-09-02 15:32:32::info::/v1/api/recommender/readPopularPosts::7c0083f5-0f57-47eb-a233-be4050c41d65::input-params ::GET::::{}
2024-09-02 15:34:06::info::/v1/api/movement/readMovements::65d0425d-1e4b-4c6f-ab3c-0d21d860cfd7::input-params ::GET::::{}
2024-09-02 15:34:08::info::/v1/api/news/readNewss::5eea36b3-7756-4a6d-b2e8-5f669eecb4ec::input-params ::GET::::{}
2024-09-02 15:34:08::info::/v1/api/recommender/readPopularPosts::5144b27c-60be-40aa-97f1-80d86090158e::input-params ::GET::::{}
2024-09-02 15:35:11::info::/v1/api/movement/readMovements::657ba576-7110-43a6-a75e-73c2d291d88e::input-params ::GET::::{}
2024-09-02 15:35:31::info::/v1/api/movement/readMovements::d08bf4af-5d02-4b61-b3af-8e512689efa2::input-params ::GET::::{}
2024-09-02 15:38:18::info::/v1/api/movement/readMovements::4922d78f-d095-42c9-82b6-c597933f9af1::input-params ::GET::::{}
2024-09-02 15:38:32::info::/v1/api/movement/readMovements::bd4e9f57-ecc7-44e2-a05c-aec5c86f4109::input-params ::GET::::{}
2024-09-02 15:38:48::info::/v1/api/movement/readMovements::907bc0bd-2ed3-4500-a600-a5d21e23ad8e::input-params ::GET::::{}
2024-09-02 15:39:55::info::/v1/api/movement/readMovements::14e773de-d4a0-4332-b21b-ff55e322de9d::input-params ::GET::::{}
2024-09-02 15:40:00::info::/v1/api/movement/readMovements::69253820-8e3f-4dbb-bceb-824b3817801b::input-params ::GET::::{}
2024-09-02 15:40:00::info::/v1/api/movement/readMovements::1b0c38a5-0e8b-4750-941a-7fc5db6c87d7::input-params ::GET::::{}
2024-09-02 15:40:10::info::/v1/api/movement/readMovements::713b1642-f62b-4a27-87e9-6807b268fbd3::input-params ::GET::::{}
2024-09-02 15:40:11::info::/v1/api/movement/readMovements::9c86f2e3-3013-4b66-b2e3-fb5355c1fd61::input-params ::GET::::{}
2024-09-02 15:40:13::info::/v1/api/movement/readMovements::59c91fcf-99fa-4c72-bd44-aa21ad896c90::input-params ::GET::::{}
2024-09-02 15:40:27::info::/v1/api/movement/readMovements::02961776-1977-4076-aec5-cbb2814bf7cd::input-params ::GET::::{}
2024-09-02 15:40:51::info::/v1/api/movement/readMovements::a74e410c-511e-44f5-83ff-d6265e452725::input-params ::GET::::{}
2024-09-02 15:41:07::info::/v1/api/movement/readMovements::d9170065-a800-4f19-a7b9-1cdaa69aedb2::input-params ::GET::::{}
2024-09-02 15:41:16::info::/v1/api/movement/readMovements::2a66b8dd-8651-4f9f-ac7f-ae3e367f31d2::input-params ::GET::::{}
2024-09-02 15:41:25::info::/v1/api/movement/readMovements::53919ae8-7cd1-4f38-88e7-38de061bb5d7::input-params ::GET::::{}
2024-09-02 15:41:31::info::/v1/api/movement/readMovements::98ef768f-6498-432b-9e47-e9e6323cad2b::input-params ::GET::::{}
2024-09-02 15:41:42::info::/v1/api/movement/readMovements::7def67c4-12f7-4dfb-99de-52dc6fe834cc::input-params ::GET::::{}
2024-09-02 15:41:43::info::/v1/api/movement/readMovements::1f2397ca-04c7-4bc0-9ca9-325e4dfda3b8::input-params ::GET::::{}
2024-09-02 15:42:07::info::/v1/api/movement/readMovements::87c6fb08-4867-4e30-acca-1323e778c5f8::input-params ::GET::::{}
2024-09-02 15:42:11::info::/v1/api/movement/readMovements::4119b5dd-a2fa-435a-b241-d5a662e46fc8::input-params ::GET::::{}
2024-09-02 15:42:12::info::/v1/api/movement/readMovements::df01b34a-23d7-463e-ab3e-f48724814d6e::input-params ::GET::::{}
2024-09-02 15:42:47::info::/v1/api/movement/readMovements::a309a48d-2314-4394-995c-b1b06eed2e64::input-params ::GET::::{}
2024-09-02 15:42:59::info::/v1/api/movement/readMovements::f6618bf3-7938-4e9d-b46f-d8fab82cc156::input-params ::GET::::{}
2024-09-02 15:42:59::info::/v1/api/movement/readMovements::85f814f9-cd56-4c5c-9f2d-3ab28bc4c02b::input-params ::GET::::{}
2024-09-02 15:43:07::info::/v1/api/movement/readMovements::bbbb72fa-560e-42fa-b62d-c8875b231feb::input-params ::GET::::{}
2024-09-02 15:43:07::info::/v1/api/movement/readMovements::64a854f3-7d0b-44df-947d-579b406d7109::input-params ::GET::::{}
2024-09-02 15:43:13::info::/v1/api/movement/readMovements::bb770035-3d5d-4057-b602-34d706ae53aa::input-params ::GET::::{}
2024-09-02 15:43:13::info::/v1/api/movement/readMovements::45151692-e75a-47df-a69e-2ecaaa5b9ed0::input-params ::GET::::{}
2024-09-02 15:43:14::info::/v1/api/movement/readMovements::90b0e803-c29a-4910-8a29-7b11fd29609d::input-params ::GET::::{}
2024-09-02 15:43:21::info::/v1/api/movement/readMovements::0deb2acb-f5f9-4fce-8214-6bcd81adbb97::input-params ::GET::::{}
2024-09-02 15:43:21::info::/v1/api/movement/readMovements::72fedf9d-0012-4e6e-9bc4-6483317f8525::input-params ::GET::::{}
2024-09-02 15:43:21::info::/v1/api/movement/readMovements::61b07a14-173f-4f58-b7cf-29f8f1263884::input-params ::GET::::{}
2024-09-02 15:43:29::info::/v1/api/movement/readMovements::ea65f4db-8ff7-459b-893b-5e17886c0bfd::input-params ::GET::::{}
2024-09-02 15:43:39::info::/v1/api/movement/readMovements::b06ae260-4205-4b2c-8949-e18abff72395::input-params ::GET::::{}
2024-09-02 15:43:40::info::/v1/api/movement/readMovements::a13edc2d-935d-4e2a-8b58-ba487bbb66e3::input-params ::GET::::{}
2024-09-02 15:44:07::info::/v1/api/movement/readMovements::5f0d6a82-bda7-49ac-bd88-cd0e303e6abc::input-params ::GET::::{}
2024-09-02 15:44:14::info::/v1/api/movement/readMovements::ec4c4366-ff32-4a62-8879-12117fd16786::input-params ::GET::::{}
2024-09-02 15:44:20::info::/v1/api/movement/readMovements::78b5da9d-a66c-4038-b8cd-9734918f10a1::input-params ::GET::::{}
2024-09-02 15:44:38::info::/v1/api/movement/readMovements::2afa853d-3789-49bf-8046-0981678d0eb7::input-params ::GET::::{}
2024-09-02 15:44:48::info::/v1/api/movement/readMovements::dcbc6f3e-50fe-4562-9697-d5baa4d4c654::input-params ::GET::::{}
2024-09-02 15:44:54::info::/v1/api/movement/readMovements::80c30a1b-577a-41ff-b2c0-9f7c7f7e58ba::input-params ::GET::::{}
2024-09-02 15:45:25::info::/v1/api/movement/readMovements::ea62f6bc-727a-410c-8fd6-5c4d3d778b32::input-params ::GET::::{}
2024-09-02 15:45:49::info::/v1/api/movement/readMovements::cc5a257c-16f4-4e97-81d8-9ec100579ef2::input-params ::GET::::{}
2024-09-02 15:46:03::info::/v1/api/movement/readMovements::7cfeddb8-6b78-4d66-af0e-5efa0d8dbcb6::input-params ::GET::::{}
2024-09-02 15:46:13::info::/v1/api/movement/readMovements::f0170fc3-af23-4e48-b5ab-1dbe1571ee39::input-params ::GET::::{}
2024-09-02 15:48:59::info::/v1/api/movement/readMovements::645e9105-35ac-42bc-865e-6018505fbc51::input-params ::GET::::{}
2024-09-02 15:49:21::info::/v1/api/movement/readMovements::dd386a08-766c-46f4-85bf-b1ad12338d51::input-params ::GET::::{}
2024-09-02 15:49:22::info::/v1/api/movement/readMovements::06e7e64d-f29d-4ce5-a882-359e88a44d41::input-params ::GET::::{}
2024-09-02 15:49:29::info::/v1/api/movement/readMovements::ad8b86f2-0cf3-42e2-a9bd-7ac4ba62fe5f::input-params ::GET::::{}
2024-09-02 15:50:47::info::/v1/api/user/me::a3bb0f2e-d9e5-4363-be27-a7b381fbe283::input-params ::GET::::{}
2024-09-02 15:50:49::info::/v1/api/user/me::5073e11d-612e-491e-850b-7aa2ebe05c79::input-params ::GET::::{}
2024-09-02 15:50:49::info::/v1/api/movement/readMovements::9bee022d-174a-4e3b-abf3-c147d24f278b::input-params ::GET::::{}
2024-09-02 15:50:54::info::/v1/api/movement/readMovements::ddba6f43-3e78-41bd-9025-06199d3c42da::input-params ::GET::::{}
2024-09-02 15:51:01::info::/v1/api/user/readUserProfile/profile-commission-services::8aa953cb-3c0e-40de-9342-5573d04aa69a::input-params ::GET::::{}
2024-09-02 15:51:01::error::/v1/api/user/readUserProfile/profile-commission-services::8aa953cb-3c0e-40de-9342-5573d04aa69a::undefined - NaNms - Response: {"stringValue":"\"profile-commission-services\"","valueType":"string","kind":"ObjectId","value":"profile-commission-services","path":"_id","reason":{},"name":"CastError","message":"Cast to ObjectId failed for value \"profile-commission-services\" (type string) at path \"_id\" for model \"User\""}::{"message":"Cast to ObjectId failed for value \"profile-commission-services\" (type string) at path \"_id\" for model \"User\""}
2024-09-02 15:51:26::info::/v1/api/movement/readMovements::3e3795d8-cebe-40bb-8f4d-70f000a47dfa::input-params ::GET::::{}
2024-09-02 15:51:26::info::/v1/api/movement/readMovements::fad93909-a0d0-4a38-881e-341fc1316975::input-params ::GET::::{}
2024-09-02 15:51:41::info::/v1/api/movement/readMovements::a028ac80-1ac3-451c-86c4-c11a47b5e9b2::input-params ::GET::::{}
2024-09-02 15:51:41::info::/v1/api/movement/readMovements::7a0b5bc1-84c1-496b-9e55-38ea841e969e::input-params ::GET::::{}
2024-09-02 15:52:00::info::/v1/api/movement/readMovements::1ac69634-3654-4e43-9bfa-e16a0943686b::input-params ::GET::::{}
2024-09-02 15:52:00::info::/v1/api/movement/readMovements::376b634b-d96e-405e-a005-bed873c2ccd6::input-params ::GET::::{}
2024-09-02 15:52:21::info::/v1/api/movement/readMovements::7b5ccea6-1702-4268-9f76-1de718d47589::input-params ::GET::::{}
2024-09-02 15:52:23::info::/v1/api/movement/readMovements::ab7d4974-13f3-453f-975b-50873fe0d7b8::input-params ::GET::::{}
2024-09-02 15:52:24::info::/v1/api/movement/readMovements::59ecb1ae-6d04-4796-b63b-b16099af4900::input-params ::GET::::{}
2024-09-02 15:52:33::info::/v1/api/movement/readMovements::ebada985-1b34-42e0-b992-2788688ca758::input-params ::GET::::{}
2024-09-02 15:53:22::info::/v1/api/movement/readMovements::6e1a0b56-8d07-41bb-a267-a7cb36a6c0cd::input-params ::GET::::{}
2024-09-02 15:53:37::info::/v1/api/movement/readMovements::914afb23-8751-4c9b-96f3-c0454000796c::input-params ::GET::::{}
2024-09-02 15:54:33::info::/v1/api/movement/readMovements::dba0bd67-c289-4136-bbb6-0da68cb556e8::input-params ::GET::::{}
2024-09-02 15:54:51::info::/v1/api/movement/readMovements::36d8f93c-3537-46cd-a0be-be6dc06b1217::input-params ::GET::::{}
2024-09-02 15:55:04::info::/v1/api/movement/readMovements::f91fd446-d543-4dde-9439-7fa4d59f8671::input-params ::GET::::{}
2024-09-02 15:55:21::info::/v1/api/movement/readMovements::ea952160-d7a8-43d9-bca4-0dd63bc7f6df::input-params ::GET::::{}
2024-09-02 15:55:24::info::/v1/api/user/me::08eeb09d-087b-44b5-a61b-117ec264c5da::input-params ::GET::::{}
2024-09-02 15:55:24::info::/v1/api/movement/readMovements::7ea36efc-6f76-4d52-8e27-612cc0223cd1::input-params ::GET::::{}
2024-09-02 15:55:40::info::/v1/api/movement/readMovements::a07e1851-91e7-4c56-977f-e3d91fef6fa5::input-params ::GET::::{}
2024-09-02 15:56:14::info::/v1/api/movement/readMovements::d4da4dcc-9f6a-47d1-b551-c4e6550ca21f::input-params ::GET::::{}
2024-09-02 15:56:24::info::/v1/api/movement/readMovements::7a8b089b-bafa-4857-a097-72c0565cbbf7::input-params ::GET::::{}
2024-09-02 15:56:37::info::/v1/api/movement/readMovements::f916177f-e9b2-4ccc-8889-de81ea06231f::input-params ::GET::::{}
2024-09-02 15:56:49::info::/v1/api/movement/readMovements::897540fa-63ae-41f5-acf6-d7830bf51b98::input-params ::GET::::{}
2024-09-02 15:56:56::info::/v1/api/movement/readMovements::dfd79dfb-0bf7-4e98-9535-0d79f50f4666::input-params ::GET::::{}
2024-09-02 15:57:13::info::/v1/api/movement/readMovements::115c5db4-ff12-40c7-9ce1-4c6c55891173::input-params ::GET::::{}
2024-09-02 16:01:36::info::/v1/api/movement/readMovements::26b69d57-44e3-4f28-992e-e357507554ca::input-params ::GET::::{}
2024-09-02 16:02:22::info::/v1/api/movement/readMovements::f41d2bb2-330e-4ed6-95b8-54cc83c7b3d9::input-params ::GET::::{}
2024-09-02 16:06:16::info::/v1/api/movement/readMovements::58687574-f5bb-4fc7-8bcb-87d7cddf24f0::input-params ::GET::::{}
2024-09-02 16:06:53::info::/v1/api/movement/readMovements::ca805a8d-c7ed-49b7-b6b6-3621b30fff77::input-params ::GET::::{}
2024-09-02 16:06:57::info::/v1/api/movement/readMovements::ba5be5dc-1cbf-4eae-a76d-ef53399bcb20::input-params ::GET::::{}
2024-09-02 16:07:56::info::/v1/api/movement/readMovements::7e83ea7e-c6f8-4f6c-948d-2fdaf1fd36c2::input-params ::GET::::{}
2024-09-02 16:08:03::info::/v1/api/user/me::d6a6b6d0-be25-4f9c-a127-f5c52ef2bbcb::input-params ::GET::::{}
2024-09-02 16:08:03::info::/v1/api/movement/readMovements::b64ac5c6-b7bc-4083-8c3f-970255bde06e::input-params ::GET::::{}
2024-09-02 16:08:08::info::/v1/api/user/me::e67598d4-a538-4213-8bcd-00538d652701::input-params ::GET::::{}
2024-09-02 16:08:08::info::/v1/api/movement/readMovements::9838872e-94df-45c3-8217-a98bc41b28a0::input-params ::GET::::{}
2024-09-02 16:08:40::info::/v1/api/movement/readMovements::959d1252-3af3-40b1-8b9b-080af80fc6ad::input-params ::GET::::{}
2024-09-02 16:08:42::info::/v1/api/user/me::a3ef1754-9e5b-4d71-a723-a4f12c95a7e7::input-params ::GET::::{}
2024-09-02 16:08:42::info::/v1/api/movement/readMovements::223d4cff-8dfc-4495-a618-ccccbd35f65f::input-params ::GET::::{}
2024-09-02 16:13:55::info::/v1/api/movement/readMovements::3017d3c9-e184-4d9b-ac5f-3ff9d561bb37::input-params ::GET::::{}
2024-09-02 16:14:27::info::/v1/api/movement/readMovements::8e9214ee-cee5-4868-94df-bcde2f6bb04b::input-params ::GET::::{}
2024-09-02 16:15:32::info::/v1/api/movement/readMovements::57ab072d-d955-49c4-84fc-3318eb760c39::input-params ::GET::::{}
2024-09-02 16:15:37::info::/v1/api/user/me::a229c22c-cefd-4f99-8e35-1f3a04bfe519::input-params ::GET::::{}
2024-09-02 16:15:38::info::/v1/api/movement/readMovements::e999d9fc-de7a-4ec9-a2ac-14626992c8ec::input-params ::GET::::{}
2024-09-02 16:15:54::info::/v1/api/movement/readMovements::870351ae-e225-428c-bec3-98f3ad7f8295::input-params ::GET::::{}
2024-09-02 16:15:58::info::/v1/api/movement/readMovements::459812e2-39c1-4fec-ab58-e354823f1e74::input-params ::GET::::{}
2024-09-02 16:15:59::info::/v1/api/movement/readMovements::1007782d-6490-46e8-96dd-b5f4df5cb300::input-params ::GET::::{}
2024-09-02 16:29:54::info::/v1/api/user/me::d4a36934-46d9-4259-bf01-f909ca199aa1::input-params ::GET::::{}
2024-09-02 16:29:55::info::/v1/api/movement/readMovements::eb13c8e7-d885-49b2-925a-565261677231::input-params ::GET::::{}
2024-09-02 16:40:23::info::/v1/api/movement/readMovements::fb6bcd91-30a8-4020-879b-28f5ca65a849::input-params ::GET::::{}
2024-09-02 16:40:32::info::/v1/api/movement/readMovements::9338b834-57e6-45ba-a62a-259c2b8bf8e7::input-params ::GET::::{}
2024-09-02 16:41:02::info::/v1/api/movement/readMovements::b3a2bb1f-9c2c-4903-b31c-912577f29288::input-params ::GET::::{}
2024-09-02 16:41:03::info::/v1/api/movement/readMovements::c96b1e8c-5a86-4727-8cf4-47e42c59d878::input-params ::GET::::{}
2024-09-02 16:41:06::info::/v1/api/movement/readMovements::0c547538-e1cf-4dc4-8d56-dbec49264d75::input-params ::GET::::{}
2024-09-02 16:41:29::info::/v1/api/movement/readMovements::91812e2b-b640-4a54-b99c-74455905654c::input-params ::GET::::{}
2024-09-02 16:41:31::info::/v1/api/movement/readMovements::a342d8d8-c18a-4eb2-bcdd-fca82e9ad0f5::input-params ::GET::::{}
2024-09-02 16:41:41::info::/v1/api/movement/readMovements::24d94fd9-1f3c-4f4a-90b4-91975f4078bc::input-params ::GET::::{}
2024-09-02 16:41:43::info::/v1/api/user/me::8da8acc3-2676-4833-a37b-cc8486848b90::input-params ::GET::::{}
2024-09-02 16:41:44::info::/v1/api/movement/readMovements::2187c453-6b3d-4593-8723-9e35a8b61bbb::input-params ::GET::::{}
2024-09-02 16:41:57::info::/v1/api/movement/readMovements::7d927119-797d-4889-adb3-56b43862f81c::input-params ::GET::::{}
2024-09-02 16:42:12::info::/v1/api/movement/readMovements::e49d91f0-5545-453f-862b-557f9f594c79::input-params ::GET::::{}
2024-09-02 16:44:21::info::/v1/api/movement/readMovements::d6fb307f-3f00-4da7-87e9-da4b9e88adef::input-params ::GET::::{}
2024-09-02 16:51:15::info::/v1/api/movement/readMovements::2937205f-ca2e-4a21-a141-cb54461acd72::input-params ::GET::::{}
2024-09-02 16:56:38::info::/v1/api/movement/readMovements::8f93ccbc-853e-48ff-abc0-fae760fefc97::input-params ::GET::::{}
2024-09-02 16:57:31::info::/v1/api/movement/readMovements::2bdc4a04-4ff4-4d6e-bac4-4339f19ffc28::input-params ::GET::::{}
2024-09-02 16:57:58::info::/v1/api/movement/readMovements::d4e0673e-b1fc-42ac-bf43-d820cb0c276f::input-params ::GET::::{}
2024-09-02 16:58:07::info::/v1/api/movement/readMovements::07401e90-e33d-4b28-9819-f161e8e957b0::input-params ::GET::::{}
2024-09-02 16:58:24::info::/v1/api/movement/readMovements::88bb6478-4a75-4fb2-a9dd-24d5993331b6::input-params ::GET::::{}
2024-09-02 16:59:04::info::/v1/api/movement/readMovements::2f41a6fa-dbaf-41ef-8595-da34d9d00f08::input-params ::GET::::{}
2024-09-02 16:59:19::info::/v1/api/movement/readMovements::066abdba-d69e-4a7c-87c2-d87c8a67cf39::input-params ::GET::::{}
2024-09-02 16:59:32::info::/v1/api/movement/readMovements::ac82bf88-bc3f-41bf-87bc-52d5fd91b005::input-params ::GET::::{}
2024-09-02 17:00:05::info::/v1/api/movement/readMovements::14150cf9-16da-4cb3-bc8f-aeb191d1d2c8::input-params ::GET::::{}
2024-09-02 17:00:15::info::/v1/api/movement/readMovements::dfaaac05-3c02-49f1-8b5a-d392f2907d0f::input-params ::GET::::{}
2024-09-02 17:00:21::info::/v1/api/movement/readMovements::bab068ef-6e68-4886-a88f-2b4f01191d89::input-params ::GET::::{}
2024-09-02 17:00:50::info::/v1/api/movement/readMovements::e812cdb1-5571-4059-86de-058aceae0792::input-params ::GET::::{}
2024-09-02 17:06:36::info::/v1/api/movement/readMovements::7e1c0d13-3c28-4dc4-89a4-0f8061a2f66a::input-params ::GET::::{}
2024-09-02 17:06:47::info::/v1/api/movement/readMovements::6b40f21f-4a5a-4c82-b184-32d809397537::input-params ::GET::::{}
2024-09-02 17:09:00::info::/v1/api/movement/readMovements::e75a0caa-fc85-4dc4-9f0a-3a8fa4547d03::input-params ::GET::::{}
2024-09-02 17:09:25::info::/v1/api/movement/readMovements::43eef8cc-b962-49b6-bfb3-6b646a798767::input-params ::GET::::{}
2024-09-02 17:11:27::info::/v1/api/movement/readMovements::a03982bc-d76a-4dd2-acd8-157fd3e7277d::input-params ::GET::::{}
2024-09-02 17:11:36::info::/v1/api/movement/readMovements::7897571c-0b8e-4fde-a891-bb4a2635f5c5::input-params ::GET::::{}
2024-09-02 17:11:43::info::/v1/api/movement/readMovements::1cde979a-4da3-4ed1-b3d0-71121d9bf99c::input-params ::GET::::{}
2024-09-02 17:18:50::info::/v1/api/movement/readMovements::e2469346-0ca3-4c09-bbad-c51342f1adf7::input-params ::GET::::{}
2024-09-02 17:20:45::info::/v1/api/movement/readMovements::00deeb76-b203-4eb7-b728-4c0b5ba71706::input-params ::GET::::{}
2024-09-02 17:25:51::info::/v1/api/movement/readMovements::1d5bd36c-1d68-4d02-94e6-f7e2c9a14f45::input-params ::GET::::{}
2024-09-02 17:25:53::info::/v1/api/movement/readMovements::ba6c218f-4662-4013-a0fc-588a471ef3de::input-params ::GET::::{}
2024-09-02 17:26:03::info::/v1/api/movement/readMovements::674ef431-3f8f-4109-b57e-29c9b646fb3e::input-params ::GET::::{}
2024-09-02 17:26:11::info::/v1/api/movement/readMovements::a125ffbd-90a1-4ab3-8166-9a8a84c6a7c5::input-params ::GET::::{}
2024-09-02 17:26:43::info::/v1/api/movement/readMovements::77d8f40a-0eb9-4a07-a209-be0d294f6e54::input-params ::GET::::{}
2024-09-02 17:26:49::info::/v1/api/movement/readMovements::3a386665-3b46-4d45-bfdf-5220239273a8::input-params ::GET::::{}
2024-09-02 17:27:25::info::/v1/api/movement/readMovements::179badef-8260-4565-b089-8d39b59d24c3::input-params ::GET::::{}
2024-09-02 17:27:27::info::/v1/api/movement/readMovements::448d0493-7964-424d-bb67-79d44e4f3441::input-params ::GET::::{}
2024-09-02 17:27:36::info::/v1/api/movement/readMovements::bbe9e8dc-6ef6-4565-803e-08b6abcfeaf2::input-params ::GET::::{}
2024-09-02 17:27:49::info::/v1/api/user/me::0cc23114-939f-4272-8397-101a7132c2c6::input-params ::GET::::{}
2024-09-02 17:27:49::info::/v1/api/movement/readMovements::53c6388c-30d2-4022-8aac-dfc51e1a75f9::input-params ::GET::::{}
2024-09-02 17:27:57::info::/v1/api/movement/readMovements::5a2879df-8ade-44cb-8c3f-5777a566fb7d::input-params ::GET::::{}
2024-09-02 17:28:13::info::/v1/api/movement/readMovements::59b0ad30-6cc8-4c48-a630-51a229b54042::input-params ::GET::::{}
2024-09-02 17:28:26::info::/v1/api/movement/readMovements::cab2d94e-3361-4fa1-85a9-0f47886d6438::input-params ::GET::::{}
2024-09-02 17:28:34::info::/v1/api/movement/readMovements::39aad1e4-b0c9-4d4d-b76e-3dbb86ed14bd::input-params ::GET::::{}
2024-09-02 17:29:18::info::/v1/api/movement/readMovements::5b77dcda-94ca-47a7-8d28-b932e365f640::input-params ::GET::::{}
2024-09-02 17:29:27::info::/v1/api/movement/readMovements::5c5be68c-236a-44d6-af95-8ee5e1433a7c::input-params ::GET::::{}
2024-09-02 17:29:41::info::/v1/api/movement/readMovements::101c0dca-08d9-4bec-a205-25742855083b::input-params ::GET::::{}
2024-09-02 17:29:45::info::/v1/api/movement/readMovements::974cd2f0-7289-46af-aa8d-9d6a8786b944::input-params ::GET::::{}
2024-09-02 17:30:42::info::/v1/api/movement/readMovements::c62bd739-73be-4857-8acd-ddded6ebb459::input-params ::GET::::{}
2024-09-02 17:30:43::info::/v1/api/movement/readMovements::04583cdd-6e1b-42e2-8809-a42cbff46c60::input-params ::GET::::{}
2024-09-02 17:30:47::info::/v1/api/user/me::5126fe9a-5ec3-4791-a117-54e249cd8713::input-params ::GET::::{}
2024-09-02 17:30:48::info::/v1/api/movement/readMovements::ba9eca11-03ce-44a2-b4bd-7cdb3bf43041::input-params ::GET::::{}
2024-09-02 17:31:00::info::/v1/api/movement/readMovements::94f806bc-9573-4c94-b3f2-b3bd65633e32::input-params ::GET::::{}
2024-09-02 17:31:33::info::/v1/api/movement/readMovements::c900e102-54ac-4d5c-ab42-cb7936f992c2::input-params ::GET::::{}
2024-09-02 17:31:50::info::/v1/api/movement/readMovements::e8741cf8-6209-487e-bd43-0f3e9c4bc192::input-params ::GET::::{}
2024-09-02 17:31:53::info::/v1/api/movement/readMovements::36f60933-aae5-4a0f-8ce1-a29b428c03af::input-params ::GET::::{}
2024-09-02 17:32:14::info::/v1/api/movement/readMovements::e8c29060-7c50-4e01-b5ed-2e5320fcd373::input-params ::GET::::{}
2024-09-02 17:32:34::info::/v1/api/movement/readMovements::b87fb4ed-07a5-4e0a-bd05-3d3b40f879d9::input-params ::GET::::{}
2024-09-02 17:33:28::info::/v1/api/movement/readMovements::c9d5f5ad-2c78-4826-a68b-54626a4d4101::input-params ::GET::::{}
2024-09-02 17:33:33::info::/v1/api/movement/readMovements::164da276-8acc-4b36-92a5-4459b734782b::input-params ::GET::::{}
2024-09-02 17:33:45::info::/v1/api/movement/readMovements::b76f82a3-4150-464a-bdc0-16fd6ecabaf4::input-params ::GET::::{}
2024-09-02 17:34:31::info::/v1/api/badge/readBadges::9171793f-b720-41e5-8b96-15b68661b5e5::input-params ::GET::::{}
2024-09-02 17:34:43::info::/v1/api/news/readNewss::e336e70a-cfab-4328-bb9e-aff2d7124427::input-params ::GET::::{}
2024-09-02 17:34:43::info::/v1/api/recommender/readPopularPosts::b734557a-4d0a-4f7f-86ea-416a7cb91c48::input-params ::GET::::{}
2024-09-02 17:34:47::info::/v1/api/movement/readMovements::25ec8e80-c647-42bf-a796-3493e58136a6::input-params ::GET::::{}
2024-09-02 17:34:47::info::/v1/api/news/readNewss::9a7b7ed6-3374-441e-92a3-fbb058827345::input-params ::GET::::{}
2024-09-02 17:34:47::info::/v1/api/recommender/readPopularPosts::7f6305b6-3215-4077-8b83-82462ce7f135::input-params ::GET::::{}
2024-09-02 17:35:38::info::/v1/api/movement/readMovements::a624fe3f-d69b-4c45-b623-bab575133cb4::input-params ::GET::::{}
2024-09-02 17:36:16::info::/v1/api/movement/readMovements::1edd1de1-60d2-4300-bd59-d39beb18ed80::input-params ::GET::::{}
2024-09-02 17:36:21::info::/v1/api/movement/readMovements::92092b18-09d7-4077-b3f9-5634229d7c06::input-params ::GET::::{}
2024-09-02 22:01:01::info::/v1/api/user/me::12254606-4fa8-4b41-b576-c78b835014ae::input-params ::GET::::{}
2024-09-02 22:01:09::info::/v1/api/movement/readMovements::91d09eab-34b9-4014-ad29-88bdb9712e01::input-params ::GET::::{}
2024-09-02 22:42:12::info::/v1/api/movement/readMovements::001b7d62-1714-474c-a750-be7cef236628::input-params ::GET::::{}
2024-09-02 22:42:12::info::/v1/api/user/me::5d00a0af-d501-46b5-8aa4-8699afa91d9e::input-params ::GET::::{}
2024-09-02 22:42:13::info::/v1/api/movement/readMovements::1c581a43-d130-42a8-b630-2f1a774c519b::input-params ::GET::::{}
