2024-10-04 07:28:40::error::/v1/api/termOfService/deleteTermOfService/66fea8a69b1ac0eff6727fe6::c506a196-fb49-46ac-9de8-f8143d9951a1::404 - 2ms - Response: {"status":404,"now":1728001720085}::{"message":"TermOfService not found"}
2024-10-04 07:48:54::error::/v1/api/termOfService/deleteTermOfService/66ff39848681da7eefbf6f1c::a301ff35-9d4a-4da8-bc51-65630f753c2a::404 - 1ms - Response: {"status":404,"now":1728002934062}::{"message":"TermOfService not found"}
2024-10-04 07:48:56::error::/v1/api/termOfService/deleteTermOfService/66ff39e88681da7eefbf6f70::0ae9ad70-6930-40c3-bed6-16f4d8ff85a6::404 - 1ms - Response: {"status":404,"now":1728002936614}::{"message":"TermOfService not found"}
2024-10-04 07:48:57::error::/v1/api/termOfService/deleteTermOfService/66ff39848681da7eefbf6f1c::6f7df594-2140-4df7-89a1-f62731459c64::404 - 0ms - Response: {"status":404,"now":1728002937706}::{"message":"TermOfService not found"}
2024-10-04 07:48:57::error::/v1/api/termOfService/deleteTermOfService/66ff39848681da7eefbf6f1c::a9ff98f4-8cf7-4558-962f-d7e608e38f1a::404 - 0ms - Response: {"status":404,"now":1728002937772}::{"message":"TermOfService not found"}
2024-10-04 07:48:58::error::/v1/api/termOfService/deleteTermOfService/66ff39848681da7eefbf6f1c::ba31a0a1-2c6e-400a-b3e0-46c606be7ab8::404 - 0ms - Response: {"status":404,"now":1728002938414}::{"message":"TermOfService not found"}
2024-10-04 07:48:58::error::/v1/api/termOfService/deleteTermOfService/66ff39848681da7eefbf6f1c::75e7772e-f4f7-4559-8745-a3d36cf8a048::404 - 0ms - Response: {"status":404,"now":1728002938481}::{"message":"TermOfService not found"}
2024-10-04 07:49:03::error::/v1/api/termOfService/deleteTermOfService/66ff39848681da7eefbf6f1c::0760c1dd-ec89-4919-b2fc-0cb3e51a6c71::404 - 0ms - Response: {"status":404,"now":1728002943872}::{"message":"TermOfService not found"}
2024-10-04 07:49:03::error::/v1/api/termOfService/deleteTermOfService/66ff39848681da7eefbf6f1c::8f303028-a1d4-414b-9079-909b71cd34dc::404 - 0ms - Response: {"status":404,"now":1728002943936}::{"message":"TermOfService not found"}
2024-10-04 07:50:29::error::/v1/api/termOfService/deleteTermOfService/66ff39e88681da7eefbf6f74::45ea7cff-6659-463a-ab2b-b3e040ac2160::404 - 1ms - Response: {"status":404,"now":1728003029643}::{"message":"TermOfService not found"}
2024-10-04 07:53:43::error::/v1/api/termOfService/deleteTermOfService/66ff3a108681da7eefbf6ff5::39a7b475-125c-4913-9cd7-9c66b94afda9::404 - 0ms - Response: {"status":404,"now":1728003223704}::{"message":"TermOfService not found"}
2024-10-04 10:37:47::error::/v1/api/proposal/sendProposal/66fe8c339b1ac0eff672291d::86ee0163-8b76-4d29-aeb0-84e95103e1c7::403 - 1ms - Response: {"status":403,"now":1728013067560}::{"message":"You have already given proposal for this order"}
2024-10-04 10:37:52::error::/v1/api/proposal/sendProposal/66fe8c339b1ac0eff672291d::2116fab2-b595-4b74-9f16-935870a86f73::403 - 1ms - Response: {"status":403,"now":1728013072310}::{"message":"You have already given proposal for this order"}
2024-10-04 10:37:57::error::/v1/api/proposal/sendProposal/66fe8c339b1ac0eff672291d::f5ef5911-b5fd-445a-a004-1806d4d01bb0::403 - 0ms - Response: {"status":403,"now":1728013077474}::{"message":"You have already given proposal for this order"}
2024-10-04 10:44:32::error::/v1/api/proposal/readProposals/undefined::59a2775a-8568-4e75-8756-33c789d43833::undefined - NaNms - Response: {"stringValue":"\"undefined\"","valueType":"string","kind":"ObjectId","value":"undefined","path":"_id","reason":{},"name":"CastError","message":"Cast to ObjectId failed for value \"undefined\" (type string) at path \"_id\" for model \"Order\""}::{"message":"Cast to ObjectId failed for value \"undefined\" (type string) at path \"_id\" for model \"Order\""}
2024-10-04 10:44:39::error::/v1/api/proposal/readProposals/undefined::2eadf7e7-4402-46da-8df9-4c198b52fa01::undefined - NaNms - Response: {"stringValue":"\"undefined\"","valueType":"string","kind":"ObjectId","value":"undefined","path":"_id","reason":{},"name":"CastError","message":"Cast to ObjectId failed for value \"undefined\" (type string) at path \"_id\" for model \"Order\""}::{"message":"Cast to ObjectId failed for value \"undefined\" (type string) at path \"_id\" for model \"Order\""}
2024-10-04 12:10:55::error::/v1/api/proposal/readProposal/undefined::b6950a5a-c2ef-4506-abe9-5ed0b7fd417d::undefined - NaNms - Response: {"stringValue":"\"undefined\"","valueType":"string","kind":"ObjectId","value":"undefined","path":"_id","reason":{},"name":"CastError","message":"Cast to ObjectId failed for value \"undefined\" (type string) at path \"_id\" for model \"Proposal\""}::{"message":"Cast to ObjectId failed for value \"undefined\" (type string) at path \"_id\" for model \"Proposal\""}
2024-10-04 12:10:56::error::/v1/api/proposal/readProposal/undefined::ac31c1f0-6be6-4c6f-9920-7c7c292d88ff::undefined - NaNms - Response: {"stringValue":"\"undefined\"","valueType":"string","kind":"ObjectId","value":"undefined","path":"_id","reason":{},"name":"CastError","message":"Cast to ObjectId failed for value \"undefined\" (type string) at path \"_id\" for model \"Proposal\""}::{"message":"Cast to ObjectId failed for value \"undefined\" (type string) at path \"_id\" for model \"Proposal\""}
2024-10-04 12:10:57::error::/v1/api/proposal/readProposal/undefined::a9fbce4c-fb79-46de-abfa-77bf86fab523::undefined - NaNms - Response: {"stringValue":"\"undefined\"","valueType":"string","kind":"ObjectId","value":"undefined","path":"_id","reason":{},"name":"CastError","message":"Cast to ObjectId failed for value \"undefined\" (type string) at path \"_id\" for model \"Proposal\""}::{"message":"Cast to ObjectId failed for value \"undefined\" (type string) at path \"_id\" for model \"Proposal\""}
2024-10-04 12:10:59::error::/v1/api/proposal/readProposal/undefined::1e1f319b-d7d9-4897-9253-cfc690ce98b6::undefined - NaNms - Response: {"stringValue":"\"undefined\"","valueType":"string","kind":"ObjectId","value":"undefined","path":"_id","reason":{},"name":"CastError","message":"Cast to ObjectId failed for value \"undefined\" (type string) at path \"_id\" for model \"Proposal\""}::{"message":"Cast to ObjectId failed for value \"undefined\" (type string) at path \"_id\" for model \"Proposal\""}
2024-10-04 12:11:05::error::/v1/api/proposal/readProposal/undefined::4b1fe791-66df-44ce-829a-f779ce1c2144::undefined - NaNms - Response: {"stringValue":"\"undefined\"","valueType":"string","kind":"ObjectId","value":"undefined","path":"_id","reason":{},"name":"CastError","message":"Cast to ObjectId failed for value \"undefined\" (type string) at path \"_id\" for model \"Proposal\""}::{"message":"Cast to ObjectId failed for value \"undefined\" (type string) at path \"_id\" for model \"Proposal\""}
2024-10-04 13:15:59::error::/v1/api/order/readRejectResponse/66bd9ec37fabb2e3de774d28::68269a44-f9d4-4ff9-834d-0d3513ec64ce::404 - NaNms - Response: {"status":404}::{"message":"Not Found"}
2024-10-04 13:16:11::error::/v1/api/order/readRejectResponse/66bd9ec37fabb2e3de774d28::6c0e5f32-babb-47d6-9611-a91a618fc155::404 - NaNms - Response: {"status":404}::{"message":"Not Found"}
2024-10-04 13:16:14::error::/v1/api/order/readRejectResponse/66bd9ec37fabb2e3de774d28::5275f1e8-a895-4ddf-a7c7-a0ca8925663b::404 - NaNms - Response: {"status":404}::{"message":"Not Found"}
2024-10-04 13:16:14::error::/v1/api/order/readRejectResponse/66bd9ec37fabb2e3de774d28::3e03309c-e69c-4a12-b5a6-59845d8cd06c::404 - NaNms - Response: {"status":404}::{"message":"Not Found"}
2024-10-04 13:16:18::error::/v1/api/order/readRejectResponse/66bd9ec37fabb2e3de774d28::6bc0f00b-c1a9-4534-a4de-f8a094b4624a::404 - NaNms - Response: {"status":404}::{"message":"Not Found"}
2024-10-04 13:16:58::error::/v1/api/order/readRejectResponse/66bd9ec37fabb2e3de774d28::fef5a0a6-be90-4531-8a06-53ca8023d033::404 - NaNms - Response: {"status":404}::{"message":"Not Found"}
2024-10-04 13:17:32::error::/v1/api/order/readRejectResponse/66bd9ec37fabb2e3de774d28::d8ebaa87-e72e-4623-8ee3-0c375b713834::404 - NaNms - Response: {"status":404}::{"message":"Not Found"}
2024-10-04 13:18:23::error::/v1/api/order/readRejectResponse/66bd9ec37fabb2e3de774d28::571a7b22-4c74-439a-92e0-e3f980e5443b::404 - NaNms - Response: {"status":404}::{"message":"Not Found"}
2024-10-04 13:18:24::error::/v1/api/order/readRejectResponse/66bd9ec37fabb2e3de774d28::a5f7154f-30d9-41e2-ab1c-910ccb874e6d::404 - NaNms - Response: {"status":404}::{"message":"Not Found"}
2024-10-04 13:18:26::error::/v1/api/order/readRejectResponse/66bd9ec37fabb2e3de774d28::90ab87a0-be74-4deb-a62f-d180f0182c89::404 - NaNms - Response: {"status":404}::{"message":"Not Found"}
2024-10-04 13:18:28::error::/v1/api/order/readRejectResponse/66bd9ec37fabb2e3de774d28::72411450-4247-4982-9f55-e51bfe9f0b75::404 - NaNms - Response: {"status":404}::{"message":"Not Found"}
2024-10-04 13:18:50::error::/v1/api/order/readRejectResponse/66bd9ec37fabb2e3de774d28::6a24dffd-9e48-4044-863a-5f67fe0424ae::404 - NaNms - Response: {"status":404}::{"message":"Not Found"}
2024-10-04 13:18:53::error::/v1/api/order/readRejectResponse/66bd9ec37fabb2e3de774d28::0f33e030-e2cc-434d-afbe-d76edc9c2772::404 - NaNms - Response: {"status":404}::{"message":"Not Found"}
2024-10-04 13:18:54::error::/v1/api/order/readRejectResponse/66bd9ec37fabb2e3de774d28::0ac84700-0704-451e-8445-55f193dbf2ec::404 - NaNms - Response: {"status":404}::{"message":"Not Found"}
2024-10-04 15:13:22::error::/v1/api/user/me::f0157307-496d-4f46-ae65-62ff429ddb4a::undefined - NaNms - Response: {"connectionGeneration":2}::{"message":"connection timed out"}
2024-10-04 15:13:22::error::/v1/api/user/me::d6cd8b9b-bdba-4226-8600-e30c0abb8cf2::undefined - NaNms - Response: {"connectionGeneration":2}::{"message":"getaddrinfo ENOTFOUND ac-ohhtiix-shard-00-02.oedyizh.mongodb.net"}
2024-10-04 15:16:13::error::/v1/api/user/readUserProfile/order-history'::343e3ef6-f1c6-401d-90f9-fc1b82040bf7::undefined - NaNms - Response: {"stringValue":"\"order-history'\"","valueType":"string","kind":"ObjectId","value":"order-history'","path":"_id","reason":{},"name":"CastError","message":"Cast to ObjectId failed for value \"order-history'\" (type string) at path \"_id\" for model \"User\""}::{"message":"Cast to ObjectId failed for value \"order-history'\" (type string) at path \"_id\" for model \"User\""}
2024-10-04 15:16:14::error::/v1/api/user/readUserProfile/order-history'::e4c90ec7-f929-4ea0-828f-752a4823d916::undefined - NaNms - Response: {"stringValue":"\"order-history'\"","valueType":"string","kind":"ObjectId","value":"order-history'","path":"_id","reason":{},"name":"CastError","message":"Cast to ObjectId failed for value \"order-history'\" (type string) at path \"_id\" for model \"User\""}::{"message":"Cast to ObjectId failed for value \"order-history'\" (type string) at path \"_id\" for model \"User\""}
2024-10-04 15:16:15::error::/v1/api/user/readUserProfile/order-history::a8d22cfc-31c5-4224-8671-47fec98cb345::undefined - NaNms - Response: {"stringValue":"\"order-history\"","valueType":"string","kind":"ObjectId","value":"order-history","path":"_id","reason":{},"name":"CastError","message":"Cast to ObjectId failed for value \"order-history\" (type string) at path \"_id\" for model \"User\""}::{"message":"Cast to ObjectId failed for value \"order-history\" (type string) at path \"_id\" for model \"User\""}
2024-10-04 15:16:24::error::/v1/api/user/readUserProfile/order-history::472fdaa3-3505-4d7e-8656-e67c22c5b7ad::undefined - NaNms - Response: {"stringValue":"\"order-history\"","valueType":"string","kind":"ObjectId","value":"order-history","path":"_id","reason":{},"name":"CastError","message":"Cast to ObjectId failed for value \"order-history\" (type string) at path \"_id\" for model \"User\""}::{"message":"Cast to ObjectId failed for value \"order-history\" (type string) at path \"_id\" for model \"User\""}
2024-10-04 15:16:25::error::/v1/api/user/readUserProfile/order-history::a71fd504-e2d3-48e6-bb50-73c04d6e292a::undefined - NaNms - Response: {"stringValue":"\"order-history\"","valueType":"string","kind":"ObjectId","value":"order-history","path":"_id","reason":{},"name":"CastError","message":"Cast to ObjectId failed for value \"order-history\" (type string) at path \"_id\" for model \"User\""}::{"message":"Cast to ObjectId failed for value \"order-history\" (type string) at path \"_id\" for model \"User\""}
2024-10-04 15:16:26::error::/v1/api/user/readUserProfile/order-history'::bb687821-8d0d-4b51-809f-800050c61ce9::undefined - NaNms - Response: {"stringValue":"\"order-history'\"","valueType":"string","kind":"ObjectId","value":"order-history'","path":"_id","reason":{},"name":"CastError","message":"Cast to ObjectId failed for value \"order-history'\" (type string) at path \"_id\" for model \"User\""}::{"message":"Cast to ObjectId failed for value \"order-history'\" (type string) at path \"_id\" for model \"User\""}
2024-10-04 15:16:56::error::/v1/api/proposal/readProposals/undefined::cb14fbe3-dc42-4551-9bc8-e58f8eb773c0::undefined - NaNms - Response: {"stringValue":"\"undefined\"","valueType":"string","kind":"ObjectId","value":"undefined","path":"_id","reason":{},"name":"CastError","message":"Cast to ObjectId failed for value \"undefined\" (type string) at path \"_id\" for model \"Order\""}::{"message":"Cast to ObjectId failed for value \"undefined\" (type string) at path \"_id\" for model \"Order\""}
2024-10-04 15:17:03::error::/v1/api/proposal/readProposals/undefined::b9af70ac-f011-495f-8d5f-ba1ae2c13106::undefined - NaNms - Response: {"stringValue":"\"undefined\"","valueType":"string","kind":"ObjectId","value":"undefined","path":"_id","reason":{},"name":"CastError","message":"Cast to ObjectId failed for value \"undefined\" (type string) at path \"_id\" for model \"Order\""}::{"message":"Cast to ObjectId failed for value \"undefined\" (type string) at path \"_id\" for model \"Order\""}
2024-10-04 15:17:09::error::/v1/api/proposal/readProposals/undefined::afdd8af1-5756-4cd0-8299-1a751549ce89::undefined - NaNms - Response: {"stringValue":"\"undefined\"","valueType":"string","kind":"ObjectId","value":"undefined","path":"_id","reason":{},"name":"CastError","message":"Cast to ObjectId failed for value \"undefined\" (type string) at path \"_id\" for model \"Order\""}::{"message":"Cast to ObjectId failed for value \"undefined\" (type string) at path \"_id\" for model \"Order\""}
2024-10-04 15:17:31::error::/v1/api/proposal/readProposals/undefined::05582099-4407-4966-89d2-43db77fb407b::undefined - NaNms - Response: {"stringValue":"\"undefined\"","valueType":"string","kind":"ObjectId","value":"undefined","path":"_id","reason":{},"name":"CastError","message":"Cast to ObjectId failed for value \"undefined\" (type string) at path \"_id\" for model \"Order\""}::{"message":"Cast to ObjectId failed for value \"undefined\" (type string) at path \"_id\" for model \"Order\""}
2024-10-04 15:17:39::error::/v1/api/proposal/readProposals/undefined::c7f2a8fe-5d2e-49e8-9cc1-8039c14309b5::undefined - NaNms - Response: {"stringValue":"\"undefined\"","valueType":"string","kind":"ObjectId","value":"undefined","path":"_id","reason":{},"name":"CastError","message":"Cast to ObjectId failed for value \"undefined\" (type string) at path \"_id\" for model \"Order\""}::{"message":"Cast to ObjectId failed for value \"undefined\" (type string) at path \"_id\" for model \"Order\""}
2024-10-04 15:17:42::error::/v1/api/proposal/readProposals/undefined::552e6bf7-fc80-49f4-827c-2e1324d04f60::undefined - NaNms - Response: {"stringValue":"\"undefined\"","valueType":"string","kind":"ObjectId","value":"undefined","path":"_id","reason":{},"name":"CastError","message":"Cast to ObjectId failed for value \"undefined\" (type string) at path \"_id\" for model \"Order\""}::{"message":"Cast to ObjectId failed for value \"undefined\" (type string) at path \"_id\" for model \"Order\""}
2024-10-04 15:51:18::error::/v1/api/order/updateOrder/66ff651ea9550fbb204debc7::8ff409e9-3b92-4cdf-9734-c8665905bb13::403 - 0ms - Response: {"status":403,"now":1728031878782}::{"message":"You cannot update order on this stage!"}
2024-10-04 15:51:29::error::/v1/api/order/updateOrder/66ff651ea9550fbb204debc7::56f1ba8d-8013-468d-b6b7-ac91f5006f51::403 - 1ms - Response: {"status":403,"now":1728031889976}::{"message":"You cannot update order on this stage!"}
2024-10-04 15:55:49::error::/v1/api/conversation/readConversationWithOtherMember/66a5a6a373370474cf4eae1d::cb693973-4bb4-44a8-9a3f-6ee0985f2a86::undefined - NaNms - Response: {}::{"message":"Failed to read conversation"}
2024-10-04 15:56:11::error::/v1/api/conversation/readConversationWithOtherMember/66a5a6a373370474cf4eae1d::6b2fbed1-ea9f-4e87-81e1-0bb19b8aeec9::undefined - NaNms - Response: {}::{"message":"Failed to read conversation"}
2024-10-04 15:57:23::error::/v1/api/conversation/readConversationWithOtherMember/66a5a6a373370474cf4eae1d::84a6908c-92f8-4d02-ac0a-58fe396874c0::undefined - NaNms - Response: {}::{"message":"Failed to read conversation"}
2024-10-04 15:58:03::error::/v1/api/conversation/readConversationWithOtherMember/66a5a6a373370474cf4eae1d::4abc6283-2c7e-4592-9b84-62b9562ceabe::undefined - NaNms - Response: {}::{"message":"Failed to read conversation"}
2024-10-04 15:58:55::error::/v1/api/conversation/readConversationWithOtherMember/66a5a6a373370474cf4eae1d::35dcd323-6869-4867-9efb-3824734cbe0b::undefined - NaNms - Response: {}::{"message":"Failed to read conversation"}
2024-10-04 15:59:32::error::/v1/api/conversation/readConversationWithOtherMember/66a5a6a373370474cf4eae1d::cb59f353-de34-40bf-a92f-2d8a848f1946::undefined - NaNms - Response: {}::{"message":"Failed to read conversation"}
2024-10-04 15:59:41::error::/v1/api/conversation/readConversationWithOtherMember/66a5a6a373370474cf4eae1d::c98a18e1-2d1d-4bc3-88a3-8ffe7dc64834::undefined - NaNms - Response: {}::{"message":"Failed to read conversation"}
2024-10-04 15:59:44::error::/v1/api/conversation/readConversationWithOtherMember/66a5a6a373370474cf4eae1d::fce31f80-eb20-4273-adab-c7ac3ec9efec::undefined - NaNms - Response: {}::{"message":"Failed to read conversation"}
2024-10-04 15:59:59::error::/v1/api/conversation/readConversationWithOtherMember/66a5a6a373370474cf4eae1d::2caea1ed-2cf1-42c9-8723-96292a90d236::undefined - NaNms - Response: {}::{"message":"Failed to read conversation"}
2024-10-04 16:00:05::error::/v1/api/conversation/readConversationWithOtherMember/66a5a6a373370474cf4eae1d::e2cbbea3-2ab7-4246-a918-557f6e92a78e::undefined - NaNms - Response: {}::{"message":"Failed to read conversation"}
2024-10-04 16:00:32::error::/v1/api/conversation/readConversationWithOtherMember/66a5a6a373370474cf4eae1d::4fc5e054-2435-4ac0-b92f-09121308da16::undefined - NaNms - Response: {}::{"message":"Failed to read conversation"}
2024-10-04 16:00:56::error::/v1/api/conversation/readConversationWithOtherMember/66a5a6a373370474cf4eae1d::986bcb01-8c47-48f6-b3bd-9e2bb9c2149e::undefined - NaNms - Response: {}::{"message":"Failed to read conversation"}
2024-10-04 16:01:42::error::/v1/api/conversation/readConversationWithOtherMember/66a5a6a373370474cf4eae1d::d92d7064-d629-4b9b-ac4b-1b461ff03c5a::undefined - NaNms - Response: {}::{"message":"Failed to read conversation"}
2024-10-04 16:01:52::error::/v1/api/conversation/readConversationWithOtherMember/66a5a6a373370474cf4eae1d::5af67082-878e-4bc7-be2b-d22daf317a86::undefined - NaNms - Response: {}::{"message":"Failed to read conversation"}
2024-10-04 16:01:58::error::/v1/api/conversation/readConversationWithOtherMember/66a5a6a373370474cf4eae1d::99217069-9c89-47f7-8def-64fc4d75c299::undefined - NaNms - Response: {}::{"message":"Failed to read conversation"}
2024-10-04 16:02:16::error::/v1/api/conversation/readConversationWithOtherMember/66a5a6a373370474cf4eae1d::2920ef98-f8ea-4bf5-9eae-acfde8cd4b52::undefined - NaNms - Response: {}::{"message":"Failed to read conversation"}
2024-10-04 16:02:28::error::/v1/api/conversation/readConversationWithOtherMember/66a5a6a373370474cf4eae1d::56c6d69e-bba9-4d52-9d41-0b1285f1c40a::undefined - NaNms - Response: {}::{"message":"Failed to read conversation"}
2024-10-04 16:03:00::error::/v1/api/conversation/readConversationWithOtherMember/66a5a6a373370474cf4eae1d::9131b126-ec96-474a-bd1d-353fa3e2129c::undefined - NaNms - Response: {}::{"message":"Failed to read conversation"}
2024-10-04 16:03:06::error::/v1/api/conversation/readConversationWithOtherMember/66a5a6a373370474cf4eae1d::ff0e540e-60e0-4691-a32e-586f2e92d6db::undefined - NaNms - Response: {}::{"message":"Failed to read conversation"}
2024-10-04 16:03:21::error::/v1/api/conversation/readConversationWithOtherMember/66a5a6a373370474cf4eae1d::d895f137-5227-4fce-9560-1cf07d35916d::undefined - NaNms - Response: {}::{"message":"Failed to read conversation"}
2024-10-04 16:03:41::error::/v1/api/conversation/readConversationWithOtherMember/66a5a6a373370474cf4eae1d::0a5a0692-09a1-459c-87e2-472ffd3339d1::undefined - NaNms - Response: {}::{"message":"Failed to read conversation"}
2024-10-04 16:03:42::error::/v1/api/conversation/readConversationWithOtherMember/66a5a6a373370474cf4eae1d::d62aa9ee-a60d-4f1f-9184-d5f3403c2450::undefined - NaNms - Response: {}::{"message":"Failed to read conversation"}
2024-10-04 16:03:50::error::/v1/api/conversation/readConversationWithOtherMember/66a5a6a373370474cf4eae1d::20f50a97-d9ca-44ef-90f0-6e6daa5b6496::undefined - NaNms - Response: {}::{"message":"Failed to read conversation"}
2024-10-04 16:03:56::error::/v1/api/conversation/readConversationWithOtherMember/66a5a6a373370474cf4eae1d::1d53150c-1761-4a32-a59a-aab654d81f4a::undefined - NaNms - Response: {}::{"message":"Failed to read conversation"}
2024-10-04 16:04:40::error::/v1/api/conversation/readConversationWithOtherMember/66a5a6a373370474cf4eae1d::1551d401-49ed-4200-9d2d-627ce7f7d495::undefined - NaNms - Response: {}::{"message":"Failed to read conversation"}
2024-10-04 16:07:34::error::/v1/api/conversation/readConversationWithOtherMember/66a5a6a373370474cf4eae1d::f5d948d2-e90e-4224-842a-cab6cd9fda85::undefined - NaNms - Response: {}::{"message":"Failed to read conversation"}
2024-10-04 16:08:56::error::/v1/api/conversation/readConversationWithOtherMember/66a5a6a373370474cf4eae1d::ec7456f9-bc51-4e90-a2cf-d7c5eb6bcebf::undefined - NaNms - Response: {}::{"message":"Failed to read conversation"}
2024-10-04 16:09:56::error::/v1/api/conversation/readConversationWithOtherMember/66a5a6a373370474cf4eae1d::f1c9a1ac-7399-455b-b1bc-38558095499e::undefined - NaNms - Response: {}::{"message":"Failed to read conversation"}
2024-10-04 16:09:57::error::/v1/api/conversation/readConversationWithOtherMember/66a5a6a373370474cf4eae1d::394cf95e-183a-4805-b58f-c318a75d8f31::undefined - NaNms - Response: {}::{"message":"Failed to read conversation"}
2024-10-04 16:10:04::error::/v1/api/conversation/readConversationWithOtherMember/66a5a6a373370474cf4eae1d::f7971e4d-2ce8-4fd2-a84d-596583bcc955::undefined - NaNms - Response: {}::{"message":"Failed to read conversation"}
2024-10-04 16:11:11::error::/v1/api/conversation/readConversationWithOtherMember/66a5a6a373370474cf4eae1d::1f380ef3-9244-4070-bdbf-fe547b27ee99::undefined - NaNms - Response: {}::{"message":"Failed to read conversation"}
2024-10-04 16:13:51::error::/v1/api/conversation/readConversationWithOtherMember/66a5a6a373370474cf4eae1d::1bdc7c65-5d30-430c-af99-c551e9f110c7::undefined - NaNms - Response: {}::{"message":"Failed to read conversation"}
2024-10-04 16:14:48::error::/v1/api/conversation/readConversationWithOtherMember/66a5a6a373370474cf4eae1d::7cdbb49a-0142-4fdf-b299-550807f29d36::undefined - NaNms - Response: {}::{"message":"Failed to read conversation"}
2024-10-04 16:14:59::error::/v1/api/conversation/readConversationWithOtherMember/66a5a6a373370474cf4eae1d::a0acab00-ea1c-4d13-a706-ab8fca630826::undefined - NaNms - Response: {}::{"message":"Failed to read conversation"}
2024-10-04 16:15:54::error::/v1/api/conversation/readConversationWithOtherMember/66a5a6a373370474cf4eae1d::8a90cef0-4f37-4dd9-bd98-ed85e00585b1::undefined - NaNms - Response: {}::{"message":"Failed to read conversation"}
