2024-07-07 09:42:11::error::/v1/api/post/createPost::1303e967-35b1-4ded-b981-ddff75e0d550::403 - 2ms - Response: {"status":403,"now":1720320131884}::{"message":"You are not a talent"}
2024-07-07 09:42:30::error::/v1/api/post/createPost::3ff3a5be-4b1c-4a87-bc40-fe618387cfb0::403 - 3ms - Response: {"status":403,"now":1720320150395}::{"message":"Please provide artwork files"}
2024-07-07 09:42:50::error::/v1/api/post/createPost::f4772bd6-6cce-4e54-8dba-98a938e4b10d::undefined - NaNms - Response: {}::{"message":"File upload or database save failed"}
2024-07-07 10:44:02::error::/v1/api/postCategory/createPostCategory::df3c2001-ea6b-4df1-99ab-ea7f5f8c935f::undefined - NaNms - Response: {"index":0,"code":11000,"keyPattern":{"title":1},"keyValue":{"title":"abcas"}}::{"message":"E11000 duplicate key error collection: Fiyonce.PostCategories index: title_1 dup key: { title: \"abcas\" }"}
2024-07-07 10:52:31::error::/v1/api/post/createPost::9386df5a-3aec-4815-bc24-37b989354eff::403 - 0ms - Response: {"status":403,"now":1720324351724}::{"message":"Please provide artwork files"}
2024-07-07 10:52:41::error::/v1/api/post/createPost::6d5d88f7-4076-4286-a5d7-7b869d4eb40f::403 - 0ms - Response: {"status":403,"now":1720324361200}::{"message":"Please provide artwork files"}
2024-07-07 10:53:14::error::/v1/api/post/createPost::bb28f51b-58af-4b94-bf86-b9521982155e::403 - 0ms - Response: {"status":403,"now":1720324394137}::{"message":"Please provide all required fields"}
2024-07-07 10:54:10::error::/v1/api/post/createPost::6b85b4a1-835c-48bf-a5a7-db1d048be873::undefined - NaNms - Response: {}::{"message":"postCategoryId is not defined"}
2024-07-07 12:35:34::error::/v1/api/order/readMemberOrderHistory::5e818634-3059-45c2-afcf-dc8e641a245c::404 - NaNms - Response: {"status":404}::{"message":"Not Found"}
2024-07-07 12:36:02::error::/v1/api/order/readMemberOrderHistory::1febdda6-6ecd-40ac-b310-5441674b6501::404 - NaNms - Response: {"status":404}::{"message":"Not Found"}
2024-07-07 12:36:05::error::/v1/api/order/readMemberOrderHistory::17c3c6ff-10b6-4c64-bc69-002091455fc3::404 - NaNms - Response: {"status":404}::{"message":"Not Found"}
2024-07-07 12:37:03::error::/v1/api/order/readMemberOrderHistory::543d3981-a230-4a8c-afc3-1dff6254d440::404 - NaNms - Response: {"status":404}::{"message":"Not Found"}
2024-07-07 12:40:13::error::/v1/api/order/readMemberOrderHistory::6ec2d304-ca54-4d64-8102-d636fcd778ae::404 - NaNms - Response: {"status":404}::{"message":"Not Found"}
2024-07-07 12:42:48::error::/v1/api/order/readMemberOrderHistory::146d118c-aed1-48d2-82bb-0e992af47e00::404 - NaNms - Response: {"status":404}::{"message":"Not Found"}
2024-07-07 12:43:57::error::/v1/api/order/readMemberOrderHistory::fa28c2ea-6668-4825-a101-767451711012::404 - NaNms - Response: {"status":404}::{"message":"Not Found"}
2024-07-07 12:45:34::error::/v1/api/order/readMemberOrderHistory::ef5c7fa7-6669-4d26-8676-ceea5f1f0677::404 - NaNms - Response: {"status":404}::{"message":"Not Found"}
2024-07-07 12:46:45::error::/v1/api/order/readMemberOrderHistory::28b417ec-bd7e-416e-9753-fed6680d073c::404 - NaNms - Response: {"status":404}::{"message":"Not Found"}
2024-07-07 12:48:50::error::/v1/api/order/readMemberOrderHistory::ab3b3bd1-0fa1-44f8-9eaf-ee6571a58549::404 - NaNms - Response: {"status":404}::{"message":"Not Found"}
2024-07-07 12:49:13::error::/v1/api/order/readMemberOrderHistory::73d8c6ba-7022-493a-af99-5638f1e8734d::404 - NaNms - Response: {"status":404}::{"message":"Not Found"}
2024-07-07 12:51:14::error::/v1/api/order/readMemberOrderHistory::5e5e0d5f-e0d9-471e-ae77-4fef5998fad5::404 - NaNms - Response: {"status":404}::{"message":"Not Found"}
2024-07-07 12:51:47::error::/v1/api/order/readMemberOrderHistory::f3dcdc6e-a270-41ba-b13a-0b65c1175d90::404 - NaNms - Response: {"status":404}::{"message":"Not Found"}
2024-07-07 12:52:17::error::/v1/api/order/readMemberOrderHistory::0faf31e6-9382-4881-b8e9-89f43d9a782e::404 - NaNms - Response: {"status":404}::{"message":"Not Found"}
2024-07-07 12:52:58::error::/v1/api/order/readMemberOrderHistory::c31bbe75-1bb0-472c-8f4f-465741c0f7a0::404 - NaNms - Response: {"status":404}::{"message":"Not Found"}
2024-07-07 13:02:09::error::/v1/api/order/readMemberOrderHistory::9ab44270-b90f-4667-9664-13f1cf409794::404 - NaNms - Response: {"status":404}::{"message":"Not Found"}
2024-07-07 13:02:15::error::/v1/api/order/readMemberOrderHistory::a3e915fb-d3d1-47dc-a09a-70eac32790cc::404 - NaNms - Response: {"status":404}::{"message":"Not Found"}
2024-07-07 13:02:17::error::/v1/api/order/readMemberOrderHistory::7cfddcb9-4c43-4b62-a735-6173eeb30ee9::404 - NaNms - Response: {"status":404}::{"message":"Not Found"}
2024-07-07 13:02:19::error::/v1/api/order/readMemberOrderHistory::9f1205ad-2bab-48d5-833d-8f1bb9177eac::404 - NaNms - Response: {"status":404}::{"message":"Not Found"}
2024-07-07 13:05:40::error::/v1/api/user/me::0b7d4619-b47a-4d64-b692-7124a3bd2061::403 - 1ms - Response: {"status":403,"now":1720332340040}::{"message":"Access token missing"}
2024-07-07 13:06:05::error::/v1/api/user/me::e30acc5f-e9e7-42e1-b02f-ab0a29cb7e16::403 - 0ms - Response: {"status":403,"now":1720332365168}::{"message":"Access token missing"}
2024-07-07 13:28:35::error::/v1/api/order/readMemberOrderHistory::9f8676de-f1f6-4d0f-9ae5-50acfa8e69b3::404 - NaNms - Response: {"status":404}::{"message":"Not Found"}
2024-07-07 13:29:57::error::/v1/api/order/readMemberOrderHistory::e7928a8c-f1c6-45b9-9d50-bac79c63fa7c::404 - NaNms - Response: {"status":404}::{"message":"Not Found"}
2024-07-07 13:31:00::error::/v1/api/order/readMemberOrderHistory::6dfc69f1-ea6b-428e-8d1b-c7cd3b697c04::404 - NaNms - Response: {"status":404}::{"message":"Not Found"}
2024-07-07 13:31:02::error::/v1/api/order/readMemberOrderHistory::307ba112-76a1-4d0c-af6a-df87ad705400::404 - NaNms - Response: {"status":404}::{"message":"Not Found"}
2024-07-07 13:31:13::error::/v1/api/order/readMemberOrderHistory::71409b84-fbfc-4659-8f5d-64823444f037::404 - NaNms - Response: {"status":404}::{"message":"Not Found"}
2024-07-07 13:31:15::error::/v1/api/order/readMemberOrderHistory::e45364af-274d-4872-ad85-7a372577ecdb::404 - NaNms - Response: {"status":404}::{"message":"Not Found"}
2024-07-07 13:31:16::error::/v1/api/order/readMemberOrderHistory::8e60f0ad-ff15-4e06-9e1d-d0aab07f75b2::404 - NaNms - Response: {"status":404}::{"message":"Not Found"}
2024-07-07 13:31:28::error::/v1/api/order/readMemberOrderHistory::f0b9799e-42e7-4cfb-a60a-7414da03bcdd::404 - NaNms - Response: {"status":404}::{"message":"Not Found"}
2024-07-07 13:31:28::error::/v1/api/order/readMemberOrderHistory::0cb49766-ae21-44de-ab36-9cdf9bcacfef::404 - NaNms - Response: {"status":404}::{"message":"Not Found"}
2024-07-07 13:31:36::error::/v1/api/order/readMemberOrderHistory::232ea5fb-931d-4255-a9ac-dbd8f1c03576::404 - NaNms - Response: {"status":404}::{"message":"Not Found"}
2024-07-07 17:31:56::error::/v1/api/order/readMemberOrderHistory::e2de3806-7225-4d43-94dc-3a637dd6ee39::404 - NaNms - Response: {"status":404}::{"message":"Not Found"}
2024-07-07 17:31:58::error::/v1/api/order/readMemberOrderHistory::8354ea02-af97-4ce8-9126-2f5c73146802::404 - NaNms - Response: {"status":404}::{"message":"Not Found"}
