2024-08-05 09:13:20::error::/v1/api/user/me::34c3bd32-d557-4842-8a6c-4d62eac6a804::undefined - NaNms - Response: {"reason":{"type":"ReplicaSetNoPrimary","servers":{},"stale":false,"compatible":true,"heartbeatFrequencyMS":10000,"localThresholdMS":15,"setName":"atlas-8si60b-shard-0","maxElectionId":"7fffffff0000000000000016","maxSetVersion":5,"commonWireVersion":0,"logicalSessionTimeoutMinutes":null}}::{"message":"getaddrinfo ENOTFOUND ac-ohhtiix-shard-00-02.oedyizh.mongodb.net"}
2024-08-05 09:13:50::error::/v1/api/movement/readMovements::4c659f9f-fffc-4835-9c7e-d6d69705590c::undefined - NaNms - Response: {"reason":{"type":"ReplicaSetNoPrimary","servers":{},"stale":false,"compatible":true,"heartbeatFrequencyMS":10000,"localThresholdMS":15,"setName":"atlas-8si60b-shard-0","maxElectionId":"7fffffff0000000000000016","maxSetVersion":5,"commonWireVersion":0,"logicalSessionTimeoutMinutes":null}}::{"message":"getaddrinfo ENOTFOUND ac-ohhtiix-shard-00-02.oedyizh.mongodb.net"}
2024-08-05 12:01:06::error::/v1/api/user/me::0140f073-6873-49e3-9cc0-e0330c6d547f::undefined - NaNms - Response: {"reason":{"type":"ReplicaSetNoPrimary","servers":{},"stale":false,"compatible":true,"heartbeatFrequencyMS":10000,"localThresholdMS":15,"setName":"atlas-8si60b-shard-0","maxElectionId":"7fffffff0000000000000016","maxSetVersion":5,"commonWireVersion":0,"logicalSessionTimeoutMinutes":null}}::{"message":"getaddrinfo ENOTFOUND ac-ohhtiix-shard-00-02.oedyizh.mongodb.net"}
2024-08-05 12:01:36::error::/v1/api/movement/readMovements::7178eb42-8f51-4a06-91d4-2804acc4b90c::undefined - NaNms - Response: {"reason":{"type":"ReplicaSetNoPrimary","servers":{},"stale":false,"compatible":true,"heartbeatFrequencyMS":10000,"localThresholdMS":15,"setName":"atlas-8si60b-shard-0","maxElectionId":"7fffffff0000000000000016","maxSetVersion":5,"commonWireVersion":0,"logicalSessionTimeoutMinutes":null}}::{"message":"getaddrinfo ENOTFOUND ac-ohhtiix-shard-00-02.oedyizh.mongodb.net"}
2024-08-05 12:02:06::error::/v1/api/news/readNewss::e0ad6b44-a44f-4832-9ab3-1bae8dbd7428::undefined - NaNms - Response: {"reason":{"type":"ReplicaSetNoPrimary","servers":{},"stale":false,"compatible":true,"heartbeatFrequencyMS":10000,"localThresholdMS":15,"setName":"atlas-8si60b-shard-0","maxElectionId":"7fffffff0000000000000016","maxSetVersion":5,"commonWireVersion":0,"logicalSessionTimeoutMinutes":null}}::{"message":"getaddrinfo ENOTFOUND ac-ohhtiix-shard-00-02.oedyizh.mongodb.net"}
2024-08-05 12:02:06::error::/v1/api/recommender/readPopularPosts::98af04ed-8cab-4527-8384-a0ff060527d6::undefined - NaNms - Response: {}::{"message":"Failed to read popular posts"}
2024-08-05 18:31:00::error::/v1/api/user/followUser/66a6047f54ac59de697d07d5::be28cc57-1f17-4bca-b476-e891504fde11::403 - 1ms - Response: {"status":403,"now":1722857460166}::{"message":"You already follow this user"}
2024-08-05 18:38:33::error::/v1/api/user/followUser/66a58ec99acbcdfb3d3f1692::fe18592f-6460-4f81-a06a-4b633ab532c3::403 - 1ms - Response: {"status":403,"now":1722857913059}::{"message":"You already follow this user"}
2024-08-05 18:41:25::error::/v1/api/user/followUser/66a58ec99acbcdfb3d3f1692::b1ee7fc0-183a-422b-8ff4-cc6224ebdb5f::403 - 1ms - Response: {"status":403,"now":1722858085351}::{"message":"You already follow this user"}
2024-08-05 18:42:14::error::/v1/api/user/unFollowUser/66a58ec99acbcdfb3d3f1692::bae8e638-e508-4977-aa9f-7ca875ff8f3c::403 - 0ms - Response: {"status":403,"now":1722858134091}::{"message":"You do not follow this user"}
2024-08-05 18:42:52::error::/v1/api/user/followUser/66a59f2c73370474cf4eaada::a2fcc9a5-feff-406e-be62-eddca344a9a8::403 - 1ms - Response: {"status":403,"now":1722858172333}::{"message":"You already follow this user"}
2024-08-05 18:42:53::error::/v1/api/user/followUser/66a59f2c73370474cf4eaada::8f794c3c-a677-4d54-b5b2-e7dd580c6134::403 - 0ms - Response: {"status":403,"now":1722858173936}::{"message":"You already follow this user"}
2024-08-05 18:43:33::error::/v1/api/user/followUser/66a59f2c73370474cf4eaada::46c3dd36-20a1-4b14-b4ea-6d0d4641f6fc::403 - 0ms - Response: {"status":403,"now":1722858213170}::{"message":"You already follow this user"}
2024-08-05 18:43:35::error::/v1/api/user/followUser/66a59f2c73370474cf4eaada::07c06e12-a3a6-43f7-adc7-0b23c3804fc2::403 - 0ms - Response: {"status":403,"now":1722858215179}::{"message":"You already follow this user"}
2024-08-05 18:45:46::error::/v1/api/user/followUser/66a5a6a373370474cf4eae1d::4e2d854a-53bf-4072-8991-03a1231d4204::403 - 0ms - Response: {"status":403,"now":1722858346321}::{"message":"You already follow this user"}
2024-08-05 18:47:05::error::/v1/api/user/unFollowUser/66a5a6a373370474cf4eae1d::468d5da7-7f3d-42e4-8fca-26971b1756b0::403 - 0ms - Response: {"status":403,"now":1722858425722}::{"message":"You do not follow this user"}
2024-08-05 18:47:08::error::/v1/api/user/followUser/66a59f2c73370474cf4eaada::085b2d68-7758-4dbf-b5a0-e61a62dd7bf8::403 - 0ms - Response: {"status":403,"now":1722858428953}::{"message":"You already follow this user"}
2024-08-05 18:47:33::error::/v1/api/user/followUser/66a59f2c73370474cf4eaada::922d3ba9-da21-4660-a93c-1b8edd2b5ed6::403 - 0ms - Response: {"status":403,"now":1722858453655}::{"message":"You already follow this user"}
2024-08-05 18:47:36::error::/v1/api/user/unFollowUser/66a5a6a373370474cf4eae1d::c65d940b-14fd-4165-a576-eefccf81bbef::403 - 0ms - Response: {"status":403,"now":1722858456967}::{"message":"You do not follow this user"}
2024-08-05 18:52:06::error::/v1/api/user/followUser/66a5a6a373370474cf4eae1d::4d7b5603-95db-4585-a82b-98bef0d4772e::403 - 0ms - Response: {"status":403,"now":1722858726632}::{"message":"You already follow this user"}
2024-08-05 18:52:59::error::/v1/api/user/followUser/66a5a6a373370474cf4eae1d::acf83521-1a6a-47c1-a857-0216827ca775::403 - 0ms - Response: {"status":403,"now":1722858779958}::{"message":"You already follow this user"}
2024-08-05 18:53:06::error::/v1/api/user/followUser/66a58ec99acbcdfb3d3f1692::b3bce856-d58b-41d3-9414-1a4fa404aa65::403 - 1ms - Response: {"status":403,"now":1722858786177}::{"message":"You already follow this user"}
2024-08-05 18:55:54::error::/v1/api/user/followUser/66a58ec99acbcdfb3d3f1692::f324bda4-735a-4767-bffa-aae1427fc297::403 - 0ms - Response: {"status":403,"now":1722858954470}::{"message":"You already follow this user"}
2024-08-05 18:56:34::error::/v1/api/user/followUser/66a5a6a373370474cf4eae1d::9d6b5d0d-01d3-44d4-a1a1-65664d92abf6::403 - 1ms - Response: {"status":403,"now":1722858994919}::{"message":"You already follow this user"}
2024-08-05 18:56:43::error::/v1/api/user/unFollowUser/66a59f2c73370474cf4eaada::651b2234-7042-423d-8f54-99574035d971::403 - 0ms - Response: {"status":403,"now":1722859003903}::{"message":"You do not follow this user"}
2024-08-05 19:10:41::error::/v1/api/user/readUserProfile/66a5a57173370474cf4eacca::a4e2a241-9735-4a92-ae47-206174cd66a5::undefined - NaNms - Response: {"reason":{"type":"ReplicaSetNoPrimary","servers":{},"stale":false,"compatible":true,"heartbeatFrequencyMS":10000,"localThresholdMS":15,"setName":"atlas-8si60b-shard-0","maxElectionId":"7fffffff0000000000000016","maxSetVersion":5,"commonWireVersion":0,"logicalSessionTimeoutMinutes":null}}::{"message":"getaddrinfo ENOTFOUND ac-ohhtiix-shard-00-01.oedyizh.mongodb.net"}
2024-08-05 19:10:41::error::/v1/api/order/readTalentOrderHistory::5c737a58-8af7-4fe0-9918-9263384d3668::undefined - NaNms - Response: {"reason":{"type":"ReplicaSetNoPrimary","servers":{},"stale":false,"compatible":true,"heartbeatFrequencyMS":10000,"localThresholdMS":15,"setName":"atlas-8si60b-shard-0","maxElectionId":"7fffffff0000000000000016","maxSetVersion":5,"commonWireVersion":0,"logicalSessionTimeoutMinutes":null}}::{"message":"getaddrinfo ENOTFOUND ac-ohhtiix-shard-00-01.oedyizh.mongodb.net"}
2024-08-05 19:10:41::error::/v1/api/user/me::dd7fcffb-506b-48e4-9a18-c43d58106414::undefined - NaNms - Response: {"reason":{"type":"ReplicaSetNoPrimary","servers":{},"stale":false,"compatible":true,"heartbeatFrequencyMS":10000,"localThresholdMS":15,"setName":"atlas-8si60b-shard-0","maxElectionId":"7fffffff0000000000000016","maxSetVersion":5,"commonWireVersion":0,"logicalSessionTimeoutMinutes":null}}::{"message":"getaddrinfo ENOTFOUND ac-ohhtiix-shard-00-01.oedyizh.mongodb.net"}
2024-08-05 19:10:41::error::/v1/api/user/me::f37a50a0-1d39-466c-8a41-5d7069c4b281::undefined - NaNms - Response: {"reason":{"type":"ReplicaSetNoPrimary","servers":{},"stale":false,"compatible":true,"heartbeatFrequencyMS":10000,"localThresholdMS":15,"setName":"atlas-8si60b-shard-0","maxElectionId":"7fffffff0000000000000016","maxSetVersion":5,"commonWireVersion":0,"logicalSessionTimeoutMinutes":null}}::{"message":"getaddrinfo ENOTFOUND ac-ohhtiix-shard-00-01.oedyizh.mongodb.net"}
2024-08-05 19:10:41::error::/v1/api/movement/readMovements::8365cef0-6950-466b-861c-89f5bf756980::undefined - NaNms - Response: {"reason":{"type":"ReplicaSetNoPrimary","servers":{},"stale":false,"compatible":true,"heartbeatFrequencyMS":10000,"localThresholdMS":15,"setName":"atlas-8si60b-shard-0","maxElectionId":"7fffffff0000000000000016","maxSetVersion":5,"commonWireVersion":0,"logicalSessionTimeoutMinutes":null}}::{"message":"getaddrinfo ENOTFOUND ac-ohhtiix-shard-00-01.oedyizh.mongodb.net"}
2024-08-05 19:10:51::error::/v1/api/user/me::aa7786dc-1620-40af-9631-8a980be4b9f6::undefined - NaNms - Response: {"reason":{"type":"ReplicaSetNoPrimary","servers":{},"stale":false,"compatible":true,"heartbeatFrequencyMS":10000,"localThresholdMS":15,"setName":"atlas-8si60b-shard-0","maxElectionId":"7fffffff0000000000000016","maxSetVersion":5,"commonWireVersion":0,"logicalSessionTimeoutMinutes":null}}::{"message":"getaddrinfo ENOTFOUND ac-ohhtiix-shard-00-01.oedyizh.mongodb.net"}
2024-08-05 19:10:54::error::/v1/api/user/me::d9ad547c-549a-4639-94d3-03a79e69ceb8::undefined - NaNms - Response: {"reason":{"type":"ReplicaSetNoPrimary","servers":{},"stale":false,"compatible":true,"heartbeatFrequencyMS":10000,"localThresholdMS":15,"setName":"atlas-8si60b-shard-0","maxElectionId":"7fffffff0000000000000016","maxSetVersion":5,"commonWireVersion":0,"logicalSessionTimeoutMinutes":null}}::{"message":"getaddrinfo ENOTFOUND ac-ohhtiix-shard-00-01.oedyizh.mongodb.net"}
2024-08-05 19:11:28::error::/v1/api/user/me::4d0e89fa-df6f-418e-a7a0-5a516d1718eb::undefined - NaNms - Response: {}::{"message":"Operation `Users.findOne()` buffering timed out after 10000ms"}
2024-08-05 19:11:38::error::/v1/api/movement/readMovements::b6de7371-b30f-481f-91d7-1322085ba0ec::undefined - NaNms - Response: {}::{"message":"Operation `Movements.aggregate()` buffering timed out after 10000ms"}
2024-08-05 19:11:42::error::/v1/api/user/me::29bb913d-f9e3-4c33-9020-1e96e89100fe::undefined - NaNms - Response: {}::{"message":"Operation `Users.findOne()` buffering timed out after 10000ms"}
2024-08-05 19:11:52::error::/v1/api/movement/readMovements::3e2d2da6-ca6c-474f-9a16-4b1160e69815::undefined - NaNms - Response: {}::{"message":"Operation `Movements.aggregate()` buffering timed out after 10000ms"}
2024-08-05 19:12:02::error::/v1/api/user/readUserProfile/665edd23fa87b27398b73d10::98841145-a68b-4816-ad29-1fbf2a098868::undefined - NaNms - Response: {}::{"message":"Operation `Users.findOne()` buffering timed out after 10000ms"}
2024-08-05 19:12:09::error::/v1/api/user/me::5f1cfa0b-3d56-44a0-a59c-f6c6ae5ba048::undefined - NaNms - Response: {}::{"message":"Operation `Users.findOne()` buffering timed out after 10000ms"}
2024-08-05 19:12:11::error::/v1/api/user/me::d790187c-5baf-442d-9588-40f8a5345755::undefined - NaNms - Response: {}::{"message":"Operation `Users.findOne()` buffering timed out after 10000ms"}
2024-08-05 19:12:21::error::/v1/api/movement/readMovements::2f53ab82-6141-486e-830c-8f3121943cef::undefined - NaNms - Response: {}::{"message":"Operation `Movements.aggregate()` buffering timed out after 10000ms"}
2024-08-05 19:12:32::error::/v1/api/user/readUserProfile/665edd23fa87b27398b73d10::799f3319-67ec-44b2-97dc-617cc102af49::undefined - NaNms - Response: {}::{"message":"Operation `Users.findOne()` buffering timed out after 10000ms"}
2024-08-05 19:13:37::error::/v1/api/user/me::6e87654a-0aba-4964-8deb-e9d4be1a3c8e::undefined - NaNms - Response: {}::{"message":"Operation `Users.findOne()` buffering timed out after 10000ms"}
2024-08-05 19:13:44::error::/v1/api/user/readUserProfile/665edd23fa87b27398b73d10::f3c0d175-d431-4ba7-ab6c-e1f899803f37::404 - 0ms - Response: {"status":404,"now":1722860024381}::{"message":"User not found"}
2024-08-05 19:13:45::error::/v1/api/user/readUserProfile/665edd23fa87b27398b73d10::bb1b293f-cba6-4250-812c-30c36c93c34a::404 - 1ms - Response: {"status":404,"now":1722860025564}::{"message":"User not found"}
2024-08-05 19:13:46::error::/v1/api/user/readUserProfile/665edd23fa87b27398b73d10::ed02e72f-3961-4b70-8b76-172f17066cf2::404 - 0ms - Response: {"status":404,"now":1722860026371}::{"message":"User not found"}
2024-08-05 19:13:50::error::/v1/api/user/readUserProfile/665edd23fa87b27398b73d10::ff10a9dc-6513-4933-89b7-6b6b2c812853::404 - 0ms - Response: {"status":404,"now":1722860030467}::{"message":"User not found"}
2024-08-05 19:13:51::error::/v1/api/user/readUserProfile/665edd23fa87b27398b73d10::1fab7429-5277-4d85-b6d5-147982188e3b::404 - 0ms - Response: {"status":404,"now":1722860031947}::{"message":"User not found"}
2024-08-05 19:13:54::error::/v1/api/user/readUserProfile/665edd23fa87b27398b73d10::5edaaef0-5b51-4bc7-8601-a47a1b0aa484::404 - 0ms - Response: {"status":404,"now":1722860034690}::{"message":"User not found"}
2024-08-05 19:13:57::error::/v1/api/user/readUserProfile/665edd23fa87b27398b73d10::db165202-a98f-4405-af8e-f5e2c372e63e::404 - 0ms - Response: {"status":404,"now":1722860037862}::{"message":"User not found"}
