2024-09-28 15:26:27::error::/v1/api/user/me::7834306e-9182-4dc5-a575-055536de9b16::403 - 1ms - Response: {"status":403,"now":1727511987925}::{"message":"Access token missing"}
2024-09-28 15:26:29::error::/v1/api/user/me::54d31851-c13b-4b31-ae30-65c4f70a0d9e::403 - 0ms - Response: {"status":403,"now":1727511989511}::{"message":"Access token missing"}
2024-09-28 15:26:40::error::/v1/api/user/me::afd60bea-b920-40e3-886d-98222be4019f::403 - 0ms - Response: {"status":403,"now":1727512000026}::{"message":"Access token missing"}
2024-09-28 15:26:45::error::/v1/api/user/me::34a6c445-b889-401c-9617-69241e1b6a8a::403 - 0ms - Response: {"status":403,"now":1727512005641}::{"message":"Access token missing"}
2024-09-28 15:26:51::error::/v1/api/user/me::98714515-8385-4348-8996-8bc911cc8670::403 - 0ms - Response: {"status":403,"now":1727512011306}::{"message":"Access token missing"}
2024-09-28 15:29:19::error::/v1/api/user/me::24e25f7a-163f-46b4-a932-a4b8cef4818b::403 - 0ms - Response: {"status":403,"now":1727512159932}::{"message":"Access token missing"}
2024-09-28 15:36:40::error::/v1/api/user/me::f9473849-2d27-4cc1-b62f-d988b7fd0bcc::403 - 0ms - Response: {"status":403,"now":1727512600468}::{"message":"Access token missing"}
2024-09-28 15:36:59::error::/v1/api/user/me::6af88b60-d0cc-4dbd-bc58-1ec881859c63::403 - 0ms - Response: {"status":403,"now":1727512619158}::{"message":"Access token missing"}
2024-09-28 15:37:23::error::/v1/api/user/me::77420e7b-2a0c-4833-8707-d5bd0befe32e::403 - 0ms - Response: {"status":403,"now":1727512643506}::{"message":"Access token missing"}
2024-09-28 15:37:48::error::/v1/api/user/me::91c4cef8-f50f-4e50-929a-1d236a2c9b17::403 - 0ms - Response: {"status":403,"now":1727512668046}::{"message":"Access token missing"}
2024-09-28 15:37:57::error::/v1/api/user/me::b58eb8a4-13a1-49f3-a496-d44d07bb9e81::403 - 0ms - Response: {"status":403,"now":1727512677204}::{"message":"Access token missing"}
2024-09-28 15:38:09::error::/v1/api/user/me::efaac54a-acff-4052-a9ed-4e6161dca13b::403 - 1ms - Response: {"status":403,"now":1727512689133}::{"message":"Access token missing"}
2024-09-28 15:38:09::error::/v1/api/user/me::1b6de2bf-3638-45c8-be13-e484e455923f::403 - 1ms - Response: {"status":403,"now":1727512689266}::{"message":"Access token missing"}
2024-09-28 15:38:37::error::/v1/api/user/me::3d57ace0-03fb-4d9b-a531-96529747c30f::403 - 0ms - Response: {"status":403,"now":1727512717571}::{"message":"Access token missing"}
2024-09-28 15:38:43::error::/v1/api/user/me::7d2458bc-5f1a-40f4-ac2b-e9c3718e8058::403 - 0ms - Response: {"status":403,"now":1727512723479}::{"message":"Access token missing"}
2024-09-28 15:39:17::error::/v1/api/user/me::ac0441a5-cc6f-4fff-a9ab-451176f010d1::403 - 0ms - Response: {"status":403,"now":1727512757258}::{"message":"Access token missing"}
2024-09-28 15:39:25::error::/v1/api/user/me::55d1e86a-5350-4ac2-b906-131201e62e8b::403 - 0ms - Response: {"status":403,"now":1727512765732}::{"message":"Access token missing"}
2024-09-28 15:39:27::error::/v1/api/user/me::c03e877e-5a9f-460f-b25a-35777f15046b::403 - 0ms - Response: {"status":403,"now":1727512767985}::{"message":"Access token missing"}
2024-09-28 15:39:36::error::/v1/api/user/me::e1638359-41d2-44df-a4cd-47020990268a::403 - 0ms - Response: {"status":403,"now":1727512776125}::{"message":"Access token missing"}
2024-09-28 15:40:22::error::/v1/api/user/me::f6481b5d-dd98-4484-a935-32c8698de583::403 - 0ms - Response: {"status":403,"now":1727512822871}::{"message":"Access token missing"}
2024-09-28 15:40:58::error::/v1/api/user/me::2b931b4f-c5c6-4e84-b4f7-5cb04a2e47e9::403 - 0ms - Response: {"status":403,"now":1727512858466}::{"message":"Access token missing"}
2024-09-28 15:41:28::error::/v1/api/user/me::aa990984-51a8-4270-bf60-442b5310074e::403 - 0ms - Response: {"status":403,"now":1727512888441}::{"message":"Access token missing"}
2024-09-28 15:41:30::error::/v1/api/user/me::8c178565-abeb-41da-b70a-6be97a1ca5e9::403 - 0ms - Response: {"status":403,"now":1727512890417}::{"message":"Access token missing"}
2024-09-28 15:41:37::error::/v1/api/user/me::f2239286-15f2-4545-b325-93239639680b::403 - 0ms - Response: {"status":403,"now":1727512897549}::{"message":"Access token missing"}
2024-09-28 15:41:38::error::/v1/api/user/me::9ce092f9-ac39-4c1e-92fc-93361809056d::403 - 0ms - Response: {"status":403,"now":1727512898046}::{"message":"Access token missing"}
2024-09-28 15:41:53::error::/v1/api/user/me::ccd55e48-7aeb-44c1-85c4-712af356f92a::403 - 1ms - Response: {"status":403,"now":1727512913430}::{"message":"Access token missing"}
2024-09-28 15:42:05::error::/v1/api/user/me::d02bff7f-8548-41c7-b435-46018739a55d::403 - 0ms - Response: {"status":403,"now":1727512925146}::{"message":"Access token missing"}
2024-09-28 15:42:06::error::/v1/api/user/me::756d41da-3aca-4ceb-ad7e-99c0d8c74507::403 - 0ms - Response: {"status":403,"now":1727512926313}::{"message":"Access token missing"}
2024-09-28 15:42:06::error::/v1/api/user/me::e8f3f2c0-ea1e-4555-90de-5397d0814cb9::403 - 0ms - Response: {"status":403,"now":1727512926700}::{"message":"Access token missing"}
2024-09-28 15:42:45::error::/v1/api/user/me::c25eacdf-37d9-4b35-814d-e8eeb58c4ce1::403 - 0ms - Response: {"status":403,"now":1727512965680}::{"message":"Access token missing"}
2024-09-28 15:42:48::error::/v1/api/user/me::004b0e26-edbb-408c-b752-766a91fda2f5::403 - 0ms - Response: {"status":403,"now":1727512968089}::{"message":"Access token missing"}
2024-09-28 15:42:48::error::/v1/api/user/me::555733ca-9cf8-4c86-a3ff-288442c75e8d::403 - 0ms - Response: {"status":403,"now":1727512968484}::{"message":"Access token missing"}
2024-09-28 15:43:01::error::/v1/api/user/me::c051dcad-fe73-44f5-a3d1-0f24b642e1e6::403 - 0ms - Response: {"status":403,"now":1727512981571}::{"message":"Access token missing"}
2024-09-28 15:43:24::error::/v1/api/user/me::1fdd60db-3e04-485c-9f71-eacf6fc11e15::403 - 0ms - Response: {"status":403,"now":1727513004821}::{"message":"Access token missing"}
2024-09-28 15:43:26::error::/v1/api/user/me::da8329ea-71a8-4efd-a8f2-4a25a023b0f3::403 - 0ms - Response: {"status":403,"now":1727513006240}::{"message":"Access token missing"}
2024-09-28 15:44:01::error::/v1/api/user/me::f576291a-02e7-445f-b1e3-51734fbc1bbb::403 - 0ms - Response: {"status":403,"now":1727513041182}::{"message":"Access token missing"}
2024-09-28 15:44:17::error::/v1/api/user/me::0c2b3c00-a51f-4929-8f10-5fa9113a598d::403 - 0ms - Response: {"status":403,"now":1727513057464}::{"message":"Access token missing"}
2024-09-28 15:45:18::error::/v1/api/user/me::ee1b5922-46cb-46dd-9a67-4ced30440145::403 - 1ms - Response: {"status":403,"now":1727513118543}::{"message":"Access token missing"}
2024-09-28 15:45:20::error::/v1/api/user/me::a11e66de-7b21-4a45-9dc6-c81c76dfd205::403 - 0ms - Response: {"status":403,"now":1727513120474}::{"message":"Access token missing"}
2024-09-28 15:45:26::error::/v1/api/user/me::2f24cb10-e5dd-4726-964e-c1af14073030::403 - 0ms - Response: {"status":403,"now":1727513126652}::{"message":"Access token missing"}
2024-09-28 15:45:47::error::/v1/api/user/me::d5f56342-c157-4e47-a1cf-c2011df758e0::403 - 1ms - Response: {"status":403,"now":1727513147558}::{"message":"Access token missing"}
2024-09-28 15:45:47::error::/v1/api/user/me::04690312-e5ef-49fa-a51a-0a0bcdf1a5f3::403 - 0ms - Response: {"status":403,"now":1727513147917}::{"message":"Access token missing"}
2024-09-28 15:47:33::error::/v1/api/user/me::cc8fade3-caf0-40eb-b537-dc65b140a9e5::403 - 0ms - Response: {"status":403,"now":1727513253810}::{"message":"Access token missing"}
2024-09-28 15:47:36::error::/v1/api/user/me::19cda021-77ce-485e-beb2-759e1b8477a6::403 - 0ms - Response: {"status":403,"now":1727513256231}::{"message":"Access token missing"}
2024-09-28 15:47:40::error::/v1/api/user/me::9d2357bd-57cc-4fb1-8853-f581a8dcc4e8::403 - 0ms - Response: {"status":403,"now":1727513260069}::{"message":"Access token missing"}
2024-09-28 15:47:47::error::/v1/api/user/me::6a12c664-dd71-4c40-93a7-e2dc4c5fa4de::403 - 0ms - Response: {"status":403,"now":1727513267680}::{"message":"Access token missing"}
2024-09-28 15:47:58::error::/v1/api/user/me::902dda85-4593-4023-8f2c-07c6b411f08f::403 - 0ms - Response: {"status":403,"now":1727513278369}::{"message":"Access token missing"}
2024-09-28 15:48:09::error::/v1/api/user/me::4472dc4c-1164-46c5-bd29-46cc7c417ee1::403 - 0ms - Response: {"status":403,"now":1727513289609}::{"message":"Access token missing"}
2024-09-28 15:48:26::error::/v1/api/user/me::fe9d7926-222d-43c3-bae8-ec237a907aad::403 - 1ms - Response: {"status":403,"now":1727513306153}::{"message":"Access token missing"}
2024-09-28 15:48:45::error::/v1/api/user/me::049f3755-7fce-47c9-a8e7-798e9d97cdf3::403 - 1ms - Response: {"status":403,"now":1727513325172}::{"message":"Access token missing"}
2024-09-28 15:48:51::error::/v1/api/user/me::247c1d93-eff8-4ca0-885a-89effe6aa025::403 - 0ms - Response: {"status":403,"now":1727513331632}::{"message":"Access token missing"}
2024-09-28 15:49:01::error::/v1/api/user/me::7cae5e46-6622-4430-b457-c411c44c2f19::403 - 1ms - Response: {"status":403,"now":1727513341096}::{"message":"Access token missing"}
2024-09-28 15:50:17::error::/v1/api/user/me::09f08d51-f616-46a3-9bb5-fd08958ae9b4::403 - 0ms - Response: {"status":403,"now":1727513417994}::{"message":"Access token missing"}
2024-09-28 15:51:34::error::/v1/api/user/me::acc891e7-a685-42b9-9695-a199644271ef::403 - 0ms - Response: {"status":403,"now":1727513494994}::{"message":"Access token missing"}
2024-09-28 15:52:25::error::/v1/api/user/me::c56a4ad8-573f-466e-b699-1c2bb99839c9::403 - 0ms - Response: {"status":403,"now":1727513545265}::{"message":"Access token missing"}
2024-09-28 15:52:57::error::/v1/api/user/me::51b911df-8929-4f03-8f02-7165ebe8309c::403 - 0ms - Response: {"status":403,"now":1727513577398}::{"message":"Access token missing"}
2024-09-28 15:52:58::error::/v1/api/user/me::1815c666-0593-4abf-a35e-a01f25857453::403 - 0ms - Response: {"status":403,"now":1727513578523}::{"message":"Access token missing"}
2024-09-28 15:55:19::error::/v1/api/user/me::babff9a6-c6d9-4410-813e-1acc151765e3::403 - 0ms - Response: {"status":403,"now":1727513719353}::{"message":"Access token missing"}
2024-09-28 15:55:36::error::/v1/api/user/me::1d5c3432-d95f-45e3-aafe-f3c06c91c55c::403 - 0ms - Response: {"status":403,"now":1727513736879}::{"message":"Access token missing"}
2024-09-28 15:57:13::error::/v1/api/user/me::48caac22-a001-4092-b042-20366c680bf2::403 - 0ms - Response: {"status":403,"now":1727513833329}::{"message":"Access token missing"}
2024-09-28 15:57:25::error::/v1/api/user/me::ca8f3ff1-387a-407e-8195-b97e0a5a170a::403 - 0ms - Response: {"status":403,"now":1727513845747}::{"message":"Access token missing"}
2024-09-28 15:57:31::error::/v1/api/user/me::1c20599c-d98c-4687-ac6f-70bf1b5e1029::403 - 0ms - Response: {"status":403,"now":1727513851227}::{"message":"Access token missing"}
2024-09-28 15:57:48::error::/v1/api/user/me::fc7de643-16a1-40ce-b014-172e611ac56e::403 - 0ms - Response: {"status":403,"now":1727513868833}::{"message":"Access token missing"}
2024-09-28 15:57:54::error::/v1/api/user/me::6a58f1b6-a044-4f0d-a540-2489aec2687e::403 - 0ms - Response: {"status":403,"now":1727513874950}::{"message":"Access token missing"}
2024-09-28 15:58:05::error::/v1/api/user/me::c96a7e94-c238-4c82-8d46-57d7f209e24b::403 - 0ms - Response: {"status":403,"now":1727513885669}::{"message":"Access token missing"}
2024-09-28 15:58:21::error::/v1/api/user/me::61bb3e54-8c31-4d6f-b2ab-1a6800aaf03b::403 - 0ms - Response: {"status":403,"now":1727513901399}::{"message":"Access token missing"}
2024-09-28 15:58:28::error::/v1/api/user/me::495f58af-f126-4b06-ad93-8ea443180f01::403 - 1ms - Response: {"status":403,"now":1727513908032}::{"message":"Access token missing"}
2024-09-28 15:58:32::error::/v1/api/user/me::5553e971-f450-4383-afc4-4e7b2e8e6318::403 - 0ms - Response: {"status":403,"now":1727513912387}::{"message":"Access token missing"}
2024-09-28 15:58:38::error::/v1/api/user/me::2ede844e-d4a7-43ec-97d3-5fc12da1493e::403 - 1ms - Response: {"status":403,"now":1727513918808}::{"message":"Access token missing"}
2024-09-28 15:58:57::error::/v1/api/user/me::8b171973-8c54-41f0-a957-5278a0e8ef0b::403 - 0ms - Response: {"status":403,"now":1727513937626}::{"message":"Access token missing"}
2024-09-28 15:59:12::error::/v1/api/user/me::d04980d6-9abf-4651-a38c-1187521fdc66::403 - 0ms - Response: {"status":403,"now":1727513952724}::{"message":"Access token missing"}
2024-09-28 15:59:16::error::/v1/api/user/me::00bd764e-94ca-4ecb-9673-dc61433d03d0::403 - 1ms - Response: {"status":403,"now":1727513956856}::{"message":"Access token missing"}
2024-09-28 16:00:44::error::/v1/api/user/me::1d5b7130-2e68-49d6-bf3c-63119163582f::403 - 0ms - Response: {"status":403,"now":1727514044038}::{"message":"Access token missing"}
2024-09-28 16:00:55::error::/v1/api/user/me::cdc21c20-a39e-415a-bfca-e8a346f79307::403 - 0ms - Response: {"status":403,"now":1727514055672}::{"message":"Access token missing"}
2024-09-28 16:03:21::error::/v1/api/user/me::63997c22-758a-44f9-b3fc-7293a0780bf4::403 - 0ms - Response: {"status":403,"now":1727514201878}::{"message":"Access token missing"}
2024-09-28 16:03:32::error::/v1/api/user/me::b20085a2-ce95-4d25-96ab-1d3277c7cfc1::403 - 0ms - Response: {"status":403,"now":1727514212652}::{"message":"Access token missing"}
2024-09-28 16:03:36::error::/v1/api/user/me::0e7c96c4-fa51-4005-858a-6d5852d2c53b::403 - 0ms - Response: {"status":403,"now":1727514216247}::{"message":"Access token missing"}
2024-09-28 16:03:57::error::/v1/api/user/me::853d79af-aafa-46b8-b29d-abe12acda9f6::403 - 0ms - Response: {"status":403,"now":1727514237997}::{"message":"Access token missing"}
2024-09-28 16:04:25::error::/v1/api/user/me::d8b6461a-54ee-426a-bfe5-676dc2d3796e::403 - 0ms - Response: {"status":403,"now":1727514265031}::{"message":"Access token missing"}
2024-09-28 16:04:30::error::/v1/api/user/me::03b1de24-bdc7-49ec-9ab3-19722629f65f::403 - 0ms - Response: {"status":403,"now":1727514270265}::{"message":"Access token missing"}
2024-09-28 16:04:48::error::/v1/api/user/me::4d6c5bab-6d75-48be-ac85-ce23501fa927::403 - 0ms - Response: {"status":403,"now":1727514288265}::{"message":"Access token missing"}
2024-09-28 16:05:06::error::/v1/api/user/me::b15cbbff-8b17-4865-a40a-c3b70b52621f::403 - 0ms - Response: {"status":403,"now":1727514306969}::{"message":"Access token missing"}
2024-09-28 16:05:07::error::/v1/api/user/me::8810694c-9a3c-4040-ba0f-a16ad7fcabe2::403 - 0ms - Response: {"status":403,"now":1727514307587}::{"message":"Access token missing"}
2024-09-28 16:05:53::error::/v1/api/user/me::e7d098bd-d4f3-4897-b07a-b8188d85c31d::403 - 0ms - Response: {"status":403,"now":1727514353886}::{"message":"Access token missing"}
2024-09-28 16:06:06::error::/v1/api/user/me::d2044ba3-6f89-4ce4-8161-b2f1898b5a7c::403 - 0ms - Response: {"status":403,"now":1727514366731}::{"message":"Access token missing"}
2024-09-28 16:06:19::error::/v1/api/user/me::a1cb5c8b-3304-4cd8-8d9c-0b8697f9e7de::403 - 0ms - Response: {"status":403,"now":1727514379123}::{"message":"Access token missing"}
2024-09-28 16:06:20::error::/v1/api/user/me::66cc437c-78a2-42b8-a9b1-d6abe1241b0c::403 - 0ms - Response: {"status":403,"now":1727514380767}::{"message":"Access token missing"}
2024-09-28 16:07:07::error::/v1/api/user/me::8e3e2472-3740-4924-833c-c0664ad0dc41::403 - 1ms - Response: {"status":403,"now":1727514427333}::{"message":"Access token missing"}
2024-09-28 16:07:08::error::/v1/api/user/me::94d74901-dc17-4139-814c-44dd76e6c7fd::403 - 0ms - Response: {"status":403,"now":1727514428618}::{"message":"Access token missing"}
2024-09-28 16:07:10::error::/v1/api/user/me::0d61e0fc-6891-4863-b2a0-93bf6fb481d3::403 - 0ms - Response: {"status":403,"now":1727514430678}::{"message":"Access token missing"}
2024-09-28 16:07:18::error::/v1/api/user/me::1e02e83d-2725-46a7-a373-c33258df20ec::403 - 0ms - Response: {"status":403,"now":1727514438035}::{"message":"Access token missing"}
2024-09-28 16:07:21::error::/v1/api/user/me::5cd2be4e-7872-4a2c-b924-338ee38f40d2::403 - 0ms - Response: {"status":403,"now":1727514441089}::{"message":"Access token missing"}
2024-09-28 16:07:31::error::/v1/api/user/me::a6dfc63d-de62-4d57-8968-d792f971b025::403 - 0ms - Response: {"status":403,"now":1727514451993}::{"message":"Access token missing"}
2024-09-28 16:07:52::error::/v1/api/user/me::4b27b8f0-98a0-4ad6-b4e7-6cd2edb4cfde::403 - 0ms - Response: {"status":403,"now":1727514472878}::{"message":"Access token missing"}
2024-09-28 16:11:07::error::/v1/api/user/me::918c2327-7596-44ab-a5f8-16e5dbb70d6f::403 - 0ms - Response: {"status":403,"now":1727514667359}::{"message":"Access token missing"}
2024-09-28 16:11:14::error::/v1/api/user/me::b99e5029-0010-48e6-b107-0bff226ef923::403 - 0ms - Response: {"status":403,"now":1727514674026}::{"message":"Access token missing"}
2024-09-28 16:11:19::error::/v1/api/user/me::2bc8de92-1a1c-4581-aea8-d080b6a9f3e0::403 - 0ms - Response: {"status":403,"now":1727514679247}::{"message":"Access token missing"}
2024-09-28 16:12:28::error::/v1/api/user/me::ab69118f-b96c-4e57-a58f-ace9ef31f817::403 - 0ms - Response: {"status":403,"now":1727514748932}::{"message":"Access token missing"}
2024-09-28 16:13:10::error::/v1/api/user/me::a042d17f-2dc1-4966-a8ec-570cabbcb204::403 - 0ms - Response: {"status":403,"now":1727514790019}::{"message":"Access token missing"}
2024-09-28 16:13:20::error::/v1/api/user/me::5637dc95-fc8d-4cd5-95dd-dd3e2edf0f14::403 - 0ms - Response: {"status":403,"now":1727514800702}::{"message":"Access token missing"}
2024-09-28 16:13:33::error::/v1/api/user/me::7c6c532e-5546-412d-9f2c-4432a091677b::403 - 0ms - Response: {"status":403,"now":1727514813311}::{"message":"Access token missing"}
2024-09-28 16:13:57::error::/v1/api/user/me::fdd2be85-d7dd-4c0b-826d-b1d4ed41f76a::403 - 0ms - Response: {"status":403,"now":1727514837093}::{"message":"Access token missing"}
2024-09-28 16:14:01::error::/v1/api/user/me::79acda28-b7a4-4a06-b001-21be5c6fa943::403 - 0ms - Response: {"status":403,"now":1727514841484}::{"message":"Access token missing"}
2024-09-28 16:14:03::error::/v1/api/user/me::91715759-4014-4995-aaeb-8efe2d231f4e::403 - 0ms - Response: {"status":403,"now":1727514843699}::{"message":"Access token missing"}
2024-09-28 16:14:07::error::/v1/api/user/me::d11c45ca-c59e-4236-81b6-abeecf4918aa::403 - 0ms - Response: {"status":403,"now":1727514847498}::{"message":"Access token missing"}
2024-09-28 16:14:13::error::/v1/api/user/me::8b21bea3-bba6-46c1-be51-939e279aee3b::403 - 0ms - Response: {"status":403,"now":1727514853186}::{"message":"Access token missing"}
2024-09-28 16:14:24::error::/v1/api/user/me::59aa5b35-4f24-4b0b-a4ec-0e91d43db3ec::403 - 0ms - Response: {"status":403,"now":1727514864736}::{"message":"Access token missing"}
2024-09-28 16:14:34::error::/v1/api/user/me::0469330e-1dce-42cc-86bb-4f933ec57a15::403 - 0ms - Response: {"status":403,"now":1727514874151}::{"message":"Access token missing"}
2024-09-28 16:15:11::error::/v1/api/user/me::d45b4eca-0acc-4c89-bd60-498bafd8237e::403 - 0ms - Response: {"status":403,"now":1727514911851}::{"message":"Access token missing"}
2024-09-28 16:15:13::error::/v1/api/user/me::b7875c7f-5d42-4fc3-8aa2-8a37e22016df::403 - 0ms - Response: {"status":403,"now":1727514913081}::{"message":"Access token missing"}
2024-09-28 16:15:21::error::/v1/api/user/me::3004512a-86b0-4650-a01c-0ac420971979::403 - 0ms - Response: {"status":403,"now":1727514921388}::{"message":"Access token missing"}
2024-09-28 16:15:31::error::/v1/api/user/me::10542dd0-d137-4422-9990-9de68227083a::403 - 0ms - Response: {"status":403,"now":1727514931894}::{"message":"Access token missing"}
2024-09-28 16:15:39::error::/v1/api/user/me::a8b76512-b3ab-4da9-b5e6-a41e065a98f9::403 - 0ms - Response: {"status":403,"now":1727514939799}::{"message":"Access token missing"}
2024-09-28 16:16:51::error::/v1/api/user/me::2f523c35-9348-4a3b-aa73-407b1dad3cd9::403 - 0ms - Response: {"status":403,"now":1727515011656}::{"message":"Access token missing"}
2024-09-28 16:17:00::error::/v1/api/user/me::bb46734e-0016-4eba-b1f9-b9c2dc04c972::403 - 0ms - Response: {"status":403,"now":1727515020904}::{"message":"Access token missing"}
2024-09-28 16:17:27::error::/v1/api/user/me::2046b4f5-a8bd-440d-afee-dccd12284fb3::403 - 0ms - Response: {"status":403,"now":1727515047273}::{"message":"Access token missing"}
2024-09-28 16:17:32::error::/v1/api/user/me::66b8a551-1ae7-493b-b56e-efed1875bae0::403 - 1ms - Response: {"status":403,"now":1727515052401}::{"message":"Access token missing"}
2024-09-28 16:17:56::error::/v1/api/user/me::248d6ffe-d56d-4d75-9712-9bd2b4e4a91d::403 - 0ms - Response: {"status":403,"now":1727515076973}::{"message":"Access token missing"}
2024-09-28 16:18:50::error::/v1/api/user/me::19c28c4a-4d94-4dbc-a7a1-4c856d5c6b95::403 - 0ms - Response: {"status":403,"now":1727515130693}::{"message":"Access token missing"}
2024-09-28 16:19:05::error::/v1/api/user/me::80bd3ad0-3edc-49bf-98a9-3efcf99fc767::403 - 1ms - Response: {"status":403,"now":1727515145225}::{"message":"Access token missing"}
2024-09-28 16:19:07::error::/v1/api/user/me::530d712d-1489-4ec5-b95f-2c77af6dba67::403 - 0ms - Response: {"status":403,"now":1727515147413}::{"message":"Access token missing"}
2024-09-28 16:19:07::error::/v1/api/user/me::10fa78ff-9e98-4296-9d0b-f7f8750ab7f1::403 - 0ms - Response: {"status":403,"now":1727515147938}::{"message":"Access token missing"}
2024-09-28 16:19:34::error::/v1/api/user/me::490640ee-4cdd-4d27-b672-4f4dd210e433::403 - 0ms - Response: {"status":403,"now":1727515174906}::{"message":"Access token missing"}
2024-09-28 16:19:46::error::/v1/api/user/me::ee24b382-e927-4fc8-94ac-3bc96ac80c4c::403 - 0ms - Response: {"status":403,"now":1727515186529}::{"message":"Access token missing"}
2024-09-28 16:19:54::error::/v1/api/user/me::89e66099-f027-458a-92e8-fa9a2940b0cc::403 - 0ms - Response: {"status":403,"now":1727515194557}::{"message":"Access token missing"}
2024-09-28 16:20:06::error::/v1/api/user/me::0f10f229-5fbc-4ff1-9d36-450f2111082d::403 - 0ms - Response: {"status":403,"now":1727515206541}::{"message":"Access token missing"}
2024-09-28 16:20:08::error::/v1/api/user/me::27cea661-ee09-48a5-a2a6-ba08eeed0b47::403 - 0ms - Response: {"status":403,"now":1727515208218}::{"message":"Access token missing"}
2024-09-28 16:20:21::error::/v1/api/user/me::952679f7-7b4e-423d-aaff-16dc42bb6701::403 - 0ms - Response: {"status":403,"now":1727515221904}::{"message":"Access token missing"}
2024-09-28 16:20:32::error::/v1/api/user/me::155edf12-c917-4d97-9f42-01a4555a04bd::403 - 0ms - Response: {"status":403,"now":1727515232421}::{"message":"Access token missing"}
2024-09-28 18:07:04::error::/v1/api/conversation/readConversations::b86ab334-cd1b-43ba-a269-772d6bc4e52a::undefined - NaNms - Response: {}::{"message":"Cannot read properties of null (reading '_id')"}
2024-09-28 18:07:06::error::/v1/api/conversation/readConversations::bea8f609-8f15-4ec8-b1ff-d6aab8e72327::undefined - NaNms - Response: {}::{"message":"Cannot read properties of null (reading '_id')"}
2024-09-28 18:07:29::error::/v1/api/conversation/readConversations::370bf35b-1a51-4223-a5ce-bf1f02ace7d5::undefined - NaNms - Response: {}::{"message":"Cannot read properties of null (reading '_id')"}
2024-09-28 18:08:03::error::/v1/api/conversation/readConversations::ec2543ba-72d1-4121-90eb-11bd15f37ce6::undefined - NaNms - Response: {}::{"message":"Cannot read properties of null (reading '_id')"}
2024-09-28 18:08:25::error::/v1/api/conversation/readConversations::f8470e1a-c226-482e-958a-51079066db47::undefined - NaNms - Response: {}::{"message":"Cannot read properties of null (reading '_id')"}
2024-09-28 18:08:39::error::/v1/api/conversation/readConversations::9aa10775-d3e4-4bb7-bb4d-19146870830d::undefined - NaNms - Response: {}::{"message":"Cannot read properties of null (reading '_id')"}
2024-09-28 18:08:42::error::/v1/api/conversation/readConversations::6f008a61-bfc3-45ff-baef-46733b071893::undefined - NaNms - Response: {}::{"message":"Cannot read properties of null (reading '_id')"}
2024-09-28 18:08:47::error::/v1/api/conversation/readConversations::7ef5a8b6-9ae0-4c77-a9fd-9845d6508805::undefined - NaNms - Response: {}::{"message":"Cannot read properties of null (reading '_id')"}
2024-09-28 18:19:40::error::/v1/api/conversation/readConversations::650a9170-f188-4a08-a0f9-f4381ba3275e::undefined - NaNms - Response: {}::{"message":"Cannot read properties of null (reading '_id')"}
