2024-08-06 22:26:04::info::/v1/api/user/me::04059e7a-28b4-4d64-9104-fa00d1a8fbbc::input-params ::GET::::{}
2024-08-06 22:26:04::info::/v1/api/movement/readMovements::598bb909-1c4d-40a0-bc74-1bd9083c0ee8::input-params ::GET::::{}
2024-08-06 22:26:04::info::/v1/api/news/readNewss::b164aa6e-a729-4cf8-a1b3-01bc285c0988::input-params ::GET::::{}
2024-08-06 22:26:04::info::/v1/api/recommender/readPopularPosts::71921dc1-ad28-452b-9b58-7b061f25c607::input-params ::GET::::{}
2024-08-06 22:26:11::info::/v1/api/movement/readMovements::2314362b-2916-4e7c-b772-1137f7eee90e::input-params ::GET::::{}
2024-08-06 22:26:11::info::/v1/api/news/readNewss::7d61940e-6718-4ca0-81cb-cc628d6f3dc8::input-params ::GET::::{}
2024-08-06 22:26:11::info::/v1/api/recommender/readPopularPosts::1426833b-b4c2-421e-bb73-1ed73a4437c1::input-params ::GET::::{}
2024-08-06 22:26:12::info::/v1/api/movement/readMovements::ad6ddd46-c827-4db9-8e28-7e801a8d8b6e::input-params ::GET::::{}
2024-08-06 22:26:12::info::/v1/api/news/readNewss::bf3401c1-d556-4d62-b01b-97a34372f602::input-params ::GET::::{}
2024-08-06 22:27:34::info::/v1/api/movement/readMovements::6b311588-180a-4c73-93e1-5455c304ce4d::input-params ::GET::::{}
2024-08-06 22:27:34::info::/v1/api/news/readNewss::739285c0-d7a6-49e0-9ac0-763926ef2fa1::input-params ::GET::::{}
2024-08-06 22:27:34::info::/v1/api/recommender/readPopularPosts::9b1f696f-ed6f-4993-8d9e-092a2926c811::input-params ::GET::::{}
2024-08-06 22:27:35::info::/v1/api/movement/readMovements::ed898727-c927-43be-9237-745a5a68078c::input-params ::GET::::{}
2024-08-06 22:27:35::info::/v1/api/news/readNewss::b8355227-ace9-41f1-a782-26aff2d784d4::input-params ::GET::::{}
2024-08-06 22:27:37::info::/v1/api/user/me::0f512c35-70e3-4357-b69c-2768e8da83db::input-params ::GET::::{}
2024-08-06 22:27:37::info::/v1/api/movement/readMovements::1000e825-602d-40e0-8022-444df1a9bfda::input-params ::GET::::{}
2024-08-06 22:27:37::info::/v1/api/news/readNewss::394ddf78-6cf6-48b9-b3fc-9a4017ddd74b::input-params ::GET::::{}
2024-08-06 22:27:37::info::/v1/api/recommender/readPopularPosts::bfee7eec-7204-424d-9a51-f29c7f5628bd::input-params ::GET::::{}
2024-08-06 22:27:47::info::/v1/api/movement/readMovements::04df99a6-754e-4332-a7fb-1cb8d76f52f8::input-params ::GET::::{}
2024-08-06 22:27:47::info::/v1/api/news/readNewss::471582e3-2fb1-45aa-88f5-62fce1a5c7c7::input-params ::GET::::{}
2024-08-06 22:27:47::info::/v1/api/recommender/readPopularPosts::80cf0225-ba51-443a-aed4-2fb3a0c61569::input-params ::GET::::{}
2024-08-06 22:27:49::info::/v1/api/movement/readMovements::c1f23d62-8f2b-4442-9f08-d66a59850537::input-params ::GET::::{}
2024-08-06 22:27:49::info::/v1/api/news/readNewss::342593c8-5f3b-4b7f-8deb-59d88e7b2034::input-params ::GET::::{}
2024-08-06 22:27:49::info::/v1/api/recommender/readPopularPosts::2e3d33d5-d689-42df-8f79-2a05430c318e::input-params ::GET::::{}
2024-08-06 22:27:53::info::/v1/api/movement/readMovements::fbb59b1d-8d22-4051-8cbc-114e1e907220::input-params ::GET::::{}
2024-08-06 22:27:53::info::/v1/api/news/readNewss::0482a6dd-97d2-40a6-8073-30d9c53e6bc6::input-params ::GET::::{}
2024-08-06 22:27:53::info::/v1/api/recommender/readPopularPosts::601a55fd-2ed6-4c15-b587-e7648fcd0f70::input-params ::GET::::{}
2024-08-06 22:27:54::info::/v1/api/movement/readMovements::b530f389-b789-453e-bd2d-800014418cec::input-params ::GET::::{}
2024-08-06 22:27:54::info::/v1/api/news/readNewss::3083c4f6-2ff0-4019-9db4-36d56f400c4a::input-params ::GET::::{}
2024-08-06 22:27:54::info::/v1/api/recommender/readPopularPosts::7958b4c8-8c6b-497d-bab0-7cb041f8d5b9::input-params ::GET::::{}
2024-08-06 22:28:03::info::/v1/api/recommender/readPopularPosts::472e4c2b-2286-4f91-a150-21d718096573::input-params ::GET::::{}
2024-08-06 22:28:03::info::/v1/api/movement/readMovements::3996494c-61e8-4d76-a1b3-0268c91c2931::input-params ::GET::::{}
2024-08-06 22:28:03::info::/v1/api/news/readNewss::63e4beaa-b1c0-4924-954d-166e42322303::input-params ::GET::::{}
2024-08-06 22:29:06::info::/v1/api/news/readNewss::3e0f7539-8ea0-400b-80ea-b4e4379a0f00::input-params ::GET::::{}
2024-08-06 22:29:06::info::/v1/api/news/readNews/66a88ed19b851785137a045b::3ab150a4-2fd5-4258-acac-7a3152f8ad77::input-params ::GET::::{}
2024-08-06 22:29:10::info::/v1/api/news/readNewss::6eff7a69-8e4d-43bd-b11b-70e053b39de9::input-params ::GET::::{}
2024-08-06 22:29:10::info::/v1/api/recommender/readPopularPosts::561401ee-3985-4f28-afbd-41a90c421bc3::input-params ::GET::::{}
2024-08-06 22:29:17::info::/v1/api/news/readNewss::984c5b69-8fca-431a-99db-74d7d170bb3b::input-params ::GET::::{}
2024-08-06 22:29:17::info::/v1/api/news/readNews/66a886a3d96ee65b8c36bb43::4dd4309c-5a95-4d7a-96b2-816dc6183f52::input-params ::GET::::{}
2024-08-06 22:29:18::info::/v1/api/news/readNewss::03a48294-4075-438c-b7ca-bda784fc009a::input-params ::GET::::{}
2024-08-06 22:29:18::info::/v1/api/recommender/readPopularPosts::4f5267a7-c0be-429d-8051-5911463e0e5a::input-params ::GET::::{}
2024-08-06 22:29:22::info::/v1/api/news/readNewss::d560a831-2650-4a55-beea-27444e665694::input-params ::GET::::{}
2024-08-06 22:29:22::info::/v1/api/news/readNews/66a883be47ace990a76e0f83::700a8c7a-15a6-46c3-b77f-be6b0858aa28::input-params ::GET::::{}
2024-08-06 22:29:30::info::/v1/api/user/me::b0475b3a-c74b-4e67-a157-ad34c363b33f::input-params ::GET::::{}
2024-08-06 22:29:31::info::/v1/api/movement/readMovements::a292be34-848a-4144-a445-aeefea682ef7::input-params ::GET::::{}
2024-08-06 22:29:31::info::/v1/api/news/readNews/66a8aa575363032aeae41104::4601b014-afcc-4aec-af5e-6dc00811f3e3::input-params ::GET::::{}
2024-08-06 22:29:31::info::/v1/api/news/readNewss::94c79253-711a-43f0-828e-17b88eaf2b41::input-params ::GET::::{}
2024-08-06 22:29:49::info::/v1/api/news/readNewss::4bfd3391-9d13-4856-a339-84d6da989eff::input-params ::GET::::{}
2024-08-06 22:29:49::info::/v1/api/recommender/readPopularPosts::24fd2a8a-bf8e-4c1c-8501-e6a9bc5c288b::input-params ::GET::::{}
2024-08-06 22:29:50::info::/v1/api/news/readNewss::bd720acc-303b-4eaa-b3b9-f3836975eac1::input-params ::GET::::{}
2024-08-06 22:29:50::info::/v1/api/news/readNews/66a8aa575363032aeae41104::5a0ed011-5386-452f-9a24-86299b7f56e3::input-params ::GET::::{}
2024-08-06 22:29:53::info::/v1/api/user/me::df584162-fadf-4b39-b232-1faa510976a5::input-params ::GET::::{}
2024-08-06 22:29:53::info::/v1/api/movement/readMovements::56ab85f4-ad0b-4df2-a219-7cc7526f88ca::input-params ::GET::::{}
2024-08-06 22:29:53::info::/v1/api/news/readNewss::bd6fd911-7c2b-414e-8ac5-c390066d53c6::input-params ::GET::::{}
2024-08-06 22:29:53::info::/v1/api/news/readNews/66a8aa575363032aeae41104::b2f48da5-b89a-4a63-83e6-f8df42325068::input-params ::GET::::{}
2024-08-06 22:30:39::info::/v1/api/movement/readMovements::7af0197f-8708-4ff4-9f9e-37f5867213a4::input-params ::GET::::{}
2024-08-06 22:30:39::info::/v1/api/news/readNews/66a8aa575363032aeae41104::0e48e388-8340-406c-90fe-b3d9802f6f42::input-params ::GET::::{}
2024-08-06 22:30:39::info::/v1/api/news/readNewss::40a32ecf-e237-4ea8-9887-3a7621861c2f::input-params ::GET::::{}
2024-08-06 22:30:42::info::/v1/api/user/me::c00ecf5c-45e9-4a55-bab0-51899dc72996::input-params ::GET::::{}
2024-08-06 22:30:42::info::/v1/api/movement/readMovements::24ef2cab-96c5-434a-877e-b494ca2d03ff::input-params ::GET::::{}
2024-08-06 22:30:43::info::/v1/api/news/readNewss::f6467843-0a36-4ae5-a106-06faf8aefd0f::input-params ::GET::::{}
2024-08-06 22:30:43::info::/v1/api/news/readNews/66a8aa575363032aeae41104::93a30887-1e49-4a52-96dc-c7957ce88e13::input-params ::GET::::{}
2024-08-06 22:30:52::info::/v1/api/movement/readMovements::5c47bbf1-6c58-4e07-a3b7-feed3b232c86::input-params ::GET::::{}
2024-08-06 22:30:52::info::/v1/api/news/readNews/66a8aa575363032aeae41104::0f658eca-4968-4e2b-9b42-274bbe3d4c25::input-params ::GET::::{}
2024-08-06 22:30:52::info::/v1/api/news/readNewss::55d70360-169b-4b35-ae42-49761b367027::input-params ::GET::::{}
2024-08-06 22:30:59::info::/v1/api/user/me::431ab42a-be62-482e-9478-9a867725a85c::input-params ::GET::::{}
2024-08-06 22:30:59::info::/v1/api/movement/readMovements::e3d78b12-0e82-430f-86c3-dea34548f3cd::input-params ::GET::::{}
2024-08-06 22:30:59::info::/v1/api/news/readNewss::0ca81fa9-9821-4e48-9a16-624a881bf83d::input-params ::GET::::{}
2024-08-06 22:30:59::info::/v1/api/news/readNews/66a8aa575363032aeae41104::5a3b4517-46c8-43fd-a3c9-fc2a3db5b0bc::input-params ::GET::::{}
2024-08-06 22:31:03::info::/v1/api/news/readNewss::fc281119-0f58-4f7f-8c54-60a7df4ed693::input-params ::GET::::{}
2024-08-06 22:31:03::info::/v1/api/recommender/readPopularPosts::810243e6-392a-4582-9633-0d11dbc0cb55::input-params ::GET::::{}
2024-08-06 22:31:05::info::/v1/api/news/readNewss::9ec4b2b7-b3a8-4c32-bb05-dd426ed34bae::input-params ::GET::::{}
2024-08-06 22:31:05::info::/v1/api/news/readNews/66a8a6b1f54dc27bce1fe4e3::6123aeb1-0713-41b6-be31-9459e84130cf::input-params ::GET::::{}
2024-08-06 22:31:15::info::/v1/api/movement/readMovements::ba1d4424-c134-4851-9612-8f1e0fcaa7e4::input-params ::GET::::{}
2024-08-06 22:31:15::info::/v1/api/news/readNews/66a8a6b1f54dc27bce1fe4e3::9ba96c78-f0e0-4851-b25f-8bc6a9d2fa15::input-params ::GET::::{}
2024-08-06 22:31:15::info::/v1/api/news/readNewss::57f464d7-1cdb-44ed-afaf-0a2cb9e1f9df::input-params ::GET::::{}
2024-08-06 22:31:21::info::/v1/api/user/readUserProfile/66af04819f8db1eee968177b::ff5cde8d-6606-4ca4-affe-3a85da146a0a::input-params ::GET::::{}
2024-08-06 22:31:22::info::/v1/api/order/readMemberOrderHistory::e9abfd60-6617-4b06-89f3-937ff09d31a2::input-params ::GET::::{}
2024-08-06 22:31:32::info::/v1/api/movement/readMovements::260d6e40-4fa6-42c5-80f6-575eebbe27c5::input-params ::GET::::{}
2024-08-06 22:31:32::info::/v1/api/user/readUserProfile/66af04819f8db1eee968177b::536a188d-4dcc-4664-b746-50a55d8b3d36::input-params ::GET::::{}
2024-08-06 22:31:32::info::/v1/api/order/readMemberOrderHistory::13a63b77-690a-4655-8465-23c2d6166939::input-params ::GET::::{}
2024-08-06 22:31:34::info::/v1/api/movement/readMovements::a7ed2396-bb8a-4355-8c5d-7cb1692d6238::input-params ::GET::::{}
2024-08-06 22:31:34::info::/v1/api/user/readUserProfile/66af04819f8db1eee968177b::bc816bbb-a955-4d8d-9fec-52a2691b4cd7::input-params ::GET::::{}
2024-08-06 22:31:34::info::/v1/api/order/readMemberOrderHistory::93b9c7c5-b6f6-48fa-aa96-ae26d972ca1c::input-params ::GET::::{}
