2024-06-20 08:57:07::info::/v1/api/user/me::782f02d6-b415-4cd3-bcb7-3d46eeef9537::input-params ::GET::::{}
2024-06-20 08:57:10::info::/v1/api/user/readUserProfile/665edd23fa87b27398b73d10::986c5f4d-1c93-428b-8875-47c02ba8c641::input-params ::GET::::{}
2024-06-20 08:58:24::info::/v1/api/user/me::ff1dbc51-c7d8-498d-9487-5f8f57e7f5e8::input-params ::GET::::{}
2024-06-20 08:58:24::info::/v1/api/user/me::4199d838-5292-44f3-a965-6a9cd9b653e1::input-params ::GET::::{}
2024-06-20 08:58:24::info::/v1/api/user/readUserProfile/665edd23fa87b27398b73d10::33397c0f-a5cf-4e04-95f0-995ac23a0e6c::input-params ::GET::::{}
2024-06-20 08:58:53::info::/v1/api/user/me::31f044dd-0023-4012-9103-31822410de04::input-params ::GET::::{}
2024-06-20 08:59:32::info::/v1/api/user/me::1035f988-3cf2-4c3d-949f-3633fe622541::input-params ::GET::::{}
2024-06-20 08:59:49::info::/v1/api/user/me::ed172000-94b1-43b2-9117-20000fc3c92b::input-params ::GET::::{}
2024-06-20 09:01:14::info::/v1/api/user/me::f51a3f39-b8b3-49da-860f-8ba1caa0c956::input-params ::GET::::{}
2024-06-20 09:01:16::info::/v1/api/user/me::e2f1d366-71fa-4a34-a7a9-e194a73e479b::input-params ::GET::::{}
2024-06-20 09:05:44::info::/v1/api/user/me::4b07a1c9-64d0-4c3b-a471-150c4e90cacf::input-params ::GET::::{}
2024-06-20 09:07:02::info::/v1/api/user/me::c1e74440-41ff-487b-8b33-e40c02428415::input-params ::GET::::{}
2024-06-20 09:07:03::info::/v1/api/user/me::b4851f6b-aee5-44fc-afe1-62bf37c7ab05::input-params ::GET::::{}
2024-06-20 09:07:03::info::/v1/api/user/readUserProfile/665edd23fa87b27398b73d10::f4abef89-52cf-427f-93ce-029a3fd9a5d8::input-params ::GET::::{}
2024-06-20 09:07:20::info::/v1/api/user/me::232188f3-c83d-47de-85a8-3d570dc1dc54::input-params ::GET::::{}
2024-06-20 09:07:20::info::/v1/api/user/readUserProfile/665edd23fa87b27398b73d10::e16e6153-aa43-44f8-b0c9-25454b6744ff::input-params ::GET::::{}
2024-06-20 09:07:24::info::/v1/api/user/me::03e46d15-eab8-45b6-8d8f-a4c754f265de::input-params ::GET::::{}
2024-06-20 09:07:24::info::/v1/api/user/readUserProfile/665edd23fa87b27398b73d10::eaaa3d91-5a26-4e41-acf4-0676841dee34::input-params ::GET::::{}
2024-06-20 09:07:31::info::/v1/api/user/me::6270bbfc-45cb-4bc0-9079-ec25adbeda25::input-params ::GET::::{}
2024-06-20 09:07:31::info::/v1/api/user/readUserProfile/665edd23fa87b27398b73d10::bcec24a8-6c02-4369-86ef-8c717f53cfd1::input-params ::GET::::{}
2024-06-20 09:08:29::info::/v1/api/user/me::af4b2c60-3a99-411b-8e62-9f28f6788058::input-params ::GET::::{}
2024-06-20 09:08:29::info::/v1/api/user/readUserProfile/665edd23fa87b27398b73d10::ec871215-279f-4d7f-91d3-c606ee6b55f2::input-params ::GET::::{}
2024-06-20 09:08:39::info::/v1/api/user/me::1105b8c6-d7c4-4e31-ae48-2ed9890863b7::input-params ::GET::::{}
2024-06-20 09:08:39::info::/v1/api/user/readUserProfile/665edd23fa87b27398b73d10::24d29bd9-2099-4daa-95fe-e766dfd54e35::input-params ::GET::::{}
2024-06-20 09:08:45::info::/v1/api/user/me::a56459cf-1f55-4e8b-8bc1-e666994cddf1::input-params ::GET::::{}
2024-06-20 09:08:45::info::/v1/api/user/readUserProfile/665edd23fa87b27398b73d10::45d045fe-e8ed-42b7-bc56-bb65506aa863::input-params ::GET::::{}
2024-06-20 09:08:48::info::/v1/api/user/me::7dfd3f67-3995-4484-b0e3-42ee2b347fd5::input-params ::GET::::{}
2024-06-20 09:08:48::info::/v1/api/user/readUserProfile/665edd23fa87b27398b73d10::b6a7fd96-a9a4-4fb0-ae4a-55992b7a7a89::input-params ::GET::::{}
2024-06-20 09:08:53::info::/v1/api/user/me::7bfdc4fa-3340-4a55-b5c6-cb4099347483::input-params ::GET::::{}
2024-06-20 09:08:53::info::/v1/api/user/readUserProfile/665edd23fa87b27398b73d10::7107ebf6-2ad7-46b4-acf9-145af8fb1a0a::input-params ::GET::::{}
2024-06-20 09:09:04::info::/v1/api/user/me::1e1db878-7167-459f-a899-6796d6fbc2ab::input-params ::GET::::{}
2024-06-20 09:09:04::info::/v1/api/user/readUserProfile/665edd23fa87b27398b73d10::e29ff390-466e-451b-86e8-822238b3fea5::input-params ::GET::::{}
2024-06-20 09:09:14::info::/v1/api/user/me::d68136dd-348f-4641-bab9-b2f5a8e52527::input-params ::GET::::{}
2024-06-20 09:09:14::info::/v1/api/user/readUserProfile/665edd23fa87b27398b73d10::73ff6831-7338-419b-a2a7-9770b90eafd3::input-params ::GET::::{}
2024-06-20 09:09:18::info::/v1/api/user/me::926af29c-3175-474f-8cd8-989e29655665::input-params ::GET::::{}
2024-06-20 09:09:18::info::/v1/api/user/readUserProfile/665edd23fa87b27398b73d10::b6c985c0-4988-4db6-b57c-f0f5b01d3f4c::input-params ::GET::::{}
2024-06-20 09:09:25::info::/v1/api/user/me::837a703f-9d31-4737-90ca-089dc8b712c5::input-params ::GET::::{}
2024-06-20 09:09:25::info::/v1/api/user/readUserProfile/665edd23fa87b27398b73d10::a80cfe5e-9066-40ff-b651-c1184af1a662::input-params ::GET::::{}
2024-06-20 09:09:27::info::/v1/api/user/me::4a4a3816-7315-4550-946d-6c72aff630fb::input-params ::GET::::{}
2024-06-20 09:09:27::info::/v1/api/user/readUserProfile/665edd23fa87b27398b73d10::5822368c-26db-4422-9be6-b4ca56024427::input-params ::GET::::{}
2024-06-20 09:09:42::info::/v1/api/user/me::c4d2f05b-1687-4430-86fb-63da311bf45b::input-params ::GET::::{}
2024-06-20 09:09:42::info::/v1/api/user/readUserProfile/665edd23fa87b27398b73d10::1491d558-38bc-4be3-8935-c4b44a943354::input-params ::GET::::{}
2024-06-20 09:10:46::info::/v1/api/user/me::6ae626a7-f736-435b-b251-403af82e843a::input-params ::GET::::{}
2024-06-20 09:10:46::info::/v1/api/user/readUserProfile/665edd23fa87b27398b73d10::13ddc104-c2e3-4cc1-9586-3a1df6b786a5::input-params ::GET::::{}
2024-06-20 09:10:49::info::/v1/api/user/me::57eb0875-6fe1-407d-ba2b-2a9536710013::input-params ::GET::::{}
2024-06-20 09:10:50::info::/v1/api/user/readUserProfile/665edd23fa87b27398b73d10::d796745b-2e72-4457-b9b3-a895fad8e8c7::input-params ::GET::::{}
2024-06-20 09:11:13::info::/v1/api/user/me::8404b249-a04f-4b6f-9c1a-1644fdf3936b::input-params ::GET::::{}
2024-06-20 09:11:13::info::/v1/api/user/readUserProfile/665edd23fa87b27398b73d10::402d9a94-b57b-48e1-8288-7813559efd80::input-params ::GET::::{}
2024-06-20 09:11:22::info::/v1/api/user/me::9d826e8b-e404-4ffd-9cd3-e22b92d48810::input-params ::GET::::{}
2024-06-20 09:11:22::info::/v1/api/user/readUserProfile/665edd23fa87b27398b73d10::a18a04b9-a957-4c84-8127-7387ffc261fb::input-params ::GET::::{}
2024-06-20 09:11:42::info::/v1/api/user/me::8ba27a7b-a2e6-47eb-8e08-567e09e0a904::input-params ::GET::::{}
2024-06-20 09:11:42::info::/v1/api/user/readUserProfile/665edd23fa87b27398b73d10::0251f0c2-a9af-44ce-8570-e6815f8853ba::input-params ::GET::::{}
2024-06-20 09:12:33::info::/v1/api/user/me::323e595e-dcbd-48d8-957c-ba527f4f0fb3::input-params ::GET::::{}
2024-06-20 09:12:33::info::/v1/api/user/readUserProfile/665edd23fa87b27398b73d10::e2c43e1b-5659-4beb-800d-59ca1813c7da::input-params ::GET::::{}
2024-06-20 09:12:34::info::/v1/api/user/me::35b6659d-b470-492b-ab3f-0dc0c972de09::input-params ::GET::::{}
2024-06-20 09:12:34::info::/v1/api/user/readUserProfile/665edd23fa87b27398b73d10::6e316288-2e1b-421d-9746-8c888287feda::input-params ::GET::::{}
2024-06-20 09:12:52::info::/v1/api/user/me::312e66da-e558-4730-afe6-62dbe076ebe2::input-params ::GET::::{}
2024-06-20 09:12:52::info::/v1/api/user/readUserProfile/665edd23fa87b27398b73d10::c674ea62-ff70-414a-a9ff-c3c6dac31881::input-params ::GET::::{}
2024-06-20 09:12:52::info::/v1/api/user/me::fa07903e-314e-40fd-a9bb-31864350da27::input-params ::GET::::{}
2024-06-20 09:12:52::info::/v1/api/user/readUserProfile/665edd23fa87b27398b73d10::fbfaa542-5b00-4ff3-b45e-bf6d3bf9a10e::input-params ::GET::::{}
2024-06-20 09:13:20::info::/v1/api/user/me::5a8f19e5-ee70-4037-97d7-4cd57e4a1072::input-params ::GET::::{}
2024-06-20 09:13:20::info::/v1/api/user/readUserProfile/665edd23fa87b27398b73d10::3566fd6d-5231-4c4f-9fa9-389b1eb491d8::input-params ::GET::::{}
2024-06-20 09:13:24::info::/v1/api/user/me::f24d4592-6c7a-44f5-b365-e41f2a534f25::input-params ::GET::::{}
2024-06-20 09:13:24::info::/v1/api/user/readUserProfile/665edd23fa87b27398b73d10::866ed995-186e-43cc-a13f-0fc5220525eb::input-params ::GET::::{}
2024-06-20 09:14:05::info::/v1/api/user/me::63c256ed-7867-4ac5-9e6f-cd99752a3b09::input-params ::GET::::{}
2024-06-20 09:14:05::info::/v1/api/user/readUserProfile/665edd23fa87b27398b73d10::3af427ad-37f2-4824-9838-f3f1fe3d383c::input-params ::GET::::{}
2024-06-20 09:14:05::info::/v1/api/user/me::a57ec1cd-28a4-4980-9354-b04dbee054c1::input-params ::GET::::{}
2024-06-20 09:14:05::info::/v1/api/user/readUserProfile/665edd23fa87b27398b73d10::cb9e391e-435c-400e-952f-4d93bb195ed5::input-params ::GET::::{}
2024-06-20 09:14:23::info::/v1/api/user/me::bca69710-9d12-457c-b8ab-b6d840b8bcf5::input-params ::GET::::{}
2024-06-20 09:14:23::info::/v1/api/user/readUserProfile/665edd23fa87b27398b73d10::4a55d84d-81b0-45e4-b2e9-0c919587f182::input-params ::GET::::{}
2024-06-20 09:14:23::info::/v1/api/user/me::d4ff4b4f-9f4a-4bb2-a026-428fe778de0e::input-params ::GET::::{}
2024-06-20 09:14:23::info::/v1/api/user/readUserProfile/665edd23fa87b27398b73d10::935198a5-1947-4443-baac-17840f8c2039::input-params ::GET::::{}
2024-06-20 09:15:02::info::/v1/api/user/me::015c66ee-f166-4cfb-b1e8-eed64080f776::input-params ::GET::::{}
2024-06-20 09:15:13::info::/v1/api/user/readUserProfile/665edd23fa87b27398b73d10::57e84a24-587a-4915-9714-8f3e8b1dee15::input-params ::GET::::{}
2024-06-20 09:15:13::info::/v1/api/user/me::6b426574-3ca2-46ea-b178-fbd9c8939d4c::input-params ::GET::::{}
2024-06-20 09:15:13::info::/v1/api/user/readUserProfile/665edd23fa87b27398b73d10::bede046c-b476-4dcd-8703-65db5f23f0cc::input-params ::GET::::{}
2024-06-20 09:15:32::info::/v1/api/user/me::34f3caa0-8c5b-4cfd-a6d6-612012d80f99::input-params ::GET::::{}
2024-06-20 09:15:32::info::/v1/api/user/readUserProfile/665edd23fa87b27398b73d10::01e76f5c-143f-497e-a9b4-0c03798d7a28::input-params ::GET::::{}
2024-06-20 09:15:41::info::/v1/api/user/me::beae9457-00fd-4fea-ab8c-a269fb6cff84::input-params ::GET::::{}
2024-06-20 09:15:41::info::/v1/api/user/readUserProfile/665edd23fa87b27398b73d10::f8dbf00e-3df6-4422-9b73-f23b4eeaf360::input-params ::GET::::{}
2024-06-20 09:15:45::info::/v1/api/user/me::b5594473-77d5-436d-88a7-125eaa986b35::input-params ::GET::::{}
2024-06-20 09:15:45::info::/v1/api/user/readUserProfile/665edd23fa87b27398b73d10::2c1f011f-badd-46cf-9dda-9cbb6d3bf08b::input-params ::GET::::{}
2024-06-20 09:15:50::info::/v1/api/user/me::7b2175e0-002e-46d4-847c-805b07af42de::input-params ::GET::::{}
2024-06-20 09:15:50::info::/v1/api/user/readUserProfile/665edd23fa87b27398b73d10::0c439ff7-2e33-4286-b083-57e902dc110d::input-params ::GET::::{}
2024-06-20 09:15:56::info::/v1/api/user/me::2bd98bce-39e9-4a8c-b33e-41e8cfd756a7::input-params ::GET::::{}
2024-06-20 09:15:56::info::/v1/api/user/readUserProfile/665edd23fa87b27398b73d10::68247c67-d999-4eb9-8827-5af298f18dcb::input-params ::GET::::{}
2024-06-20 09:16:05::info::/v1/api/user/me::cd8b4f8e-be65-46f6-b0fd-e6be03ba4008::input-params ::GET::::{}
2024-06-20 09:16:05::info::/v1/api/user/readUserProfile/665edd23fa87b27398b73d10::acfcd668-939d-4151-9878-e088dc6f5cb3::input-params ::GET::::{}
2024-06-20 09:16:29::info::/v1/api/user/me::d764aeb7-a150-411e-b1d5-a1c9a309668f::input-params ::GET::::{}
2024-06-20 09:16:29::info::/v1/api/user/readUserProfile/665edd23fa87b27398b73d10::a8124367-05cf-47ee-8d7d-fd4cb4ab0af7::input-params ::GET::::{}
2024-06-20 09:16:35::info::/v1/api/user/me::bba19d3d-4ffb-44fb-8ec5-5b4e1e6df174::input-params ::GET::::{}
2024-06-20 09:16:35::info::/v1/api/user/readUserProfile/665edd23fa87b27398b73d10::6b71f6e8-d7ba-4743-a676-b09a8fd657d4::input-params ::GET::::{}
2024-06-20 09:17:04::info::/v1/api/user/me::06ea662c-a3f1-43e0-bb2f-5e0eba1ade59::input-params ::GET::::{}
2024-06-20 09:17:04::info::/v1/api/user/readUserProfile/665edd23fa87b27398b73d10::1aa0869a-f1ca-4902-8293-4d0cd7366e1f::input-params ::GET::::{}
2024-06-20 09:20:23::info::/v1/api/user/readUserProfile/665edd23fa87b27398b73d10::56842d1f-15fc-437b-83b2-1f6d644f1646::input-params ::GET::::{}
2024-06-20 09:26:15::info::/v1/api/user/me::5249bb42-747d-4049-b6b4-e42f3503ca34::input-params ::GET::::{}
2024-06-20 09:26:15::info::/v1/api/user/readUserProfile/665edd23fa87b27398b73d10::26919950-ccbc-456f-8856-adf170839f73::input-params ::GET::::{}
2024-06-20 09:26:31::info::/v1/api/user/me::cb45b7a8-30ee-4ee5-920c-3f6af6acf049::input-params ::GET::::{}
2024-06-20 09:27:22::info::/v1/api/user/me::ff5a2c13-d1e5-4efe-889a-93d1008aa985::input-params ::GET::::{}
2024-06-20 09:27:22::info::/v1/api/user/me::d0bd635c-830f-49b6-a1a5-736c38f811f8::input-params ::GET::::{}
2024-06-20 09:27:24::info::/v1/api/user/me::2e4d5886-c696-4b17-9024-74e1b6b1b8e6::input-params ::GET::::{}
2024-06-20 09:27:24::info::/v1/api/user/readUserProfile/665edd23fa87b27398b73d10::7cd78ee6-a9ce-429d-b17f-8d7729baf71a::input-params ::GET::::{}
2024-06-20 09:27:45::info::/v1/api/user/me::23d38cd6-de58-42b2-a496-debd943066ce::input-params ::GET::::{}
2024-06-20 09:27:45::info::/v1/api/user/readUserProfile/665edd23fa87b27398b73d10::83b3d5f6-183d-4711-9ada-67397b7c52ac::input-params ::GET::::{}
2024-06-20 09:29:07::info::/v1/api/user/me::75167f20-82ff-4de4-b023-85c52d9368e8::input-params ::GET::::{}
2024-06-20 09:29:07::info::/v1/api/user/readUserProfile/665edd23fa87b27398b73d10::f5ce3724-bc4c-4209-8ca2-0cfe22f1129e::input-params ::GET::::{}
2024-06-20 09:29:35::info::/v1/api/user/me::61b7b72e-f1c4-473c-ad87-a377ccab7790::input-params ::GET::::{}
2024-06-20 09:29:35::info::/v1/api/user/readUserProfile/665edd23fa87b27398b73d10::fb36f0a1-0cc5-48f9-91b3-198290eaccea::input-params ::GET::::{}
2024-06-20 09:29:41::info::/v1/api/user/readUserProfile/665edd23fa87b27398b73d10::77211a14-1043-428c-9e0a-420e0f6229c4::input-params ::GET::::{}
2024-06-20 09:29:41::info::/v1/api/user/me::2e106207-9d3f-4380-af6b-f561e4205b08::input-params ::GET::::{}
2024-06-20 09:30:06::info::/v1/api/user/me::250128a3-821d-4873-8916-710fbba7b3cb::input-params ::GET::::{}
2024-06-20 09:30:06::info::/v1/api/user/readUserProfile/665edd23fa87b27398b73d10::fae61f85-b358-4344-a0ad-bd99d6d5de36::input-params ::GET::::{}
2024-06-20 09:30:36::info::/v1/api/user/me::80cec895-f77d-47e4-8f29-5ebde152c798::input-params ::GET::::{}
2024-06-20 09:30:36::info::/v1/api/user/readUserProfile/665edd23fa87b27398b73d10::31e29882-19c8-4868-b856-fbf01dc63f94::input-params ::GET::::{}
2024-06-20 09:30:41::info::/v1/api/user/readUserProfile/665edd23fa87b27398b73d10::e53f6541-fd96-4bb6-8fef-9ba7285ef560::input-params ::GET::::{}
2024-06-20 09:30:43::info::/v1/api/user/me::8f35811c-521a-4e93-9f47-7b72efb7a9b7::input-params ::GET::::{}
2024-06-20 09:30:43::info::/v1/api/user/readUserProfile/665edd23fa87b27398b73d10::2b9fa22f-1088-4b9e-b79c-fd21c63e5595::input-params ::GET::::{}
2024-06-20 09:31:16::info::/v1/api/user/readUserProfile/665edd23fa87b27398b73d10::c5c22018-2553-4e42-840b-970159480492::input-params ::GET::::{}
2024-06-20 09:32:33::info::/v1/api/user/me::612d6870-91eb-4b8a-b05a-a5b48408161d::input-params ::GET::::{}
2024-06-20 09:32:33::info::/v1/api/user/readUserProfile/665edd23fa87b27398b73d10::d523b4b7-ec85-46c7-a882-4cdc9779a149::input-params ::GET::::{}
2024-06-20 09:33:16::info::/v1/api/user/me::9e2e70cc-7ddf-4ed9-8949-1c3361d3cad2::input-params ::GET::::{}
2024-06-20 09:33:16::info::/v1/api/user/readUserProfile/665edd23fa87b27398b73d10::9dcea66c-6e95-4e68-a9f8-a14b107c527c::input-params ::GET::::{}
2024-06-20 09:33:37::info::/v1/api/user/me::e3d1f71d-b5d9-4f6a-a491-21d78130360b::input-params ::GET::::{}
2024-06-20 09:33:37::info::/v1/api/user/readUserProfile/665edd23fa87b27398b73d10::8630b4d0-536a-4830-896a-5aeec1b57e5c::input-params ::GET::::{}
2024-06-20 09:33:37::info::/v1/api/user/me::fe4872a9-5cae-4c07-a152-2e2e187ea9b9::input-params ::GET::::{}
2024-06-20 09:33:37::info::/v1/api/user/readUserProfile/665edd23fa87b27398b73d10::fa7981a0-054e-45df-9815-ff9473b7e60a::input-params ::GET::::{}
2024-06-20 09:33:43::info::/v1/api/user/me::4c9af006-c4fa-44a7-968b-290ca59aa883::input-params ::GET::::{}
2024-06-20 09:33:43::info::/v1/api/user/readUserProfile/665edd23fa87b27398b73d10::1fe2a551-7f8b-430a-b5a9-18f18bde8f86::input-params ::GET::::{}
2024-06-20 09:34:00::info::/v1/api/user/me::d0ec3773-f47a-4906-b7ae-2200ca330e1e::input-params ::GET::::{}
2024-06-20 09:34:04::info::/v1/api/user/me::7ac6580f-70a2-4863-bf76-7862ff6c0ae1::input-params ::GET::::{}
2024-06-20 09:34:19::info::/v1/api/user/readUserProfile/665edd23fa87b27398b73d10::b785bf4a-65a1-4012-bc75-658137981bd5::input-params ::GET::::{}
2024-06-20 09:36:42::info::/v1/api/user/me::161fd36a-665f-4aa8-a050-72e23b29ab50::input-params ::GET::::{}
2024-06-20 09:36:42::info::/v1/api/user/readUserProfile/665edd23fa87b27398b73d10::abd2e798-48c5-429a-9e02-c092946c24b4::input-params ::GET::::{}
2024-06-20 09:36:46::info::/v1/api/user/readUserProfile/665edd23fa87b27398b73d10::1264cbb0-9ff4-41d5-891c-bfbfee7f8fd3::input-params ::GET::::{}
2024-06-20 09:36:58::info::/v1/api/user/me::ed1edf39-b0aa-4ae0-a97d-f53006246593::input-params ::GET::::{}
2024-06-20 09:36:58::info::/v1/api/user/readUserProfile/665edd23fa87b27398b73d10::849a4461-e305-4c5f-a37a-a384b35c050c::input-params ::GET::::{}
2024-06-20 09:36:58::info::/v1/api/user/me::d7512782-5294-44bd-bbe1-d2effe1e92ea::input-params ::GET::::{}
2024-06-20 09:36:58::info::/v1/api/user/readUserProfile/665edd23fa87b27398b73d10::5e574e87-f5a2-4d47-a3e9-6032124510af::input-params ::GET::::{}
2024-06-20 09:37:09::info::/v1/api/user/me::22edb3bc-a8f0-47a2-adfe-76eea9a00df3::input-params ::GET::::{}
2024-06-20 09:37:09::info::/v1/api/user/readUserProfile/665edd23fa87b27398b73d10::a42c32fc-4ea8-49ec-9aea-35a9516f403c::input-params ::GET::::{}
2024-06-20 09:37:41::info::/v1/api/user/me::a46d4464-44ac-4f54-bf58-0269a1b614e2::input-params ::GET::::{}
2024-06-20 09:37:41::info::/v1/api/user/readUserProfile/665edd23fa87b27398b73d10::8fd29fe9-9cf7-42ae-98d8-bb6ca0af3c96::input-params ::GET::::{}
2024-06-20 09:37:49::info::/v1/api/user/me::b3356416-525e-4ede-b0a3-a4b9a4dd9e90::input-params ::GET::::{}
2024-06-20 09:37:49::info::/v1/api/user/readUserProfile/665edd23fa87b27398b73d10::a6a5acd4-484b-41bb-b4dd-672ecbc6b23c::input-params ::GET::::{}
2024-06-20 09:37:56::info::/v1/api/user/me::f34f48b1-cda4-41a4-ad74-798f40f1ca21::input-params ::GET::::{}
2024-06-20 09:37:56::info::/v1/api/user/readUserProfile/665edd23fa87b27398b73d10::ff27d101-231b-44c0-8c19-69526fd1a774::input-params ::GET::::{}
2024-06-20 09:38:05::info::/v1/api/user/me::45877a8b-a95b-4903-8aa9-163319208545::input-params ::GET::::{}
2024-06-20 09:38:05::info::/v1/api/user/readUserProfile/665edd23fa87b27398b73d10::f171dccd-2079-4dd9-ac04-efb2fc7c60a9::input-params ::GET::::{}
2024-06-20 09:38:45::info::/v1/api/user/me::61ad516c-c1f0-4d76-883f-8953211fb1d3::input-params ::GET::::{}
2024-06-20 09:38:45::info::/v1/api/user/readUserProfile/665edd23fa87b27398b73d10::dcf03b84-3659-4959-bbcc-f762dc96a562::input-params ::GET::::{}
2024-06-20 09:38:56::info::/v1/api/user/me::25fc9eb5-d81d-411d-8dfb-3471544911f4::input-params ::GET::::{}
2024-06-20 09:38:56::info::/v1/api/user/readUserProfile/665edd23fa87b27398b73d10::1eed231d-e665-4fa6-b1fd-895db9ab180c::input-params ::GET::::{}
2024-06-20 09:38:58::info::/v1/api/user/me::ab22ba5b-fa54-44e8-b057-76397ffce662::input-params ::GET::::{}
2024-06-20 09:38:58::info::/v1/api/user/readUserProfile/665edd23fa87b27398b73d10::51189bf6-755e-40c5-b5af-6aa81ba4334a::input-params ::GET::::{}
2024-06-20 09:39:00::info::/v1/api/user/me::18c5be71-5698-4ca1-9e92-da000c80d3ca::input-params ::GET::::{}
2024-06-20 09:39:00::info::/v1/api/user/readUserProfile/665edd23fa87b27398b73d10::a50985c6-cd7e-42f8-a245-84d8c5a319b1::input-params ::GET::::{}
2024-06-20 09:39:05::info::/v1/api/user/me::264f31bd-94a9-4e47-aac6-1e4067b86e8d::input-params ::GET::::{}
2024-06-20 09:39:05::info::/v1/api/user/readUserProfile/665edd23fa87b27398b73d10::3ef5f859-7622-4b35-ba03-588118789bf8::input-params ::GET::::{}
2024-06-20 09:39:07::info::/v1/api/user/me::a9c17ea3-1426-4bdb-9deb-6aef38f88702::input-params ::GET::::{}
2024-06-20 09:39:07::info::/v1/api/user/readUserProfile/665edd23fa87b27398b73d10::e52a6271-fd78-43a9-96be-2289c5fd4362::input-params ::GET::::{}
2024-06-20 09:39:13::info::/v1/api/user/me::bfaf1f10-6eef-43c6-864c-a79ea7371cb1::input-params ::GET::::{}
2024-06-20 09:39:13::info::/v1/api/user/readUserProfile/665edd23fa87b27398b73d10::34813a27-1f82-4859-90b7-7a8b697414e0::input-params ::GET::::{}
2024-06-20 09:39:48::info::/v1/api/user/me::0ef90799-46cb-47f0-9381-92fb44f7bc65::input-params ::GET::::{}
2024-06-20 09:39:48::info::/v1/api/user/readUserProfile/665edd23fa87b27398b73d10::f060ef88-411f-47e9-98eb-36b3da22c379::input-params ::GET::::{}
2024-06-20 09:40:13::info::/v1/api/user/me::74399423-70cd-491f-8e9a-ae78ba27a190::input-params ::GET::::{}
2024-06-20 09:40:13::info::/v1/api/user/readUserProfile/665edd23fa87b27398b73d10::676fb45a-6e84-4071-ae02-e83fefc11c55::input-params ::GET::::{}
2024-06-20 09:40:16::info::/v1/api/user/me::b7ce9567-ff9e-409b-b280-77957a5ce31e::input-params ::GET::::{}
2024-06-20 09:40:16::info::/v1/api/user/readUserProfile/665edd23fa87b27398b73d10::926b18de-0b4d-486a-ae6d-4817551bef9e::input-params ::GET::::{}
2024-06-20 09:40:24::info::/v1/api/user/me::72fde5df-a819-4d0c-af4b-8ed51f3124dc::input-params ::GET::::{}
2024-06-20 09:40:24::info::/v1/api/user/readUserProfile/665edd23fa87b27398b73d10::1b9bd601-37ed-43d5-a15e-0f85a8016dfc::input-params ::GET::::{}
2024-06-20 09:40:27::info::/v1/api/user/me::962d9d04-53f0-4b0e-85f3-a55610e6b1b3::input-params ::GET::::{}
2024-06-20 09:40:27::info::/v1/api/user/readUserProfile/665edd23fa87b27398b73d10::45886429-704f-44ff-92f0-bf209a285ac4::input-params ::GET::::{}
2024-06-20 09:41:04::info::/v1/api/user/me::e92bf9a5-7937-4ef4-a2db-7069c0e3183f::input-params ::GET::::{}
2024-06-20 09:41:04::info::/v1/api/user/readUserProfile/665edd23fa87b27398b73d10::5873ba2b-0b57-4712-87ab-fbfe920109d1::input-params ::GET::::{}
2024-06-20 09:41:08::info::/v1/api/user/me::08f6d250-29b5-45fa-94c3-4aa440d76e68::input-params ::GET::::{}
2024-06-20 09:41:08::info::/v1/api/user/readUserProfile/665edd23fa87b27398b73d10::5bf2b8de-593a-452f-a877-e0fdb56f568b::input-params ::GET::::{}
2024-06-20 09:41:22::info::/v1/api/user/me::0ce03f29-7229-4861-b194-21f2ba9494f9::input-params ::GET::::{}
2024-06-20 09:41:22::info::/v1/api/user/readUserProfile/665edd23fa87b27398b73d10::c7a6568e-9cbc-483b-b752-96b6ddfaee9b::input-params ::GET::::{}
2024-06-20 09:41:30::info::/v1/api/user/me::fea958b0-c7b8-48a0-ac3d-5d9aa66924d0::input-params ::GET::::{}
2024-06-20 09:41:30::info::/v1/api/user/readUserProfile/665edd23fa87b27398b73d10::c89fc92b-40a7-4d8e-9516-6d67baa83ae2::input-params ::GET::::{}
2024-06-20 09:41:44::info::/v1/api/user/me::2f72a007-2653-4f49-a83f-e6402e191874::input-params ::GET::::{}
2024-06-20 09:41:44::info::/v1/api/user/readUserProfile/665edd23fa87b27398b73d10::8b1723d1-3cc5-4308-8cce-a29d7f3de9cc::input-params ::GET::::{}
2024-06-20 09:41:59::info::/v1/api/user/me::d3036ca4-a448-4b23-98b4-0338245074a5::input-params ::GET::::{}
2024-06-20 09:41:59::info::/v1/api/user/readUserProfile/665edd23fa87b27398b73d10::152cda87-67ac-4f37-846b-07d968b0a82b::input-params ::GET::::{}
2024-06-20 09:42:07::info::/v1/api/user/me::b0effde5-b46b-4b29-9624-b97651713fc8::input-params ::GET::::{}
2024-06-20 09:42:07::info::/v1/api/user/readUserProfile/665edd23fa87b27398b73d10::488b2109-3c4c-4b82-b119-1e5c32384c4f::input-params ::GET::::{}
2024-06-20 09:42:24::info::/v1/api/user/me::e3563447-e524-4807-b6b2-ec5a690877cc::input-params ::GET::::{}
2024-06-20 09:42:24::info::/v1/api/user/readUserProfile/665edd23fa87b27398b73d10::730c2204-b548-4656-b4bf-da71eeb8737d::input-params ::GET::::{}
2024-06-20 09:42:54::info::/v1/api/user/me::b50b2327-a732-45e3-bbea-01a088453f92::input-params ::GET::::{}
2024-06-20 09:42:54::info::/v1/api/user/readUserProfile/665edd23fa87b27398b73d10::7f3fa937-8e09-44c7-9fa0-9fb656fbf576::input-params ::GET::::{}
2024-06-20 09:43:12::info::/v1/api/user/me::5e9d4778-099a-4831-83ae-bbc5f3159761::input-params ::GET::::{}
2024-06-20 09:43:12::info::/v1/api/user/readUserProfile/665edd23fa87b27398b73d10::82b17c91-6c28-47cb-ba8d-5d1a2c88a142::input-params ::GET::::{}
2024-06-20 09:43:12::info::/v1/api/user/me::fc27e5ce-4e4c-41f1-a829-1d94191befb1::input-params ::GET::::{}
2024-06-20 09:43:12::info::/v1/api/user/readUserProfile/665edd23fa87b27398b73d10::a1d8468b-066c-4fa6-b5de-068c18c4441c::input-params ::GET::::{}
2024-06-20 09:43:23::info::/v1/api/user/me::d4bbbc54-a56d-4c7d-ad84-a1a85d8c4f66::input-params ::GET::::{}
2024-06-20 09:43:23::info::/v1/api/user/readUserProfile/665edd23fa87b27398b73d10::0b62d06e-005c-41e0-a28c-6ca8eda38be7::input-params ::GET::::{}
2024-06-20 09:43:24::info::/v1/api/user/me::82d8dc67-09f0-49c5-a8ca-ede1e566ae9e::input-params ::GET::::{}
2024-06-20 09:43:24::info::/v1/api/user/readUserProfile/665edd23fa87b27398b73d10::d2136df2-1bb0-4907-beac-a9b23466f88b::input-params ::GET::::{}
2024-06-20 09:43:28::info::/v1/api/user/me::39973f3b-297c-403d-a69f-ce586f9f68b7::input-params ::GET::::{}
2024-06-20 09:43:28::info::/v1/api/user/readUserProfile/665edd23fa87b27398b73d10::96ecb5c5-6c4b-4548-9161-4d32b7826f68::input-params ::GET::::{}
2024-06-20 09:43:31::info::/v1/api/user/me::b660876e-22b7-44f1-af6c-1b25689d0222::input-params ::GET::::{}
2024-06-20 09:43:31::info::/v1/api/user/readUserProfile/665edd23fa87b27398b73d10::02f3c949-7cb6-4a33-ae99-d5934ee8c015::input-params ::GET::::{}
2024-06-20 09:43:45::info::/v1/api/user/me::d0a4bdab-8de2-4075-8793-206947c9fb49::input-params ::GET::::{}
2024-06-20 09:43:45::info::/v1/api/user/readUserProfile/665edd23fa87b27398b73d10::09e71c1d-275d-4217-96cd-68dacf228755::input-params ::GET::::{}
2024-06-20 09:43:50::info::/v1/api/user/me::552923d3-fab9-4091-9590-4cf018d768f1::input-params ::GET::::{}
2024-06-20 09:43:50::info::/v1/api/user/readUserProfile/665edd23fa87b27398b73d10::a5dc09c7-04cf-4bd7-8476-7cc8a5dbf8ac::input-params ::GET::::{}
2024-06-20 09:44:00::info::/v1/api/user/me::d8a7adf3-321b-4b06-a506-9af4f6376e07::input-params ::GET::::{}
2024-06-20 09:44:00::info::/v1/api/user/readUserProfile/665edd23fa87b27398b73d10::2a75cf5a-53e2-4698-ad7b-2741b1f5f682::input-params ::GET::::{}
2024-06-20 09:44:07::info::/v1/api/user/me::254129b4-84aa-4f6b-8db8-0c873d567ee2::input-params ::GET::::{}
2024-06-20 09:44:07::info::/v1/api/user/readUserProfile/665edd23fa87b27398b73d10::9028cb8e-86fc-476e-9cdc-677b0b309bda::input-params ::GET::::{}
2024-06-20 09:44:33::info::/v1/api/user/me::e9d8a007-4312-491c-b666-1c56d9ac9649::input-params ::GET::::{}
2024-06-20 09:44:33::info::/v1/api/user/readUserProfile/665edd23fa87b27398b73d10::85bf6dee-8823-421d-877f-a0a1c9096d65::input-params ::GET::::{}
2024-06-20 09:44:52::info::/v1/api/user/me::f0b66e48-3831-495e-814a-2c17d0a80a1a::input-params ::GET::::{}
2024-06-20 09:44:52::info::/v1/api/user/readUserProfile/665edd23fa87b27398b73d10::d3ab101a-2600-4716-a389-065fe2774848::input-params ::GET::::{}
2024-06-20 09:44:57::info::/v1/api/user/me::170c343e-5375-44fc-b8de-8f36c89477e2::input-params ::GET::::{}
2024-06-20 09:44:57::info::/v1/api/user/readUserProfile/665edd23fa87b27398b73d10::4d5e0d39-36d9-4afe-b3d4-e60aeda8e7de::input-params ::GET::::{}
2024-06-20 09:44:59::info::/v1/api/user/me::e1c20deb-7130-4481-934d-2032045d002c::input-params ::GET::::{}
2024-06-20 09:44:59::info::/v1/api/user/readUserProfile/665edd23fa87b27398b73d10::4f973c62-c9de-4a99-9035-ee81fe35360a::input-params ::GET::::{}
2024-06-20 09:45:06::info::/v1/api/user/readUserProfile/665edd23fa87b27398b73d10::9ee7f9ce-6bfe-485a-a47b-040c41f63778::input-params ::GET::::{}
2024-06-20 09:45:07::info::/v1/api/user/me::41a46b10-2307-4c81-bdeb-78f2c58139c5::input-params ::GET::::{}
2024-06-20 09:45:07::info::/v1/api/user/readUserProfile/665edd23fa87b27398b73d10::f6c92f4d-2113-4117-b646-40ea84f859fe::input-params ::GET::::{}
2024-06-20 09:45:08::info::/v1/api/user/me::f5f418eb-6a21-4a68-b1d5-76de64304add::input-params ::GET::::{}
2024-06-20 09:45:08::info::/v1/api/user/readUserProfile/665edd23fa87b27398b73d10::33fba80c-5f00-47ac-b840-a8e9cadf8a82::input-params ::GET::::{}
2024-06-20 09:45:10::info::/v1/api/user/me::a5e4ea8c-960e-4ac0-890b-39e385920c9d::input-params ::GET::::{}
2024-06-20 09:45:10::info::/v1/api/user/readUserProfile/665edd23fa87b27398b73d10::8f0caa56-7152-4d72-8520-015dc21995a4::input-params ::GET::::{}
2024-06-20 09:45:24::info::/v1/api/user/me::ba93c7f4-5d62-492f-827e-cfccb7d0d9ac::input-params ::GET::::{}
2024-06-20 09:45:25::info::/v1/api/user/me::d7254403-bc6a-4eb1-b1ce-ae091662d260::input-params ::GET::::{}
2024-06-20 09:46:05::info::/v1/api/user/me::f6e83468-326b-4295-a5fc-efe3e2ec7589::input-params ::GET::::{}
2024-06-20 09:46:05::info::/v1/api/user/me::5793cbdc-6c79-49cd-a9c8-279547b3f009::input-params ::GET::::{}
2024-06-20 09:46:05::info::/v1/api/user/readUserProfile/665edd23fa87b27398b73d10::e3753897-0d27-473f-bcf4-0b511f49d46d::input-params ::GET::::{}
2024-06-20 09:46:10::info::/v1/api/user/readUserProfile/665edd23fa87b27398b73d10::a793d4f7-eabe-4c40-b744-9702b318b22a::input-params ::GET::::{}
2024-06-20 09:46:10::info::/v1/api/user/me::9720d89b-30df-4d1d-9bf9-b0b79f63db06::input-params ::GET::::{}
2024-06-20 09:46:33::info::/v1/api/user/me::59ff3840-6446-4d21-a148-a793ae58ab4a::input-params ::GET::::{}
2024-06-20 09:46:33::info::/v1/api/user/readUserProfile/665edd23fa87b27398b73d10::9dc1979f-18ca-449a-af94-9741cb782ad6::input-params ::GET::::{}
2024-06-20 09:46:34::info::/v1/api/user/me::291cea60-4a5c-4fee-b88b-b8196293cf20::input-params ::GET::::{}
2024-06-20 09:46:34::info::/v1/api/user/readUserProfile/665edd23fa87b27398b73d10::f36f0752-e459-4bc7-9020-5e5d8f0cae30::input-params ::GET::::{}
2024-06-20 09:46:43::info::/v1/api/user/readUserProfile/665edd23fa87b27398b73d10::9e8f982d-85d1-4ae6-bea6-afd9eba202ae::input-params ::GET::::{}
2024-06-20 09:46:43::info::/v1/api/user/me::4f01b622-3c22-46c7-8633-cf63e9e825d0::input-params ::GET::::{}
2024-06-20 09:46:48::info::/v1/api/user/readUserProfile/665edd23fa87b27398b73d10::c5ff748d-390d-4cec-bfbe-1996d399a5ef::input-params ::GET::::{}
2024-06-20 09:46:48::info::/v1/api/user/me::80757342-6afa-4030-9d17-153fd3aec667::input-params ::GET::::{}
2024-06-20 09:46:58::info::/v1/api/user/me::f2bf60f6-9aa7-4011-bbd6-ecb4dfdca020::input-params ::GET::::{}
2024-06-20 09:46:58::info::/v1/api/user/readUserProfile/665edd23fa87b27398b73d10::4a47af5a-b740-4f2b-9336-febb998b2f71::input-params ::GET::::{}
2024-06-20 09:47:33::info::/v1/api/user/me::f80eac7b-1e89-41db-a0a4-db7f06bd8566::input-params ::GET::::{}
2024-06-20 09:47:33::info::/v1/api/user/readUserProfile/665edd23fa87b27398b73d10::db7c82bf-8047-42d3-850d-e0bdc99b0dff::input-params ::GET::::{}
2024-06-20 09:51:03::info::/v1/api/user/me::7ed4cba2-0435-457e-989c-dff9529d406f::input-params ::GET::::{}
2024-06-20 09:51:03::info::/v1/api/user/readUserProfile/665edd23fa87b27398b73d10::0e29ec35-4fec-44bd-8f5e-3b435badae28::input-params ::GET::::{}
2024-06-20 09:51:30::info::/v1/api/user/me::5e3bea35-cee3-4580-873a-9537a0f069ba::input-params ::GET::::{}
2024-06-20 09:51:30::info::/v1/api/user/readUserProfile/665edd23fa87b27398b73d10::efbb7255-897e-4c78-88fc-12f71e62f4e1::input-params ::GET::::{}
2024-06-20 09:52:23::info::/v1/api/user/me::4af7b035-5e6c-4b4e-8a58-5d91835dd038::input-params ::GET::::{}
2024-06-20 09:52:23::info::/v1/api/user/readUserProfile/665edd23fa87b27398b73d10::5f7c07d0-b192-4952-8ba7-61916ed6739a::input-params ::GET::::{}
2024-06-20 09:52:42::info::/v1/api/user/me::ae4b5096-e1d2-4148-8b60-63d25d27321b::input-params ::GET::::{}
2024-06-20 09:52:43::info::/v1/api/user/me::56fd65a9-e47d-4065-a62b-74bcc58f7c87::input-params ::GET::::{}
2024-06-20 09:52:43::info::/v1/api/user/readUserProfile/665edd23fa87b27398b73d10::889d5008-235b-4889-8194-bc273a844555::input-params ::GET::::{}
2024-06-20 09:52:57::info::/v1/api/user/me::15739766-c612-4b2a-8c51-1b8201f25cb9::input-params ::GET::::{}
2024-06-20 09:52:57::info::/v1/api/user/me::e8cdfa91-c879-483c-aa52-7bae2ec05f2b::input-params ::GET::::{}
2024-06-20 09:52:58::info::/v1/api/user/readUserProfile/665edd23fa87b27398b73d10::1bea283d-30af-4a84-a363-5a596abaa411::input-params ::GET::::{}
2024-06-20 09:53:08::info::/v1/api/user/me::65483e23-aac6-4f7c-a1de-5129a719387c::input-params ::GET::::{}
2024-06-20 09:53:23::info::/v1/api/user/me::3eff38c9-1679-43de-b595-981f98c601b4::input-params ::GET::::{}
2024-06-20 09:53:34::info::/v1/api/user/me::e3a3bcdf-0ad0-40bd-ad7d-51b041f25f1c::input-params ::GET::::{}
2024-06-20 09:54:42::info::/v1/api/user/me::08e16189-4c8e-440d-839a-c9bd3622e7ef::input-params ::GET::::{}
2024-06-20 09:54:51::info::/v1/api/user/me::e049244c-e2dc-4aa0-9d9a-5f123e528776::input-params ::GET::::{}
2024-06-20 09:54:53::info::/v1/api/user/me::a8226ef6-ed96-4bba-8a83-73b7246497e0::input-params ::GET::::{}
2024-06-20 09:54:53::info::/v1/api/user/readUserProfile/665edd23fa87b27398b73d10::234518a4-f6b3-43ae-b452-f7df9f28f612::input-params ::GET::::{}
2024-06-20 09:54:55::info::/v1/api/user/me::dc0f3739-10cc-4b1a-addd-ac0cd368b265::input-params ::GET::::{}
2024-06-20 09:54:55::info::/v1/api/user/readUserProfile/665edd23fa87b27398b73d10::92fd2270-73f5-4152-83df-18905dce4fc9::input-params ::GET::::{}
2024-06-20 09:55:32::info::/v1/api/user/me::d095d54e-657f-4ef6-8475-386607b1ec9a::input-params ::GET::::{}
2024-06-20 09:55:32::info::/v1/api/user/readUserProfile/665edd23fa87b27398b73d10::471dc9af-9576-40e9-be13-2021e6296d25::input-params ::GET::::{}
2024-06-20 09:55:42::info::/v1/api/user/me::87250dbb-b019-4826-b118-f15cce59e256::input-params ::GET::::{}
2024-06-20 09:55:42::info::/v1/api/user/readUserProfile/665edd23fa87b27398b73d10::686e7f8e-6a77-493f-9c9f-e9cb6ad443e2::input-params ::GET::::{}
2024-06-20 09:55:53::info::/v1/api/user/me::530eba0f-9a24-4bee-a2e2-9a8a6a58cf8c::input-params ::GET::::{}
2024-06-20 09:55:53::info::/v1/api/user/readUserProfile/665edd23fa87b27398b73d10::371d9de9-a6d2-4db8-89c8-9f0a9a8d68a1::input-params ::GET::::{}
2024-06-20 09:56:05::info::/v1/api/user/me::fb42d248-c963-46c6-a878-0ae7afec7c67::input-params ::GET::::{}
2024-06-20 09:56:05::info::/v1/api/user/readUserProfile/665edd23fa87b27398b73d10::a071b849-aa77-4b07-b2b9-32253ffa731d::input-params ::GET::::{}
2024-06-20 09:56:24::info::/v1/api/user/me::b314d5eb-ddfd-4d50-8cce-eec7c339f789::input-params ::GET::::{}
2024-06-20 09:56:24::info::/v1/api/user/readUserProfile/665edd23fa87b27398b73d10::43c0a261-545e-42f8-9440-709217f3efa6::input-params ::GET::::{}
2024-06-20 09:56:33::info::/v1/api/user/me::b0508294-d9ff-4437-9e34-c06c04013574::input-params ::GET::::{}
2024-06-20 09:56:33::info::/v1/api/user/readUserProfile/665edd23fa87b27398b73d10::2487e894-5a73-4000-bbe2-4dc6c3048094::input-params ::GET::::{}
2024-06-20 09:56:59::info::/v1/api/user/me::a5b95a8e-77bd-4345-af2f-910aac36e0f3::input-params ::GET::::{}
2024-06-20 09:56:59::info::/v1/api/user/readUserProfile/665edd23fa87b27398b73d10::462107ae-53f7-443f-bbcd-daac02f85e0e::input-params ::GET::::{}
2024-06-20 09:57:18::info::/v1/api/user/me::f31c5595-5b43-4a69-9af4-51c26c7d422d::input-params ::GET::::{}
2024-06-20 09:57:18::info::/v1/api/user/readUserProfile/665edd23fa87b27398b73d10::8dd61d4f-cb1c-4522-8dc9-f78f63ef0f6a::input-params ::GET::::{}
2024-06-20 09:57:25::info::/v1/api/user/me::ac15d081-178c-4bb4-9020-391a912161c0::input-params ::GET::::{}
2024-06-20 09:57:25::info::/v1/api/user/readUserProfile/665edd23fa87b27398b73d10::98fc540b-f97b-4ebc-805e-234e7c956e43::input-params ::GET::::{}
2024-06-20 09:58:13::info::/v1/api/user/me::199ac6d7-9c57-4d33-a207-1f884888d38f::input-params ::GET::::{}
2024-06-20 09:58:13::info::/v1/api/user/readUserProfile/665edd23fa87b27398b73d10::0652d0da-0ca1-4cbc-bd7c-6d92356f48b4::input-params ::GET::::{}
2024-06-20 09:59:05::info::/v1/api/user/me::4b2f775a-2080-46be-8293-11362d42e2de::input-params ::GET::::{}
2024-06-20 09:59:05::info::/v1/api/user/readUserProfile/665edd23fa87b27398b73d10::4637e26c-fc1f-49f1-860c-c6d543fadbf0::input-params ::GET::::{}
2024-06-20 10:01:44::info::/v1/api/user/me::bacd71f1-b03b-46ca-a50f-14e9dcd1efab::input-params ::GET::::{}
2024-06-20 10:01:45::info::/v1/api/user/readUserProfile/665edd23fa87b27398b73d10::c38f4b78-743a-4a75-a277-e1cd372b32cd::input-params ::GET::::{}
2024-06-20 10:01:48::info::/v1/api/user/me::9c5b2e14-24e6-4d6b-b73f-3c9b975b817c::input-params ::GET::::{}
2024-06-20 10:01:48::info::/v1/api/user/readUserProfile/665edd23fa87b27398b73d10::52e5d4be-40f9-42a7-b117-496b1b2ef455::input-params ::GET::::{}
2024-06-20 10:02:09::info::/v1/api/user/me::8a48d0c2-0be9-4b1c-a552-251ed1f2fd91::input-params ::GET::::{}
2024-06-20 10:02:09::info::/v1/api/user/readUserProfile/665edd23fa87b27398b73d10::fe973a71-3991-46c4-99ab-4410e4b04670::input-params ::GET::::{}
2024-06-20 10:02:19::info::/v1/api/user/me::9486967c-96a7-4fff-ae38-63383d1d99a6::input-params ::GET::::{}
2024-06-20 10:02:19::info::/v1/api/user/readUserProfile/665edd23fa87b27398b73d10::01bc085f-41a3-4102-89fc-21af38d962dd::input-params ::GET::::{}
2024-06-20 10:03:37::info::/v1/api/user/readUserProfile/665edd23fa87b27398b73d10::715db932-a337-450a-83f2-ee77015b322e::input-params ::GET::::{}
2024-06-20 10:03:38::info::/v1/api/user/me::c5822956-e38f-46da-8c6f-99d36caed349::input-params ::GET::::{}
2024-06-20 10:03:38::info::/v1/api/user/readUserProfile/665edd23fa87b27398b73d10::f68f15b9-7415-4ea2-9a06-670a57de10ac::input-params ::GET::::{}
2024-06-20 10:03:56::info::/v1/api/user/readUserProfile/665edd23fa87b27398b73d10::cbcae36a-0f2b-467a-87f6-e267ef4c1c80::input-params ::GET::::{}
2024-06-20 10:03:57::info::/v1/api/user/readUserProfile/665edd23fa87b27398b73d10::252e3d87-f578-4bd7-8ae7-319b9362f2db::input-params ::GET::::{}
2024-06-20 10:03:57::info::/v1/api/user/me::eb0e229e-4e77-45e6-afc3-795643e838c2::input-params ::GET::::{}
2024-06-20 10:04:03::info::/v1/api/user/me::8e74b685-ece5-4e13-abda-0efc2da2a165::input-params ::GET::::{}
2024-06-20 10:04:03::info::/v1/api/user/readUserProfile/665edd23fa87b27398b73d10::4797261e-7027-4f34-840e-b4f5da049d01::input-params ::GET::::{}
2024-06-20 10:04:27::info::/v1/api/user/me::c6496c42-bb2b-4125-977f-e0b117bcdb91::input-params ::GET::::{}
2024-06-20 10:05:25::info::/v1/api/user/readUserProfile/665edd23fa87b27398b73d10::e773e733-0050-494a-8927-c1fe52e8adcb::input-params ::GET::::{}
2024-06-20 10:05:25::info::/v1/api/user/me::7bd7dac6-dd28-4254-b2b0-f175f3b11097::input-params ::GET::::{}
2024-06-20 10:05:25::info::/v1/api/user/readUserProfile/665edd23fa87b27398b73d10::dd6a82c4-914e-4e14-89da-e096e727be14::input-params ::GET::::{}
2024-06-20 10:05:26::info::/v1/api/user/me::19b2cb99-dd66-4585-9b94-f182fdaeb126::input-params ::GET::::{}
2024-06-20 10:05:26::info::/v1/api/user/readUserProfile/665edd23fa87b27398b73d10::17dc280a-512b-4596-9e03-65d0829eba6d::input-params ::GET::::{}
2024-06-20 10:05:42::info::/v1/api/user/me::dd7bd375-ad3e-4e4a-973a-f2332ffe3abe::input-params ::GET::::{}
2024-06-20 10:05:42::info::/v1/api/user/readUserProfile/665edd23fa87b27398b73d10::fe8a0cab-fc9b-4ed6-88b2-66cf43f4498a::input-params ::GET::::{}
2024-06-20 10:05:49::info::/v1/api/user/me::78c37555-d9a0-440a-b1cb-3219c5140f7a::input-params ::GET::::{}
2024-06-20 10:05:49::info::/v1/api/user/readUserProfile/665edd23fa87b27398b73d10::53b6f14d-8413-4860-a599-32098beae387::input-params ::GET::::{}
2024-06-20 10:06:42::info::/v1/api/user/readUserProfile/665edd23fa87b27398b73d10::682ea07d-e6ad-4848-945d-7103bb12bf4d::input-params ::GET::::{}
2024-06-20 10:07:38::info::/v1/api/user/me::59bdb156-bfbe-437a-add9-41425984966e::input-params ::GET::::{}
2024-06-20 10:07:38::info::/v1/api/user/readUserProfile/665edd23fa87b27398b73d10::8b258533-f291-439f-bbf3-aabfef00f074::input-params ::GET::::{}
2024-06-20 10:07:43::info::/v1/api/user/me::cf16d250-67cf-419c-8514-9c01c61be399::input-params ::GET::::{}
2024-06-20 10:07:43::info::/v1/api/user/readUserProfile/665edd23fa87b27398b73d10::06c76db1-dd95-49c0-ba59-dd4a066947e1::input-params ::GET::::{}
2024-06-20 10:07:58::info::/v1/api/user/me::39faec8b-e37d-4b13-96f4-860bc0aa438b::input-params ::GET::::{}
2024-06-20 10:07:58::info::/v1/api/user/readUserProfile/665edd23fa87b27398b73d10::f53769e7-1eae-4e20-a1ee-2e4e6284ef07::input-params ::GET::::{}
2024-06-20 10:08:19::info::/v1/api/user/me::a390db2a-4eb1-4294-ade5-41f0cde19d54::input-params ::GET::::{}
2024-06-20 10:08:19::info::/v1/api/user/readUserProfile/665edd23fa87b27398b73d10::2bd6241e-89b6-475a-b47a-e56125989784::input-params ::GET::::{}
2024-06-20 10:08:21::info::/v1/api/user/me::a5109875-902a-42e5-84b0-286d689e0b1e::input-params ::GET::::{}
2024-06-20 10:08:21::info::/v1/api/user/readUserProfile/665edd23fa87b27398b73d10::df084952-5e45-4d93-b8f3-aba5174e57ee::input-params ::GET::::{}
2024-06-20 10:08:31::info::/v1/api/user/me::02f11893-5e27-4d6c-b24c-a729b4824a0a::input-params ::GET::::{}
2024-06-20 10:08:31::info::/v1/api/user/readUserProfile/665edd23fa87b27398b73d10::93543906-645b-4dd9-aa5d-0f7258e82430::input-params ::GET::::{}
2024-06-20 10:08:37::info::/v1/api/user/me::6ce3bd92-ebb1-4425-b2e2-895fa3c4efa0::input-params ::GET::::{}
2024-06-20 10:08:37::info::/v1/api/user/readUserProfile/665edd23fa87b27398b73d10::0fbb0aba-a4e8-472c-b58e-bf44fd971d52::input-params ::GET::::{}
2024-06-20 10:09:03::info::/v1/api/user/me::b51a87a2-df7a-47db-bccd-6e4102a0efb0::input-params ::GET::::{}
2024-06-20 10:09:03::info::/v1/api/user/readUserProfile/665edd23fa87b27398b73d10::3888bdc9-1afe-4724-a3d5-fa3c7b714e75::input-params ::GET::::{}
2024-06-20 10:09:33::info::/v1/api/user/me::42ce570e-84db-4dce-a237-dee25e43acf1::input-params ::GET::::{}
2024-06-20 10:09:33::info::/v1/api/user/readUserProfile/665edd23fa87b27398b73d10::999a721c-c540-4015-9c53-93fb2c436fc7::input-params ::GET::::{}
2024-06-20 10:09:43::info::/v1/api/user/me::290491f2-1bf2-424d-a76b-ae092b65283c::input-params ::GET::::{}
2024-06-20 10:09:43::info::/v1/api/user/readUserProfile/665edd23fa87b27398b73d10::c2b6c0c8-b763-40b4-8eab-e3096a87aee0::input-params ::GET::::{}
2024-06-20 10:09:49::info::/v1/api/user/me::cba03ccd-ae79-4915-b4ac-a236ad5307fa::input-params ::GET::::{}
2024-06-20 10:09:49::info::/v1/api/user/readUserProfile/665edd23fa87b27398b73d10::1eeb3e40-1ff0-4135-b19c-6d24bcf136cc::input-params ::GET::::{}
2024-06-20 10:09:57::info::/v1/api/user/me::42de7e6f-d106-4efa-b24d-36d94bf4fcb4::input-params ::GET::::{}
2024-06-20 10:09:57::info::/v1/api/user/readUserProfile/665edd23fa87b27398b73d10::454c69ff-df5c-4aaf-a08a-7dc0270d5f71::input-params ::GET::::{}
2024-06-20 10:10:03::info::/v1/api/user/me::d5ae5c40-bf48-4221-a9de-1992635783eb::input-params ::GET::::{}
2024-06-20 10:10:03::info::/v1/api/user/readUserProfile/665edd23fa87b27398b73d10::46794702-1b1d-48bf-b71a-cfbcde37511c::input-params ::GET::::{}
2024-06-20 10:10:04::info::/v1/api/user/me::84ed4902-8e36-4d1f-acc2-fa658fdcbf06::input-params ::GET::::{}
2024-06-20 10:10:05::info::/v1/api/user/readUserProfile/665edd23fa87b27398b73d10::731ccd03-d619-4589-bf80-38c9dd6717a1::input-params ::GET::::{}
2024-06-20 10:10:06::info::/v1/api/user/me::f06963cd-4368-4dce-a7a5-6fa7f56a92aa::input-params ::GET::::{}
2024-06-20 10:10:06::info::/v1/api/user/readUserProfile/665edd23fa87b27398b73d10::a2c7e74f-3167-427a-b110-462ea9f218da::input-params ::GET::::{}
2024-06-20 10:10:09::info::/v1/api/user/me::bec78acc-c62c-4921-ae07-4c77fc7a9c7e::input-params ::GET::::{}
2024-06-20 10:10:09::info::/v1/api/user/readUserProfile/665edd23fa87b27398b73d10::b261837d-fd7b-4fdf-afd8-2b7dce8b4c97::input-params ::GET::::{}
2024-06-20 10:10:18::info::/v1/api/user/me::06693915-3c8e-4689-9368-53ae1ca713e3::input-params ::GET::::{}
2024-06-20 10:10:18::info::/v1/api/user/readUserProfile/665edd23fa87b27398b73d10::627520a4-3d36-4b38-885b-c240c7d46c88::input-params ::GET::::{}
2024-06-20 10:11:07::info::/v1/api/user/me::2153ac15-832c-4e61-8800-03c7dfed8ff0::input-params ::GET::::{}
2024-06-20 10:11:07::info::/v1/api/user/readUserProfile/665edd23fa87b27398b73d10::edc65887-030a-4436-8d6d-aecac4c4152e::input-params ::GET::::{}
2024-06-20 10:11:33::info::/v1/api/user/me::382dfb57-48d3-4d7a-825d-413a226e82ee::input-params ::GET::::{}
2024-06-20 10:11:33::info::/v1/api/user/readUserProfile/665edd23fa87b27398b73d10::591a0b76-82cc-4a5d-a4f8-cb682e653e63::input-params ::GET::::{}
2024-06-20 10:11:48::info::/v1/api/user/me::ef5c3aa4-0ade-44f6-83ff-e4fa7691783f::input-params ::GET::::{}
2024-06-20 10:11:48::info::/v1/api/user/readUserProfile/665edd23fa87b27398b73d10::c22a656f-3456-4658-9d99-8eecff668ae7::input-params ::GET::::{}
2024-06-20 10:12:06::info::/v1/api/user/me::b65f1337-2129-44a3-b236-e9c590601954::input-params ::GET::::{}
2024-06-20 10:12:06::info::/v1/api/user/readUserProfile/665edd23fa87b27398b73d10::5c958ff4-4fda-43eb-8e91-46e87ed9dc6a::input-params ::GET::::{}
2024-06-20 10:12:31::info::/v1/api/user/me::0f7c1f09-715a-4abe-b515-f213e283477b::input-params ::GET::::{}
2024-06-20 10:12:31::info::/v1/api/user/readUserProfile/665edd23fa87b27398b73d10::72b4a2c0-6bfc-405c-be6b-87605c152f4c::input-params ::GET::::{}
2024-06-20 10:13:13::info::/v1/api/user/me::bff99fc4-1e79-44b4-8ced-9b7b030e4baa::input-params ::GET::::{}
2024-06-20 10:13:13::info::/v1/api/user/readUserProfile/665edd23fa87b27398b73d10::5b413772-0655-41a5-b101-d8aa840354ae::input-params ::GET::::{}
2024-06-20 10:13:37::info::/v1/api/user/me::93e619a6-9cf7-43e7-8bbf-4e4679cf971b::input-params ::GET::::{}
2024-06-20 10:13:37::info::/v1/api/user/readUserProfile/665edd23fa87b27398b73d10::b57cff00-a976-4771-848d-53ac97d6aafa::input-params ::GET::::{}
2024-06-20 10:13:46::info::/v1/api/user/me::1218ab2d-0c45-4703-8c5c-0d6bcfa0166f::input-params ::GET::::{}
2024-06-20 10:13:48::info::/v1/api/user/me::e5ce785a-b9b4-443f-a3e1-fedf9bb2f9fd::input-params ::GET::::{}
2024-06-20 10:13:48::info::/v1/api/user/readUserProfile/665edd23fa87b27398b73d10::3ff887e8-8eee-4e8b-a516-bc7dd976a144::input-params ::GET::::{}
2024-06-20 10:13:57::info::/v1/api/user/me::995031cd-9f15-4c4f-9c47-4e123900720a::input-params ::GET::::{}
2024-06-20 10:14:07::info::/v1/api/user/me::a5dda6bf-5fd9-46a2-b310-f35c053142e5::input-params ::GET::::{}
2024-06-20 10:14:11::info::/v1/api/user/me::2208d1cb-76f1-4453-866b-d7d91fc04cac::input-params ::GET::::{}
2024-06-20 10:14:16::info::/v1/api/user/me::e3e2a849-9530-440a-945b-cef53ea3d95a::input-params ::GET::::{}
2024-06-20 10:14:43::info::/v1/api/user/me::55826a20-269f-45a5-8e2b-2a1267c4c0d3::input-params ::GET::::{}
2024-06-20 10:14:45::info::/v1/api/user/me::26d5b8fd-e1a4-40ce-951a-378ce3ba12e9::input-params ::GET::::{}
2024-06-20 10:14:45::info::/v1/api/user/readUserProfile/665edd23fa87b27398b73d10::8b71a25e-6cdc-4d29-af65-f6042dce8553::input-params ::GET::::{}
2024-06-20 10:15:02::info::/v1/api/user/me::a6aed6e3-1f28-4814-9f8f-a4b96cd626f8::input-params ::GET::::{}
2024-06-20 10:15:02::info::/v1/api/user/readUserProfile/665edd23fa87b27398b73d10::c0c9e213-5529-4604-81a4-4b4d519aca4b::input-params ::GET::::{}
2024-06-20 10:15:18::info::/v1/api/user/me::c32a4fa4-e31f-4065-8655-e0b788b9cbd1::input-params ::GET::::{}
2024-06-20 10:15:18::info::/v1/api/user/readUserProfile/665edd23fa87b27398b73d10::7680e8b2-cd6b-4f7f-9ca2-1bcac0b34331::input-params ::GET::::{}
2024-06-20 10:15:20::info::/v1/api/user/me::35e642d4-c0ca-40d8-bc4b-f779bf8d594c::input-params ::GET::::{}
2024-06-20 10:15:20::info::/v1/api/user/readUserProfile/665edd23fa87b27398b73d10::5f932bf4-c814-42b8-8b3b-851a86f22afb::input-params ::GET::::{}
2024-06-20 10:15:39::info::/v1/api/user/me::3492f251-2128-44d5-bcc2-592206287af1::input-params ::GET::::{}
2024-06-20 10:15:39::info::/v1/api/user/readUserProfile/665edd23fa87b27398b73d10::34fd8ff0-1799-4a25-81b1-103eacbcf3b1::input-params ::GET::::{}
2024-06-20 10:15:57::info::/v1/api/user/me::7b0f5c23-7112-429c-a75c-395978865311::input-params ::GET::::{}
2024-06-20 10:15:57::info::/v1/api/user/readUserProfile/665edd23fa87b27398b73d10::cb7a0702-d127-4087-9a9d-007b02afb6ed::input-params ::GET::::{}
2024-06-20 10:16:30::info::/v1/api/user/readUserProfile/665edd23fa87b27398b73d10::e9c54989-2607-497f-b5f8-0e7bacdc115b::input-params ::GET::::{}
2024-06-20 10:16:30::info::/v1/api/user/me::eae28a25-47e4-4b5c-a36e-81c5ec153fa7::input-params ::GET::::{}
2024-06-20 10:16:31::info::/v1/api/user/me::bb21ddd3-3111-4cf8-837e-ca0b92248e4a::input-params ::GET::::{}
2024-06-20 10:16:31::info::/v1/api/user/readUserProfile/665edd23fa87b27398b73d10::938eef2f-a88d-4bd4-a6ac-3454f84b9a1b::input-params ::GET::::{}
2024-06-20 10:16:49::info::/v1/api/user/me::837e4721-bb41-4d61-b8d3-2c601ee96d2f::input-params ::GET::::{}
2024-06-20 10:16:49::info::/v1/api/user/readUserProfile/665edd23fa87b27398b73d10::d7fcebd4-f4f3-49af-a731-b29c516a854b::input-params ::GET::::{}
2024-06-20 10:17:01::info::/v1/api/user/me::5cedc111-59a7-4c42-803f-d2f83020cb5a::input-params ::GET::::{}
2024-06-20 10:17:01::info::/v1/api/user/readUserProfile/665edd23fa87b27398b73d10::ecea93a0-6c3e-428e-b22b-380b3310bb96::input-params ::GET::::{}
2024-06-20 10:17:08::info::/v1/api/user/me::968b7a31-16a4-4529-b8d7-7274b6f6056c::input-params ::GET::::{}
2024-06-20 10:17:08::info::/v1/api/user/readUserProfile/665edd23fa87b27398b73d10::7859a932-4d6d-4574-b3ae-6bb546b9be2d::input-params ::GET::::{}
2024-06-20 10:19:45::info::/v1/api/user/me::64ff49d0-df17-4779-8074-4c0b44e8300b::input-params ::GET::::{}
2024-06-20 10:19:45::info::/v1/api/user/readUserProfile/665edd23fa87b27398b73d10::44c0d747-44ec-49ba-b840-519e380f17ca::input-params ::GET::::{}
2024-06-20 10:20:55::info::/v1/api/user/me::e8492609-12d3-45b0-a49d-e4c22efaa14b::input-params ::GET::::{}
2024-06-20 10:20:55::info::/v1/api/user/readUserProfile/665edd23fa87b27398b73d10::09fa3a89-33b7-4026-b774-0d7260fb31b2::input-params ::GET::::{}
2024-06-20 10:21:49::info::/v1/api/user/me::5f97a3cd-ee52-400e-b0a5-43c613189610::input-params ::GET::::{}
2024-06-20 10:21:49::info::/v1/api/user/readUserProfile/665edd23fa87b27398b73d10::35169479-b7ce-49ec-9e05-325ea172b1ae::input-params ::GET::::{}
2024-06-20 10:22:12::info::/v1/api/user/readUserProfile/665edd23fa87b27398b73d10::881da65d-b9c4-44f0-a58f-3517844f5a07::input-params ::GET::::{}
2024-06-20 10:22:13::info::/v1/api/user/me::2c476fdb-8031-4593-b0e8-7f7c166d74b8::input-params ::GET::::{}
2024-06-20 10:22:13::info::/v1/api/user/readUserProfile/665edd23fa87b27398b73d10::b8d8fe6c-a683-406f-b9df-8633ae593e08::input-params ::GET::::{}
2024-06-20 10:22:20::info::/v1/api/user/readUserProfile/665edd23fa87b27398b73d10::a5f35a81-b7c7-4ff1-8812-101b117d7f51::input-params ::GET::::{}
2024-06-20 10:22:21::info::/v1/api/user/readUserProfile/665edd23fa87b27398b73d10::47dacdd8-c45d-44af-91b2-85bfc9863725::input-params ::GET::::{}
2024-06-20 10:22:21::info::/v1/api/user/me::511a5715-552d-46a7-a128-7c8b61ab06b7::input-params ::GET::::{}
2024-06-20 10:22:25::info::/v1/api/user/me::27297c34-b3cb-438a-a2b4-61c18162b45e::input-params ::GET::::{}
2024-06-20 10:22:31::info::/v1/api/user/readUserProfile/665edd23fa87b27398b73d10::7eb3d87e-7b53-4edf-b93f-0a3e9eccea71::input-params ::GET::::{}
2024-06-20 10:22:33::info::/v1/api/user/me::923c48eb-9a61-4a08-84fb-224fd5c80d38::input-params ::GET::::{}
2024-06-20 10:22:33::info::/v1/api/user/readUserProfile/665edd23fa87b27398b73d10::e4de2ddd-f2c2-49d8-8a9e-06a4b240d36d::input-params ::GET::::{}
2024-06-20 10:22:39::info::/v1/api/user/readUserProfile/665edd23fa87b27398b73d10::49f82c08-3362-4a5a-801f-b59cd53ad5ff::input-params ::GET::::{}
2024-06-20 10:22:52::info::/v1/api/user/me::09d0dddd-5aea-448a-948d-274e75455f70::input-params ::GET::::{}
2024-06-20 10:22:52::info::/v1/api/user/readUserProfile/665edd23fa87b27398b73d10::6949319d-c4f7-4a7b-a38f-5f9728c8caf3::input-params ::GET::::{}
2024-06-20 10:23:17::info::/v1/api/user/readUserProfile/665edd23fa87b27398b73d10::099bf8d1-61ce-41a1-9e85-b5dbb28574aa::input-params ::GET::::{}
2024-06-20 10:23:18::info::/v1/api/user/me::efbb8542-2152-4c44-ae98-d4f65408351d::input-params ::GET::::{}
2024-06-20 10:23:18::info::/v1/api/user/readUserProfile/665edd23fa87b27398b73d10::4708e1e7-ccac-4143-a405-1b579a6d2c62::input-params ::GET::::{}
2024-06-20 10:23:46::info::/v1/api/user/readUserProfile/665edd23fa87b27398b73d10::52aa574d-d198-43d7-a383-0811afb6cff9::input-params ::GET::::{}
2024-06-20 10:23:55::info::/v1/api/user/me::f3999cca-1675-4ac2-9b36-ab9d79246bb7::input-params ::GET::::{}
2024-06-20 10:23:55::info::/v1/api/user/readUserProfile/665edd23fa87b27398b73d10::f038234b-7ce6-4f6f-aa0b-fedfc4fab5f3::input-params ::GET::::{}
2024-06-20 10:23:58::info::/v1/api/user/me::fe881acf-15fd-424b-baaa-09e655993ae6::input-params ::GET::::{}
2024-06-20 10:24:53::info::/v1/api/user/readUserProfile/665edd23fa87b27398b73d10::733e2370-53b6-4588-9eab-b0ee1ea9a697::input-params ::GET::::{}
2024-06-20 10:24:54::info::/v1/api/user/me::304f95ea-c16a-46a3-a410-705a66927f8b::input-params ::GET::::{}
2024-06-20 10:24:54::info::/v1/api/user/readUserProfile/665edd23fa87b27398b73d10::65e6ca69-bf6e-4a13-90a7-a8613db1031b::input-params ::GET::::{}
2024-06-20 10:24:55::info::/v1/api/user/me::17d2786a-51e4-4d68-8768-40846aa04ad4::input-params ::GET::::{}
2024-06-20 10:24:55::info::/v1/api/user/readUserProfile/665edd23fa87b27398b73d10::49ca9d1f-080b-4337-b81b-78c492e516ab::input-params ::GET::::{}
2024-06-20 10:26:20::info::/v1/api/user/me::fb7ca586-042b-46da-9764-127092d82f9b::input-params ::GET::::{}
2024-06-20 10:26:20::info::/v1/api/user/me::f81aabc2-6ace-4abf-8457-3b1d2fcdd69c::input-params ::GET::::{}
2024-06-20 10:26:21::info::/v1/api/user/readUserProfile/665edd23fa87b27398b73d10::f6e5971f-2b5e-4967-ba7f-1d4fdcc9f3ea::input-params ::GET::::{}
2024-06-20 10:28:00::info::/v1/api/user/me::48f8c16a-bdec-4493-928a-16e15a6e265d::input-params ::GET::::{}
2024-06-20 10:28:00::info::/v1/api/user/readUserProfile/665edd23fa87b27398b73d10::a036fe59-c131-40fc-ab0a-07b0e22833d9::input-params ::GET::::{}
2024-06-20 10:28:13::info::/v1/api/user/me::b86feb00-6e7f-44b2-9591-6bff52342d21::input-params ::GET::::{}
2024-06-20 10:28:13::info::/v1/api/user/readUserProfile/665edd23fa87b27398b73d10::d69997c4-8405-4db4-b35e-f8a0c6e339c3::input-params ::GET::::{}
2024-06-20 10:28:17::info::/v1/api/user/me::c1b63bf2-361f-4976-a605-11120f5f0d62::input-params ::GET::::{}
2024-06-20 10:28:17::info::/v1/api/user/readUserProfile/665edd23fa87b27398b73d10::1f703b23-6ac6-461e-a56b-658247f044e2::input-params ::GET::::{}
2024-06-20 10:29:22::info::/v1/api/user/me::7a9d66b9-9a66-45b8-b161-71be55745243::input-params ::GET::::{}
2024-06-20 10:29:22::info::/v1/api/user/readUserProfile/665edd23fa87b27398b73d10::d3d0b87b-deea-46bb-a548-45f478a6009b::input-params ::GET::::{}
2024-06-20 10:29:26::info::/v1/api/user/me::32c3707b-a0cd-44ca-867e-d1c9bf742ae3::input-params ::GET::::{}
2024-06-20 10:29:26::info::/v1/api/user/readUserProfile/665edd23fa87b27398b73d10::9602dcf0-1d71-472e-8c15-61286a4dd4a0::input-params ::GET::::{}
2024-06-20 10:29:26::info::/v1/api/user/me::322b8193-6d07-4186-bb46-d13d100295f7::input-params ::GET::::{}
2024-06-20 10:29:26::info::/v1/api/user/readUserProfile/665edd23fa87b27398b73d10::961bef3e-7a08-499e-9417-1bf00bbd3b48::input-params ::GET::::{}
2024-06-20 10:29:32::info::/v1/api/user/me::b8328985-a78a-4a46-a4fa-76756ae53447::input-params ::GET::::{}
2024-06-20 10:29:32::info::/v1/api/user/readUserProfile/665edd23fa87b27398b73d10::ad1d2a81-851f-45d1-bb35-021bc0721d69::input-params ::GET::::{}
2024-06-20 10:29:33::info::/v1/api/user/me::75234970-c286-4631-a35c-37927cc53308::input-params ::GET::::{}
2024-06-20 10:29:33::info::/v1/api/user/readUserProfile/665edd23fa87b27398b73d10::b74e858f-6906-41a8-9ddb-98a9af58ea65::input-params ::GET::::{}
2024-06-20 10:29:36::info::/v1/api/user/me::913a7b62-5e66-4eb0-933d-4978a9a50c01::input-params ::GET::::{}
2024-06-20 10:29:36::info::/v1/api/user/readUserProfile/665edd23fa87b27398b73d10::3f19c3a4-b399-41d2-8105-231b348b01fb::input-params ::GET::::{}
2024-06-20 10:30:02::info::/v1/api/user/me::da90e184-44f5-406b-b545-c6a020ac02cd::input-params ::GET::::{}
2024-06-20 10:30:03::info::/v1/api/user/me::a84bc4c5-c103-45c9-b877-a713adb8c53f::input-params ::GET::::{}
2024-06-20 10:30:03::info::/v1/api/user/readUserProfile/665edd23fa87b27398b73d10::ccee6efd-b61c-4eb5-934d-af7529bdb189::input-params ::GET::::{}
2024-06-20 10:30:45::info::/v1/api/user/me::ded88496-9b8c-4ef6-9245-1241d4f80b51::input-params ::GET::::{}
2024-06-20 10:30:46::info::/v1/api/user/me::4df646e7-9523-4efa-8e5e-a341c9c605bc::input-params ::GET::::{}
2024-06-20 10:30:46::info::/v1/api/user/readUserProfile/665edd23fa87b27398b73d10::e0a91ad2-a4ee-4e14-9052-b1a49a1edd35::input-params ::GET::::{}
2024-06-20 10:30:57::info::/v1/api/user/me::778873fc-1037-44f5-9775-cef3135490d6::input-params ::GET::::{}
2024-06-20 10:30:57::info::/v1/api/user/readUserProfile/665edd23fa87b27398b73d10::b2f750ce-42b2-47c3-a638-a55d0ce4eb1e::input-params ::GET::::{}
2024-06-20 10:30:58::info::/v1/api/user/me::7f417121-a31a-4d2a-a662-fdbb2047574c::input-params ::GET::::{}
2024-06-20 10:30:58::info::/v1/api/user/readUserProfile/665edd23fa87b27398b73d10::122e375b-dc6c-409e-8e2f-103784d3e061::input-params ::GET::::{}
2024-06-20 10:31:24::info::/v1/api/user/me::a5ac2cdf-c95c-4b6d-8298-097e5c43f179::input-params ::GET::::{}
2024-06-20 10:31:24::info::/v1/api/user/readUserProfile/665edd23fa87b27398b73d10::ec3b6d1f-a929-4954-9e5f-1a0f7c6af7b1::input-params ::GET::::{}
2024-06-20 10:33:02::info::/v1/api/user/me::99ac0eb9-cf7e-405a-83da-5f19595d5469::input-params ::GET::::{}
2024-06-20 10:33:02::info::/v1/api/user/readUserProfile/665edd23fa87b27398b73d10::f07e7d39-40f7-449f-8410-2198fff7f44d::input-params ::GET::::{}
2024-06-20 10:33:23::info::/v1/api/user/me::cf024374-0e55-4056-9f0b-d7b4c720c00c::input-params ::GET::::{}
2024-06-20 10:33:23::info::/v1/api/user/readUserProfile/665edd23fa87b27398b73d10::36710a2a-ac93-4a46-b3e8-a04bfd5b6435::input-params ::GET::::{}
2024-06-20 10:34:00::info::/v1/api/user/me::b4c82ea1-315f-4269-93cd-067fa81c0c75::input-params ::GET::::{}
2024-06-20 10:34:00::info::/v1/api/user/readUserProfile/665edd23fa87b27398b73d10::64554e33-87dc-4e18-9dc9-5d1f4ae9a56b::input-params ::GET::::{}
2024-06-20 10:34:05::info::/v1/api/user/readUserProfile/665edd23fa87b27398b73d10::035602b9-3907-4752-b1d0-a6cf78bc3491::input-params ::GET::::{}
2024-06-20 10:34:05::info::/v1/api/user/me::69935e06-2fb6-4e23-84bb-9b36d8719e43::input-params ::GET::::{}
2024-06-20 10:35:10::info::/v1/api/user/me::6327f83d-ccbc-4cd7-8870-37132a69a44b::input-params ::GET::::{}
2024-06-20 10:35:11::info::/v1/api/user/readUserProfile/665edd23fa87b27398b73d10::a55213c7-d456-494b-a21b-b9d6bb6e45a3::input-params ::GET::::{}
2024-06-20 10:35:11::info::/v1/api/user/me::be870dc9-eab8-4f0b-ba28-f65c284e2bf9::input-params ::GET::::{}
2024-06-20 10:35:11::info::/v1/api/user/readUserProfile/665edd23fa87b27398b73d10::85b5a229-6f1d-4d44-89e1-366f957c49c6::input-params ::GET::::{}
2024-06-20 10:35:28::info::/v1/api/user/me::d47f958a-5fb5-4cf8-a1cb-360371957efc::input-params ::GET::::{}
2024-06-20 10:35:28::info::/v1/api/user/readUserProfile/665edd23fa87b27398b73d10::9ace83c2-f750-491c-8b34-b3e1179ac22e::input-params ::GET::::{}
2024-06-20 10:40:55::info::/v1/api/user/me::97137376-0116-437a-9b2a-8f51bd3e2a01::input-params ::GET::::{}
2024-06-20 10:42:10::info::/v1/api/user/me::b23763da-d240-40eb-aaa8-91ac7afd1cfe::input-params ::GET::::{}
2024-06-20 10:42:21::info::/v1/api/user/readUserProfile/665edd23fa87b27398b73d10::a32eaa16-c3c5-4ee8-85ae-f72380c4ceb5::input-params ::GET::::{}
2024-06-20 10:42:56::info::/v1/api/user/me::cb4f0d46-0e68-415c-90c2-22ec0607d990::input-params ::GET::::{}
2024-06-20 10:42:56::info::/v1/api/user/readUserProfile/665edd23fa87b27398b73d10::917d27f0-cca9-499a-9a2c-aab787939a4f::input-params ::GET::::{}
2024-06-20 10:46:42::info::/v1/api/user/me::5e82907c-673e-40df-857b-807b7c0ee809::input-params ::GET::::{}
2024-06-20 10:46:42::info::/v1/api/user/readUserProfile/665edd23fa87b27398b73d10::592bd6ad-86cb-407c-8d62-83062c93d190::input-params ::GET::::{}
2024-06-20 10:46:48::info::/v1/api/user/me::196b23a4-cc3d-4671-b545-da1ccf04ef44::input-params ::GET::::{}
2024-06-20 10:46:48::info::/v1/api/user/readUserProfile/665edd23fa87b27398b73d10::e99ab34b-d484-432c-b239-2b58094f78c5::input-params ::GET::::{}
2024-06-20 10:47:01::info::/v1/api/user/me::15979e92-fd75-450e-9655-f2433c59310b::input-params ::GET::::{}
2024-06-20 10:47:01::info::/v1/api/user/readUserProfile/665edd23fa87b27398b73d10::ecf75dc2-83e0-4e0a-aac9-bbc5113ac351::input-params ::GET::::{}
2024-06-20 10:47:11::info::/v1/api/user/me::de45361a-9a2d-4468-a477-2adbf8d9f2cf::input-params ::GET::::{}
2024-06-20 10:47:11::info::/v1/api/user/readUserProfile/665edd23fa87b27398b73d10::a36c13b3-5049-4303-b5ef-6c0ba46c0cff::input-params ::GET::::{}
2024-06-20 10:47:19::info::/v1/api/user/me::3a365a53-8bae-4162-ba45-5b7b351e26e4::input-params ::GET::::{}
2024-06-20 10:47:19::info::/v1/api/user/readUserProfile/665edd23fa87b27398b73d10::900f57ac-bcf1-4e4b-b235-1b7f714c8242::input-params ::GET::::{}
2024-06-20 10:49:55::info::/v1/api/user/readUserProfile/665edd23fa87b27398b73d10::d9fe23a3-e7c2-42a2-9188-2baeeb25e978::input-params ::GET::::{}
2024-06-20 10:49:55::info::/v1/api/user/me::314b8bca-b60b-47fc-9283-0997eaa0ffcd::input-params ::GET::::{}
2024-06-20 10:50:18::info::/v1/api/user/me::1a70bc27-0f54-4c89-80db-19af47ebc546::input-params ::GET::::{}
2024-06-20 10:50:18::info::/v1/api/user/readUserProfile/665edd23fa87b27398b73d10::2b83b5e8-e8ad-48fd-b14d-626944db3a60::input-params ::GET::::{}
2024-06-20 10:50:27::info::/v1/api/user/me::0132766a-9b3b-4b50-88cd-c545e9c3d313::input-params ::GET::::{}
2024-06-20 10:50:27::info::/v1/api/user/readUserProfile/665edd23fa87b27398b73d10::f263cb3a-acf0-49e1-8cb8-794931753262::input-params ::GET::::{}
2024-06-20 10:50:35::info::/v1/api/createServiceCategory::bb6e532a-249d-4593-bf4b-87457939f052::input-params ::POST::::{"talentId":"665edd23fa87b27398b73d10"}
2024-06-20 10:50:35::error::/v1/api/createServiceCategory::bb6e532a-249d-4593-bf4b-87457939f052::404 - NaNms - Response: {"status":404}::{"message":"Not Found"}
2024-06-20 10:51:31::info::/v1/api/user/me::37a36565-c99f-463e-8b60-05da33da4380::input-params ::GET::::{}
2024-06-20 10:51:31::info::/v1/api/user/readUserProfile/665edd23fa87b27398b73d10::4589ac0f-812f-4483-98ef-3f1785d18775::input-params ::GET::::{}
2024-06-20 10:51:34::info::/v1/api/user/me::1bb79215-94de-424f-9668-907eb2b3b244::input-params ::GET::::{}
2024-06-20 10:51:34::info::/v1/api/user/readUserProfile/665edd23fa87b27398b73d10::5a3a4aff-16fc-4d48-b831-3e666c3bc6f1::input-params ::GET::::{}
2024-06-20 10:51:39::info::/v1/api/serviceCategory/createServiceCategory::b9e6d7e7-4893-4c2d-a496-c02f76060bb0::input-params ::POST::::{"talentId":"665edd23fa87b27398b73d10"}
2024-06-20 10:51:39::error::/v1/api/serviceCategory/createServiceCategory::b9e6d7e7-4893-4c2d-a496-c02f76060bb0::undefined - NaNms - Response: {}::{"message":"ServiceCategoryService.createServiceCategory is not a function"}
2024-06-20 10:52:10::info::/v1/api/user/me::958f55ef-6408-4573-ba27-410ea7dff5b5::input-params ::GET::::{}
2024-06-20 10:52:10::info::/v1/api/user/readUserProfile/665edd23fa87b27398b73d10::3f80fe2f-f13c-4085-9f57-fe3409a4d247::input-params ::GET::::{}
