2024-10-05 07:19:38::error::/v1/api/recommender/readPopularPosts::d7213db9-161a-4209-af71-4f770ebc1660::403 - 2ms - Response: {"status":403,"now":1728087578665}::{"message":"Failed to read popular posts"}
2024-10-05 07:22:33::error::/v1/api/auth/users/login::feb60123-aacb-4501-bbfd-a4a25ab86deb::undefined - NaNms - Response: {}::{"message":"Operation `Users.findOne()` buffering timed out after 10000ms"}
2024-10-05 07:54:58::error::/v1/api/user/me::687f5230-7408-44b9-a684-31b4a238f6f6::undefined - NaNms - Response: {}::{"message":"Operation `Users.findOne()` buffering timed out after 10000ms"}
2024-10-05 07:55:08::error::/v1/api/movement/readMovements::80738e96-0019-43c2-9825-b4737064b801::undefined - NaNms - Response: {}::{"message":"Operation `Movements.aggregate()` buffering timed out after 10000ms"}
2024-10-05 07:55:09::error::/v1/api/user/me::1f13df74-8680-4a2a-935d-8aede7418faa::undefined - NaNms - Response: {}::{"message":"Operation `Users.findOne()` buffering timed out after 10000ms"}
2024-10-05 07:55:19::error::/v1/api/movement/readMovements::e3318d94-103b-40b0-a186-364693eb6832::undefined - NaNms - Response: {}::{"message":"Operation `Movements.aggregate()` buffering timed out after 10000ms"}
2024-10-05 07:55:30::error::/v1/api/recommender/readPopularPosts::194c1731-2582-4c40-8969-ae607100ec3d::403 - 1ms - Response: {"status":403,"now":1728089730777}::{"message":"Failed to read popular posts"}
2024-10-05 07:55:30::error::/v1/api/news/readNewss::f9b5a4e2-4fda-413f-8af3-dabfd9e6cd8b::undefined - NaNms - Response: {}::{"message":"Operation `News.find()` buffering timed out after 10000ms"}
2024-10-05 07:55:40::error::/v1/api/recommender/readPopularPosts::64f214cd-540d-48de-ad58-bb4339774e4c::403 - 0ms - Response: {"status":403,"now":1728089740806}::{"message":"Failed to read popular posts"}
2024-10-05 07:55:50::error::/v1/api/user/me::c448b3e3-81fa-4602-8095-69ff1a828e76::undefined - NaNms - Response: {}::{"message":"Operation `Users.findOne()` buffering timed out after 10000ms"}
2024-10-05 07:56:00::error::/v1/api/movement/readMovements::a0f21fba-bfaf-4c3a-854d-93d68892752d::undefined - NaNms - Response: {}::{"message":"Operation `Movements.aggregate()` buffering timed out after 10000ms"}
2024-10-05 07:56:12::error::/v1/api/recommender/readPopularPosts::d619df7b-01ae-4306-97a5-4046a2b38c1e::403 - 0ms - Response: {"status":403,"now":1728089772596}::{"message":"Failed to read popular posts"}
2024-10-05 07:56:12::error::/v1/api/user/me::9b39adfb-e022-479b-a705-cfc81366d3ca::undefined - NaNms - Response: {}::{"message":"Operation `Users.findOne()` buffering timed out after 10000ms"}
2024-10-05 07:56:12::error::/v1/api/news/readNewss::e0ae2560-305e-45f2-9b5a-48b19bc59c5e::undefined - NaNms - Response: {}::{"message":"Operation `News.find()` buffering timed out after 10000ms"}
2024-10-05 07:56:22::error::/v1/api/recommender/readPopularPosts::e37e38d8-5bfd-46f5-a9b3-c740d880856a::403 - 0ms - Response: {"status":403,"now":1728089782616}::{"message":"Failed to read popular posts"}
2024-10-05 07:56:38::error::/v1/api/user/me::f835cc09-d7c6-4582-a30e-c578a19129ae::undefined - NaNms - Response: {}::{"message":"Operation `Users.findOne()` buffering timed out after 10000ms"}
2024-10-05 07:56:38::error::/v1/api/movement/readMovements::2eec6c86-da1e-440d-80d6-b59d9e98fce9::undefined - NaNms - Response: {}::{"message":"Operation `Movements.aggregate()` buffering timed out after 10000ms"}
2024-10-05 07:56:38::error::/v1/api/news/readNewss::c3fda2c2-9a83-4ec2-9ff8-bd41ef8dec91::undefined - NaNms - Response: {}::{"message":"Operation `News.find()` buffering timed out after 10000ms"}
2024-10-05 07:56:38::error::/v1/api/user/me::67fbaaf6-56aa-4795-8512-c21f9987c394::undefined - NaNms - Response: {}::{"message":"Operation `Users.findOne()` buffering timed out after 10000ms"}
2024-10-05 07:56:48::error::/v1/api/movement/readMovements::d44b73d9-a279-4e0e-8220-3d8f4c089382::undefined - NaNms - Response: {}::{"message":"Operation `Movements.aggregate()` buffering timed out after 10000ms"}
2024-10-05 07:56:50::error::/v1/api/user/me::4c06386b-5fd2-4e96-b423-d83ec6831bd2::undefined - NaNms - Response: {}::{"message":"Operation `Users.findOne()` buffering timed out after 10000ms"}
2024-10-05 07:56:58::error::/v1/api/news/readNewss::d71ed558-54b9-4c24-92a1-21bff067b83e::undefined - NaNms - Response: {}::{"message":"Operation `News.find()` buffering timed out after 10000ms"}
2024-10-05 07:56:58::error::/v1/api/recommender/readPopularPosts::d9e8783c-042e-4d20-a70d-a2bd1184ae0f::403 - 0ms - Response: {"status":403,"now":1728089818932}::{"message":"Failed to read popular posts"}
2024-10-05 07:57:08::error::/v1/api/recommender/readPopularPosts::e56812cf-26f8-45d0-88ed-b48dc94084d0::403 - 0ms - Response: {"status":403,"now":1728089828944}::{"message":"Failed to read popular posts"}
2024-10-05 07:57:14::error::/v1/api/news/readNewss::25f50e6e-06e7-4270-994d-e3aa5a4b1b10::undefined - NaNms - Response: {}::{"message":"Operation `News.find()` buffering timed out after 10000ms"}
2024-10-05 07:57:14::error::/v1/api/user/me::237f8302-32c2-4c71-8b59-674d5aed5b72::undefined - NaNms - Response: {}::{"message":"Operation `Users.findOne()` buffering timed out after 10000ms"}
2024-10-05 07:57:14::error::/v1/api/movement/readMovements::0ce8ac43-2ebb-465d-a8f5-858bdd5e3970::undefined - NaNms - Response: {}::{"message":"Operation `Movements.aggregate()` buffering timed out after 10000ms"}
2024-10-05 07:57:20::error::/v1/api/user/me::98d40059-e440-4e54-881d-f0ccbc597a04::undefined - NaNms - Response: {}::{"message":"Operation `Users.findOne()` buffering timed out after 10000ms"}
2024-10-05 07:57:30::error::/v1/api/movement/readMovements::acfd3eb8-cac4-4b1e-98b5-bd1bc3eb8294::undefined - NaNms - Response: {}::{"message":"Operation `Movements.aggregate()` buffering timed out after 10000ms"}
2024-10-05 07:57:39::error::/v1/api/user/me::829863cb-7c25-4094-8a49-de0ab8eb6e1d::undefined - NaNms - Response: {}::{"message":"Operation `Users.findOne()` buffering timed out after 10000ms"}
2024-10-05 07:57:50::error::/v1/api/user/me::922881f2-85ea-4571-893e-c9f7c3127949::undefined - NaNms - Response: {}::{"message":"Operation `Users.findOne()` buffering timed out after 10000ms"}
2024-10-05 07:57:50::error::/v1/api/movement/readMovements::4d0397b0-8dd6-4c99-9c6e-a78ab20f36e5::undefined - NaNms - Response: {}::{"message":"Operation `Movements.aggregate()` buffering timed out after 10000ms"}
2024-10-05 07:57:51::error::/v1/api/user/me::35182901-86d5-4999-ad77-ad6382bdab94::undefined - NaNms - Response: {}::{"message":"Operation `Users.findOne()` buffering timed out after 10000ms"}
2024-10-05 07:58:01::error::/v1/api/movement/readMovements::a09a6b56-75ee-4c34-bee4-fedb995a6535::undefined - NaNms - Response: {}::{"message":"Operation `Movements.aggregate()` buffering timed out after 10000ms"}
2024-10-05 07:58:04::error::/v1/api/user/me::890ec87f-2478-495d-bc3c-5fb163d987d0::undefined - NaNms - Response: {}::{"message":"Operation `Users.findOne()` buffering timed out after 10000ms"}
2024-10-05 07:58:05::error::/v1/api/user/me::98bd9385-8fd6-442f-8949-c40be8d8d8ea::undefined - NaNms - Response: {}::{"message":"Operation `Users.findOne()` buffering timed out after 10000ms"}
2024-10-05 07:58:15::error::/v1/api/movement/readMovements::54543e1a-d24f-4a0c-95cb-2d66fa47067a::undefined - NaNms - Response: {}::{"message":"Operation `Movements.aggregate()` buffering timed out after 10000ms"}
2024-10-05 07:58:20::error::/v1/api/user/me::006fa729-7add-4688-a2d8-fe93af9a37e4::undefined - NaNms - Response: {}::{"message":"Operation `Users.findOne()` buffering timed out after 10000ms"}
2024-10-05 07:58:20::error::/v1/api/user/me::ff9b53b0-931c-4ace-bdda-ad9f5f05f696::undefined - NaNms - Response: {}::{"message":"Operation `Users.findOne()` buffering timed out after 10000ms"}
2024-10-05 07:58:26::error::/v1/api/user/me::a989dcf0-9d17-4887-a8d6-d326642511e7::undefined - NaNms - Response: {}::{"message":"Operation `Users.findOne()` buffering timed out after 10000ms"}
2024-10-05 07:58:29::error::/v1/api/user/me::368c25f5-ca96-4cfb-af02-f4c32b56a748::undefined - NaNms - Response: {}::{"message":"Operation `Users.findOne()` buffering timed out after 10000ms"}
2024-10-05 10:34:47::error::/v1/api/conversation/readConversationWithOtherMember/66a5f1b254ac59de697b59f9::18028ba2-ae89-4fa4-800d-cae459e87938::undefined - NaNms - Response: {}::{"message":"Failed to read conversation"}
2024-10-05 10:35:03::error::/v1/api/conversation/readConversationWithOtherMember/66a5a57173370474cf4eacca::bbb45b3c-0ea8-4818-bb68-da56aae47f10::undefined - NaNms - Response: {}::{"message":"Failed to read conversation"}
2024-10-05 14:24:34::error::/v1/api/movement/readMovements::b499b7c8-0f1b-41a2-8dbb-6b4510f5edf2::undefined - NaNms - Response: {"reason":{"type":"ReplicaSetNoPrimary","servers":{},"stale":false,"compatible":true,"heartbeatFrequencyMS":10000,"localThresholdMS":15,"setName":"atlas-8si60b-shard-0","maxElectionId":"7fffffff000000000000001b","maxSetVersion":5,"commonWireVersion":0,"logicalSessionTimeoutMinutes":30}}::{"message":"getaddrinfo ENOTFOUND ac-ohhtiix-shard-00-01.oedyizh.mongodb.net"}
