2024-09-07 22:17:56::error::/v1/api/conversation/readConversationWithOtherMember/66a5dfddca70ea1c3ee0bace::22491961-5719-4045-98ba-be4978370623::undefined - NaNms - Response: {}::{"message":"Failed to read conversation"}
2024-09-07 22:18:36::error::/v1/api/conversation/readConversationWithOtherMember/66a5dfddca70ea1c3ee0bace::1a4cf9b3-b29e-4b62-a47f-7714d82be6c7::undefined - NaNms - Response: {}::{"message":"Failed to read conversation"}
2024-09-07 22:18:45::error::/v1/api/conversation/readConversationWithOtherMember/66a5dfddca70ea1c3ee0bace::c5743879-adbc-4cd7-9b16-65332c68b37f::undefined - NaNms - Response: {}::{"message":"Failed to read conversation"}
2024-09-07 22:20:10::error::/v1/api/conversation/readConversationWithOtherMember/66a5dfddca70ea1c3ee0bace::f948a342-c414-4a72-97c7-942e05862b3b::undefined - NaNms - Response: {}::{"message":"Failed to read conversation"}
2024-09-07 22:20:39::error::/v1/api/conversation/readConversationWithOtherMember/66a5dfddca70ea1c3ee0bace::0832cb2c-9d81-4911-a475-94a3d1c3744c::undefined - NaNms - Response: {}::{"message":"Failed to read conversation"}
2024-09-07 22:20:52::error::/v1/api/conversation/readConversationWithOtherMember/66a5dfddca70ea1c3ee0bace::0c1e217b-5377-4cbe-ae75-4d33fa7ab078::undefined - NaNms - Response: {}::{"message":"Failed to read conversation"}
2024-09-07 22:20:57::error::/v1/api/conversation/readConversationWithOtherMember/66a5dfddca70ea1c3ee0bace::e6c9d382-2479-4977-9700-eb6a84599dc3::undefined - NaNms - Response: {}::{"message":"Failed to read conversation"}
2024-09-07 22:21:02::error::/v1/api/conversation/readConversationWithOtherMember/66a5dfddca70ea1c3ee0bace::d7317e46-b55d-4069-8177-439112cb57bf::undefined - NaNms - Response: {}::{"message":"Failed to read conversation"}
2024-09-07 22:21:14::error::/v1/api/conversation/readConversationWithOtherMember/66a5dfddca70ea1c3ee0bace::813a9665-faef-407b-a23f-d225831b1a36::undefined - NaNms - Response: {}::{"message":"Failed to read conversation"}
2024-09-07 22:22:26::error::/v1/api/conversation/readConversationWithOtherMember/66a5dfddca70ea1c3ee0bace::61f54ab2-070a-468a-86fc-b3c7903ec3c7::undefined - NaNms - Response: {}::{"message":"Failed to read conversation"}
2024-09-07 22:23:22::error::/v1/api/conversation/readConversationWithOtherMember/66a5dfddca70ea1c3ee0bace::822ddcf7-e57a-4224-b8c4-cf3906e9a0ad::undefined - NaNms - Response: {}::{"message":"Failed to read conversation"}
2024-09-07 22:23:30::error::/v1/api/conversation/readConversationWithOtherMember/66a5dfddca70ea1c3ee0bace::b6a64dcc-12bc-4528-8566-3c28902c9572::undefined - NaNms - Response: {}::{"message":"Failed to read conversation"}
2024-09-07 22:23:36::error::/v1/api/conversation/readConversationWithOtherMember/66a5dfddca70ea1c3ee0bace::e57030d1-4f1c-44c9-86d0-064cd996f30b::undefined - NaNms - Response: {}::{"message":"Failed to read conversation"}
2024-09-07 22:23:48::error::/v1/api/conversation/readConversationWithOtherMember/66a5dfddca70ea1c3ee0bace::ab82d7b7-1403-41ad-8883-1f329a62a613::undefined - NaNms - Response: {}::{"message":"Failed to read conversation"}
2024-09-07 22:23:55::error::/v1/api/conversation/readConversationWithOtherMember/66a5dfddca70ea1c3ee0bace::4de89b7f-2382-4bbc-9a4e-cee288481674::undefined - NaNms - Response: {}::{"message":"Failed to read conversation"}
2024-09-07 22:24:16::error::/v1/api/conversation/readConversationWithOtherMember/66a5dfddca70ea1c3ee0bace::ce57c3c5-e0da-4e0b-acc6-a937c2898f4e::undefined - NaNms - Response: {}::{"message":"Failed to read conversation"}
2024-09-07 22:24:23::error::/v1/api/conversation/readConversationWithOtherMember/66a5dfddca70ea1c3ee0bace::91b566b7-edee-45ba-ba64-a852100db301::undefined - NaNms - Response: {}::{"message":"Failed to read conversation"}
2024-09-07 22:24:28::error::/v1/api/conversation/readConversationWithOtherMember/66a5dfddca70ea1c3ee0bace::2c03f443-ccbc-4c1a-9ac7-a2556a6d6eb3::undefined - NaNms - Response: {}::{"message":"Failed to read conversation"}
2024-09-07 22:24:41::error::/v1/api/conversation/readConversationWithOtherMember/66a5dfddca70ea1c3ee0bace::aaa276f9-271e-4554-9cea-2b9439608958::undefined - NaNms - Response: {}::{"message":"Failed to read conversation"}
2024-09-07 22:24:56::error::/v1/api/conversation/readConversationWithOtherMember/66a5dfddca70ea1c3ee0bace::ede0b4c9-2f99-43b1-b182-ca330750c8c8::undefined - NaNms - Response: {}::{"message":"Failed to read conversation"}
2024-09-07 22:25:02::error::/v1/api/conversation/readConversationWithOtherMember/66a5dfddca70ea1c3ee0bace::5089d67a-5adb-41bf-a0e0-67e7e31e1d24::undefined - NaNms - Response: {}::{"message":"Failed to read conversation"}
2024-09-07 22:25:14::error::/v1/api/conversation/readConversationWithOtherMember/66a5dfddca70ea1c3ee0bace::c103e7bf-bc03-430a-871a-78e2a0da9787::undefined - NaNms - Response: {}::{"message":"Failed to read conversation"}
2024-09-07 22:25:21::error::/v1/api/conversation/readConversationWithOtherMember/66a5dfddca70ea1c3ee0bace::d6f55fe0-3ecf-4e3e-b5b0-d5e3a7d291e0::undefined - NaNms - Response: {}::{"message":"Failed to read conversation"}
2024-09-07 22:25:26::error::/v1/api/conversation/readConversationWithOtherMember/66a5dfddca70ea1c3ee0bace::d9b444d8-8ebe-4d97-a563-35ab168adc70::undefined - NaNms - Response: {}::{"message":"Failed to read conversation"}
2024-09-07 22:25:34::error::/v1/api/conversation/readConversationWithOtherMember/66a5dfddca70ea1c3ee0bace::ae77ad63-90bd-40b6-bf1a-b8321ecc626d::undefined - NaNms - Response: {}::{"message":"Failed to read conversation"}
2024-09-07 22:25:39::error::/v1/api/conversation/readConversationWithOtherMember/66a5dfddca70ea1c3ee0bace::3dfe601e-9ba6-4a5e-9293-b76d6ef7e552::undefined - NaNms - Response: {}::{"message":"Failed to read conversation"}
2024-09-07 22:25:40::error::/v1/api/conversation/readConversationWithOtherMember/66a5dfddca70ea1c3ee0bace::28c20e16-c32f-4aad-933d-1f4743af13fe::undefined - NaNms - Response: {}::{"message":"Failed to read conversation"}
2024-09-07 22:25:41::error::/v1/api/conversation/readConversationWithOtherMember/66a5dfddca70ea1c3ee0bace::d24f1c00-dc8a-4b45-8171-11c2278f3f1c::undefined - NaNms - Response: {}::{"message":"Failed to read conversation"}
2024-09-07 22:25:48::error::/v1/api/conversation/readConversationWithOtherMember/66a5dfddca70ea1c3ee0bace::ed62501e-66b0-4a4a-bd4d-848b2ac17c79::undefined - NaNms - Response: {}::{"message":"Failed to read conversation"}
2024-09-07 22:25:58::error::/v1/api/conversation/readConversationWithOtherMember/66a5dfddca70ea1c3ee0bace::3bf4d470-9381-4ca5-9e84-634a44ade509::undefined - NaNms - Response: {}::{"message":"Failed to read conversation"}
2024-09-07 22:26:07::error::/v1/api/conversation/readConversationWithOtherMember/66a5dfddca70ea1c3ee0bace::e993377f-a2bb-4848-a1fe-3668f2b98030::undefined - NaNms - Response: {}::{"message":"Failed to read conversation"}
2024-09-07 22:26:17::error::/v1/api/conversation/readConversationWithOtherMember/66a5dfddca70ea1c3ee0bace::e7759cbc-e78c-43dd-9712-8c6618eec950::undefined - NaNms - Response: {}::{"message":"Failed to read conversation"}
2024-09-07 22:26:37::error::/v1/api/conversation/readConversationWithOtherMember/66a5dfddca70ea1c3ee0bace::d9054d81-9887-45c0-85b8-f614fd0e526a::undefined - NaNms - Response: {}::{"message":"Failed to read conversation"}
2024-09-07 22:26:44::error::/v1/api/conversation/readConversationWithOtherMember/66a5dfddca70ea1c3ee0bace::c32a3a35-1924-4907-9582-5a9db73a0be1::undefined - NaNms - Response: {}::{"message":"Failed to read conversation"}
2024-09-07 22:26:53::error::/v1/api/conversation/readConversationWithOtherMember/66a5dfddca70ea1c3ee0bace::fec7da09-5f4d-4bf0-91da-3e6a7512456e::undefined - NaNms - Response: {}::{"message":"Failed to read conversation"}
2024-09-07 22:27:00::error::/v1/api/conversation/readConversationWithOtherMember/66a5dfddca70ea1c3ee0bace::d80341f5-77f6-47fb-be59-fd7f78b2370b::undefined - NaNms - Response: {}::{"message":"Failed to read conversation"}
2024-09-07 22:27:14::error::/v1/api/conversation/readConversationWithOtherMember/66a5dfddca70ea1c3ee0bace::ef8a4aa2-177f-487b-a284-96c6ab896414::undefined - NaNms - Response: {}::{"message":"Failed to read conversation"}
2024-09-07 22:27:22::error::/v1/api/conversation/readConversationWithOtherMember/66a5dfddca70ea1c3ee0bace::5396296b-a717-4b55-bdd7-d119a4898c3b::undefined - NaNms - Response: {}::{"message":"Failed to read conversation"}
2024-09-07 22:27:24::error::/v1/api/conversation/readConversationWithOtherMember/66a5dfddca70ea1c3ee0bace::eb9038d7-f352-467b-b4e3-43053489046a::undefined - NaNms - Response: {}::{"message":"Failed to read conversation"}
2024-09-07 22:27:37::error::/v1/api/conversation/readConversationWithOtherMember/66a5dfddca70ea1c3ee0bace::8cdc763e-ed84-434f-85c2-4902a0082635::undefined - NaNms - Response: {}::{"message":"Failed to read conversation"}
2024-09-07 22:27:43::error::/v1/api/conversation/readConversationWithOtherMember/66a5dfddca70ea1c3ee0bace::ed229a1e-9e8a-4213-a543-67f44ca7f4a1::undefined - NaNms - Response: {}::{"message":"Failed to read conversation"}
2024-09-07 22:27:49::error::/v1/api/conversation/readConversationWithOtherMember/66a5dfddca70ea1c3ee0bace::41169091-b8a5-43b7-957a-5e714ae5ff09::undefined - NaNms - Response: {}::{"message":"Failed to read conversation"}
2024-09-07 22:27:52::error::/v1/api/conversation/readConversationWithOtherMember/66a5dfddca70ea1c3ee0bace::e0eb7e7e-e15a-45e7-a22b-8d473bbed47a::undefined - NaNms - Response: {}::{"message":"Failed to read conversation"}
2024-09-07 22:28:01::error::/v1/api/conversation/readConversationWithOtherMember/66a5dfddca70ea1c3ee0bace::7a419a3a-af9e-4c1d-8177-3faf964fc393::undefined - NaNms - Response: {}::{"message":"Failed to read conversation"}
2024-09-07 22:28:05::error::/v1/api/conversation/readConversationWithOtherMember/66a5dfddca70ea1c3ee0bace::3ea0f91b-6103-4a7e-bcbf-c5d416f44c54::undefined - NaNms - Response: {}::{"message":"Failed to read conversation"}
2024-09-07 22:28:17::error::/v1/api/conversation/readConversationWithOtherMember/66a5dfddca70ea1c3ee0bace::8d5116ac-40dc-4668-8f0f-5c484c69c547::undefined - NaNms - Response: {}::{"message":"Failed to read conversation"}
2024-09-07 22:28:28::error::/v1/api/conversation/readConversationWithOtherMember/66a5dfddca70ea1c3ee0bace::481cfed2-ab41-4db1-9842-40d6b4a9aac2::undefined - NaNms - Response: {}::{"message":"Failed to read conversation"}
2024-09-07 22:28:36::error::/v1/api/conversation/readConversationWithOtherMember/66a5dfddca70ea1c3ee0bace::163330fb-f9af-47f3-aa99-cf0655556dea::undefined - NaNms - Response: {}::{"message":"Failed to read conversation"}
2024-09-07 22:29:00::error::/v1/api/conversation/readConversationWithOtherMember/66a5dfddca70ea1c3ee0bace::dc091cc2-abf8-4bac-a6a2-802923da2365::undefined - NaNms - Response: {}::{"message":"Failed to read conversation"}
2024-09-07 22:29:03::error::/v1/api/conversation/readConversationWithOtherMember/66a5dfddca70ea1c3ee0bace::9fd590d8-f430-4b82-abe1-b00f061ded14::undefined - NaNms - Response: {}::{"message":"Failed to read conversation"}
2024-09-07 22:29:09::error::/v1/api/conversation/readConversationWithOtherMember/66a5dfddca70ea1c3ee0bace::79f62bf5-db77-49a9-a672-3061f1719865::undefined - NaNms - Response: {}::{"message":"Failed to read conversation"}
2024-09-07 22:29:41::error::/v1/api/conversation/readConversationWithOtherMember/66a5dfddca70ea1c3ee0bace::a9c62ac8-8060-4125-addb-16cf9685463c::undefined - NaNms - Response: {}::{"message":"Failed to read conversation"}
2024-09-07 22:30:02::error::/v1/api/conversation/readConversationWithOtherMember/66a5dfddca70ea1c3ee0bace::88a5a060-b1e6-421b-a60c-da884326fff0::undefined - NaNms - Response: {}::{"message":"Failed to read conversation"}
2024-09-07 22:30:04::error::/v1/api/conversation/readConversationWithOtherMember/66a5dfddca70ea1c3ee0bace::bdbba475-e324-4f77-a7ab-d4cb963a1b9e::undefined - NaNms - Response: {}::{"message":"Failed to read conversation"}
2024-09-07 22:30:45::error::/v1/api/conversation/readConversationWithOtherMember/66a5dfddca70ea1c3ee0bace::177b1806-73a9-46d9-a199-1e87b5657b8e::undefined - NaNms - Response: {}::{"message":"Failed to read conversation"}
2024-09-07 22:30:54::error::/v1/api/conversation/readConversationWithOtherMember/66a5dfddca70ea1c3ee0bace::2afa5a77-a604-42d1-8a6b-ebc5bf82d477::undefined - NaNms - Response: {}::{"message":"Failed to read conversation"}
2024-09-07 22:30:58::error::/v1/api/conversation/readConversationWithOtherMember/66a5dfddca70ea1c3ee0bace::c57f0284-1aed-4855-b280-1347478f8128::undefined - NaNms - Response: {}::{"message":"Failed to read conversation"}
2024-09-07 22:31:01::error::/v1/api/conversation/readConversationWithOtherMember/66a5dfddca70ea1c3ee0bace::35835b00-159a-417e-a37f-96c45726f1fb::undefined - NaNms - Response: {}::{"message":"Failed to read conversation"}
2024-09-07 22:31:04::error::/v1/api/conversation/readConversationWithOtherMember/66a5dfddca70ea1c3ee0bace::00c68ece-0131-466f-a3dc-be85fcfdd575::undefined - NaNms - Response: {}::{"message":"Failed to read conversation"}
2024-09-07 22:31:09::error::/v1/api/conversation/readConversationWithOtherMember/66a5dfddca70ea1c3ee0bace::732a155e-3ddc-4822-ae9d-3c54894fd106::undefined - NaNms - Response: {}::{"message":"Failed to read conversation"}
2024-09-07 22:31:13::error::/v1/api/conversation/readConversationWithOtherMember/66a5dfddca70ea1c3ee0bace::2d8ff2c1-9bb3-4b2f-b13f-912d6b91c6f4::undefined - NaNms - Response: {}::{"message":"Failed to read conversation"}
2024-09-07 22:31:56::error::/v1/api/conversation/readConversationWithOtherMember/66a5dfddca70ea1c3ee0bace::2c29ee48-b10b-4272-8144-5472666e6971::undefined - NaNms - Response: {}::{"message":"Failed to read conversation"}
2024-09-07 22:32:10::error::/v1/api/conversation/readConversationWithOtherMember/66a5dfddca70ea1c3ee0bace::70ee2098-1ebd-44a1-9b6a-7f70f5a6a38c::undefined - NaNms - Response: {}::{"message":"Failed to read conversation"}
2024-09-07 22:32:15::error::/v1/api/conversation/readConversationWithOtherMember/66a5dfddca70ea1c3ee0bace::d35f028c-d799-40c2-af58-2e82cea68e77::undefined - NaNms - Response: {}::{"message":"Failed to read conversation"}
2024-09-07 22:32:58::error::/v1/api/conversation/readConversationWithOtherMember/66a5dfddca70ea1c3ee0bace::1b48562c-a004-4ff7-b2b6-5b6a631ba3ad::undefined - NaNms - Response: {}::{"message":"Failed to read conversation"}
2024-09-07 22:33:00::error::/v1/api/conversation/readConversationWithOtherMember/66a5dfddca70ea1c3ee0bace::705e1b6d-0992-4da2-9a80-d7db8c239563::undefined - NaNms - Response: {}::{"message":"Failed to read conversation"}
2024-09-07 22:33:12::error::/v1/api/conversation/readConversationWithOtherMember/66a5dfddca70ea1c3ee0bace::a1e5b396-85c5-459b-a225-032c14f2744b::undefined - NaNms - Response: {}::{"message":"Failed to read conversation"}
2024-09-07 22:33:48::error::/v1/api/conversation/readConversationWithOtherMember/66a5dfddca70ea1c3ee0bace::fe6f8d82-f7d0-439c-863e-175732c5b722::undefined - NaNms - Response: {}::{"message":"Failed to read conversation"}
2024-09-07 22:34:08::error::/v1/api/conversation/readConversationWithOtherMember/66a5dfddca70ea1c3ee0bace::cc54f0e3-01fe-4872-b9fe-3fa063ccbd96::undefined - NaNms - Response: {}::{"message":"Failed to read conversation"}
2024-09-07 22:34:22::error::/v1/api/conversation/readConversationWithOtherMember/66a5dfddca70ea1c3ee0bace::7a6599d3-ffde-4abd-b032-aead94d9283e::undefined - NaNms - Response: {}::{"message":"Failed to read conversation"}
2024-09-07 22:34:34::error::/v1/api/conversation/readConversationWithOtherMember/66a5dfddca70ea1c3ee0bace::8ea6dd18-b98d-4815-85cd-24da9b4dc60a::undefined - NaNms - Response: {}::{"message":"Failed to read conversation"}
2024-09-07 22:34:41::error::/v1/api/conversation/readConversationWithOtherMember/66a5dfddca70ea1c3ee0bace::3e23e1d0-580f-41d5-a57d-87ff25cc3065::undefined - NaNms - Response: {}::{"message":"Failed to read conversation"}
2024-09-07 22:34:45::error::/v1/api/conversation/readConversationWithOtherMember/66a5dfddca70ea1c3ee0bace::438e8808-da3b-4921-a3c1-542998e01834::undefined - NaNms - Response: {}::{"message":"Failed to read conversation"}
2024-09-07 22:35:09::error::/v1/api/conversation/readConversationWithOtherMember/66a5dfddca70ea1c3ee0bace::470f3b4b-d1b2-46b1-866e-a8d29d2f2995::undefined - NaNms - Response: {}::{"message":"Failed to read conversation"}
2024-09-07 22:35:11::error::/v1/api/conversation/readConversationWithOtherMember/66a5dfddca70ea1c3ee0bace::9a2382a7-ad37-4049-8b98-8206e562b110::undefined - NaNms - Response: {}::{"message":"Failed to read conversation"}
2024-09-07 22:35:22::error::/v1/api/conversation/readConversationWithOtherMember/66a5dfddca70ea1c3ee0bace::2c31a396-2edc-40c1-bdff-079faa338db7::undefined - NaNms - Response: {}::{"message":"Failed to read conversation"}
2024-09-07 22:35:48::error::/v1/api/conversation/readConversationWithOtherMember/66a5dfddca70ea1c3ee0bace::717dedee-e550-45fe-a1ba-da3bd3b4370d::undefined - NaNms - Response: {}::{"message":"Failed to read conversation"}
2024-09-07 22:35:58::error::/v1/api/conversation/readConversationWithOtherMember/66a5dfddca70ea1c3ee0bace::970e9fac-4ca1-400e-84cd-cd79dbb180c8::undefined - NaNms - Response: {}::{"message":"Failed to read conversation"}
2024-09-07 22:38:07::error::/v1/api/conversation/readConversationWithOtherMember/66a5dfddca70ea1c3ee0bace::92c93824-eb94-4f20-8e0d-2374b0036fc7::undefined - NaNms - Response: {}::{"message":"Failed to read conversation"}
2024-09-07 22:39:01::error::/v1/api/conversation/readConversationWithOtherMember/66a5dfddca70ea1c3ee0bace::58efedef-465c-42e8-8479-967185403d93::undefined - NaNms - Response: {}::{"message":"Failed to read conversation"}
2024-09-07 22:39:12::error::/v1/api/conversation/readConversationWithOtherMember/66a5dfddca70ea1c3ee0bace::07ab6095-ae8a-4a55-8844-08bc2bf6d5d9::undefined - NaNms - Response: {}::{"message":"Failed to read conversation"}
