2024-08-28 17:43:27::info::/v1/api/user/me::8ebafc59-3845-4e3a-9f5e-5e924914ec73::input-params ::GET::::{}
2024-08-28 17:43:28::info::/v1/api/movement/readMovements::5ac052fd-812c-4779-b61d-d42547071c04::input-params ::GET::::{}
2024-08-28 17:43:28::info::/v1/api/recommender/readPopularPosts::e766cee7-a0c5-4518-8a14-59b30a97bdf6::input-params ::GET::::{}
2024-08-28 17:43:28::info::/v1/api/news/readNewss::c1d03fff-c439-4987-98bd-0fd88df8c4fa::input-params ::GET::::{}
2024-08-28 17:43:42::info::/v1/api/movement/readMovements::52ee41b9-7f59-4ee9-be90-4c36ddc09179::input-params ::GET::::{}
2024-08-28 17:43:42::info::/v1/api/news/readNewss::e7447c46-cded-416b-b4b3-057a84bd3b2c::input-params ::GET::::{}
2024-08-28 17:43:42::info::/v1/api/recommender/readPopularPosts::420a1c7b-9944-4ce4-b755-933136cd7a3d::input-params ::GET::::{}
2024-08-28 17:43:43::info::/v1/api/movement/readMovements::e1f2c4bc-a7cb-447f-9f36-aee360f55f43::input-params ::GET::::{}
2024-08-28 17:43:43::info::/v1/api/news/readNewss::9a004732-0725-4ed6-8469-3bf2e7875c19::input-params ::GET::::{}
2024-08-28 17:43:54::info::/v1/api/recommender/readPopularPosts::bc0be0cb-9d9b-4224-898f-00dcd17ebac7::input-params ::GET::::{}
2024-08-28 17:43:54::info::/v1/api/news/readNewss::194db699-ff2d-46f8-a165-aa6a9a9876a5::input-params ::GET::::{}
2024-08-28 17:43:54::info::/v1/api/movement/readMovements::149b66b3-09d3-4bdc-bff8-fc5b905dfae4::input-params ::GET::::{}
2024-08-28 17:43:58::info::/v1/api/movement/readMovements::d68ea9c2-832e-46f6-b77a-25448f62a7e2::input-params ::GET::::{}
2024-08-28 17:43:58::info::/v1/api/news/readNewss::85605464-e587-42ef-b86d-93c909287090::input-params ::GET::::{}
2024-08-28 17:43:58::info::/v1/api/recommender/readPopularPosts::9bbf7392-a5c2-450f-96f1-bd7604f38f49::input-params ::GET::::{}
2024-08-28 17:43:59::info::/v1/api/user/me::2584f1a4-ca83-48a3-82bd-3a9951a93ea9::input-params ::GET::::{}
2024-08-28 17:44:00::info::/v1/api/movement/readMovements::8bac1ec9-94c3-438a-aee0-ff157c701c56::input-params ::GET::::{}
2024-08-28 17:44:00::info::/v1/api/movement/readMovements::7c3b14b4-7e78-4c12-9fac-77d295a8bedf::input-params ::GET::::{}
2024-08-28 17:44:05::info::/v1/api/movement/readMovements::2f0b3f83-0bd3-436f-a377-625233116963::input-params ::GET::::{}
2024-08-28 17:44:17::info::/v1/api/user/me::ce316612-cfb8-4441-9aaf-bd126dcef523::input-params ::GET::::{}
2024-08-28 17:44:17::error::/v1/api/user/me::ce316612-cfb8-4441-9aaf-bd126dcef523::403 - 5ms - Response: {"status":403,"now":1724841857570}::{"message":"Access token missing"}
2024-08-28 17:44:17::info::/v1/api/movement/readMovements::9cecb10b-e8a3-48c7-9497-7fc3858e2e97::input-params ::GET::::{}
2024-08-28 17:44:44::info::/v1/api/user/me::4d58ac28-c00d-4c8c-8292-10a46bc29b9e::input-params ::GET::::{}
2024-08-28 17:44:44::error::/v1/api/user/me::4d58ac28-c00d-4c8c-8292-10a46bc29b9e::403 - 1ms - Response: {"status":403,"now":1724841884672}::{"message":"Access token missing"}
2024-08-28 17:44:44::info::/v1/api/movement/readMovements::84bf0157-35b1-485a-89b6-033db39ae97c::input-params ::GET::::{}
2024-08-28 17:44:45::info::/v1/api/user/me::2c1ef2bf-5d39-46f1-bdf2-bfe25ce89747::input-params ::GET::::{}
2024-08-28 17:44:45::error::/v1/api/user/me::2c1ef2bf-5d39-46f1-bdf2-bfe25ce89747::403 - 0ms - Response: {"status":403,"now":1724841885243}::{"message":"Access token missing"}
2024-08-28 17:44:45::info::/v1/api/movement/readMovements::b3a91149-c74b-4fdd-a9d8-7bab720f099e::input-params ::GET::::{}
2024-08-28 17:44:52::info::/v1/api/movement/readMovements::abe248eb-515b-4566-9749-378ab8937e36::input-params ::GET::::{}
2024-08-28 17:44:59::info::/v1/api/user/me::ef048173-0974-4c60-8de6-77310a539c6f::input-params ::GET::::{}
2024-08-28 17:44:59::error::/v1/api/user/me::ef048173-0974-4c60-8de6-77310a539c6f::403 - 0ms - Response: {"status":403,"now":1724841899248}::{"message":"Access token missing"}
2024-08-28 17:44:59::info::/v1/api/movement/readMovements::f713c6f8-f59f-42f1-846b-cae2864d5e87::input-params ::GET::::{}
2024-08-28 17:45:02::info::/v1/api/user/me::f44caeae-4c15-4cfa-9290-ef37641cb690::input-params ::GET::::{}
2024-08-28 17:45:02::error::/v1/api/user/me::f44caeae-4c15-4cfa-9290-ef37641cb690::403 - 0ms - Response: {"status":403,"now":1724841902827}::{"message":"Access token missing"}
2024-08-28 17:45:02::info::/v1/api/movement/readMovements::b7bb27d4-0b6d-4c88-b439-f7e8d67e63e6::input-params ::GET::::{}
2024-08-28 17:45:04::info::/v1/api/user/me::d7d9c048-a0fa-42dd-802a-0333b7ff9a47::input-params ::GET::::{}
2024-08-28 17:45:04::error::/v1/api/user/me::d7d9c048-a0fa-42dd-802a-0333b7ff9a47::403 - 1ms - Response: {"status":403,"now":1724841904456}::{"message":"Access token missing"}
2024-08-28 17:45:04::info::/v1/api/movement/readMovements::c524dfb5-6a99-444c-9eb2-c18a799b006a::input-params ::GET::::{}
2024-08-28 17:45:04::info::/v1/api/news/readNewss::df92d122-f0bd-4ab6-b4e9-488a6b0e657d::input-params ::GET::::{}
2024-08-28 17:45:04::info::/v1/api/recommender/readPopularPosts::0ac876c9-7a49-4d52-ae49-c5aaaccd0540::input-params ::GET::::{}
2024-08-28 17:45:07::info::/v1/api/auth/google::0d895195-a51e-4d49-bc01-c1c44f9af017::input-params ::GET::::{}
2024-08-28 17:45:12::info::/v1/api/movement/readMovements::0dbdd5b4-468a-46e9-a9d3-59a238f73473::input-params ::GET::::{}
2024-08-28 17:45:12::info::/v1/api/news/readNewss::b00b9d8b-8ab7-45ec-abad-0bcee07cd0ab::input-params ::GET::::{}
2024-08-28 17:45:12::info::/v1/api/recommender/readPopularPosts::7d32a67e-4c9e-4c9a-89d9-3d1019d174f6::input-params ::GET::::{}
2024-08-28 17:45:15::info::/v1/api/auth/users/login::593d7b74-d9b6-4451-ade3-71462ceb1699::input-params ::POST::::{"email":"phapluudev2k5@gmail.com","password":"PhapNhat987AZ@!"}
2024-08-28 17:45:17::info::/v1/api/movement/readMovements::e5a2fda7-468a-4b66-a711-e3d7089027b4::input-params ::GET::::{}
2024-08-28 17:45:18::info::/v1/api/news/readNewss::2d05a3ae-0fcc-4aad-9d9e-0a7795932bd6::input-params ::GET::::{}
2024-08-28 17:45:18::info::/v1/api/recommender/readPopularPosts::3157f325-6652-4b11-af2f-74e01532da7b::input-params ::GET::::{}
2024-08-28 17:45:21::info::/v1/api/movement/readMovements::2f20bbe1-98b1-4ff2-8bfa-d656e7f9c7d6::input-params ::GET::::{}
2024-08-28 17:45:21::info::/v1/api/news/readNewss::898ceffa-8a70-4702-b077-2659bcce6748::input-params ::GET::::{}
2024-08-28 17:45:21::info::/v1/api/recommender/readPopularPosts::0b518bc7-eccc-41d8-841c-7896a53c62b5::input-params ::GET::::{}
2024-08-28 17:45:22::info::/v1/api/recommender/search::211fe776-d5b1-4d6a-9b03-92421468c598::input-params ::GET::::{"searchTerm":"a"}
2024-08-28 17:45:22::info::/v1/api/recommender/search::1c886366-6b5e-4b26-9edd-6c7c67416090::input-params ::GET::::{"searchTerm":"ab"}
2024-08-28 17:45:22::info::/v1/api/recommender/readSearchResults::6531a99c-f1e6-45b5-8b65-eff54c5d48e9::input-params ::GET::::{"searchTerm":"ab"}
2024-08-28 17:45:23::info::/v1/api/recommender/readSearchResults::c0c0b3cb-e448-485d-8b46-01dc12096930::input-params ::GET::::{"searchTerm":"ab"}
2024-08-28 17:45:34::info::/v1/api/movement/readMovements::190668e0-9935-4688-a561-dadce5d77479::input-params ::GET::::{}
2024-08-28 17:45:36::info::/v1/api/user/me::e7e6a890-24de-464a-886a-35601012b13e::input-params ::GET::::{}
2024-08-28 17:45:36::info::/v1/api/movement/readMovements::dd40487f-2818-4f8f-a80f-7ac4bd954fe4::input-params ::GET::::{}
2024-08-28 17:45:37::info::/v1/api/challenge/readChallenges::cf80ea4c-5933-4c86-9fab-029d26d515d5::input-params ::GET::::{}
2024-08-28 17:45:37::info::/v1/api/badge/readBadges::ff2b515e-d723-4e5b-83c8-ee2932296fd0::input-params ::GET::::{}
2024-08-28 17:46:35::info::/v1/api/movement/readMovements::c78f46c0-c5f8-46e3-8f38-658f21be1bad::input-params ::GET::::{}
2024-08-28 17:46:35::info::/v1/api/movement/readMovements::b9f4fc83-f884-44bf-bec9-815ed10594f0::input-params ::GET::::{}
2024-08-28 17:46:35::info::/v1/api/badge/readBadges::0c25bbb2-d8c6-4923-a64f-4278606d5f74::input-params ::GET::::{}
2024-08-28 17:46:35::info::/v1/api/challenge/readChallenges::4d501770-3681-4734-a2af-7449ba70e156::input-params ::GET::::{}
2024-08-28 17:46:42::info::/v1/api/movement/readMovements::c5d2c43c-3a70-4b74-a110-a8d6f35a8c1d::input-params ::GET::::{}
2024-08-28 17:46:42::info::/v1/api/challenge/readChallenges::d80e1601-5f31-4b74-91ff-ccf2cdcc316d::input-params ::GET::::{}
2024-08-28 17:46:42::info::/v1/api/badge/readBadges::fded5b9e-931b-4664-b772-86cb6331a5c6::input-params ::GET::::{}
2024-08-28 17:46:47::info::/v1/api/movement/readMovements::8940e4ec-ab2e-4891-ac71-25982f3e41fa::input-params ::GET::::{}
2024-08-28 17:46:51::info::/v1/api/movement/readMovements::dbfa1b99-f836-4450-83db-89f23e879a44::input-params ::GET::::{}
2024-08-28 17:47:29::info::/v1/api/movement/readMovements::8d1790f9-be23-494e-9533-5a8b1bb37dc4::input-params ::GET::::{}
2024-08-28 17:47:30::info::/v1/api/movement/readMovements::517b15b2-ef71-4021-b933-7efcfeb52813::input-params ::GET::::{}
2024-08-28 17:47:30::info::/v1/api/challenge/readChallenges::109be763-463f-4d63-85af-c1c9717c3e7b::input-params ::GET::::{}
2024-08-28 17:47:30::info::/v1/api/badge/readBadges::5aaacee1-55af-4efb-bac5-65f0e19eb7ac::input-params ::GET::::{}
2024-08-28 17:47:31::info::/v1/api/movement/readMovements::77884e28-da9e-467d-8a39-bad32c21ded9::input-params ::GET::::{}
2024-08-28 17:47:31::info::/v1/api/challenge/readChallenges::d83038af-4778-4ded-88e2-f068c0e2c29b::input-params ::GET::::{}
2024-08-28 17:47:31::info::/v1/api/badge/readBadges::7186d3e1-e8d9-409b-84f8-68100fb22ff4::input-params ::GET::::{}
2024-08-28 17:47:33::info::/v1/api/movement/readMovements::65aea25a-e19c-4f62-b99c-87b72c3677da::input-params ::GET::::{}
2024-08-28 17:50:05::info::/v1/api/movement/readMovements::58215c8a-fd32-4fb6-a336-69b008c672a4::input-params ::GET::::{}
2024-08-28 17:50:05::info::/v1/api/challenge/readChallenges::13749fc1-012e-4f98-b68b-cce4fafe1623::input-params ::GET::::{}
2024-08-28 17:50:05::info::/v1/api/badge/readBadges::c3937c13-5842-4c39-99eb-33bfaa559c32::input-params ::GET::::{}
2024-08-28 17:50:07::info::/v1/api/movement/readMovements::10e68aeb-cf7e-49c3-9758-8776dfebce2d::input-params ::GET::::{}
2024-08-28 17:50:09::info::/v1/api/movement/readMovements::15ade793-4dee-4c29-b0c2-40301a3081eb::input-params ::GET::::{}
2024-08-28 17:50:15::info::/v1/api/movement/readMovements::ef39ac51-d42a-4106-9dd2-4a243895fb10::input-params ::GET::::{}
2024-08-28 17:50:16::info::/v1/api/user/me::12a4098c-2add-481f-9e7d-9d49f2ae9dd3::input-params ::GET::::{}
2024-08-28 17:50:16::info::/v1/api/movement/readMovements::af9ae1cb-868f-42eb-806a-9294754593cf::input-params ::GET::::{}
2024-08-28 17:50:18::info::/v1/api/movement/readMovements::889f46f1-04f3-4f5f-ac99-1cb3761b8721::input-params ::GET::::{}
2024-08-28 17:50:26::info::/v1/api/movement/readMovements::fee84cec-e937-4128-b75d-cd724856517e::input-params ::GET::::{}
2024-08-28 17:50:49::info::/v1/api/movement/readMovements::8b459937-29b0-4eb0-9e74-edad5962a864::input-params ::GET::::{}
2024-08-28 17:50:51::info::/v1/api/movement/readMovements::4a1130d9-1383-4184-95f6-0400fd32401e::input-params ::GET::::{}
2024-08-28 17:50:57::info::/v1/api/movement/readMovements::a01fcb1d-4797-4867-9a50-fbcb6181f887::input-params ::GET::::{}
2024-08-28 18:29:48::info::/v1/api/user/me::a039a9ec-4b8b-4f37-9960-a540ee1523f7::input-params ::GET::::{}
2024-08-28 18:29:49::info::/v1/api/user/me::b3590d75-2487-4761-bbea-6613cc42ed36::input-params ::GET::::{}
2024-08-28 18:29:50::info::/v1/api/movement/readMovements::42f26874-2d7c-4af4-81ca-d557623bf8be::input-params ::GET::::{}
2024-08-28 18:29:52::info::/v1/api/movement/readMovements::bca045fb-a47a-4698-9791-ece2941aed8c::input-params ::GET::::{}
2024-08-28 18:29:52::info::/v1/api/challenge/readChallenges::e5ce9803-b6b5-4c10-a708-d24b57464305::input-params ::GET::::{}
2024-08-28 18:29:52::info::/v1/api/badge/readBadges::ae6ceba3-3049-4d1e-906f-0d8a0a0415c7::input-params ::GET::::{}
2024-08-28 18:47:04::info::/v1/api/user/me::1767001c-8424-49e9-bf1e-242ea61a1c9c::input-params ::GET::::{}
2024-08-28 18:47:06::info::/v1/api/movement/readMovements::ab507333-e119-4a06-aa2f-8b93a301211f::input-params ::GET::::{}
2024-08-28 18:47:06::info::/v1/api/challenge/readChallenges::f2d4b69b-34b0-47d3-a84f-77b6ab1b21bf::input-params ::GET::::{}
2024-08-28 18:47:06::info::/v1/api/badge/readBadges::ce452069-3407-4f38-831f-0d72addded6a::input-params ::GET::::{}
2024-08-28 18:52:41::info::/v1/api/movement/readMovements::ddddbfca-97c4-487f-84dd-3c980f7407dd::input-params ::GET::::{}
2024-08-28 18:52:42::info::/v1/api/user/me::1990b1c7-27df-4894-b760-e8aa36539084::input-params ::GET::::{}
2024-08-28 18:52:42::info::/v1/api/movement/readMovements::83a54005-b6c4-468e-96fa-ac4841166122::input-params ::GET::::{}
2024-08-28 18:55:32::info::/v1/api/movement/readMovements::7394380e-671d-4f79-b5ac-7241d3218838::input-params ::GET::::{}
2024-08-28 20:07:28::info::/v1/api/movement/readMovements::a3c427bf-1e6a-46d7-9a90-11b2f168936c::input-params ::GET::::{}
2024-08-28 20:07:28::info::/v1/api/user/me::0339d7a5-1864-475b-b0d6-0c0235ea9a2a::input-params ::GET::::{}
2024-08-28 20:07:29::info::/v1/api/movement/readMovements::5b68b5cf-096c-4d63-b3a7-0b05e53f02ed::input-params ::GET::::{}
2024-08-28 20:07:29::info::/v1/api/movement/readMovements::7abf669c-51e7-4df0-86e0-ff2c648f89c9::input-params ::GET::::{}
2024-08-28 20:07:42::info::/v1/api/movement/readMovements::65b2cf03-943f-493f-9596-50327d479f34::input-params ::GET::::{}
2024-08-28 20:14:16::info::/v1/api/movement/readMovements::44554b66-ac3c-43ec-b93a-ea48837484e8::input-params ::GET::::{}
2024-08-28 20:33:37::info::/v1/api/movement/readMovements::f49676dc-789f-4d4d-b6f0-cd1f4f17a35f::input-params ::GET::::{}
2024-08-28 20:33:43::info::/v1/api/movement/readMovements::9a154169-8887-4bd2-b272-fcecda59cbde::input-params ::GET::::{}
2024-08-28 20:39:47::info::/v1/api/movement/readMovements::993cfa55-16f7-453a-a41d-db4da46af366::input-params ::GET::::{}
2024-08-28 20:54:27::info::/v1/api/movement/readMovements::ec20e978-539a-46ba-9ce3-86e0a4815b0a::input-params ::GET::::{}
2024-08-28 20:54:28::info::/v1/api/news/readNewss::a31e4539-637d-474b-ac8c-96cf1b5a28fa::input-params ::GET::::{}
2024-08-28 20:54:28::info::/v1/api/recommender/readPopularPosts::9a7fbe0d-20a4-4c90-9787-c6b3018322e3::input-params ::GET::::{}
2024-08-28 20:54:33::info::/v1/api/movement/readMovements::c2714025-78e5-461b-9ba1-432d9ddd3249::input-params ::GET::::{}
2024-08-28 20:54:33::info::/v1/api/news/readNewss::6d3f05c4-d2ef-4fdf-811b-92a8291868c1::input-params ::GET::::{}
2024-08-28 20:54:33::info::/v1/api/recommender/readPopularPosts::f6d472f9-6dbd-40ff-b216-86b300336482::input-params ::GET::::{}
2024-08-28 20:54:35::info::/v1/api/auth/users/logout::d673a6dc-cd85-4da1-8f86-f7082a51a254::input-params ::POST::::{}
2024-08-28 20:54:35::info::/v1/api/user/me::8de086e3-6941-4cc1-8ee2-3b3f80794556::input-params ::GET::::{}
2024-08-28 20:54:35::error::/v1/api/user/me::8de086e3-6941-4cc1-8ee2-3b3f80794556::403 - 0ms - Response: {"status":403,"now":1724853275190}::{"message":"Access token missing"}
2024-08-28 20:55:35::info::/v1/api/user/me::95c4ea15-4e9e-461a-903d-2ead7a834e01::input-params ::GET::::{}
2024-08-28 20:55:35::error::/v1/api/user/me::95c4ea15-4e9e-461a-903d-2ead7a834e01::403 - 0ms - Response: {"status":403,"now":1724853335384}::{"message":"Access token missing"}
2024-08-28 20:55:35::info::/v1/api/movement/readMovements::d72660fb-0c16-4925-b8ad-845ef622076d::input-params ::GET::::{}
2024-08-28 20:55:35::info::/v1/api/news/readNewss::f29e8d04-4976-4347-8970-9274e716605c::input-params ::GET::::{}
2024-08-28 20:55:35::info::/v1/api/recommender/readPopularPosts::024d0230-2be6-43bc-aea1-170c14a763df::input-params ::GET::::{}
2024-08-28 20:57:15::info::/v1/api/user/me::b998b095-22a7-477b-a840-b3523bfbab09::input-params ::GET::::{}
2024-08-28 20:57:15::error::/v1/api/user/me::b998b095-22a7-477b-a840-b3523bfbab09::403 - 1ms - Response: {"status":403,"now":1724853435119}::{"message":"Access token missing"}
2024-08-28 20:57:15::info::/v1/api/movement/readMovements::06ccc65f-1c77-4d75-8453-a5745787f270::input-params ::GET::::{}
2024-08-28 20:57:15::info::/v1/api/news/readNewss::b5673e7f-9308-45f6-b339-d41da9c48d20::input-params ::GET::::{}
2024-08-28 20:57:15::info::/v1/api/recommender/readPopularPosts::e77edb03-b9f3-40cd-b9ef-269dd022c80e::input-params ::GET::::{}
2024-08-28 20:57:22::info::/v1/api/user/me::a5a3e660-fdcd-4a31-9023-0d494ddd459f::input-params ::GET::::{}
2024-08-28 20:57:22::error::/v1/api/user/me::a5a3e660-fdcd-4a31-9023-0d494ddd459f::403 - 0ms - Response: {"status":403,"now":1724853442062}::{"message":"Access token missing"}
2024-08-28 20:57:22::info::/v1/api/movement/readMovements::6e75eba1-3ec1-402c-9011-e395667a892d::input-params ::GET::::{}
2024-08-28 20:57:22::info::/v1/api/news/readNewss::ace574a3-2bc3-4d8a-b55f-2041ac7302e4::input-params ::GET::::{}
2024-08-28 20:57:22::info::/v1/api/recommender/readPopularPosts::593065f8-c5f3-4512-b753-3c09aaa87203::input-params ::GET::::{}
2024-08-28 20:57:25::info::/v1/api/recommender/readLatestPosts::b95bebb4-4c77-48ec-94b3-b7f6d0618e87::input-params ::GET::::{}
2024-08-28 20:57:43::info::/v1/api/user/me::39a44fd8-bc6d-4f8f-9aa3-9fd73186fa34::input-params ::GET::::{}
2024-08-28 20:57:43::error::/v1/api/user/me::39a44fd8-bc6d-4f8f-9aa3-9fd73186fa34::403 - 1ms - Response: {"status":403,"now":1724853463536}::{"message":"Access token missing"}
2024-08-28 20:57:43::info::/v1/api/movement/readMovements::f8756381-243f-4044-8e84-9b4ca083d298::input-params ::GET::::{}
2024-08-28 20:57:43::info::/v1/api/news/readNewss::35862bc2-846d-4cd9-bf39-99cb190d62d5::input-params ::GET::::{}
2024-08-28 20:57:43::info::/v1/api/recommender/readLatestPosts::f3313ea9-bdc6-4cad-bfaf-d678d460b8c2::input-params ::GET::::{}
2024-08-28 20:57:49::info::/v1/api/recommender/readLatestCommissionServices::97d917ee-7ecc-4a42-b881-7d3f44cf8ce5::input-params ::GET::::{}
2024-08-28 20:57:51::info::/v1/api/recommender/readLatestPosts::30914ef8-2c5b-419f-9d23-ee53c7d5296c::input-params ::GET::::{}
2024-08-28 20:57:54::info::/v1/api/recommender/search::84829699-430c-4396-9d18-69ff93e19da9::input-params ::GET::::{"searchTerm":"a"}
2024-08-28 20:57:55::info::/v1/api/recommender/search::7bc268ed-fa48-4ad9-a8d0-6e89082092f9::input-params ::GET::::{"searchTerm":"a"}
2024-08-28 20:57:55::info::/v1/api/recommender/search::693f93eb-15f5-40fc-a1af-7fd777a158ff::input-params ::GET::::{"searchTerm":"an"}
2024-08-28 20:57:55::info::/v1/api/recommender/search::25909b4a-cad3-4d14-9e45-d0ed5e9eab78::input-params ::GET::::{"searchTerm":"anh"}
2024-08-28 20:57:56::info::/v1/api/recommender/readSearchResults::8b9c830a-0579-4dab-838b-2bf7321ebc74::input-params ::GET::::{"searchTerm":"anh"}
2024-08-28 20:57:56::info::/v1/api/recommender/readSearchResults::887d47e7-808b-41d2-9bef-7f6f56c055d1::input-params ::GET::::{"searchTerm":"anh"}
2024-08-28 20:58:07::info::/v1/api/recommender/search::260ecf85-ff9e-4897-b74b-27b6309c8434::input-params ::GET::::{"searchTerm":"g"}
2024-08-28 20:58:07::info::/v1/api/recommender/search::cba7c0a0-5ae3-48a9-8594-b95acf2929a6::input-params ::GET::::{"searchTerm":"ga"}
2024-08-28 20:58:08::info::/v1/api/recommender/readSearchResults::a3a5d059-0760-430a-ac2a-d852066197ca::input-params ::GET::::{"searchTerm":"ga"}
2024-08-28 20:59:46::info::/v1/api/user/me::4512467c-6a24-41ae-b2a4-83d6f9282562::input-params ::GET::::{}
2024-08-28 20:59:46::error::/v1/api/user/me::4512467c-6a24-41ae-b2a4-83d6f9282562::403 - 0ms - Response: {"status":403,"now":1724853586886}::{"message":"Access token missing"}
2024-08-28 20:59:46::info::/v1/api/movement/readMovements::b9aac2e2-6b0e-43e3-af45-0e82161208b0::input-params ::GET::::{}
2024-08-28 20:59:48::info::/v1/api/news/readNewss::0c44cd63-98ae-42b7-a084-09ce9242a466::input-params ::GET::::{}
2024-08-28 20:59:48::info::/v1/api/recommender/readPopularPosts::20b69876-e3fa-40ca-a79a-b8f096c5a13e::input-params ::GET::::{}
2024-08-28 20:59:50::info::/v1/api/recommender/search::0b30b9bb-5677-47af-8cd5-55325944e8eb::input-params ::GET::::{"searchTerm":"g"}
2024-08-28 21:00:04::info::/v1/api/recommender/readSearchResults::05403e23-c583-4a4e-8fdc-57a3c939b1c7::input-params ::GET::::{"searchTerm":"g"}
2024-08-28 21:00:05::info::/v1/api/recommender/readSearchResults::088a6f66-7403-413e-9a86-217b5ef10211::input-params ::GET::::{"searchTerm":"g"}
2024-08-28 21:00:10::info::/v1/api/recommender/search::cb336ec7-c2ad-4fb4-9f4a-37eaaca194df::input-params ::GET::::{"searchTerm":"g"}
2024-08-28 21:00:11::info::/v1/api/recommender/search::55ef09f8-ce38-40bf-947a-e4a0279d6dc2::input-params ::GET::::{"searchTerm":"ga"}
2024-08-28 21:00:13::info::/v1/api/recommender/readSearchResults::fb33a04c-7406-4673-a65b-985ba0d8252a::input-params ::GET::::{"searchTerm":"ga"}
2024-08-28 21:00:21::info::/v1/api/recommender/search::82beb3de-1718-485a-b5f2-7d75b222bd33::input-params ::GET::::{"searchTerm":"g"}
2024-08-28 21:00:21::info::/v1/api/recommender/search::7bd724b4-0894-45ce-8438-d901b7576f44::input-params ::GET::::{"searchTerm":"g"}
2024-08-28 21:00:24::info::/v1/api/recommender/readSearchResults::c1ae207e-949f-4190-856d-bcd6973f4974::input-params ::GET::::{"searchTerm":"g"}
2024-08-28 21:00:28::info::/v1/api/recommender/search::b72de139-dea9-4203-92c7-fb6e13991c84::input-params ::GET::::{"searchTerm":"h"}
2024-08-28 21:00:29::info::/v1/api/recommender/search::4b254fe8-8bf8-432b-a026-b853a051be7b::input-params ::GET::::{"searchTerm":"g"}
2024-08-28 21:00:33::info::/v1/api/user/readUserProfile/66a59f2c73370474cf4eaada::481a577b-6b82-478a-a8d7-4957cef295f6::input-params ::GET::::{}
2024-08-28 21:00:33::info::/v1/api/serviceCategory/readServiceCategoriesWithServices/66a59f2c73370474cf4eaada::cf58b39e-3a7f-490c-9c43-e77363187aa5::input-params ::GET::::{}
2024-08-28 21:00:35::info::/v1/api/recommender/readSearchResults::f2f412f8-3dfe-4f63-b40c-cdac1582c1f0::input-params ::GET::::{"searchTerm":"g"}
2024-08-28 21:00:36::info::/v1/api/recommender/readSearchResults::e36deb36-8805-448c-92e0-498583e39b96::input-params ::GET::::{"searchTerm":"g"}
2024-08-28 21:00:39::info::/v1/api/recommender/search::94acc69a-7163-4d5c-ad22-5b4552c243ad::input-params ::GET::::{"searchTerm":"g"}
2024-08-28 21:00:40::info::/v1/api/user/readUserProfile/66a59f2c73370474cf4eaada::b95790f2-9bf0-4bea-b81f-ef1fc5533ee3::input-params ::GET::::{}
2024-08-28 21:00:41::info::/v1/api/serviceCategory/readServiceCategoriesWithServices/66a59f2c73370474cf4eaada::a74892e7-76d2-44b3-8b0f-95a5397164ed::input-params ::GET::::{}
2024-08-28 21:00:46::info::/v1/api/user/me::6d4fa40e-c651-45f0-8924-02cc27e22142::input-params ::GET::::{}
2024-08-28 21:00:46::error::/v1/api/user/me::6d4fa40e-c651-45f0-8924-02cc27e22142::403 - 1ms - Response: {"status":403,"now":1724853646941}::{"message":"Access token missing"}
2024-08-28 21:00:46::info::/v1/api/movement/readMovements::c591259a-7b56-466f-abc6-7938404a4d13::input-params ::GET::::{}
2024-08-28 21:00:46::info::/v1/api/user/readUserProfile/66a59f2c73370474cf4eaada::75fe5dcb-9cab-4f1d-a7e7-6a78399ea3a7::input-params ::GET::::{}
2024-08-28 21:00:46::info::/v1/api/serviceCategory/readServiceCategoriesWithServices/66a59f2c73370474cf4eaada::8e0d0a95-a012-4cbd-91bb-2c6bf6fa0b37::input-params ::GET::::{}
2024-08-28 21:00:47::info::/v1/api/recommender/readSearchResults::fc04f2f7-a434-4cf6-859b-b85a34c861d8::input-params ::GET::::{"searchTerm":"g"}
2024-08-28 21:00:48::info::/v1/api/recommender/readSearchResults::855a5418-e821-47b1-be37-086a5b33ee70::input-params ::GET::::{"searchTerm":"g"}
2024-08-28 21:00:49::info::/v1/api/recommender/search::c154d6c5-57fa-47e7-a211-d281b436758e::input-params ::GET::::{"searchTerm":"gf"}
2024-08-28 21:00:49::info::/v1/api/recommender/search::97e405b8-92eb-4af4-8d33-3d191b60f525::input-params ::GET::::{"searchTerm":"gfg"}
2024-08-28 21:00:50::info::/v1/api/recommender/search::db06ff56-2817-4f08-a235-05d721e8d741::input-params ::GET::::{"searchTerm":"gf"}
2024-08-28 21:00:50::info::/v1/api/recommender/search::21a053fc-2ba1-4731-857c-bd92f6d3f9a6::input-params ::GET::::{"searchTerm":"g"}
2024-08-28 21:00:50::info::/v1/api/recommender/search::60b2f579-2e9e-457e-b3c3-182703e7248b::input-params ::GET::::{"searchTerm":"g"}
2024-08-28 21:00:52::info::/v1/api/user/readUserProfile/66a59f2c73370474cf4eaada::210b067b-53a6-47aa-b013-7a7f9b8a218b::input-params ::GET::::{}
2024-08-28 21:00:52::info::/v1/api/serviceCategory/readServiceCategoriesWithServices/66a59f2c73370474cf4eaada::dd6e963f-417e-445a-8a6a-9909d763061d::input-params ::GET::::{}
2024-08-28 21:01:06::info::/v1/api/user/readUserProfile/66a59f2c73370474cf4eaada::07b8555c-b916-47cf-ac3a-45c5c9593064::input-params ::GET::::{}
2024-08-28 21:01:16::info::/v1/api/user/readUserProfile/66a59f2c73370474cf4eaada::01b8afef-5782-4ee3-952c-6ba4e3576169::input-params ::GET::::{}
2024-08-28 21:01:17::info::/v1/api/user/readUserProfile/66a59f2c73370474cf4eaada::57cb3f79-c837-423c-8f4a-e28f2a4c5869::input-params ::GET::::{}
2024-08-28 21:01:20::info::/v1/api/user/readUserProfile/66a59f2c73370474cf4eaada::d31d49ec-b843-4dcb-a08b-084d1502ebb5::input-params ::GET::::{}
2024-08-28 21:01:24::info::/v1/api/user/readUserProfile/66a59f2c73370474cf4eaada::e3f2ebc0-3ae1-4bf8-a94b-fd298a1ceb32::input-params ::GET::::{}
2024-08-28 21:01:25::info::/v1/api/user/me::61d9ff6a-ba8a-4dfc-a368-fde7a5450ebb::input-params ::GET::::{}
2024-08-28 21:01:25::error::/v1/api/user/me::61d9ff6a-ba8a-4dfc-a368-fde7a5450ebb::403 - 0ms - Response: {"status":403,"now":1724853685130}::{"message":"Access token missing"}
2024-08-28 21:01:25::info::/v1/api/movement/readMovements::5ab52a90-5713-4a46-9529-0aa9465b959c::input-params ::GET::::{}
2024-08-28 21:01:25::info::/v1/api/user/readUserProfile/66a59f2c73370474cf4eaada::77563e78-a6a7-4ac0-a84b-0f8e5d057fb7::input-params ::GET::::{}
2024-08-28 21:01:25::info::/v1/api/serviceCategory/readServiceCategoriesWithServices/66a59f2c73370474cf4eaada::ce0b478d-e946-4582-88f0-e10b8df5ce6e::input-params ::GET::::{}
2024-08-28 21:01:26::info::/v1/api/recommender/readSearchResults::2fde7c1a-a902-4ab4-9586-569b57174a54::input-params ::GET::::{"searchTerm":"g"}
2024-08-28 21:01:26::info::/v1/api/recommender/readSearchResults::220bf56f-a37c-4692-8d3f-e4f2a45a9676::input-params ::GET::::{"searchTerm":"g"}
2024-08-28 21:01:27::info::/v1/api/recommender/search::a47b5120-3631-41d1-b161-6c8ebfd87d39::input-params ::GET::::{"searchTerm":"g"}
2024-08-28 21:01:29::info::/v1/api/user/readUserProfile/66a59f2c73370474cf4eaada::63015e79-c6d3-4b88-a001-07fb15f5ff91::input-params ::GET::::{}
2024-08-28 21:01:29::info::/v1/api/serviceCategory/readServiceCategoriesWithServices/66a59f2c73370474cf4eaada::17fc6ba2-566c-4a87-afc9-eb0567281bef::input-params ::GET::::{}
2024-08-28 21:01:32::info::/v1/api/user/me::a65f0387-5bb2-4401-889e-2e1ca4bf6ebc::input-params ::GET::::{}
2024-08-28 21:01:32::error::/v1/api/user/me::a65f0387-5bb2-4401-889e-2e1ca4bf6ebc::403 - 0ms - Response: {"status":403,"now":1724853692356}::{"message":"Access token missing"}
2024-08-28 21:01:32::info::/v1/api/movement/readMovements::9b67d8b2-f4fc-4ed3-82ff-dd9bbe84ad67::input-params ::GET::::{}
2024-08-28 21:01:32::info::/v1/api/user/readUserProfile/66a59f2c73370474cf4eaada::d9a87a08-eed8-4738-a1fe-d493f86b5ffe::input-params ::GET::::{}
2024-08-28 21:01:32::info::/v1/api/serviceCategory/readServiceCategoriesWithServices/66a59f2c73370474cf4eaada::a9e85955-6b5a-4d1c-989d-ffac5f4409d1::input-params ::GET::::{}
2024-08-28 21:01:38::info::/v1/api/recommender/search::b382bba7-3c36-463a-b78f-898b15e3a5dc::input-params ::GET::::{"searchTerm":"g"}
2024-08-28 21:01:38::info::/v1/api/recommender/search::a91b7471-5a83-45e7-a70c-429508560650::input-params ::GET::::{"searchTerm":"ga"}
2024-08-28 21:01:38::info::/v1/api/recommender/readSearchResults::9fc65233-d572-4665-b624-964df6d2ae1f::input-params ::GET::::{"searchTerm":"ga"}
2024-08-28 21:01:38::info::/v1/api/recommender/readSearchResults::10af59a9-6149-4795-86b2-a575b66a590f::input-params ::GET::::{"searchTerm":"ga"}
2024-08-28 21:01:42::info::/v1/api/user/me::b7530ee0-8fe3-4904-9958-df7326800966::input-params ::GET::::{}
2024-08-28 21:01:42::error::/v1/api/user/me::b7530ee0-8fe3-4904-9958-df7326800966::403 - 0ms - Response: {"status":403,"now":1724853702857}::{"message":"Access token missing"}
2024-08-28 21:01:42::info::/v1/api/movement/readMovements::40c5cad0-0c82-46dc-bc04-4b9736f7eafa::input-params ::GET::::{}
2024-08-28 21:01:57::info::/v1/api/user/me::391b4d43-1984-482d-b2f9-94deaddd42e2::input-params ::GET::::{}
2024-08-28 21:01:57::error::/v1/api/user/me::391b4d43-1984-482d-b2f9-94deaddd42e2::403 - 0ms - Response: {"status":403,"now":1724853717784}::{"message":"Access token missing"}
2024-08-28 21:01:57::info::/v1/api/movement/readMovements::b7ed986b-91d6-43f4-8c5d-0a1910aac558::input-params ::GET::::{}
2024-08-28 21:01:58::info::/v1/api/news/readNewss::fdc2740c-4bd4-41d0-899b-c350a230d955::input-params ::GET::::{}
2024-08-28 21:01:58::info::/v1/api/recommender/readPopularPosts::18590bc0-7382-4305-a5c8-ba5b29a937ca::input-params ::GET::::{}
2024-08-28 21:01:59::info::/v1/api/post/readPost/66a5fa4b54ac59de697c5091::b7d64f4c-82a0-4f7a-acc8-d1a619fea926::input-params ::GET::::{}
2024-08-28 21:02:03::info::/v1/api/post/readPost/66a5f8b954ac59de697c3d13::0adc404f-a865-4ab1-b85b-6009f61b2d19::input-params ::GET::::{}
2024-08-28 21:02:04::info::/v1/api/post/readPost/66a5fc8854ac59de697c8263::42648bf5-9d5c-49fd-9d5b-b47713c3fd6c::input-params ::GET::::{}
2024-08-28 21:02:05::info::/v1/api/post/readPost/66a5f9a654ac59de697c4ab9::80e05dff-e105-4761-a31b-216b4f6a57c7::input-params ::GET::::{}
2024-08-28 21:02:10::info::/v1/api/user/me::6e4c99f9-ae26-4332-9603-150d6ba6c816::input-params ::GET::::{}
2024-08-28 21:02:10::error::/v1/api/user/me::6e4c99f9-ae26-4332-9603-150d6ba6c816::403 - 0ms - Response: {"status":403,"now":1724853730554}::{"message":"Access token missing"}
2024-08-28 21:02:10::info::/v1/api/movement/readMovements::8a4e5877-4003-48a9-b0aa-315efbdc2447::input-params ::GET::::{}
2024-08-28 21:02:10::info::/v1/api/news/readNewss::b24ce187-0e08-4d0f-98a2-6ad9b89fd2cc::input-params ::GET::::{}
2024-08-28 21:02:10::info::/v1/api/recommender/readPopularPosts::40a70c5f-3407-46b2-bbd7-8965787619a3::input-params ::GET::::{}
2024-08-28 21:02:10::info::/v1/api/post/readPost/66a5f9a654ac59de697c4ab9::d6efde2a-42c7-44b7-9a91-55f93dd1caa9::input-params ::GET::::{}
2024-08-28 21:02:16::info::/v1/api/user/readUserProfile/66a5f1b254ac59de697b59f9::71fcfe08-4793-4057-8ef2-76b82132d7d7::input-params ::GET::::{}
2024-08-28 21:02:16::info::/v1/api/post/readPostCategoriesWithPosts/66a5f1b254ac59de697b59f9::9fc00de4-4499-4427-814e-67836b33a3d5::input-params ::GET::::{}
2024-08-28 21:02:25::info::/v1/api/news/readNewss::1ed5eff9-dbd6-4320-8578-d0d21c4f7fc2::input-params ::GET::::{}
2024-08-28 21:02:25::info::/v1/api/post/readPost/66a5f9a654ac59de697c4ab9::4b5c14e5-2905-4003-aee4-15fbe21825c3::input-params ::GET::::{}
2024-08-28 21:02:25::info::/v1/api/recommender/readPopularPosts::5928b845-182c-4858-9a68-91a8ea469f83::input-params ::GET::::{}
2024-08-28 21:02:55::info::/v1/api/post/readPost/66a5f9a654ac59de697c4ab9::8fcbad16-bf60-4308-a215-c817f434e3b2::input-params ::GET::::{}
2024-08-28 21:03:04::info::/v1/api/post/readPost/66a5f9a654ac59de697c4ab9::8483f7ff-3d4d-4e5f-b02b-f9ea294ae3f0::input-params ::GET::::{}
2024-08-28 21:03:08::info::/v1/api/post/readPost/66a5f9a654ac59de697c4ab9::d3f80013-71e6-4f93-b06c-d407724ec9cc::input-params ::GET::::{}
2024-08-28 21:03:09::info::/v1/api/user/me::9d87c3fa-0d3b-47a3-9e7b-23029583cbf5::input-params ::GET::::{}
2024-08-28 21:03:09::error::/v1/api/user/me::9d87c3fa-0d3b-47a3-9e7b-23029583cbf5::403 - 0ms - Response: {"status":403,"now":1724853789142}::{"message":"Access token missing"}
2024-08-28 21:03:09::info::/v1/api/movement/readMovements::ceadca15-9cf8-49d4-9896-dc57caf42685::input-params ::GET::::{}
2024-08-28 21:03:09::info::/v1/api/news/readNewss::dbb76491-e977-4afa-ba2e-b27374db6790::input-params ::GET::::{}
2024-08-28 21:03:09::info::/v1/api/recommender/readPopularPosts::fb8c296e-55c0-4816-bbec-ada97ac67971::input-params ::GET::::{}
2024-08-28 21:03:09::info::/v1/api/post/readPost/66a5f9a654ac59de697c4ab9::e10cfcf8-e30b-4868-a943-ed6fdfb7fd96::input-params ::GET::::{}
2024-08-28 21:03:25::info::/v1/api/post/readPost/66a5f9a654ac59de697c4ab9::58989f70-7eb1-4022-a619-e118ee6861e3::input-params ::GET::::{}
2024-08-28 21:03:25::info::/v1/api/user/me::0135e84b-b6e1-475e-8e99-90e0e238931d::input-params ::GET::::{}
2024-08-28 21:03:25::error::/v1/api/user/me::0135e84b-b6e1-475e-8e99-90e0e238931d::403 - 0ms - Response: {"status":403,"now":1724853805995}::{"message":"Access token missing"}
2024-08-28 21:03:26::info::/v1/api/movement/readMovements::71b0bcf3-2c6d-4d5a-b572-f1c5f6e48e6f::input-params ::GET::::{}
2024-08-28 21:03:26::info::/v1/api/news/readNewss::39cc0406-2f0f-4576-9621-5fe5b9dde952::input-params ::GET::::{}
2024-08-28 21:03:26::info::/v1/api/recommender/readPopularPosts::a5be4da2-02a2-48bb-91e6-5bfc09df4036::input-params ::GET::::{}
2024-08-28 21:03:26::info::/v1/api/post/readPost/66a5f9a654ac59de697c4ab9::441b16d1-d1f1-43b2-b2af-161efd8c91bb::input-params ::GET::::{}
2024-08-28 21:03:43::info::/v1/api/post/readPost/66a5f9a654ac59de697c4ab9::1284f7b2-5946-42c5-8357-5c9524c0483f::input-params ::GET::::{}
2024-08-28 21:03:47::info::/v1/api/user/me::f1909540-9f9a-462d-beb8-8e5334b43bce::input-params ::GET::::{}
2024-08-28 21:03:47::error::/v1/api/user/me::f1909540-9f9a-462d-beb8-8e5334b43bce::403 - 0ms - Response: {"status":403,"now":1724853827684}::{"message":"Access token missing"}
2024-08-28 21:03:47::info::/v1/api/movement/readMovements::a056d7df-cf3f-4411-ae83-f6369d03e46a::input-params ::GET::::{}
2024-08-28 21:03:47::info::/v1/api/news/readNewss::38e90a5b-4d03-4913-b669-a42bae5b0a65::input-params ::GET::::{}
2024-08-28 21:03:47::info::/v1/api/recommender/readPopularPosts::1a221199-f0ad-4cf7-8c91-a98f02d642e1::input-params ::GET::::{}
2024-08-28 21:03:47::info::/v1/api/post/readPost/66a5f9a654ac59de697c4ab9::63b9d515-073c-4173-ae1c-fe934cc323ca::input-params ::GET::::{}
2024-08-28 21:04:06::info::/v1/api/user/me::6e5c8996-4ff5-41a2-92f8-03b5670a1fc5::input-params ::GET::::{}
2024-08-28 21:04:06::error::/v1/api/user/me::6e5c8996-4ff5-41a2-92f8-03b5670a1fc5::403 - 0ms - Response: {"status":403,"now":1724853846622}::{"message":"Access token missing"}
2024-08-28 21:04:06::info::/v1/api/movement/readMovements::0afabe5a-b28b-431d-9e24-8f88bbeb58a2::input-params ::GET::::{}
2024-08-28 21:04:06::info::/v1/api/news/readNewss::7159f10f-f0d7-4014-b3a3-92a4d54314c1::input-params ::GET::::{}
2024-08-28 21:04:06::info::/v1/api/recommender/readPopularPosts::af7c389a-9fea-438c-b903-e76b3d54cd09::input-params ::GET::::{}
2024-08-28 21:04:06::info::/v1/api/post/readPost/66a5f9a654ac59de697c4ab9::a38f773d-998d-49eb-ba57-bdd600bd7b06::input-params ::GET::::{}
2024-08-28 21:04:17::info::/v1/api/user/me::a6cc7e30-abab-4e70-adbc-ca3c71f7b20f::input-params ::GET::::{}
2024-08-28 21:04:17::error::/v1/api/user/me::a6cc7e30-abab-4e70-adbc-ca3c71f7b20f::403 - 1ms - Response: {"status":403,"now":1724853857784}::{"message":"Access token missing"}
2024-08-28 21:04:17::info::/v1/api/movement/readMovements::0e66852a-4a5f-4f3b-b8a9-93f5820e1616::input-params ::GET::::{}
2024-08-28 21:04:20::info::/v1/api/user/me::e9ad3be6-e7ef-4a7b-9865-ccfc065e8f8e::input-params ::GET::::{}
2024-08-28 21:04:20::error::/v1/api/user/me::e9ad3be6-e7ef-4a7b-9865-ccfc065e8f8e::403 - 1ms - Response: {"status":403,"now":1724853860880}::{"message":"Access token missing"}
2024-08-28 21:04:20::info::/v1/api/movement/readMovements::823c9537-95df-435f-8e62-0d94e3bcb576::input-params ::GET::::{}
2024-08-28 21:04:20::info::/v1/api/news/readNewss::a21f0754-f819-4098-ac54-416c7fb86bb8::input-params ::GET::::{}
2024-08-28 21:04:20::info::/v1/api/recommender/readPopularPosts::67d071e0-e123-4fde-a82a-3acd46300d19::input-params ::GET::::{}
2024-08-28 21:04:28::info::/v1/api/user/me::5ba284da-361c-42ad-82e9-b17609d60f39::input-params ::GET::::{}
2024-08-28 21:04:28::error::/v1/api/user/me::5ba284da-361c-42ad-82e9-b17609d60f39::403 - 0ms - Response: {"status":403,"now":1724853868654}::{"message":"Access token missing"}
2024-08-28 21:04:28::info::/v1/api/movement/readMovements::3a962c37-9c95-47db-9497-d310e5ac9dcd::input-params ::GET::::{}
2024-08-28 21:04:28::info::/v1/api/news/readNewss::632a2586-81b3-4101-8543-c282638bef03::input-params ::GET::::{}
2024-08-28 21:04:28::info::/v1/api/recommender/readPopularPosts::e8a3146d-448c-4355-a2a7-547920c80d64::input-params ::GET::::{}
2024-08-28 21:04:39::info::/v1/api/user/me::e30211a7-1a33-43be-ba4a-a18fa2462167::input-params ::GET::::{}
2024-08-28 21:04:39::error::/v1/api/user/me::e30211a7-1a33-43be-ba4a-a18fa2462167::403 - 0ms - Response: {"status":403,"now":1724853879027}::{"message":"Access token missing"}
2024-08-28 21:04:39::info::/v1/api/movement/readMovements::a1367189-3126-4524-995f-5d8a0d4d625f::input-params ::GET::::{}
2024-08-28 21:04:39::info::/v1/api/news/readNewss::44f3c71a-75c2-49ed-b6a1-ac8cf47dcb13::input-params ::GET::::{}
2024-08-28 21:04:39::info::/v1/api/recommender/readPopularPosts::5031c072-c9e6-45d6-828d-200717dfa3bf::input-params ::GET::::{}
2024-08-28 21:04:44::info::/v1/api/user/me::35e8b225-545f-4898-a7a2-bafb38e5cbb1::input-params ::GET::::{}
2024-08-28 21:04:44::error::/v1/api/user/me::35e8b225-545f-4898-a7a2-bafb38e5cbb1::403 - 0ms - Response: {"status":403,"now":1724853884170}::{"message":"Access token missing"}
2024-08-28 21:04:44::info::/v1/api/movement/readMovements::aae37dd7-e067-46bd-ac33-1cab17e13d08::input-params ::GET::::{}
2024-08-28 21:04:44::info::/v1/api/news/readNewss::f3c68c00-21c9-4f95-b3fd-6b7d491216c0::input-params ::GET::::{}
2024-08-28 21:04:44::info::/v1/api/recommender/readPopularPosts::08d1d598-1d68-4eb3-beda-1a2847c82933::input-params ::GET::::{}
2024-08-28 21:04:58::info::/v1/api/movement/readMovements::eceb0ce4-360d-4e36-94e5-29ecb561bba5::input-params ::GET::::{}
2024-08-28 21:04:58::info::/v1/api/user/me::24c328f5-0791-41a6-9d24-7ac5b5986c08::input-params ::GET::::{}
2024-08-28 21:04:58::error::/v1/api/user/me::24c328f5-0791-41a6-9d24-7ac5b5986c08::403 - 0ms - Response: {"status":403,"now":1724853898872}::{"message":"Access token missing"}
2024-08-28 21:04:59::info::/v1/api/user/me::75757eca-cb3c-4342-a172-0bbe98916345::input-params ::GET::::{}
2024-08-28 21:04:59::error::/v1/api/user/me::75757eca-cb3c-4342-a172-0bbe98916345::403 - 0ms - Response: {"status":403,"now":1724853899765}::{"message":"Access token missing"}
2024-08-28 21:04:59::info::/v1/api/movement/readMovements::b48facb6-59f9-4ead-ab01-6bb0e5f2fd9a::input-params ::GET::::{}
2024-08-28 21:04:59::info::/v1/api/news/readNewss::11bf8416-4328-436a-8ea0-8f1e6337d5e3::input-params ::GET::::{}
2024-08-28 21:04:59::info::/v1/api/recommender/readPopularPosts::77296d8e-0e87-4878-9da9-700a7e7f0d33::input-params ::GET::::{}
2024-08-28 21:05:08::info::/v1/api/user/me::14c51895-848c-4e82-85b5-c6ccb0f8334e::input-params ::GET::::{}
2024-08-28 21:05:08::error::/v1/api/user/me::14c51895-848c-4e82-85b5-c6ccb0f8334e::403 - 0ms - Response: {"status":403,"now":1724853908392}::{"message":"Access token missing"}
2024-08-28 21:05:08::info::/v1/api/movement/readMovements::f054eece-e4b1-4576-9f6d-9fb78fa838fc::input-params ::GET::::{}
2024-08-28 21:05:24::info::/v1/api/user/me::61e096cf-b560-4fb9-9ed3-e612d155ef9f::input-params ::GET::::{}
2024-08-28 21:05:24::error::/v1/api/user/me::61e096cf-b560-4fb9-9ed3-e612d155ef9f::403 - 0ms - Response: {"status":403,"now":1724853924538}::{"message":"Access token missing"}
2024-08-28 21:05:24::info::/v1/api/movement/readMovements::e8bc9f73-9827-40e5-8f1a-f2ac5efe815c::input-params ::GET::::{}
2024-08-28 21:05:26::info::/v1/api/user/me::7bc9bdd2-766f-4384-b076-e4ebab3cb94a::input-params ::GET::::{}
2024-08-28 21:05:26::error::/v1/api/user/me::7bc9bdd2-766f-4384-b076-e4ebab3cb94a::403 - 0ms - Response: {"status":403,"now":1724853926167}::{"message":"Access token missing"}
2024-08-28 21:05:26::info::/v1/api/movement/readMovements::535bb4b9-37c1-4e63-83d0-7e6e78a9ce76::input-params ::GET::::{}
2024-08-28 21:05:26::info::/v1/api/news/readNewss::eeb4dd27-d68a-4797-8df5-687418bcd3f9::input-params ::GET::::{}
2024-08-28 21:05:26::info::/v1/api/recommender/readPopularPosts::4cb9c4ab-d6df-431b-b290-343ea9f4b0e2::input-params ::GET::::{}
2024-08-28 21:05:27::info::/v1/api/user/me::87fa2302-47c5-453b-a748-3176701362e5::input-params ::GET::::{}
2024-08-28 21:05:27::error::/v1/api/user/me::87fa2302-47c5-453b-a748-3176701362e5::403 - 0ms - Response: {"status":403,"now":1724853927584}::{"message":"Access token missing"}
2024-08-28 21:05:27::info::/v1/api/movement/readMovements::0bbc8177-916e-49d6-86af-2604adf6f6bc::input-params ::GET::::{}
2024-08-28 21:05:27::info::/v1/api/news/readNewss::052bd6aa-f024-450d-a2fa-dfdfb929f71f::input-params ::GET::::{}
2024-08-28 21:05:27::info::/v1/api/recommender/readPopularPosts::6da66a46-5e50-4b3b-8054-471eddbb2bd2::input-params ::GET::::{}
2024-08-28 21:05:31::info::/v1/api/user/me::a17f5c88-c55f-40c9-914f-39d7b7a3a536::input-params ::GET::::{}
2024-08-28 21:05:31::error::/v1/api/user/me::a17f5c88-c55f-40c9-914f-39d7b7a3a536::403 - 0ms - Response: {"status":403,"now":1724853931279}::{"message":"Access token missing"}
2024-08-28 21:05:31::info::/v1/api/movement/readMovements::de7bddec-bacf-4224-8679-312af4cc9bd8::input-params ::GET::::{}
2024-08-28 21:05:32::info::/v1/api/user/me::3395cf08-5065-4652-acd2-0320723b2999::input-params ::GET::::{}
2024-08-28 21:05:32::error::/v1/api/user/me::3395cf08-5065-4652-acd2-0320723b2999::403 - 0ms - Response: {"status":403,"now":1724853932627}::{"message":"Access token missing"}
2024-08-28 21:05:32::info::/v1/api/movement/readMovements::73978d49-2f84-4746-9d7e-7ad164d1f374::input-params ::GET::::{}
2024-08-28 21:05:32::info::/v1/api/user/me::6870710b-62dc-4382-a56e-395852b6a52c::input-params ::GET::::{}
2024-08-28 21:05:32::error::/v1/api/user/me::6870710b-62dc-4382-a56e-395852b6a52c::403 - 0ms - Response: {"status":403,"now":1724853932865}::{"message":"Access token missing"}
2024-08-28 21:05:32::info::/v1/api/movement/readMovements::63bfa171-7114-4a3d-a57e-4ce594a4f65f::input-params ::GET::::{}
2024-08-28 21:05:34::info::/v1/api/user/me::268a1cad-ad07-4eb9-ae78-6bec69869a06::input-params ::GET::::{}
2024-08-28 21:05:34::error::/v1/api/user/me::268a1cad-ad07-4eb9-ae78-6bec69869a06::403 - 0ms - Response: {"status":403,"now":1724853934062}::{"message":"Access token missing"}
2024-08-28 21:05:34::info::/v1/api/movement/readMovements::c9986ee1-43ab-4882-81ce-0f9ffded2447::input-params ::GET::::{}
2024-08-28 21:05:34::info::/v1/api/news/readNewss::82eeaa18-3d48-41f4-a54d-48ff557e7e9c::input-params ::GET::::{}
2024-08-28 21:05:34::info::/v1/api/recommender/readPopularPosts::cdf74dd2-e8fa-42d8-9de8-09204da37512::input-params ::GET::::{}
2024-08-28 21:05:36::info::/v1/api/user/me::c94bd3bf-29ff-4498-9dd3-f6e3ee9fdc75::input-params ::GET::::{}
2024-08-28 21:05:36::error::/v1/api/user/me::c94bd3bf-29ff-4498-9dd3-f6e3ee9fdc75::403 - 0ms - Response: {"status":403,"now":1724853936017}::{"message":"Access token missing"}
2024-08-28 21:05:36::info::/v1/api/movement/readMovements::43ca4ca6-4648-40e1-be81-82783bf21ee3::input-params ::GET::::{}
2024-08-28 21:05:37::info::/v1/api/user/me::6e608e58-65ff-4c1f-98d4-d3ec339b2e0e::input-params ::GET::::{}
2024-08-28 21:05:37::error::/v1/api/user/me::6e608e58-65ff-4c1f-98d4-d3ec339b2e0e::403 - 0ms - Response: {"status":403,"now":1724853937022}::{"message":"Access token missing"}
2024-08-28 21:05:37::info::/v1/api/movement/readMovements::5f397a15-556a-4ea7-a5b1-7f0b01d2721d::input-params ::GET::::{}
2024-08-28 21:05:37::info::/v1/api/user/me::556b58be-32f3-4151-881d-128c242c9349::input-params ::GET::::{}
2024-08-28 21:05:37::error::/v1/api/user/me::556b58be-32f3-4151-881d-128c242c9349::403 - 0ms - Response: {"status":403,"now":1724853937232}::{"message":"Access token missing"}
2024-08-28 21:05:37::info::/v1/api/movement/readMovements::0063d42f-13c1-4092-a255-abf4592cc357::input-params ::GET::::{}
2024-08-28 21:05:39::info::/v1/api/user/me::7f544735-0df5-4108-9450-d55544cfcb75::input-params ::GET::::{}
2024-08-28 21:05:39::error::/v1/api/user/me::7f544735-0df5-4108-9450-d55544cfcb75::403 - 0ms - Response: {"status":403,"now":1724853939325}::{"message":"Access token missing"}
2024-08-28 21:05:39::info::/v1/api/news/readNewss::cac9507d-dba9-486c-803c-e1c4c55b3596::input-params ::GET::::{}
2024-08-28 21:05:39::info::/v1/api/movement/readMovements::8ca8c6a8-f204-4dba-8cf2-540f8213009b::input-params ::GET::::{}
2024-08-28 21:05:39::info::/v1/api/recommender/readPopularPosts::ff362f25-9cbf-4ba6-83fd-7bb8b2518d84::input-params ::GET::::{}
2024-08-28 21:05:42::info::/v1/api/user/me::3a032a69-7f00-498c-9173-00481d144d35::input-params ::GET::::{}
2024-08-28 21:05:42::error::/v1/api/user/me::3a032a69-7f00-498c-9173-00481d144d35::403 - 0ms - Response: {"status":403,"now":1724853942107}::{"message":"Access token missing"}
2024-08-28 21:05:42::info::/v1/api/movement/readMovements::3d406510-e6fc-4895-8af9-fb780ac55054::input-params ::GET::::{}
2024-08-28 21:05:43::info::/v1/api/user/me::adbf15fe-c34d-41b0-8c40-38b389358e2a::input-params ::GET::::{}
2024-08-28 21:05:43::error::/v1/api/user/me::adbf15fe-c34d-41b0-8c40-38b389358e2a::403 - 0ms - Response: {"status":403,"now":1724853943236}::{"message":"Access token missing"}
2024-08-28 21:05:43::info::/v1/api/movement/readMovements::75c61de3-94a2-4811-8155-0a60ade9dc87::input-params ::GET::::{}
2024-08-28 21:05:43::info::/v1/api/user/me::6140fee2-0715-4845-a4c1-8bf0e42980ce::input-params ::GET::::{}
2024-08-28 21:05:43::error::/v1/api/user/me::6140fee2-0715-4845-a4c1-8bf0e42980ce::403 - 0ms - Response: {"status":403,"now":1724853943420}::{"message":"Access token missing"}
2024-08-28 21:05:43::info::/v1/api/movement/readMovements::2f02c1de-248c-41a1-a457-8f21291ecd21::input-params ::GET::::{}
2024-08-28 21:05:44::info::/v1/api/recommender/readPopularPosts::d9f90bb7-0073-485d-8705-850ce9403cad::input-params ::GET::::{}
2024-08-28 21:05:44::info::/v1/api/user/me::1ef8d1aa-3b12-4bb0-a461-8c74b1731503::input-params ::GET::::{}
2024-08-28 21:05:44::error::/v1/api/user/me::1ef8d1aa-3b12-4bb0-a461-8c74b1731503::403 - 0ms - Response: {"status":403,"now":1724853944126}::{"message":"Access token missing"}
2024-08-28 21:05:44::info::/v1/api/movement/readMovements::fee19094-20b7-4897-80d3-2d41ae198a0e::input-params ::GET::::{}
2024-08-28 21:05:44::info::/v1/api/news/readNewss::8607d1a0-cb2d-4a32-abca-c8e658fbcdb7::input-params ::GET::::{}
2024-08-28 21:05:44::info::/v1/api/user/me::692a4b90-5d5e-4c36-81c2-4041c774d83f::input-params ::GET::::{}
2024-08-28 21:05:44::error::/v1/api/user/me::692a4b90-5d5e-4c36-81c2-4041c774d83f::403 - 0ms - Response: {"status":403,"now":1724853944235}::{"message":"Access token missing"}
2024-08-28 21:05:44::info::/v1/api/movement/readMovements::72d8ff60-0658-4d21-9007-92e625eb81f6::input-params ::GET::::{}
2024-08-28 21:05:44::info::/v1/api/news/readNewss::6db8216f-e8a8-4e1d-850a-02147ea0ebee::input-params ::GET::::{}
2024-08-28 21:05:45::info::/v1/api/post/readPost/66a5fafb54ac59de697c5e66::d8f38178-b229-4d23-be08-315bda0c0954::input-params ::GET::::{}
2024-08-28 21:05:50::info::/v1/api/user/me::5416fd70-116b-4100-b1cf-0a6f2b2b5316::input-params ::GET::::{}
2024-08-28 21:05:50::error::/v1/api/user/me::5416fd70-116b-4100-b1cf-0a6f2b2b5316::403 - 0ms - Response: {"status":403,"now":1724853950852}::{"message":"Access token missing"}
2024-08-28 21:05:50::info::/v1/api/movement/readMovements::2911e25e-5974-40e5-8191-bd63644bc1ee::input-params ::GET::::{}
2024-08-28 21:05:50::info::/v1/api/news/readNewss::46708274-a8d4-4705-bc14-878f2fbd69c5::input-params ::GET::::{}
2024-08-28 21:05:50::info::/v1/api/recommender/readPopularPosts::2bbe3454-995c-4831-9b0c-aca2f8d694c0::input-params ::GET::::{}
2024-08-28 21:05:50::info::/v1/api/post/readPost/66a5fafb54ac59de697c5e66::d0f0f825-e31f-4c5d-8ecd-4e909194eda6::input-params ::GET::::{}
2024-08-28 21:05:53::info::/v1/api/user/me::43532e1b-0c51-4cbc-aedf-1ab649ca2717::input-params ::GET::::{}
2024-08-28 21:05:53::error::/v1/api/user/me::43532e1b-0c51-4cbc-aedf-1ab649ca2717::403 - 0ms - Response: {"status":403,"now":1724853953858}::{"message":"Access token missing"}
2024-08-28 21:05:53::info::/v1/api/movement/readMovements::545a625d-ef0c-4090-b5e4-c4664e39b630::input-params ::GET::::{}
2024-08-28 21:05:54::info::/v1/api/news/readNewss::612bb6f6-f1a2-456a-a3f0-3fc346084e5d::input-params ::GET::::{}
2024-08-28 21:05:54::info::/v1/api/recommender/readPopularPosts::db5efa27-e74e-412d-9a10-484ea5ee5677::input-params ::GET::::{}
2024-08-28 21:05:58::info::/v1/api/user/me::08a1ae9d-6e7c-4327-a6a8-b5dd71266e45::input-params ::GET::::{}
2024-08-28 21:05:58::error::/v1/api/user/me::08a1ae9d-6e7c-4327-a6a8-b5dd71266e45::403 - 0ms - Response: {"status":403,"now":1724853958319}::{"message":"Access token missing"}
2024-08-28 21:05:58::info::/v1/api/movement/readMovements::8a2ea229-a75a-4757-b8d3-69fd872c6f65::input-params ::GET::::{}
2024-08-28 21:05:59::info::/v1/api/user/me::1db68bc1-b29b-48ce-ab64-0a5c4fa2ca8a::input-params ::GET::::{}
2024-08-28 21:05:59::error::/v1/api/user/me::1db68bc1-b29b-48ce-ab64-0a5c4fa2ca8a::403 - 0ms - Response: {"status":403,"now":1724853959830}::{"message":"Access token missing"}
2024-08-28 21:05:59::info::/v1/api/movement/readMovements::ac280522-f9ff-4569-a8cf-fd815ff7db4c::input-params ::GET::::{}
2024-08-28 21:06:00::info::/v1/api/user/me::c70101bd-33a3-4764-b0b6-5d459eee5816::input-params ::GET::::{}
2024-08-28 21:06:00::error::/v1/api/user/me::c70101bd-33a3-4764-b0b6-5d459eee5816::403 - 0ms - Response: {"status":403,"now":1724853960017}::{"message":"Access token missing"}
2024-08-28 21:06:00::info::/v1/api/movement/readMovements::22124ff2-5e45-4a2d-80bc-e23cf26a8d68::input-params ::GET::::{}
2024-08-28 21:06:00::info::/v1/api/news/readNewss::7cad55f7-d151-4158-887e-041c26d939d6::input-params ::GET::::{}
2024-08-28 21:06:00::info::/v1/api/post/readPost/66a5aacc73370474cf4eb218::a115065c-d466-48fd-9411-eb4774ab47d0::input-params ::GET::::{}
2024-08-28 21:06:00::info::/v1/api/recommender/readPopularPosts::d1bf1035-ce74-4290-b2f3-db0262efb5cb::input-params ::GET::::{}
2024-08-28 21:06:00::info::/v1/api/user/me::f541937e-5782-4507-9d49-5984ac31ca65::input-params ::GET::::{}
2024-08-28 21:06:00::error::/v1/api/user/me::f541937e-5782-4507-9d49-5984ac31ca65::403 - 0ms - Response: {"status":403,"now":1724853960890}::{"message":"Access token missing"}
2024-08-28 21:06:00::info::/v1/api/movement/readMovements::c59e2c9b-1182-4772-acdc-e234df70cc3a::input-params ::GET::::{}
2024-08-28 21:06:00::info::/v1/api/news/readNewss::6ae1fefa-b993-41cd-a64f-2df68ba9ed61::input-params ::GET::::{}
2024-08-28 21:06:01::info::/v1/api/recommender/readPopularPosts::e572345b-a822-4a0d-bfed-ae5dd57e46ca::input-params ::GET::::{}
2024-08-28 21:06:02::info::/v1/api/user/me::6e75ddae-6c22-4f6a-bea1-b2bebbf5df1b::input-params ::GET::::{}
2024-08-28 21:06:02::error::/v1/api/user/me::6e75ddae-6c22-4f6a-bea1-b2bebbf5df1b::403 - 0ms - Response: {"status":403,"now":1724853962266}::{"message":"Access token missing"}
2024-08-28 21:06:02::info::/v1/api/movement/readMovements::9ba038fb-4f55-413c-9721-73216078efef::input-params ::GET::::{}
2024-08-28 21:06:02::info::/v1/api/news/readNewss::3808c148-35a3-4fea-b463-56d4b96bb36f::input-params ::GET::::{}
2024-08-28 21:06:02::info::/v1/api/post/readPost/66a5aacc73370474cf4eb218::711b25f8-7036-4528-a6dd-40448d849bba::input-params ::GET::::{}
2024-08-28 21:06:02::info::/v1/api/recommender/readPopularPosts::7c7c1e1f-cf88-4039-bb9c-bb0233df9a5c::input-params ::GET::::{}
2024-08-28 21:06:06::info::/v1/api/user/me::b7a73c8f-78d7-467d-a2fa-ac5f82ecaf56::input-params ::GET::::{}
2024-08-28 21:06:06::error::/v1/api/user/me::b7a73c8f-78d7-467d-a2fa-ac5f82ecaf56::403 - 0ms - Response: {"status":403,"now":1724853966724}::{"message":"Access token missing"}
2024-08-28 21:06:06::info::/v1/api/movement/readMovements::62106c81-5bff-43ee-b738-8154f1948838::input-params ::GET::::{}
2024-08-28 21:06:06::info::/v1/api/news/readNewss::adbe1eca-ef68-46f1-b014-f7b9c57988fe::input-params ::GET::::{}
2024-08-28 21:06:06::info::/v1/api/recommender/readPopularPosts::832015be-09ae-4151-96f1-67257d449d8e::input-params ::GET::::{}
2024-08-28 21:06:30::info::/v1/api/user/me::1861f11f-cda6-4615-b880-d06ce942e1d1::input-params ::GET::::{}
2024-08-28 21:06:30::error::/v1/api/user/me::1861f11f-cda6-4615-b880-d06ce942e1d1::403 - 0ms - Response: {"status":403,"now":1724853990716}::{"message":"Access token missing"}
2024-08-28 21:06:30::info::/v1/api/movement/readMovements::e6a7cc63-41c6-4ea5-a190-27caea5b986c::input-params ::GET::::{}
2024-08-28 21:06:30::info::/v1/api/news/readNewss::817d4096-f43b-4073-9057-8ac7c6bf6099::input-params ::GET::::{}
2024-08-28 21:06:30::info::/v1/api/recommender/readPopularPosts::7794214a-2204-4d30-8fe5-ceb1948d9750::input-params ::GET::::{}
2024-08-28 21:06:41::info::/v1/api/user/me::b2929121-09ef-4848-8d7f-36b21e844dc8::input-params ::GET::::{}
2024-08-28 21:06:41::error::/v1/api/user/me::b2929121-09ef-4848-8d7f-36b21e844dc8::403 - 0ms - Response: {"status":403,"now":1724854001636}::{"message":"Access token missing"}
2024-08-28 21:06:41::info::/v1/api/movement/readMovements::865a8b99-a81a-4ee1-8aba-133b22d206b4::input-params ::GET::::{}
2024-08-28 21:06:41::info::/v1/api/news/readNewss::2b115d2b-3ac7-41da-9b8d-d913fbd4ed1c::input-params ::GET::::{}
2024-08-28 21:06:41::info::/v1/api/recommender/readPopularPosts::26a10ef9-81f5-46ce-bf74-d7c60db15b1c::input-params ::GET::::{}
2024-08-28 21:06:43::info::/v1/api/auth/google::bf74bb19-43a5-4159-b908-df9288547204::input-params ::GET::::{}
2024-08-28 21:07:09::info::/v1/api/auth/google/callback::b4da32db-218f-4cee-8ecf-41dd995043d8::input-params ::GET::::{"code":"4/0AQlEd8xEvVuC3i0pgQv5CYaZTQX1TnU6wpxNDQuJDRVLgYaivHRyeBhKPLEMV4V9TrWy2w","scope":"email profile openid https://www.googleapis.com/auth/userinfo.profile https://www.googleapis.com/auth/userinfo.email","authuser":"2","prompt":"consent"}
2024-08-28 21:07:10::info::/v1/api/user/me::9c6cb006-7e9d-4965-b6d8-314289de2096::input-params ::GET::::{}
2024-08-28 21:07:10::info::/v1/api/movement/readMovements::4518a297-31f6-4295-bf0a-58b82ff8c69b::input-params ::GET::::{}
2024-08-28 21:07:11::info::/v1/api/recommender/readPopularPosts::b988db18-ed00-4976-97ef-32acab790aa0::input-params ::GET::::{}
2024-08-28 21:07:11::info::/v1/api/news/readNewss::df35e7cd-dc48-4ecf-b878-ed049b991e90::input-params ::GET::::{}
2024-08-28 21:07:17::info::/v1/api/post/bookmarkPost/66a5aacc73370474cf4eb218::19657ef4-cb06-4f13-9186-326440704132::input-params ::PATCH::::{}
2024-08-28 21:07:18::info::/v1/api/post/likePost/66a5aacc73370474cf4eb218::d50244c3-d08c-4ff6-9178-795e4e4b65ab::input-params ::PATCH::::{}
2024-08-28 21:07:23::info::/v1/api/post/likePost/66a5aacc73370474cf4eb218::06f1ba69-5931-4bb4-8e4f-baea18219478::input-params ::PATCH::::{}
2024-08-28 21:07:23::info::/v1/api/notification/createNotification::cc0efde8-cc2c-4f29-bba5-d7b06b162cf6::input-params ::POST::::{"receiverId":"66a5a57173370474cf4eacca","type":"like","url":"/users/66a5a57173370474cf4eacca/profile-posts/66a5aacc73370474cf4eb218"}
2024-08-28 21:07:25::info::/v1/api/post/bookmarkPost/66a5aacc73370474cf4eb218::4cc59d80-5637-4917-9b6a-0a6f213258d2::input-params ::PATCH::::{}
2024-08-28 21:07:25::info::/v1/api/notification/createNotification::37c11fe0-7791-4b38-a2e9-9ffa809e44a7::input-params ::POST::::{"receiverId":"66a5a57173370474cf4eacca","type":"bookmark","url":"/users/66a5a57173370474cf4eacca/profile-posts/66a5aacc73370474cf4eb218"}
2024-08-28 21:07:33::info::/v1/api/movement/readMovements::84c4f882-8355-4859-884d-df6c9654a836::input-params ::GET::::{}
2024-08-28 21:07:33::info::/v1/api/news/readNewss::c31eabae-b657-415e-8b65-7716300965c3::input-params ::GET::::{}
2024-08-28 21:07:33::info::/v1/api/recommender/readPopularPosts::07266af1-cb2e-4dbc-b1e9-017b81d3a9d0::input-params ::GET::::{}
2024-08-28 21:07:35::info::/v1/api/news/readNewss::8b77ece2-4eb4-4344-85e4-7aa85fc51123::input-params ::GET::::{}
2024-08-28 21:07:35::info::/v1/api/movement/readMovements::c4a61386-76ea-4a14-a869-90faee78cf69::input-params ::GET::::{}
2024-08-28 21:07:35::info::/v1/api/recommender/readPopularPosts::4cc6df5e-725f-4a1e-b825-2446b2104736::input-params ::GET::::{}
2024-08-28 21:08:01::info::/v1/api/recommender/readPopularPosts::6ca1f17c-8c87-483b-bded-c0e863a8a9d4::input-params ::GET::::{}
2024-08-28 21:08:01::info::/v1/api/news/readNewss::f107f791-e1ff-4096-ae59-c34de8f200f3::input-params ::GET::::{}
2024-08-28 21:08:01::info::/v1/api/movement/readMovements::f58ed7f5-c59c-4022-bc3f-01e182a86312::input-params ::GET::::{}
2024-08-28 21:08:07::info::/v1/api/movement/readMovements::fd81e7ab-76f9-4016-b287-1ea5a017d587::input-params ::GET::::{}
2024-08-28 21:08:07::info::/v1/api/recommender/readPopularPosts::2d673aa7-3a88-45db-8522-bf8d1c235355::input-params ::GET::::{}
2024-08-28 21:08:07::info::/v1/api/news/readNewss::fba1c8f7-817b-436e-87a2-d943866d6e7c::input-params ::GET::::{}
2024-08-28 21:08:09::info::/v1/api/recommender/readPopularCommissionServices::532b7769-5af8-4761-aa1b-7519b9a13c84::input-params ::GET::::{}
2024-08-28 21:08:12::info::/v1/api/commissionService/bookmarkCommissionService/66a66421012a4416634e6f1d::5f4dcbcf-8f4b-4163-b58a-17b8950a3be7::input-params ::PATCH::::{}
2024-08-28 21:08:12::info::/v1/api/notification/createNotification::307d444d-0287-47e7-bebc-6e31e53a749b::input-params ::POST::::{"receiverId":"66a6533554ac59de697f7836","type":"bookmark"}
2024-08-28 21:08:16::info::/v1/api/auth/users/logout::dba49816-4d8f-4614-9359-6a38ad20b31c::input-params ::POST::::{}
2024-08-28 21:08:16::info::/v1/api/user/me::fdf77f69-f4c5-4845-a160-d3c55e5bc5e1::input-params ::GET::::{}
2024-08-28 21:08:16::error::/v1/api/user/me::fdf77f69-f4c5-4845-a160-d3c55e5bc5e1::403 - 0ms - Response: {"status":403,"now":1724854096722}::{"message":"Access token missing"}
2024-08-28 21:08:22::info::/v1/api/auth/google::f48a4254-b12d-4646-a7f3-77bcd8cd1cce::input-params ::GET::::{}
2024-08-28 21:08:26::info::/v1/api/auth/google/callback::07c11724-550c-45a3-ad87-28944cd0ea32::input-params ::GET::::{"code":"4/0AQlEd8zdljK0woa8-HUcHS9qiQBUFQoIBDFh_zOKWXqIs_clKhLVFky9fcorta5Gt0D1qA","scope":"email profile openid https://www.googleapis.com/auth/userinfo.profile https://www.googleapis.com/auth/userinfo.email","authuser":"2","prompt":"consent"}
2024-08-28 21:08:27::info::/v1/api/user/me::c9647956-87db-498f-8c02-52ebce05507b::input-params ::GET::::{}
2024-08-28 21:08:28::info::/v1/api/movement/readMovements::4694de68-83b6-41ce-b849-5afd7707283d::input-params ::GET::::{}
2024-08-28 21:08:28::info::/v1/api/recommender/readPopularPosts::07a23ffa-7be2-40c6-98ad-9a17ed1515c5::input-params ::GET::::{}
2024-08-28 21:08:28::info::/v1/api/news/readNewss::43c0f618-90a0-4e4d-8548-ce11a9932eba::input-params ::GET::::{}
2024-08-28 21:08:45::info::/v1/api/movement/readMovements::b77f4385-a292-4168-89cf-ab8485b6d24d::input-params ::GET::::{}
2024-08-28 21:08:45::info::/v1/api/recommender/readPopularPosts::e513a7f2-5a49-4d12-b01a-b210dd1b681d::input-params ::GET::::{}
2024-08-28 21:08:45::info::/v1/api/news/readNewss::36ab2be1-5129-439e-af78-f9c85b1244c2::input-params ::GET::::{}
2024-08-28 21:08:45::info::/v1/api/post/readPost/66a5f8b954ac59de697c3d13::eba245e0-4190-474f-88ec-e4f5ea20ec1d::input-params ::GET::::{}
2024-08-28 21:08:49::info::/v1/api/recommender/readPopularCommissionServices::f6108115-8ed9-4ed9-af38-0ad6b1e169ff::input-params ::GET::::{}
2024-08-28 21:08:51::info::/v1/api/commissionService/bookmarkCommissionService/66a65ebf012a4416634e1820::16203e30-5ce5-489b-a9b2-593726e63e92::input-params ::PATCH::::{}
2024-08-28 21:08:52::info::/v1/api/notification/createNotification::29d99c2d-85cd-45dc-a5b0-7783e251e033::input-params ::POST::::{"receiverId":"66a6450b54ac59de697f0238","type":"bookmark"}
2024-08-28 21:08:52::info::/v1/api/commissionService/readCommissionService/66a65ebf012a4416634e1820::8cda6606-dc4c-4ab2-a6b4-888860abd474::input-params ::GET::::{}
2024-08-28 21:09:17::info::/v1/api/commissionService/readCommissionService/66a66421012a4416634e6f1d::f01ed578-2391-4e9e-9103-20c8717fa3f4::input-params ::GET::::{}
2024-08-28 21:09:37::info::/v1/api/commissionService/readCommissionService/66a66421012a4416634e6f1d::a196105f-7b39-42e4-9ba5-67fcfc956e86::input-params ::GET::::{}
2024-08-28 21:09:43::info::/v1/api/commissionService/readCommissionService/66a66421012a4416634e6f1d::c3a141e0-bb55-464a-b598-be485c17432f::input-params ::GET::::{}
2024-08-28 21:09:49::info::/v1/api/commissionService/readCommissionService/66a66421012a4416634e6f1d::bf48b81e-7564-40bf-8a9d-84650e11fda1::input-params ::GET::::{}
2024-08-28 21:09:53::info::/v1/api/commissionService/readCommissionService/66a66421012a4416634e6f1d::3b5d75a3-5cab-4b33-ac1a-bce26b749f87::input-params ::GET::::{}
2024-08-28 21:09:53::info::/v1/api/movement/readMovements::7c9555de-6986-4114-af0c-5b880a236d3b::input-params ::GET::::{}
2024-08-28 21:09:53::info::/v1/api/news/readNewss::6172dafc-1346-4c16-81ae-af54803d7d31::input-params ::GET::::{}
2024-08-28 21:09:53::info::/v1/api/recommender/readPopularCommissionServices::6e82d2d1-83b9-41b6-8c14-c01ab968da51::input-params ::GET::::{}
2024-08-28 21:09:56::info::/v1/api/user/me::9afac5a1-d0b7-42cb-935b-74099c27bebf::input-params ::GET::::{}
2024-08-28 21:09:56::info::/v1/api/movement/readMovements::517183e5-f9af-4c76-a661-2790ace68644::input-params ::GET::::{}
2024-08-28 21:09:57::info::/v1/api/recommender/readPopularCommissionServices::a334b644-8b1e-43ff-ac18-948162ad1d81::input-params ::GET::::{}
2024-08-28 21:09:57::info::/v1/api/news/readNewss::57461248-2ee5-4591-9a76-9da8ad7098ff::input-params ::GET::::{}
2024-08-28 21:09:58::info::/v1/api/commissionService/readCommissionService/66a65ebf012a4416634e1820::722b513f-c0fe-4159-85c9-9730c64c4f90::input-params ::GET::::{}
2024-08-28 21:10:05::info::/v1/api/commissionService/readCommissionService/66a65ebf012a4416634e1820::79e6e8bd-d054-489b-9503-4f5d9310eebf::input-params ::GET::::{}
2024-08-28 21:10:32::info::/v1/api/commissionService/readCommissionService/66a65ebf012a4416634e1820::e7104d18-5705-41af-ad27-9bd63b0419be::input-params ::GET::::{}
2024-08-28 21:10:33::info::/v1/api/commissionService/readCommissionService/66a65ebf012a4416634e1820::fae9a873-fae3-4dcc-a1ff-1b3105ae58c1::input-params ::GET::::{}
2024-08-28 21:10:33::info::/v1/api/movement/readMovements::fa02251f-fc52-4bbd-a7bb-47a80860d38c::input-params ::GET::::{}
2024-08-28 21:10:33::info::/v1/api/news/readNewss::82713847-7e20-4898-b6d8-1ceab81df989::input-params ::GET::::{}
2024-08-28 21:10:33::info::/v1/api/recommender/readPopularCommissionServices::b074206c-eaa1-4272-b16d-e84570522a0d::input-params ::GET::::{}
2024-08-28 21:10:33::info::/v1/api/commissionService/readCommissionService/66a65ebf012a4416634e1820::4cf99c76-fc44-4eff-8938-af970e6e7be3::input-params ::GET::::{}
2024-08-28 21:10:42::info::/v1/api/commissionService/readCommissionService/66a65ebf012a4416634e1820::5e4b411d-8962-417d-bb65-a7ca3c1a2087::input-params ::GET::::{}
2024-08-28 21:10:51::info::/v1/api/movement/readMovements::569c668d-8245-41c0-ba82-d8bbab71fd88::input-params ::GET::::{}
2024-08-28 21:10:51::info::/v1/api/news/readNewss::80862191-fecf-4145-8868-6324a7633c0d::input-params ::GET::::{}
2024-08-28 21:10:51::info::/v1/api/commissionService/readCommissionService/66a65ebf012a4416634e1820::f7c8e793-3585-4e57-b2ca-dc15c913c75a::input-params ::GET::::{}
2024-08-28 21:10:51::info::/v1/api/recommender/readPopularCommissionServices::a38ad4e7-0604-41cc-9c34-81f0ab795e01::input-params ::GET::::{}
2024-08-28 21:10:53::info::/v1/api/commissionService/readCommissionService/66a65ebf012a4416634e1820::979374af-433d-4102-b837-868c65856964::input-params ::GET::::{}
2024-08-28 21:10:58::info::/v1/api/commissionService/readCommissionService/66a5db40ca70ea1c3ee0a939::0d923ccc-4f74-4e00-9d37-d546733694fd::input-params ::GET::::{}
2024-08-28 21:11:10::info::/v1/api/commissionService/readCommissionService/66a5db40ca70ea1c3ee0a939::e0b19f6e-88a6-47de-a9a6-ffabb0b78dfc::input-params ::GET::::{}
2024-08-28 21:11:44::info::/v1/api/movement/readMovements::e74fd4ba-a890-48e2-ae08-04a21b1f7929::input-params ::GET::::{}
2024-08-28 21:11:44::info::/v1/api/recommender/readPopularCommissionServices::9c2d0ffa-a533-4663-a406-93df0a738a13::input-params ::GET::::{}
2024-08-28 21:11:44::info::/v1/api/news/readNewss::72e9a1ef-ced0-4ec6-8d04-b016c596cac4::input-params ::GET::::{}
2024-08-28 21:11:44::info::/v1/api/commissionService/readCommissionService/66a5db40ca70ea1c3ee0a939::d0bc00e5-78e4-4b7d-a21b-03823dd10108::input-params ::GET::::{}
2024-08-28 21:11:46::info::/v1/api/user/me::fb6b7d5e-31da-47c6-8f65-ad967687b0ec::input-params ::GET::::{}
2024-08-28 21:11:47::info::/v1/api/movement/readMovements::0c17d6ac-b815-480b-bff5-ab88ebbfc3c9::input-params ::GET::::{}
2024-08-28 21:11:47::info::/v1/api/news/readNewss::cf367664-c572-4720-977b-5af96aff813f::input-params ::GET::::{}
2024-08-28 21:11:47::info::/v1/api/recommender/readPopularCommissionServices::c6c1db11-c992-43a2-aa68-0da72b818e1c::input-params ::GET::::{}
2024-08-28 21:11:48::info::/v1/api/commissionService/readCommissionService/66a5db40ca70ea1c3ee0a939::7c3fe289-a85e-43df-b57c-beb1c3003c0c::input-params ::GET::::{}
2024-08-28 21:11:55::info::/v1/api/news/readNewss::b45b8f9b-711f-4cc8-8d8c-05b35874104b::input-params ::GET::::{}
2024-08-28 21:11:55::info::/v1/api/recommender/readPopularCommissionServices::b4bcb12a-c405-474f-b62d-0d624d2e9691::input-params ::GET::::{}
2024-08-28 21:11:55::info::/v1/api/movement/readMovements::2433f939-df05-435d-8dbd-7ca6f6373f47::input-params ::GET::::{}
2024-08-28 21:11:55::info::/v1/api/commissionService/readCommissionService/66a5db40ca70ea1c3ee0a939::cc8c4840-0ef9-4a99-9d06-b4c32bbc2bde::input-params ::GET::::{}
2024-08-28 21:12:02::info::/v1/api/movement/readMovements::af3e6ddc-601a-40b9-b84c-a0095ed51091::input-params ::GET::::{}
2024-08-28 21:12:02::info::/v1/api/recommender/readPopularCommissionServices::46a15fd5-0961-4059-8949-c416f5cce2f6::input-params ::GET::::{}
2024-08-28 21:12:02::info::/v1/api/commissionService/readCommissionService/66a5db40ca70ea1c3ee0a939::fbdae780-b94a-492d-9efe-8a63e665510a::input-params ::GET::::{}
2024-08-28 21:12:02::info::/v1/api/news/readNewss::3c6cffc4-20a0-4662-a7ea-974df1fee225::input-params ::GET::::{}
2024-08-28 21:12:12::info::/v1/api/news/readNewss::3f0176b1-2e17-49b6-9915-1e1ed88d5271::input-params ::GET::::{}
2024-08-28 21:12:12::info::/v1/api/recommender/readPopularCommissionServices::55d667d3-6b19-45c8-a445-56abd06237ed::input-params ::GET::::{}
2024-08-28 21:12:12::info::/v1/api/movement/readMovements::54daf59b-fc2d-45f2-9235-8ffdf557b37e::input-params ::GET::::{}
2024-08-28 21:12:12::info::/v1/api/commissionService/readCommissionService/66a5db40ca70ea1c3ee0a939::7e3a1941-e9ae-4517-b5a1-1b7bb2ff1e26::input-params ::GET::::{}
2024-08-28 21:13:28::info::/v1/api/movement/readMovements::2fd1a9ca-6217-4373-9de7-155b7ba69920::input-params ::GET::::{}
2024-08-28 21:13:28::info::/v1/api/news/readNewss::f216aee4-299a-4064-86cc-f27993763837::input-params ::GET::::{}
2024-08-28 21:13:28::info::/v1/api/recommender/readPopularCommissionServices::ad8f67ca-dc49-47d6-8675-0026973928e3::input-params ::GET::::{}
2024-08-28 21:13:28::info::/v1/api/commissionService/readCommissionService/66a5db40ca70ea1c3ee0a939::fb8b3e5a-f941-4ab3-868e-2696339e4121::input-params ::GET::::{}
2024-08-28 21:13:29::info::/v1/api/user/me::cc1894cc-cf4d-47be-8414-5b2dfca44ee3::input-params ::GET::::{}
2024-08-28 21:13:30::info::/v1/api/movement/readMovements::1287f041-0437-4951-8543-99f2bbcd2276::input-params ::GET::::{}
2024-08-28 21:13:30::info::/v1/api/news/readNewss::a2015b97-09ac-4f6b-86f1-ae5024c4f73c::input-params ::GET::::{}
2024-08-28 21:13:30::info::/v1/api/commissionService/readCommissionService/66a5db40ca70ea1c3ee0a939::fb78e2fb-3a96-48f7-becb-2391665c31eb::input-params ::GET::::{}
2024-08-28 21:13:30::info::/v1/api/recommender/readPopularCommissionServices::f302f37d-44ae-4389-a775-35a5a230ef99::input-params ::GET::::{}
2024-08-28 21:13:39::info::/v1/api/commissionService/readCommissionService/66a5db40ca70ea1c3ee0a939::472b3a68-e8c0-479b-8c3f-b3f86b44f3a5::input-params ::GET::::{}
2024-08-28 21:13:39::info::/v1/api/news/readNewss::fe0d9436-d1c8-4828-a8ff-c80637bc9c94::input-params ::GET::::{}
2024-08-28 21:13:39::info::/v1/api/movement/readMovements::b98bf25c-ac92-41e3-9e1a-9bf13c9cb3df::input-params ::GET::::{}
2024-08-28 21:13:39::info::/v1/api/recommender/readPopularCommissionServices::251b6e48-579d-42a4-86d3-b2a61097973e::input-params ::GET::::{}
2024-08-28 21:14:45::info::/v1/api/movement/readMovements::29988ad9-a0e8-4987-ba6d-dd9f2d884202::input-params ::GET::::{}
2024-08-28 21:14:45::info::/v1/api/commissionService/readCommissionService/66a5db40ca70ea1c3ee0a939::b9c1dbf8-e831-4a53-b101-d69e46387ce4::input-params ::GET::::{}
2024-08-28 21:14:45::info::/v1/api/recommender/readPopularCommissionServices::6937b14a-1dec-4351-99c3-c5d84785099f::input-params ::GET::::{}
2024-08-28 21:14:45::info::/v1/api/news/readNewss::968fdede-9cda-4fa7-9a52-d51948c9c9c2::input-params ::GET::::{}
2024-08-28 21:15:27::info::/v1/api/commissionService/readCommissionService/66a5db40ca70ea1c3ee0a939::a1dede0d-2683-4d86-8cc2-31e50b6cd1ca::input-params ::GET::::{}
2024-08-28 21:15:28::info::/v1/api/movement/readMovements::ab409e77-8fb3-4134-b966-e11eeebb4769::input-params ::GET::::{}
2024-08-28 21:15:33::info::/v1/api/movement/readMovements::ea78f542-e2e1-4105-a41a-7e0f4e0caed0::input-params ::GET::::{}
2024-08-28 21:15:33::info::/v1/api/news/readNewss::39032128-e3b2-4163-a4ec-4f1253daf8cd::input-params ::GET::::{}
2024-08-28 21:15:33::info::/v1/api/commissionService/readCommissionService/66a5db40ca70ea1c3ee0a939::c681f328-667f-4d1a-a583-956b7b6d6764::input-params ::GET::::{}
2024-08-28 21:15:33::info::/v1/api/recommender/readPopularCommissionServices::f4ae04a5-effb-4799-b2c1-fcc9c7e44497::input-params ::GET::::{}
2024-08-28 21:15:37::info::/v1/api/recommender/readPopularCommissionServices::069c9a6d-8cee-422c-a2ef-834a6884d745::input-params ::GET::::{}
2024-08-28 21:15:37::info::/v1/api/commissionService/readCommissionService/66a5db40ca70ea1c3ee0a939::18e3d7c8-daa2-4ee0-b5dc-bd204a440fec::input-params ::GET::::{}
2024-08-28 21:15:37::info::/v1/api/movement/readMovements::266997d9-ce8b-45c6-a7ff-69dc724e8f23::input-params ::GET::::{}
2024-08-28 21:15:37::info::/v1/api/news/readNewss::8ce0cf0c-3725-4145-bf88-e4572809af84::input-params ::GET::::{}
2024-08-28 21:15:45::info::/v1/api/recommender/readPopularCommissionServices::f162ef29-1887-4204-ad2b-6777fcb9d733::input-params ::GET::::{}
2024-08-28 21:15:45::info::/v1/api/movement/readMovements::572c56e5-ada5-4cb6-bdd6-8c4c9dd07292::input-params ::GET::::{}
2024-08-28 21:15:45::info::/v1/api/news/readNewss::7b4e6e2b-6314-4464-8d87-f0257ddd467d::input-params ::GET::::{}
2024-08-28 21:15:45::info::/v1/api/commissionService/readCommissionService/66a5db40ca70ea1c3ee0a939::6fe5059c-f483-434c-be14-dc8bce0c877c::input-params ::GET::::{}
2024-08-28 21:15:57::info::/v1/api/commissionService/readCommissionService/66a5db40ca70ea1c3ee0a939::aeee4ec4-550e-4270-b7a8-ac82b4203bc3::input-params ::GET::::{}
2024-08-28 21:15:58::info::/v1/api/movement/readMovements::2bc3ab5c-7467-40fd-9fd1-9bf4c79a7e30::input-params ::GET::::{}
2024-08-28 21:15:58::info::/v1/api/recommender/readPopularCommissionServices::e2ac3297-37d1-45bf-9c14-1f7b4317e795::input-params ::GET::::{}
2024-08-28 21:15:58::info::/v1/api/commissionService/readCommissionService/66a5db40ca70ea1c3ee0a939::1e09da11-b032-4413-a729-2c5411723933::input-params ::GET::::{}
2024-08-28 21:15:58::info::/v1/api/news/readNewss::ed85fab6-7b20-4662-81dd-817c443abff7::input-params ::GET::::{}
2024-08-28 21:16:07::info::/v1/api/commissionService/readCommissionService/66a5db40ca70ea1c3ee0a939::820f7a48-20fe-4f94-b31e-f93d8502c963::input-params ::GET::::{}
2024-08-28 21:16:07::info::/v1/api/recommender/readPopularCommissionServices::58245fd8-bade-4ca0-b119-bc097e519e7e::input-params ::GET::::{}
2024-08-28 21:16:07::info::/v1/api/movement/readMovements::40b99057-dadf-43c0-a358-a69b7ce61b7f::input-params ::GET::::{}
2024-08-28 21:16:07::info::/v1/api/news/readNewss::d084e224-37f6-4741-8ff0-4ed983ae505b::input-params ::GET::::{}
2024-08-28 21:16:14::info::/v1/api/commissionService/readCommissionService/66a5db40ca70ea1c3ee0a939::49a45008-cb90-4d90-9e9f-d0c10686463b::input-params ::GET::::{}
2024-08-28 21:16:14::info::/v1/api/movement/readMovements::1cc10ba5-1182-48ce-9455-f658393dd14f::input-params ::GET::::{}
2024-08-28 21:16:14::info::/v1/api/news/readNewss::7cede7d0-a418-44ca-9fdd-8b828bf5149f::input-params ::GET::::{}
2024-08-28 21:16:14::info::/v1/api/recommender/readPopularCommissionServices::9ab8bc58-ea43-4a75-958e-a8f65c5ca99a::input-params ::GET::::{}
2024-08-28 21:16:46::info::/v1/api/movement/readMovements::529bdf67-78f2-4db3-9909-603c1960c64b::input-params ::GET::::{}
2024-08-28 21:16:46::info::/v1/api/recommender/readPopularCommissionServices::c3711a99-2011-4f1a-baa3-45dab36ea2ca::input-params ::GET::::{}
2024-08-28 21:16:46::info::/v1/api/commissionService/readCommissionService/66a5db40ca70ea1c3ee0a939::a16fc90e-a19d-4a6a-bad2-730adebfc392::input-params ::GET::::{}
2024-08-28 21:16:46::info::/v1/api/news/readNewss::fcbe78b1-765e-4b54-95fd-5082e307b69f::input-params ::GET::::{}
2024-08-28 21:16:58::info::/v1/api/movement/readMovements::adb82067-6669-4862-9336-6e259fb8fc15::input-params ::GET::::{}
2024-08-28 21:16:58::info::/v1/api/recommender/readPopularCommissionServices::3c041f1f-5737-4cf0-827b-c831d6722578::input-params ::GET::::{}
2024-08-28 21:16:58::info::/v1/api/commissionService/readCommissionService/66a5db40ca70ea1c3ee0a939::4fcbcdc1-4a29-4cd3-92c8-c50416eb0080::input-params ::GET::::{}
2024-08-28 21:16:58::info::/v1/api/news/readNewss::5a957f71-eb41-4d95-8448-bd70608d1baa::input-params ::GET::::{}
2024-08-28 21:17:12::info::/v1/api/commissionService/readCommissionService/66a5db40ca70ea1c3ee0a939::7087e90f-88bd-4cef-9542-19881289cee4::input-params ::GET::::{}
2024-08-28 21:17:13::info::/v1/api/commissionService/readCommissionService/66a5db40ca70ea1c3ee0a939::d3958a46-1135-4e3d-beb5-68805bdaf95d::input-params ::GET::::{}
2024-08-28 21:17:26::info::/v1/api/movement/readMovements::0e7c4485-919f-4b56-8455-8b811d8f83d0::input-params ::GET::::{}
2024-08-28 21:17:26::info::/v1/api/commissionService/readCommissionService/66a5db40ca70ea1c3ee0a939::279a0f46-5038-4a1c-91ad-22f80303a67b::input-params ::GET::::{}
2024-08-28 21:17:26::info::/v1/api/recommender/readPopularCommissionServices::ab0894f9-e556-4485-9bc4-810ae5ea119d::input-params ::GET::::{}
2024-08-28 21:17:26::info::/v1/api/news/readNewss::44c358bd-52ea-48fb-8f80-02120d6b2626::input-params ::GET::::{}
2024-08-28 21:17:29::info::/v1/api/recommender/readPopularCommissionServices::73c1034b-0e4f-4144-89bd-5df1b097c948::input-params ::GET::::{}
2024-08-28 21:17:29::info::/v1/api/commissionService/readCommissionService/66a5db40ca70ea1c3ee0a939::9a3a4762-b054-4a6c-a2c7-8b28bd870951::input-params ::GET::::{}
2024-08-28 21:17:29::info::/v1/api/movement/readMovements::5ef386ae-46a5-4062-956c-e0b5cb44a451::input-params ::GET::::{}
2024-08-28 21:17:29::info::/v1/api/news/readNewss::bde207f6-3bfb-49f2-869b-4f9c9759e711::input-params ::GET::::{}
2024-08-28 21:17:44::info::/v1/api/movement/readMovements::9bd342c2-ab10-4a45-8104-81fb086cf80d::input-params ::GET::::{}
2024-08-28 21:17:44::info::/v1/api/recommender/readPopularCommissionServices::8cbf6f2e-5f74-4743-a2ce-654de8ba99c5::input-params ::GET::::{}
2024-08-28 21:17:44::info::/v1/api/news/readNewss::495df789-4d84-4918-b5be-52aa5fd0ddbc::input-params ::GET::::{}
2024-08-28 21:17:45::info::/v1/api/commissionService/readCommissionService/66a5e020ca70ea1c3ee0be2b::8d62b38c-1062-44be-8fd0-86972623fdef::input-params ::GET::::{}
2024-08-28 21:17:48::info::/v1/api/commissionService/readCommissionService/66a5db40ca70ea1c3ee0a939::94d2da54-fb10-4d72-b9e2-6d18d58d9a6e::input-params ::GET::::{}
2024-08-28 21:17:50::info::/v1/api/recommender/readPopularCommissionServices::6a2e376e-43b7-406a-97c6-bd2cdb26edc8::input-params ::GET::::{}
2024-08-28 21:17:50::info::/v1/api/commissionService/readCommissionService/66a5db40ca70ea1c3ee0a939::c7abb2eb-0b4e-42b3-bfe0-78df4b440e3d::input-params ::GET::::{}
2024-08-28 21:17:50::info::/v1/api/news/readNewss::8b065eb2-2ae8-45ea-bf6c-5ed7de2e674c::input-params ::GET::::{}
2024-08-28 21:17:50::info::/v1/api/movement/readMovements::0e62cc9f-578c-4785-84d7-fb8df9577afc::input-params ::GET::::{}
2024-08-28 21:17:55::info::/v1/api/movement/readMovements::5ba83607-c186-437a-bead-53eff12b3522::input-params ::GET::::{}
2024-08-28 21:17:55::info::/v1/api/commissionService/readCommissionService/66a5db40ca70ea1c3ee0a939::118b7522-cbd6-46af-bfef-694be62ea650::input-params ::GET::::{}
2024-08-28 21:17:55::info::/v1/api/news/readNewss::56ba6376-d9e2-4f1b-83e1-d1cd8a4ae1b9::input-params ::GET::::{}
2024-08-28 21:17:55::info::/v1/api/recommender/readPopularCommissionServices::f198f29c-d114-40fd-ab43-36f67cc5f15f::input-params ::GET::::{}
2024-08-28 21:17:58::info::/v1/api/commissionService/readCommissionService/66a5db40ca70ea1c3ee0a939::2ff35b23-81b6-429a-b90a-759d1eac9b64::input-params ::GET::::{}
2024-08-28 21:17:59::info::/v1/api/commissionService/readCommissionService/66a5db40ca70ea1c3ee0a939::dc6b606a-8ff2-4548-bea6-d93dfcb3bdd7::input-params ::GET::::{}
2024-08-28 21:18:02::info::/v1/api/commissionService/readCommissionService/66a5db40ca70ea1c3ee0a939::0e115170-1172-46b0-84b5-43c6ce0297f8::input-params ::GET::::{}
2024-08-28 21:18:03::info::/v1/api/commissionService/readCommissionService/66a5db40ca70ea1c3ee0a939::702d9cf6-47fa-4f24-997a-e6acac6266c7::input-params ::GET::::{}
2024-08-28 21:18:03::info::/v1/api/recommender/readPopularCommissionServices::ed4049de-0209-41af-bb0f-2b4a88c1b42c::input-params ::GET::::{}
2024-08-28 21:18:03::info::/v1/api/news/readNewss::14cd4d02-a40a-4b2c-a0e9-348ad11a3913::input-params ::GET::::{}
2024-08-28 21:18:03::info::/v1/api/movement/readMovements::3175dfa2-7d5f-475a-8b38-e27f272778f3::input-params ::GET::::{}
2024-08-28 21:18:04::info::/v1/api/commissionService/readCommissionService/66a5db40ca70ea1c3ee0a939::0bf8e216-e7bf-4a5e-89cd-0a0c8c204894::input-params ::GET::::{}
2024-08-28 21:18:07::info::/v1/api/commissionService/readCommissionService/66a66421012a4416634e6f1d::ebd5d5dc-34f0-4390-a26d-ca8240a799cc::input-params ::GET::::{}
2024-08-28 21:18:13::info::/v1/api/commissionService/readCommissionService/66a66421012a4416634e6f1d::314b3396-651b-4aec-ae8f-2bb775a3e140::input-params ::GET::::{}
2024-08-28 21:18:13::info::/v1/api/recommender/readPopularCommissionServices::c41d94c5-1d72-4e05-a70a-92954e3ea671::input-params ::GET::::{}
2024-08-28 21:18:13::info::/v1/api/movement/readMovements::1b83846e-26be-4f0a-8d6b-a7f9b6de5dfe::input-params ::GET::::{}
2024-08-28 21:18:13::info::/v1/api/news/readNewss::37c7f911-8f9c-47c9-8433-26874c57b29f::input-params ::GET::::{}
2024-08-28 21:18:51::info::/v1/api/movement/readMovements::db36ceee-4e5d-43ae-8bd8-1c11ae3644f3::input-params ::GET::::{}
2024-08-28 21:18:51::info::/v1/api/recommender/readPopularCommissionServices::a9b7ba82-5310-4170-af27-997607eaed91::input-params ::GET::::{}
2024-08-28 21:18:51::info::/v1/api/news/readNewss::4d947b5a-aa6b-4c7b-8cce-846c9fc971e9::input-params ::GET::::{}
2024-08-28 21:18:51::info::/v1/api/commissionService/readCommissionService/66a66421012a4416634e6f1d::7e09e3fd-6388-4229-af41-973deabe4c2b::input-params ::GET::::{}
2024-08-28 21:18:53::info::/v1/api/movement/readMovements::aa8c9469-e591-4a12-8ea9-fd1035e5d3fc::input-params ::GET::::{}
2024-08-28 21:18:53::info::/v1/api/news/readNewss::20cfab2b-de0d-43d2-b605-4376c383282b::input-params ::GET::::{}
2024-08-28 21:18:53::info::/v1/api/commissionService/readCommissionService/66a66421012a4416634e6f1d::e8469b97-b478-48ba-b688-dcbd03c604cd::input-params ::GET::::{}
2024-08-28 21:18:53::info::/v1/api/recommender/readPopularCommissionServices::d287d54c-1a57-42af-babe-60808a62113c::input-params ::GET::::{}
2024-08-28 21:18:54::info::/v1/api/commissionService/readCommissionService/66a65ebf012a4416634e1820::48d63945-c6ac-4edc-9566-90b0f7bb986e::input-params ::GET::::{}
2024-08-28 21:19:08::info::/v1/api/movement/readMovements::244b5bea-fad3-4d69-b8e4-3387feeeaec3::input-params ::GET::::{}
2024-08-28 21:19:08::info::/v1/api/recommender/readPopularCommissionServices::2c2ff5ea-db67-48f3-a5fe-310f666914b5::input-params ::GET::::{}
2024-08-28 21:19:08::info::/v1/api/news/readNewss::123ee57e-34ca-4d4c-a46b-1e3fb115c686::input-params ::GET::::{}
2024-08-28 21:19:08::info::/v1/api/commissionService/readCommissionService/66a65ebf012a4416634e1820::fa5e77c6-d54c-4102-a490-cdf381168f8a::input-params ::GET::::{}
2024-08-28 21:19:41::info::/v1/api/movement/readMovements::841a0459-470f-412f-ad0a-f0ed78785c1f::input-params ::GET::::{}
2024-08-28 21:19:41::info::/v1/api/commissionService/readCommissionService/66a65ebf012a4416634e1820::9182c748-1c38-428e-b12a-d669deac427c::input-params ::GET::::{}
2024-08-28 21:19:41::info::/v1/api/news/readNewss::4c0f9058-83ae-49dc-8048-9d76b74378a9::input-params ::GET::::{}
2024-08-28 21:19:41::info::/v1/api/recommender/readPopularCommissionServices::bc6e447c-1ea8-4289-92a1-ab4ab09583c9::input-params ::GET::::{}
2024-08-28 21:19:43::info::/v1/api/movement/readMovements::549004a9-d901-4ed6-a206-6e06ee8368e0::input-params ::GET::::{}
2024-08-28 21:19:43::info::/v1/api/recommender/readPopularCommissionServices::ea3a5ac1-03d3-427d-900a-75d7b1c31467::input-params ::GET::::{}
2024-08-28 21:19:43::info::/v1/api/commissionService/readCommissionService/66a65ebf012a4416634e1820::02745293-49bd-4257-b835-43a5147d16ba::input-params ::GET::::{}
2024-08-28 21:19:43::info::/v1/api/news/readNewss::3b0a02fb-c769-4da9-97cc-148cc1e3dd7d::input-params ::GET::::{}
2024-08-28 21:19:44::info::/v1/api/commissionService/readCommissionService/66a5c7ffdea404a988c917ac::b7b08011-e345-40a7-8bd9-3a8fcab8cdca::input-params ::GET::::{}
2024-08-28 21:19:48::info::/v1/api/user/me::d197ad7a-b5ca-4620-886d-bdc98b1213ae::input-params ::GET::::{}
2024-08-28 21:19:49::info::/v1/api/movement/readMovements::de61c09b-3e02-48f1-b80f-aef363d4f314::input-params ::GET::::{}
2024-08-28 21:19:49::info::/v1/api/news/readNewss::26673ff7-d38c-4d53-8766-b71154f69ddf::input-params ::GET::::{}
2024-08-28 21:19:49::info::/v1/api/recommender/readPopularCommissionServices::0b84f197-54f3-44cf-a825-4461d79d794d::input-params ::GET::::{}
2024-08-28 21:19:49::info::/v1/api/commissionService/readCommissionService/66a5c7ffdea404a988c917ac::2b98a0d5-edac-4a65-b25e-aa073e8aafb5::input-params ::GET::::{}
2024-08-28 21:19:52::info::/v1/api/commissionService/readCommissionService/66a6178054ac59de697d88d9::f91698ec-e9fe-40b0-9566-5aaef65c366b::input-params ::GET::::{}
2024-08-28 21:20:18::info::/v1/api/movement/readMovements::d324d7aa-359c-46ea-a97b-3f0f9772dda1::input-params ::GET::::{}
2024-08-28 21:20:18::info::/v1/api/commissionService/readCommissionService/66a6178054ac59de697d88d9::c853137e-cc7f-4a69-adb5-9fea8f593325::input-params ::GET::::{}
2024-08-28 21:20:18::info::/v1/api/recommender/readPopularCommissionServices::fda215d6-2b30-4452-ba6a-addac0964055::input-params ::GET::::{}
2024-08-28 21:20:18::info::/v1/api/news/readNewss::41a53280-8aff-472d-9b40-433c9751e242::input-params ::GET::::{}
2024-08-28 21:20:29::info::/v1/api/news/readNewss::c5919958-eb8c-434c-9853-76164dcc3b59::input-params ::GET::::{}
2024-08-28 21:20:29::info::/v1/api/movement/readMovements::b0130308-079a-446e-997e-570bc4aa7770::input-params ::GET::::{}
2024-08-28 21:20:29::info::/v1/api/commissionService/readCommissionService/66a6178054ac59de697d88d9::97e2da3f-a44a-4cda-a09e-b7e079bf768c::input-params ::GET::::{}
2024-08-28 21:20:29::info::/v1/api/recommender/readPopularCommissionServices::f95fffa9-2297-467e-9a03-c7d686c13f76::input-params ::GET::::{}
2024-08-28 21:20:30::info::/v1/api/movement/readMovements::a54dadf8-2934-4ce8-a8b2-0692c87b5006::input-params ::GET::::{}
2024-08-28 21:20:30::info::/v1/api/user/me::927da1b0-6d42-4f3c-b2d7-b5a070b4ec6a::input-params ::GET::::{}
2024-08-28 21:20:30::info::/v1/api/recommender/readPopularPosts::6330db73-6c9d-41d0-8539-4d00961b4269::input-params ::GET::::{}
2024-08-28 21:20:30::info::/v1/api/news/readNewss::6f98628e-1eee-4437-b1dc-4826f7929814::input-params ::GET::::{}
2024-08-28 21:20:41::info::/v1/api/news/readNewss::3c722988-4a28-4af9-98a6-23a698a0f50f::input-params ::GET::::{}
2024-08-28 21:20:41::info::/v1/api/movement/readMovements::7848f5a2-ebb8-4f58-8f5c-0310762930fb::input-params ::GET::::{}
2024-08-28 21:20:41::info::/v1/api/recommender/readPopularCommissionServices::c6c54f39-1745-4550-9e55-19ff2dc1a15f::input-params ::GET::::{}
2024-08-28 21:20:41::info::/v1/api/commissionService/readCommissionService/66a6178054ac59de697d88d9::736b72dc-6907-42a3-8b64-3e5fb2b42da8::input-params ::GET::::{}
2024-08-28 21:20:46::info::/v1/api/recommender/readPopularPosts::d395eeb5-c56a-40a5-9039-b0638d07f217::input-params ::GET::::{}
2024-08-28 21:20:47::info::/v1/api/post/readPost/66a5fa4b54ac59de697c5091::98e7a92e-18f6-466e-b392-d45f858548d7::input-params ::GET::::{}
2024-08-28 21:20:55::info::/v1/api/movement/readMovements::3a4ed5ac-c115-446f-ba6c-dd5e32bbf623::input-params ::GET::::{}
2024-08-28 21:20:55::info::/v1/api/news/readNewss::ef482d55-5993-44b9-bf30-0a7f261c99f2::input-params ::GET::::{}
2024-08-28 21:20:55::info::/v1/api/recommender/readPopularPosts::84833465-3138-406d-8b0f-6fafab69875e::input-params ::GET::::{}
2024-08-28 21:25:10::info::/v1/api/news/readNewss::c0ebfad4-a02f-4e08-8fcf-57270c531bab::input-params ::GET::::{}
2024-08-28 21:25:10::info::/v1/api/movement/readMovements::53472974-1b3c-4b9e-8a70-48aa8d3aa85f::input-params ::GET::::{}
2024-08-28 21:25:10::info::/v1/api/recommender/readPopularPosts::f67a5772-1567-4eb5-b6d6-631cc688e8c4::input-params ::GET::::{}
2024-08-28 21:30:22::info::/v1/api/recommender/readPopularPosts::03d4e27e-e7a8-437a-a505-82127596873b::input-params ::GET::::{}
2024-08-28 21:30:22::info::/v1/api/movement/readMovements::d1709466-b7f9-4b20-8a57-c2e354767ad6::input-params ::GET::::{}
2024-08-28 21:30:22::info::/v1/api/news/readNewss::a5bdaaa9-c39e-4391-99ff-5e780c713385::input-params ::GET::::{}
2024-08-28 21:31:28::info::/v1/api/movement/readMovements::f04aed6c-1a71-4736-9418-0cb81a53d20f::input-params ::GET::::{}
2024-08-28 21:31:28::info::/v1/api/news/readNewss::1e549845-4052-4d6b-b372-baf155b5ef06::input-params ::GET::::{}
2024-08-28 21:31:28::info::/v1/api/recommender/readPopularPosts::5f561634-04b3-4e66-9690-1ebf26709a1e::input-params ::GET::::{}
2024-08-28 21:33:27::info::/v1/api/news/readNewss::d6bcd09e-4fd2-456f-81d9-803636f596ad::input-params ::GET::::{}
2024-08-28 21:33:27::info::/v1/api/recommender/readPopularPosts::5a7365b6-a3db-48bb-b481-d670f61e579e::input-params ::GET::::{}
2024-08-28 21:33:27::info::/v1/api/movement/readMovements::2901d45f-a878-4399-bfc6-88c0de390400::input-params ::GET::::{}
2024-08-28 21:35:35::info::/v1/api/movement/readMovements::2773ca2b-0673-4dd1-affe-a62e0cab39e4::input-params ::GET::::{}
2024-08-28 21:35:35::info::/v1/api/news/readNewss::d150e23f-1b55-41b5-bafb-91d8613d13cc::input-params ::GET::::{}
2024-08-28 21:35:35::info::/v1/api/recommender/readPopularPosts::c6f75618-1134-4136-93f3-6aa38db5ac3b::input-params ::GET::::{}
2024-08-28 21:35:39::info::/v1/api/news/readNewss::ed47fb73-56dd-46f0-b7e1-3a8e607b5479::input-params ::GET::::{}
2024-08-28 21:35:39::info::/v1/api/movement/readMovements::c9c7393a-3055-482c-95b8-43fdc7aa3708::input-params ::GET::::{}
2024-08-28 21:35:39::info::/v1/api/recommender/readPopularPosts::2d5a4715-da68-4e88-98d9-e46801fd8c14::input-params ::GET::::{}
2024-08-28 21:44:52::info::/v1/api/movement/readMovements::5bce5721-c76e-4bba-bf2a-1f8ad8575dba::input-params ::GET::::{}
2024-08-28 21:44:52::info::/v1/api/recommender/readPopularPosts::e8d87a5d-fcc9-4a0a-80f0-e2f760090296::input-params ::GET::::{}
2024-08-28 21:44:52::info::/v1/api/news/readNewss::5c86ab73-9597-458c-b66e-7c3cb207d40c::input-params ::GET::::{}
2024-08-28 22:09:15::info::/v1/api/news/readNewss::a658fcec-104c-47e2-a344-f978bf1b773b::input-params ::GET::::{}
2024-08-28 22:09:15::info::/v1/api/movement/readMovements::a82dba0c-a24b-41ef-8d27-bebdc4154071::input-params ::GET::::{}
2024-08-28 22:09:15::info::/v1/api/recommender/readPopularPosts::b358ada1-b42c-427d-9b3b-8236481f14af::input-params ::GET::::{}
