2024-07-15 06:25:50::error::/v1/api/user/me::b3434771-6399-4c18-abc1-15f13dbbfd41::undefined - NaNms - Response: {}::{"message":"Operation `Users.findOne()` buffering timed out after 10000ms"}
2024-07-15 06:25:50::error::/v1/api/movement/readMovements::c4cf0087-53bf-4fdf-9fee-b207a321a077::undefined - NaNms - Response: {}::{"message":"Operation `Movements.aggregate()` buffering timed out after 10000ms"}
2024-07-15 06:25:52::error::/v1/api/user/me::08396659-7920-498b-ab09-77d54ad9a028::undefined - NaNms - Response: {}::{"message":"Operation `Users.findOne()` buffering timed out after 10000ms"}
2024-07-15 06:25:55::error::/v1/api/user/me::d663862b-3db4-4887-8968-4d7c9abe1f62::undefined - NaNms - Response: {}::{"message":"Operation `Users.findOne()` buffering timed out after 10000ms"}
2024-07-15 06:26:08::error::/v1/api/order/readMemberOrderHistory::7899b809-b33d-4ce3-8386-5071e40874fb::undefined - NaNms - Response: {}::{"message":"OrderService.readMemberOrderHistory is not a function"}
2024-07-15 06:26:08::error::/v1/api/order/readArchivedOrderHistory::4bbd6352-a45c-403c-b15b-b88a5d483fa0::404 - NaNms - Response: {"status":404}::{"message":"Not Found"}
2024-07-15 06:26:42::error::/v1/api/order/readMemberOrderHistory::2744eef8-2f14-4a7c-953c-418cf43c1d85::undefined - NaNms - Response: {}::{"message":"OrderService.readMemberOrderHistory is not a function"}
2024-07-15 06:26:42::error::/v1/api/order/readArchivedOrderHistory::e7c4b1e3-1bea-46e9-adc6-871e14c80ccd::404 - NaNms - Response: {"status":404}::{"message":"Not Found"}
2024-07-15 06:26:45::error::/v1/api/order/readMemberOrderHistory::b31af828-1d77-44d2-9d62-17337d636757::undefined - NaNms - Response: {}::{"message":"OrderService.readMemberOrderHistory is not a function"}
2024-07-15 06:26:45::error::/v1/api/order/readArchivedOrderHistory::e2563f3c-27a7-401a-a696-422745f935ca::404 - NaNms - Response: {"status":404}::{"message":"Not Found"}
2024-07-15 06:27:24::error::/v1/api/order/readMemberOrderHistory::8d208529-3721-4728-be0e-625fa6cb2b56::undefined - NaNms - Response: {}::{"message":"OrderService.readMemberOrderHistory is not a function"}
2024-07-15 06:27:24::error::/v1/api/order/readArchivedOrderHistory::aaa94b33-8e57-4a57-a2b9-e688ff65fb17::404 - NaNms - Response: {"status":404}::{"message":"Not Found"}
2024-07-15 06:27:45::error::/v1/api/order/readMemberOrderHistory::977629c3-6150-49b1-aeef-fc0aaf61f249::undefined - NaNms - Response: {}::{"message":"OrderService.readMemberOrderHistory is not a function"}
2024-07-15 06:27:45::error::/v1/api/order/readArchivedOrderHistory::4ae839fc-d64c-420e-a733-e3ac14fbe73c::404 - NaNms - Response: {"status":404}::{"message":"Not Found"}
2024-07-15 06:27:46::error::/v1/api/order/readMemberOrderHistory::4ce0b9e1-fad5-4283-881b-7c0d60a72afd::undefined - NaNms - Response: {}::{"message":"OrderService.readMemberOrderHistory is not a function"}
2024-07-15 06:27:46::error::/v1/api/order/readArchivedOrderHistory::b7f58965-f92d-4781-98b4-f679a44ff42a::404 - NaNms - Response: {"status":404}::{"message":"Not Found"}
2024-07-15 06:28:20::error::/v1/api/order/readMemberOrderHistory::3ce83bb0-26a3-4844-a9df-028732591cef::undefined - NaNms - Response: {}::{"message":"OrderService.readMemberOrderHistory is not a function"}
2024-07-15 06:28:20::error::/v1/api/order/readArchivedOrderHistory::0391fd44-ce96-4984-b8f2-b52899198619::404 - NaNms - Response: {"status":404}::{"message":"Not Found"}
2024-07-15 06:28:21::error::/v1/api/order/readMemberOrderHistory::a68a56c5-023c-4deb-9b15-d1cf7369ca0a::undefined - NaNms - Response: {}::{"message":"OrderService.readMemberOrderHistory is not a function"}
2024-07-15 06:28:21::error::/v1/api/order/readArchivedOrderHistory::f4cb2dfe-1d67-4d6a-b151-f4a59ce040cc::404 - NaNms - Response: {"status":404}::{"message":"Not Found"}
2024-07-15 06:28:26::error::/v1/api/order/readMemberOrderHistory::664ea36e-c281-4cf3-a01f-9e7b53831b53::undefined - NaNms - Response: {}::{"message":"OrderService.readMemberOrderHistory is not a function"}
2024-07-15 06:28:26::error::/v1/api/order/readArchivedOrderHistory::af400c5f-0f23-45c3-ba51-6cb8d551d2d3::404 - NaNms - Response: {"status":404}::{"message":"Not Found"}
2024-07-15 06:29:01::error::/v1/api/order/readMemberOrderHistory::f78d66f3-f28c-4e96-b364-ff5be80d518a::undefined - NaNms - Response: {}::{"message":"OrderService.readMemberOrderHistory is not a function"}
2024-07-15 06:29:01::error::/v1/api/order/readArchivedOrderHistory::0bddd285-44a5-44f3-b922-fcac63273161::404 - NaNms - Response: {"status":404}::{"message":"Not Found"}
2024-07-15 06:29:23::error::/v1/api/order/readMemberOrderHistory::dbc3e17e-03e7-4bcf-b6df-a87bbc868046::undefined - NaNms - Response: {}::{"message":"OrderService.readMemberOrderHistory is not a function"}
2024-07-15 06:29:23::error::/v1/api/order/readArchivedOrderHistory::8afcf07e-2c4a-40c7-97bf-66d14acc6393::404 - NaNms - Response: {"status":404}::{"message":"Not Found"}
2024-07-15 06:29:35::error::/v1/api/order/readMemberOrderHistory::2ec163cc-0f26-48f8-84bb-96028112d324::undefined - NaNms - Response: {}::{"message":"OrderService.readMemberOrderHistory is not a function"}
2024-07-15 06:29:35::error::/v1/api/order/readArchivedOrderHistory::8c687191-f8a9-4721-8e5f-a2a7a4e802cc::404 - NaNms - Response: {"status":404}::{"message":"Not Found"}
2024-07-15 06:29:40::error::/v1/api/order/readMemberOrderHistory::53a1649b-db0c-4348-9080-b1ac29f4ae08::undefined - NaNms - Response: {}::{"message":"OrderService.readMemberOrderHistory is not a function"}
2024-07-15 06:29:41::error::/v1/api/order/readArchivedOrderHistory::2c3f43aa-71dd-4e44-9928-367eb5fafb86::404 - NaNms - Response: {"status":404}::{"message":"Not Found"}
2024-07-15 06:29:48::error::/v1/api/order/readMemberOrderHistory::2333d4fd-f425-4d4c-a433-51e7856052bd::undefined - NaNms - Response: {}::{"message":"OrderService.readMemberOrderHistory is not a function"}
2024-07-15 06:29:48::error::/v1/api/order/readArchivedOrderHistory::7489b9be-f472-4fd6-ba2f-4d24ebe1e1ed::404 - NaNms - Response: {"status":404}::{"message":"Not Found"}
2024-07-15 06:30:50::error::/v1/api/order/readMemberOrderHistory::9dc87587-83dd-45f2-b9fd-c68fbc9c2550::undefined - NaNms - Response: {}::{"message":"OrderService.readMemberOrderHistory is not a function"}
2024-07-15 06:30:50::error::/v1/api/order/readArchivedOrderHistory::2074d7a0-193c-471c-99ef-2a3fd6d81942::404 - NaNms - Response: {"status":404}::{"message":"Not Found"}
2024-07-15 06:31:14::error::/v1/api/order/readMemberOrderHistory::c37822c9-8758-4a18-8c7b-e99478419e5d::undefined - NaNms - Response: {}::{"message":"OrderService.readMemberOrderHistory is not a function"}
2024-07-15 06:31:14::error::/v1/api/order/readArchivedOrderHistory::dac2ca5d-eebf-49e2-92d4-c0f304a004fc::404 - NaNms - Response: {"status":404}::{"message":"Not Found"}
2024-07-15 06:31:38::error::/v1/api/order/readMemberOrderHistory::d6152af2-c89f-4ffe-857a-49b1bc835762::undefined - NaNms - Response: {}::{"message":"OrderService.readMemberOrderHistory is not a function"}
2024-07-15 06:31:38::error::/v1/api/order/readArchivedOrderHistory::ecac5dfc-07df-481d-8f63-63ffe407621a::404 - NaNms - Response: {"status":404}::{"message":"Not Found"}
2024-07-15 06:32:00::error::/v1/api/order/readMemberOrderHistory::5fe0be4b-cc0d-44a2-9344-f70a2b34120d::undefined - NaNms - Response: {}::{"message":"OrderService.readMemberOrderHistory is not a function"}
2024-07-15 06:32:00::error::/v1/api/order/readArchivedOrderHistory::5dfe832b-e0bc-4fdb-9b88-a9c7f43541a9::404 - NaNms - Response: {"status":404}::{"message":"Not Found"}
2024-07-15 06:32:06::error::/v1/api/order/readMemberOrderHistory::844ec7b8-5e12-4f23-9b41-4a7d65271ccd::undefined - NaNms - Response: {}::{"message":"OrderService.readMemberOrderHistory is not a function"}
2024-07-15 06:32:06::error::/v1/api/order/readArchivedOrderHistory::7f91fcf2-f981-4049-85f9-5a8f21a86dfe::404 - NaNms - Response: {"status":404}::{"message":"Not Found"}
2024-07-15 06:32:34::error::/v1/api/order/readArchivedOrderHistory::b487e09b-27ab-43da-9766-c5056333de30::404 - NaNms - Response: {"status":404}::{"message":"Not Found"}
2024-07-15 06:32:34::error::/v1/api/order/readMemberOrderHistory::a285822a-1765-42b0-922a-cfc78fcf737a::undefined - NaNms - Response: {}::{"message":"OrderService.readMemberOrderHistory is not a function"}
2024-07-15 06:32:47::error::/v1/api/order/readMemberOrderHistory::4aea0132-72b5-44f6-a6eb-0ec277f77e91::undefined - NaNms - Response: {}::{"message":"OrderService.readMemberOrderHistory is not a function"}
2024-07-15 06:32:47::error::/v1/api/order/readArchivedOrderHistory::bfe8b04d-ea72-4d40-a6db-c48b430d096c::404 - NaNms - Response: {"status":404}::{"message":"Not Found"}
2024-07-15 06:32:49::error::/v1/api/order/readMemberOrderHistory::a230b27a-8495-4f44-98b0-d399e256d459::undefined - NaNms - Response: {}::{"message":"OrderService.readMemberOrderHistory is not a function"}
2024-07-15 06:32:49::error::/v1/api/order/readArchivedOrderHistory::06d25671-7990-452a-afe6-feb7aec09bda::404 - NaNms - Response: {"status":404}::{"message":"Not Found"}
2024-07-15 06:33:01::error::/v1/api/order/readArchivedOrderHistory::a0a7ddb0-8395-43cf-88dc-486481968601::404 - NaNms - Response: {"status":404}::{"message":"Not Found"}
2024-07-15 06:33:01::error::/v1/api/order/readMemberOrderHistory::e5e13528-8638-412a-bc5a-1e2e753131b8::undefined - NaNms - Response: {}::{"message":"OrderService.readMemberOrderHistory is not a function"}
2024-07-15 06:33:50::error::/v1/api/order/readMemberOrderHistory::327fac1b-142e-4c87-8b21-f5228689fa93::undefined - NaNms - Response: {}::{"message":"OrderService.readMemberOrderHistory is not a function"}
2024-07-15 06:33:50::error::/v1/api/order/readArchivedOrderHistory::38fc2866-02e9-4415-9297-8a0b6b61fa46::404 - NaNms - Response: {"status":404}::{"message":"Not Found"}
2024-07-15 06:34:07::error::/v1/api/order/readMemberOrderHistory::d6442731-82a9-42e9-8361-dc25e12b5821::undefined - NaNms - Response: {}::{"message":"OrderService.readMemberOrderHistory is not a function"}
2024-07-15 06:34:07::error::/v1/api/order/readArchivedOrderHistory::624e0a9b-078a-4038-a167-11268341ae15::404 - NaNms - Response: {"status":404}::{"message":"Not Found"}
2024-07-15 06:34:25::error::/v1/api/order/readMemberOrderHistory::58f408be-126f-4710-88cd-cd96e7a6d4c1::undefined - NaNms - Response: {}::{"message":"OrderService.readMemberOrderHistory is not a function"}
2024-07-15 06:34:25::error::/v1/api/order/readArchivedOrderHistory::4972f0c7-a055-4fc8-ad7f-637e4f0f149b::404 - NaNms - Response: {"status":404}::{"message":"Not Found"}
2024-07-15 06:34:35::error::/v1/api/order/readMemberOrderHistory::87380d00-b0a6-42bb-9610-a37cf4d64466::undefined - NaNms - Response: {}::{"message":"OrderService.readMemberOrderHistory is not a function"}
2024-07-15 06:34:35::error::/v1/api/order/readArchivedOrderHistory::860fd416-0d51-48f5-b912-1418cd90fc09::404 - NaNms - Response: {"status":404}::{"message":"Not Found"}
2024-07-15 06:35:24::error::/v1/api/order/readMemberOrderHistory::fe1a4809-5f4d-460c-9d07-4a290a0b6dda::undefined - NaNms - Response: {}::{"message":"OrderService.readMemberOrderHistory is not a function"}
2024-07-15 06:35:24::error::/v1/api/order/readArchivedOrderHistory::f4b20017-a91c-43b4-bd4a-aae5e1388bf5::404 - NaNms - Response: {"status":404}::{"message":"Not Found"}
2024-07-15 06:35:48::error::/v1/api/order/readMemberOrderHistory::a53a2b88-1735-4a12-a1c4-d66bdbbd876e::undefined - NaNms - Response: {}::{"message":"OrderService.readMemberOrderHistory is not a function"}
2024-07-15 06:35:48::error::/v1/api/order/readArchivedOrderHistory::4f99f2e6-bb05-4027-bc91-da843545abb5::404 - NaNms - Response: {"status":404}::{"message":"Not Found"}
2024-07-15 06:36:20::error::/v1/api/order/readMemberOrderHistory::f3efd1dc-588b-4f2d-a69f-eae9d100106c::undefined - NaNms - Response: {}::{"message":"OrderService.readMemberOrderHistory is not a function"}
2024-07-15 06:36:20::error::/v1/api/order/readArchivedOrderHistory::9ddc43c5-7842-42bb-b85d-0c6993fef9de::404 - NaNms - Response: {"status":404}::{"message":"Not Found"}
2024-07-15 06:37:07::error::/v1/api/order/readMemberOrderHistory::749a3076-821f-4801-a438-3ed6feb54ac4::undefined - NaNms - Response: {}::{"message":"OrderService.readMemberOrderHistory is not a function"}
2024-07-15 06:37:07::error::/v1/api/order/readArchivedOrderHistory::80bb8c36-8222-416f-b5ce-bd8a95af302e::404 - NaNms - Response: {"status":404}::{"message":"Not Found"}
2024-07-15 06:38:35::error::/v1/api/order/readMemberOrderHistory::8d9c5980-d023-4e40-9c11-043846618887::undefined - NaNms - Response: {}::{"message":"OrderService.readMemberOrderHistory is not a function"}
2024-07-15 06:38:35::error::/v1/api/order/readArchivedOrderHistory::8ef005b0-4c16-421a-bc09-82978a051f21::404 - NaNms - Response: {"status":404}::{"message":"Not Found"}
2024-07-15 06:39:29::error::/v1/api/order/readMemberOrderHistory::bd560113-158e-494e-9383-ed32d813f89c::undefined - NaNms - Response: {}::{"message":"OrderService.readMemberOrderHistory is not a function"}
2024-07-15 06:39:29::error::/v1/api/order/readArchivedOrderHistory::7a3d84c6-3b1a-42b5-a520-3c90236bab95::404 - NaNms - Response: {"status":404}::{"message":"Not Found"}
2024-07-15 06:39:52::error::/v1/api/order/readMemberOrderHistory::c33d6767-68f3-4c1e-acdb-5f41d213daf1::undefined - NaNms - Response: {}::{"message":"OrderService.readMemberOrderHistory is not a function"}
2024-07-15 06:39:52::error::/v1/api/order/readArchivedOrderHistory::e1960f5d-62c5-45c8-9ea5-681b553e4430::404 - NaNms - Response: {"status":404}::{"message":"Not Found"}
2024-07-15 06:40:05::error::/v1/api/order/readMemberOrderHistory::5ee127e1-7ac9-411b-bddf-0617fce904d3::undefined - NaNms - Response: {}::{"message":"OrderService.readMemberOrderHistory is not a function"}
2024-07-15 06:40:05::error::/v1/api/order/readArchivedOrderHistory::73df9f67-a456-4ba5-a2dd-73eeda9221a2::404 - NaNms - Response: {"status":404}::{"message":"Not Found"}
2024-07-15 06:40:11::error::/v1/api/order/readMemberOrderHistory::6f01a18b-8af1-4faf-9737-389c17785b88::undefined - NaNms - Response: {}::{"message":"OrderService.readMemberOrderHistory is not a function"}
2024-07-15 06:40:11::error::/v1/api/order/readArchivedOrderHistory::9115b8ee-fa33-49f4-baff-be989bfaaf79::404 - NaNms - Response: {"status":404}::{"message":"Not Found"}
2024-07-15 06:40:22::error::/v1/api/order/readMemberOrderHistory::0c5a9f96-4103-4599-8189-e7bcd8b5590b::undefined - NaNms - Response: {}::{"message":"OrderService.readMemberOrderHistory is not a function"}
2024-07-15 06:40:22::error::/v1/api/order/readArchivedOrderHistory::3e5642fa-0b7b-4844-8315-e0b874e11f15::404 - NaNms - Response: {"status":404}::{"message":"Not Found"}
2024-07-15 06:42:15::error::/v1/api/order/readMemberOrderHistory::f66237a4-25ee-4cee-9255-bb3e975d41eb::undefined - NaNms - Response: {}::{"message":"OrderService.readMemberOrderHistory is not a function"}
2024-07-15 06:42:15::error::/v1/api/order/readArchivedOrderHistory::c4c13a96-62d1-4446-89fe-22da591623bd::404 - NaNms - Response: {"status":404}::{"message":"Not Found"}
2024-07-15 06:43:12::error::/v1/api/order/readMemberOrderHistory::628a1e29-7454-4497-a643-01cb023fa46d::undefined - NaNms - Response: {}::{"message":"OrderService.readMemberOrderHistory is not a function"}
2024-07-15 06:43:12::error::/v1/api/order/readArchivedOrderHistory::51ac67f0-6099-4d6f-8b95-06e4db29cc32::404 - NaNms - Response: {"status":404}::{"message":"Not Found"}
2024-07-15 06:44:15::error::/v1/api/order/readMemberOrderHistory::65d1ba89-7573-474e-93a2-e25c54a55530::undefined - NaNms - Response: {}::{"message":"OrderService.readMemberOrderHistory is not a function"}
2024-07-15 06:44:15::error::/v1/api/order/readArchivedOrderHistory::41c51977-1404-444e-8f8d-cdb94ea1e235::404 - NaNms - Response: {"status":404}::{"message":"Not Found"}
2024-07-15 06:44:39::error::/v1/api/order/readMemberOrderHistory::51814969-b8e9-477c-a7fc-a88b68067447::undefined - NaNms - Response: {}::{"message":"OrderService.readMemberOrderHistory is not a function"}
2024-07-15 06:44:39::error::/v1/api/order/readArchivedOrderHistory::74278344-5441-437d-bd7a-5a2c10489587::404 - NaNms - Response: {"status":404}::{"message":"Not Found"}
2024-07-15 06:45:15::error::/v1/api/order/readArchivedOrderHistory::1556afc7-04c3-4970-84da-2d3e1791b1dc::404 - NaNms - Response: {"status":404}::{"message":"Not Found"}
2024-07-15 06:45:15::error::/v1/api/order/readMemberOrderHistory::f0e56bab-fcf2-492f-9f84-67b147fb3c61::undefined - NaNms - Response: {}::{"message":"OrderService.readMemberOrderHistory is not a function"}
2024-07-15 06:45:16::error::/v1/api/order/readMemberOrderHistory::b014d9b0-10fa-485d-b27e-0a4937e79b99::undefined - NaNms - Response: {}::{"message":"OrderService.readMemberOrderHistory is not a function"}
2024-07-15 06:45:16::error::/v1/api/order/readArchivedOrderHistory::55001088-8f38-4674-9388-1e4c85fc4488::404 - NaNms - Response: {"status":404}::{"message":"Not Found"}
2024-07-15 06:45:43::error::/v1/api/order/readMemberOrderHistory::7523b15d-0201-4ac3-bbe2-9df79912b07a::undefined - NaNms - Response: {}::{"message":"OrderService.readMemberOrderHistory is not a function"}
2024-07-15 06:45:43::error::/v1/api/order/readArchivedOrderHistory::3f659b1b-955f-4154-941f-3a85e22c6efe::404 - NaNms - Response: {"status":404}::{"message":"Not Found"}
2024-07-15 06:45:49::error::/v1/api/order/readMemberOrderHistory::44fb173d-8a67-4726-85c0-f44191ba01c0::undefined - NaNms - Response: {}::{"message":"OrderService.readMemberOrderHistory is not a function"}
2024-07-15 06:45:49::error::/v1/api/order/readArchivedOrderHistory::9cf490c6-064c-4219-b5e3-055310247837::404 - NaNms - Response: {"status":404}::{"message":"Not Found"}
2024-07-15 06:45:57::error::/v1/api/order/readMemberOrderHistory::ff6cebc9-ea50-4b67-94f5-9495aa256739::undefined - NaNms - Response: {}::{"message":"OrderService.readMemberOrderHistory is not a function"}
2024-07-15 06:45:57::error::/v1/api/order/readArchivedOrderHistory::06fbc212-9d15-48db-8193-99afe85b1e2a::404 - NaNms - Response: {"status":404}::{"message":"Not Found"}
2024-07-15 06:46:06::error::/v1/api/order/readMemberOrderHistory::be841df0-9a92-42da-a7eb-787930f9bfbe::undefined - NaNms - Response: {}::{"message":"OrderService.readMemberOrderHistory is not a function"}
2024-07-15 06:46:06::error::/v1/api/order/readArchivedOrderHistory::7b0d4beb-ab7a-4c30-98f2-b25566ae8933::404 - NaNms - Response: {"status":404}::{"message":"Not Found"}
2024-07-15 06:46:34::error::/v1/api/order/readArchivedOrderHistory::bb2eb04b-7161-45fe-a7d6-65344c733195::404 - NaNms - Response: {"status":404}::{"message":"Not Found"}
2024-07-15 06:46:34::error::/v1/api/order/readMemberOrderHistory::857003ab-e9a3-4788-8e6a-1aa1df26ee78::undefined - NaNms - Response: {}::{"message":"OrderService.readMemberOrderHistory is not a function"}
2024-07-15 06:46:44::error::/v1/api/order/readMemberOrderHistory::852569dd-43a2-4776-b87e-871a8112e6f4::undefined - NaNms - Response: {}::{"message":"OrderService.readMemberOrderHistory is not a function"}
2024-07-15 06:46:44::error::/v1/api/order/readArchivedOrderHistory::c119fdeb-a3a4-4aee-86bb-b6a3c4e5ef8e::404 - NaNms - Response: {"status":404}::{"message":"Not Found"}
2024-07-15 06:47:18::error::/v1/api/order/readMemberOrderHistory::43a02d33-fb99-4036-a6bd-3d00ad7df269::undefined - NaNms - Response: {}::{"message":"OrderService.readMemberOrderHistory is not a function"}
2024-07-15 06:47:18::error::/v1/api/order/readArchivedOrderHistory::052404cc-7ce9-46e1-a18c-b180b4ddbafa::404 - NaNms - Response: {"status":404}::{"message":"Not Found"}
2024-07-15 06:47:20::error::/v1/api/order/readMemberOrderHistory::e1c7987c-0786-425c-9153-e1b79c718f6f::undefined - NaNms - Response: {}::{"message":"OrderService.readMemberOrderHistory is not a function"}
2024-07-15 06:47:20::error::/v1/api/order/readArchivedOrderHistory::c7fa1e97-e24d-40fd-a93f-e0ae8a32d625::404 - NaNms - Response: {"status":404}::{"message":"Not Found"}
2024-07-15 06:47:59::error::/v1/api/order/readArchivedOrderHistory::675164f4-7757-4818-a34c-6212777136fe::404 - NaNms - Response: {"status":404}::{"message":"Not Found"}
2024-07-15 06:47:59::error::/v1/api/order/readMemberOrderHistory::743dfcae-f7c9-418e-8ed1-4df00c8398bc::undefined - NaNms - Response: {}::{"message":"OrderService.readMemberOrderHistory is not a function"}
2024-07-15 06:48:40::error::/v1/api/order/readMemberOrderHistory::68a42c79-9ad0-43d5-ba50-54969a0b3964::undefined - NaNms - Response: {}::{"message":"OrderService.readMemberOrderHistory is not a function"}
2024-07-15 06:48:40::error::/v1/api/order/readArchivedOrderHistory::15dbf54a-d2fa-498b-94af-c3fee6a3fe3f::404 - NaNms - Response: {"status":404}::{"message":"Not Found"}
2024-07-15 06:48:41::error::/v1/api/order/readMemberOrderHistory::574f6874-08c8-4522-a927-27f3b5719de3::undefined - NaNms - Response: {}::{"message":"OrderService.readMemberOrderHistory is not a function"}
2024-07-15 06:48:41::error::/v1/api/order/readArchivedOrderHistory::5503dc63-41b8-4839-918f-30aa00b9e9ab::404 - NaNms - Response: {"status":404}::{"message":"Not Found"}
2024-07-15 06:49:34::error::/v1/api/order/readArchivedOrderHistory::5d60e7d4-6f15-4263-b409-f326426a9dd3::404 - NaNms - Response: {"status":404}::{"message":"Not Found"}
2024-07-15 06:49:34::error::/v1/api/order/readMemberOrderHistory::c6362a9d-17e6-4829-9448-26a5a76c1a70::undefined - NaNms - Response: {}::{"message":"OrderService.readMemberOrderHistory is not a function"}
2024-07-15 06:49:35::error::/v1/api/order/readMemberOrderHistory::08123319-c39b-45dd-a89d-dc4af7f82702::undefined - NaNms - Response: {}::{"message":"OrderService.readMemberOrderHistory is not a function"}
2024-07-15 06:49:35::error::/v1/api/order/readArchivedOrderHistory::d68a182d-b011-4db4-8b17-d3dca3ac30e7::404 - NaNms - Response: {"status":404}::{"message":"Not Found"}
2024-07-15 06:49:35::error::/v1/api/order/readMemberOrderHistory::6e4903d1-0a6f-4225-8e26-563db4acf56c::undefined - NaNms - Response: {}::{"message":"OrderService.readMemberOrderHistory is not a function"}
2024-07-15 06:49:35::error::/v1/api/order/readArchivedOrderHistory::ba482f3a-4bb4-491b-bc72-29229a4da586::404 - NaNms - Response: {"status":404}::{"message":"Not Found"}
2024-07-15 06:49:53::error::/v1/api/order/readMemberOrderHistory::0cb84e6f-d6e4-41ea-b9ce-f10fc6b2f162::undefined - NaNms - Response: {}::{"message":"OrderService.readMemberOrderHistory is not a function"}
2024-07-15 06:49:53::error::/v1/api/order/readArchivedOrderHistory::d38e2f19-34ae-4399-8b8f-43d184be9869::404 - NaNms - Response: {"status":404}::{"message":"Not Found"}
2024-07-15 06:57:00::error::/v1/api/order/readMemberOrderHistory::c948ee09-7875-459f-943c-0dc44adee48d::undefined - NaNms - Response: {}::{"message":"OrderService.readMemberOrderHistory is not a function"}
2024-07-15 06:57:00::error::/v1/api/order/readArchivedOrderHistory::628a808e-534f-4018-acc4-b01a5fc45d9c::404 - NaNms - Response: {"status":404}::{"message":"Not Found"}
2024-07-15 06:57:10::error::/v1/api/order/readMemberOrderHistory::1cd310f2-b585-459d-a241-e12fa7bd59ef::undefined - NaNms - Response: {}::{"message":"OrderService.readMemberOrderHistory is not a function"}
2024-07-15 06:57:10::error::/v1/api/order/readArchivedOrderHistory::1651e434-99c6-4baf-96ed-757008cd9b85::404 - NaNms - Response: {"status":404}::{"message":"Not Found"}
2024-07-15 06:58:08::error::/v1/api/order/readArchivedOrderHistory::bc3e4745-aa60-4cea-ad8a-4291dd33630a::404 - NaNms - Response: {"status":404}::{"message":"Not Found"}
2024-07-15 06:58:08::error::/v1/api/order/readMemberOrderHistory::1a365fe7-6942-4138-9536-9337822641f6::undefined - NaNms - Response: {}::{"message":"OrderService.readMemberOrderHistory is not a function"}
2024-07-15 06:58:08::error::/v1/api/order/readMemberOrderHistory::cbd664b0-b0a0-455e-8b8e-7c9c9b689285::undefined - NaNms - Response: {}::{"message":"OrderService.readMemberOrderHistory is not a function"}
2024-07-15 06:58:08::error::/v1/api/order/readArchivedOrderHistory::eb5375d6-c740-4682-989e-7337a6deac52::404 - NaNms - Response: {"status":404}::{"message":"Not Found"}
2024-07-15 06:58:09::error::/v1/api/order/readMemberOrderHistory::6320196c-7ac0-4e30-b358-15f4b4bf99ad::undefined - NaNms - Response: {}::{"message":"OrderService.readMemberOrderHistory is not a function"}
2024-07-15 06:58:09::error::/v1/api/order/readArchivedOrderHistory::41b8a985-713a-4ca2-81e3-8c473456b5b7::404 - NaNms - Response: {"status":404}::{"message":"Not Found"}
2024-07-15 06:58:26::error::/v1/api/order/readMemberOrderHistory::1ec5081b-ffa1-4302-a11a-ed1a795218a0::undefined - NaNms - Response: {}::{"message":"OrderService.readMemberOrderHistory is not a function"}
2024-07-15 06:58:26::error::/v1/api/order/readArchivedOrderHistory::9409aceb-80fd-4668-93dc-707064acbf03::404 - NaNms - Response: {"status":404}::{"message":"Not Found"}
2024-07-15 06:58:46::error::/v1/api/order/readMemberOrderHistory::8919852d-ee41-46c8-aa11-26d7f47fdb27::undefined - NaNms - Response: {}::{"message":"OrderService.readMemberOrderHistory is not a function"}
2024-07-15 06:58:46::error::/v1/api/order/readArchivedOrderHistory::6072ab2f-55b6-49f3-9769-500ba26d802a::404 - NaNms - Response: {"status":404}::{"message":"Not Found"}
2024-07-15 06:58:48::error::/v1/api/order/readMemberOrderHistory::c5612eb3-eb3b-4255-8458-68807a0095fb::undefined - NaNms - Response: {}::{"message":"OrderService.readMemberOrderHistory is not a function"}
2024-07-15 06:58:48::error::/v1/api/order/readArchivedOrderHistory::170d740c-974d-459c-a655-0b148e02d82a::404 - NaNms - Response: {"status":404}::{"message":"Not Found"}
2024-07-15 06:59:32::error::/v1/api/order/readArchivedOrderHistory::462ae9ed-bb19-41c5-927f-79e3344503c3::404 - NaNms - Response: {"status":404}::{"message":"Not Found"}
2024-07-15 06:59:32::error::/v1/api/order/readMemberOrderHistory::b70d47cc-24a9-459d-93ad-64b400db8ff0::undefined - NaNms - Response: {}::{"message":"OrderService.readMemberOrderHistory is not a function"}
2024-07-15 06:59:32::error::/v1/api/order/readMemberOrderHistory::139eff80-979c-4e12-b6c7-9d497256bf3d::undefined - NaNms - Response: {}::{"message":"OrderService.readMemberOrderHistory is not a function"}
2024-07-15 06:59:32::error::/v1/api/order/readArchivedOrderHistory::eebcbfa1-ed9f-4d09-84e9-461a85f4e7b4::404 - NaNms - Response: {"status":404}::{"message":"Not Found"}
2024-07-15 06:59:32::error::/v1/api/order/readMemberOrderHistory::0fe2b774-50f4-4f08-b238-a800f9257e13::undefined - NaNms - Response: {}::{"message":"OrderService.readMemberOrderHistory is not a function"}
2024-07-15 06:59:32::error::/v1/api/order/readArchivedOrderHistory::b27e66ed-cdb3-4f52-940e-e9937b73d53a::404 - NaNms - Response: {"status":404}::{"message":"Not Found"}
2024-07-15 07:00:13::error::/v1/api/order/readMemberOrderHistory::b4454740-dd6b-44ab-851f-405211bec880::undefined - NaNms - Response: {}::{"message":"OrderService.readMemberOrderHistory is not a function"}
2024-07-15 07:00:13::error::/v1/api/order/readArchivedOrderHistory::13fdb638-71a9-4873-a245-eaba49038c12::404 - NaNms - Response: {"status":404}::{"message":"Not Found"}
2024-07-15 07:00:25::error::/v1/api/order/readArchivedOrderHistory::db1fdc30-e5b1-403d-be23-7bfc95288e67::404 - NaNms - Response: {"status":404}::{"message":"Not Found"}
2024-07-15 07:00:25::error::/v1/api/order/readMemberOrderHistory::a29d1dd2-b9dd-41ae-93db-8d0f421571a4::undefined - NaNms - Response: {}::{"message":"OrderService.readMemberOrderHistory is not a function"}
2024-07-15 07:00:26::error::/v1/api/order/readMemberOrderHistory::ffe3d0cc-5467-40e9-b606-a7a738e39614::undefined - NaNms - Response: {}::{"message":"OrderService.readMemberOrderHistory is not a function"}
2024-07-15 07:00:26::error::/v1/api/order/readArchivedOrderHistory::1b6d228c-e041-4b59-b0a2-1874f6cc266f::404 - NaNms - Response: {"status":404}::{"message":"Not Found"}
2024-07-15 07:02:49::error::/v1/api/order/readArchivedOrderHistory::2ea0859e-1402-4db0-8918-da27fbb5e8fd::404 - NaNms - Response: {"status":404}::{"message":"Not Found"}
2024-07-15 07:02:49::error::/v1/api/order/readMemberOrderHistory::f27c9258-ad5d-4837-b78c-278edd7e8f90::undefined - NaNms - Response: {}::{"message":"OrderService.readMemberOrderHistory is not a function"}
2024-07-15 07:03:12::error::/v1/api/order/readMemberOrderHistory::40dffecf-6c3c-477f-8058-e2d57e0886b6::undefined - NaNms - Response: {}::{"message":"OrderService.readMemberOrderHistory is not a function"}
2024-07-15 07:03:12::error::/v1/api/order/readArchivedOrderHistory::a870e95b-9c00-4c78-87ce-2a8a2a89f71c::404 - NaNms - Response: {"status":404}::{"message":"Not Found"}
2024-07-15 07:05:28::error::/v1/api/order/readMemberOrderHistory::3bb3bc49-66d5-4706-85ba-854928a5c30d::undefined - NaNms - Response: {}::{"message":"OrderService.readMemberOrderHistory is not a function"}
2024-07-15 07:05:28::error::/v1/api/order/readArchivedOrderHistory::0940b0de-3563-4351-af4b-a12e4343996a::404 - NaNms - Response: {"status":404}::{"message":"Not Found"}
2024-07-15 07:05:51::error::/v1/api/order/readMemberOrderHistory::82b4f857-7e49-4c8f-913f-76d5faf6ad37::undefined - NaNms - Response: {}::{"message":"OrderService.readMemberOrderHistory is not a function"}
2024-07-15 07:05:51::error::/v1/api/order/readArchivedOrderHistory::5ba3c08b-8de2-4a77-a05d-7d6f15401b5a::404 - NaNms - Response: {"status":404}::{"message":"Not Found"}
2024-07-15 07:05:55::error::/v1/api/order/readMemberOrderHistory::9563be15-650a-46dd-9ce1-879f39f5d1a9::undefined - NaNms - Response: {}::{"message":"OrderService.readMemberOrderHistory is not a function"}
2024-07-15 07:05:55::error::/v1/api/order/readArchivedOrderHistory::5ad84cb6-3786-472e-b974-3058df27d779::404 - NaNms - Response: {"status":404}::{"message":"Not Found"}
2024-07-15 07:06:03::error::/v1/api/order/readMemberOrderHistory::da87b64d-f8e0-4522-9f91-2f3a3b215479::undefined - NaNms - Response: {}::{"message":"OrderService.readMemberOrderHistory is not a function"}
2024-07-15 07:06:03::error::/v1/api/order/readArchivedOrderHistory::2179dcef-73fa-4ea2-8242-40170546f2d1::404 - NaNms - Response: {"status":404}::{"message":"Not Found"}
2024-07-15 07:06:10::error::/v1/api/order/readMemberOrderHistory::8be4c82e-cd6b-4db4-888e-8d9584187a3b::undefined - NaNms - Response: {}::{"message":"OrderService.readMemberOrderHistory is not a function"}
2024-07-15 07:06:10::error::/v1/api/order/readArchivedOrderHistory::41a61fec-3090-4a1e-9b79-e0a62e883490::404 - NaNms - Response: {"status":404}::{"message":"Not Found"}
2024-07-15 07:06:54::error::/v1/api/order/readMemberOrderHistory::5bccd1d8-1ae6-4958-a3e4-4e5095448d62::undefined - NaNms - Response: {}::{"message":"OrderService.readMemberOrderHistory is not a function"}
2024-07-15 07:06:54::error::/v1/api/order/readArchivedOrderHistory::52be9bbf-4498-4c6e-bc1a-0cb132b4805f::404 - NaNms - Response: {"status":404}::{"message":"Not Found"}
2024-07-15 07:11:58::error::/v1/api/order/readMemberOrderHistory::ffaa585e-6e73-4359-8e89-0d79606de933::undefined - NaNms - Response: {}::{"message":"OrderService.readMemberOrderHistory is not a function"}
2024-07-15 07:11:58::error::/v1/api/order/readArchivedOrderHistory::2a97245c-57c0-43a1-ab76-0eb67655fcfd::404 - NaNms - Response: {"status":404}::{"message":"Not Found"}
2024-07-15 07:12:05::error::/v1/api/order/readMemberOrderHistory::a8a138a0-31d9-4a45-88d8-1770674ab34d::undefined - NaNms - Response: {}::{"message":"OrderService.readMemberOrderHistory is not a function"}
2024-07-15 07:12:05::error::/v1/api/order/readArchivedOrderHistory::cfa9ae80-46a5-4af7-b721-99c284e510a2::404 - NaNms - Response: {"status":404}::{"message":"Not Found"}
2024-07-15 07:12:11::error::/v1/api/order/readMemberOrderHistory::40734993-19be-4e45-bbf3-9f9688951c94::undefined - NaNms - Response: {}::{"message":"OrderService.readMemberOrderHistory is not a function"}
2024-07-15 07:12:11::error::/v1/api/order/readArchivedOrderHistory::8812859d-d39b-44af-887c-e328795db5b0::404 - NaNms - Response: {"status":404}::{"message":"Not Found"}
2024-07-15 07:12:26::error::/v1/api/order/readArchivedOrderHistory::595168fe-3439-4bb1-9a36-23894e8c6d02::404 - NaNms - Response: {"status":404}::{"message":"Not Found"}
2024-07-15 07:12:26::error::/v1/api/order/readMemberOrderHistory::58de0e52-175d-4684-aa28-861009c7059a::undefined - NaNms - Response: {}::{"message":"OrderService.readMemberOrderHistory is not a function"}
2024-07-15 07:12:45::error::/v1/api/order/readMemberOrderHistory::22bd202b-b637-4a59-999f-de4328a9ce62::undefined - NaNms - Response: {}::{"message":"OrderService.readMemberOrderHistory is not a function"}
2024-07-15 07:12:45::error::/v1/api/order/readArchivedOrderHistory::7e309f7a-a7ed-4db6-8c37-65f5587a8dfd::404 - NaNms - Response: {"status":404}::{"message":"Not Found"}
2024-07-15 07:12:58::error::/v1/api/order/readMemberOrderHistory::1975e995-52a7-4eda-b195-43cc36a75c7a::undefined - NaNms - Response: {}::{"message":"OrderService.readMemberOrderHistory is not a function"}
2024-07-15 07:12:58::error::/v1/api/order/readArchivedOrderHistory::4be9c783-bb8b-4bbc-acae-f7317998e1f3::404 - NaNms - Response: {"status":404}::{"message":"Not Found"}
2024-07-15 07:13:00::error::/v1/api/order/readMemberOrderHistory::fafc0211-1ea0-4595-b03e-6eaa37f3d084::undefined - NaNms - Response: {}::{"message":"OrderService.readMemberOrderHistory is not a function"}
2024-07-15 07:13:00::error::/v1/api/order/readArchivedOrderHistory::d4d4493f-c832-40d1-8a1c-4c5eb88382b6::404 - NaNms - Response: {"status":404}::{"message":"Not Found"}
2024-07-15 07:13:02::error::/v1/api/order/readMemberOrderHistory::262cba55-21cf-4bbe-9be5-1b3e459046d1::undefined - NaNms - Response: {}::{"message":"OrderService.readMemberOrderHistory is not a function"}
2024-07-15 07:13:02::error::/v1/api/order/readArchivedOrderHistory::9185ce9c-d197-40ad-aefe-ce5357575795::404 - NaNms - Response: {"status":404}::{"message":"Not Found"}
2024-07-15 07:13:23::error::/v1/api/order/readMemberOrderHistory::e4496c32-6e72-49db-9a3b-41945e0a498c::undefined - NaNms - Response: {}::{"message":"OrderService.readMemberOrderHistory is not a function"}
2024-07-15 07:13:23::error::/v1/api/order/readArchivedOrderHistory::0bd451b3-d7a1-4c82-a20b-f5c765c8b9d8::404 - NaNms - Response: {"status":404}::{"message":"Not Found"}
2024-07-15 07:13:44::error::/v1/api/order/readMemberOrderHistory::7bcbf9c1-ac9e-4756-a7a3-622e82d7b762::undefined - NaNms - Response: {}::{"message":"OrderService.readMemberOrderHistory is not a function"}
2024-07-15 07:13:44::error::/v1/api/order/readArchivedOrderHistory::0e1530a6-7fae-4cc9-be12-31c77510cb87::404 - NaNms - Response: {"status":404}::{"message":"Not Found"}
2024-07-15 07:13:51::error::/v1/api/order/readMemberOrderHistory::d03286e9-f9d9-458b-8388-8cdee3850e0c::undefined - NaNms - Response: {}::{"message":"OrderService.readMemberOrderHistory is not a function"}
2024-07-15 07:13:51::error::/v1/api/order/readArchivedOrderHistory::5f372562-624c-4cc2-8140-6537539b45c1::404 - NaNms - Response: {"status":404}::{"message":"Not Found"}
2024-07-15 07:14:57::error::/v1/api/order/readMemberOrderHistory::16a2bac2-0e55-4794-ac3a-7be4f25692ec::undefined - NaNms - Response: {}::{"message":"OrderService.readMemberOrderHistory is not a function"}
2024-07-15 07:14:57::error::/v1/api/order/readArchivedOrderHistory::0480ac38-fcfb-4f4b-93c3-65d2854e3036::404 - NaNms - Response: {"status":404}::{"message":"Not Found"}
2024-07-15 07:15:19::error::/v1/api/order/readMemberOrderHistory::80b37fc7-b5ad-4fe7-aa62-26cd8d15df06::undefined - NaNms - Response: {}::{"message":"OrderService.readMemberOrderHistory is not a function"}
2024-07-15 07:15:19::error::/v1/api/order/readArchivedOrderHistory::2c4bb810-c866-4fbc-98c3-49a57518b846::404 - NaNms - Response: {"status":404}::{"message":"Not Found"}
2024-07-15 07:15:22::error::/v1/api/order/readMemberOrderHistory::01591c6c-7de2-4216-b23d-b6874980935f::undefined - NaNms - Response: {}::{"message":"OrderService.readMemberOrderHistory is not a function"}
2024-07-15 07:15:22::error::/v1/api/order/readArchivedOrderHistory::1e0bcf6c-2102-4d14-9e9e-034b71e29cbd::404 - NaNms - Response: {"status":404}::{"message":"Not Found"}
2024-07-15 07:15:33::error::/v1/api/order/readMemberOrderHistory::57087183-0f6c-402a-8931-c82bdff2e7a5::undefined - NaNms - Response: {}::{"message":"OrderService.readMemberOrderHistory is not a function"}
2024-07-15 07:15:33::error::/v1/api/order/readArchivedOrderHistory::68f271c5-2f0e-4f73-8b51-df6b618c2a14::404 - NaNms - Response: {"status":404}::{"message":"Not Found"}
2024-07-15 07:15:46::error::/v1/api/order/readMemberOrderHistory::2141a264-2090-4c04-91b4-3dbe9b4779f8::undefined - NaNms - Response: {}::{"message":"OrderService.readMemberOrderHistory is not a function"}
2024-07-15 07:15:46::error::/v1/api/order/readArchivedOrderHistory::5e1c1fb1-a643-4e50-9420-273e64f2cf2e::404 - NaNms - Response: {"status":404}::{"message":"Not Found"}
2024-07-15 07:16:09::error::/v1/api/order/readMemberOrderHistory::df5ec7fe-d4e2-45e0-9d3b-02fe1804c5eb::undefined - NaNms - Response: {}::{"message":"OrderService.readMemberOrderHistory is not a function"}
2024-07-15 07:16:09::error::/v1/api/order/readArchivedOrderHistory::ea636e35-079a-4719-a35f-c49fbdbbdcc2::404 - NaNms - Response: {"status":404}::{"message":"Not Found"}
2024-07-15 07:16:56::error::/v1/api/order/readMemberOrderHistory::111c8c6d-712b-4e73-ba55-902877b80530::undefined - NaNms - Response: {}::{"message":"OrderService.readMemberOrderHistory is not a function"}
2024-07-15 07:16:56::error::/v1/api/order/readArchivedOrderHistory::63e6379a-fb9f-4a62-a152-9e1062687e81::404 - NaNms - Response: {"status":404}::{"message":"Not Found"}
2024-07-15 07:16:59::error::/v1/api/order/readMemberOrderHistory::1ec4d997-1389-4e11-80d4-e716e0d610af::undefined - NaNms - Response: {}::{"message":"OrderService.readMemberOrderHistory is not a function"}
2024-07-15 07:16:59::error::/v1/api/order/readArchivedOrderHistory::63728b73-338e-4d7a-a142-17ccfc3945c9::404 - NaNms - Response: {"status":404}::{"message":"Not Found"}
2024-07-15 07:17:03::error::/v1/api/order/readMemberOrderHistory::0a24660f-40d3-4ff5-875c-4f857b92dbd2::undefined - NaNms - Response: {}::{"message":"OrderService.readMemberOrderHistory is not a function"}
2024-07-15 07:17:03::error::/v1/api/order/readArchivedOrderHistory::bb6cb31d-e90a-438a-9e25-f4f0705e9a6b::404 - NaNms - Response: {"status":404}::{"message":"Not Found"}
2024-07-15 07:17:58::error::/v1/api/order/readMemberOrderHistory::52465f91-0712-4ba0-8b82-380b50fb9dc9::undefined - NaNms - Response: {}::{"message":"OrderService.readMemberOrderHistory is not a function"}
2024-07-15 07:17:58::error::/v1/api/order/readArchivedOrderHistory::597917a7-3d2b-49b7-9b3e-000a37091dd1::404 - NaNms - Response: {"status":404}::{"message":"Not Found"}
2024-07-15 07:18:27::error::/v1/api/order/readMemberOrderHistory::95f69900-b3df-458e-aa36-ba1fe22f07c4::undefined - NaNms - Response: {}::{"message":"OrderService.readMemberOrderHistory is not a function"}
2024-07-15 07:18:27::error::/v1/api/order/readArchivedOrderHistory::87599a55-df4f-408c-ba5f-6c2aefdfa09c::404 - NaNms - Response: {"status":404}::{"message":"Not Found"}
2024-07-15 07:30:09::error::/v1/api/order/readMemberOrderHistory::701481ba-6976-4b67-af51-d29da8dc026c::undefined - NaNms - Response: {}::{"message":"OrderService.readMemberOrderHistory is not a function"}
2024-07-15 07:30:09::error::/v1/api/order/readArchivedOrderHistory::0738f41f-353f-4980-b609-4826f8bfdbc6::404 - NaNms - Response: {"status":404}::{"message":"Not Found"}
2024-07-15 07:30:09::error::/v1/api/order/readMemberOrderHistory::c3b1d1f7-8eee-49d6-b0af-a109eb678050::undefined - NaNms - Response: {}::{"message":"OrderService.readMemberOrderHistory is not a function"}
2024-07-15 07:30:09::error::/v1/api/order/readArchivedOrderHistory::11b565bc-fbb3-4d01-a4b5-b523475fd51f::404 - NaNms - Response: {"status":404}::{"message":"Not Found"}
2024-07-15 07:30:12::error::/v1/api/order/readMemberOrderHistory::6e32b1bf-1757-47c1-afb0-7f05ebe6f4d1::undefined - NaNms - Response: {}::{"message":"OrderService.readMemberOrderHistory is not a function"}
2024-07-15 07:30:12::error::/v1/api/order/readArchivedOrderHistory::72a7d530-8b40-41b1-a0f7-fbfa8f80e3f2::404 - NaNms - Response: {"status":404}::{"message":"Not Found"}
2024-07-15 07:30:42::error::/v1/api/order/readMemberOrderHistory::de4655e0-9daa-4ee9-86ba-04c9f54fd303::undefined - NaNms - Response: {}::{"message":"OrderService.readMemberOrderHistory is not a function"}
2024-07-15 07:30:42::error::/v1/api/order/readArchivedOrderHistory::dd727836-dfab-49c7-b190-2fa5d11fb250::404 - NaNms - Response: {"status":404}::{"message":"Not Found"}
2024-07-15 10:19:13::error::/v1/api/user/me::150bb0c8-15e7-4788-8009-774dd7631ad2::403 - 1ms - Response: {"status":403,"now":1721013553674}::{"message":"Access token missing"}
2024-07-15 10:19:15::error::/v1/api/user/me::167746e5-5da8-4916-a7e0-a91d2b65a416::403 - 2ms - Response: {"status":403,"now":1721013555431}::{"message":"Access token missing"}
2024-07-15 10:19:15::error::/v1/api/user/me::42f94672-5147-44b5-a30f-e003ecfe8aac::403 - 0ms - Response: {"status":403,"now":1721013555664}::{"message":"Access token missing"}
2024-07-15 10:19:35::error::/v1/api/order/readMemberOrderHistory::a3b745ee-1ce4-4849-9afa-e92732985c0f::undefined - NaNms - Response: {}::{"message":"OrderService.readMemberOrderHistory is not a function"}
2024-07-15 10:19:35::error::/v1/api/order/readArchivedOrderHistory::0928f663-6d9d-4ab4-888d-94e1abe15a86::404 - NaNms - Response: {"status":404}::{"message":"Not Found"}
2024-07-15 10:19:35::error::/v1/api/order/readTalentOrderHistory::437f831e-a42a-457a-92a0-43b9ba264663::403 - 0ms - Response: {"status":403,"now":1721013575800}::{"message":"You are not a talent!"}
2024-07-15 10:19:37::error::/v1/api/user/me::aac0449a-978e-48b3-91cb-64a0db99cb56::403 - 0ms - Response: {"status":403,"now":1721013577940}::{"message":"Access token missing"}
2024-07-15 10:21:25::error::/v1/api/user/me::68bc5eb1-9f68-4fa1-a190-ba602bee6f06::403 - 0ms - Response: {"status":403,"now":1721013685931}::{"message":"Access token missing"}
2024-07-15 10:21:35::error::/v1/api/order/readMemberOrderHistory::836525f3-dde7-41e2-8dd1-7ca2d78ffb36::undefined - NaNms - Response: {}::{"message":"OrderService.readMemberOrderHistory is not a function"}
2024-07-15 10:21:35::error::/v1/api/order/readArchivedOrderHistory::6fee1a92-a3b9-4dfe-836a-9f43670022b7::404 - NaNms - Response: {"status":404}::{"message":"Not Found"}
2024-07-15 10:21:35::error::/v1/api/order/readTalentOrderHistory::390a54b5-9f2f-48c5-975d-484a390cb6b6::403 - 0ms - Response: {"status":403,"now":1721013695135}::{"message":"You are not a talent!"}
2024-07-15 10:21:37::error::/v1/api/order/readMemberOrderHistory::2484bdf4-1c56-405d-abdc-7ba7aabde0df::undefined - NaNms - Response: {}::{"message":"OrderService.readMemberOrderHistory is not a function"}
2024-07-15 10:21:37::error::/v1/api/order/readArchivedOrderHistory::2bbdeb8d-6149-42b7-9034-57262f328bfc::404 - NaNms - Response: {"status":404}::{"message":"Not Found"}
2024-07-15 10:21:37::error::/v1/api/order/readTalentOrderHistory::2595ea69-e470-4e24-b90f-33e3426d9dd1::403 - 0ms - Response: {"status":403,"now":1721013697868}::{"message":"You are not a talent!"}
2024-07-15 10:23:46::error::/v1/api/order/readMemberOrderHistory::42d90b86-1818-480a-8618-124b6887205c::undefined - NaNms - Response: {}::{"message":"OrderService.readMemberOrderHistory is not a function"}
2024-07-15 10:23:46::error::/v1/api/order/readArchivedOrderHistory::8168fd2c-c09b-487e-ab70-d2ed9d76b7b5::404 - NaNms - Response: {"status":404}::{"message":"Not Found"}
2024-07-15 10:23:46::error::/v1/api/order/readTalentOrderHistory::45851a06-2fd5-4c3c-929e-9042418f05df::403 - 0ms - Response: {"status":403,"now":1721013826992}::{"message":"You are not a talent!"}
2024-07-15 12:22:50::error::/v1/api/user/me::4cd5ed73-6659-4081-b220-ac3e95ec272d::403 - 1ms - Response: {"status":403,"now":1721020970766}::{"message":"Access token missing"}
2024-07-15 12:22:50::error::/v1/api/conversation/readConversations::576604c6-8b9b-4c86-8d46-10e0958538aa::401 - 1ms - Response: {"status":401,"now":1721020970842}::{"message":"You are not authenticated!"}
2024-07-15 12:31:13::error::/v1/api/user/me::64f88a50-b2bf-4e15-b306-1c6ebf1542e2::403 - 1ms - Response: {"status":403,"now":1721021473714}::{"message":"Access token missing"}
2024-07-15 12:31:13::error::/v1/api/conversation/readConversations::fce2c710-39f0-4a87-858c-196b736ff98d::401 - 1ms - Response: {"status":401,"now":1721021473759}::{"message":"You are not authenticated!"}
2024-07-15 12:31:48::error::/v1/api/user/me::a6557766-8cb6-431a-ba6b-d4a9dbe5836e::403 - 2ms - Response: {"status":403,"now":1721021508740}::{"message":"Access token missing"}
2024-07-15 12:31:48::error::/v1/api/conversation/readConversations::30ff0c9a-4e13-4582-9c5a-f5d7932bc662::401 - 1ms - Response: {"status":401,"now":1721021508765}::{"message":"You are not authenticated!"}
2024-07-15 13:39:03::error::/v1/api/auth/users/login::62900873-b125-458c-9d2f-14ae38bb5e49::403 - 0ms - Response: {"status":403,"now":1721025543560}::{"message":"User not registered"}
2024-07-15 13:40:45::error::/v1/api/auth/users/forgotPassword::90e399b7-0501-464b-b5ef-0d58456a9a1b::403 - 1ms - Response: {"status":403,"now":1721025645048}::{"message":"User not found"}
2024-07-15 13:41:07::error::/v1/api/upload/profile/avatarOrCover/6660179bd3737cbcac3bc903::45adea38-97b2-4503-b962-7967d20d69a8::undefined - NaNms - Response: {}::{"message":"Cannot read properties of null (reading 'role')"}
2024-07-15 13:41:12::error::/v1/api/auth/users/login::c13cc686-76bd-4a87-b3d1-cc3a13926295::403 - 0ms - Response: {"status":403,"now":1721025672432}::{"message":"User not registered"}
2024-07-15 13:43:40::error::/v1/api/auth/users/login::c79c9ea1-e8dd-48e7-ad14-ecd9bfa586c5::403 - 1ms - Response: {"status":403,"now":1721025820641}::{"message":"User not registered"}
2024-07-15 13:53:16::error::/v1/api/auth/users/login::332a333b-fa2a-45b1-9fa5-41ef89cac69b::403 - 1ms - Response: {"status":403,"now":1721026396327}::{"message":"User not registered"}
2024-07-15 14:01:08::error::/v1/api/auth/users/login::34896bb8-8737-4e0a-bcd1-d5b82a4c508f::403 - 1ms - Response: {"status":403,"now":1721026868581}::{"message":"User not registered"}
2024-07-15 14:08:36::error::/v1/api/auth/users/login::b6613e92-c2bf-4181-b9cc-e6d08d15d654::403 - 0ms - Response: {"status":403,"now":1721027316761}::{"message":"User not registered"}
2024-07-15 14:10:40::error::/v1/api/auth/users/login::af72aa4f-28c5-4f36-8fda-94051d2f9a57::403 - 1ms - Response: {"status":403,"now":1721027440050}::{"message":"User not registered"}
2024-07-15 14:19:36::error::/v1/api/auth/users/login::f9bc2c64-55e4-47af-9315-1775823b959d::403 - 1ms - Response: {"status":403,"now":1721027976059}::{"message":"User not registered"}
2024-07-15 14:21:20::error::/v1/api/auth/users/login::78953dee-ddfa-437d-b84d-3dda9e031695::403 - 1ms - Response: {"status":403,"now":1721028080523}::{"message":"User not registered"}
2024-07-15 14:22:06::error::/v1/api/auth/users/login::238d6895-6b99-434c-8fa5-4b4d7a1febf4::403 - 2ms - Response: {"status":403,"now":1721028126135}::{"message":"User not registered"}
2024-07-15 14:23:25::error::/v1/api/auth/users/login::df03da5c-6684-4e8a-b985-2fbc5cbdf98c::undefined - NaNms - Response: {}::{"message":"Operation `Users.findOne()` buffering timed out after 10000ms"}
2024-07-15 14:24:49::error::/v1/api/auth/users/login::ca5ef340-a1b4-4986-a30d-c9b0685bbb40::undefined - NaNms - Response: {}::{"message":"Operation `Users.findOne()` buffering timed out after 10000ms"}
2024-07-15 14:26:51::error::/v1/api/auth/users/login::c35574e0-f662-4b15-96e5-83d6470f0dc6::undefined - NaNms - Response: {}::{"message":"Operation `Users.findOne()` buffering timed out after 10000ms"}
2024-07-15 14:27:19::error::/v1/api/auth/users/login::4dc0e233-60b1-45b6-a43c-b291831806f9::undefined - NaNms - Response: {}::{"message":"Operation `Users.findOne()` buffering timed out after 10000ms"}
2024-07-15 14:27:54::error::/v1/api/auth/users/login::c015950c-84ab-4c23-b1cf-02785d2d6572::403 - 1ms - Response: {"status":403,"now":1721028474916}::{"message":"User not registered"}
2024-07-15 14:32:15::error::/v1/api/auth/users/login::60a8ce5d-e106-4d09-a942-b2b0515d80ed::403 - 1ms - Response: {"status":403,"now":1721028735012}::{"message":"User not registered"}
2024-07-15 15:12:37::error::/v1/api/auth/users/login::ecbd77bc-669b-480c-b07f-c208c4f71822::undefined - NaNms - Response: {}::{"message":"Operation `Users.findOne()` buffering timed out after 10000ms"}
2024-07-15 15:13:06::error::/v1/api/auth/users/login::82b431af-68b0-4860-8887-59d44bf63e98::undefined - NaNms - Response: {}::{"message":"Operation `Users.findOne()` buffering timed out after 10000ms"}
