2024-06-18 16:28:31::info::/v1/api/user/me::ff39eb8f-a719-4306-a8ba-bec34af4350c::input-params ::GET::::{}
2024-06-18 16:28:31::info::/v1/api/user/readUserProfile/665edd23fa87b27398b73d10::5151b7d6-4acd-4aa6-bf8d-73ee9d4c0cfa::input-params ::GET::::{}
2024-06-18 16:28:31::info::/v1/api/user/me::ee56e349-19a7-4e68-a605-233df7fb4947::input-params ::GET::::{}
2024-06-18 16:28:31::info::/v1/api/user/readUserProfile/665edd23fa87b27398b73d10::9ed8d866-76de-4265-abeb-a35683952bb2::input-params ::GET::::{}
2024-06-18 16:29:26::info::/v1/api/user/me::479283ed-2f0c-489e-9b84-5e81fc7bb1be::input-params ::GET::::{}
2024-06-18 16:29:26::info::/v1/api/user/readUserProfile/665edd23fa87b27398b73d10::532fbbc1-9032-4a75-ba56-dfdd5443ac9f::input-params ::GET::::{}
2024-06-18 16:30:32::info::/v1/api/user/me::b58aa8b0-d22a-4ca0-a0f0-315b388fd06e::input-params ::GET::::{}
2024-06-18 16:30:32::info::/v1/api/user/readUserProfile/665edd23fa87b27398b73d10::f8d81e25-5739-44a7-b8c9-52b487988235::input-params ::GET::::{}
2024-06-18 16:30:45::info::/v1/api/user/me::a7641d11-5c4f-4ce7-a5d8-b604453726e4::input-params ::GET::::{}
2024-06-18 16:30:45::info::/v1/api/user/readUserProfile/665edd23fa87b27398b73d10::24eea8c1-1f2c-4a25-852b-f258b2b7220c::input-params ::GET::::{}
2024-06-18 16:33:27::info::/v1/api/user/readUserProfile/665edd23fa87b27398b73d10::f7a094d5-4fd2-4f20-ae3e-52fc937c193b::input-params ::GET::::{}
2024-06-18 16:33:27::info::/v1/api/user/me::f7d05407-bef1-4215-b428-9344583c6f81::input-params ::GET::::{}
2024-06-18 16:33:50::info::/v1/api/user/me::2b43a2ad-23a2-4108-9aac-c2163732e669::input-params ::GET::::{}
2024-06-18 16:33:50::info::/v1/api/user/readUserProfile/665edd23fa87b27398b73d10::5c93784c-7f9f-4e81-9aa8-cfc477e40644::input-params ::GET::::{}
2024-06-18 16:33:53::info::/v1/api/user/me::00f73214-881e-44d8-9fcf-7e83a0f7870d::input-params ::GET::::{}
2024-06-18 16:33:53::info::/v1/api/user/readUserProfile/665edd23fa87b27398b73d10::fb5603af-1507-4552-af38-b1ad603848ed::input-params ::GET::::{}
2024-06-18 16:39:28::info::/v1/api/user/me::7e317cf5-af4c-4a7f-a1b4-0c1f105a8af6::input-params ::GET::::{}
2024-06-18 16:39:28::info::/v1/api/user/readUserProfile/665edd23fa87b27398b73d10::cf668eef-e74f-429b-8524-93714ca68781::input-params ::GET::::{}
2024-06-18 16:41:49::info::/v1/api/user/me::f59d0b6b-ec4a-4a06-943d-a8e099730047::input-params ::GET::::{}
2024-06-18 16:41:49::info::/v1/api/user/readUserProfile/665edd23fa87b27398b73d10::2df2a5dc-082a-4c43-900a-a4c41bd177f0::input-params ::GET::::{}
2024-06-18 16:42:11::info::/v1/api/user/me::9f7f4742-db39-495e-b232-a07af00955d3::input-params ::GET::::{}
2024-06-18 16:42:11::info::/v1/api/user/readUserProfile/665edd23fa87b27398b73d10::60b81a0e-52d5-4f77-81ff-ebf1216b1354::input-params ::GET::::{}
2024-06-18 16:42:28::info::/v1/api/user/me::5f6d4d6c-3589-4382-9b12-946dc2d9a918::input-params ::GET::::{}
2024-06-18 16:42:28::info::/v1/api/user/readUserProfile/665edd23fa87b27398b73d10::b78973f5-ec82-4ebc-98a4-f933dd5d6a41::input-params ::GET::::{}
2024-06-18 16:43:46::info::/v1/api/user/me::ff817641-4365-430b-9d10-f20927dde918::input-params ::GET::::{}
2024-06-18 16:43:46::info::/v1/api/user/readUserProfile/665edd23fa87b27398b73d10::2d67dc8c-68cd-4d4a-a7c7-202bc38114b6::input-params ::GET::::{}
2024-06-18 16:45:54::info::/v1/api/user/readUserProfile/665edd23fa87b27398b73d10::f6d14745-bc60-4edc-b92f-9747a11de9fb::input-params ::GET::::{}
2024-06-18 16:45:54::info::/v1/api/user/me::6377f794-0581-4942-abf5-efc9803dc12c::input-params ::GET::::{}
2024-06-18 16:48:18::info::/v1/api/user/readUserProfile/665edd23fa87b27398b73d10::18aedc5b-438e-469d-9c32-43ca5111480f::input-params ::GET::::{}
2024-06-18 16:48:18::info::/v1/api/user/me::5ccac3cf-e255-46de-a2aa-2730f161c8ec::input-params ::GET::::{}
2024-06-18 16:50:27::info::/v1/api/user/me::29c8e18d-4f4a-4013-b7c1-55300b471ec7::input-params ::GET::::{}
2024-06-18 16:50:29::info::/v1/api/user/me::dbc27b44-02e5-4b39-adb1-dbe2ef7230fe::input-params ::GET::::{}
2024-06-18 16:50:30::info::/v1/api/user/me::f4edb88f-931f-4da1-bbc2-c493b3c12541::input-params ::GET::::{}
2024-06-18 16:50:32::info::/v1/api/user/me::e7acaaef-b057-4ed2-841f-4250b7ca7742::input-params ::GET::::{}
2024-06-18 16:50:32::info::/v1/api/user/readUserProfile/665edd23fa87b27398b73d10::731566a3-ba49-43c9-a85d-c30e287b7ceb::input-params ::GET::::{}
2024-06-18 16:51:41::info::/v1/api/user/me::15011735-99d3-4af2-9162-55bb474a9222::input-params ::GET::::{}
2024-06-18 16:51:41::info::/v1/api/user/readUserProfile/665edd23fa87b27398b73d10::2567d0fc-aaed-4147-8653-02d34dd3283c::input-params ::GET::::{}
2024-06-18 16:52:08::info::/v1/api/user/me::b4b4af6b-531d-49e6-ba4f-12b06dd1008c::input-params ::GET::::{}
2024-06-18 16:52:08::info::/v1/api/user/readUserProfile/665edd23fa87b27398b73d10::12755d00-ab18-49a3-8137-8edf00b74a59::input-params ::GET::::{}
2024-06-18 16:53:21::info::/v1/api/user/readUserProfile/665edd23fa87b27398b73d10::6d48546b-cf86-4106-914f-0f0561661a59::input-params ::GET::::{}
2024-06-18 16:53:21::info::/v1/api/user/me::a980ffdd-5b6e-4072-bcc4-b19ca36d168b::input-params ::GET::::{}
2024-06-18 16:53:29::info::/v1/api/user/readUserProfile/665edd23fa87b27398b73d10::13677a81-8a68-4538-ae9a-f989ba822765::input-params ::GET::::{}
2024-06-18 16:54:21::info::/v1/api/user/me::bb8c8b8c-18d5-415a-9504-9b33d0b62e33::input-params ::GET::::{}
2024-06-18 16:54:21::info::/v1/api/user/readUserProfile/665edd23fa87b27398b73d10::e7d6fc05-3b85-4974-8ef1-531203e9039d::input-params ::GET::::{}
2024-06-18 16:55:04::info::/v1/api/user/me::59a15707-0c60-43b2-a44e-e551db373c4a::input-params ::GET::::{}
2024-06-18 16:55:04::info::/v1/api/user/readUserProfile/665edd23fa87b27398b73d10::f70f5c83-98ed-4a49-a554-1f37ca061ea1::input-params ::GET::::{}
2024-06-18 16:55:08::info::/v1/api/user/me::22dbbd53-4a05-4956-baf4-724085f6da56::input-params ::GET::::{}
2024-06-18 16:55:08::info::/v1/api/user/readUserProfile/665edd23fa87b27398b73d10::54c2559f-cbdd-4271-8385-858e0b657bf8::input-params ::GET::::{}
2024-06-18 16:55:15::info::/v1/api/user/me::a8866785-6211-4507-bf85-a03e66fbe115::input-params ::GET::::{}
2024-06-18 16:55:15::info::/v1/api/user/readUserProfile/665edd23fa87b27398b73d10::4b971ed5-c319-47d3-9bb1-5bdd438d7b54::input-params ::GET::::{}
2024-06-18 16:55:21::info::/v1/api/user/me::8e454cce-23ec-4f17-aac8-954a553c729a::input-params ::GET::::{}
2024-06-18 16:55:21::info::/v1/api/user/readUserProfile/665edd23fa87b27398b73d10::d5df8a4a-8bf4-47d4-bdae-ec042877de48::input-params ::GET::::{}
2024-06-18 16:56:57::info::/v1/api/user/me::81811467-e469-40e2-b52f-fa8c5b8dda4e::input-params ::GET::::{}
2024-06-18 16:56:57::info::/v1/api/user/readUserProfile/665edd23fa87b27398b73d10::267e9e67-16f8-400b-afb3-7168a5b94c9d::input-params ::GET::::{}
2024-06-18 16:57:10::info::/v1/api/user/me::a2197ce5-548a-447f-87d1-59ef7a051bd3::input-params ::GET::::{}
2024-06-18 16:57:10::info::/v1/api/user/readUserProfile/665edd23fa87b27398b73d10::a00794cc-0332-4e4c-bf07-9b9a2565bd07::input-params ::GET::::{}
2024-06-18 16:57:13::info::/v1/api/user/me::0246bfa3-6921-44ab-87df-b5f7406eebb6::input-params ::GET::::{}
2024-06-18 16:57:13::info::/v1/api/user/readUserProfile/665edd23fa87b27398b73d10::a481cb0a-d7cd-46ed-8803-cf8d744a3a97::input-params ::GET::::{}
2024-06-18 16:57:20::info::/v1/api/user/me::0715f70a-a140-42ed-82bd-5212de838398::input-params ::GET::::{}
2024-06-18 16:57:20::info::/v1/api/user/readUserProfile/665edd23fa87b27398b73d10::180139b0-9c1b-4968-99db-5c733f8b6593::input-params ::GET::::{}
2024-06-18 16:57:26::info::/v1/api/user/me::2e65ff07-e49b-413c-9d3a-6facdebfe09d::input-params ::GET::::{}
2024-06-18 16:57:26::info::/v1/api/user/readUserProfile/665edd23fa87b27398b73d10::952b2349-591b-4aea-aff1-3b0e5c596721::input-params ::GET::::{}
2024-06-18 16:57:57::info::/v1/api/user/me::6ca654f9-8b32-4439-9753-928e42d64781::input-params ::GET::::{}
2024-06-18 16:57:57::info::/v1/api/user/readUserProfile/665edd23fa87b27398b73d10::bca03f8f-b084-473b-b7da-67a9acc31873::input-params ::GET::::{}
2024-06-18 16:58:02::info::/v1/api/user/me::7ef119ce-ecc4-429f-b949-e220e7a95095::input-params ::GET::::{}
2024-06-18 16:58:02::info::/v1/api/user/readUserProfile/665edd23fa87b27398b73d10::b4884d8c-cb31-4d10-bb2e-11e3211451b4::input-params ::GET::::{}
2024-06-18 16:58:10::info::/v1/api/user/me::d7a23a39-b241-458a-8fe7-da31326ee008::input-params ::GET::::{}
2024-06-18 16:58:10::info::/v1/api/user/readUserProfile/665edd23fa87b27398b73d10::b0191734-59be-4200-9fad-6c8c29de3965::input-params ::GET::::{}
2024-06-18 16:58:12::info::/v1/api/user/me::3f8423eb-345c-42d4-87ed-8d21914e581e::input-params ::GET::::{}
2024-06-18 16:58:12::info::/v1/api/user/readUserProfile/665edd23fa87b27398b73d10::941852cb-6f6a-40e4-bcd8-fa1c780373b6::input-params ::GET::::{}
2024-06-18 16:58:23::info::/v1/api/user/me::fa2d4eb2-8cd5-45fa-a456-31c75d11826c::input-params ::GET::::{}
2024-06-18 16:58:23::info::/v1/api/user/readUserProfile/665edd23fa87b27398b73d10::2c817da3-7c5e-431f-8f88-1696ae3e5c74::input-params ::GET::::{}
2024-06-18 16:59:08::info::/v1/api/user/me::9c0ad9c9-d9cf-4fd2-b888-e8f8a1dbb20c::input-params ::GET::::{}
2024-06-18 16:59:08::info::/v1/api/user/readUserProfile/665edd23fa87b27398b73d10::e5e7f5c2-aa2b-492a-9bb9-488f0f31f81e::input-params ::GET::::{}
2024-06-18 17:00:43::info::/v1/api/user/me::4aea72d4-dc81-48d7-9e1b-593e16c24394::input-params ::GET::::{}
2024-06-18 17:00:43::info::/v1/api/user/readUserProfile/665edd23fa87b27398b73d10::c2e8096c-37e4-426d-9bfd-964031463af1::input-params ::GET::::{}
2024-06-18 17:00:46::info::/v1/api/user/me::09590b19-faef-4ab2-8829-34bd54b6cf1a::input-params ::GET::::{}
2024-06-18 17:00:46::info::/v1/api/user/readUserProfile/665edd23fa87b27398b73d10::01ee0b22-8704-4047-8dd4-cd0bab9dee11::input-params ::GET::::{}
2024-06-18 17:00:56::info::/v1/api/user/me::c3b79cb5-381b-4f70-9cb1-516a09c50126::input-params ::GET::::{}
2024-06-18 17:00:56::info::/v1/api/user/readUserProfile/665edd23fa87b27398b73d10::d67eb18e-0b7f-477e-b701-1c8003a6cb67::input-params ::GET::::{}
2024-06-18 17:01:33::info::/v1/api/user/me::8508bfdd-97fd-4cad-96ec-ba027e42f611::input-params ::GET::::{}
2024-06-18 17:01:33::info::/v1/api/user/readUserProfile/665edd23fa87b27398b73d10::f9c8caf2-76c0-4020-a51a-995cd056fc92::input-params ::GET::::{}
2024-06-18 17:05:54::info::/v1/api/user/me::93251ab1-4b8a-4374-9609-0410dc578cd6::input-params ::GET::::{}
2024-06-18 17:05:54::info::/v1/api/user/readUserProfile/665edd23fa87b27398b73d10::a0c0ba0f-87ab-4ec2-b261-b8dae18765ab::input-params ::GET::::{}
2024-06-18 17:08:28::info::/v1/api/user/me::966807a9-b6bf-4334-9326-2d67386ec5a5::input-params ::GET::::{}
2024-06-18 17:08:28::info::/v1/api/user/readUserProfile/665edd23fa87b27398b73d10::5629001d-da17-46fc-9334-eb4d1bd2fb23::input-params ::GET::::{}
2024-06-18 17:11:02::info::/v1/api/user/me::01f50036-95af-4a00-8b8f-d346b7103143::input-params ::GET::::{}
2024-06-18 17:11:02::info::/v1/api/user/readUserProfile/665edd23fa87b27398b73d10::1d24c1ce-709f-442f-a8f5-0eab526228c5::input-params ::GET::::{}
2024-06-18 17:11:12::info::/v1/api/user/readUserProfile/665edd23fa87b27398b73d10::39740c4a-9f8d-47b2-b975-8362427be548::input-params ::GET::::{}
2024-06-18 17:11:12::info::/v1/api/user/me::bc1e35fc-d265-493c-8713-aa39e90b6574::input-params ::GET::::{}
2024-06-18 17:11:23::info::/v1/api/user/me::b68492c2-4779-4844-9b90-9ffea43ecb06::input-params ::GET::::{}
2024-06-18 17:11:23::info::/v1/api/user/readUserProfile/665edd23fa87b27398b73d10::46dc0fbf-effe-458f-9eb9-be4d4095f243::input-params ::GET::::{}
2024-06-18 17:11:34::info::/v1/api/user/me::44c87517-5e20-41fb-955f-80ad1b65df22::input-params ::GET::::{}
2024-06-18 17:11:34::info::/v1/api/user/readUserProfile/665edd23fa87b27398b73d10::fc429540-130c-4ac8-b9b2-a7f21274a18f::input-params ::GET::::{}
2024-06-18 17:11:36::info::/v1/api/user/me::9eb9c68b-94b9-4c77-91c0-ef7ca2be52c1::input-params ::GET::::{}
2024-06-18 17:11:36::info::/v1/api/user/readUserProfile/665edd23fa87b27398b73d10::e628d7de-2d9e-495f-aa81-c2efdf9bf8d1::input-params ::GET::::{}
2024-06-18 17:11:56::info::/v1/api/user/me::b77f0973-7e0b-4be1-829d-e44f2f359868::input-params ::GET::::{}
2024-06-18 17:11:56::info::/v1/api/user/readUserProfile/665edd23fa87b27398b73d10::6e7c5c77-7fed-4992-a44e-b1bcf8b203f1::input-params ::GET::::{}
2024-06-18 17:12:02::info::/v1/api/user/readUserProfile/665edd23fa87b27398b73d10::b4e4d2b4-e825-455c-8bae-a3ba305f2d69::input-params ::GET::::{}
2024-06-18 17:12:02::info::/v1/api/user/me::81d7d29d-868b-4b98-8889-357fd2682193::input-params ::GET::::{}
2024-06-18 17:12:08::info::/v1/api/user/me::bb2b84a8-ce98-4482-8215-25e2e7f5e9cf::input-params ::GET::::{}
2024-06-18 17:12:08::info::/v1/api/user/readUserProfile/665edd23fa87b27398b73d10::bb75a2c2-bc9f-4805-8f15-026a5f8d41a1::input-params ::GET::::{}
2024-06-18 17:12:16::info::/v1/api/user/me::a374254e-d5fe-4509-95b1-01bbf6289413::input-params ::GET::::{}
2024-06-18 17:12:16::info::/v1/api/user/readUserProfile/665edd23fa87b27398b73d10::e9192351-9ff0-4b44-879e-a8f9647fb7c2::input-params ::GET::::{}
2024-06-18 17:13:29::info::/v1/api/user/me::8d308875-aafe-4209-92e4-bdf9264291d6::input-params ::GET::::{}
2024-06-18 17:13:29::info::/v1/api/user/readUserProfile/665edd23fa87b27398b73d10::a97adf39-ef1e-4c4d-9910-0e5309fdbdec::input-params ::GET::::{}
2024-06-18 17:13:36::info::/v1/api/user/me::b604ec70-00aa-4991-aa76-36a307e60cf4::input-params ::GET::::{}
2024-06-18 17:13:36::info::/v1/api/user/readUserProfile/665edd23fa87b27398b73d10::81c3caf9-01aa-418d-bfda-f4fd6d6490ef::input-params ::GET::::{}
2024-06-18 17:14:04::info::/v1/api/user/me::83c67864-5400-477a-af8a-266dae0075ce::input-params ::GET::::{}
2024-06-18 17:14:04::info::/v1/api/user/readUserProfile/665edd23fa87b27398b73d10::32fa1876-18f4-4ccc-b8fd-d213c604c247::input-params ::GET::::{}
2024-06-18 17:14:16::info::/v1/api/user/me::5d691b45-0b07-404e-92f7-f3d928e51cff::input-params ::GET::::{}
2024-06-18 17:14:16::info::/v1/api/user/readUserProfile/665edd23fa87b27398b73d10::1a708f9f-50d0-4e93-ab1f-7ba6034595d7::input-params ::GET::::{}
2024-06-18 17:14:23::info::/v1/api/user/me::c6c8b711-ce18-46fa-a981-91c6bbc1e77f::input-params ::GET::::{}
2024-06-18 17:14:23::info::/v1/api/user/readUserProfile/665edd23fa87b27398b73d10::ce8656ea-b436-4b60-b441-50c10e894005::input-params ::GET::::{}
2024-06-18 17:14:30::info::/v1/api/user/me::0e5c1235-5b5e-439c-8629-f7fd7aa76942::input-params ::GET::::{}
2024-06-18 17:14:30::info::/v1/api/user/readUserProfile/665edd23fa87b27398b73d10::2cced7d9-10ff-4614-a26d-8389f0bb2061::input-params ::GET::::{}
2024-06-18 17:14:35::info::/v1/api/user/me::ad1e39db-a368-49a7-ac89-e3c34e885cac::input-params ::GET::::{}
2024-06-18 17:14:35::info::/v1/api/user/readUserProfile/665edd23fa87b27398b73d10::cf02259e-0a6f-4d42-b40d-77e850405de2::input-params ::GET::::{}
2024-06-18 17:14:49::info::/v1/api/user/me::fbc21056-8aa1-4211-9e6c-0032fe6c0276::input-params ::GET::::{}
2024-06-18 17:14:49::info::/v1/api/user/readUserProfile/665edd23fa87b27398b73d10::248f76e0-989c-4dda-9797-c434801708ec::input-params ::GET::::{}
2024-06-18 17:14:54::info::/v1/api/user/me::65379c13-5a63-44e3-b038-d375bf52a126::input-params ::GET::::{}
2024-06-18 17:14:54::info::/v1/api/user/readUserProfile/665edd23fa87b27398b73d10::c194f970-a88f-4023-8296-6806bfc45152::input-params ::GET::::{}
2024-06-18 17:15:03::info::/v1/api/user/me::74364f77-b633-45cd-bd8f-3b6060782c64::input-params ::GET::::{}
2024-06-18 17:15:03::info::/v1/api/user/readUserProfile/665edd23fa87b27398b73d10::12177a91-34dd-435a-9568-562d2652d6f6::input-params ::GET::::{}
2024-06-18 17:15:22::info::/v1/api/user/me::44eda986-663b-45c6-8c53-bd685f06c909::input-params ::GET::::{}
2024-06-18 17:15:22::info::/v1/api/user/readUserProfile/665edd23fa87b27398b73d10::72d0e631-3d70-49d3-8e6b-801590e2f71a::input-params ::GET::::{}
2024-06-18 17:15:35::info::/v1/api/user/me::152176d4-7460-4f2a-9458-9587cf55c731::input-params ::GET::::{}
2024-06-18 17:15:35::info::/v1/api/user/readUserProfile/665edd23fa87b27398b73d10::1a3232ae-fd28-499c-ba20-60f0423dd09d::input-params ::GET::::{}
2024-06-18 17:16:05::info::/v1/api/user/readUserProfile/665edd23fa87b27398b73d10::52582513-f81c-4d65-911f-9071bc7072a7::input-params ::GET::::{}
2024-06-18 17:16:05::info::/v1/api/user/me::ddb9676a-80b3-4499-b19b-a3745e945c89::input-params ::GET::::{}
2024-06-18 17:17:50::info::/v1/api/user/me::2f800d7e-1bd5-4ee1-88e4-c51b3e94ffdc::input-params ::GET::::{}
2024-06-18 17:17:50::info::/v1/api/user/readUserProfile/665edd23fa87b27398b73d10::abf93c8f-e303-41b8-9603-a28f00a9ec83::input-params ::GET::::{}
2024-06-18 17:20:28::info::/v1/api/user/me::491dbd1a-0cc8-41b1-8b72-1dcced211ca2::input-params ::GET::::{}
2024-06-18 17:20:28::info::/v1/api/user/readUserProfile/665edd23fa87b27398b73d10::e0868885-feec-4110-80c4-eea5f555c218::input-params ::GET::::{}
2024-06-18 17:20:39::info::/v1/api/user/me::504c934a-2487-4961-9b8d-1e27a8b15032::input-params ::GET::::{}
2024-06-18 17:20:39::info::/v1/api/user/readUserProfile/665edd23fa87b27398b73d10::65dbafff-661f-41f0-8b89-ef9e90e27c6f::input-params ::GET::::{}
2024-06-18 17:20:50::info::/v1/api/user/me::5f1fdb15-ca43-4fa9-938a-6f84da94c7ac::input-params ::GET::::{}
2024-06-18 17:20:50::info::/v1/api/user/readUserProfile/665edd23fa87b27398b73d10::0d8db5af-9c3e-4463-9a14-eb40eec3b05a::input-params ::GET::::{}
2024-06-18 17:20:54::info::/v1/api/user/me::e6315946-209c-4167-9bdf-0beda0b18c10::input-params ::GET::::{}
2024-06-18 17:20:54::info::/v1/api/user/readUserProfile/665edd23fa87b27398b73d10::09db289f-e18f-4667-90ef-1513cffa46f5::input-params ::GET::::{}
2024-06-18 17:21:05::info::/v1/api/user/me::281f0440-2a28-47e4-a3b3-c8c4b1ab59bd::input-params ::GET::::{}
2024-06-18 17:21:05::info::/v1/api/user/readUserProfile/665edd23fa87b27398b73d10::0ad4b238-cc7c-4142-9e7d-e4638a38338d::input-params ::GET::::{}
2024-06-18 17:21:05::info::/v1/api/user/me::fec0ed0e-6741-4a27-9921-b9b42cecf181::input-params ::GET::::{}
2024-06-18 17:21:05::info::/v1/api/user/readUserProfile/665edd23fa87b27398b73d10::7e6d52c3-862b-43b9-9702-c0dfde0df6c6::input-params ::GET::::{}
2024-06-18 17:22:05::info::/v1/api/user/me::0ee991d6-cfaf-44c9-989c-9ff98fa80826::input-params ::GET::::{}
2024-06-18 17:22:05::info::/v1/api/user/readUserProfile/665edd23fa87b27398b73d10::ccec4c96-1bd8-40a4-8468-0dafc022ef9e::input-params ::GET::::{}
2024-06-18 17:22:54::info::/v1/api/user/me::9c808960-5974-4721-b23d-bc045eab8730::input-params ::GET::::{}
2024-06-18 17:22:54::info::/v1/api/user/readUserProfile/665edd23fa87b27398b73d10::6b475a10-f49c-4444-b37c-cc19d2fcaa27::input-params ::GET::::{}
2024-06-18 17:23:13::info::/v1/api/user/me::0502f331-5ce7-4b14-94f6-5b2bfd873b8d::input-params ::GET::::{}
2024-06-18 17:23:13::info::/v1/api/user/readUserProfile/665edd23fa87b27398b73d10::f9b57faf-48f4-4c94-92b2-fcf32d3aa4fd::input-params ::GET::::{}
2024-06-18 17:24:03::info::/v1/api/user/me::483a2f0f-ad73-4bea-909f-3c1a799e4b93::input-params ::GET::::{}
2024-06-18 17:24:03::info::/v1/api/user/readUserProfile/665edd23fa87b27398b73d10::4fa7f324-797e-4308-af6e-a122763429a5::input-params ::GET::::{}
2024-06-18 17:24:11::info::/v1/api/user/me::0875e90a-4ec5-4bf2-9282-f4930b61ccbb::input-params ::GET::::{}
2024-06-18 17:24:11::info::/v1/api/user/readUserProfile/665edd23fa87b27398b73d10::4e839c75-7ca6-4f60-853f-29a40bfbe667::input-params ::GET::::{}
2024-06-18 17:24:56::info::/v1/api/user/me::7e95b790-3634-41c2-8551-cba133d99a91::input-params ::GET::::{}
2024-06-18 17:24:56::info::/v1/api/user/readUserProfile/665edd23fa87b27398b73d10::e9467b4d-5e56-432e-8bec-cd6b808be116::input-params ::GET::::{}
2024-06-18 17:29:09::info::/v1/api/user/me::283eb003-6696-4d24-b243-9423600f4e00::input-params ::GET::::{}
2024-06-18 17:29:10::info::/v1/api/user/me::42ceab12-3b63-4322-8811-2bf73f5c4bf9::input-params ::GET::::{}
2024-06-18 17:29:10::info::/v1/api/user/readUserProfile/665edd23fa87b27398b73d10::ff097101-d677-4c8f-aa83-c91519a58670::input-params ::GET::::{}
2024-06-18 17:31:08::info::/v1/api/user/me::90913951-0680-499f-a578-4c7923405b0a::input-params ::GET::::{}
2024-06-18 17:31:08::info::/v1/api/user/readUserProfile/665edd23fa87b27398b73d10::18c190b9-e988-442b-a819-dda6f0296b62::input-params ::GET::::{}
2024-06-18 17:32:59::info::/v1/api/user/me::e53f4a61-198b-4b9a-b051-c0bd9665cea7::input-params ::GET::::{}
2024-06-18 17:32:59::info::/v1/api/user/readUserProfile/665edd23fa87b27398b73d10::842bf4b7-8bf4-490a-b49f-3f25eb3378d5::input-params ::GET::::{}
2024-06-18 17:33:10::info::/v1/api/user/me::fe98352a-6642-46a2-9f2b-1a75581af84c::input-params ::GET::::{}
2024-06-18 17:33:10::info::/v1/api/user/readUserProfile/665edd23fa87b27398b73d10::f5899f10-33ea-4a15-80e5-4c6fd5275f78::input-params ::GET::::{}
2024-06-18 17:33:14::info::/v1/api/user/me::f8547586-6c13-42cf-b39d-962a76bc9441::input-params ::GET::::{}
2024-06-18 17:33:14::info::/v1/api/user/readUserProfile/665edd23fa87b27398b73d10::ebf3351b-e215-440b-bd11-425734f715c1::input-params ::GET::::{}
2024-06-18 17:33:27::info::/v1/api/user/me::349f3d57-842e-48a3-910e-141379128fb2::input-params ::GET::::{}
2024-06-18 17:33:27::info::/v1/api/user/readUserProfile/665edd23fa87b27398b73d10::31ef02cb-77b1-4985-a51a-372d2646fef3::input-params ::GET::::{}
2024-06-18 17:33:28::info::/v1/api/user/me::a54ae2fe-69e8-425e-99a8-9312074990ed::input-params ::GET::::{}
2024-06-18 17:33:28::info::/v1/api/user/readUserProfile/665edd23fa87b27398b73d10::af2a0614-5d96-4100-8a55-57d82d943568::input-params ::GET::::{}
2024-06-18 17:33:32::info::/v1/api/user/readUserProfile/665edd23fa87b27398b73d10::70c5d17c-f1be-4f2e-a966-9a5bc3d80c8d::input-params ::GET::::{}
2024-06-18 17:33:32::info::/v1/api/user/me::108bbae3-f28b-4ecc-b7f5-f5c73810a5d1::input-params ::GET::::{}
2024-06-18 17:33:38::info::/v1/api/user/me::4bc73df6-fe51-4bf1-bde3-9c649adffd99::input-params ::GET::::{}
2024-06-18 17:33:38::info::/v1/api/user/readUserProfile/665edd23fa87b27398b73d10::c68b5a1f-7a62-4ad3-825b-5aba7bb3e68f::input-params ::GET::::{}
2024-06-18 17:33:45::info::/v1/api/user/readUserProfile/665edd23fa87b27398b73d10::2cb0b709-63d2-44a9-9300-6df77939f18f::input-params ::GET::::{}
2024-06-18 17:33:45::info::/v1/api/user/me::cb01242a-987d-4159-9921-78fba82f9639::input-params ::GET::::{}
2024-06-18 17:33:54::info::/v1/api/user/me::61f15abe-a8e2-4b2a-9c9a-ea86389df5d8::input-params ::GET::::{}
2024-06-18 17:33:54::info::/v1/api/user/readUserProfile/665edd23fa87b27398b73d10::8ed79fba-0943-4896-a89b-802a9349033e::input-params ::GET::::{}
2024-06-18 17:33:54::info::/v1/api/user/me::e9313c56-25aa-4757-9021-9c2cfbbb744b::input-params ::GET::::{}
2024-06-18 18:26:35::info::/v1/api/user/me::9eac10a4-df10-4ab1-a7a3-7eb70cdf0589::input-params ::GET::::{}
2024-06-18 18:26:36::info::/v1/api/user/readUserProfile/665edd23fa87b27398b73d10::dcdbabd7-7e48-4c32-90cc-09a6d3e2d4b4::input-params ::GET::::{}
2024-06-18 18:32:48::info::/v1/api/user/me::a8b20c22-f90c-4422-8fa0-0ec63563ee58::input-params ::GET::::{}
2024-06-18 18:32:48::info::/v1/api/user/readUserProfile/665edd23fa87b27398b73d10::c7449bd3-19b7-4293-aff5-f2c51653fa8d::input-params ::GET::::{}
2024-06-18 18:35:30::info::/v1/api/user/me::490b195f-2e65-45a0-b8b7-db9158cf9519::input-params ::GET::::{}
2024-06-18 18:35:30::info::/v1/api/user/readUserProfile/665edd23fa87b27398b73d10::e1e64760-4ff6-433b-9a4e-29a9fade64ff::input-params ::GET::::{}
2024-06-18 18:35:31::info::/v1/api/user/me::46310cf1-17e0-4628-9928-d6517cdfefc6::input-params ::GET::::{}
2024-06-18 18:35:31::info::/v1/api/user/readUserProfile/665edd23fa87b27398b73d10::d64ae478-0525-4e6c-a559-d817388166c1::input-params ::GET::::{}
2024-06-18 18:50:59::info::/v1/api/user/me::0ecde6b4-546a-41f1-9571-8d589a7e50dc::input-params ::GET::::{}
2024-06-18 18:50:59::info::/v1/api/user/readUserProfile/665edd23fa87b27398b73d10::74362c5b-9962-46dc-9e5c-6567e84d8a24::input-params ::GET::::{}
2024-06-18 18:59:20::info::/v1/api/user/me::b2b9e95b-ad90-4aaf-a55b-9dc199dfd1d1::input-params ::GET::::{}
2024-06-18 18:59:20::info::/v1/api/user/me::e705874e-eaec-408a-a873-83d3c6bd5867::input-params ::GET::::{}
2024-06-18 18:59:21::info::/v1/api/user/me::cb531c67-d3e5-479e-91e6-6ff5162cba9b::input-params ::GET::::{}
2024-06-18 18:59:21::info::/v1/api/user/readUserProfile/665edd23fa87b27398b73d10::3ccab765-49cb-4236-b487-b2999976b519::input-params ::GET::::{}
2024-06-18 18:59:43::info::/v1/api/user/me::e29a3048-8da6-492d-9b03-0817c11c3e16::input-params ::GET::::{}
2024-06-18 18:59:43::info::/v1/api/user/readUserProfile/665edd23fa87b27398b73d10::021f4f32-d750-4084-a5f8-2f01d9bba53f::input-params ::GET::::{}
2024-06-18 18:59:52::info::/v1/api/user/me::734469da-a890-468b-809e-90915273f705::input-params ::GET::::{}
2024-06-18 18:59:52::info::/v1/api/user/readUserProfile/665edd23fa87b27398b73d10::f5a6d7df-db4e-4617-9024-031a246faa39::input-params ::GET::::{}
2024-06-18 18:59:55::info::/v1/api/user/me::e971f4a1-2212-4b1f-b74e-a32839a7b881::input-params ::GET::::{}
2024-06-18 18:59:55::info::/v1/api/user/readUserProfile/665edd23fa87b27398b73d10::3d2c4d18-3866-4332-bac4-6804bf9e7b0f::input-params ::GET::::{}
2024-06-18 19:00:05::info::/v1/api/user/me::92d6b153-bd09-4072-a47c-9a5ae91615e3::input-params ::GET::::{}
2024-06-18 19:00:05::info::/v1/api/user/readUserProfile/665edd23fa87b27398b73d10::014114a3-fe9e-42d8-a37b-7c4e2ed5efa9::input-params ::GET::::{}
2024-06-18 19:02:49::info::/v1/api/user/me::cb2dc5c4-134e-4b75-a1dd-96f3c1cb8988::input-params ::GET::::{}
2024-06-18 19:02:49::info::/v1/api/user/readUserProfile/665edd23fa87b27398b73d10::5595a138-38aa-4c48-ab45-acc69e3a3ee3::input-params ::GET::::{}
2024-06-18 19:02:51::info::/v1/api/user/me::7c090c36-a9a0-4dd1-8b79-c08e4c9a409d::input-params ::GET::::{}
2024-06-18 19:02:51::info::/v1/api/user/readUserProfile/665edd23fa87b27398b73d10::edd798a3-9a0a-4118-bcdb-5c3be2ff5c4a::input-params ::GET::::{}
2024-06-18 19:02:55::info::/v1/api/user/readUserProfile/665edd23fa87b27398b73d10::eba3830c-f00f-43bf-a9d8-7d25101b1de2::input-params ::GET::::{}
2024-06-18 19:02:55::info::/v1/api/user/me::1ae62ca5-7f0d-42fb-9e9e-05e91030f713::input-params ::GET::::{}
2024-06-18 19:03:08::info::/v1/api/user/me::f0c7cbbb-323c-4695-9aaa-eead17cbc881::input-params ::GET::::{}
2024-06-18 19:03:08::info::/v1/api/user/readUserProfile/665edd23fa87b27398b73d10::e8d9dfb4-6495-43e6-b87b-d611d7855ce2::input-params ::GET::::{}
2024-06-18 19:03:10::info::/v1/api/user/me::4ab3d996-a892-4649-8a45-9f33f1652e35::input-params ::GET::::{}
2024-06-18 19:03:10::info::/v1/api/user/readUserProfile/665edd23fa87b27398b73d10::23974815-de50-4c50-a4de-0043142cf2d9::input-params ::GET::::{}
2024-06-18 19:03:17::info::/v1/api/user/readUserProfile/665edd23fa87b27398b73d10::1784e9fd-06fb-4a82-8b71-a12bc07d3e26::input-params ::GET::::{}
2024-06-18 19:03:17::info::/v1/api/user/me::e690a905-2be4-4c44-81f2-ddcab630f90b::input-params ::GET::::{}
2024-06-18 19:03:37::info::/v1/api/user/me::3766dad7-31e3-42b3-94af-3434b067c2d0::input-params ::GET::::{}
2024-06-18 19:03:37::info::/v1/api/user/readUserProfile/665edd23fa87b27398b73d10::3a801bb5-0460-4948-a891-510cce5660db::input-params ::GET::::{}
2024-06-18 19:03:51::info::/v1/api/user/me::d902c07f-2c4b-4226-8a5c-64cbc8112000::input-params ::GET::::{}
2024-06-18 19:03:51::info::/v1/api/user/readUserProfile/665edd23fa87b27398b73d10::5dd8a33f-f4f0-4683-a295-57b0f0d93743::input-params ::GET::::{}
2024-06-18 19:04:02::info::/v1/api/user/me::cdeabea5-5210-49fa-a992-d18e28aed19f::input-params ::GET::::{}
2024-06-18 19:04:02::info::/v1/api/user/readUserProfile/665edd23fa87b27398b73d10::907550e5-1afb-4550-9f45-6dde2dfdb05b::input-params ::GET::::{}
2024-06-18 19:04:04::info::/v1/api/user/me::0a4fdac6-5283-4874-8205-efc4f577af3e::input-params ::GET::::{}
2024-06-18 19:04:04::info::/v1/api/user/readUserProfile/665edd23fa87b27398b73d10::b167e63b-2967-401f-bff1-081e831c1411::input-params ::GET::::{}
2024-06-18 19:04:04::info::/v1/api/user/me::376364b6-0123-46db-93cb-c54d7b88d34f::input-params ::GET::::{}
2024-06-18 19:04:04::info::/v1/api/user/readUserProfile/665edd23fa87b27398b73d10::fe650f69-fe67-41da-bbd4-3dc2a473868d::input-params ::GET::::{}
2024-06-18 19:04:13::info::/v1/api/user/me::03049333-67c9-4458-a350-b1b1baf5a2e2::input-params ::GET::::{}
2024-06-18 19:04:13::info::/v1/api/user/readUserProfile/665edd23fa87b27398b73d10::206766ec-a9b5-4929-92f1-af1f37072495::input-params ::GET::::{}
2024-06-18 19:04:15::info::/v1/api/user/me::49812dec-a99e-4b1d-8619-119ed1b69b60::input-params ::GET::::{}
2024-06-18 19:04:15::info::/v1/api/user/readUserProfile/665edd23fa87b27398b73d10::46317c74-9ea1-452d-8dff-79181321c2a1::input-params ::GET::::{}
2024-06-18 19:04:19::info::/v1/api/user/me::3b469ef1-7a6d-4622-b570-717b9a4cadc8::input-params ::GET::::{}
2024-06-18 19:04:19::info::/v1/api/user/me::73597a11-f27a-4b92-94c7-9e4bad3ccf3f::input-params ::GET::::{}
2024-06-18 19:04:19::info::/v1/api/user/readUserProfile/665edd23fa87b27398b73d10::04f2744b-bd31-4430-800e-bde4d2755984::input-params ::GET::::{}
2024-06-18 19:04:33::info::/v1/api/user/me::3a3df45a-9cd3-493e-ba84-73ad08384653::input-params ::GET::::{}
2024-06-18 19:04:33::info::/v1/api/user/readUserProfile/665edd23fa87b27398b73d10::65b186cb-b796-4a79-83fd-fadb27b87b51::input-params ::GET::::{}
2024-06-18 19:04:35::info::/v1/api/user/me::5e42bc17-9eca-4dfa-9ce2-bf00321dd7dc::input-params ::GET::::{}
2024-06-18 19:04:35::info::/v1/api/user/readUserProfile/665edd23fa87b27398b73d10::3ee67b19-9caf-498a-a0cb-6cb6758c7fd8::input-params ::GET::::{}
2024-06-18 19:04:53::info::/v1/api/user/me::16c68f44-8301-40b8-ae3b-d7509c8ff005::input-params ::GET::::{}
2024-06-18 19:04:53::info::/v1/api/user/readUserProfile/665edd23fa87b27398b73d10::47a57bb3-655c-4376-b258-9d3c49f74f10::input-params ::GET::::{}
2024-06-18 19:04:57::info::/v1/api/user/me::2dd4ebe7-f06a-4c3e-b176-841c125f3c2b::input-params ::GET::::{}
2024-06-18 19:04:57::info::/v1/api/user/readUserProfile/665edd23fa87b27398b73d10::6671c775-941c-4ad2-9529-d0eb014f3eaf::input-params ::GET::::{}
2024-06-18 19:05:15::info::/v1/api/user/me::d9c1ea9f-9305-49ec-a568-972049f6ec72::input-params ::GET::::{}
2024-06-18 19:05:15::info::/v1/api/user/readUserProfile/665edd23fa87b27398b73d10::4c3ba14d-ed4f-4b76-afad-bae49a70b979::input-params ::GET::::{}
2024-06-18 19:05:20::info::/v1/api/user/me::53f04d9d-4d79-4087-a14b-3cfaceae5b49::input-params ::GET::::{}
2024-06-18 19:05:20::info::/v1/api/user/readUserProfile/665edd23fa87b27398b73d10::dd595b9e-bb08-4f77-911f-43486b3521a3::input-params ::GET::::{}
2024-06-18 19:05:41::info::/v1/api/user/me::600ed700-5b14-4354-9a6b-ce17576c51c0::input-params ::GET::::{}
2024-06-18 19:05:41::info::/v1/api/user/readUserProfile/665edd23fa87b27398b73d10::75c2e034-3d0a-4a19-a6d5-2c87724cba99::input-params ::GET::::{}
2024-06-18 19:05:44::info::/v1/api/user/me::3e3e5ce9-3dbe-49bc-b60b-676ab53cdad8::input-params ::GET::::{}
2024-06-18 19:05:44::info::/v1/api/user/readUserProfile/665edd23fa87b27398b73d10::d675a7a7-e8b0-45bc-a8f3-0661e710a97a::input-params ::GET::::{}
2024-06-18 19:05:52::info::/v1/api/user/me::4724c81d-3405-4057-9b41-8ad12b3df8a6::input-params ::GET::::{}
2024-06-18 19:05:52::info::/v1/api/user/readUserProfile/665edd23fa87b27398b73d10::a05f8950-039b-4324-bca4-5976f3d91abd::input-params ::GET::::{}
2024-06-18 19:05:52::info::/v1/api/user/me::ee0ea483-aebf-4443-ac8d-11f968355c5f::input-params ::GET::::{}
2024-06-18 19:05:52::info::/v1/api/user/readUserProfile/665edd23fa87b27398b73d10::0d0f81dc-8062-414c-8add-ed2801fc6292::input-params ::GET::::{}
2024-06-18 19:05:59::info::/v1/api/user/me::858140d5-776c-4d03-bb00-e30afdfa825b::input-params ::GET::::{}
2024-06-18 19:05:59::info::/v1/api/user/readUserProfile/665edd23fa87b27398b73d10::969828e9-096e-4712-8ec1-291dc3089da3::input-params ::GET::::{}
2024-06-18 19:06:48::info::/v1/api/user/readUserProfile/665edd23fa87b27398b73d10::455aa7fe-dd16-4c8a-9f39-9ce157744002::input-params ::GET::::{}
2024-06-18 19:06:48::info::/v1/api/user/me::61d24493-acef-41df-9d4f-a6d3a0b351c7::input-params ::GET::::{}
2024-06-18 19:06:52::info::/v1/api/user/me::97dd9d4d-cc39-4353-9e04-a96b2bd70b84::input-params ::GET::::{}
2024-06-18 19:06:52::info::/v1/api/user/readUserProfile/665edd23fa87b27398b73d10::17de2a73-1182-4b89-ae90-b7f80da442b5::input-params ::GET::::{}
2024-06-18 19:08:17::info::/v1/api/user/readUserProfile/665edd23fa87b27398b73d10::1e880dde-ef09-403e-978f-904a5a8d58d7::input-params ::GET::::{}
2024-06-18 19:08:17::info::/v1/api/user/me::e6a7e800-8409-48b7-8712-bb75fd60f25d::input-params ::GET::::{}
2024-06-18 19:09:27::info::/v1/api/user/me::40b483ce-0395-4a55-9ac4-55f2f7dc38b4::input-params ::GET::::{}
2024-06-18 19:09:27::info::/v1/api/user/readUserProfile/665edd23fa87b27398b73d10::bb979bc6-9c42-4f43-ba4b-00d9c11d60ef::input-params ::GET::::{}
2024-06-18 19:10:11::info::/v1/api/user/me::df9d9cfa-fbe3-4abb-bab7-332a46c46c4c::input-params ::GET::::{}
2024-06-18 19:10:11::info::/v1/api/user/readUserProfile/665edd23fa87b27398b73d10::af2c67ca-eda9-439a-8511-eb8a4d2113a2::input-params ::GET::::{}
2024-06-18 19:13:02::info::/v1/api/user/me::6e8636a5-9ac7-44bb-abf2-9b2f317085b2::input-params ::GET::::{}
2024-06-18 19:13:02::info::/v1/api/user/readUserProfile/665edd23fa87b27398b73d10::829665de-8a9e-4cda-bd79-11548391cb42::input-params ::GET::::{}
2024-06-18 19:14:46::info::/v1/api/user/me::840bc5e6-a591-4bcf-849c-61d872fb8c37::input-params ::GET::::{}
2024-06-18 19:14:46::info::/v1/api/user/readUserProfile/665edd23fa87b27398b73d10::84b3bfaa-0d81-4089-867f-12c705310aff::input-params ::GET::::{}
2024-06-18 19:15:00::info::/v1/api/user/readUserProfile/665edd23fa87b27398b73d10::0edd5b43-1547-4939-ad92-6c7ec8b18920::input-params ::GET::::{}
2024-06-18 19:15:00::info::/v1/api/user/me::282597bd-d85f-4f6b-abab-87402e812a0e::input-params ::GET::::{}
2024-06-18 19:20:34::info::/v1/api/user/me::dd764271-5dee-4912-99b9-10323caa07ff::input-params ::GET::::{}
2024-06-18 19:20:34::info::/v1/api/user/readUserProfile/665edd23fa87b27398b73d10::ba80adaa-0249-4584-a40c-6174deb7a4e0::input-params ::GET::::{}
2024-06-18 19:46:05::info::/v1/api/user/me::e21c813d-af6e-4f75-ac3c-2cd43aaffaa5::input-params ::GET::::{}
2024-06-18 19:46:05::info::/v1/api/user/readUserProfile/665edd23fa87b27398b73d10::ce774a28-1feb-4728-bb8c-b8ebff012025::input-params ::GET::::{}
2024-06-18 19:48:05::info::/v1/api/user/me::bd13e3c8-73e7-475c-bdd2-5f0b3e6eaca0::input-params ::GET::::{}
2024-06-18 19:48:05::info::/v1/api/user/readUserProfile/665edd23fa87b27398b73d10::fb35d185-912d-4c1d-ac27-ed84f4d8b2cd::input-params ::GET::::{}
2024-06-18 19:48:05::info::/v1/api/user/me::76888e22-0411-4a81-aca3-67e649af9acc::input-params ::GET::::{}
2024-06-18 19:48:05::info::/v1/api/user/readUserProfile/665edd23fa87b27398b73d10::49560715-a8a7-41b3-9749-0ddab919d187::input-params ::GET::::{}
2024-06-18 19:51:56::info::/v1/api/user/me::29c12f8a-c25c-406c-9d8a-30b65150db39::input-params ::GET::::{}
2024-06-18 19:51:56::info::/v1/api/user/readUserProfile/665edd23fa87b27398b73d10::47c83874-6770-48ed-be33-355c2ad4d65b::input-params ::GET::::{}
2024-06-18 19:55:13::info::/v1/api/user/me::bfe9ec0a-2be6-4f85-b01a-c46d34c546e3::input-params ::GET::::{}
2024-06-18 19:55:13::info::/v1/api/user/readUserProfile/665edd23fa87b27398b73d10::1568bae2-5e26-4863-a38e-5a7306fbe18e::input-params ::GET::::{}
2024-06-18 19:55:31::info::/v1/api/user/readUserProfile/665edd23fa87b27398b73d10::119894aa-7123-43cd-88be-e595f06f67d3::input-params ::GET::::{}
2024-06-18 19:55:41::info::/v1/api/user/me::77fb0f9b-a639-48f8-b4b8-7bb7340be539::input-params ::GET::::{}
2024-06-18 19:55:41::info::/v1/api/user/readUserProfile/665edd23fa87b27398b73d10::f4a3c5ba-41ea-44fc-a1cd-6c266b994845::input-params ::GET::::{}
2024-06-18 19:56:07::info::/v1/api/user/me::c9e8c455-021e-4e20-a643-f0aa08b1f705::input-params ::GET::::{}
2024-06-18 19:56:07::info::/v1/api/user/readUserProfile/665edd23fa87b27398b73d10::18326f0e-a2a7-4c1b-978b-a46b0c6dd27c::input-params ::GET::::{}
2024-06-18 19:56:10::info::/v1/api/user/me::9ca73652-47bf-479b-ae51-92f44cdc46a1::input-params ::GET::::{}
2024-06-18 19:56:10::info::/v1/api/user/readUserProfile/665edd23fa87b27398b73d10::c623fb51-6536-472a-812b-dcfdffe69b7c::input-params ::GET::::{}
2024-06-18 19:56:18::info::/v1/api/user/readUserProfile/665edd23fa87b27398b73d10::cdfbf650-8a19-4bc4-8ce1-dff5c5f645ce::input-params ::GET::::{}
2024-06-18 19:56:19::info::/v1/api/user/readUserProfile/665edd23fa87b27398b73d10::d8d51825-f342-4405-b9fc-515015d132c2::input-params ::GET::::{}
2024-06-18 19:56:19::info::/v1/api/user/me::45244823-895f-4f52-8784-08de2e5fe652::input-params ::GET::::{}
2024-06-18 19:56:31::info::/v1/api/user/readUserProfile/665edd23fa87b27398b73d10::175e2cca-8b6f-4220-ab4a-1a365e333e92::input-params ::GET::::{}
2024-06-18 19:56:31::info::/v1/api/user/me::2f5acc17-8fe3-4653-ae98-4f18f35c43a7::input-params ::GET::::{}
2024-06-18 19:56:31::info::/v1/api/user/readUserProfile/665edd23fa87b27398b73d10::4af5145f-e784-4eb4-9ed6-06dd2295ea6a::input-params ::GET::::{}
2024-06-18 19:57:37::info::/v1/api/user/me::f729c73d-4f91-4e4c-bce7-aa371968fd7b::input-params ::GET::::{}
2024-06-18 19:57:37::info::/v1/api/user/readUserProfile/665edd23fa87b27398b73d10::dda2b123-1539-4822-883b-399123ddaf64::input-params ::GET::::{}
2024-06-18 19:57:57::info::/v1/api/user/me::969beefc-1da3-40c3-9a76-ad493f2cb74d::input-params ::GET::::{}
2024-06-18 19:57:57::info::/v1/api/user/readUserProfile/665edd23fa87b27398b73d10::51bb4517-c4fe-41d9-a639-7d9b8c235aa9::input-params ::GET::::{}
2024-06-18 19:57:58::info::/v1/api/user/me::34725bb6-e9d1-43af-b8dc-7d66ccd29433::input-params ::GET::::{}
2024-06-18 19:57:58::info::/v1/api/user/readUserProfile/665edd23fa87b27398b73d10::89fc9c63-48f6-4008-9601-a6ec80d31d0f::input-params ::GET::::{}
2024-06-18 19:58:03::info::/v1/api/user/me::e35e2896-6386-42bf-8375-5de9e3bf44f8::input-params ::GET::::{}
2024-06-18 19:58:03::info::/v1/api/user/readUserProfile/665edd23fa87b27398b73d10::0b9c63a8-109b-495a-a153-9ff27e91d628::input-params ::GET::::{}
2024-06-18 19:58:08::info::/v1/api/user/me::af99bcb5-f45a-425b-acac-cce40a864091::input-params ::GET::::{}
2024-06-18 19:58:08::info::/v1/api/user/readUserProfile/665edd23fa87b27398b73d10::0c5e40ad-f420-487f-8abe-daa73be3d389::input-params ::GET::::{}
2024-06-18 19:58:13::info::/v1/api/user/me::874d2af8-3178-482c-a477-c02299aa9c64::input-params ::GET::::{}
2024-06-18 19:58:13::info::/v1/api/user/readUserProfile/665edd23fa87b27398b73d10::70d1f67d-d5c0-4f89-a0d0-53b45d71b777::input-params ::GET::::{}
2024-06-18 19:58:59::info::/v1/api/user/readUserProfile/665edd23fa87b27398b73d10::436daad6-e0cd-4336-9959-4edb898b46ff::input-params ::GET::::{}
2024-06-18 19:58:59::info::/v1/api/user/me::4ed76fce-7fc9-4565-b41b-9d3e842c80a5::input-params ::GET::::{}
2024-06-18 19:59:47::info::/v1/api/user/readUserProfile/665edd23fa87b27398b73d10::93544ff3-e6d6-4bdc-ac9b-eb9623a57f2e::input-params ::GET::::{}
2024-06-18 19:59:47::info::/v1/api/user/me::2c778679-6f03-412d-97f2-150f7c11f8d2::input-params ::GET::::{}
2024-06-18 20:00:06::info::/v1/api/user/me::828541a2-2f89-42ef-9f5e-8ec4d007e271::input-params ::GET::::{}
2024-06-18 20:00:06::info::/v1/api/user/readUserProfile/665edd23fa87b27398b73d10::2084ccbd-2010-497e-bcc0-b3960fdb2cf9::input-params ::GET::::{}
2024-06-18 20:00:10::info::/v1/api/user/me::27477e78-6362-423f-9fc0-ffc4d7284db6::input-params ::GET::::{}
2024-06-18 20:00:10::info::/v1/api/user/readUserProfile/665edd23fa87b27398b73d10::0d900b77-87ca-44db-87f0-202a10772c20::input-params ::GET::::{}
2024-06-18 20:00:11::info::/v1/api/user/me::9ac6b237-7bfd-42c7-80be-b99997314773::input-params ::GET::::{}
2024-06-18 20:00:11::info::/v1/api/user/readUserProfile/665edd23fa87b27398b73d10::411886af-f932-4d7d-887e-032519a9cdd3::input-params ::GET::::{}
2024-06-18 20:00:53::info::/v1/api/user/me::6560ee25-8be3-41e6-8cd9-c613b31bd28e::input-params ::GET::::{}
2024-06-18 20:00:53::info::/v1/api/user/readUserProfile/665edd23fa87b27398b73d10::1407ef07-309b-4267-97de-09fdb826585b::input-params ::GET::::{}
2024-06-18 20:00:55::info::/v1/api/user/me::0f2e49ca-0dc3-4460-a607-4c9a5cde4e77::input-params ::GET::::{}
2024-06-18 20:00:55::info::/v1/api/user/readUserProfile/665edd23fa87b27398b73d10::07ae1023-deec-4773-ac46-7595c93c1dec::input-params ::GET::::{}
2024-06-18 20:00:57::info::/v1/api/user/me::75208322-ab88-46d7-870d-ba30b75fb6b1::input-params ::GET::::{}
2024-06-18 20:00:57::info::/v1/api/user/readUserProfile/665edd23fa87b27398b73d10::81cd80f3-9583-4398-9890-b04f0728353d::input-params ::GET::::{}
2024-06-18 20:01:10::info::/v1/api/user/me::f5e457c0-a0a4-4e67-91e8-9b5dca8dc54a::input-params ::GET::::{}
2024-06-18 20:01:10::info::/v1/api/user/readUserProfile/665edd23fa87b27398b73d10::3969401d-a3d6-4f0a-aeb6-25f0bebd66f2::input-params ::GET::::{}
2024-06-18 20:01:47::info::/v1/api/user/me::6fc3b6c4-8452-4c20-a427-968f5e194bc2::input-params ::GET::::{}
2024-06-18 20:01:47::info::/v1/api/user/readUserProfile/665edd23fa87b27398b73d10::4b1d8b92-8a56-459e-8e6b-9b8a5f39527c::input-params ::GET::::{}
2024-06-18 20:01:54::info::/v1/api/user/me::3d45fcf3-4c77-4160-81dd-f481b9a5f961::input-params ::GET::::{}
2024-06-18 20:01:54::info::/v1/api/user/readUserProfile/665edd23fa87b27398b73d10::85c64e80-5ea3-4061-8724-6dbb1e7bbfb6::input-params ::GET::::{}
2024-06-18 20:02:13::info::/v1/api/user/me::b1c69051-f483-4fdc-ba1a-1fe60534f004::input-params ::GET::::{}
2024-06-18 20:02:13::info::/v1/api/user/readUserProfile/665edd23fa87b27398b73d10::c06f917f-80fe-4b71-b07c-fe570dfd4e92::input-params ::GET::::{}
2024-06-18 20:05:07::info::/v1/api/user/me::6c02fef4-ec25-4fde-becc-5a6450877e20::input-params ::GET::::{}
2024-06-18 20:05:07::info::/v1/api/user/readUserProfile/665edd23fa87b27398b73d10::a3ebeaea-c762-4710-afce-1ccd1bd2b96b::input-params ::GET::::{}
2024-06-18 20:05:50::info::/v1/api/user/me::d46c6aa9-3093-47bb-941c-ee6221757bf6::input-params ::GET::::{}
2024-06-18 20:05:50::info::/v1/api/user/readUserProfile/665edd23fa87b27398b73d10::16cb9545-3d77-4684-8e3e-6cefa461e113::input-params ::GET::::{}
2024-06-18 20:05:53::info::/v1/api/user/me::4ccba04e-53f3-44f2-86ba-1cd3089420c5::input-params ::GET::::{}
2024-06-18 20:05:53::info::/v1/api/user/readUserProfile/665edd23fa87b27398b73d10::ddb0921a-c14b-46a9-b97f-b5c324a94de3::input-params ::GET::::{}
2024-06-18 20:06:47::info::/v1/api/user/me::b8d8efa8-8c4b-4f3f-8210-1e0947be247a::input-params ::GET::::{}
2024-06-18 20:06:47::info::/v1/api/user/readUserProfile/665edd23fa87b27398b73d10::8b6f7bd2-bf66-4ffe-9466-7d1611a3ee7c::input-params ::GET::::{}
2024-06-18 20:07:53::info::/v1/api/user/me::33e18868-9555-442b-97f3-f3a4ca624124::input-params ::GET::::{}
2024-06-18 20:07:53::info::/v1/api/user/readUserProfile/665edd23fa87b27398b73d10::3ec33bfd-67b8-4bb7-b39f-0c5bc013600a::input-params ::GET::::{}
2024-06-18 20:08:06::info::/v1/api/user/me::ada10fd0-45f2-475a-8e55-5f49988b594f::input-params ::GET::::{}
2024-06-18 20:08:06::info::/v1/api/user/readUserProfile/665edd23fa87b27398b73d10::62e55773-60e8-4e81-8e28-f1b616c3c57f::input-params ::GET::::{}
2024-06-18 20:08:26::info::/v1/api/user/readUserProfile/665edd23fa87b27398b73d10::2a2b77af-ba06-4622-9345-3272352736de::input-params ::GET::::{}
2024-06-18 20:08:26::info::/v1/api/user/me::6e693194-a29b-4e79-a035-13331edcd008::input-params ::GET::::{}
2024-06-18 20:08:27::info::/v1/api/user/me::76493d1a-a3d3-4a18-85fd-86d541e81263::input-params ::GET::::{}
2024-06-18 20:08:27::info::/v1/api/user/readUserProfile/665edd23fa87b27398b73d10::b2257007-d6d8-4d88-9442-7ff2bd36620a::input-params ::GET::::{}
2024-06-18 20:08:55::info::/v1/api/user/me::94d04cd4-8d9a-441c-bb73-b5c8ffa266d0::input-params ::GET::::{}
2024-06-18 20:35:36::info::/v1/api/user/me::bd649914-e50f-45b5-b848-7dec63eea855::input-params ::GET::::{}
2024-06-18 20:38:05::info::/v1/api/user/me::229e0ef8-0a70-49a8-a145-df78f452d43b::input-params ::GET::::{}
2024-06-18 20:38:08::info::/v1/api/user/readUserProfile/665edd23fa87b27398b73d10::9eea1065-d35b-43c5-9024-4197d9ffc593::input-params ::GET::::{}
2024-06-18 20:38:53::info::/v1/api/user/me::1769678c-bae5-4c42-9536-3bf1e9202439::input-params ::GET::::{}
2024-06-18 20:38:53::info::/v1/api/user/readUserProfile/665edd23fa87b27398b73d10::d2778d5e-992a-4833-921f-b9827dcde9fd::input-params ::GET::::{}
2024-06-18 20:38:57::info::/v1/api/user/me::a6aa25b9-3319-4bea-a4d6-7a2b2fa8d94d::input-params ::GET::::{}
2024-06-18 20:38:57::info::/v1/api/user/readUserProfile/665edd23fa87b27398b73d10::74ea7501-8f27-4a96-89eb-000244d7d89a::input-params ::GET::::{}
2024-06-18 20:39:06::info::/v1/api/user/me::214cebad-c1f1-4a86-bdff-f686a6ed3757::input-params ::GET::::{}
2024-06-18 20:39:06::info::/v1/api/user/readUserProfile/665edd23fa87b27398b73d10::455df94e-35b2-4a17-971c-924f9f58a25c::input-params ::GET::::{}
2024-06-18 20:39:09::info::/v1/api/user/me::2355b933-84a3-4b29-9a80-cadc9bc037ba::input-params ::GET::::{}
2024-06-18 20:39:09::info::/v1/api/user/readUserProfile/665edd23fa87b27398b73d10::4ae04169-b30f-4f60-886c-8d97a9bd788a::input-params ::GET::::{}
2024-06-18 20:39:11::info::/v1/api/user/me::90dd9d4d-7b86-4933-957c-93eed84dd554::input-params ::GET::::{}
2024-06-18 20:39:11::info::/v1/api/user/readUserProfile/665edd23fa87b27398b73d10::bc62a72d-98bf-4d53-a2f2-1a7de8e7e5e5::input-params ::GET::::{}
2024-06-18 20:39:14::info::/v1/api/user/me::6d0cc6bf-7c76-45f7-97d6-439207e7014f::input-params ::GET::::{}
2024-06-18 20:39:14::info::/v1/api/user/readUserProfile/665edd23fa87b27398b73d10::8049284c-bb57-45a8-9426-3e28dda6cc22::input-params ::GET::::{}
2024-06-18 20:39:17::info::/v1/api/user/me::db75e1f6-b523-4cdd-b1fd-66c22871b102::input-params ::GET::::{}
2024-06-18 20:39:17::info::/v1/api/user/readUserProfile/665edd23fa87b27398b73d10::86868117-2ab4-485b-8d1f-154f5ad03b30::input-params ::GET::::{}
2024-06-18 20:39:25::info::/v1/api/user/me::19df0a89-5955-43fc-b318-99f12ce97af8::input-params ::GET::::{}
2024-06-18 20:39:25::info::/v1/api/user/readUserProfile/665edd23fa87b27398b73d10::868cbb02-7d7b-4731-929d-c4166debea9c::input-params ::GET::::{}
2024-06-18 20:39:26::info::/v1/api/user/me::b7849aa0-fc28-4479-8f3a-4298edf7952c::input-params ::GET::::{}
2024-06-18 20:39:26::info::/v1/api/user/readUserProfile/665edd23fa87b27398b73d10::5de7458c-369c-4350-81e0-7a5ff4eacb53::input-params ::GET::::{}
2024-06-18 20:39:33::info::/v1/api/user/me::15199cbf-15a2-4d88-a0b9-69c1b52d5d7a::input-params ::GET::::{}
2024-06-18 20:39:33::info::/v1/api/user/readUserProfile/665edd23fa87b27398b73d10::d0b2f21c-cadc-4f1c-b3e8-9e27b76a3683::input-params ::GET::::{}
2024-06-18 20:39:45::info::/v1/api/user/me::9970b7cb-72cf-4f0d-983e-628f358b586e::input-params ::GET::::{}
2024-06-18 20:39:45::info::/v1/api/user/readUserProfile/665edd23fa87b27398b73d10::cf80df7c-8c27-41ee-a1ad-332d4e6ef9b0::input-params ::GET::::{}
2024-06-18 20:39:51::info::/v1/api/user/readUserProfile/665edd23fa87b27398b73d10::02416626-3503-48f7-a9db-ba61fed33938::input-params ::GET::::{}
2024-06-18 20:39:51::info::/v1/api/user/me::4235b22f-0be1-4fe4-b8e0-1623e91134e3::input-params ::GET::::{}
2024-06-18 20:40:19::info::/v1/api/user/me::2072f2b3-d45c-4739-a12a-3d4ca382bd37::input-params ::GET::::{}
2024-06-18 20:40:19::info::/v1/api/user/readUserProfile/665edd23fa87b27398b73d10::505eaa6a-8c8c-4fd0-8a05-4a3e6fb0e379::input-params ::GET::::{}
2024-06-18 20:41:00::info::/v1/api/user/me::70b8fed1-90bd-4296-85eb-8c9d98a8a482::input-params ::GET::::{}
2024-06-18 20:41:00::info::/v1/api/user/readUserProfile/665edd23fa87b27398b73d10::c7a7383f-14d6-4d73-ade7-5eceab70110c::input-params ::GET::::{}
2024-06-18 20:41:43::info::/v1/api/user/me::cc0ce9c2-acea-4b50-af2b-86b56c680fc5::input-params ::GET::::{}
2024-06-18 20:41:43::info::/v1/api/user/readUserProfile/665edd23fa87b27398b73d10::1751976a-a324-4061-b5ab-1256c9bd4ee3::input-params ::GET::::{}
2024-06-18 20:41:49::info::/v1/api/user/me::06418de2-3de6-42c5-835f-9a2ee537fa7e::input-params ::GET::::{}
2024-06-18 20:41:49::info::/v1/api/user/readUserProfile/665edd23fa87b27398b73d10::dd95c8e8-3801-4eee-8128-1d4a11dd49cb::input-params ::GET::::{}
2024-06-18 20:41:56::info::/v1/api/user/me::d8c379a6-7217-4dd3-8feb-ffdea7250464::input-params ::GET::::{}
2024-06-18 20:41:56::info::/v1/api/user/readUserProfile/665edd23fa87b27398b73d10::24869469-8fa9-4762-b9d5-f341629d3abd::input-params ::GET::::{}
2024-06-18 20:42:01::info::/v1/api/user/me::f496dc4f-e8b7-4982-9c19-59fe96bb4b28::input-params ::GET::::{}
2024-06-18 20:42:01::info::/v1/api/user/readUserProfile/665edd23fa87b27398b73d10::6677bbfd-b04b-463c-b591-7bb3755f31ed::input-params ::GET::::{}
2024-06-18 20:42:04::info::/v1/api/user/me::c2afa0a8-820e-4746-94dc-e4cc65937746::input-params ::GET::::{}
2024-06-18 20:42:04::info::/v1/api/user/readUserProfile/665edd23fa87b27398b73d10::e171af1f-66e3-411a-a2d3-5ac171a37b22::input-params ::GET::::{}
2024-06-18 20:42:16::info::/v1/api/user/me::30f75b5d-4a20-4fdd-8f8d-422bc8d8fbd1::input-params ::GET::::{}
2024-06-18 20:42:16::info::/v1/api/user/readUserProfile/665edd23fa87b27398b73d10::c8c75ad1-1244-40f3-ae52-43289cdcd529::input-params ::GET::::{}
2024-06-18 20:42:35::info::/v1/api/user/me::8c480b2c-0c46-45ca-a9f6-8130f7624d21::input-params ::GET::::{}
2024-06-18 20:42:35::info::/v1/api/user/readUserProfile/665edd23fa87b27398b73d10::25d590dd-6fe1-455a-92de-d785e7c6ef88::input-params ::GET::::{}
2024-06-18 20:42:51::info::/v1/api/user/me::02c4ecee-b848-4439-b1f3-ed36cf1d136d::input-params ::GET::::{}
2024-06-18 20:42:51::info::/v1/api/user/readUserProfile/665edd23fa87b27398b73d10::f1fd4321-0f6d-4417-8ebe-e5ba63955bc8::input-params ::GET::::{}
2024-06-18 20:43:05::info::/v1/api/user/me::58ce7a06-03cb-48c0-9be4-d6f722929f77::input-params ::GET::::{}
2024-06-18 20:43:05::info::/v1/api/user/readUserProfile/665edd23fa87b27398b73d10::0f1ff5fb-3d78-4729-ab64-f98e94ff819c::input-params ::GET::::{}
2024-06-18 20:43:35::info::/v1/api/user/me::18679fc7-d4f0-4138-8066-edb4a9e0b9bf::input-params ::GET::::{}
2024-06-18 20:43:35::info::/v1/api/user/readUserProfile/665edd23fa87b27398b73d10::824c7910-d9c9-4284-b0f4-b7d805ee4f3e::input-params ::GET::::{}
2024-06-18 20:45:41::info::/v1/api/user/me::d33ade67-699e-409f-9ac0-18274cb58ecf::input-params ::GET::::{}
2024-06-18 20:45:41::info::/v1/api/user/readUserProfile/665edd23fa87b27398b73d10::ad7f9fdb-9903-49c8-8018-2325136bb362::input-params ::GET::::{}
2024-06-18 20:45:47::info::/v1/api/user/me::4ff062f0-77fa-46c6-b1d8-2e7962250bbe::input-params ::GET::::{}
2024-06-18 20:45:47::info::/v1/api/user/readUserProfile/665edd23fa87b27398b73d10::71cb8304-e3aa-4655-b5fc-56053834bb12::input-params ::GET::::{}
2024-06-18 20:46:41::info::/v1/api/user/me::4331cd4a-f461-47c8-b3ba-525d6fe1faea::input-params ::GET::::{}
2024-06-18 20:46:41::info::/v1/api/user/readUserProfile/665edd23fa87b27398b73d10::c6724810-3c32-4db2-b14a-fe0dcb712ecc::input-params ::GET::::{}
2024-06-18 20:46:53::info::/v1/api/user/me::1a622e18-1742-4e65-b02e-701e51611d7d::input-params ::GET::::{}
2024-06-18 20:46:53::info::/v1/api/user/readUserProfile/665edd23fa87b27398b73d10::e68214e9-0091-45b4-b583-50a41be84672::input-params ::GET::::{}
2024-06-18 20:47:02::info::/v1/api/user/me::6a294646-a082-422a-836b-f5357b1cd31a::input-params ::GET::::{}
2024-06-18 20:47:02::info::/v1/api/user/readUserProfile/665edd23fa87b27398b73d10::bd698359-ba64-40d3-8b7c-427793bf16be::input-params ::GET::::{}
2024-06-18 20:47:12::info::/v1/api/user/me::7da49870-133f-4d6f-b3e9-76dfdb74db32::input-params ::GET::::{}
2024-06-18 20:47:12::info::/v1/api/user/readUserProfile/665edd23fa87b27398b73d10::972ed723-9cf0-4c85-a37d-02be69837d90::input-params ::GET::::{}
2024-06-18 20:47:26::info::/v1/api/user/me::5b01e593-15d1-42cd-b554-4e3690351827::input-params ::GET::::{}
2024-06-18 20:47:26::info::/v1/api/user/readUserProfile/665edd23fa87b27398b73d10::114a5da8-a025-43e3-8048-7261338728b3::input-params ::GET::::{}
2024-06-18 20:47:32::info::/v1/api/user/readUserProfile/665edd23fa87b27398b73d10::3db9804e-abd5-4386-b0aa-f6ec2dc81512::input-params ::GET::::{}
2024-06-18 20:47:32::info::/v1/api/user/me::87576971-20b7-4a99-84fc-d157fa5c9be2::input-params ::GET::::{}
2024-06-18 20:47:40::info::/v1/api/user/me::953a8005-171e-4a9d-97c5-bda2ff333826::input-params ::GET::::{}
2024-06-18 20:47:40::info::/v1/api/user/readUserProfile/665edd23fa87b27398b73d10::3ed91805-3e0b-4805-8e72-0467b975d432::input-params ::GET::::{}
2024-06-18 20:47:42::info::/v1/api/user/me::efad0eb2-4b05-4f3b-a2dc-b32bd095d4ce::input-params ::GET::::{}
2024-06-18 20:47:42::info::/v1/api/user/readUserProfile/665edd23fa87b27398b73d10::c85405c0-622e-4284-99f0-e95177de0982::input-params ::GET::::{}
2024-06-18 20:47:54::info::/v1/api/user/me::cd2e47cf-a89b-44f3-a92b-1dcff43ac736::input-params ::GET::::{}
2024-06-18 20:47:54::info::/v1/api/user/readUserProfile/665edd23fa87b27398b73d10::9f7a5e0c-6dfc-4023-aeee-90cea6b8f27e::input-params ::GET::::{}
2024-06-18 20:48:16::info::/v1/api/user/me::ff7fe063-d32d-4556-bf8f-ae301af1cc46::input-params ::GET::::{}
2024-06-18 20:48:16::info::/v1/api/user/readUserProfile/665edd23fa87b27398b73d10::71bcd267-9a52-40a2-8d02-235c27a2e909::input-params ::GET::::{}
2024-06-18 20:48:20::info::/v1/api/user/me::02db76e7-df97-4467-82a2-de24f61d6ff5::input-params ::GET::::{}
2024-06-18 20:48:20::info::/v1/api/user/readUserProfile/665edd23fa87b27398b73d10::55be793e-4041-4894-809a-d5b3f254f273::input-params ::GET::::{}
2024-06-18 20:48:40::info::/v1/api/user/me::3368b908-bf00-467f-a97e-289aff00c1d4::input-params ::GET::::{}
2024-06-18 20:48:40::info::/v1/api/user/readUserProfile/665edd23fa87b27398b73d10::bbad6015-f99a-41fe-be62-a5a0f45ebd35::input-params ::GET::::{}
2024-06-18 20:48:46::info::/v1/api/user/me::800cd646-81be-494f-8d40-0a96f23bcc6b::input-params ::GET::::{}
2024-06-18 20:48:46::info::/v1/api/user/readUserProfile/665edd23fa87b27398b73d10::2159f2ca-283b-4490-b85e-57bcf10cc5f0::input-params ::GET::::{}
2024-06-18 20:48:55::info::/v1/api/user/me::47f668f8-9472-4a4f-adcf-e245e03d2b42::input-params ::GET::::{}
2024-06-18 20:48:55::info::/v1/api/user/readUserProfile/665edd23fa87b27398b73d10::ffbfaa3f-bcf4-4f37-81d6-e8211803f5d0::input-params ::GET::::{}
2024-06-18 20:49:00::info::/v1/api/user/me::fd670c58-9586-4c2f-9e1b-641784c56625::input-params ::GET::::{}
2024-06-18 20:49:00::info::/v1/api/user/readUserProfile/665edd23fa87b27398b73d10::f8d524e6-2a99-4b98-b166-ad134885e1b0::input-params ::GET::::{}
2024-06-18 20:49:39::info::/v1/api/user/me::7428afdf-f439-4f81-86e2-7f3652b243cf::input-params ::GET::::{}
2024-06-18 20:49:39::info::/v1/api/user/readUserProfile/665edd23fa87b27398b73d10::26dfab43-9f85-4760-9c1b-71bf9dfaf2c5::input-params ::GET::::{}
2024-06-18 20:49:44::info::/v1/api/user/me::c52ee5c3-1a38-4405-9289-74ea9298c46b::input-params ::GET::::{}
2024-06-18 20:49:44::info::/v1/api/user/readUserProfile/665edd23fa87b27398b73d10::81327097-883e-4328-85c1-783badf29ca6::input-params ::GET::::{}
2024-06-18 20:49:51::info::/v1/api/user/me::7de92bab-66a1-40ef-9bf4-90f5319e478b::input-params ::GET::::{}
2024-06-18 20:49:51::info::/v1/api/user/readUserProfile/665edd23fa87b27398b73d10::a6b1994b-1ecc-40c9-b2d2-19dab4b3f81c::input-params ::GET::::{}
2024-06-18 20:50:07::info::/v1/api/user/me::f4fb7c8f-6aab-4d7f-8088-d0c6d75327d6::input-params ::GET::::{}
2024-06-18 20:50:07::info::/v1/api/user/readUserProfile/665edd23fa87b27398b73d10::e7220d79-db0b-4d32-ab4f-b757d6949e98::input-params ::GET::::{}
2024-06-18 20:50:53::info::/v1/api/user/me::23db3601-20e6-4ed9-8543-6906d37b6ed5::input-params ::GET::::{}
2024-06-18 20:50:53::info::/v1/api/user/readUserProfile/665edd23fa87b27398b73d10::298241c5-7cf2-4a26-ad61-f44364e2572d::input-params ::GET::::{}
2024-06-18 20:50:54::info::/v1/api/user/me::db0df15c-7241-4946-8fd0-8b169c9f87eb::input-params ::GET::::{}
2024-06-18 20:50:54::info::/v1/api/user/readUserProfile/665edd23fa87b27398b73d10::275deb93-952c-45dc-a927-e70ca10f3100::input-params ::GET::::{}
2024-06-18 20:50:56::info::/v1/api/user/me::112cea6a-0c36-44b4-945f-f654f08ee454::input-params ::GET::::{}
2024-06-18 20:50:56::info::/v1/api/user/readUserProfile/665edd23fa87b27398b73d10::b12af782-90f7-4400-9473-51fd14ededc8::input-params ::GET::::{}
2024-06-18 20:51:14::info::/v1/api/user/me::fdac5e8a-13ee-4bce-b2dd-0e1366c18cfc::input-params ::GET::::{}
2024-06-18 20:51:14::info::/v1/api/user/readUserProfile/665edd23fa87b27398b73d10::d9dc66c7-ebb7-4a6f-9be3-b1bd56644a4b::input-params ::GET::::{}
2024-06-18 20:51:31::info::/v1/api/user/me::327c48bd-644c-444b-896e-330251c47f6c::input-params ::GET::::{}
2024-06-18 20:51:31::info::/v1/api/user/readUserProfile/665edd23fa87b27398b73d10::fdcb5ca1-3e3e-44d3-a563-43224aac67ce::input-params ::GET::::{}
2024-06-18 20:51:41::info::/v1/api/user/me::8d4c3746-82f8-4798-aa36-6d7bc469f3b6::input-params ::GET::::{}
2024-06-18 20:51:41::info::/v1/api/user/readUserProfile/665edd23fa87b27398b73d10::13ae739c-7d55-4b3a-909f-ef6a2ec76f9d::input-params ::GET::::{}
2024-06-18 20:53:05::info::/v1/api/user/me::4195c9cb-e9d2-4d80-99a2-e549699e6fbc::input-params ::GET::::{}
2024-06-18 20:53:05::info::/v1/api/user/readUserProfile/665edd23fa87b27398b73d10::b10fe781-d0e7-4984-b2da-f19c4cf34a97::input-params ::GET::::{}
2024-06-18 20:53:15::info::/v1/api/user/me::d9bc0b18-55b8-417c-ac7c-dec907ed27a3::input-params ::GET::::{}
2024-06-18 20:53:15::info::/v1/api/user/readUserProfile/665edd23fa87b27398b73d10::8c1897d0-40ae-419a-9ae4-18e1e0341771::input-params ::GET::::{}
2024-06-18 20:53:30::info::/v1/api/user/me::ea693f87-7364-4b43-a16b-a3108c5abb5c::input-params ::GET::::{}
2024-06-18 20:53:30::info::/v1/api/user/readUserProfile/665edd23fa87b27398b73d10::5bed8c8e-5eab-4680-964b-7dbd92260837::input-params ::GET::::{}
2024-06-18 20:53:45::info::/v1/api/user/me::9e2322e1-72e4-4ba4-a779-806ac558c0ff::input-params ::GET::::{}
2024-06-18 20:53:45::info::/v1/api/user/readUserProfile/665edd23fa87b27398b73d10::79e15be3-16b0-4481-9903-91e5cb12e7e7::input-params ::GET::::{}
2024-06-18 20:53:48::info::/v1/api/user/me::7e14c8bb-8a66-4727-af69-c1214a71b20a::input-params ::GET::::{}
2024-06-18 20:53:48::info::/v1/api/user/readUserProfile/665edd23fa87b27398b73d10::e226f283-8f2a-4c03-96fe-ef9a628eee9f::input-params ::GET::::{}
2024-06-18 20:54:29::info::/v1/api/user/me::78e72cd6-e70a-4b6a-b839-1066354311fe::input-params ::GET::::{}
2024-06-18 20:54:29::info::/v1/api/user/readUserProfile/665edd23fa87b27398b73d10::ea6b82be-755e-410d-866b-965faea86589::input-params ::GET::::{}
2024-06-18 20:54:33::info::/v1/api/user/me::0f67345f-fa4a-4d27-b2ef-7980823433c0::input-params ::GET::::{}
2024-06-18 20:54:33::info::/v1/api/user/readUserProfile/665edd23fa87b27398b73d10::97d974ba-1e54-4ab3-990c-4ab97ac06213::input-params ::GET::::{}
2024-06-18 20:55:31::info::/v1/api/user/me::25e6752b-e8b7-4dc1-a6e7-28a0059ab2f4::input-params ::GET::::{}
2024-06-18 20:55:31::info::/v1/api/user/readUserProfile/665edd23fa87b27398b73d10::e38a5d53-92e3-4367-ab9d-af166fd09d5d::input-params ::GET::::{}
2024-06-18 20:55:35::info::/v1/api/user/me::32d8c9fe-3b98-460b-bd02-54450d705444::input-params ::GET::::{}
2024-06-18 20:55:35::info::/v1/api/user/readUserProfile/665edd23fa87b27398b73d10::88c72c89-0ce2-43d4-9b30-058c050f9c87::input-params ::GET::::{}
2024-06-18 20:56:03::info::/v1/api/user/me::83112d18-0fbd-469b-9abc-5d396f3305f7::input-params ::GET::::{}
2024-06-18 20:56:03::info::/v1/api/user/readUserProfile/665edd23fa87b27398b73d10::97976b3f-4caa-4a6d-92ba-8be307049ebb::input-params ::GET::::{}
2024-06-18 20:59:14::info::/v1/api/user/me::5c5a7c72-720a-4343-b956-6b52415a9869::input-params ::GET::::{}
2024-06-18 20:59:14::info::/v1/api/user/readUserProfile/665edd23fa87b27398b73d10::5c9c690a-32df-49d1-b384-0e5cdb5fda49::input-params ::GET::::{}
2024-06-18 20:59:58::info::/v1/api/user/readUserProfile/665edd23fa87b27398b73d10::e687cace-a7d2-4e5b-9862-3747f45b7e47::input-params ::GET::::{}
2024-06-18 21:00:59::info::/v1/api/user/me::686ffd0b-4dda-4d1c-970e-3c36311b26cb::input-params ::GET::::{}
2024-06-18 21:00:59::info::/v1/api/user/readUserProfile/665edd23fa87b27398b73d10::04f23b59-6952-4f79-bfdb-99910a1af06b::input-params ::GET::::{}
2024-06-18 21:01:09::info::/v1/api/user/readUserProfile/665edd23fa87b27398b73d10::67ce895b-0316-4e61-9aaf-29504f75a735::input-params ::GET::::{}
2024-06-18 21:01:09::info::/v1/api/user/me::5b40947a-5fa8-4e35-b365-89e68d7e7714::input-params ::GET::::{}
2024-06-18 21:01:09::info::/v1/api/user/readUserProfile/665edd23fa87b27398b73d10::4948ae9a-b2fe-44d9-b5d8-0b60623a0d9b::input-params ::GET::::{}
2024-06-18 21:01:16::info::/v1/api/user/readUserProfile/665edd23fa87b27398b73d10::ea9e2575-d802-446a-83ab-8ee96d42ebed::input-params ::GET::::{}
2024-06-18 21:01:17::info::/v1/api/user/me::4d5ad112-9087-4ce3-bd4c-632890bb7434::input-params ::GET::::{}
2024-06-18 21:01:17::info::/v1/api/user/readUserProfile/665edd23fa87b27398b73d10::30a8af80-f62a-4d4d-bb06-b1f2eb834ea8::input-params ::GET::::{}
2024-06-18 21:01:31::info::/v1/api/user/me::abe4e5d8-06b2-4c55-8dfa-1c525d7ddc6a::input-params ::GET::::{}
2024-06-18 21:01:31::info::/v1/api/user/readUserProfile/665edd23fa87b27398b73d10::ad8cc4ae-a003-4893-b871-23e3f92fa5c0::input-params ::GET::::{}
2024-06-18 21:01:32::info::/v1/api/user/me::78f568ca-9e41-466a-87cf-1313b99ca16e::input-params ::GET::::{}
2024-06-18 21:01:32::info::/v1/api/user/readUserProfile/665edd23fa87b27398b73d10::15143a30-976b-41c8-a498-9876fd5097f4::input-params ::GET::::{}
2024-06-18 21:01:43::info::/v1/api/user/me::25e29603-27cf-47c4-a721-d56c0fc8b4ff::input-params ::GET::::{}
2024-06-18 21:01:43::info::/v1/api/user/readUserProfile/665edd23fa87b27398b73d10::80e65bcf-1bbc-4475-9ae0-66214b453e0d::input-params ::GET::::{}
2024-06-18 21:03:12::info::/v1/api/user/me::7a868505-9da6-4a9f-88ef-45b7552ec685::input-params ::GET::::{}
2024-06-18 21:03:12::info::/v1/api/user/readUserProfile/665edd23fa87b27398b73d10::c6cc36af-820d-4856-a272-3567c6cd68ad::input-params ::GET::::{}
2024-06-18 21:03:15::info::/v1/api/user/me::17dc51c1-1032-4fc4-a410-9e8715808228::input-params ::GET::::{}
2024-06-18 21:03:15::info::/v1/api/user/readUserProfile/665edd23fa87b27398b73d10::2e8f02c3-cc15-4058-adaf-8a020cb407d7::input-params ::GET::::{}
2024-06-18 21:03:46::info::/v1/api/user/me::e1506f13-6e29-4875-b47a-b3adc8a796ef::input-params ::GET::::{}
2024-06-18 21:03:46::info::/v1/api/user/readUserProfile/665edd23fa87b27398b73d10::e64b5a46-e7d0-4116-85ec-758c8cf52508::input-params ::GET::::{}
2024-06-18 21:03:54::info::/v1/api/user/me::50b4cc83-61b2-4ff1-91b0-954b3c1b5455::input-params ::GET::::{}
2024-06-18 21:03:54::info::/v1/api/user/readUserProfile/665edd23fa87b27398b73d10::4db4ae96-1cc6-4835-85d0-fd00f7f450b6::input-params ::GET::::{}
2024-06-18 21:04:19::info::/v1/api/user/readUserProfile/665edd23fa87b27398b73d10::6cb96aba-586f-4e0e-a195-207c60377731::input-params ::GET::::{}
2024-06-18 21:04:19::info::/v1/api/user/me::477421f7-84a3-4f3e-8008-1f7e9566a0fb::input-params ::GET::::{}
2024-06-18 21:04:48::info::/v1/api/user/me::ea1b101d-0500-4425-b079-2b3b35ade77e::input-params ::GET::::{}
2024-06-18 21:04:48::info::/v1/api/user/readUserProfile/665edd23fa87b27398b73d10::3fc6fe9a-6c26-4e9e-a4d1-3e19b7033925::input-params ::GET::::{}
2024-06-18 21:04:53::info::/v1/api/user/me::2141b021-cf37-4c10-a25a-a47dc6152d94::input-params ::GET::::{}
2024-06-18 21:04:53::info::/v1/api/user/readUserProfile/665edd23fa87b27398b73d10::f782113b-9de1-45fb-b36a-cb3dd6030c97::input-params ::GET::::{}
2024-06-18 21:05:05::info::/v1/api/user/me::d02734e6-7bfa-4272-ac71-daac2a108cfa::input-params ::GET::::{}
2024-06-18 21:05:05::info::/v1/api/user/readUserProfile/665edd23fa87b27398b73d10::7d9f9d1a-d483-49ae-9549-ff8a0e470823::input-params ::GET::::{}
2024-06-18 21:05:15::info::/v1/api/user/me::7f327fc3-97b4-4b95-9a41-d31d2ba244b4::input-params ::GET::::{}
2024-06-18 21:05:15::info::/v1/api/user/readUserProfile/665edd23fa87b27398b73d10::d19aec3e-24ae-4595-8c01-71e134b43eef::input-params ::GET::::{}
2024-06-18 21:05:24::info::/v1/api/user/me::4a28cd26-adbd-440b-9efa-1ad3cc8a0f66::input-params ::GET::::{}
2024-06-18 21:05:24::info::/v1/api/user/readUserProfile/665edd23fa87b27398b73d10::d2e947f9-62a7-418e-8a23-1753038e76f0::input-params ::GET::::{}
2024-06-18 21:06:51::info::/v1/api/user/me::c47ec5e8-caa6-4758-b6dd-90b3235923a7::input-params ::GET::::{}
2024-06-18 21:06:51::info::/v1/api/user/readUserProfile/665edd23fa87b27398b73d10::8dac92f8-c58e-4b4e-b71f-a400efb6d105::input-params ::GET::::{}
2024-06-18 21:08:34::info::/v1/api/user/me::d9ecb4b6-7231-470b-b2b7-c2741684cb6d::input-params ::GET::::{}
2024-06-18 21:08:34::info::/v1/api/user/readUserProfile/665edd23fa87b27398b73d10::1833f579-e966-40d5-9d0b-40abd0ce435b::input-params ::GET::::{}
2024-06-18 21:08:46::info::/v1/api/user/me::2d111a56-0536-4a16-8783-e2477d815a7d::input-params ::GET::::{}
2024-06-18 21:08:46::info::/v1/api/user/readUserProfile/665edd23fa87b27398b73d10::524d5e3b-6744-4a55-8fac-f3f41fe696ed::input-params ::GET::::{}
2024-06-18 21:08:52::info::/v1/api/user/me::2bc5c3d0-17d3-4fd3-9c9a-e34136934562::input-params ::GET::::{}
2024-06-18 21:08:52::info::/v1/api/user/readUserProfile/665edd23fa87b27398b73d10::fbf90eb1-968f-42dd-8a82-1796a2deb586::input-params ::GET::::{}
2024-06-18 21:09:13::info::/v1/api/user/me::be4f0a61-5b78-4d1e-9f93-b8560b514c8e::input-params ::GET::::{}
2024-06-18 21:09:13::info::/v1/api/user/readUserProfile/665edd23fa87b27398b73d10::3748d678-251c-4188-a000-448b22f1beb9::input-params ::GET::::{}
2024-06-18 21:12:17::info::/v1/api/user/me::531a7a5c-f3bb-435f-a414-1eee66cd9948::input-params ::GET::::{}
2024-06-18 21:12:17::info::/v1/api/user/readUserProfile/665edd23fa87b27398b73d10::7c41e295-6b9e-4d03-9385-a8b1bc8442ef::input-params ::GET::::{}
2024-06-18 21:13:35::info::/v1/api/user/me::0528b352-520c-4466-8e29-51cb166d7148::input-params ::GET::::{}
2024-06-18 21:13:35::info::/v1/api/user/readUserProfile/665edd23fa87b27398b73d10::3dbb9254-264f-46b0-9b9e-97345019c4e6::input-params ::GET::::{}
2024-06-18 21:13:44::info::/v1/api/user/me::40dc611e-4912-46d0-9c28-97310846f29e::input-params ::GET::::{}
2024-06-18 21:13:44::info::/v1/api/user/readUserProfile/665edd23fa87b27398b73d10::576811aa-ae11-4fbf-b13d-ed8b3d5d0429::input-params ::GET::::{}
2024-06-18 21:14:08::info::/v1/api/user/me::a126c461-035f-4f08-bfc8-34a1fd574274::input-params ::GET::::{}
2024-06-18 21:14:08::info::/v1/api/user/readUserProfile/665edd23fa87b27398b73d10::07e10b99-10ee-4146-9770-f4198080eb56::input-params ::GET::::{}
2024-06-18 21:14:13::info::/v1/api/user/me::e3a45ff3-e5ad-4ca9-9d79-88b92a645bd1::input-params ::GET::::{}
2024-06-18 21:14:13::info::/v1/api/user/readUserProfile/665edd23fa87b27398b73d10::6a5ec7cb-78b6-4542-9812-bb0bd9e6e036::input-params ::GET::::{}
2024-06-18 21:15:55::info::/v1/api/user/me::bebfb327-72c2-41dd-93bd-707aeecf98d2::input-params ::GET::::{}
2024-06-18 21:15:55::info::/v1/api/user/readUserProfile/665edd23fa87b27398b73d10::ff243475-ccab-4e73-9c5a-c4ead8812c23::input-params ::GET::::{}
2024-06-18 21:15:56::info::/v1/api/user/me::f6f515e4-2bde-4390-8687-474d7772f889::input-params ::GET::::{}
2024-06-18 21:15:56::info::/v1/api/user/readUserProfile/665edd23fa87b27398b73d10::885d0614-e6c8-45d5-8d91-0638b9e5b55a::input-params ::GET::::{}
2024-06-18 21:15:58::info::/v1/api/user/me::54e563ad-732a-4e64-bc28-a2fe3815a3c2::input-params ::GET::::{}
2024-06-18 21:15:58::info::/v1/api/user/readUserProfile/665edd23fa87b27398b73d10::403d97b0-2333-4b08-9d3f-6951700f4775::input-params ::GET::::{}
2024-06-18 21:16:11::info::/v1/api/user/me::59bdd611-eeda-4a1a-9d6e-15848dad2660::input-params ::GET::::{}
2024-06-18 21:16:11::info::/v1/api/user/readUserProfile/665edd23fa87b27398b73d10::c02cfb71-af6f-46d2-83c8-1603a7626d73::input-params ::GET::::{}
2024-06-18 21:16:50::info::/v1/api/user/me::c91e6700-9d2d-4a7c-83f6-b2750e342d1b::input-params ::GET::::{}
2024-06-18 21:16:50::info::/v1/api/user/readUserProfile/665edd23fa87b27398b73d10::1e31b077-e97a-4c83-9d6e-55d804dee3be::input-params ::GET::::{}
2024-06-18 21:16:59::info::/v1/api/user/me::78cd12b9-b420-4b41-b872-e01b16f9da80::input-params ::GET::::{}
2024-06-18 21:16:59::info::/v1/api/user/readUserProfile/665edd23fa87b27398b73d10::043ec2ba-6754-433c-b37a-67ef7f4d2384::input-params ::GET::::{}
2024-06-18 21:17:14::info::/v1/api/user/me::cdbcf7bf-183c-4a73-8227-cb09333f68cc::input-params ::GET::::{}
2024-06-18 21:17:14::info::/v1/api/user/readUserProfile/665edd23fa87b27398b73d10::0a5a8b2d-53aa-4f81-80b0-fed14420bc19::input-params ::GET::::{}
2024-06-18 21:17:15::info::/v1/api/user/me::ed2a39da-fd60-4bdc-aa03-7156e1078a2a::input-params ::GET::::{}
2024-06-18 21:17:15::info::/v1/api/user/readUserProfile/665edd23fa87b27398b73d10::02d12125-506d-45ba-babd-d93a6bcb010b::input-params ::GET::::{}
2024-06-18 21:17:18::info::/v1/api/user/me::4f0208ba-912e-4be6-8fd6-a91b5a7fbb74::input-params ::GET::::{}
2024-06-18 21:17:18::info::/v1/api/user/readUserProfile/665edd23fa87b27398b73d10::a92d88f4-c823-430a-b5e0-5086c384db8f::input-params ::GET::::{}
2024-06-18 21:17:35::info::/v1/api/user/me::29c8a09d-fd16-417d-a307-54601957e90b::input-params ::GET::::{}
2024-06-18 21:17:35::info::/v1/api/user/readUserProfile/665edd23fa87b27398b73d10::6fc9e9b6-ed3e-48da-bae3-9eedb5c216f6::input-params ::GET::::{}
2024-06-18 21:17:37::info::/v1/api/user/me::43a814d5-a06a-464c-915a-db210c5ac87c::input-params ::GET::::{}
2024-06-18 21:17:37::info::/v1/api/user/readUserProfile/665edd23fa87b27398b73d10::89cc6e1f-78da-4d74-bfc6-ffd5e9165a9f::input-params ::GET::::{}
2024-06-18 21:17:58::info::/v1/api/user/me::19092478-743b-4845-9255-d4499f446a04::input-params ::GET::::{}
2024-06-18 21:17:58::info::/v1/api/user/readUserProfile/665edd23fa87b27398b73d10::8632ebe6-cf72-44d7-b0e0-46334d14805a::input-params ::GET::::{}
2024-06-18 21:19:13::info::/v1/api/user/me::b2492f84-9d7c-4715-9774-43196ca3fbd7::input-params ::GET::::{}
2024-06-18 21:19:13::info::/v1/api/user/readUserProfile/665edd23fa87b27398b73d10::5d39e236-b428-4197-8b25-7d02a3d28f0f::input-params ::GET::::{}
2024-06-18 21:19:15::info::/v1/api/user/me::7e181464-1a10-49ea-8d06-1ce8113449c3::input-params ::GET::::{}
2024-06-18 21:19:15::info::/v1/api/user/readUserProfile/665edd23fa87b27398b73d10::40dbf9cf-aedf-4bc8-8a41-72e444a09d75::input-params ::GET::::{}
2024-06-18 21:19:22::info::/v1/api/user/me::b68f692e-c68b-4ed0-bd9a-584601358cc0::input-params ::GET::::{}
2024-06-18 21:19:22::info::/v1/api/user/readUserProfile/665edd23fa87b27398b73d10::2ca29a21-0bbe-49be-9d8f-1e87b0c93a5f::input-params ::GET::::{}
2024-06-18 21:20:15::info::/v1/api/user/me::89773620-668c-43dc-b734-82c00d7e1ae6::input-params ::GET::::{}
2024-06-18 21:20:15::info::/v1/api/user/readUserProfile/665edd23fa87b27398b73d10::baca968e-849d-42b5-9b12-5636f43ee8a2::input-params ::GET::::{}
2024-06-18 21:24:59::info::/v1/api/user/readUserProfile/665edd23fa87b27398b73d10::8dc0dab8-7e0b-4fa3-a67d-6ba50b25b012::input-params ::GET::::{}
2024-06-18 21:24:59::info::/v1/api/user/me::2e9bda3b-2fca-4315-aa8a-ced598debac3::input-params ::GET::::{}
2024-06-18 21:25:04::info::/v1/api/user/me::c5d0bc10-25b0-4e72-814b-ca21a77d913a::input-params ::GET::::{}
2024-06-18 21:25:04::info::/v1/api/user/readUserProfile/665edd23fa87b27398b73d10::f021ed26-0266-46b1-b987-89c46919ea4c::input-params ::GET::::{}
2024-06-18 21:25:24::info::/v1/api/user/me::a74337d7-a965-43e1-8527-c236e077f9a0::input-params ::GET::::{}
2024-06-18 21:25:24::info::/v1/api/user/readUserProfile/665edd23fa87b27398b73d10::4744f4c7-b99b-4592-ab45-77cf767360bf::input-params ::GET::::{}
2024-06-18 21:25:29::info::/v1/api/user/me::8754df31-bee8-4ec0-b696-530232e39441::input-params ::GET::::{}
2024-06-18 21:25:29::info::/v1/api/user/readUserProfile/665edd23fa87b27398b73d10::9cb06c87-d12d-46e1-8e39-f66067013362::input-params ::GET::::{}
2024-06-18 21:25:39::info::/v1/api/user/me::6ab03d5a-a351-44f2-8856-735a80282c5b::input-params ::GET::::{}
2024-06-18 21:25:39::info::/v1/api/user/readUserProfile/665edd23fa87b27398b73d10::faaf2e55-a0cf-4d06-8c6b-ab2ee792a9e8::input-params ::GET::::{}
2024-06-18 21:25:43::info::/v1/api/user/me::bcf4a3c6-b567-47bd-8ab8-6fb85cf85ed6::input-params ::GET::::{}
2024-06-18 21:25:43::info::/v1/api/user/readUserProfile/665edd23fa87b27398b73d10::b401a754-bc89-4d78-a803-f3e732d4c317::input-params ::GET::::{}
2024-06-18 21:25:54::info::/v1/api/user/me::660d0ed5-70ef-46eb-97f2-40a9cb227a87::input-params ::GET::::{}
2024-06-18 21:25:54::info::/v1/api/user/readUserProfile/665edd23fa87b27398b73d10::7a308391-d9c5-472b-8162-465bd499ac2c::input-params ::GET::::{}
2024-06-18 21:25:57::info::/v1/api/user/me::f5d39475-2c91-4148-a49c-58cd9426d8bf::input-params ::GET::::{}
2024-06-18 21:25:57::info::/v1/api/user/readUserProfile/665edd23fa87b27398b73d10::96fccae7-a06f-47c6-8ac6-59044ab64778::input-params ::GET::::{}
2024-06-18 21:26:08::info::/v1/api/user/me::bbcb67a1-3e0b-407e-aef2-16270c0ae1fd::input-params ::GET::::{}
2024-06-18 21:26:08::info::/v1/api/user/readUserProfile/665edd23fa87b27398b73d10::44cf407f-e30c-426f-a63f-5661b41676e8::input-params ::GET::::{}
2024-06-18 21:26:13::info::/v1/api/user/me::ad860a0e-49fd-44d2-b1da-2a2841f52d9b::input-params ::GET::::{}
2024-06-18 21:26:13::info::/v1/api/user/readUserProfile/665edd23fa87b27398b73d10::d0249d0d-6c8c-4632-bccf-69f698c7a9ca::input-params ::GET::::{}
2024-06-18 21:26:24::info::/v1/api/user/me::b2c7fcbb-64f9-4d78-9ad8-332e8ba50456::input-params ::GET::::{}
2024-06-18 21:26:24::info::/v1/api/user/readUserProfile/665edd23fa87b27398b73d10::b01845ec-6cc2-4f45-a8e3-d7d8124e5fc2::input-params ::GET::::{}
2024-06-18 21:29:02::info::/v1/api/user/readUserProfile/665edd23fa87b27398b73d10::6b679470-3660-486b-8fba-edccd91b8e1c::input-params ::GET::::{}
2024-06-18 21:29:02::info::/v1/api/user/me::9de69f4b-ac83-42a7-8b35-9086703abcbb::input-params ::GET::::{}
