2024-08-01 09:17:27::info::/v1/api/user/me::d00ba862-fc49-4dab-a783-2e8be9418498::input-params ::GET::::{}
2024-08-01 09:17:27::info::/v1/api/movement/readMovements::abcc5070-f64b-4ba0-b296-0f9ce810a9b4::input-params ::GET::::{}
2024-08-01 09:17:27::info::/v1/api/recommender/readPopularPosts::67a4cddb-25fa-41c5-9afa-a22010a0a114::input-params ::GET::::{}
2024-08-01 09:17:27::info::/v1/api/news/readNewss::ea39356a-9bb8-4b40-b6ad-3a6a4b5a38fd::input-params ::GET::::{}
2024-08-01 09:17:31::info::/v1/api/notification/readNotifications::812d859e-c1d7-4429-adfc-25b859d7e4a3::input-params ::PATCH::::{}
2024-08-01 09:17:32::info::/v1/api/user/updateUserProfile/66a59f2c73370474cf4eaada::e5343986-e926-43f5-956c-f605a7052ccb::input-params ::PATCH::::{"lastViewConversations":1722478652649}
2024-08-01 09:17:32::info::/v1/api/conversation/readConversations::dac4f53e-086d-4ab3-bc1f-054bc2b85c62::input-params ::GET::::{}
2024-08-01 09:17:33::info::/v1/api/notification/readNotifications::943205ba-5911-4cd4-812a-1afef7eb45ac::input-params ::PATCH::::{}
2024-08-01 09:17:42::info::/v1/api/movement/readMovements::c923179b-1297-4828-b589-67753f546892::input-params ::GET::::{}
2024-08-01 09:17:43::info::/v1/api/user/me::24fe60e4-b378-4c32-b353-e09cdd97d28d::input-params ::GET::::{}
2024-08-01 09:17:43::info::/v1/api/movement/readMovements::413dbcda-d151-43b2-a7aa-ad15672f002f::input-params ::GET::::{}
2024-08-01 09:17:43::info::/v1/api/news/readNewss::6954c17f-03fc-46ea-85ff-1e9d5af6c7b3::input-params ::GET::::{}
2024-08-01 09:17:43::info::/v1/api/recommender/readPopularPosts::efd85ba5-857d-47f4-ae0e-b93789d3bfd1::input-params ::GET::::{}
2024-08-01 09:18:09::info::/v1/api/recommender/readPopularPosts::e75e504f-8263-416a-9bcf-ade147ca352a::input-params ::GET::::{}
2024-08-01 09:18:09::info::/v1/api/movement/readMovements::b4732b08-93c3-4fd4-b46e-7da387782d5a::input-params ::GET::::{}
2024-08-01 09:18:09::info::/v1/api/news/readNewss::ea475986-e754-4be6-93a5-9559b63c3559::input-params ::GET::::{}
2024-08-01 09:18:11::info::/v1/api/notification/readNotifications::7eb79310-945b-412d-9365-b55947418c26::input-params ::PATCH::::{}
2024-08-01 09:18:19::info::/v1/api/notification/readNotifications::34567306-4e72-47f7-aa73-7054faed27cb::input-params ::PATCH::::{}
2024-08-01 09:18:19::info::/v1/api/movement/readMovements::61346720-dbaf-4bfc-8058-f917983b77ad::input-params ::GET::::{}
2024-08-01 09:18:19::info::/v1/api/news/readNewss::8877b313-e5c2-4227-ac88-4ffd76ea653e::input-params ::GET::::{}
2024-08-01 09:18:19::info::/v1/api/recommender/readPopularPosts::4c7aeb19-7610-45a9-98f8-0bc1445530ca::input-params ::GET::::{}
2024-08-01 09:18:23::info::/v1/api/notification/readNotifications::0654da3e-3c42-4d71-9cb8-c09bded73d73::input-params ::PATCH::::{}
2024-08-01 09:18:26::info::/v1/api/movement/readMovements::fcf6bc7e-b073-4460-a361-6af9b405eeca::input-params ::GET::::{}
2024-08-01 09:18:26::info::/v1/api/news/readNewss::373efd68-de3b-426c-b7bc-8482af1c0b4b::input-params ::GET::::{}
2024-08-01 09:18:26::info::/v1/api/recommender/readPopularPosts::669632c8-5008-4d52-b629-7a64f50c60dc::input-params ::GET::::{}
2024-08-01 09:18:26::info::/v1/api/notification/readNotifications::0850d9fe-edeb-44a8-a94b-8132e57847ff::input-params ::PATCH::::{}
2024-08-01 09:18:26::info::/v1/api/notification/readNotifications::b0a0d67f-9099-4fe6-8833-9dc4d6a5b3b4::input-params ::PATCH::::{}
2024-08-01 09:18:27::info::/v1/api/notification/readNotifications::d71b9861-4d55-4162-bf01-421191536219::input-params ::PATCH::::{}
2024-08-01 09:18:28::info::/v1/api/notification/readNotifications::ffee9fd9-95e8-49fd-8e2a-de31ca1484e0::input-params ::PATCH::::{}
2024-08-01 09:18:33::info::/v1/api/notification/readNotifications::b62bf942-c4cd-49d8-a784-eef0c57398ba::input-params ::PATCH::::{}
2024-08-01 09:18:38::info::/v1/api/notification/readNotifications::4bb8fe38-0582-4a0a-9026-52942578a8d1::input-params ::PATCH::::{}
2024-08-01 09:18:39::info::/v1/api/movement/readMovements::137e9873-05c2-4aca-91ef-ddc0729abe40::input-params ::GET::::{}
2024-08-01 09:18:39::info::/v1/api/news/readNewss::aa36a283-524a-4e2f-89c6-1f68976da9ab::input-params ::GET::::{}
2024-08-01 09:18:39::info::/v1/api/recommender/readPopularPosts::e3210999-0722-47a9-a88b-761dc1f891b2::input-params ::GET::::{}
2024-08-01 09:18:39::info::/v1/api/notification/readNotifications::2a5c4599-3212-49ef-a651-fd16f2a8288b::input-params ::PATCH::::{}
2024-08-01 09:18:46::info::/v1/api/movement/readMovements::31154fb0-ec8b-4c9d-8168-7b3f04108ba5::input-params ::GET::::{}
2024-08-01 09:18:46::info::/v1/api/news/readNewss::1a22abb4-4f4c-4787-82cd-39ccc11951a9::input-params ::GET::::{}
2024-08-01 09:18:46::info::/v1/api/recommender/readPopularPosts::ed6011f5-ebcf-45c8-afa6-c4fc4b47078c::input-params ::GET::::{}
2024-08-01 09:18:46::info::/v1/api/notification/readNotifications::bb9f1fc2-9f1e-4345-8113-09ec18e35005::input-params ::PATCH::::{}
2024-08-01 09:18:52::info::/v1/api/notification/readNotifications::44d832b6-2a2e-4280-ab73-757dea23327c::input-params ::PATCH::::{}
2024-08-01 09:19:22::info::/v1/api/notification/readNotifications::484e2d3a-25e5-4dfc-871a-6b0ea902a237::input-params ::PATCH::::{}
2024-08-01 09:19:23::info::/v1/api/movement/readMovements::8359075d-a1f8-4c7b-be0a-d478b2a56ada::input-params ::GET::::{}
2024-08-01 09:19:23::info::/v1/api/notification/readNotifications::8aac335e-f8b7-4c3c-9a5f-42f5a6748c4d::input-params ::PATCH::::{}
2024-08-01 09:19:23::info::/v1/api/news/readNewss::81d9678e-52b7-4303-8319-8414fa475198::input-params ::GET::::{}
2024-08-01 09:19:23::info::/v1/api/recommender/readPopularPosts::2e32fea4-d316-486c-83b1-7fdb83e8839f::input-params ::GET::::{}
2024-08-01 09:19:32::info::/v1/api/notification/readNotifications::b7e6c70f-87b3-43f0-a5b0-fc778954daf9::input-params ::PATCH::::{}
2024-08-01 09:19:32::info::/v1/api/movement/readMovements::87d3bc37-86af-4bf8-8c02-890511a7cbaf::input-params ::GET::::{}
2024-08-01 09:19:32::info::/v1/api/news/readNewss::c80b5efa-adaf-4b66-aedc-ef1143c9ae87::input-params ::GET::::{}
2024-08-01 09:19:32::info::/v1/api/notification/readNotifications::a2314ba3-8eea-467c-8b79-9e285aa8549c::input-params ::PATCH::::{}
2024-08-01 09:19:32::info::/v1/api/recommender/readPopularPosts::b9cce722-b632-4567-8ad5-fd5971bbbf53::input-params ::GET::::{}
2024-08-01 09:19:37::info::/v1/api/notification/readNotifications::cfaa6c89-0d70-41f6-a70b-ad81b09de3e9::input-params ::PATCH::::{}
2024-08-01 09:19:58::info::/v1/api/notification/readNotifications::1f0dd1b9-8be9-484d-84ff-ba3d2a33a5a2::input-params ::PATCH::::{}
2024-08-01 09:20:01::info::/v1/api/notification/readNotifications::ba17b80c-4719-4805-ac77-c8420bc77725::input-params ::PATCH::::{}
2024-08-01 09:20:02::info::/v1/api/movement/readMovements::bde48d8d-8890-4f99-95d1-a6e6cf8ea833::input-params ::GET::::{}
2024-08-01 09:20:02::info::/v1/api/news/readNewss::239659e8-f6d0-483d-9460-ba0969fda100::input-params ::GET::::{}
2024-08-01 09:20:02::info::/v1/api/notification/readNotifications::6dfe1e6e-9a39-41f9-bca4-18bb651e0a5d::input-params ::PATCH::::{}
2024-08-01 09:20:02::info::/v1/api/recommender/readPopularPosts::2ced2814-effd-44e7-9a1c-7a0dece97e7c::input-params ::GET::::{}
2024-08-01 09:20:07::info::/v1/api/movement/readMovements::a43d4035-6fda-4ca1-b0bf-285cb1a95666::input-params ::GET::::{}
2024-08-01 09:20:07::info::/v1/api/news/readNewss::702cf524-0517-48ad-873a-f6a0b7d5da39::input-params ::GET::::{}
2024-08-01 09:20:07::info::/v1/api/recommender/readPopularPosts::164a4df1-9fcc-47dd-ae00-5853053ca519::input-params ::GET::::{}
2024-08-01 09:20:07::info::/v1/api/notification/readNotifications::8b8487bf-b75c-4526-9511-32b46c81c536::input-params ::PATCH::::{}
2024-08-01 09:20:13::info::/v1/api/movement/readMovements::184ad3e2-e175-4ab0-bc80-357636d1f124::input-params ::GET::::{}
2024-08-01 09:20:13::info::/v1/api/news/readNewss::50dfb242-be09-488d-b39a-4f12d7efc9a9::input-params ::GET::::{}
2024-08-01 09:20:13::info::/v1/api/recommender/readPopularPosts::08f8c1ba-8896-4fed-b64b-6191c852ecda::input-params ::GET::::{}
2024-08-01 09:20:14::info::/v1/api/user/readUserProfile/66a59f2c73370474cf4eaada::1992586a-c89b-4a72-a165-98c8e92a2d6b::input-params ::GET::::{}
2024-08-01 09:20:15::info::/v1/api/order/readMemberOrderHistory::47f0b8d3-ca24-4ca5-9087-499913d9264f::input-params ::GET::::{}
2024-08-01 09:20:18::info::/v1/api/movement/readMovements::2113fda2-e010-4303-ac09-235bc5442a39::input-params ::GET::::{}
2024-08-01 09:20:18::info::/v1/api/user/readUserProfile/66a59f2c73370474cf4eaada::543daab0-46c8-40db-bb7e-75399449f933::input-params ::GET::::{}
2024-08-01 09:20:18::info::/v1/api/order/readMemberOrderHistory::cb19deff-5403-48ab-bded-43ee752caa4b::input-params ::GET::::{}
2024-08-01 09:20:19::info::/v1/api/news/readNewss::db7b799b-03c3-4c66-9eb0-49d75672c3fd::input-params ::GET::::{}
2024-08-01 09:20:19::info::/v1/api/recommender/readPopularPosts::12401731-a52a-4a50-bd04-d8acbf7fddfa::input-params ::GET::::{}
2024-08-01 09:22:54::info::/v1/api/movement/readMovements::937e10b2-bb5e-4707-ad34-76f23f75be9a::input-params ::GET::::{}
2024-08-01 09:22:54::info::/v1/api/news/readNewss::0b54e784-7e76-4d60-ae0e-d040c8fc26aa::input-params ::GET::::{}
2024-08-01 09:22:54::info::/v1/api/recommender/readPopularPosts::d45bab48-547c-4bb9-bf25-2439d5033f60::input-params ::GET::::{}
2024-08-01 09:36:47::info::/v1/api/movement/readMovements::b845ee89-2f2a-43cb-bc33-9eeb0680585a::input-params ::GET::::{}
2024-08-01 09:36:47::info::/v1/api/news/readNewss::2cfb6ff7-2289-4dcf-b020-dcf2071a68cb::input-params ::GET::::{}
2024-08-01 09:36:47::info::/v1/api/recommender/readPopularPosts::8c861128-a2ff-431d-8566-6df3bb435941::input-params ::GET::::{}
2024-08-01 09:40:50::info::/v1/api/movement/readMovements::c1bfb1f0-a7a1-4ed7-9337-bac1838b3b45::input-params ::GET::::{}
2024-08-01 09:40:50::info::/v1/api/news/readNewss::e576ef13-874d-42f2-9f02-d446d8a0fa38::input-params ::GET::::{}
2024-08-01 09:40:50::info::/v1/api/recommender/readPopularPosts::a086f13c-169b-4595-b2b3-5729eb8d4fd7::input-params ::GET::::{}
2024-08-01 09:40:55::info::/v1/api/movement/readMovements::d232f595-088d-48f1-a036-ecf989f77a4b::input-params ::GET::::{}
2024-08-01 09:40:55::info::/v1/api/news/readNewss::1834c1c9-fe41-4a8b-9b38-9e2b6cb472a9::input-params ::GET::::{}
2024-08-01 09:40:55::info::/v1/api/recommender/readPopularPosts::84ec83a4-8ed0-4085-96f9-5f9697449b3e::input-params ::GET::::{}
2024-08-01 09:40:57::info::/v1/api/movement/readMovements::f629dc63-8adf-451b-a1f4-3e016288f70d::input-params ::GET::::{}
2024-08-01 09:40:57::info::/v1/api/news/readNewss::4bc647dc-281a-4233-beb6-75d95027382a::input-params ::GET::::{}
2024-08-01 09:40:57::info::/v1/api/recommender/readPopularPosts::a24d46c0-27ba-4491-ad0e-b6458b9f7c20::input-params ::GET::::{}
2024-08-01 09:40:58::info::/v1/api/movement/readMovements::5cc29080-201c-4991-8f53-4a0f682d6f93::input-params ::GET::::{}
2024-08-01 09:40:58::info::/v1/api/news/readNewss::226bcc01-15d7-4128-9d6c-608897e4871f::input-params ::GET::::{}
2024-08-01 09:40:58::info::/v1/api/recommender/readPopularPosts::ed3e40f3-a39a-4136-b25a-ac50ec5a46be::input-params ::GET::::{}
2024-08-01 09:47:33::info::/v1/api/movement/readMovements::bf200e2e-6b87-46fc-9ad7-4a95b19e5186::input-params ::GET::::{}
2024-08-01 09:47:33::info::/v1/api/recommender/readPopularPosts::069cad0c-8f2f-4bb2-bd9c-f8286955e793::input-params ::GET::::{}
2024-08-01 09:47:33::info::/v1/api/news/readNewss::d4c31688-c517-4f57-884e-7b58a27de3cb::input-params ::GET::::{}
2024-08-01 10:02:57::info::/v1/api/movement/readMovements::b42c63a4-10bd-43b3-ba1d-93ca8f963846::input-params ::GET::::{}
2024-08-01 10:02:57::info::/v1/api/news/readNewss::0c4e9eeb-c885-4169-9725-df1702a09d98::input-params ::GET::::{}
2024-08-01 10:02:57::info::/v1/api/recommender/readPopularPosts::f04cf965-be65-433b-82df-ceb646b0e82f::input-params ::GET::::{}
2024-08-01 10:02:59::info::/v1/api/movement/readMovements::74a1126a-6330-43a4-907f-445feaa02bda::input-params ::GET::::{}
2024-08-01 10:02:59::info::/v1/api/news/readNewss::d59caccf-8152-4eca-8ee6-c0fb8c677480::input-params ::GET::::{}
2024-08-01 10:02:59::info::/v1/api/recommender/readPopularPosts::a7262fe1-9399-4039-b2c0-d4007ff286e7::input-params ::GET::::{}
2024-08-01 10:04:45::info::/v1/api/movement/readMovements::7f9d6806-75c6-4e62-98ec-3bb74aad3a28::input-params ::GET::::{}
2024-08-01 10:04:45::info::/v1/api/news/readNewss::7b38c250-d30e-4a40-98b1-e6432cf6e1b6::input-params ::GET::::{}
2024-08-01 10:04:45::info::/v1/api/recommender/readPopularPosts::d0e76c6f-1b88-443a-8e1e-f71c912ef5d6::input-params ::GET::::{}
2024-08-01 10:04:47::info::/v1/api/movement/readMovements::1afd5fd0-a5e8-41a1-8698-0db746b8b8dd::input-params ::GET::::{}
2024-08-01 10:04:47::info::/v1/api/news/readNewss::bb2cf21b-7e9c-41a0-aff1-9b81bb3b82ed::input-params ::GET::::{}
2024-08-01 10:04:47::info::/v1/api/recommender/readPopularPosts::529c2069-5450-4283-9af8-c49a6616c3c0::input-params ::GET::::{}
2024-08-01 10:05:09::info::/v1/api/movement/readMovements::1d2d19f5-6f55-42fe-b801-45a840fa027d::input-params ::GET::::{}
2024-08-01 10:05:09::info::/v1/api/news/readNewss::10cffdeb-2d77-4ae8-87e8-88b16b141068::input-params ::GET::::{}
2024-08-01 10:05:09::info::/v1/api/recommender/readPopularPosts::9bdd7797-c32b-433b-9a9d-229bc19d12d9::input-params ::GET::::{}
2024-08-01 10:05:20::info::/v1/api/news/readNewss::57af3cb1-55ff-4a33-a1f3-08a9c51bdf3e::input-params ::GET::::{}
2024-08-01 10:05:20::info::/v1/api/recommender/readPopularPosts::a84e035b-7f7c-4f19-9f6f-ead17a2f0301::input-params ::GET::::{}
2024-08-01 10:05:20::info::/v1/api/movement/readMovements::f196ef10-d33f-49d5-a149-15851df91892::input-params ::GET::::{}
2024-08-01 10:05:33::info::/v1/api/movement/readMovements::33f7ad0a-e7a7-4883-8858-bcf4e9fb46e7::input-params ::GET::::{}
2024-08-01 10:05:33::info::/v1/api/news/readNewss::bfca8f0d-03e5-4b78-a45b-32dbd5a2d2b8::input-params ::GET::::{}
2024-08-01 10:05:33::info::/v1/api/recommender/readPopularPosts::504ca19c-f5d2-44a5-a9fb-0055161f8277::input-params ::GET::::{}
2024-08-01 10:05:36::info::/v1/api/movement/readMovements::11c06360-21a7-43c9-8ac3-4121a86e45e3::input-params ::GET::::{}
2024-08-01 10:05:36::info::/v1/api/news/readNewss::40f33668-c63e-466c-bf33-f33a75d212f5::input-params ::GET::::{}
2024-08-01 10:05:36::info::/v1/api/recommender/readPopularPosts::73b66ebd-563b-494e-bdb6-efcc65c6632f::input-params ::GET::::{}
2024-08-01 10:05:41::info::/v1/api/movement/readMovements::4d26a565-60e9-46fe-841e-42c8ebc539a3::input-params ::GET::::{}
2024-08-01 10:05:41::info::/v1/api/news/readNewss::9e16a234-1815-4b43-9997-ed365be173f6::input-params ::GET::::{}
2024-08-01 10:05:41::info::/v1/api/recommender/readPopularPosts::cfb5e898-7b80-4689-b1b3-cebccf3bf647::input-params ::GET::::{}
2024-08-01 10:07:53::info::/v1/api/movement/readMovements::587a2958-848a-4fde-9e33-13fccd012705::input-params ::GET::::{}
2024-08-01 10:07:53::info::/v1/api/news/readNewss::6737f3d8-707c-45b5-acf2-c82540753969::input-params ::GET::::{}
2024-08-01 10:07:53::info::/v1/api/recommender/readPopularPosts::82c6afc2-6727-45ac-8985-98bf732b157f::input-params ::GET::::{}
2024-08-01 10:13:36::info::/v1/api/movement/readMovements::937679ec-b47c-493d-846e-66776b5daa7c::input-params ::GET::::{}
2024-08-01 10:13:36::info::/v1/api/news/readNewss::60abbfc6-c06b-4964-ad13-a7137e0b9d5b::input-params ::GET::::{}
2024-08-01 10:13:36::info::/v1/api/recommender/readPopularPosts::f70b822b-a1ce-4afb-886b-c95d8b27caa7::input-params ::GET::::{}
2024-08-01 10:14:31::info::/v1/api/movement/readMovements::32d1b57c-ac95-4c47-ae9c-ab42f531e702::input-params ::GET::::{}
2024-08-01 10:14:31::info::/v1/api/news/readNewss::376227cf-3b1a-495b-a98a-6ceb3a0dccd9::input-params ::GET::::{}
2024-08-01 10:14:31::info::/v1/api/recommender/readPopularPosts::15b51cf3-9b18-4b1e-84c5-177d10b29ff0::input-params ::GET::::{}
2024-08-01 10:14:34::info::/v1/api/movement/readMovements::c57e5ea2-eaf4-42fb-bff3-629a3c05336a::input-params ::GET::::{}
2024-08-01 10:14:34::info::/v1/api/news/readNewss::31aea4b1-cfa6-4888-be94-967eb8d87d0c::input-params ::GET::::{}
2024-08-01 10:14:34::info::/v1/api/recommender/readPopularPosts::29734def-4ca3-47a4-83c3-4c2e334438b0::input-params ::GET::::{}
2024-08-01 10:15:56::info::/v1/api/movement/readMovements::0c6a729a-1571-4ffd-a394-f938144b3032::input-params ::GET::::{}
2024-08-01 10:15:56::info::/v1/api/news/readNewss::5741ecd8-4789-4ddc-91a5-50015166ca2d::input-params ::GET::::{}
2024-08-01 10:15:56::info::/v1/api/recommender/readPopularPosts::16616e32-5680-4faf-af0a-cb76b1cc4288::input-params ::GET::::{}
2024-08-01 10:19:59::info::/v1/api/movement/readMovements::42e3a9cf-5e60-4a5b-a401-453845f731bf::input-params ::GET::::{}
2024-08-01 10:20:25::info::/v1/api/movement/readMovements::03c30606-ba97-46c0-bc7c-872799285c35::input-params ::GET::::{}
2024-08-01 10:20:31::info::/v1/api/movement/readMovements::ee148efc-5edf-4fd4-b195-434f6ae5ccff::input-params ::GET::::{}
2024-08-01 10:20:42::info::/v1/api/movement/readMovements::cde71d21-a636-404b-b16b-089f8b7e82c6::input-params ::GET::::{}
2024-08-01 10:20:48::info::/v1/api/movement/readMovements::29bdf31d-a39a-4bcb-b905-a552f4e978fe::input-params ::GET::::{}
2024-08-01 10:20:59::info::/v1/api/movement/readMovements::f6cb7343-17e2-4899-b720-80a25b53c6b9::input-params ::GET::::{}
2024-08-01 10:21:18::info::/v1/api/movement/readMovements::06b26855-d6dd-4c4c-ab6a-b18d27850eb2::input-params ::GET::::{}
2024-08-01 10:21:29::info::/v1/api/movement/readMovements::c6d285f2-9aaf-4540-8b74-80dbbef698fd::input-params ::GET::::{}
2024-08-01 10:21:34::info::/v1/api/movement/readMovements::e5a1a9fd-0fc7-4255-88e8-ac3f32aaafd6::input-params ::GET::::{}
2024-08-01 10:23:51::info::/v1/api/movement/readMovements::bac107a2-8598-4419-a48d-0be0447a79ca::input-params ::GET::::{}
2024-08-01 10:33:40::info::/v1/api/movement/readMovements::69462acb-4c5a-4137-b7a2-ee2a3853fb14::input-params ::GET::::{}
2024-08-01 10:33:44::info::/v1/api/movement/readMovements::220afe8d-f4fc-4daf-930f-19be9c6e275a::input-params ::GET::::{}
2024-08-01 10:35:13::info::/v1/api/movement/readMovements::1c046908-de55-4b44-beb0-ea1c6e33c1f3::input-params ::GET::::{}
2024-08-01 10:35:15::info::/v1/api/movement/readMovements::29f1aca2-76f6-48fc-82ad-ed6fee76acec::input-params ::GET::::{}
2024-08-01 10:39:22::info::/v1/api/movement/readMovements::fefb8e83-71f6-4eab-9bc4-68a3cf41c410::input-params ::GET::::{}
2024-08-01 10:41:21::info::/v1/api/movement/readMovements::b03661f1-d791-4b40-b809-241f0c4660c4::input-params ::GET::::{}
2024-08-01 10:43:56::info::/v1/api/movement/readMovements::3af0c37d-2334-4983-ba74-c356405932ac::input-params ::GET::::{}
2024-08-01 10:48:37::info::/v1/api/movement/readMovements::1813ff0e-edbe-45de-9b93-5870d7447bcd::input-params ::GET::::{}
2024-08-01 10:48:45::info::/v1/api/movement/readMovements::a2cc822e-0f30-4574-84ab-0758c635474d::input-params ::GET::::{}
2024-08-01 10:54:28::info::/v1/api/movement/readMovements::40517b06-1e48-446c-bf33-5a844ecfa789::input-params ::GET::::{}
2024-08-01 10:54:30::info::/v1/api/movement/readMovements::2dcd82c9-b2b4-42a0-bc92-4e449b2067ad::input-params ::GET::::{}
2024-08-01 10:59:40::info::/v1/api/movement/readMovements::70b904af-52f9-4e0d-b797-6fd67bda81f6::input-params ::GET::::{}
2024-08-01 11:00:13::info::/v1/api/movement/readMovements::30812760-8b64-49e6-ab4d-43c30077e673::input-params ::GET::::{}
2024-08-01 11:00:25::info::/v1/api/movement/readMovements::fe4a6934-53d2-496e-961d-fa860786aee2::input-params ::GET::::{}
2024-08-01 11:00:27::info::/v1/api/movement/readMovements::d839e1cc-c8ff-4a19-84ce-9a156834c775::input-params ::GET::::{}
2024-08-01 11:48:23::info::/v1/api/movement/readMovements::e9e60ff8-9fcd-4310-bbb9-0e924879caac::input-params ::GET::::{}
2024-08-01 11:49:36::info::/v1/api/movement/readMovements::34590685-e0a5-4c35-9506-8b8f7e15de06::input-params ::GET::::{}
2024-08-01 11:49:42::info::/v1/api/movement/readMovements::d12c2c9a-921e-4384-b4d1-9675bdb1d887::input-params ::GET::::{}
2024-08-01 11:51:52::info::/v1/api/movement/readMovements::4829dd1d-f8bb-4aef-9ed0-35fac8749eaf::input-params ::GET::::{}
2024-08-01 11:51:54::info::/v1/api/movement/readMovements::8a957f06-d1ff-4bd6-baba-08711cfd7bed::input-params ::GET::::{}
2024-08-01 11:56:11::info::/v1/api/movement/readMovements::d9ded4d2-eb94-4ffc-96b5-3d9495991361::input-params ::GET::::{}
2024-08-01 11:56:54::info::/v1/api/movement/readMovements::dcd6c38a-673a-46b8-8950-f00238f00117::input-params ::GET::::{}
2024-08-01 11:59:11::info::/v1/api/movement/readMovements::87bf3211-00dc-4589-88ed-f8d6004e544d::input-params ::GET::::{}
2024-08-01 12:02:05::info::/v1/api/movement/readMovements::938d6f03-f3fa-467e-8819-fd5ca51521ad::input-params ::GET::::{}
2024-08-01 12:07:55::info::/v1/api/movement/readMovements::c21f5e65-a341-4900-a09d-16e76d630001::input-params ::GET::::{}
2024-08-01 12:10:09::info::/v1/api/movement/readMovements::e7019e40-cb30-4603-9a51-dc695228cdf2::input-params ::GET::::{}
2024-08-01 12:10:43::info::/v1/api/movement/readMovements::e6a64014-99eb-46aa-9a40-e24d59bbb1e2::input-params ::GET::::{}
2024-08-01 12:13:33::info::/v1/api/movement/readMovements::762752a0-c528-4490-a02c-c54d45bd7520::input-params ::GET::::{}
2024-08-01 15:45:11::info::/v1/api/user/me::12b5e572-3c5d-4363-ae5d-698079d98158::input-params ::GET::::{}
2024-08-01 15:45:11::info::/v1/api/movement/readMovements::05e3c3c9-380a-48ab-a1e1-5c3bfb58c7d7::input-params ::GET::::{}
2024-08-01 15:45:11::info::/v1/api/news/readNewss::22f2a9de-5315-44d4-b261-f3d9d67d8fd3::input-params ::GET::::{}
2024-08-01 15:45:11::info::/v1/api/recommender/readPopularPosts::ae52e50b-d9a9-466b-b774-c9a2c496282e::input-params ::GET::::{}
2024-08-01 15:45:12::info::/v1/api/news/readNewss::52b5059b-5755-4f12-b21c-67062b163ba6::input-params ::GET::::{}
2024-08-01 15:45:12::info::/v1/api/movement/readMovements::b148616c-faee-4a42-8ce1-74250226e916::input-params ::GET::::{}
2024-08-01 15:45:21::info::/v1/api/news/readNewss::32ac9e62-6ffd-4e99-b263-a2b1a57c5663::input-params ::GET::::{}
2024-08-01 15:45:21::info::/v1/api/movement/readMovements::5dba9576-a1f2-44aa-be09-2095f551e690::input-params ::GET::::{}
2024-08-01 15:45:21::info::/v1/api/recommender/readPopularPosts::c1d3eeae-6df0-4459-aca9-5c91bd25489c::input-params ::GET::::{}
2024-08-01 15:45:23::info::/v1/api/news/readNewss::80124b51-e136-4248-a9d0-76a390ef9b39::input-params ::GET::::{}
2024-08-01 15:45:23::info::/v1/api/news/readNews/66a8f46e143aa910a3d771f9::8adbf7d4-7d85-489a-9a55-e3c80043221e::input-params ::GET::::{}
2024-08-01 15:46:01::info::/v1/api/movement/readMovements::f02b60d0-dab9-4f27-a8a3-e4a44abeaa2b::input-params ::GET::::{}
2024-08-01 15:46:01::info::/v1/api/news/readNewss::b29f9822-ac6e-4e8b-8879-58f0237cc724::input-params ::GET::::{}
2024-08-01 15:46:01::info::/v1/api/news/readNews/66a8f46e143aa910a3d771f9::12da7bb8-1ba8-4900-9598-96e09bc7f241::input-params ::GET::::{}
2024-08-01 15:46:07::info::/v1/api/movement/readMovements::e17cfd6b-3f49-4aff-9b1d-6d2265e93669::input-params ::GET::::{}
2024-08-01 15:46:07::info::/v1/api/news/readNewss::6fcc3d1a-c86b-4d03-a738-7e4d33a968e2::input-params ::GET::::{}
2024-08-01 15:46:07::info::/v1/api/news/readNews/66a8f46e143aa910a3d771f9::390cd749-ff78-4625-8afd-991613c2c124::input-params ::GET::::{}
2024-08-01 15:46:16::info::/v1/api/movement/readMovements::a50f1653-8120-46db-b93f-709f89b1c672::input-params ::GET::::{}
2024-08-01 15:46:16::info::/v1/api/news/readNewss::e2cad509-d961-45dd-8b32-0322130819c4::input-params ::GET::::{}
2024-08-01 15:46:16::info::/v1/api/news/readNews/66a8f46e143aa910a3d771f9::3bbef7a8-d2d8-4ed4-9125-b383055e67fb::input-params ::GET::::{}
2024-08-01 15:56:38::info::/v1/api/movement/readMovements::19274fda-1084-4eec-8b93-a3eebfc66dd4::input-params ::GET::::{}
2024-08-01 15:56:38::info::/v1/api/news/readNewss::0a8c2e19-1a2b-420e-af3a-57af12dbd5b7::input-params ::GET::::{}
2024-08-01 15:56:38::info::/v1/api/news/readNews/66a8f46e143aa910a3d771f9::86c33fa0-71cf-4764-b5fe-e56c23b131f3::input-params ::GET::::{}
2024-08-01 16:04:46::info::/v1/api/movement/readMovements::0879adb3-1417-4b00-ac0c-983bce0e25a7::input-params ::GET::::{}
2024-08-01 16:04:46::info::/v1/api/news/readNewss::fe843a79-5e41-472d-bc22-826543b928be::input-params ::GET::::{}
2024-08-01 16:04:46::info::/v1/api/news/readNews/66a8f46e143aa910a3d771f9::ee785f1e-76c7-482d-91a0-705950dbb45e::input-params ::GET::::{}
2024-08-01 16:04:59::info::/v1/api/movement/readMovements::ee427a72-4da9-45f5-8ce8-81c994dd6140::input-params ::GET::::{}
2024-08-01 16:04:59::info::/v1/api/news/readNewss::84ff101b-a9eb-4982-8e2c-775dfd5f4a2e::input-params ::GET::::{}
2024-08-01 16:04:59::info::/v1/api/news/readNews/66a8f46e143aa910a3d771f9::cd1333f3-cb20-4fc0-9a00-30bb7cb20a8f::input-params ::GET::::{}
2024-08-01 16:44:53::info::/v1/api/movement/readMovements::6a07756e-f8e7-4828-8c34-4b4188c12147::input-params ::GET::::{}
2024-08-01 16:44:53::info::/v1/api/news/readNewss::e8fd7242-231a-4b2a-9192-eac5d0698eda::input-params ::GET::::{}
2024-08-01 16:44:53::info::/v1/api/news/readNews/66a8f46e143aa910a3d771f9::f1e732dc-d89f-4e10-a8be-e7828c200cbc::input-params ::GET::::{}
2024-08-01 16:44:57::info::/v1/api/movement/readMovements::ef314ebe-7095-4d05-82c2-6b74cfab75a1::input-params ::GET::::{}
2024-08-01 16:44:57::info::/v1/api/news/readNewss::ce843058-0c33-4247-8bef-4a687c22fa85::input-params ::GET::::{}
2024-08-01 16:44:57::info::/v1/api/news/readNews/66a8f46e143aa910a3d771f9::f45cec48-d643-45f1-a5a3-eb31f49e6e17::input-params ::GET::::{}
2024-08-01 16:44:58::info::/v1/api/news/readNewss::9f052166-50c1-42da-ab4d-41ccae353707::input-params ::GET::::{}
2024-08-01 16:44:58::info::/v1/api/recommender/readPopularPosts::0efce5bc-88fd-4f8d-a33e-f915319a7ee0::input-params ::GET::::{}
2024-08-01 16:45:04::info::/v1/api/news/readNewss::f55c53e7-6d92-46ca-9224-81af852a4da2::input-params ::GET::::{}
2024-08-01 16:45:04::info::/v1/api/news/readNews/66a8f46e143aa910a3d771f9::469e29c6-71db-4745-95c2-a3d8cc814910::input-params ::GET::::{}
2024-08-01 16:45:08::info::/v1/api/user/me::2ac19f48-2dd8-49da-805d-2f0a82e6e1c5::input-params ::GET::::{}
2024-08-01 16:45:08::info::/v1/api/movement/readMovements::da071106-a8e9-49ca-b649-f2019f0dcf66::input-params ::GET::::{}
2024-08-01 16:45:08::info::/v1/api/news/readNewss::04036b51-0e9c-43d8-8c30-cad15844167a::input-params ::GET::::{}
2024-08-01 16:45:08::info::/v1/api/news/readNews/66a8f46e143aa910a3d771f9::77b49ab8-bebf-413b-8bd8-d1e8a5b25818::input-params ::GET::::{}
2024-08-01 16:45:13::info::/v1/api/news/readNewss::54c5d2e3-35f8-433f-9a25-65449c9377ec::input-params ::GET::::{}
2024-08-01 16:45:13::info::/v1/api/recommender/readPopularPosts::c08d1eef-5ae0-4dbd-9624-63d61e5e3a5a::input-params ::GET::::{}
2024-08-01 16:45:24::info::/v1/api/user/readUserProfile/66a59f2c73370474cf4eaada::808e2144-5d5b-4f6b-b7d1-8fccb22b9078::input-params ::GET::::{}
2024-08-01 16:45:24::info::/v1/api/order/readMemberOrderHistory::d436439d-9bb1-4af5-8673-bde7a748aff7::input-params ::GET::::{}
2024-08-01 16:45:29::info::/v1/api/news/readNewss::fc46b91a-257d-4c1c-80a8-e0359b7b6efc::input-params ::GET::::{}
2024-08-01 16:45:29::info::/v1/api/recommender/readPopularPosts::9e106ee0-09ad-444e-b4c9-d90bc5aff1fa::input-params ::GET::::{}
2024-08-01 16:45:31::info::/v1/api/user/readUserProfile/66a5a57173370474cf4eacca::0724af08-3e7f-4449-acac-d4d5f96974e1::input-params ::GET::::{}
2024-08-01 16:45:31::info::/v1/api/serviceCategory/readServiceCategoriesWithServices/66a5a57173370474cf4eacca::c8b33eaf-c8b3-4a70-ab3a-0ca367d86e93::input-params ::GET::::{}
2024-08-01 16:45:38::info::/v1/api/post/readPostCategoriesWithPosts/66a5a57173370474cf4eacca::2b488749-c2ef-443e-be6c-1293643674f6::input-params ::GET::::{}
2024-08-01 16:45:41::info::/v1/api/news/readNewss::7589cb17-a662-4b61-8628-50af1fa2c3fb::input-params ::GET::::{}
2024-08-01 16:45:41::info::/v1/api/recommender/readPopularPosts::8c4dda84-8d1f-4fc3-87e6-a46a9a4c69a5::input-params ::GET::::{}
2024-08-01 16:45:42::info::/v1/api/user/readUserProfile/66a5f1b254ac59de697b59f9::b334eab9-56e5-47d5-8a43-d0428da18ad8::input-params ::GET::::{}
2024-08-01 16:45:42::info::/v1/api/serviceCategory/readServiceCategoriesWithServices/66a5f1b254ac59de697b59f9::4a72612b-2902-47d2-9710-72cc5f373499::input-params ::GET::::{}
2024-08-01 16:45:47::info::/v1/api/post/readPostCategoriesWithPosts/66a5f1b254ac59de697b59f9::5cb00901-d43f-48ba-a7b4-9df905afb479::input-params ::GET::::{}
2024-08-01 16:45:53::info::/v1/api/news/readNewss::2bcf50f5-25f0-49ea-affd-bea043202f8e::input-params ::GET::::{}
2024-08-01 16:45:53::info::/v1/api/recommender/readPopularPosts::072110b1-d7ef-469b-af92-9e6b49abe699::input-params ::GET::::{}
2024-08-01 17:07:11::info::/v1/api/user/me::22b1345c-9cbe-4491-9cd5-8d6faa3fb08b::input-params ::GET::::{}
2024-08-01 17:07:11::info::/v1/api/movement/readMovements::f5a40858-7f22-44d7-9dc5-094c36724189::input-params ::GET::::{}
2024-08-01 17:07:11::info::/v1/api/news/readNewss::68485949-c0df-4149-b901-39a69c064d2a::input-params ::GET::::{}
2024-08-01 17:07:11::info::/v1/api/recommender/readPopularPosts::843c2336-b040-490c-ace3-c1cd6717ae17::input-params ::GET::::{}
2024-08-01 17:37:03::info::/v1/api/user/me::e17180c7-fe60-4232-8227-9430e7f0bf58::input-params ::GET::::{}
2024-08-01 17:37:04::info::/v1/api/movement/readMovements::5d9e126b-dbb8-47ef-998a-eb514cf88bd1::input-params ::GET::::{}
2024-08-01 17:37:04::info::/v1/api/news/readNewss::0900c96c-866e-4b2b-b94b-bf2a1ea870f4::input-params ::GET::::{}
2024-08-01 17:37:04::info::/v1/api/recommender/readPopularPosts::cf40c1c7-05d6-4321-8c7a-1458d61c7011::input-params ::GET::::{}
2024-08-01 17:42:13::info::/v1/api/user/me::f3e7c4f8-47de-4a85-a322-38ce6008fd95::input-params ::GET::::{}
2024-08-01 17:42:13::info::/v1/api/movement/readMovements::0d18ebdb-ec96-41f7-9bda-31ebd19743cc::input-params ::GET::::{}
2024-08-01 17:42:14::info::/v1/api/news/readNewss::b1f973f8-63d6-4cc8-961e-f871cdf303b0::input-params ::GET::::{}
2024-08-01 17:42:14::info::/v1/api/recommender/readPopularPosts::9197775c-a25b-479b-9911-67e5c92b4a4e::input-params ::GET::::{}
2024-08-01 18:09:01::info::/v1/api/user/me::30172cda-3455-409e-9ef2-ec26474a6b04::input-params ::GET::::{}
2024-08-01 18:09:02::info::/v1/api/movement/readMovements::abfbe69d-8da5-477a-a915-317c1508afc7::input-params ::GET::::{}
2024-08-01 18:09:02::info::/v1/api/news/readNewss::39d8e669-bc7e-4659-81d9-2766ddf58143::input-params ::GET::::{}
2024-08-01 18:09:02::info::/v1/api/recommender/readPopularPosts::de40d4f9-b4c9-471b-a52d-cc9ace5882cd::input-params ::GET::::{}
2024-08-01 18:17:27::info::/v1/api/user/me::96263f3b-8348-4a3f-941f-d4e8c416271c::input-params ::GET::::{}
2024-08-01 18:17:27::info::/v1/api/movement/readMovements::e5ed7b05-1030-43f9-93e7-c4b188febea7::input-params ::GET::::{}
2024-08-01 18:17:27::info::/v1/api/news/readNewss::666ca964-7a73-4b42-8acd-801c3871a0b1::input-params ::GET::::{}
2024-08-01 18:17:27::info::/v1/api/recommender/readPopularPosts::cc7c16bf-49bc-4b2b-a8e0-53644dd1ef2b::input-params ::GET::::{}
2024-08-01 19:25:50::info::/v1/api/user/me::0fadd7e6-91ae-4782-849a-9fa875b439fc::input-params ::GET::::{}
2024-08-01 19:25:58::info::/v1/api/movement/readMovements::6c547860-f31b-4ed4-b626-412741014f6a::input-params ::GET::::{}
2024-08-01 19:25:58::info::/v1/api/news/readNewss::45815820-fcb2-4c85-a1fc-5f1d9a02cb0c::input-params ::GET::::{}
2024-08-01 19:25:58::info::/v1/api/recommender/readPopularPosts::36541a0a-d255-436b-8f6a-4e4edf7b3a60::input-params ::GET::::{}
2024-08-01 19:58:49::info::/v1/api/movement/readMovements::95c3e4ef-144a-4d1a-a794-e119c407a210::input-params ::GET::::{}
2024-08-01 19:58:49::info::/v1/api/recommender/readPopularPosts::3dcfd764-500e-45ce-aa41-c90702c857d4::input-params ::GET::::{}
2024-08-01 19:58:49::info::/v1/api/news/readNewss::1153c5c1-18d8-4eb5-b192-c6376dd0e1a5::input-params ::GET::::{}
2024-08-01 19:58:55::info::/v1/api/news/readNewss::e59f31cf-cb1a-4673-8b3b-2c9d48155eee::input-params ::GET::::{}
2024-08-01 19:58:55::info::/v1/api/recommender/readPopularPosts::be22d349-1502-4749-a767-3dad3ada1c56::input-params ::GET::::{}
2024-08-01 19:59:17::info::/v1/api/user/readUserProfile/66a59f2c73370474cf4eaada::761c8d85-8a36-4027-ae9f-5bc97c07fa87::input-params ::GET::::{}
2024-08-01 19:59:18::info::/v1/api/order/readMemberOrderHistory::fb71dab7-29c5-45a4-837a-50e9a60b2242::input-params ::GET::::{}
2024-08-01 20:01:57::info::/v1/api/movement/readMovements::d5ae1534-9e34-44a3-89dc-127c77c472cf::input-params ::GET::::{}
2024-08-01 20:01:57::info::/v1/api/user/readUserProfile/66a59f2c73370474cf4eaada::f45ef22a-e717-4532-9763-4c33a401f0ec::input-params ::GET::::{}
2024-08-01 20:01:57::info::/v1/api/order/readMemberOrderHistory::b9717b08-712b-412a-bca4-25780ab7674c::input-params ::GET::::{}
2024-08-01 20:02:00::info::/v1/api/movement/readMovements::285ea515-04d2-4f4a-b4c0-2b47ccdf8042::input-params ::GET::::{}
2024-08-01 20:02:00::info::/v1/api/user/readUserProfile/66a59f2c73370474cf4eaada::e2dfa8f0-c317-4d79-88cc-fdead8c3a7a9::input-params ::GET::::{}
2024-08-01 20:02:00::info::/v1/api/order/readMemberOrderHistory::774c2eb1-6bc8-4995-9745-57ef37a50541::input-params ::GET::::{}
2024-08-01 20:10:14::info::/v1/api/movement/readMovements::599e2baf-870b-499c-b251-73df2474ecbf::input-params ::GET::::{}
2024-08-01 20:10:14::info::/v1/api/user/readUserProfile/66a59f2c73370474cf4eaada::20270086-5ddd-461a-b02a-b1f7d4982e44::input-params ::GET::::{}
2024-08-01 20:10:14::info::/v1/api/order/readMemberOrderHistory::727e852e-de7e-48fd-b0bf-48bdb571243b::input-params ::GET::::{}
2024-08-01 20:10:14::info::/v1/api/news/readNewss::5e1ff83a-a813-400b-8f89-139413d1aaf7::input-params ::GET::::{}
2024-08-01 20:10:14::info::/v1/api/recommender/readPopularPosts::450fac0c-f8fc-4fc9-aa24-5580bb33dda3::input-params ::GET::::{}
2024-08-01 20:10:16::info::/v1/api/news/readNewss::30f5dd7b-171c-45ae-8f25-4deb0f32bc15::input-params ::GET::::{}
2024-08-01 20:10:16::info::/v1/api/news/readNews/66a8f46e143aa910a3d771f9::e60be433-9d7e-45a6-940a-a53ba81c1ec3::input-params ::GET::::{}
2024-08-01 20:10:47::info::/v1/api/news/readNewss::efbdc97e-eaae-43af-9254-993b414a5864::input-params ::GET::::{}
2024-08-01 20:10:47::info::/v1/api/recommender/readPopularPosts::7b59413f-97e9-4867-b034-6eed1a8330aa::input-params ::GET::::{}
2024-08-01 20:11:05::info::/v1/api/recommender/readPopularPosts::b1ad57fb-ad26-4a91-8919-fc2b05035881::input-params ::GET::::{}
2024-08-01 20:11:05::info::/v1/api/movement/readMovements::c5988024-eda0-4cc6-98b0-1508b1defd8f::input-params ::GET::::{}
2024-08-01 20:11:05::info::/v1/api/news/readNewss::b0282c1a-d981-4902-8e45-abd764d15b64::input-params ::GET::::{}
