2024-08-07 07:55:09::info::/v1/api/user/me::d7e8a016-5abe-4d39-9e2b-c7ea9507b8ee::input-params ::GET::::{}
2024-08-07 07:55:10::info::/v1/api/movement/readMovements::524da18a-0439-4844-a8d7-3cc60f822798::input-params ::GET::::{}
2024-08-07 07:55:10::info::/v1/api/news/readNewss::6bd21009-3c87-4dfe-a80c-43a51a368ca5::input-params ::GET::::{}
2024-08-07 07:55:10::info::/v1/api/recommender/readPopularPosts::faa77697-7ec5-41da-a419-eb3648fe49eb::input-params ::GET::::{}
2024-08-07 07:55:13::info::/v1/api/movement/readMovements::3cf60eb7-abaa-416c-8b0e-49cf7ffe1099::input-params ::GET::::{}
2024-08-07 07:55:13::info::/v1/api/news/readNewss::2322faf1-c3e8-471d-b2eb-659e51e6725a::input-params ::GET::::{}
2024-08-07 07:55:13::info::/v1/api/recommender/readPopularPosts::d82250b9-b9c0-4424-9479-5d462d909989::input-params ::GET::::{}
2024-08-07 07:55:13::info::/v1/api/movement/readMovements::21fd7870-bda4-4c26-b577-1ed9f895cfbf::input-params ::GET::::{}
2024-08-07 07:55:17::info::/v1/api/movement/readMovements::e04450f3-edc4-485c-b4ec-14925178ca8e::input-params ::GET::::{}
2024-08-07 07:55:17::info::/v1/api/news/readNewss::b0c2d267-73de-4d6f-ba01-b9b5e2b86687::input-params ::GET::::{}
2024-08-07 07:55:17::info::/v1/api/recommender/readPopularPosts::2af1725a-d9e3-4ae2-b7e2-fe9ec9acc931::input-params ::GET::::{}
2024-08-07 07:55:27::info::/v1/api/user/readUserProfile/66a5a57173370474cf4eacca::79355638-3bb4-4065-bf5d-65a853a174d8::input-params ::GET::::{}
2024-08-07 07:55:27::info::/v1/api/order/readTalentOrderHistory::a8dcc4bf-bad1-48c8-a657-e45092220558::input-params ::GET::::{}
2024-08-07 07:55:31::info::/v1/api/post/readPostCategoriesWithPosts/66a5a57173370474cf4eacca::992108c8-7e1b-4941-9476-f0ddf0eb4e17::input-params ::GET::::{}
2024-08-07 07:57:06::info::/v1/api/movement/readMovements::a43bd9d4-eba2-4771-b386-b9142c06d400::input-params ::GET::::{}
2024-08-07 07:57:12::info::/v1/api/movement/readMovements::47721cdb-86b1-4d65-bbb6-e3b21d947195::input-params ::GET::::{}
2024-08-07 07:57:28::info::/v1/api/movement/readMovements::b4c5de70-04ef-46f7-8509-fbce87e2e260::input-params ::GET::::{}
2024-08-07 07:57:50::info::/v1/api/movement/readMovements::93fe1ecf-3b92-4bef-9da9-37533d12df49::input-params ::GET::::{}
2024-08-07 07:57:55::info::/v1/api/movement/readMovements::62486730-413a-4b4c-b7f3-e0966593bc08::input-params ::GET::::{}
2024-08-07 08:02:31::info::/v1/api/movement/readMovements::d5aebf6c-9dc5-40d9-a5b0-c4b7801c7ae6::input-params ::GET::::{}
2024-08-07 08:02:43::info::/v1/api/movement/readMovements::836d7477-561e-46b0-9459-a46f59d9a4db::input-params ::GET::::{}
2024-08-07 08:02:53::info::/v1/api/movement/readMovements::f3d2bf04-5e2b-40bf-ae74-bf27f1591b91::input-params ::GET::::{}
2024-08-07 08:03:13::info::/v1/api/movement/readMovements::4cf7d5b3-7863-40ac-bc84-a4baa48dae73::input-params ::GET::::{}
2024-08-07 08:04:03::info::/v1/api/movement/readMovements::05430a09-bf07-47b3-8c27-0af7076e2351::input-params ::GET::::{}
2024-08-07 08:04:38::info::/v1/api/movement/readMovements::b34448c9-95ef-4eaa-9e1e-cf7cd6389f3b::input-params ::GET::::{}
2024-08-07 08:05:08::info::/v1/api/movement/readMovements::372eef8a-5e67-4e49-a625-e73d78c94563::input-params ::GET::::{}
2024-08-07 08:05:27::info::/v1/api/movement/readMovements::70c662b2-cbe0-4fde-a4a1-f4cad5817c0a::input-params ::GET::::{}
2024-08-07 08:05:33::info::/v1/api/movement/readMovements::47469233-617e-4982-ad8d-0212fc8c34d4::input-params ::GET::::{}
2024-08-07 08:05:35::info::/v1/api/movement/readMovements::93a4e753-f062-49a8-852c-cbf1f331c959::input-params ::GET::::{}
2024-08-07 08:05:51::info::/v1/api/movement/readMovements::4a700c25-0828-4f8a-a288-1fd9a19d93d0::input-params ::GET::::{}
2024-08-07 08:05:52::info::/v1/api/movement/readMovements::773ee920-2ea6-4d7b-97e9-9418814a0ef9::input-params ::GET::::{}
2024-08-07 08:06:31::info::/v1/api/movement/readMovements::d728622a-437b-4521-b464-93f59ad0bf78::input-params ::GET::::{}
2024-08-07 08:06:39::info::/v1/api/movement/readMovements::6689ddb1-a066-49e8-b708-9359ced100e7::input-params ::GET::::{}
2024-08-07 08:06:44::info::/v1/api/movement/readMovements::80edfdf1-91e8-4de6-8cf9-875e98e5a5cf::input-params ::GET::::{}
2024-08-07 08:06:53::info::/v1/api/movement/readMovements::012ce441-57d3-4914-8d9a-ad02a7b17776::input-params ::GET::::{}
2024-08-07 08:06:53::info::/v1/api/user/me::3d153d7f-27c8-4777-9031-4a32c7d07aa1::input-params ::GET::::{}
2024-08-07 08:07:50::info::/v1/api/movement/readMovements::2e57bbdf-6705-407f-b934-8b16a5f9283b::input-params ::GET::::{}
2024-08-07 08:07:58::info::/v1/api/movement/readMovements::90901ecf-fd30-4be3-bf2e-2dbe3030ec9d::input-params ::GET::::{}
2024-08-07 08:08:17::info::/v1/api/movement/readMovements::36ade382-9aef-4480-88a8-514dac5d0411::input-params ::GET::::{}
2024-08-07 08:08:24::info::/v1/api/movement/readMovements::3a5bdf57-f9e4-498c-a639-ece86754f6a2::input-params ::GET::::{}
2024-08-07 08:09:01::info::/v1/api/user/me::7040c31e-81e7-49e2-873a-ed289a31bed8::input-params ::GET::::{}
2024-08-07 08:09:01::info::/v1/api/movement/readMovements::e172d2d3-42d6-4152-b11d-fa6bcc0e5859::input-params ::GET::::{}
2024-08-07 08:09:09::info::/v1/api/movement/readMovements::bd362a13-af03-4736-ac19-b49184f5a7c9::input-params ::GET::::{}
2024-08-07 08:09:11::info::/v1/api/user/me::81ff1e1e-0db8-4b7c-90c3-9d8c0173e587::input-params ::GET::::{}
2024-08-07 08:09:11::info::/v1/api/movement/readMovements::2b6f7fa4-0581-4279-92a2-5dd561a8da35::input-params ::GET::::{}
2024-08-07 08:14:06::info::/v1/api/movement/readMovements::5cdaab3a-0d86-4b3c-9b3f-19c1accc1e7a::input-params ::GET::::{}
2024-08-07 08:14:08::info::/v1/api/auth/users/logout::8d861397-eb73-4951-946f-b8569b13a1c2::input-params ::POST::::{}
2024-08-07 08:14:08::info::/v1/api/user/me::645495c7-af92-428b-b0ab-573bba97a110::input-params ::GET::::{}
2024-08-07 08:14:08::error::/v1/api/user/me::645495c7-af92-428b-b0ab-573bba97a110::403 - 1ms - Response: {"status":403,"now":1722993248093}::{"message":"Access token missing"}
2024-08-07 08:14:12::info::/v1/api/user/me::0a1b150b-1da7-4098-a9cc-16c2abee5d95::input-params ::GET::::{}
2024-08-07 08:14:12::error::/v1/api/user/me::0a1b150b-1da7-4098-a9cc-16c2abee5d95::403 - 1ms - Response: {"status":403,"now":1722993252835}::{"message":"Access token missing"}
2024-08-07 08:14:12::info::/v1/api/movement/readMovements::c43e0e9e-2783-40ee-b545-e4dd4f933978::input-params ::GET::::{}
2024-08-07 08:14:21::info::/v1/api/user/me::70445498-bf86-449f-82cd-f4fbf3b45af7::input-params ::GET::::{}
2024-08-07 08:14:21::error::/v1/api/user/me::70445498-bf86-449f-82cd-f4fbf3b45af7::403 - 0ms - Response: {"status":403,"now":1722993261829}::{"message":"Access token missing"}
2024-08-07 08:14:21::info::/v1/api/movement/readMovements::a7b16f40-6c90-447e-b87c-39211116306a::input-params ::GET::::{}
2024-08-07 08:14:30::info::/v1/api/user/me::04beebae-4218-4350-9965-f745ab88bd57::input-params ::GET::::{}
2024-08-07 08:14:30::error::/v1/api/user/me::04beebae-4218-4350-9965-f745ab88bd57::403 - 1ms - Response: {"status":403,"now":1722993270807}::{"message":"Access token missing"}
2024-08-07 08:14:30::info::/v1/api/movement/readMovements::d147c3e2-01dd-461c-8803-a22b72c190ea::input-params ::GET::::{}
2024-08-07 08:14:39::info::/v1/api/user/me::cdf3d0c0-a9d5-4de2-88df-204d26d4b22a::input-params ::GET::::{}
2024-08-07 08:14:39::error::/v1/api/user/me::cdf3d0c0-a9d5-4de2-88df-204d26d4b22a::403 - 1ms - Response: {"status":403,"now":1722993279388}::{"message":"Access token missing"}
2024-08-07 08:14:39::info::/v1/api/movement/readMovements::e1fce17b-3633-45aa-8e59-86fa56fc4178::input-params ::GET::::{}
2024-08-07 08:15:21::info::/v1/api/movement/readMovements::8bde14ea-c483-47c0-93d2-001784117167::input-params ::GET::::{}
2024-08-07 08:15:21::info::/v1/api/user/me::e3ad3b5b-4ad5-4049-89a4-5a590ec32e9c::input-params ::GET::::{}
2024-08-07 08:15:21::error::/v1/api/user/me::e3ad3b5b-4ad5-4049-89a4-5a590ec32e9c::403 - 0ms - Response: {"status":403,"now":1722993321506}::{"message":"Access token missing"}
2024-08-07 08:15:26::info::/v1/api/user/me::5f751a3e-3a3e-48f8-a500-cd3e73ad5f3a::input-params ::GET::::{}
2024-08-07 08:15:26::error::/v1/api/user/me::5f751a3e-3a3e-48f8-a500-cd3e73ad5f3a::403 - 0ms - Response: {"status":403,"now":1722993326489}::{"message":"Access token missing"}
2024-08-07 08:15:26::info::/v1/api/movement/readMovements::7b7f86cd-cf79-4925-a9b1-ffcde440d180::input-params ::GET::::{}
2024-08-07 08:15:33::info::/v1/api/user/me::5b9fa37a-8458-4777-b6e9-c1786b4d993f::input-params ::GET::::{}
2024-08-07 08:15:33::error::/v1/api/user/me::5b9fa37a-8458-4777-b6e9-c1786b4d993f::403 - 0ms - Response: {"status":403,"now":1722993333275}::{"message":"Access token missing"}
2024-08-07 08:15:33::info::/v1/api/movement/readMovements::1d35c1f5-bad5-452f-809d-1bba6e29fabd::input-params ::GET::::{}
2024-08-07 08:15:41::info::/v1/api/user/me::aafb3f0d-c608-4885-829d-f2029de924b8::input-params ::GET::::{}
2024-08-07 08:15:41::error::/v1/api/user/me::aafb3f0d-c608-4885-829d-f2029de924b8::403 - 0ms - Response: {"status":403,"now":1722993341822}::{"message":"Access token missing"}
2024-08-07 08:15:41::info::/v1/api/movement/readMovements::4d25ac2d-f7aa-4907-bf35-9916e4ea5c93::input-params ::GET::::{}
2024-08-07 08:15:42::info::/v1/api/auth/users/login::cca416fe-39f8-4966-9ced-88bdd5a471f7::input-params ::POST::::{"email":"quangminhqungai@gmail.com","password":"PhapNhat987AZ@"}
2024-08-07 08:15:43::info::/v1/api/movement/readMovements::e1bbe1d2-315c-4c3b-9464-b3179d2c2558::input-params ::GET::::{}
2024-08-07 08:18:55::info::/v1/api/movement/readMovements::e0e1f90f-0e12-429d-be8e-dc412c1e6cde::input-params ::GET::::{}
2024-08-07 08:22:00::info::/v1/api/movement/readMovements::92ca9c23-d8f0-45d1-8a33-9147a61613a0::input-params ::GET::::{}
2024-08-07 08:22:02::info::/v1/api/movement/readMovements::a8054130-ac52-4c8d-9baa-a7fa302c5d20::input-params ::GET::::{}
2024-08-07 08:22:06::info::/v1/api/movement/readMovements::d5a8ec19-5faf-4ea2-86cb-e940d152e508::input-params ::GET::::{}
2024-08-07 08:22:12::info::/v1/api/movement/readMovements::60315ff3-ae10-4dbb-8e3e-b346a4851d55::input-params ::GET::::{}
2024-08-07 08:22:15::info::/v1/api/movement/readMovements::8c2336f5-cd4c-43fe-80dd-119388cbfaf6::input-params ::GET::::{}
2024-08-07 08:24:39::info::/v1/api/movement/readMovements::167dffc3-9ad2-440e-8bdf-c5aa47554c98::input-params ::GET::::{}
2024-08-07 08:35:37::info::/v1/api/movement/readMovements::033b6008-c015-4949-abdd-95fb09198431::input-params ::GET::::{}
2024-08-07 08:48:31::info::/v1/api/movement/readMovements::5fe37828-45e3-473d-b29c-f25c4648f775::input-params ::GET::::{}
2024-08-07 08:54:45::info::/v1/api/movement/readMovements::5998d216-e824-429c-a1b6-47c8dc5b5c99::input-params ::GET::::{}
2024-08-07 09:06:17::info::/v1/api/movement/readMovements::2eb7f588-9fe2-423f-a4d5-7eb976d7b5ea::input-params ::GET::::{}
2024-08-07 10:06:40::info::/v1/api/user/me::2be4df5f-d736-4be8-a747-7583389ef23a::input-params ::GET::::{}
2024-08-07 10:06:56::info::/v1/api/movement/readMovements::4349d198-7b38-4172-a97d-5e5332c93f99::input-params ::GET::::{}
2024-08-07 10:07:05::info::/v1/api/movement/readMovements::a0d243a0-fefc-496f-ba3b-66809b83baa4::input-params ::GET::::{}
2024-08-07 10:07:38::info::/v1/api/news/readNewss::b853116a-4a8a-4c4a-a67a-d260c3fd8399::input-params ::GET::::{}
2024-08-07 10:07:38::info::/v1/api/recommender/readPopularPosts::b334a749-7dbe-4b5b-897d-df1280b40302::input-params ::GET::::{}
2024-08-07 10:07:48::info::/v1/api/movement/readMovements::6e0034f1-b2be-400e-950c-4ddbfbf2ae7b::input-params ::GET::::{}
2024-08-07 10:07:48::info::/v1/api/news/readNewss::f5651c50-7b39-412a-8dbe-a66109872f4a::input-params ::GET::::{}
2024-08-07 10:08:55::info::/v1/api/movement/readMovements::1b6727b2-e400-4774-a4d7-13905a616459::input-params ::GET::::{}
2024-08-07 10:08:55::info::/v1/api/news/readNewss::269aa652-e708-4328-97ea-105627bb37cb::input-params ::GET::::{}
2024-08-07 10:09:04::info::/v1/api/movement/readMovements::db42ef74-e7fc-436b-ae7d-53aa7b30b601::input-params ::GET::::{}
2024-08-07 10:09:04::info::/v1/api/news/readNewss::b6b2cd60-793d-4dda-b8f8-dd788942042a::input-params ::GET::::{}
2024-08-07 10:13:10::info::/v1/api/movement/readMovements::a5b061c5-ebd4-4f77-ac0f-50925a041868::input-params ::GET::::{}
2024-08-07 10:13:10::info::/v1/api/news/readNewss::18dc4eb2-6428-435b-8ee4-b3a76727d6d5::input-params ::GET::::{}
2024-08-07 11:37:31::info::/v1/api/user/me::fba2e3cd-de92-45ca-8b69-f2048eb2377d::input-params ::GET::::{}
2024-08-07 11:37:34::info::/v1/api/movement/readMovements::0a7dcf42-a812-4eab-ae4e-f4eb8995c665::input-params ::GET::::{}
2024-08-07 11:37:34::info::/v1/api/news/readNewss::a8fe05dd-dfba-4c8e-9664-c3283cb05a19::input-params ::GET::::{}
2024-08-07 11:58:47::info::/v1/api/user/me::3d7099b1-025a-486b-8b37-a9e942a15fe6::input-params ::GET::::{}
2024-08-07 11:58:49::info::/v1/api/movement/readMovements::23fe52c4-6fbb-4518-ae13-cc07407f46ff::input-params ::GET::::{}
2024-08-07 11:58:49::info::/v1/api/news/readNewss::8c0f4395-fe40-4ea9-84cb-15434a4c5dcc::input-params ::GET::::{}
2024-08-07 12:29:18::info::/v1/api/movement/readMovements::a97998b1-847d-4f6c-9c0d-49db03822504::input-params ::GET::::{}
2024-08-07 12:29:18::info::/v1/api/news/readNewss::b2565e91-4fb1-4937-b555-a18ccda7d26e::input-params ::GET::::{}
2024-08-07 12:38:49::info::/v1/api/movement/readMovements::93ae9171-b035-433e-9b53-bbfab8517811::input-params ::GET::::{}
2024-08-07 12:38:49::info::/v1/api/news/readNewss::089ebe30-122d-425e-9d41-a2f665b4cf37::input-params ::GET::::{}
2024-08-07 12:39:04::info::/v1/api/user/readUserProfile/66a5a57173370474cf4eacca::84a7940c-674f-4bf1-8dd1-8284f31c39f6::input-params ::GET::::{}
2024-08-07 12:39:04::info::/v1/api/order/readTalentOrderHistory::f2fd6b9a-a75e-40dd-b2d0-24a2542c1e16::input-params ::GET::::{}
2024-08-07 12:39:08::info::/v1/api/news/readNewss::24c89d3f-412a-46a6-b330-042366565d4a::input-params ::GET::::{}
2024-08-07 12:39:08::info::/v1/api/recommender/readPopularPosts::63444c3e-7e74-4d64-a8ca-c94f89cca12d::input-params ::GET::::{}
2024-08-07 12:39:15::info::/v1/api/news/readNewss::6e343d16-404a-4415-90fe-09868ca022f9::input-params ::GET::::{}
2024-08-07 12:39:15::info::/v1/api/news/readNews/66a8f46e143aa910a3d771f9::7db8e1f2-03ee-4f23-a33d-7b96e7f2e72c::input-params ::GET::::{}
2024-08-07 12:39:26::info::/v1/api/news/readNewss::2a3e715d-5462-4f86-9d48-87e19c501a1c::input-params ::GET::::{}
2024-08-07 12:39:26::info::/v1/api/recommender/readPopularPosts::45516fe1-ad2b-47cb-9d5f-38bfada652d5::input-params ::GET::::{}
2024-08-07 12:39:30::info::/v1/api/recommender/readPopularPosts::7da679b5-1867-4943-ae5b-b5c9a96fe98b::input-params ::GET::::{}
2024-08-07 12:39:40::info::/v1/api/user/me::d37d5b43-8e80-43eb-a16e-5753bd428e43::input-params ::GET::::{}
2024-08-07 12:39:40::info::/v1/api/movement/readMovements::3d1cf162-5027-49cf-b72f-956c11761f26::input-params ::GET::::{}
2024-08-07 12:39:41::info::/v1/api/recommender/readPopularPosts::085ac2e8-372b-424e-9a88-bb16abe6315b::input-params ::GET::::{}
2024-08-07 12:39:41::info::/v1/api/news/readNewss::eb78eef5-ff35-4e0e-a668-eb32fe50b8c9::input-params ::GET::::{}
2024-08-07 12:40:13::info::/v1/api/post/readPost/66a5fc6c54ac59de697c7f07::84571868-c206-44ca-a07c-d1baef933d10::input-params ::GET::::{}
2024-08-07 12:49:23::info::/v1/api/movement/readMovements::a250b0a5-e20e-44a7-9db1-ed460e2f581a::input-params ::GET::::{}
2024-08-07 12:49:23::info::/v1/api/news/readNewss::c099e6af-3a7d-4334-9376-4dfa86e48450::input-params ::GET::::{}
2024-08-07 12:49:23::info::/v1/api/recommender/readPopularPosts::61bc6858-95bc-4aaa-9d5f-39cda46ff576::input-params ::GET::::{}
2024-08-07 16:14:50::info::/v1/api/user/me::e085448c-0cd5-4208-88df-afc8888e942d::input-params ::GET::::{}
2024-08-07 16:14:51::info::/v1/api/movement/readMovements::f60ad6a3-cd15-4851-9090-6651d929fa32::input-params ::GET::::{}
2024-08-07 16:14:51::info::/v1/api/news/readNewss::20148903-6f8d-481c-8992-445550ad321a::input-params ::GET::::{}
2024-08-07 16:14:51::info::/v1/api/recommender/readPopularPosts::ba5637fe-6073-43ef-97ef-47fa40512a18::input-params ::GET::::{}
2024-08-07 16:15:19::info::/v1/api/movement/readMovements::b14fe651-7afb-41ef-b760-033840740552::input-params ::GET::::{}
2024-08-07 16:15:26::info::/v1/api/movement/readMovements::d4bf4597-fd0a-4136-9623-5246b6d67ac8::input-params ::GET::::{}
2024-08-07 16:15:33::info::/v1/api/movement/readMovements::da2a8802-be3b-499d-ac8f-73af49dd875e::input-params ::GET::::{}
2024-08-07 16:15:35::info::/v1/api/movement/readMovements::6f13375f-901b-465f-a140-8677682f914c::input-params ::GET::::{}
2024-08-07 16:16:05::info::/v1/api/movement/readMovements::00be79a3-7f8a-47d0-a009-cfd3a689f54e::input-params ::GET::::{}
2024-08-07 16:16:06::info::/v1/api/movement/readMovements::1cd18b48-fe8d-422f-a835-0de365488405::input-params ::GET::::{}
2024-08-07 16:16:11::info::/v1/api/movement/readMovements::a0099f3e-20b0-4faa-9943-c5343980cc1c::input-params ::GET::::{}
2024-08-07 16:17:12::info::/v1/api/movement/readMovements::d46583a5-07c0-4c9c-91db-82f7e3c90b0a::input-params ::GET::::{}
2024-08-07 16:20:46::info::/v1/api/movement/readMovements::a20e8340-addd-4757-b70d-69ae53815495::input-params ::GET::::{}
2024-08-07 16:23:48::info::/v1/api/movement/readMovements::2065a025-e1b0-4c0a-b887-033a598e71df::input-params ::GET::::{}
2024-08-07 16:25:57::info::/v1/api/movement/readMovements::46e51bd6-71bf-42ad-ab83-d581aa778530::input-params ::GET::::{}
2024-08-07 16:32:27::info::/v1/api/movement/readMovements::145474d2-ac16-40fb-baed-f3722b69c394::input-params ::GET::::{}
2024-08-07 16:32:29::info::/v1/api/user/readUserProfile/66a5a57173370474cf4eacca::71d024a2-5b88-411c-9cb8-a0623d8304b4::input-params ::GET::::{}
2024-08-07 16:32:29::info::/v1/api/order/readTalentOrderHistory::c31e86b6-efaf-4a58-b171-ceb70446ffb1::input-params ::GET::::{}
2024-08-07 16:34:41::info::/v1/api/movement/readMovements::d65472e2-71b7-49f5-a0b0-015b0bca7eb1::input-params ::GET::::{}
2024-08-07 16:35:15::info::/v1/api/movement/readMovements::e911cfb1-7c1e-455a-b152-906e9e309680::input-params ::GET::::{}
2024-08-07 16:37:08::info::/v1/api/movement/readMovements::fb151d69-f692-43ab-89e6-dceb0ae9303d::input-params ::GET::::{}
2024-08-07 16:37:21::info::/v1/api/movement/readMovements::67daa067-8458-41da-be65-4210c0d93c13::input-params ::GET::::{}
2024-08-07 16:37:52::info::/v1/api/movement/readMovements::53a3337e-d598-4a7b-a7a2-fc5b9cf8bba0::input-params ::GET::::{}
2024-08-07 16:37:54::info::/v1/api/movement/readMovements::21184e0f-4615-4478-99eb-c1b0ab93e057::input-params ::GET::::{}
2024-08-07 16:38:39::info::/v1/api/movement/readMovements::d1fd0f90-e06f-43e6-b8d1-dfd1a9010674::input-params ::GET::::{}
2024-08-07 16:39:33::info::/v1/api/movement/readMovements::7b7da08d-e8c2-4b52-862f-17d87acaf851::input-params ::GET::::{}
2024-08-07 16:45:23::info::/v1/api/movement/readMovements::6dc83012-990a-4273-8ab3-65ced5ca771c::input-params ::GET::::{}
2024-08-07 16:48:12::info::/v1/api/movement/readMovements::2b9bae5d-251d-4b11-8d2d-50e8bd833ba4::input-params ::GET::::{}
2024-08-07 16:57:49::info::/v1/api/movement/readMovements::2e69eb56-78cd-4532-8596-af7cd218cbae::input-params ::GET::::{}
2024-08-07 18:24:09::info::/v1/api/user/me::e796d690-c7b6-4ca4-a015-829a471c0bb8::input-params ::GET::::{}
2024-08-07 18:24:11::info::/v1/api/movement/readMovements::e3de5014-f9ce-407d-ba23-5fbc49dfee1d::input-params ::GET::::{}
2024-08-07 18:39:44::info::/v1/api/user/me::81be3ef6-7116-42cb-8811-261eac95aaf4::input-params ::GET::::{}
2024-08-07 18:39:45::info::/v1/api/movement/readMovements::dc757870-db9a-44aa-a329-f87e616bbf7e::input-params ::GET::::{}
2024-08-07 18:41:14::info::/v1/api/movement/readMovements::e2834e1f-f0a0-46b4-a4a0-5e9c7df63fed::input-params ::GET::::{}
2024-08-07 18:43:17::info::/v1/api/movement/readMovements::963eff4b-6677-481f-9ad8-69871e796ede::input-params ::GET::::{}
2024-08-07 18:43:29::info::/v1/api/movement/readMovements::87d43715-1f5c-4dd4-a681-0674cb0a7950::input-params ::GET::::{}
2024-08-07 18:44:39::info::/v1/api/movement/readMovements::0ab1ebb7-9e3e-49e1-977c-0fb6d5efc0dc::input-params ::GET::::{}
2024-08-07 18:52:07::info::/v1/api/movement/readMovements::d167fbcb-b146-415f-8bac-689b789a6da9::input-params ::GET::::{}
2024-08-07 19:08:16::info::/v1/api/movement/readMovements::c64d0f9e-3e92-48da-8472-b9b251c4f973::input-params ::GET::::{}
2024-08-07 19:42:58::info::/v1/api/movement/readMovements::3d561aa2-4549-432e-b077-cddd0a906609::input-params ::GET::::{}
2024-08-07 19:49:54::info::/v1/api/movement/readMovements::89fe315b-7c7c-4e95-8c3c-f5827ee2a2f6::input-params ::GET::::{}
2024-08-07 19:51:30::info::/v1/api/movement/readMovements::9a74db4c-bedf-4784-900a-784e57648881::input-params ::GET::::{}
2024-08-07 19:52:04::info::/v1/api/movement/readMovements::6ced206e-3bab-42da-bfd0-2f1f6c00d35f::input-params ::GET::::{}
2024-08-07 19:52:13::info::/v1/api/movement/readMovements::854d47df-5f81-4b0a-ac73-a2dd2d7b9f34::input-params ::GET::::{}
2024-08-07 19:52:28::info::/v1/api/movement/readMovements::06c8bee6-d1e4-4070-a422-10d49f509ecb::input-params ::GET::::{}
2024-08-07 19:53:37::info::/v1/api/movement/readMovements::996d964e-bfe7-4811-b6ef-224f24ea6f6a::input-params ::GET::::{}
2024-08-07 19:53:49::info::/v1/api/movement/readMovements::5afaa546-3241-4a18-8870-831b076fbef5::input-params ::GET::::{}
2024-08-07 19:53:54::info::/v1/api/movement/readMovements::087c06b8-681a-45aa-a068-ce93a1a23871::input-params ::GET::::{}
2024-08-07 19:54:00::info::/v1/api/movement/readMovements::30652bd1-5293-4156-aeaa-7146be4ef6d5::input-params ::GET::::{}
2024-08-07 19:55:13::info::/v1/api/movement/readMovements::01602c2f-ed49-454c-b4c1-af526662227b::input-params ::GET::::{}
2024-08-07 19:55:18::info::/v1/api/movement/readMovements::8e508562-e868-487a-b235-41cd39bef145::input-params ::GET::::{}
2024-08-07 19:55:32::info::/v1/api/movement/readMovements::df5d9ca5-604f-402a-8bcb-dfd3f10eb582::input-params ::GET::::{}
2024-08-07 19:55:33::info::/v1/api/movement/readMovements::b96f18a0-d419-4586-86f3-d8ec6a7c74be::input-params ::GET::::{}
2024-08-07 19:55:49::info::/v1/api/movement/readMovements::1e96037d-3089-428d-9c05-8b85d30c8e33::input-params ::GET::::{}
2024-08-07 19:56:07::info::/v1/api/movement/readMovements::51fae5c7-3175-4bf6-82cc-70a9272cb307::input-params ::GET::::{}
2024-08-07 19:57:48::info::/v1/api/movement/readMovements::9e4d9cc7-7666-4b5b-ae18-5072312e06b9::input-params ::GET::::{}
2024-08-07 19:57:53::info::/v1/api/movement/readMovements::f64bcf79-6f95-477b-b7d1-c88720b417ed::input-params ::GET::::{}
2024-08-07 19:57:57::info::/v1/api/movement/readMovements::a4c23dd2-9374-4303-bbaf-792c798dada1::input-params ::GET::::{}
2024-08-07 19:58:10::info::/v1/api/movement/readMovements::b7afa265-f1fc-4d47-bcdc-de41391b6831::input-params ::GET::::{}
2024-08-07 19:58:23::info::/v1/api/movement/readMovements::52893331-f0a5-4d0a-8e9f-9cddc0510f6b::input-params ::GET::::{}
2024-08-07 19:58:25::info::/v1/api/movement/readMovements::227c993c-1e91-4afb-a658-9ee15643984a::input-params ::GET::::{}
2024-08-07 19:58:29::info::/v1/api/movement/readMovements::c659932d-2114-4a03-87b8-951ef263b3c8::input-params ::GET::::{}
2024-08-07 20:01:36::info::/v1/api/movement/readMovements::7d42bbd6-8adc-4fcb-9333-8f2452cb1fc7::input-params ::GET::::{}
2024-08-07 20:12:46::info::/v1/api/movement/readMovements::4cb872f9-3d31-4714-aff9-512bf6e635d0::input-params ::GET::::{}
2024-08-07 20:12:48::info::/v1/api/recommender/readPopularPosts::ecf8bb87-d2d4-4e83-a664-19b2b418b3dd::input-params ::GET::::{}
2024-08-07 20:12:48::info::/v1/api/news/readNewss::72a5fcec-2d7c-4b79-b99e-f21ba03daf56::input-params ::GET::::{}
2024-08-07 20:12:57::info::/v1/api/movement/readMovements::8c43efc7-b225-4f2e-89bc-9425813f0484::input-params ::GET::::{}
2024-08-07 20:12:57::info::/v1/api/news/readNewss::9c60773d-3796-4837-92bb-de2e0846da7f::input-params ::GET::::{}
2024-08-07 20:12:57::info::/v1/api/recommender/readPopularPosts::3e0ca510-6217-4dd0-abea-7803b099ee2e::input-params ::GET::::{}
2024-08-07 20:17:46::info::/v1/api/movement/readMovements::8c290366-ac49-44a7-ad72-e78723aee448::input-params ::GET::::{}
2024-08-07 20:17:46::info::/v1/api/news/readNewss::de5fd781-8b4f-4bee-9908-0816429de392::input-params ::GET::::{}
2024-08-07 20:17:46::info::/v1/api/recommender/readPopularPosts::696f6808-4406-4c18-b3ac-c0c6dabcc7d6::input-params ::GET::::{}
2024-08-07 20:17:55::info::/v1/api/movement/readMovements::afad1f01-6aa1-49d4-8dfa-57c1f5cbeb53::input-params ::GET::::{}
2024-08-07 20:17:55::info::/v1/api/news/readNewss::d27af924-1830-4a2c-a6f2-3c3d11bf805b::input-params ::GET::::{}
2024-08-07 20:17:55::info::/v1/api/recommender/readPopularPosts::9f02a60a-de99-4ea1-987a-03a2b1d4b269::input-params ::GET::::{}
2024-08-07 20:18:57::info::/v1/api/movement/readMovements::471ca666-2e2c-4ea1-8eb5-0e31dfe788d9::input-params ::GET::::{}
2024-08-07 20:18:57::info::/v1/api/news/readNewss::d2a6df24-a2bf-4396-a9e8-547c58a6cb2f::input-params ::GET::::{}
2024-08-07 20:18:57::info::/v1/api/recommender/readPopularPosts::64554427-476d-4e40-b516-5652e996af7c::input-params ::GET::::{}
2024-08-07 20:42:08::info::/v1/api/news/readNewss::f3215d8a-32e7-46f7-9fa2-f9ad9664def9::input-params ::GET::::{}
2024-08-07 20:42:08::info::/v1/api/movement/readMovements::804cfbd7-f1d0-442e-bfd4-0a5f99f8d6aa::input-params ::GET::::{}
2024-08-07 20:42:08::info::/v1/api/recommender/readPopularPosts::8aac7952-28f2-4b1c-85a2-fd9bab7ea06c::input-params ::GET::::{}
2024-08-07 20:44:37::info::/v1/api/movement/readMovements::78ef4256-5fb0-4dec-a944-0f0d1a95dab5::input-params ::GET::::{}
2024-08-07 20:44:37::info::/v1/api/news/readNewss::deac98af-1475-44e1-9562-d92a465a8f79::input-params ::GET::::{}
2024-08-07 20:44:37::info::/v1/api/recommender/readPopularPosts::b7840c81-1f21-4753-8489-0213b04eab6b::input-params ::GET::::{}
2024-08-07 20:45:57::info::/v1/api/movement/readMovements::77f61186-72c2-4ab6-b3c1-98049b9b83ee::input-params ::GET::::{}
2024-08-07 20:45:57::info::/v1/api/news/readNewss::44667d9a-f11d-421c-86a6-f827f168e0ae::input-params ::GET::::{}
2024-08-07 20:45:57::info::/v1/api/recommender/readPopularPosts::03f4d10f-decb-4cf9-8e64-f269d7ac58ab::input-params ::GET::::{}
2024-08-07 20:45:59::info::/v1/api/news/readNewss::75ea42c5-3135-4399-a95c-a859f2bb133c::input-params ::GET::::{}
2024-08-07 20:45:59::info::/v1/api/news/readNews/66a8f46e143aa910a3d771f9::515584f3-97fa-45b7-bf74-faa622363197::input-params ::GET::::{}
2024-08-07 20:46:01::info::/v1/api/news/readNewss::c2be1b76-178f-4aa0-9d18-6a4605b9e831::input-params ::GET::::{}
2024-08-07 20:46:01::info::/v1/api/recommender/readPopularPosts::e87e7c3f-28a2-4c32-b8b0-14b8a729d173::input-params ::GET::::{}
2024-08-07 20:46:02::info::/v1/api/news/readNewss::50fa7db8-062d-4a5f-bd77-259b276fec87::input-params ::GET::::{}
2024-08-07 20:46:02::info::/v1/api/news/readNews/66a8d42a143aa910a3d75287::e13eeb1b-2890-4256-aa55-4ddc028b7669::input-params ::GET::::{}
2024-08-07 20:46:03::info::/v1/api/news/readNewss::6502cbad-cf36-40a6-9606-a9b8ac3eb87b::input-params ::GET::::{}
2024-08-07 20:46:03::info::/v1/api/recommender/readPopularPosts::36575842-7058-4184-a120-76374680d964::input-params ::GET::::{}
2024-08-07 20:46:04::info::/v1/api/news/readNewss::263bb32c-e0f8-45f6-9e13-885fadcf7d21::input-params ::GET::::{}
2024-08-07 20:46:04::info::/v1/api/news/readNews/66a8c08e143aa910a3d68703::f8af853e-2cc0-48a4-aa1e-ace2c190027b::input-params ::GET::::{}
2024-08-07 20:46:48::info::/v1/api/movement/readMovements::a743cd13-cb92-495c-ade4-b66c58de4816::input-params ::GET::::{}
2024-08-07 20:46:50::info::/v1/api/movement/readMovements::27c66928-30aa-4f96-9b58-f89041849539::input-params ::GET::::{}
2024-08-07 20:46:51::info::/v1/api/movement/readMovements::37a54625-6327-45dc-b472-f353f2c79784::input-params ::GET::::{}
2024-08-07 20:47:10::info::/v1/api/news/readNewss::152c25b2-afae-4f85-ba1c-309fd1776ad1::input-params ::GET::::{}
2024-08-07 20:47:10::info::/v1/api/recommender/readPopularPosts::b1b76fc2-7cb5-4a08-bcbf-88b104546461::input-params ::GET::::{}
2024-08-07 20:47:11::info::/v1/api/news/readNewss::7cba2fbc-8151-4a5f-a84c-2f37fab863ea::input-params ::GET::::{}
2024-08-07 20:47:11::info::/v1/api/news/readNews/66a8f46e143aa910a3d771f9::1120413e-1aaf-42cd-bd6c-498ea38b5d96::input-params ::GET::::{}
2024-08-07 20:47:15::info::/v1/api/news/readNewss::d43cdf61-7250-492d-8aec-6312613ad6a8::input-params ::GET::::{}
2024-08-07 20:47:15::info::/v1/api/recommender/readPopularPosts::fbda69ac-bd6b-4cb9-8508-d92ffd7e72eb::input-params ::GET::::{}
2024-08-07 20:47:27::info::/v1/api/user/readUserProfile/66a5a57173370474cf4eacca::11680246-aa9d-4352-8539-c688146ac6f4::input-params ::GET::::{}
2024-08-07 20:47:27::info::/v1/api/order/readTalentOrderHistory::b75fbeb2-4736-4e32-9e19-dec431f0ca73::input-params ::GET::::{}
2024-08-07 20:47:38::info::/v1/api/user/updateProfileStatus::124dbd0c-947a-4f9d-9623-cf4e43cfc081::input-params ::PATCH::::{"icon":"128520","title":"Dreaminggg"}
2024-08-07 20:47:46::info::/v1/api/user/updateProfileStatus::f043f71d-0411-41cd-8afe-67ad5b380322::input-params ::PATCH::::{"icon":"0x1F92D","title":"Dreaminggg"}
2024-08-07 20:49:12::info::/v1/api/movement/readMovements::b129704c-6081-43e4-a7cf-f4a17e5c3962::input-params ::GET::::{}
2024-08-07 20:49:12::info::/v1/api/user/readUserProfile/66a5a57173370474cf4eacca::caf2b9f1-67b2-4aab-95b2-58de9c0e271e::input-params ::GET::::{}
2024-08-07 20:49:12::info::/v1/api/order/readTalentOrderHistory::8aabf7db-17e8-4fc7-b03a-f14cbd2e11df::input-params ::GET::::{}
2024-08-07 20:49:17::info::/v1/api/movement/readMovements::03551955-dc27-4190-87b0-1781ceaa0b0e::input-params ::GET::::{}
2024-08-07 20:49:17::info::/v1/api/user/readUserProfile/66a5a57173370474cf4eacca::720182ac-22ed-4f23-98da-35a98539dd0f::input-params ::GET::::{}
2024-08-07 20:49:17::info::/v1/api/order/readTalentOrderHistory::481849fc-666d-4759-999a-a3a8e4f16b9a::input-params ::GET::::{}
