2024-08-01 09:56:54::error::/v1/api/auth/users/login::7799d7b5-44cd-43ea-af18-f9c4f53e9f27::401 - 1ms - Response: {"status":401,"now":1722481014969}::{"message":"Tài khoản hoặc mật khẩu không chính xác"}
2024-08-01 10:01:47::error::/v1/api/challenge/updateChallenge/66aaf9834348fc64f984ec13::515301c8-3e94-46d9-9634-fb44e1f5ba5a::403 - 1ms - Response: {"status":403,"now":1722481307551}::{"message":"Please provide required fields"}
2024-08-01 10:56:45::error::/v1/api/challenge/craeteSubmission/66ab001ae6ae6cd0fbdb4fa4::3eba3206-aebf-41ad-8b7f-819795018eb4::404 - NaNms - Response: {"status":404}::{"message":"Not Found"}
2024-08-01 10:56:52::error::/v1/api/submission/craeteSubmission/66ab001ae6ae6cd0fbdb4fa4::f3308603-c825-4a05-b4f1-fc808a349afc::404 - NaNms - Response: {"status":404}::{"message":"Not Found"}
2024-08-01 10:57:07::error::/v1/api/submission/createSubmission/66ab001ae6ae6cd0fbdb4fa4::397994c3-d844-4ee1-bb48-3df1b977b3be::undefined - NaNms - Response: {"name":"MulterError","message":"Unexpected field","code":"LIMIT_UNEXPECTED_FILE","field":"artwork","storageErrors":[]}::{"message":"Unexpected field"}
2024-08-01 10:57:44::error::/v1/api/submission/createSubmission/66ab001ae6ae6cd0fbdb4fa4::00963c86-28af-41a7-b404-4acde5c1fa84::403 - 1ms - Response: {"status":403,"now":1722484664459}::{"message":"Please provide required fields"}
2024-08-01 10:58:26::error::/v1/api/submission/createSubmission/66ab001ae6ae6cd0fbdb4fa4::5ac62f18-6f8c-4410-b093-5a60e6dbe972::403 - 0ms - Response: {"status":403,"now":1722484706159}::{"message":"Please provide required fields"}
2024-08-01 10:59:07::error::/v1/api/submission/createSubmission/66ab001ae6ae6cd0fbdb4fa4::bdbec0b5-f359-457a-b741-5116802436ec::403 - 1ms - Response: {"status":403,"now":1722484747319}::{"message":"Please provide required fields"}
2024-08-01 10:59:37::error::/v1/api/submission/createSubmission/66ab001ae6ae6cd0fbdb4fa4::69d72742-4f78-49c9-ab22-26f802d50379::403 - 1ms - Response: {"status":403,"now":1722484777093}::{"message":"Please provide required fields"}
2024-08-01 11:01:13::error::/v1/api/submission/readSubmissions::ae53d393-f70a-4208-9596-d6aa4f788eac::undefined - NaNms - Response: {}::{"message":"Cannot read properties of null (reading 'role')"}
2024-08-01 11:03:46::error::/v1/api/submission/readSubmission/66ab0849225948375f914880::e703a6eb-5f75-4675-b75d-35453cb32073::404 - 1ms - Response: {"status":404,"now":1722485026149}::{"message":"Submission not found"}
2024-08-01 14:06:45::error::/v1/api/submission/updateSubmission/66ab0849225948375f914880::df7de2b0-63e0-4a94-ac26-19b81e65bee4::403 - 2ms - Response: {"status":403,"now":1722496005894}::{"message":"This field is not allowed"}
2024-08-01 14:10:14::error::/v1/api/submission/voteSubmission/66ab0849225948375f914880::fa96443e-8a5b-4273-bfd9-ba37daff70b0::403 - 1ms - Response: {"status":403,"now":1722496214674}::{"message":"You have already voted"}
2024-08-01 14:10:25::error::/v1/api/auth/users/login::b8f07207-543c-4d7e-9ba3-21de8962731e::401 - 1ms - Response: {"status":401,"now":1722496225448}::{"message":"Tài khoản hoặc mật khẩu không chính xác"}
2024-08-01 14:10:42::error::/v1/api/submission/voteSubmission/66ab0849225948375f914880::8e7b1db3-4220-42e4-8139-783f98fdd87f::403 - 1ms - Response: {"status":403,"now":1722496242252}::{"message":"You have already voted"}
2024-08-01 14:23:43::error::/v1/api/badge/craeteBadge::1f487cc0-0d03-4f19-8236-9266927902b6::404 - NaNms - Response: {"status":404}::{"message":"Not Found"}
2024-08-01 14:24:11::error::/v1/api/auth/users/login::27c4de6d-5295-4e54-9d39-86d0bbb54715::403 - 2ms - Response: {"status":403,"now":1722497051586}::{"message":"Tài khoản chưa được đăng kí"}
2024-08-01 14:24:29::error::/v1/api/badge/createBadge::f7fb8b20-87c5-43c0-bbbd-18b0057f46ce::403 - 1ms - Response: {"status":403,"now":1722497069390}::{"message":"Error creating badge!"}
2024-08-01 16:15:41::error::/v1/api/auth/users/login::812d0d6a-a43e-415e-bd3f-37d3aaff0121::401 - 1ms - Response: {"status":401,"now":1722503741404}::{"message":"Tài khoản hoặc mật khẩu không chính xác"}
2024-08-01 16:19:17::error::/v1/api/auth/users/login::3e0aa262-41eb-49ff-9b67-891f54b3d09e::401 - 2ms - Response: {"status":401,"now":1722503957901}::{"message":"Tài khoản hoặc mật khẩu không chính xác"}
