2024-08-11 10:01:26::info::/v1/api/user/me::06fb8ac7-27dd-4391-b130-c82df657e0d7::input-params ::GET::::{}
2024-08-11 10:01:27::info::/v1/api/movement/readMovements::a144f0f6-c017-4e81-bc74-f8db00312de7::input-params ::GET::::{}
2024-08-11 10:01:27::info::/v1/api/news/readNewss::f4d88ec6-8296-4774-b570-39bf49570464::input-params ::GET::::{}
2024-08-11 10:01:27::info::/v1/api/recommender/readPopularPosts::e25d2567-d7da-4ba4-8bc9-59015aa45254::input-params ::GET::::{}
2024-08-11 10:01:49::info::/v1/api/movement/readMovements::4d402a6d-0575-4254-a7ac-ee0b1c73e1be::input-params ::GET::::{}
2024-08-11 10:01:49::info::/v1/api/news/readNewss::3557b574-c157-48d4-a9fa-12c1d282ca2e::input-params ::GET::::{}
2024-08-11 10:01:49::info::/v1/api/recommender/readPopularPosts::45c7c36d-7fab-4696-b3dd-9b045be86a25::input-params ::GET::::{}
2024-08-11 10:01:53::info::/v1/api/user/me::5ea52ee0-3d13-4e40-88bb-e66e6ed3a81e::input-params ::GET::::{}
2024-08-11 10:01:54::info::/v1/api/movement/readMovements::ed4a0f8b-ed45-486d-b4b5-54a14f51967f::input-params ::GET::::{}
2024-08-11 10:01:54::info::/v1/api/recommender/readPopularPosts::7894ae63-6c6c-4b3c-806c-8918497a5819::input-params ::GET::::{}
2024-08-11 10:01:54::info::/v1/api/news/readNewss::080f9458-9a3d-41e7-a99d-da9f0674efef::input-params ::GET::::{}
2024-08-11 10:02:14::info::/v1/api/recommender/readLatestPosts::87754170-26f0-45f1-815e-b25cc46ec975::input-params ::GET::::{}
2024-08-11 10:02:25::info::/v1/api/user/readUserProfile/66a59f2c73370474cf4eaada::b46d7513-29f0-421b-a57f-bdde5c953747::input-params ::GET::::{}
2024-08-11 10:02:25::info::/v1/api/order/readMemberOrderHistory::b651a7bf-381f-40a6-afce-7110fdc6028a::input-params ::GET::::{}
2024-08-11 10:02:36::info::/v1/api/movement/readMovements::33e1dbd6-0b6c-4899-9bf0-781238777ee8::input-params ::GET::::{}
2024-08-11 10:02:36::info::/v1/api/user/readUserProfile/66a59f2c73370474cf4eaada::250ac5cd-eabe-464f-a887-f5a645b849ec::input-params ::GET::::{}
2024-08-11 10:02:36::info::/v1/api/order/readMemberOrderHistory::8a058759-6d4a-46af-851f-efafd41fee6c::input-params ::GET::::{}
2024-08-11 10:34:01::info::/v1/api/movement/readMovements::847f7793-db6f-40c6-8c6e-ce8a20e0fa2f::input-params ::GET::::{}
2024-08-11 10:34:01::info::/v1/api/user/readUserProfile/66a59f2c73370474cf4eaada::f7bc11c9-75b5-4a27-8018-f77e7d195894::input-params ::GET::::{}
2024-08-11 10:34:01::info::/v1/api/order/readMemberOrderHistory::60630222-1cea-4b9f-b33f-24bd487d64e2::input-params ::GET::::{}
2024-08-11 10:34:03::info::/v1/api/news/readNewss::6c2c9fd2-77a2-47de-88a9-ab77340d6ff8::input-params ::GET::::{}
2024-08-11 10:34:03::info::/v1/api/recommender/readPopularPosts::608c4870-bbe4-400e-901b-f223cc8ccb4e::input-params ::GET::::{}
2024-08-11 11:27:18::info::/v1/api/user/me::0b78213a-3591-46d6-b6fe-1d50b9c75797::input-params ::GET::::{}
2024-08-11 11:27:48::error::/v1/api/user/me::0b78213a-3591-46d6-b6fe-1d50b9c75797::undefined - NaNms - Response: {"reason":{"type":"ReplicaSetNoPrimary","servers":{},"stale":false,"compatible":true,"heartbeatFrequencyMS":10000,"localThresholdMS":15,"setName":"atlas-8si60b-shard-0","maxElectionId":"7fffffff0000000000000018","maxSetVersion":5,"commonWireVersion":0,"logicalSessionTimeoutMinutes":30}}::{"message":"getaddrinfo ENOTFOUND ac-ohhtiix-shard-00-02.oedyizh.mongodb.net"}
2024-08-11 11:27:48::info::/v1/api/movement/readMovements::030a77f8-0806-4432-989f-04c1d946b309::input-params ::GET::::{}
2024-08-11 11:28:18::error::/v1/api/movement/readMovements::030a77f8-0806-4432-989f-04c1d946b309::undefined - NaNms - Response: {"reason":{"type":"ReplicaSetNoPrimary","servers":{},"stale":false,"compatible":true,"heartbeatFrequencyMS":10000,"localThresholdMS":15,"setName":"atlas-8si60b-shard-0","maxElectionId":"7fffffff0000000000000018","maxSetVersion":5,"commonWireVersion":0,"logicalSessionTimeoutMinutes":null}}::{"message":"getaddrinfo ENOTFOUND ac-ohhtiix-shard-00-02.oedyizh.mongodb.net"}
2024-08-11 11:28:19::info::/v1/api/news/readNewss::ebd051d3-e99f-4036-af84-9c8257dc1a3e::input-params ::GET::::{}
2024-08-11 11:28:19::info::/v1/api/recommender/readPopularPosts::87702ccf-4f89-4a3e-a6c5-f54791974220::input-params ::GET::::{}
2024-08-11 11:28:49::error::/v1/api/news/readNewss::ebd051d3-e99f-4036-af84-9c8257dc1a3e::undefined - NaNms - Response: {"reason":{"type":"ReplicaSetNoPrimary","servers":{},"stale":false,"compatible":true,"heartbeatFrequencyMS":10000,"localThresholdMS":15,"setName":"atlas-8si60b-shard-0","maxElectionId":"7fffffff0000000000000018","maxSetVersion":5,"commonWireVersion":0,"logicalSessionTimeoutMinutes":null}}::{"message":"getaddrinfo ENOTFOUND ac-ohhtiix-shard-00-02.oedyizh.mongodb.net"}
2024-08-11 11:28:49::error::/v1/api/recommender/readPopularPosts::87702ccf-4f89-4a3e-a6c5-f54791974220::undefined - NaNms - Response: {}::{"message":"Failed to read popular posts"}
2024-08-11 11:53:24::info::/v1/api/user/me::6fccbedd-b330-41d8-9e1f-51d0540cfcc8::input-params ::GET::::{}
2024-08-11 11:53:54::error::/v1/api/user/me::6fccbedd-b330-41d8-9e1f-51d0540cfcc8::undefined - NaNms - Response: {"reason":{"type":"ReplicaSetNoPrimary","servers":{},"stale":false,"compatible":true,"heartbeatFrequencyMS":10000,"localThresholdMS":15,"setName":"atlas-8si60b-shard-0","maxElectionId":"7fffffff0000000000000018","maxSetVersion":5,"commonWireVersion":0,"logicalSessionTimeoutMinutes":null}}::{"message":"getaddrinfo ENOTFOUND ac-ohhtiix-shard-00-02.oedyizh.mongodb.net"}
2024-08-11 11:53:54::info::/v1/api/movement/readMovements::c7d42704-b127-4882-9cdc-ea9b51656e21::input-params ::GET::::{}
2024-08-11 11:54:24::error::/v1/api/movement/readMovements::c7d42704-b127-4882-9cdc-ea9b51656e21::undefined - NaNms - Response: {"reason":{"type":"ReplicaSetNoPrimary","servers":{},"stale":false,"compatible":true,"heartbeatFrequencyMS":10000,"localThresholdMS":15,"setName":"atlas-8si60b-shard-0","maxElectionId":"7fffffff0000000000000018","maxSetVersion":5,"commonWireVersion":0,"logicalSessionTimeoutMinutes":null}}::{"message":"getaddrinfo ENOTFOUND ac-ohhtiix-shard-00-02.oedyizh.mongodb.net"}
2024-08-11 11:54:24::info::/v1/api/news/readNewss::9e9c2bfa-8cf2-4e35-9f00-e1fe6f746b18::input-params ::GET::::{}
2024-08-11 11:54:24::info::/v1/api/recommender/readPopularPosts::9d042959-e260-480b-a136-99109c09c6b1::input-params ::GET::::{}
2024-08-11 12:10:57::error::/v1/api/news/readNewss::9e9c2bfa-8cf2-4e35-9f00-e1fe6f746b18::undefined - NaNms - Response: {"reason":{"type":"ReplicaSetNoPrimary","servers":{},"stale":false,"compatible":true,"heartbeatFrequencyMS":10000,"localThresholdMS":15,"setName":"atlas-8si60b-shard-0","maxElectionId":"7fffffff0000000000000018","maxSetVersion":5,"commonWireVersion":0,"logicalSessionTimeoutMinutes":null}}::{"message":"getaddrinfo ENOTFOUND ac-ohhtiix-shard-00-02.oedyizh.mongodb.net"}
2024-08-11 12:10:57::error::/v1/api/recommender/readPopularPosts::9d042959-e260-480b-a136-99109c09c6b1::undefined - NaNms - Response: {}::{"message":"Failed to read popular posts"}
2024-08-11 12:10:59::info::/v1/api/user/me::8b5c08b2-e25e-4d8c-9e2b-918576747a69::input-params ::GET::::{}
2024-08-11 12:11:29::error::/v1/api/user/me::8b5c08b2-e25e-4d8c-9e2b-918576747a69::undefined - NaNms - Response: {"reason":{"type":"ReplicaSetNoPrimary","servers":{},"stale":false,"compatible":true,"heartbeatFrequencyMS":10000,"localThresholdMS":15,"setName":"atlas-8si60b-shard-0","maxElectionId":"7fffffff0000000000000018","maxSetVersion":5,"commonWireVersion":0,"logicalSessionTimeoutMinutes":null}}::{"message":"getaddrinfo ENOTFOUND ac-ohhtiix-shard-00-02.oedyizh.mongodb.net"}
2024-08-11 12:11:29::info::/v1/api/movement/readMovements::aeab1aca-a88c-4b5d-a73c-bde79f5b898a::input-params ::GET::::{}
2024-08-11 12:11:59::error::/v1/api/movement/readMovements::aeab1aca-a88c-4b5d-a73c-bde79f5b898a::undefined - NaNms - Response: {"reason":{"type":"ReplicaSetNoPrimary","servers":{},"stale":false,"compatible":true,"heartbeatFrequencyMS":10000,"localThresholdMS":15,"setName":"atlas-8si60b-shard-0","maxElectionId":"7fffffff0000000000000018","maxSetVersion":5,"commonWireVersion":0,"logicalSessionTimeoutMinutes":null}}::{"message":"getaddrinfo ENOTFOUND ac-ohhtiix-shard-00-02.oedyizh.mongodb.net"}
2024-08-11 12:11:59::info::/v1/api/news/readNewss::817693fb-aefb-4e12-8baa-36a4333f8d02::input-params ::GET::::{}
2024-08-11 12:11:59::info::/v1/api/recommender/readPopularPosts::c17db0f4-c2e0-432b-9022-e6a1c1e72265::input-params ::GET::::{}
2024-08-11 12:12:29::error::/v1/api/news/readNewss::817693fb-aefb-4e12-8baa-36a4333f8d02::undefined - NaNms - Response: {"reason":{"type":"ReplicaSetNoPrimary","servers":{},"stale":false,"compatible":true,"heartbeatFrequencyMS":10000,"localThresholdMS":15,"setName":"atlas-8si60b-shard-0","maxElectionId":"7fffffff0000000000000018","maxSetVersion":5,"commonWireVersion":0,"logicalSessionTimeoutMinutes":null}}::{"message":"getaddrinfo ENOTFOUND ac-ohhtiix-shard-00-02.oedyizh.mongodb.net"}
2024-08-11 12:12:29::error::/v1/api/recommender/readPopularPosts::c17db0f4-c2e0-432b-9022-e6a1c1e72265::undefined - NaNms - Response: {}::{"message":"Failed to read popular posts"}
2024-08-11 12:28:50::info::/v1/api/user/me::c85d6673-b715-41fb-a953-2f2b2b623a9d::input-params ::GET::::{}
2024-08-11 12:29:20::error::/v1/api/user/me::c85d6673-b715-41fb-a953-2f2b2b623a9d::undefined - NaNms - Response: {"reason":{"type":"ReplicaSetNoPrimary","servers":{},"stale":false,"compatible":true,"heartbeatFrequencyMS":10000,"localThresholdMS":15,"setName":"atlas-8si60b-shard-0","maxElectionId":"7fffffff0000000000000018","maxSetVersion":5,"commonWireVersion":0,"logicalSessionTimeoutMinutes":null}}::{"message":"getaddrinfo ENOTFOUND ac-ohhtiix-shard-00-02.oedyizh.mongodb.net"}
2024-08-11 12:29:20::info::/v1/api/movement/readMovements::c71f3752-28f7-4ecb-b745-29b2eaaa8bc2::input-params ::GET::::{}
2024-08-11 12:29:50::error::/v1/api/movement/readMovements::c71f3752-28f7-4ecb-b745-29b2eaaa8bc2::undefined - NaNms - Response: {"reason":{"type":"ReplicaSetNoPrimary","servers":{},"stale":false,"compatible":true,"heartbeatFrequencyMS":10000,"localThresholdMS":15,"setName":"atlas-8si60b-shard-0","maxElectionId":"7fffffff0000000000000018","maxSetVersion":5,"commonWireVersion":0,"logicalSessionTimeoutMinutes":null}}::{"message":"getaddrinfo ENOTFOUND ac-ohhtiix-shard-00-02.oedyizh.mongodb.net"}
2024-08-11 12:29:50::info::/v1/api/news/readNewss::3c3c194c-8d4a-40e7-a77b-4992560f138d::input-params ::GET::::{}
2024-08-11 12:29:50::info::/v1/api/recommender/readPopularPosts::86725532-b16f-4b6a-8021-dd1dfbfdf0b3::input-params ::GET::::{}
2024-08-11 12:30:20::error::/v1/api/news/readNewss::3c3c194c-8d4a-40e7-a77b-4992560f138d::undefined - NaNms - Response: {"reason":{"type":"ReplicaSetNoPrimary","servers":{},"stale":false,"compatible":true,"heartbeatFrequencyMS":10000,"localThresholdMS":15,"setName":"atlas-8si60b-shard-0","maxElectionId":"7fffffff0000000000000018","maxSetVersion":5,"commonWireVersion":0,"logicalSessionTimeoutMinutes":null}}::{"message":"getaddrinfo ENOTFOUND ac-ohhtiix-shard-00-02.oedyizh.mongodb.net"}
2024-08-11 12:30:20::error::/v1/api/recommender/readPopularPosts::86725532-b16f-4b6a-8021-dd1dfbfdf0b3::undefined - NaNms - Response: {}::{"message":"Failed to read popular posts"}
2024-08-11 12:43:08::info::/v1/api/user/me::da2ffff4-5aa9-4ec9-8efb-05d1556283ff::input-params ::GET::::{}
2024-08-11 12:43:38::error::/v1/api/user/me::da2ffff4-5aa9-4ec9-8efb-05d1556283ff::undefined - NaNms - Response: {"reason":{"type":"ReplicaSetNoPrimary","servers":{},"stale":false,"compatible":true,"heartbeatFrequencyMS":10000,"localThresholdMS":15,"setName":"atlas-8si60b-shard-0","maxElectionId":"7fffffff0000000000000018","maxSetVersion":5,"commonWireVersion":0,"logicalSessionTimeoutMinutes":null}}::{"message":"getaddrinfo ENOTFOUND ac-ohhtiix-shard-00-02.oedyizh.mongodb.net"}
2024-08-11 12:43:38::info::/v1/api/movement/readMovements::8b01ac18-ea70-4e27-8cb7-e9edb80f6039::input-params ::GET::::{}
2024-08-11 12:44:08::error::/v1/api/movement/readMovements::8b01ac18-ea70-4e27-8cb7-e9edb80f6039::undefined - NaNms - Response: {"reason":{"type":"ReplicaSetNoPrimary","servers":{},"stale":false,"compatible":true,"heartbeatFrequencyMS":10000,"localThresholdMS":15,"setName":"atlas-8si60b-shard-0","maxElectionId":"7fffffff0000000000000018","maxSetVersion":5,"commonWireVersion":0,"logicalSessionTimeoutMinutes":null}}::{"message":"getaddrinfo ENOTFOUND ac-ohhtiix-shard-00-02.oedyizh.mongodb.net"}
2024-08-11 12:44:08::info::/v1/api/news/readNewss::c85ed718-6391-4e79-b742-50b7affeefec::input-params ::GET::::{}
2024-08-11 12:44:08::info::/v1/api/recommender/readPopularPosts::5b11dcef-0a54-438c-921d-187c2c336c8c::input-params ::GET::::{}
2024-08-11 12:44:38::error::/v1/api/news/readNewss::c85ed718-6391-4e79-b742-50b7affeefec::undefined - NaNms - Response: {"reason":{"type":"ReplicaSetNoPrimary","servers":{},"stale":false,"compatible":true,"heartbeatFrequencyMS":10000,"localThresholdMS":15,"setName":"atlas-8si60b-shard-0","maxElectionId":"7fffffff0000000000000018","maxSetVersion":5,"commonWireVersion":0,"logicalSessionTimeoutMinutes":null}}::{"message":"getaddrinfo ENOTFOUND ac-ohhtiix-shard-00-02.oedyizh.mongodb.net"}
2024-08-11 12:44:38::error::/v1/api/recommender/readPopularPosts::5b11dcef-0a54-438c-921d-187c2c336c8c::undefined - NaNms - Response: {}::{"message":"Failed to read popular posts"}
2024-08-11 13:18:08::info::/v1/api/user/me::25d285b6-82cb-4cbf-bfb3-476d95337128::input-params ::GET::::{}
2024-08-11 13:18:38::error::/v1/api/user/me::25d285b6-82cb-4cbf-bfb3-476d95337128::undefined - NaNms - Response: {"reason":{"type":"ReplicaSetNoPrimary","servers":{},"stale":false,"compatible":true,"heartbeatFrequencyMS":10000,"localThresholdMS":15,"setName":"atlas-8si60b-shard-0","maxElectionId":"7fffffff0000000000000018","maxSetVersion":5,"commonWireVersion":0,"logicalSessionTimeoutMinutes":null}}::{"message":"getaddrinfo ENOTFOUND ac-ohhtiix-shard-00-02.oedyizh.mongodb.net"}
2024-08-11 13:18:38::info::/v1/api/movement/readMovements::d07670bb-3d30-4b4a-8742-0c3fa4c7c566::input-params ::GET::::{}
2024-08-11 13:19:08::error::/v1/api/movement/readMovements::d07670bb-3d30-4b4a-8742-0c3fa4c7c566::undefined - NaNms - Response: {"reason":{"type":"ReplicaSetNoPrimary","servers":{},"stale":false,"compatible":true,"heartbeatFrequencyMS":10000,"localThresholdMS":15,"setName":"atlas-8si60b-shard-0","maxElectionId":"7fffffff0000000000000018","maxSetVersion":5,"commonWireVersion":0,"logicalSessionTimeoutMinutes":null}}::{"message":"getaddrinfo ENOTFOUND ac-ohhtiix-shard-00-02.oedyizh.mongodb.net"}
2024-08-11 13:19:08::info::/v1/api/news/readNewss::c873fed6-38eb-479b-8a42-d58a6415af5e::input-params ::GET::::{}
2024-08-11 13:19:08::info::/v1/api/recommender/readPopularPosts::955d1839-7f86-443f-a422-9aedd0a204eb::input-params ::GET::::{}
2024-08-11 13:19:38::error::/v1/api/news/readNewss::c873fed6-38eb-479b-8a42-d58a6415af5e::undefined - NaNms - Response: {"reason":{"type":"ReplicaSetNoPrimary","servers":{},"stale":false,"compatible":true,"heartbeatFrequencyMS":10000,"localThresholdMS":15,"setName":"atlas-8si60b-shard-0","maxElectionId":"7fffffff0000000000000018","maxSetVersion":5,"commonWireVersion":0,"logicalSessionTimeoutMinutes":null}}::{"message":"getaddrinfo ENOTFOUND ac-ohhtiix-shard-00-02.oedyizh.mongodb.net"}
2024-08-11 13:19:38::error::/v1/api/recommender/readPopularPosts::955d1839-7f86-443f-a422-9aedd0a204eb::undefined - NaNms - Response: {}::{"message":"Failed to read popular posts"}
2024-08-11 14:02:32::info::/v1/api/user/me::17917245-e29f-49fd-9f12-74fc6d5c2e4d::input-params ::GET::::{}
2024-08-11 14:02:34::info::/v1/api/movement/readMovements::d581e87c-3226-4f77-8782-9c9fb79cd3aa::input-params ::GET::::{}
2024-08-11 14:02:34::info::/v1/api/news/readNewss::db453429-d155-45ad-8bfa-26a32ed99928::input-params ::GET::::{}
2024-08-11 14:02:34::info::/v1/api/recommender/readPopularPosts::7a5b29de-8db3-41f1-9ff8-86f3def519a0::input-params ::GET::::{}
2024-08-11 16:41:01::info::/v1/api/user/me::dcab1972-3b67-4211-9eae-39d9a7b1a128::input-params ::GET::::{}
2024-08-11 16:41:25::info::/v1/api/movement/readMovements::a6ceb5c9-54f5-4d3e-8684-e7927100ec5f::input-params ::GET::::{}
2024-08-11 16:41:25::info::/v1/api/news/readNewss::6e4950c1-55e5-4393-a420-decc42a01b66::input-params ::GET::::{}
2024-08-11 16:41:25::info::/v1/api/recommender/readPopularPosts::bcf20c0a-6260-416f-96e6-399a6fe87d52::input-params ::GET::::{}
2024-08-11 16:42:43::info::/v1/api/movement/readMovements::d3be0a26-081d-4214-80b3-c2a48609ba90::input-params ::GET::::{}
2024-08-11 16:42:43::info::/v1/api/news/readNewss::ebf0967d-3181-45b9-9285-ec62fd34784e::input-params ::GET::::{}
2024-08-11 16:42:43::info::/v1/api/recommender/readPopularPosts::d7b1f0dc-7405-4fea-b0b2-a0a7be93f222::input-params ::GET::::{}
2024-08-11 16:42:49::info::/v1/api/movement/readMovements::a5d02b38-2457-4fd1-a30c-cec0a5f1d201::input-params ::GET::::{}
2024-08-11 16:42:49::info::/v1/api/news/readNewss::58515965-923d-40ce-ac44-8a92433b83c5::input-params ::GET::::{}
2024-08-11 16:42:49::info::/v1/api/recommender/readPopularPosts::70c28a7e-d843-4a04-800c-cb7f428b4464::input-params ::GET::::{}
2024-08-11 16:42:55::info::/v1/api/movement/readMovements::3421ac71-9ffe-4efd-a442-886cbd9ad00b::input-params ::GET::::{}
2024-08-11 16:42:55::info::/v1/api/news/readNewss::fb74a3eb-df5c-4ace-83e6-45d5e0cd0e9e::input-params ::GET::::{}
2024-08-11 16:42:55::info::/v1/api/recommender/readPopularPosts::aff791ac-3c3a-450b-8cc7-0ddadd4c0e65::input-params ::GET::::{}
2024-08-11 16:42:58::info::/v1/api/movement/readMovements::ad231725-53b5-4767-a960-61a2adaa47b0::input-params ::GET::::{}
2024-08-11 16:42:58::info::/v1/api/news/readNewss::819dd6fc-d63e-43b2-ab54-e1bda720d423::input-params ::GET::::{}
2024-08-11 16:42:58::info::/v1/api/recommender/readPopularPosts::2288c6ff-0c4a-4e41-bcaa-1f3e4228b61d::input-params ::GET::::{}
2024-08-11 16:43:12::info::/v1/api/movement/readMovements::7e6e26dc-f9e6-43f3-b114-8d2ecfead441::input-params ::GET::::{}
2024-08-11 16:43:12::info::/v1/api/news/readNewss::60e9493c-1dbe-4295-900f-500a985830d7::input-params ::GET::::{}
2024-08-11 16:43:12::info::/v1/api/recommender/readPopularPosts::2f3f68de-3609-4d25-9ea3-20869de916a2::input-params ::GET::::{}
2024-08-11 16:43:21::info::/v1/api/movement/readMovements::dd8d2361-b864-4a10-b04a-6397cb4419b6::input-params ::GET::::{}
2024-08-11 16:43:21::info::/v1/api/news/readNewss::7e48f900-6ac2-4b6e-bf23-a160d9353b2f::input-params ::GET::::{}
2024-08-11 16:43:21::info::/v1/api/recommender/readPopularPosts::3f195373-1069-4a5d-9266-48f8c9922fbe::input-params ::GET::::{}
2024-08-11 16:43:30::info::/v1/api/movement/readMovements::8586f292-4a5e-4bd9-82a3-947a42f8b1b1::input-params ::GET::::{}
2024-08-11 16:43:30::info::/v1/api/news/readNewss::82ba669c-a246-48b9-973b-5c69e86173cb::input-params ::GET::::{}
2024-08-11 16:43:30::info::/v1/api/recommender/readPopularPosts::c9a3d20b-585e-4e07-9b52-fa9cca486646::input-params ::GET::::{}
2024-08-11 16:43:32::info::/v1/api/movement/readMovements::bc2e86ff-d339-4641-a597-f92c3ec432c2::input-params ::GET::::{}
2024-08-11 16:43:32::info::/v1/api/news/readNewss::d396cc37-1ef8-4c46-b4dc-5bba727035ed::input-params ::GET::::{}
2024-08-11 16:43:32::info::/v1/api/recommender/readPopularPosts::9542764c-386f-495c-8f87-c69109e57a71::input-params ::GET::::{}
2024-08-11 16:43:34::info::/v1/api/user/updateProfile/66a59f2c73370474cf4eaada::4f195b59-b77d-4fb9-be5b-71608c5d2269::input-params ::PATCH::::{"lastViewConversations":1723369413980}
2024-08-11 16:43:34::info::/v1/api/conversation/readConversations::427f9623-9a7d-4e66-a403-7b01e45c69e9::input-params ::GET::::{}
2024-08-11 16:43:35::info::/v1/api/conversation/readConversationWithOtherMember/66a5a57173370474cf4eacca::b9a22cc6-2bd8-4415-adae-a5bf0ecb7ff9::input-params ::GET::::{}
2024-08-11 16:43:38::info::/v1/api/conversation/sendMessage::30141766-9070-413a-a9e1-a5bd78a080fd::input-params ::PATCH::::{}
2024-08-11 16:43:38::error::/v1/api/conversation/sendMessage::30141766-9070-413a-a9e1-a5bd78a080fd::undefined - NaNms - Response: {}::{"message":"Failed to send message"}
2024-08-11 16:43:44::info::/v1/api/conversation/readConversations::e716bca7-06ed-4991-a1ae-94f9720f08ad::input-params ::GET::::{}
2024-08-11 16:43:44::info::/v1/api/user/updateProfile/66a59f2c73370474cf4eaada::9d920525-0d94-4ae1-90aa-674a6ecaa7f7::input-params ::PATCH::::{"lastViewConversations":1723369424502}
2024-08-11 16:43:48::info::/v1/api/user/me::8b91c423-cddb-4eda-a33b-adba67d7b3d4::input-params ::GET::::{}
2024-08-11 16:43:49::info::/v1/api/movement/readMovements::65910649-9334-48f9-909a-3b3610bce6aa::input-params ::GET::::{}
2024-08-11 16:43:49::info::/v1/api/news/readNewss::578bc6f4-a1e5-47a8-9a2d-d52207dc33a5::input-params ::GET::::{}
2024-08-11 16:43:49::info::/v1/api/recommender/readPopularPosts::ce09f7db-e04d-40cc-990e-11b922601b63::input-params ::GET::::{}
2024-08-11 16:43:50::info::/v1/api/conversation/readConversations::cc902786-2843-4192-8528-203143d162fb::input-params ::GET::::{}
2024-08-11 16:43:50::info::/v1/api/user/updateProfile/66a59f2c73370474cf4eaada::bce6a726-c701-4d28-804f-e8660c1db8a3::input-params ::PATCH::::{"lastViewConversations":1723369430110}
2024-08-11 16:43:51::info::/v1/api/conversation/readConversationWithOtherMember/66a5a57173370474cf4eacca::31c564a6-23f5-48ea-a522-07b0bcf8575e::input-params ::GET::::{}
2024-08-11 16:43:55::info::/v1/api/movement/readMovements::ee57e992-0a8e-4513-bb62-28330e1e6b7b::input-params ::GET::::{}
2024-08-11 16:43:55::info::/v1/api/conversation/readConversationWithOtherMember/66a5a57173370474cf4eacca::36c991ee-d85a-43b0-afe5-582b0c28897b::input-params ::GET::::{}
2024-08-11 16:43:55::info::/v1/api/news/readNewss::3f6607b1-6daf-4ec3-9c2c-2378c3ae9671::input-params ::GET::::{}
2024-08-11 16:43:55::info::/v1/api/recommender/readPopularPosts::ba2d4dd4-3747-4078-810e-efbae9205d5d::input-params ::GET::::{}
2024-08-11 16:44:06::info::/v1/api/movement/readMovements::ad185382-10be-4bbd-a998-38787551bb33::input-params ::GET::::{}
2024-08-11 16:44:06::info::/v1/api/conversation/readConversationWithOtherMember/66a5a57173370474cf4eacca::3b306c77-1e57-4635-a74d-3a749b020171::input-params ::GET::::{}
2024-08-11 16:44:06::info::/v1/api/news/readNewss::93823260-791e-4da5-b054-135549c74289::input-params ::GET::::{}
2024-08-11 16:44:06::info::/v1/api/recommender/readPopularPosts::de9145b5-a284-4886-b9e9-c94aa7be4091::input-params ::GET::::{}
2024-08-11 16:44:08::info::/v1/api/user/readUserProfile/66a59f2c73370474cf4eaada::04fd4c1d-6dcc-4b1d-adac-f8334f92fa3a::input-params ::GET::::{}
2024-08-11 16:44:08::info::/v1/api/order/readMemberOrderHistory::50a94750-baac-4ba5-aeba-f458b34d1de1::input-params ::GET::::{}
2024-08-11 16:47:08::info::/v1/api/movement/readMovements::b4e6ea44-1707-4946-b01a-d744963dc86f::input-params ::GET::::{}
2024-08-11 16:47:08::info::/v1/api/conversation/readConversationWithOtherMember/66a5a57173370474cf4eacca::010890f0-1abc-4633-a9aa-817f2177336c::input-params ::GET::::{}
2024-08-11 16:47:08::info::/v1/api/user/readUserProfile/66a59f2c73370474cf4eaada::ddc789a9-e03f-4832-a98b-18454c7cfbf8::input-params ::GET::::{}
2024-08-11 16:47:08::info::/v1/api/order/readMemberOrderHistory::d65edc7d-ba49-422f-b7fa-6822b9ce5702::input-params ::GET::::{}
2024-08-11 16:47:15::info::/v1/api/movement/readMovements::4e4474cd-1328-490b-a871-8b5af9b883ee::input-params ::GET::::{}
2024-08-11 16:47:15::info::/v1/api/conversation/readConversationWithOtherMember/66a5a57173370474cf4eacca::1dd0999e-6d19-450b-a649-5bf20b27a50a::input-params ::GET::::{}
2024-08-11 16:47:15::info::/v1/api/user/readUserProfile/66a59f2c73370474cf4eaada::5b49c634-1efc-47e4-9555-abf05070bbc1::input-params ::GET::::{}
2024-08-11 16:47:15::info::/v1/api/order/readMemberOrderHistory::8248097a-6f42-444b-9fad-c3566b9eb53c::input-params ::GET::::{}
2024-08-11 16:47:20::info::/v1/api/movement/readMovements::fd20829b-589e-413c-a886-0cfa19923791::input-params ::GET::::{}
2024-08-11 16:47:20::info::/v1/api/conversation/readConversationWithOtherMember/66a5a57173370474cf4eacca::35ddba1a-464e-4ff0-9fdf-a4d622139fef::input-params ::GET::::{}
2024-08-11 16:47:20::info::/v1/api/user/readUserProfile/66a59f2c73370474cf4eaada::8ebd9c50-ad5d-4f61-9183-db91a8dcdd9f::input-params ::GET::::{}
2024-08-11 16:47:20::info::/v1/api/order/readMemberOrderHistory::b0f93467-e6dc-4c60-ae99-11f3111f873a::input-params ::GET::::{}
2024-08-11 16:47:48::info::/v1/api/movement/readMovements::13cb41d6-a347-4981-ba72-0d93b5b94cc4::input-params ::GET::::{}
2024-08-11 16:47:48::info::/v1/api/conversation/readConversationWithOtherMember/66a5a57173370474cf4eacca::1b03c197-f769-4a53-8f82-16c6e82bd7af::input-params ::GET::::{}
2024-08-11 16:47:48::info::/v1/api/user/readUserProfile/66a59f2c73370474cf4eaada::ab1cfd19-981c-423f-a6b7-4b1e79602927::input-params ::GET::::{}
2024-08-11 16:47:48::info::/v1/api/order/readMemberOrderHistory::50be5929-d94b-41c9-8fd3-5c45c960bedd::input-params ::GET::::{}
2024-08-11 16:47:50::info::/v1/api/movement/readMovements::c0fe8231-64d5-4e62-bce8-cea973eb3b70::input-params ::GET::::{}
2024-08-11 16:47:50::info::/v1/api/conversation/readConversationWithOtherMember/66a5a57173370474cf4eacca::226ce01f-955c-4fbe-bb8c-9a77caca7a74::input-params ::GET::::{}
2024-08-11 16:47:50::info::/v1/api/user/readUserProfile/66a59f2c73370474cf4eaada::99d74de6-1cd5-4d2c-99d8-a7ac63fc4012::input-params ::GET::::{}
2024-08-11 16:47:50::info::/v1/api/order/readMemberOrderHistory::169b511c-072a-4d67-9cf1-7b60e39bfd73::input-params ::GET::::{}
2024-08-11 16:47:59::info::/v1/api/movement/readMovements::ca10a86a-8640-4adc-bf21-ec3f65b378a8::input-params ::GET::::{}
2024-08-11 16:47:59::info::/v1/api/conversation/readConversationWithOtherMember/66a5a57173370474cf4eacca::5de78047-8356-4b48-b43e-ec3173f5abf2::input-params ::GET::::{}
2024-08-11 16:47:59::info::/v1/api/user/readUserProfile/66a59f2c73370474cf4eaada::4d6e89c2-6744-45f4-a9ea-bb5301e2ec7c::input-params ::GET::::{}
2024-08-11 16:47:59::info::/v1/api/order/readMemberOrderHistory::dd40a507-7864-4498-8871-d3ab7d50cfd0::input-params ::GET::::{}
2024-08-11 16:48:05::info::/v1/api/movement/readMovements::77584cdf-5d4a-4dba-8f3f-28af12118659::input-params ::GET::::{}
2024-08-11 16:48:05::info::/v1/api/conversation/readConversationWithOtherMember/66a5a57173370474cf4eacca::7e3e2db4-94cd-42d1-bff2-681ab05d569a::input-params ::GET::::{}
2024-08-11 16:48:05::info::/v1/api/user/readUserProfile/66a59f2c73370474cf4eaada::3e8776e2-1070-4443-ba26-705ab89541c5::input-params ::GET::::{}
2024-08-11 16:48:05::info::/v1/api/order/readMemberOrderHistory::f0468f0e-6256-49b4-bd5e-5f5ee031d41b::input-params ::GET::::{}
2024-08-11 16:51:55::info::/v1/api/movement/readMovements::296f0bed-78a3-4499-89b5-9519fd3b8e0f::input-params ::GET::::{}
2024-08-11 16:51:55::info::/v1/api/conversation/readConversationWithOtherMember/66a5a57173370474cf4eacca::0b986e7b-b1bf-4714-bd73-b214ed9f323d::input-params ::GET::::{}
2024-08-11 16:51:55::info::/v1/api/user/readUserProfile/66a59f2c73370474cf4eaada::bd878112-bb90-4430-b9b0-080add252f44::input-params ::GET::::{}
2024-08-11 16:51:55::info::/v1/api/order/readMemberOrderHistory::0295379c-8a37-4d82-a867-847bdc1f11f8::input-params ::GET::::{}
2024-08-11 16:52:12::info::/v1/api/movement/readMovements::2e29d8f2-ee30-44d1-98b1-8624b413fe0e::input-params ::GET::::{}
2024-08-11 16:52:12::info::/v1/api/conversation/readConversationWithOtherMember/66a5a57173370474cf4eacca::6b4795f7-41a5-41a6-a96c-e5409714e79c::input-params ::GET::::{}
2024-08-11 16:52:12::info::/v1/api/user/readUserProfile/66a59f2c73370474cf4eaada::bb6fdbf7-b7eb-4203-ba20-790f078c2daf::input-params ::GET::::{}
2024-08-11 16:52:12::info::/v1/api/order/readMemberOrderHistory::79b08dd8-f322-4a40-806c-a70619c5e8be::input-params ::GET::::{}
2024-08-11 16:53:26::info::/v1/api/movement/readMovements::8a0762a2-3eb2-4312-a16f-13a7a42707af::input-params ::GET::::{}
2024-08-11 16:53:26::info::/v1/api/conversation/readConversationWithOtherMember/66a5a57173370474cf4eacca::7c040925-0f19-4c12-8cf5-22bf634a1085::input-params ::GET::::{}
2024-08-11 16:53:26::info::/v1/api/user/readUserProfile/66a59f2c73370474cf4eaada::efd711c6-7457-407e-95f1-4fc5d9e6ed7b::input-params ::GET::::{}
2024-08-11 16:53:26::info::/v1/api/order/readMemberOrderHistory::4863a9c6-ec0a-4951-bf07-6f7feeec6c36::input-params ::GET::::{}
2024-08-11 16:53:54::info::/v1/api/movement/readMovements::110629c2-871f-4044-aabd-c62741611418::input-params ::GET::::{}
2024-08-11 16:53:54::info::/v1/api/conversation/readConversationWithOtherMember/66a5a57173370474cf4eacca::cb5234ba-97e1-471e-8917-df5074f9ebf1::input-params ::GET::::{}
2024-08-11 16:53:55::info::/v1/api/user/readUserProfile/66a59f2c73370474cf4eaada::b18de765-0430-45e7-97a5-a81bcfe85107::input-params ::GET::::{}
2024-08-11 16:53:55::info::/v1/api/order/readMemberOrderHistory::f94d2285-6711-4330-8148-9dceac4d3913::input-params ::GET::::{}
2024-08-11 16:54:06::info::/v1/api/movement/readMovements::8c94344f-c079-4a17-9b16-9ae2666fbb32::input-params ::GET::::{}
2024-08-11 16:54:06::info::/v1/api/conversation/readConversationWithOtherMember/66a5a57173370474cf4eacca::76255334-4f24-47e1-80ba-96ae1c8f9ae4::input-params ::GET::::{}
2024-08-11 16:54:06::info::/v1/api/user/readUserProfile/66a59f2c73370474cf4eaada::eca75ce6-c11c-4bee-af67-eb72b9f9b59d::input-params ::GET::::{}
2024-08-11 16:54:06::info::/v1/api/order/readMemberOrderHistory::6ea818e8-6770-4bd6-871f-64c5f89888a1::input-params ::GET::::{}
2024-08-11 16:55:19::info::/v1/api/movement/readMovements::5c3f3454-3c47-48f2-ad33-88f2e90e5c45::input-params ::GET::::{}
2024-08-11 16:55:19::info::/v1/api/conversation/readConversationWithOtherMember/66a5a57173370474cf4eacca::a071e7c7-62e2-4257-84ff-c8c6dea127dc::input-params ::GET::::{}
2024-08-11 16:55:19::info::/v1/api/user/readUserProfile/66a59f2c73370474cf4eaada::511917d2-a4ea-488e-8e69-c7b77f415793::input-params ::GET::::{}
2024-08-11 16:55:19::info::/v1/api/order/readMemberOrderHistory::5a4520b3-4fcf-4006-bfe0-4492c488f13b::input-params ::GET::::{}
2024-08-11 16:55:21::info::/v1/api/movement/readMovements::86cc9cb6-eb9b-4598-8077-301a6768feff::input-params ::GET::::{}
2024-08-11 16:55:21::info::/v1/api/conversation/readConversationWithOtherMember/66a5a57173370474cf4eacca::367f1c65-4372-4a1e-9d2d-2be7f3a06b07::input-params ::GET::::{}
2024-08-11 16:55:21::info::/v1/api/user/readUserProfile/66a59f2c73370474cf4eaada::d7cb4941-205b-4bf4-aca9-6417c64b36ff::input-params ::GET::::{}
2024-08-11 16:55:21::info::/v1/api/order/readMemberOrderHistory::defcdb90-19c9-4660-a31e-af759219cdd6::input-params ::GET::::{}
2024-08-11 16:55:23::info::/v1/api/user/me::86a27c03-6438-4dcb-ad23-896a8eeed032::input-params ::GET::::{}
2024-08-11 16:55:24::info::/v1/api/movement/readMovements::e406734d-55d4-4cc8-8d13-5b3135d8a863::input-params ::GET::::{}
2024-08-11 16:55:24::info::/v1/api/user/readUserProfile/66a59f2c73370474cf4eaada::acc18c46-7c18-4159-ba38-c3c552b71c20::input-params ::GET::::{}
2024-08-11 16:55:24::info::/v1/api/order/readMemberOrderHistory::f9fd85c1-d904-4fbb-bead-5cdc1c163d3a::input-params ::GET::::{}
2024-08-11 16:55:32::info::/v1/api/movement/readMovements::01bf0225-905a-4a52-ad34-ce8572884d74::input-params ::GET::::{}
2024-08-11 16:55:32::info::/v1/api/user/readUserProfile/66a59f2c73370474cf4eaada::649d5d74-758b-4c5a-b74d-f77c6cd42355::input-params ::GET::::{}
2024-08-11 16:55:32::info::/v1/api/order/readMemberOrderHistory::d38bfbd5-5be6-4f09-966b-0897981dd13f::input-params ::GET::::{}
2024-08-11 16:56:30::info::/v1/api/movement/readMovements::fa109571-5082-4d74-9cf1-502c0f8e000b::input-params ::GET::::{}
2024-08-11 16:56:30::info::/v1/api/user/readUserProfile/66a59f2c73370474cf4eaada::a1d5d219-5d47-4ef3-833f-173891bf009e::input-params ::GET::::{}
2024-08-11 16:56:30::info::/v1/api/order/readMemberOrderHistory::10487557-ad17-4f7c-be71-eac2fbb2c7c4::input-params ::GET::::{}
2024-08-11 16:56:31::info::/v1/api/user/me::b93b1a69-d0f5-427a-87da-be2928cc6461::input-params ::GET::::{}
2024-08-11 16:56:31::info::/v1/api/movement/readMovements::b22e5679-2699-4df8-973b-1111dff6b40e::input-params ::GET::::{}
2024-08-11 16:56:31::info::/v1/api/user/readUserProfile/66a59f2c73370474cf4eaada::8cd8aba5-b0ca-4736-b282-30bb15292210::input-params ::GET::::{}
2024-08-11 16:56:31::info::/v1/api/order/readMemberOrderHistory::cda83f91-6116-4a92-a567-b976d3b9cd49::input-params ::GET::::{}
2024-08-11 16:56:36::info::/v1/api/movement/readMovements::7773e8bd-fc2a-47f7-bfa1-81e8b136b8a0::input-params ::GET::::{}
2024-08-11 16:56:36::info::/v1/api/user/readUserProfile/66a59f2c73370474cf4eaada::6f33be53-3231-4635-82f8-f8015d527e18::input-params ::GET::::{}
2024-08-11 16:56:36::info::/v1/api/order/readMemberOrderHistory::33e8dd36-d657-47c5-99b2-ebedd3493f8c::input-params ::GET::::{}
2024-08-11 16:57:24::info::/v1/api/movement/readMovements::4ff2df6a-b9d6-4601-b742-a1f8aa51f226::input-params ::GET::::{}
2024-08-11 16:57:24::info::/v1/api/user/readUserProfile/66a59f2c73370474cf4eaada::654c9a5f-4177-46a8-b9d0-685b3596412d::input-params ::GET::::{}
2024-08-11 16:57:24::info::/v1/api/order/readMemberOrderHistory::ee678aac-edc4-4d48-a127-1f4910556077::input-params ::GET::::{}
2024-08-11 16:57:29::info::/v1/api/movement/readMovements::2f2714cd-ba6e-4713-a9dc-9a2f1cd1d947::input-params ::GET::::{}
2024-08-11 16:57:29::info::/v1/api/user/readUserProfile/66a59f2c73370474cf4eaada::2ece482f-7d0d-49f4-ba72-47cdebb77446::input-params ::GET::::{}
2024-08-11 16:57:29::info::/v1/api/order/readMemberOrderHistory::7f9c73be-da65-45a1-8089-4ecdce1e8594::input-params ::GET::::{}
2024-08-11 16:57:29::info::/v1/api/user/me::5173a881-cf99-4112-b207-6907e7c72cd0::input-params ::GET::::{}
2024-08-11 16:57:30::info::/v1/api/movement/readMovements::946a8423-814e-4118-a9ad-c2dcc76c8797::input-params ::GET::::{}
2024-08-11 16:57:30::info::/v1/api/user/readUserProfile/66a59f2c73370474cf4eaada::4191d75c-0f3d-47bb-9354-16f74bc4f692::input-params ::GET::::{}
2024-08-11 16:57:30::info::/v1/api/order/readMemberOrderHistory::a1c9f380-7739-4754-b4ec-84535a3919cb::input-params ::GET::::{}
2024-08-11 16:58:33::info::/v1/api/movement/readMovements::58155735-ce29-4023-a490-29e4cfa31594::input-params ::GET::::{}
2024-08-11 16:58:33::info::/v1/api/user/readUserProfile/66a59f2c73370474cf4eaada::38eb8aab-98aa-47f3-9397-7a1a81762ca8::input-params ::GET::::{}
2024-08-11 16:58:33::info::/v1/api/order/readMemberOrderHistory::06f8067f-5b7f-4466-92b1-ccda83fcde5e::input-params ::GET::::{}
2024-08-11 16:58:35::info::/v1/api/movement/readMovements::12c54969-990d-446c-93e1-354e191a97b3::input-params ::GET::::{}
2024-08-11 16:58:35::info::/v1/api/user/readUserProfile/66a59f2c73370474cf4eaada::3bbbc535-524d-4159-999a-9cf424fd4eeb::input-params ::GET::::{}
2024-08-11 16:58:35::info::/v1/api/order/readMemberOrderHistory::3b634187-6661-42e9-a765-75f3fae6bbcb::input-params ::GET::::{}
2024-08-11 16:58:46::info::/v1/api/movement/readMovements::86a961c9-25e6-4ecd-88be-09923a9a3403::input-params ::GET::::{}
2024-08-11 16:58:46::info::/v1/api/user/readUserProfile/66a59f2c73370474cf4eaada::e8d9ab3b-53cb-43a2-862a-6b7460550cb3::input-params ::GET::::{}
2024-08-11 16:58:46::info::/v1/api/order/readMemberOrderHistory::dcf0540f-bcc2-4d1e-9aeb-b203fa57d162::input-params ::GET::::{}
2024-08-11 16:58:53::info::/v1/api/movement/readMovements::0e7359ba-f2f7-4860-91b5-c5ee2663b394::input-params ::GET::::{}
2024-08-11 16:58:53::info::/v1/api/user/readUserProfile/66a59f2c73370474cf4eaada::bd95ced7-3b9c-4cc1-9123-c979fdea966c::input-params ::GET::::{}
2024-08-11 16:58:53::info::/v1/api/order/readMemberOrderHistory::a0b9c3c2-0104-49f8-835c-0402be3412ba::input-params ::GET::::{}
2024-08-11 16:59:05::info::/v1/api/movement/readMovements::2907ef57-d910-47b2-a6f8-2daee0cd7a49::input-params ::GET::::{}
2024-08-11 16:59:05::info::/v1/api/user/readUserProfile/66a59f2c73370474cf4eaada::7b6c76cd-cabf-4493-97b5-71baa251b52f::input-params ::GET::::{}
2024-08-11 16:59:05::info::/v1/api/order/readMemberOrderHistory::3e024be6-6938-4126-8327-c156ee17fd48::input-params ::GET::::{}
2024-08-11 16:59:30::info::/v1/api/order/readMemberOrderHistory::90c2c63d-2dea-4dbd-8381-1dfb130c3380::input-params ::GET::::{}
2024-08-11 16:59:30::info::/v1/api/movement/readMovements::5ab91e31-00cb-439a-a484-ff11fe8bcbd1::input-params ::GET::::{}
2024-08-11 16:59:30::info::/v1/api/user/readUserProfile/66a59f2c73370474cf4eaada::d70be5ce-83e7-448b-88bd-5b99af43801d::input-params ::GET::::{}
2024-08-11 16:59:32::info::/v1/api/news/readNewss::d8f2588b-ef69-4891-a609-f6e9e0fb63b9::input-params ::GET::::{}
2024-08-11 16:59:32::info::/v1/api/recommender/readPopularPosts::50b27b07-14de-4e06-a06c-b02c3129050b::input-params ::GET::::{}
2024-08-11 17:00:44::info::/v1/api/movement/readMovements::1a51ff91-6668-401d-9c21-2d8e634218e7::input-params ::GET::::{}
2024-08-11 17:00:44::info::/v1/api/news/readNewss::cce38b50-1b86-49ff-aa69-09f02a086db0::input-params ::GET::::{}
2024-08-11 17:00:44::info::/v1/api/recommender/readPopularPosts::295476cc-7f8d-4ca2-af99-32d547fbc9e5::input-params ::GET::::{}
2024-08-11 17:01:19::info::/v1/api/movement/readMovements::cc4b1ce6-58a5-4131-9e5a-c6423824a7c3::input-params ::GET::::{}
2024-08-11 17:01:19::info::/v1/api/news/readNewss::b9198607-c37f-4298-89b0-9c7b7d539f00::input-params ::GET::::{}
2024-08-11 17:01:19::info::/v1/api/recommender/readPopularPosts::484586be-bac7-4210-bd34-9fd3a30c38aa::input-params ::GET::::{}
2024-08-11 17:01:21::info::/v1/api/recommender/search::0e14c08d-8d0e-4ff7-8bc4-77b9d293b17d::input-params ::GET::::{"searchTerm":"d"}
2024-08-11 17:01:25::info::/v1/api/recommender/search::e37ae399-7489-4e03-bb29-b7e5a86c22cd::input-params ::GET::::{"searchTerm":"P"}
2024-08-11 17:01:25::info::/v1/api/recommender/search::18ef725e-5529-499e-8776-0c0cfb8e7bfb::input-params ::GET::::{"searchTerm":"Ph"}
2024-08-11 17:01:25::info::/v1/api/recommender/search::0a4e534f-82b8-46ea-842f-7da957996092::input-params ::GET::::{"searchTerm":"Pha"}
2024-08-11 17:01:25::info::/v1/api/recommender/search::82d404bc-de04-49d5-a5b3-a7f2ba461465::input-params ::GET::::{"searchTerm":"Phap"}
2024-08-11 17:01:30::info::/v1/api/movement/readMovements::00159921-7e1c-4864-8b31-6a04c1a27642::input-params ::GET::::{}
2024-08-11 17:01:30::info::/v1/api/news/readNewss::6f9e7535-a565-4069-b0ad-788173df7fb2::input-params ::GET::::{}
2024-08-11 17:01:30::info::/v1/api/recommender/readPopularPosts::201746cf-1d55-4077-9a62-457b491c1ae2::input-params ::GET::::{}
2024-08-11 17:02:03::info::/v1/api/movement/readMovements::7b8fe3a3-c5bf-4312-945d-77095681b634::input-params ::GET::::{}
2024-08-11 17:02:03::info::/v1/api/news/readNewss::994b4e1a-47ef-4f17-80ac-64803cc65d81::input-params ::GET::::{}
2024-08-11 17:02:03::info::/v1/api/recommender/readPopularPosts::36b507e6-573f-4d32-9c22-637726cc41f6::input-params ::GET::::{}
2024-08-11 17:02:07::info::/v1/api/movement/readMovements::28508307-3f1b-444c-9c16-3280c3ae2f84::input-params ::GET::::{}
2024-08-11 17:02:07::info::/v1/api/news/readNewss::fc72dfc3-4c02-4329-92b6-d147286dc6e2::input-params ::GET::::{}
2024-08-11 17:02:07::info::/v1/api/recommender/readPopularPosts::5b225606-75c3-41ff-ad06-be1c81c7dce9::input-params ::GET::::{}
2024-08-11 17:02:08::info::/v1/api/movement/readMovements::d082ed92-7899-4f61-8bdd-03b4e4b39c6a::input-params ::GET::::{}
2024-08-11 17:02:08::info::/v1/api/news/readNewss::ebaa415b-a666-4d9a-a854-d83febdd28e6::input-params ::GET::::{}
2024-08-11 17:02:44::info::/v1/api/movement/readMovements::2bfca91c-d275-43fc-ba3a-eb717305a1b6::input-params ::GET::::{}
2024-08-11 17:02:44::info::/v1/api/news/readNewss::0d466525-a378-4df6-a892-d6299cb3c3e1::input-params ::GET::::{}
2024-08-11 17:02:44::info::/v1/api/recommender/readPopularPosts::e3f1629c-b193-490f-bb38-35b8fdec04d6::input-params ::GET::::{}
2024-08-11 17:03:02::info::/v1/api/movement/readMovements::98e6be72-58cd-4c57-a30d-cef3da47f5ca::input-params ::GET::::{}
2024-08-11 17:03:02::info::/v1/api/news/readNewss::d094a6f0-3b5d-48d0-95d0-bac4ae3e746d::input-params ::GET::::{}
2024-08-11 17:03:02::info::/v1/api/recommender/readPopularPosts::f9b72c94-7ab6-4ce0-8a64-13f1082e7546::input-params ::GET::::{}
2024-08-11 17:03:04::info::/v1/api/user/updateProfile/66a59f2c73370474cf4eaada::e8f505ee-a36b-4027-b5b8-cd048144f14d::input-params ::PATCH::::{"lastViewConversations":1723370584411}
2024-08-11 17:03:04::info::/v1/api/conversation/readConversations::790e9bbc-ea4a-44aa-8262-e3c53924d214::input-params ::GET::::{}
2024-08-11 17:03:05::info::/v1/api/movement/readMovements::7fb304f5-3d58-4f0b-a658-c10040bf8972::input-params ::GET::::{}
2024-08-11 17:03:05::info::/v1/api/news/readNewss::b2972ded-36d5-4b6f-8874-68ed1bbdf382::input-params ::GET::::{}
2024-08-11 17:03:05::info::/v1/api/recommender/readPopularPosts::48ae820a-46f9-4de6-9007-1cebe5ea510f::input-params ::GET::::{}
2024-08-11 17:03:05::info::/v1/api/conversation/readConversations::6aea1212-22ad-4120-b7da-80e1d702f846::input-params ::GET::::{}
2024-08-11 17:03:12::info::/v1/api/conversation/readConversations::05edd604-1bef-404b-b437-60fccf80f65c::input-params ::GET::::{}
2024-08-11 17:03:12::info::/v1/api/user/updateProfile/66a59f2c73370474cf4eaada::70dfce9e-7504-42ce-bfd5-44a46e6ee3a1::input-params ::PATCH::::{"lastViewConversations":1723370592593}
2024-08-11 17:03:36::info::/v1/api/movement/readMovements::95a2c4b9-f933-4102-ac19-81695b612ff1::input-params ::GET::::{}
2024-08-11 17:03:36::info::/v1/api/news/readNewss::37fdeb42-994d-41d6-b136-5f6c884914ca::input-params ::GET::::{}
2024-08-11 17:03:36::info::/v1/api/recommender/readPopularPosts::0bcef745-a61a-4bdd-8f4c-f9b7cf1e18e1::input-params ::GET::::{}
2024-08-11 17:03:36::info::/v1/api/conversation/readConversations::a208e7b1-d6f5-4cfe-bceb-6eb288b17ed1::input-params ::GET::::{}
2024-08-11 17:03:38::info::/v1/api/conversation/readConversations::60572d99-9772-41ba-b7c0-2c26266f9fef::input-params ::GET::::{}
2024-08-11 17:03:38::info::/v1/api/user/updateProfile/66a59f2c73370474cf4eaada::dbdd4e04-6964-48da-b337-c6dc01af048b::input-params ::PATCH::::{"lastViewConversations":1723370618157}
2024-08-11 17:03:42::info::/v1/api/user/readUserProfile/66a59f2c73370474cf4eaada::b9484d72-1acd-4d00-be2d-6eb3c9f5a673::input-params ::GET::::{}
2024-08-11 17:03:42::info::/v1/api/order/readMemberOrderHistory::19f793c5-03de-4b5b-80ba-147438993be0::input-params ::GET::::{}
2024-08-11 17:03:50::info::/v1/api/movement/readMovements::3773b03f-4e94-4711-8dd1-ae4b30c2e541::input-params ::GET::::{}
2024-08-11 17:03:50::info::/v1/api/user/readUserProfile/66a59f2c73370474cf4eaada::1cc01a9d-b8f9-463b-8148-0952b7e576fc::input-params ::GET::::{}
2024-08-11 17:03:50::info::/v1/api/order/readMemberOrderHistory::da997365-253f-4c84-bbae-21e9c9bf5950::input-params ::GET::::{}
2024-08-11 17:04:13::info::/v1/api/movement/readMovements::8c03e857-b75a-4eca-be8a-4e3972a3da4d::input-params ::GET::::{}
2024-08-11 17:04:13::info::/v1/api/user/readUserProfile/66a59f2c73370474cf4eaada::15bb5133-e407-48e9-85b7-02fe44b6403f::input-params ::GET::::{}
2024-08-11 17:04:13::info::/v1/api/order/readMemberOrderHistory::979585bb-9940-45a2-8fa3-ede38ef5e128::input-params ::GET::::{}
2024-08-11 17:04:14::info::/v1/api/movement/readMovements::97cf31eb-9259-4ff7-875d-d9aad3b60b34::input-params ::GET::::{}
2024-08-11 17:04:14::info::/v1/api/user/readUserProfile/66a59f2c73370474cf4eaada::4271b5d1-9eb2-47be-bbd9-e0369da387f3::input-params ::GET::::{}
2024-08-11 17:04:14::info::/v1/api/order/readMemberOrderHistory::21bd1235-d9a9-4776-82eb-00df0029364e::input-params ::GET::::{}
2024-08-11 17:04:27::info::/v1/api/user/updateProfileStatus::cc37bbc4-baf2-4935-bd66-9773c564b002::input-params ::PATCH::::{"icon":"0x1F35F","title":"Amazing"}
2024-08-11 17:04:29::info::/v1/api/movement/readMovements::15f8ba88-2430-4faf-a60b-4b9415facd0b::input-params ::GET::::{}
2024-08-11 17:04:29::info::/v1/api/user/readUserProfile/66a59f2c73370474cf4eaada::6e16cc77-c488-437e-8bec-28c42f8b4300::input-params ::GET::::{}
2024-08-11 17:04:29::info::/v1/api/order/readMemberOrderHistory::4c6c7396-cf78-4db3-a3a6-904b0ce03120::input-params ::GET::::{}
2024-08-11 17:04:56::info::/v1/api/movement/readMovements::93a299a2-d931-4308-8988-44db77ab03ea::input-params ::GET::::{}
2024-08-11 17:04:56::info::/v1/api/user/readUserProfile/66a59f2c73370474cf4eaada::5e9458be-a62b-419e-bfd7-97503c726396::input-params ::GET::::{}
2024-08-11 17:04:56::info::/v1/api/order/readMemberOrderHistory::45eb4a3e-882f-4e1d-849c-a5b513c31b92::input-params ::GET::::{}
2024-08-11 17:05:02::info::/v1/api/movement/readMovements::cb148c17-be7f-4d7d-be72-393b4f3d45d3::input-params ::GET::::{}
2024-08-11 17:05:02::info::/v1/api/user/readUserProfile/66a59f2c73370474cf4eaada::8e91e050-cafe-4648-94c4-d30e469925d0::input-params ::GET::::{}
2024-08-11 17:05:02::info::/v1/api/order/readMemberOrderHistory::969e3284-d762-460e-acd4-5951bb12202b::input-params ::GET::::{}
2024-08-11 17:05:03::info::/v1/api/talentRequest/readTalentRequestStatus::6733bb38-73fb-4d3e-a1ac-cb10fd95844e::input-params ::GET::::{}
2024-08-11 17:05:04::error::/v1/api/talentRequest/readTalentRequestStatus::6733bb38-73fb-4d3e-a1ac-cb10fd95844e::404 - 1ms - Response: {"status":404,"now":1723370704005}::{"message":"Talent request not found"}
2024-08-11 17:05:04::info::/v1/api/talentRequest/readTalentRequestStatus::ba717369-768f-4700-a14d-d4bdc5f088a8::input-params ::GET::::{}
2024-08-11 17:05:04::error::/v1/api/talentRequest/readTalentRequestStatus::ba717369-768f-4700-a14d-d4bdc5f088a8::404 - 0ms - Response: {"status":404,"now":1723370704220}::{"message":"Talent request not found"}
2024-08-11 17:05:07::info::/v1/api/movement/readMovements::224079f6-3986-456a-a66d-0c967cf74299::input-params ::GET::::{}
2024-08-11 17:05:07::info::/v1/api/user/readUserProfile/66a59f2c73370474cf4eaada::a90d64a4-b455-408b-bf45-4570c42b6a82::input-params ::GET::::{}
2024-08-11 17:05:07::info::/v1/api/order/readMemberOrderHistory::c39ec60b-49c5-4c6e-97fc-a32199604187::input-params ::GET::::{}
2024-08-11 17:05:07::info::/v1/api/talentRequest/readTalentRequestStatus::e6421956-10b8-41c9-a4bb-7893a5350070::input-params ::GET::::{}
2024-08-11 17:05:07::info::/v1/api/movement/readMovements::58068761-9a0e-40a4-8ce0-6b5e6c56fd5f::input-params ::GET::::{}
2024-08-11 17:05:07::error::/v1/api/talentRequest/readTalentRequestStatus::e6421956-10b8-41c9-a4bb-7893a5350070::404 - 0ms - Response: {"status":404,"now":1723370707945}::{"message":"Talent request not found"}
2024-08-11 17:05:08::info::/v1/api/talentRequest/readTalentRequestStatus::6362406b-fba3-4cfc-8c6e-3830c19de942::input-params ::GET::::{}
2024-08-11 17:05:08::error::/v1/api/talentRequest/readTalentRequestStatus::6362406b-fba3-4cfc-8c6e-3830c19de942::404 - 0ms - Response: {"status":404,"now":1723370708212}::{"message":"Talent request not found"}
2024-08-11 17:05:20::info::/v1/api/movement/readMovements::2c8807ea-5e1a-4262-ae3b-2073594a546f::input-params ::GET::::{}
2024-08-11 17:05:20::info::/v1/api/user/readUserProfile/66a59f2c73370474cf4eaada::6e2ca88c-c8ea-49b5-965b-0e48655ae2f2::input-params ::GET::::{}
2024-08-11 17:05:20::info::/v1/api/order/readMemberOrderHistory::c6c6dccb-316a-4ec7-bf96-2f7be5867dca::input-params ::GET::::{}
2024-08-11 17:05:20::info::/v1/api/talentRequest/readTalentRequestStatus::829c046d-2154-4c3c-845b-580d6c6c7105::input-params ::GET::::{}
2024-08-11 17:05:20::error::/v1/api/talentRequest/readTalentRequestStatus::829c046d-2154-4c3c-845b-580d6c6c7105::404 - 0ms - Response: {"status":404,"now":1723370720765}::{"message":"Talent request not found"}
2024-08-11 17:05:20::info::/v1/api/talentRequest/readTalentRequestStatus::69aed42e-2ee4-41ad-ae8c-b6f756066f79::input-params ::GET::::{}
2024-08-11 17:05:21::error::/v1/api/talentRequest/readTalentRequestStatus::69aed42e-2ee4-41ad-ae8c-b6f756066f79::404 - 0ms - Response: {"status":404,"now":1723370721002}::{"message":"Talent request not found"}
2024-08-11 17:05:26::info::/v1/api/order/readMemberOrderHistory::2ae7c243-457b-4773-814f-fc06a6e3c223::input-params ::GET::::{}
2024-08-11 17:05:29::info::/v1/api/talentRequest/readTalentRequestStatus::f6e5f3d1-cd28-4d91-8628-8df482549896::input-params ::GET::::{}
2024-08-11 17:05:29::error::/v1/api/talentRequest/readTalentRequestStatus::f6e5f3d1-cd28-4d91-8628-8df482549896::404 - 0ms - Response: {"status":404,"now":1723370729922}::{"message":"Talent request not found"}
2024-08-11 17:05:29::info::/v1/api/talentRequest/readTalentRequestStatus::826c88a6-81f8-4689-92a5-ff65683d2fb6::input-params ::GET::::{}
2024-08-11 17:05:30::error::/v1/api/talentRequest/readTalentRequestStatus::826c88a6-81f8-4689-92a5-ff65683d2fb6::404 - 0ms - Response: {"status":404,"now":1723370730076}::{"message":"Talent request not found"}
2024-08-11 17:11:00::info::/v1/api/movement/readMovements::d8eda898-4de8-42ea-b428-d56f1b258959::input-params ::GET::::{}
2024-08-11 17:11:00::info::/v1/api/user/readUserProfile/66a59f2c73370474cf4eaada::02eba2bf-ff05-441d-9877-c398b0244c8f::input-params ::GET::::{}
2024-08-11 17:11:00::info::/v1/api/order/readMemberOrderHistory::9d25873c-5f7a-4095-b735-03c186b052e0::input-params ::GET::::{}
2024-08-11 17:11:00::info::/v1/api/talentRequest/readTalentRequestStatus::52c02c43-ae44-486b-985e-89a2e1673469::input-params ::GET::::{}
2024-08-11 17:11:00::error::/v1/api/talentRequest/readTalentRequestStatus::52c02c43-ae44-486b-985e-89a2e1673469::404 - 0ms - Response: {"status":404,"now":1723371060658}::{"message":"Talent request not found"}
2024-08-11 17:11:00::info::/v1/api/talentRequest/readTalentRequestStatus::69b5d2bf-687a-4007-af81-fb97d4655704::input-params ::GET::::{}
2024-08-11 17:11:00::error::/v1/api/talentRequest/readTalentRequestStatus::69b5d2bf-687a-4007-af81-fb97d4655704::404 - 1ms - Response: {"status":404,"now":1723371060947}::{"message":"Talent request not found"}
2024-08-11 17:11:59::info::/v1/api/movement/readMovements::05ce811d-d7ec-4eba-89d7-de2f78722c9c::input-params ::GET::::{}
2024-08-11 17:11:59::info::/v1/api/user/readUserProfile/66a59f2c73370474cf4eaada::c24ccb2f-3083-4ff2-849b-422507d84f7e::input-params ::GET::::{}
2024-08-11 17:11:59::info::/v1/api/order/readMemberOrderHistory::99092daa-2cb4-4b22-a144-4f5252d59d34::input-params ::GET::::{}
2024-08-11 17:11:59::info::/v1/api/talentRequest/readTalentRequestStatus::f5edeecd-13c7-40b9-a5e1-b61eb3624f33::input-params ::GET::::{}
2024-08-11 17:11:59::error::/v1/api/talentRequest/readTalentRequestStatus::f5edeecd-13c7-40b9-a5e1-b61eb3624f33::404 - 0ms - Response: {"status":404,"now":1723371119508}::{"message":"Talent request not found"}
2024-08-11 17:11:59::info::/v1/api/talentRequest/readTalentRequestStatus::77cc32ec-c6c0-4566-b19d-fabfdab2de5d::input-params ::GET::::{}
2024-08-11 17:11:59::error::/v1/api/talentRequest/readTalentRequestStatus::77cc32ec-c6c0-4566-b19d-fabfdab2de5d::404 - 1ms - Response: {"status":404,"now":1723371119737}::{"message":"Talent request not found"}
2024-08-11 17:12:05::info::/v1/api/movement/readMovements::1433595c-4ff7-45af-b489-386d513119d0::input-params ::GET::::{}
2024-08-11 17:12:05::info::/v1/api/user/readUserProfile/66a59f2c73370474cf4eaada::708c0d1d-a8b6-4a86-bd15-b6eff5abdf4f::input-params ::GET::::{}
2024-08-11 17:12:05::info::/v1/api/order/readMemberOrderHistory::7f1d4c6d-6ede-4f78-8836-25358522c2b1::input-params ::GET::::{}
2024-08-11 17:12:05::info::/v1/api/talentRequest/readTalentRequestStatus::d65699c2-472c-420b-95d3-41af17e71220::input-params ::GET::::{}
2024-08-11 17:12:05::info::/v1/api/movement/readMovements::1bbf55a5-09a6-4182-80e3-4f19d1af4439::input-params ::GET::::{}
2024-08-11 17:12:06::error::/v1/api/talentRequest/readTalentRequestStatus::d65699c2-472c-420b-95d3-41af17e71220::404 - 1ms - Response: {"status":404,"now":1723371126091}::{"message":"Talent request not found"}
2024-08-11 17:12:06::info::/v1/api/talentRequest/readTalentRequestStatus::5cbc4fd2-bccf-402d-b04d-030c9ac0c38b::input-params ::GET::::{}
2024-08-11 17:12:06::error::/v1/api/talentRequest/readTalentRequestStatus::5cbc4fd2-bccf-402d-b04d-030c9ac0c38b::404 - 0ms - Response: {"status":404,"now":1723371126318}::{"message":"Talent request not found"}
2024-08-11 17:13:09::info::/v1/api/movement/readMovements::83947fcc-0c06-45e2-b359-d493dbf69a3c::input-params ::GET::::{}
2024-08-11 17:13:09::info::/v1/api/user/readUserProfile/66a59f2c73370474cf4eaada::f286de58-200e-4f67-b640-48b9ca9d5267::input-params ::GET::::{}
2024-08-11 17:13:09::info::/v1/api/order/readMemberOrderHistory::9457a34d-5454-4a28-89ff-112078be5ae3::input-params ::GET::::{}
2024-08-11 17:13:09::info::/v1/api/talentRequest/readTalentRequestStatus::cf360d12-487b-491c-95d5-aa77b29dfb82::input-params ::GET::::{}
2024-08-11 17:13:09::error::/v1/api/talentRequest/readTalentRequestStatus::cf360d12-487b-491c-95d5-aa77b29dfb82::404 - 0ms - Response: {"status":404,"now":1723371189419}::{"message":"Talent request not found"}
2024-08-11 17:13:09::info::/v1/api/talentRequest/readTalentRequestStatus::45fd1d16-e426-4255-8ea1-7b15eea73614::input-params ::GET::::{}
2024-08-11 17:13:09::error::/v1/api/talentRequest/readTalentRequestStatus::45fd1d16-e426-4255-8ea1-7b15eea73614::404 - 0ms - Response: {"status":404,"now":1723371189741}::{"message":"Talent request not found"}
2024-08-11 17:13:38::info::/v1/api/movement/readMovements::65e3526b-7ed1-44a1-8c61-94f93d0edb6d::input-params ::GET::::{}
2024-08-11 17:13:38::info::/v1/api/user/readUserProfile/66a59f2c73370474cf4eaada::2039ef6e-dfae-4f03-b494-590eec48acc4::input-params ::GET::::{}
2024-08-11 17:13:38::info::/v1/api/order/readMemberOrderHistory::97c87184-2406-4136-b9d9-8e1a45caea31::input-params ::GET::::{}
2024-08-11 17:17:17::info::/v1/api/movement/readMovements::0f999691-1761-4c3c-8757-c2d685e1e3a6::input-params ::GET::::{}
2024-08-11 17:17:17::info::/v1/api/user/readUserProfile/66a59f2c73370474cf4eaada::5d324431-2cf0-4b1d-b6aa-72aced6b6623::input-params ::GET::::{}
2024-08-11 17:17:17::info::/v1/api/order/readMemberOrderHistory::78cedb42-1aef-4bc1-8ed0-10d540913880::input-params ::GET::::{}
2024-08-11 17:17:56::info::/v1/api/movement/readMovements::ff717061-6072-421b-b5d0-3ca2bc3ec42e::input-params ::GET::::{}
2024-08-11 17:17:56::info::/v1/api/user/readUserProfile/66a59f2c73370474cf4eaada::357a632b-8b99-4fa5-a136-f390ac4e99ca::input-params ::GET::::{}
2024-08-11 17:17:56::info::/v1/api/order/readMemberOrderHistory::c5baf048-117b-46b7-8c7b-117927cfa3a0::input-params ::GET::::{}
2024-08-11 21:46:46::info::/v1/api/user/me::bf983ba8-eb49-4f8c-9c40-bcf5bbd97122::input-params ::GET::::{}
2024-08-11 21:47:04::info::/v1/api/movement/readMovements::7447a6dd-9646-485b-abe9-d9d2d8c96510::input-params ::GET::::{}
2024-08-11 21:47:04::info::/v1/api/user/readUserProfile/66a59f2c73370474cf4eaada::95144cc7-1126-4f33-8253-2ee1194793c1::input-params ::GET::::{}
2024-08-11 21:47:04::info::/v1/api/order/readMemberOrderHistory::700b70e4-431c-4e1d-80dd-1d124e3a0240::input-params ::GET::::{}
2024-08-11 22:10:50::info::/v1/api/user/me::49635a45-e281-40e6-9f03-6827d2411bdb::input-params ::GET::::{}
