2024-08-06 09:42:33::error::/v1/api/user/followUser/66a5e617cb19b8a18494298c::8999d628-0d79-44de-81cd-6cb76494b3dc::403 - 1ms - Response: {"status":403,"now":1722912153038}::{"message":"You already follow this user"}
2024-08-06 09:46:55::error::/v1/api/user/followUser/66a5e617cb19b8a18494298c::12ffc0e8-4ed9-4377-b05b-f6857e379043::403 - 1ms - Response: {"status":403,"now":1722912415524}::{"message":"You already follow this user"}
2024-08-06 09:53:50::error::/v1/api/user/followUser/66a5e617cb19b8a18494298c::66733251-7aa7-474f-b52a-f34ffa06f695::403 - 0ms - Response: {"status":403,"now":1722912830106}::{"message":"You already follow this user"}
2024-08-06 09:55:19::error::/v1/api/user/followUser/66a5e617cb19b8a18494298c::7daebed2-e88e-486c-92e2-0e65b23e83c5::403 - 1ms - Response: {"status":403,"now":1722912919068}::{"message":"You already follow this user"}
2024-08-06 09:59:52::error::/v1/api/user/followUser/66a5e617cb19b8a18494298c::2eeeb426-d9d1-4f3f-9544-fc966f81f33f::undefined - NaNms - Response: {}::{"message":"Cannot read properties of undefined (reading 'progress')"}
2024-08-06 10:00:33::error::/v1/api/user/followUser/66a5e617cb19b8a18494298c::67a5e079-2a8f-416d-88f4-619ab30653d3::403 - 1ms - Response: {"status":403,"now":1722913233673}::{"message":"You already follow this user"}
2024-08-06 10:03:11::error::/v1/api/user/followUser/66a5e617cb19b8a18494298c::4535128b-87eb-4e28-8754-b841ef6944b6::403 - 0ms - Response: {"status":403,"now":1722913391941}::{"message":"You already follow this user"}
2024-08-06 10:17:05::error::/v1/api/user/unFollowUser/66a5e617cb19b8a18494298c::40dcde26-227e-4da3-b98c-f8b3a751e194::403 - 0ms - Response: {"status":403,"now":1722914225815}::{"message":"You do not follow this user"}
2024-08-06 11:08:22::error::/v1/api/user/followUser/66a5e617cb19b8a18494298c::020d13a4-6fff-4f47-ba47-b59e9b7e178a::403 - 1ms - Response: {"status":403,"now":1722917302879}::{"message":"You already follow this user"}
2024-08-06 11:10:47::error::/v1/api/user/followUser/66a5e617cb19b8a18494298c::ff0b1553-4b97-471f-a9cb-b8549e5f8e05::403 - 1ms - Response: {"status":403,"now":1722917447612}::{"message":"You already follow this user"}
2024-08-06 11:27:02::error::/v1/api/user/followUser/66a5e617cb19b8a18494298c::7deace75-0be0-4f9f-996b-cec7c2c1499c::403 - 1ms - Response: {"status":403,"now":1722918422595}::{"message":"You already follow this user"}
2024-08-06 11:35:30::error::/v1/api/user/unFollowUser/66a5e617cb19b8a18494298c::5780e984-0ffe-4f41-ba7e-925a4e0760db::403 - 1ms - Response: {"status":403,"now":1722918930638}::{"message":"You do not follow this user"}
2024-08-06 11:49:52::error::/v1/api/user/followUser/66a5e617cb19b8a18494298c::09188c78-54af-4ba2-adcf-26d709561d88::403 - 1ms - Response: {"status":403,"now":1722919792684}::{"message":"You already follow this user"}
2024-08-06 12:04:28::error::/v1/api/user/followUser/66a5e617cb19b8a18494298c::481de8ed-442c-4308-b94f-aee2ae8f0b5c::403 - 2ms - Response: {"status":403,"now":1722920668846}::{"message":"You already follow this user"}
2024-08-06 12:09:19::error::/v1/api/user/followUser/66a5e617cb19b8a18494298c::e4deb9c4-b39a-4fc1-bf9a-858dae36f9da::403 - 1ms - Response: {"status":403,"now":1722920959551}::{"message":"You already follow this user"}
2024-08-06 12:09:54::error::/v1/api/user/delete/:profileId::e20a616d-c3bd-43fb-b859-983d128fc402::undefined - NaNms - Response: {"stringValue":"\":profileId\"","valueType":"string","kind":"ObjectId","value":":profileId","path":"_id","reason":{},"name":"CastError","message":"Cast to ObjectId failed for value \":profileId\" (type string) at path \"_id\" for model \"User\""}::{"message":"Cast to ObjectId failed for value \":profileId\" (type string) at path \"_id\" for model \"User\""}
2024-08-06 12:09:57::error::/v1/api/user/followUser/66a5e617cb19b8a18494298c::7e029cc6-7b0f-4c96-93b9-889e67098e34::403 - 0ms - Response: {"status":403,"now":1722920997006}::{"message":"You already follow this user"}
2024-08-06 14:48:21::error::/v1/api/challenge/readChallenge/66aaf9834348fc64f984ec13::de1d888e-1992-4a18-8c4d-baf214b48062::404 - 1ms - Response: {"status":404,"now":1722930501346}::{"message":"Challenge not found"}
2024-08-06 14:49:31::error::/v1/api/submission/createSubmission/66ab001ae6ae6cd0fbdb4fa4::b89712e6-19bd-4fbb-99f6-37719b9db3ac::404 - 1ms - Response: {"status":404,"now":1722930571108}::{"message":"Challenge not found"}
2024-08-06 14:49:36::error::/v1/api/submission/createSubmission/66b1d56be9731f4e06c51766::0d3ec67c-b8ba-4170-8b26-ab3f45a2e550::undefined - NaNms - Response: {}::{"message":"Cannot read properties of undefined (reading 'includes')"}
2024-08-06 14:50:47::error::/v1/api/challenge/createChallenge::5434f1db-7fc1-4592-a178-8df4d77e1e68::undefined - NaNms - Response: {"errors":{"participants":{"stringValue":"\"[]\"","valueType":"Array","kind":"ObjectId","value":[],"path":"participants","reason":{},"name":"CastError","message":"Cast to ObjectId failed for value \"[]\" (type Array) at path \"participants\" because of \"BSONError\""}},"_message":"Challenge validation failed","name":"ValidationError","message":"Challenge validation failed: participants: Cast to ObjectId failed for value \"[]\" (type Array) at path \"participants\" because of \"BSONError\""}::{"message":"Challenge validation failed: participants: Cast to ObjectId failed for value \"[]\" (type Array) at path \"participants\" because of \"BSONError\""}
2024-08-06 14:57:50::error::/v1/api/submission/updateSubmission/66b1d66e1b1faaa2fe8917c3::8b800d03-0e20-40b0-9e3b-6e0d53af7f02::403 - 1ms - Response: {"status":403,"now":1722931070554}::{"message":"Please provide fields to update"}
2024-08-06 14:58:34::error::/v1/api/submission/updateSubmission/66b1d66e1b1faaa2fe8917c3::e1dc85f7-e8aa-43f8-a2b5-10b8a00ad8cb::403 - 0ms - Response: {"status":403,"now":1722931114178}::{"message":"Please provide fields to update"}
2024-08-06 14:59:05::error::/v1/api/submission/updateSubmission/66b1d66e1b1faaa2fe8917c3::103b6386-2639-43f4-9703-f3bb2d6aab64::403 - 0ms - Response: {"status":403,"now":1722931145577}::{"message":"Please provide fields to update"}
