2024-08-08 08:18:52::error::/v1/api/user/me::65a01cd2-6725-443c-8687-4fb05f80ef8c::403 - 1ms - Response: {"status":403,"now":1723079932189}::{"message":"Access token missing"}
2024-08-08 16:11:40::error::/v1/api/post/readPost/help_center::a0979820-03c9-4fb0-b066-72c0f8496c45::403 - 1ms - Response: {"status":403,"now":1723108300364}::{"message":"Xem tác phẩm không thành công"}
2024-08-08 16:11:46::error::/v1/api/post/readPost/help_center::81d74c73-35e9-4a99-a368-a5998e82ce77::403 - 0ms - Response: {"status":403,"now":1723108306737}::{"message":"Xem tác phẩm không thành công"}
2024-08-08 16:11:46::error::/v1/api/post/readPost/help_center::a6b78d18-5081-4556-979b-b44a732746ff::403 - 1ms - Response: {"status":403,"now":1723108306978}::{"message":"Xem tác phẩm không thành công"}
2024-08-08 16:12:15::error::/v1/api/conversation/readConversationWithOtherMember/66a6450b54ac59de697f0238::669f2fe6-46d5-4726-8ec3-0fbe0a3ec740::undefined - NaNms - Response: {}::{"message":"Failed to read conversation"}
2024-08-08 16:12:37::error::/v1/api/proposal/readProposal/undefined::460d2f68-396e-4e1e-bae5-2957185af655::undefined - NaNms - Response: {"stringValue":"\"undefined\"","valueType":"string","kind":"ObjectId","value":"undefined","path":"_id","reason":{},"name":"CastError","message":"Cast to ObjectId failed for value \"undefined\" (type string) at path \"_id\" for model \"Proposal\""}::{"message":"Cast to ObjectId failed for value \"undefined\" (type string) at path \"_id\" for model \"Proposal\""}
2024-08-08 16:12:40::error::/v1/api/proposal/readProposal/undefined::7dbe5a6b-a286-4609-b4b9-82de0df31bd2::undefined - NaNms - Response: {"stringValue":"\"undefined\"","valueType":"string","kind":"ObjectId","value":"undefined","path":"_id","reason":{},"name":"CastError","message":"Cast to ObjectId failed for value \"undefined\" (type string) at path \"_id\" for model \"Proposal\""}::{"message":"Cast to ObjectId failed for value \"undefined\" (type string) at path \"_id\" for model \"Proposal\""}
2024-08-08 16:12:50::error::/v1/api/proposal/readProposal/undefined::cdfd9214-37cd-4118-a2e5-4da1a9ad9174::undefined - NaNms - Response: {"stringValue":"\"undefined\"","valueType":"string","kind":"ObjectId","value":"undefined","path":"_id","reason":{},"name":"CastError","message":"Cast to ObjectId failed for value \"undefined\" (type string) at path \"_id\" for model \"Proposal\""}::{"message":"Cast to ObjectId failed for value \"undefined\" (type string) at path \"_id\" for model \"Proposal\""}
2024-08-08 16:13:07::error::/v1/api/proposal/readProposal/undefined::1af1d430-3e63-4d0b-8fda-c1921b1704e9::undefined - NaNms - Response: {"stringValue":"\"undefined\"","valueType":"string","kind":"ObjectId","value":"undefined","path":"_id","reason":{},"name":"CastError","message":"Cast to ObjectId failed for value \"undefined\" (type string) at path \"_id\" for model \"Proposal\""}::{"message":"Cast to ObjectId failed for value \"undefined\" (type string) at path \"_id\" for model \"Proposal\""}
2024-08-08 16:13:07::error::/v1/api/conversation/readConversationWithOtherMember/66a6450b54ac59de697f0238::e9f9f843-1526-46f9-ab6c-5e02c0ff057b::undefined - NaNms - Response: {}::{"message":"Failed to read conversation"}
2024-08-08 16:13:16::error::/v1/api/proposal/readProposal/undefined::26ebdfbb-20dc-43c7-9648-8d28009614d0::undefined - NaNms - Response: {"stringValue":"\"undefined\"","valueType":"string","kind":"ObjectId","value":"undefined","path":"_id","reason":{},"name":"CastError","message":"Cast to ObjectId failed for value \"undefined\" (type string) at path \"_id\" for model \"Proposal\""}::{"message":"Cast to ObjectId failed for value \"undefined\" (type string) at path \"_id\" for model \"Proposal\""}
2024-08-08 16:13:16::error::/v1/api/conversation/readConversationWithOtherMember/66a6450b54ac59de697f0238::e9620f13-be8a-413b-94d6-e02d4e87238a::undefined - NaNms - Response: {}::{"message":"Failed to read conversation"}
2024-08-08 16:13:23::error::/v1/api/proposal/readProposal/undefined::a7425abe-5d84-4c9d-8558-13fb358b9262::undefined - NaNms - Response: {"stringValue":"\"undefined\"","valueType":"string","kind":"ObjectId","value":"undefined","path":"_id","reason":{},"name":"CastError","message":"Cast to ObjectId failed for value \"undefined\" (type string) at path \"_id\" for model \"Proposal\""}::{"message":"Cast to ObjectId failed for value \"undefined\" (type string) at path \"_id\" for model \"Proposal\""}
2024-08-08 16:13:24::error::/v1/api/conversation/readConversationWithOtherMember/66a6450b54ac59de697f0238::c27e5d7b-f0ec-4369-a052-2fdb252b5271::undefined - NaNms - Response: {}::{"message":"Failed to read conversation"}
2024-08-08 16:14:26::error::/v1/api/proposal/readProposal/undefined::e7f0a5af-e938-4a50-ac96-a912e068f66f::undefined - NaNms - Response: {"stringValue":"\"undefined\"","valueType":"string","kind":"ObjectId","value":"undefined","path":"_id","reason":{},"name":"CastError","message":"Cast to ObjectId failed for value \"undefined\" (type string) at path \"_id\" for model \"Proposal\""}::{"message":"Cast to ObjectId failed for value \"undefined\" (type string) at path \"_id\" for model \"Proposal\""}
2024-08-08 16:14:26::error::/v1/api/conversation/readConversationWithOtherMember/66a6450b54ac59de697f0238::ebdefe59-aa35-4dd1-bd56-f3f7bf7adacd::undefined - NaNms - Response: {}::{"message":"Failed to read conversation"}
2024-08-08 16:14:41::error::/v1/api/proposal/readProposal/undefined::afdc5cd9-f818-48f3-af52-327b90b73a30::undefined - NaNms - Response: {"stringValue":"\"undefined\"","valueType":"string","kind":"ObjectId","value":"undefined","path":"_id","reason":{},"name":"CastError","message":"Cast to ObjectId failed for value \"undefined\" (type string) at path \"_id\" for model \"Proposal\""}::{"message":"Cast to ObjectId failed for value \"undefined\" (type string) at path \"_id\" for model \"Proposal\""}
2024-08-08 16:14:41::error::/v1/api/conversation/readConversationWithOtherMember/66a6450b54ac59de697f0238::ae668974-2052-4664-867b-36ffbc7dce6e::undefined - NaNms - Response: {}::{"message":"Failed to read conversation"}
2024-08-08 16:14:51::error::/v1/api/proposal/readProposal/undefined::e6fe8018-ea39-456d-87a9-5055ea69692a::undefined - NaNms - Response: {"stringValue":"\"undefined\"","valueType":"string","kind":"ObjectId","value":"undefined","path":"_id","reason":{},"name":"CastError","message":"Cast to ObjectId failed for value \"undefined\" (type string) at path \"_id\" for model \"Proposal\""}::{"message":"Cast to ObjectId failed for value \"undefined\" (type string) at path \"_id\" for model \"Proposal\""}
2024-08-08 16:14:51::error::/v1/api/conversation/readConversationWithOtherMember/66a6450b54ac59de697f0238::20896337-8e36-44ef-a7d6-507bc58bc00e::undefined - NaNms - Response: {}::{"message":"Failed to read conversation"}
2024-08-08 16:15:07::error::/v1/api/proposal/readProposal/undefined::702c2874-ab2f-423b-89e0-d0bd9c0c81c9::undefined - NaNms - Response: {"stringValue":"\"undefined\"","valueType":"string","kind":"ObjectId","value":"undefined","path":"_id","reason":{},"name":"CastError","message":"Cast to ObjectId failed for value \"undefined\" (type string) at path \"_id\" for model \"Proposal\""}::{"message":"Cast to ObjectId failed for value \"undefined\" (type string) at path \"_id\" for model \"Proposal\""}
2024-08-08 16:15:08::error::/v1/api/conversation/readConversationWithOtherMember/66a6450b54ac59de697f0238::ffee2bab-0be0-4910-9376-56440ccac5fc::undefined - NaNms - Response: {}::{"message":"Failed to read conversation"}
2024-08-08 16:15:33::error::/v1/api/proposal/readProposal/undefined::c976c788-8626-4d9f-a8e7-0b970ee0a35d::undefined - NaNms - Response: {"stringValue":"\"undefined\"","valueType":"string","kind":"ObjectId","value":"undefined","path":"_id","reason":{},"name":"CastError","message":"Cast to ObjectId failed for value \"undefined\" (type string) at path \"_id\" for model \"Proposal\""}::{"message":"Cast to ObjectId failed for value \"undefined\" (type string) at path \"_id\" for model \"Proposal\""}
2024-08-08 16:15:33::error::/v1/api/conversation/readConversationWithOtherMember/66a6450b54ac59de697f0238::40435752-0d2d-454e-87e3-ced2ea30ded5::undefined - NaNms - Response: {}::{"message":"Failed to read conversation"}
2024-08-08 16:15:39::error::/v1/api/proposal/readProposal/undefined::945ce314-f033-4e2d-835c-c641e9718931::undefined - NaNms - Response: {"stringValue":"\"undefined\"","valueType":"string","kind":"ObjectId","value":"undefined","path":"_id","reason":{},"name":"CastError","message":"Cast to ObjectId failed for value \"undefined\" (type string) at path \"_id\" for model \"Proposal\""}::{"message":"Cast to ObjectId failed for value \"undefined\" (type string) at path \"_id\" for model \"Proposal\""}
2024-08-08 16:15:40::error::/v1/api/conversation/readConversationWithOtherMember/66a6450b54ac59de697f0238::b5608186-ae10-4e9b-9fc9-bd272fa9b729::undefined - NaNms - Response: {}::{"message":"Failed to read conversation"}
2024-08-08 16:16:01::error::/v1/api/proposal/readProposal/undefined::eda1a691-63aa-4dc1-bd4a-d53353971cad::undefined - NaNms - Response: {"stringValue":"\"undefined\"","valueType":"string","kind":"ObjectId","value":"undefined","path":"_id","reason":{},"name":"CastError","message":"Cast to ObjectId failed for value \"undefined\" (type string) at path \"_id\" for model \"Proposal\""}::{"message":"Cast to ObjectId failed for value \"undefined\" (type string) at path \"_id\" for model \"Proposal\""}
2024-08-08 16:16:02::error::/v1/api/conversation/readConversationWithOtherMember/66a6450b54ac59de697f0238::c387138f-9a72-4ca6-a13f-b6e362491616::undefined - NaNms - Response: {}::{"message":"Failed to read conversation"}
2024-08-08 16:17:24::error::/v1/api/conversation/readConversationWithOtherMember/66a6450b54ac59de697f0238::d7d1848c-ee4e-46ef-848c-09f69108cf1b::undefined - NaNms - Response: {}::{"message":"Failed to read conversation"}
2024-08-08 16:20:17::error::/v1/api/conversation/readConversationWithOtherMember/66a5ac2d73370474cf4eb369::e7dc1590-7f30-43d2-bf67-d7a3e4da83e1::undefined - NaNms - Response: {}::{"message":"Failed to read conversation"}
2024-08-08 16:20:31::error::/v1/api/conversation/sendMessage::7e75b22f-11f3-4c54-b557-c0ce8aa3b549::undefined - NaNms - Response: {}::{"message":"Failed to send message"}
2024-08-08 16:20:34::error::/v1/api/conversation/sendMessage::aecad7a7-fe45-477b-8eb4-e4b987217074::undefined - NaNms - Response: {}::{"message":"Failed to send message"}
2024-08-08 16:20:39::error::/v1/api/conversation/sendMessage::3a788db8-0e44-495b-b332-9d26646613b4::undefined - NaNms - Response: {}::{"message":"Failed to send message"}
2024-08-08 16:20:58::error::/v1/api/conversation/sendMessage::846f120a-a732-4352-8739-f0ddaf1ceffb::undefined - NaNms - Response: {}::{"message":"Failed to send message"}
2024-08-08 18:14:36::error::/v1/api/talentRequest/readTalentRequestStatus::43d9b34d-f623-45a3-8594-1f3436fde8a7::404 - 2ms - Response: {"status":404,"now":1723115676710}::{"message":"Talent request not found"}
2024-08-08 18:14:36::error::/v1/api/talentRequest/readTalentRequestStatus::2e09c31e-b2da-4619-ad1e-adc26d9ba1a6::404 - 0ms - Response: {"status":404,"now":1723115676871}::{"message":"Talent request not found"}
2024-08-08 18:14:39::error::/v1/api/talentRequest/readTalentRequestStatus::a407f774-41e2-44d7-b0f9-7f9ac5fa471b::404 - 0ms - Response: {"status":404,"now":1723115679577}::{"message":"Talent request not found"}
2024-08-08 18:14:39::error::/v1/api/talentRequest/readTalentRequestStatus::2418b4fa-83a0-4e0d-b61b-69f0fafdc588::404 - 0ms - Response: {"status":404,"now":1723115679732}::{"message":"Talent request not found"}
2024-08-08 18:14:40::error::/v1/api/talentRequest/readTalentRequestStatus::51c5ed9e-7ee7-4ed8-9ae5-3c13c4cbb612::404 - 0ms - Response: {"status":404,"now":1723115680970}::{"message":"Talent request not found"}
2024-08-08 18:14:50::error::/v1/api/talentRequest/readTalentRequestStatus::fa3f1fa8-ff23-48e0-88a8-1d9a3b214b7d::404 - 0ms - Response: {"status":404,"now":1723115690332}::{"message":"Talent request not found"}
2024-08-08 18:14:50::error::/v1/api/talentRequest/readTalentRequestStatus::83bb3199-5808-48f8-83be-3710d3a0fa6c::404 - 0ms - Response: {"status":404,"now":1723115690495}::{"message":"Talent request not found"}
2024-08-08 18:14:54::error::/v1/api/talentRequest/readTalentRequestStatus::74c49bfc-4a1a-4299-a588-07a84d3a1767::404 - 0ms - Response: {"status":404,"now":1723115694838}::{"message":"Talent request not found"}
2024-08-08 18:14:55::error::/v1/api/talentRequest/readTalentRequestStatus::5bb27f29-a351-4c26-ab61-30e0f9f66828::404 - 0ms - Response: {"status":404,"now":1723115695006}::{"message":"Talent request not found"}
2024-08-08 18:14:55::error::/v1/api/talentRequest/readTalentRequestStatus::44514021-3446-4ec9-a63c-01d489bcd8f3::404 - 0ms - Response: {"status":404,"now":1723115695163}::{"message":"Talent request not found"}
2024-08-08 18:14:56::error::/v1/api/talentRequest/readTalentRequestStatus::95de139d-0380-4315-80be-551ffa6da013::404 - 0ms - Response: {"status":404,"now":1723115696430}::{"message":"Talent request not found"}
2024-08-08 18:14:59::error::/v1/api/talentRequest/readTalentRequestStatus::925874c4-8f58-4ab9-b4e3-32bfb678532d::404 - 0ms - Response: {"status":404,"now":1723115699505}::{"message":"Talent request not found"}
2024-08-08 18:15:00::error::/v1/api/talentRequest/readTalentRequestStatus::cb2b1e3e-0e93-4d17-934d-51ef9d8e2afb::404 - 0ms - Response: {"status":404,"now":1723115700647}::{"message":"Talent request not found"}
2024-08-08 18:15:01::error::/v1/api/talentRequest/readTalentRequestStatus::74cfb42f-1c58-4188-9227-f8cb43523c7c::404 - 0ms - Response: {"status":404,"now":1723115701838}::{"message":"Talent request not found"}
2024-08-08 18:15:03::error::/v1/api/talentRequest/readTalentRequestStatus::ae79427f-d4a0-4478-9932-76060aacfd2f::404 - 0ms - Response: {"status":404,"now":1723115703429}::{"message":"Talent request not found"}
2024-08-08 19:36:03::error::/v1/api/post/readPost/help_center::d472f84a-bc1e-4247-bba0-2720525098e7::403 - 1ms - Response: {"status":403,"now":1723120563711}::{"message":"Xem tác phẩm không thành công"}
2024-08-08 19:36:53::error::/v1/api/conversation/readConversationWithOtherMember/66a6533554ac59de697f7836::bcfdf4e1-a1f3-485f-b69c-724f53ae511b::undefined - NaNms - Response: {}::{"message":"Failed to read conversation"}
2024-08-08 19:36:59::error::/v1/api/user/me::ea32b254-fa11-424e-af76-0b0268f6fa56::403 - 0ms - Response: {"status":403,"now":1723120619068}::{"message":"Access token missing"}
2024-08-08 19:37:21::error::/v1/api/conversation/readConversationWithOtherMember/66a6533554ac59de697f7836::adeda8fb-4f00-4a17-8a63-7706cf716a37::undefined - NaNms - Response: {}::{"message":"Failed to read conversation"}
2024-08-08 19:37:24::error::/v1/api/user/me::3030e307-85d2-418b-80e9-5ee0bd0236ba::403 - 0ms - Response: {"status":403,"now":1723120644112}::{"message":"Access token missing"}
2024-08-08 19:37:36::error::/v1/api/user/me::31a36902-1ad0-4673-96c0-646b0cdae675::403 - 0ms - Response: {"status":403,"now":1723120656256}::{"message":"Access token missing"}
2024-08-08 19:37:44::error::/v1/api/auth/users/login::c81ba27c-55fe-4816-a71c-b667e9c73e52::401 - 0ms - Response: {"status":401,"now":1723120664943}::{"message":"Tài khoản hoặc mật khẩu không chính xác"}
