2024-07-21 10:26:04::error::/v1/api/user/me::a42a5f40-201f-42f3-9168-8a43c3db6727::undefined - NaNms - Response: {}::{"message":"Operation `Users.findOne()` buffering timed out after 10000ms"}
2024-07-21 10:26:14::error::/v1/api/movement/readMovements::542f76db-8bb9-4df6-a28d-8bd4797aeece::undefined - NaNms - Response: {}::{"message":"Operation `Movements.aggregate()` buffering timed out after 10000ms"}
2024-07-21 10:26:24::error::/v1/api/recommender/readPopularPosts::069dfe74-b7b8-4dec-93eb-e21c7f7e5f25::undefined - NaNms - Response: {}::{"message":"Failed to read popular posts"}
2024-07-21 07:00:11::error::/v1/api/recommender/search::766b5379-8027-4ef8-b0d0-98270d5d6824::undefined - NaNms - Response: {}::{"message":"BadRequestError is not defined"}
2024-07-21 07:00:13::error::/v1/api/recommender/search::12ecd12a-4b70-4de2-85bc-bc1196da45b2::undefined - NaNms - Response: {}::{"message":"BadRequestError is not defined"}
2024-07-21 07:06:32::error::/v1/api/recommender/search::b44b3467-8fdd-4c22-9e1f-1e73a839a3f1::undefined - NaNms - Response: {}::{"message":"BadRequestError is not defined"}
2024-07-21 07:07:34::error::/v1/api/recommender/search::d5dff8c5-5536-4700-8d4f-f4c94bcc8f34::undefined - NaNms - Response: {}::{"message":"BadRequestError is not defined"}
2024-07-21 07:09:16::error::/v1/api/recommender/search::deea2534-7ecb-4c9f-b0a5-368b602e8ece::undefined - NaNms - Response: {}::{"message":"BadRequestError is not defined"}
2024-07-21 07:13:12::error::/v1/api/recommender/search::e2a649cc-2110-45de-b391-6f0d2e108156::undefined - NaNms - Response: {}::{"message":"BadRequestError is not defined"}
2024-07-21 07:13:26::error::/v1/api/recommender/search::146fe8bc-fcaf-4929-befd-c8d65883bfda::undefined - NaNms - Response: {}::{"message":"BadRequestError is not defined"}
2024-07-21 07:16:32::error::/v1/api/recommender/search::7b33e110-ec98-461e-84cd-39ac20f34786::undefined - NaNms - Response: {}::{"message":"BadRequestError is not defined"}
2024-07-21 07:16:34::error::/v1/api/recommender/search::6023cdc5-657b-4c3a-905c-ef19f0863fb1::undefined - NaNms - Response: {}::{"message":"BadRequestError is not defined"}
2024-07-21 07:17:13::error::/v1/api/recommender/search::2600e529-9fe2-4d7e-9860-89aac51ae8ed::undefined - NaNms - Response: {}::{"message":"BadRequestError is not defined"}
2024-07-21 07:18:43::error::/v1/api/recommender/search::32f85db4-cb74-47e6-9ae4-a3ef1e7c8128::undefined - NaNms - Response: {}::{"message":"BadRequestError is not defined"}
2024-07-21 07:23:05::error::/v1/api/recommender/search::acbe5835-3d60-4ac6-b59c-0e77118154b9::undefined - NaNms - Response: {}::{"message":"BadRequestError is not defined"}
2024-07-21 07:23:06::error::/v1/api/recommender/search::b98c1782-67a8-426d-9410-a56b8a747c2d::undefined - NaNms - Response: {}::{"message":"BadRequestError is not defined"}
2024-07-21 07:23:15::error::/v1/api/recommender/search::08367f20-9a02-47ee-86fc-8c38cfb368b1::undefined - NaNms - Response: {}::{"message":"BadRequestError is not defined"}
2024-07-21 07:23:22::error::/v1/api/recommender/search::496a9cbf-f8f7-4e07-8c5b-8752e2f92337::undefined - NaNms - Response: {}::{"message":"BadRequestError is not defined"}
2024-07-21 07:31:18::error::/v1/api/recommender/search::d8230521-a394-4979-afb8-b84d2265e1e8::undefined - NaNms - Response: {}::{"message":"BadRequestError is not defined"}
2024-07-21 07:31:23::error::/v1/api/recommender/search::2b8b7156-9fb4-49a7-a32a-821631bf6dcd::undefined - NaNms - Response: {}::{"message":"BadRequestError is not defined"}
2024-07-21 07:31:26::error::/v1/api/recommender/search::046e14f3-c671-4874-a72e-b74f546273dc::undefined - NaNms - Response: {}::{"message":"BadRequestError is not defined"}
2024-07-21 07:31:30::error::/v1/api/recommender/search::460b7ff4-89b0-4c4b-ba60-3af126789bcf::undefined - NaNms - Response: {}::{"message":"BadRequestError is not defined"}
2024-07-21 07:31:33::error::/v1/api/recommender/search::74486bef-626a-44ed-b8e1-a55b0b8bc4be::undefined - NaNms - Response: {}::{"message":"BadRequestError is not defined"}
2024-07-21 07:31:58::error::/v1/api/recommender/search::b35694e3-39fa-4fbb-bd98-7a831bef882f::undefined - NaNms - Response: {}::{"message":"BadRequestError is not defined"}
2024-07-21 07:33:46::error::/v1/api/recommender/search::4000e087-95ce-44fe-b541-1d83863ee022::undefined - NaNms - Response: {}::{"message":"BadRequestError is not defined"}
2024-07-21 07:44:16::error::/v1/api/movement/readMovements::0569c7ce-903c-4b6e-85e3-401fc5a5c92e::undefined - NaNms - Response: {}::{"message":"Operation `Movements.aggregate()` buffering timed out after 10000ms"}
2024-07-21 07:44:16::error::/v1/api/recommender/readPopularPosts::d81dbdd9-ab01-4f77-82e4-132fb4ed31eb::undefined - NaNms - Response: {}::{"message":"Failed to read popular posts"}
2024-07-21 07:44:21::error::/v1/api/post/likePost/66939d4f5f51550a80622794::20708f16-d50e-4a27-a605-6b8fa7f78663::undefined - NaNms - Response: {}::{"message":"Operation `Posts.findOne()` buffering timed out after 10000ms"}
2024-07-21 08:35:09::error::/v1/api/post/readPost/668a60b6154ee7c6fbc644a2::393dcac5-9322-4cc4-83f4-e40fd1e023c8::404 - 0ms - Response: {"status":404,"now":1721525709459}::{"message":"User not found"}
2024-07-21 08:35:55::error::/v1/api/post/readPost/668a60b6154ee7c6fbc644a2::5eee9efd-6e25-4cc5-9204-88c7c54fb5f2::404 - 1ms - Response: {"status":404,"now":1721525755649}::{"message":"User not found"}
2024-07-21 08:36:58::error::/v1/api/post/readPost/668a60b6154ee7c6fbc644a2::333a38df-b299-45b8-97de-1f48e783a64b::404 - 0ms - Response: {"status":404,"now":1721525818023}::{"message":"User not found"}
2024-07-21 08:38:27::error::/v1/api/post/readPost/668a60b6154ee7c6fbc644a2::4b48c951-e99d-4811-b8ea-57b18f6879ec::404 - 0ms - Response: {"status":404,"now":1721525907083}::{"message":"User not found"}
2024-07-21 08:39:54::error::/v1/api/post/readPost/668a60b6154ee7c6fbc644a2::0f381915-3a16-4e3e-b3ef-48a04fe09135::404 - 0ms - Response: {"status":404,"now":1721525994018}::{"message":"User not found"}
2024-07-21 08:40:27::error::/v1/api/post/readPost/668a60b6154ee7c6fbc644a2::a1010b18-c9eb-46cc-9710-49fc791d1f2c::404 - 0ms - Response: {"status":404,"now":1721526027841}::{"message":"User not found"}
2024-07-21 08:41:01::error::/v1/api/post/readPost/668a60b6154ee7c6fbc644a2::14f442c2-ac42-40e2-b613-c385decafc59::404 - 1ms - Response: {"status":404,"now":1721526061782}::{"message":"User not found"}
2024-07-21 08:41:03::error::/v1/api/post/readPost/668a60b6154ee7c6fbc644a2::f62a29ba-6ef9-46b2-bc50-065b00f61f9c::404 - 0ms - Response: {"status":404,"now":1721526063802}::{"message":"User not found"}
2024-07-21 08:41:34::error::/v1/api/post/readPost/668a60b6154ee7c6fbc644a2::2a6359cf-2422-46e9-ad25-7bad59377587::404 - 0ms - Response: {"status":404,"now":1721526094222}::{"message":"User not found"}
2024-07-21 08:41:36::error::/v1/api/post/readPost/668a60b6154ee7c6fbc644a2::be3b1d21-0b99-480c-9a3e-f1b775ecf33c::404 - 0ms - Response: {"status":404,"now":1721526096775}::{"message":"User not found"}
2024-07-21 08:42:05::error::/v1/api/post/readPost/668a60b6154ee7c6fbc644a2::75928eb3-d34b-473f-afac-ae31d1417873::404 - 0ms - Response: {"status":404,"now":1721526125859}::{"message":"User not found"}
2024-07-21 08:47:19::error::/v1/api/post/readPost/668a60b6154ee7c6fbc644a2::38c40f27-170e-4dba-b36d-7011ad5bafbe::undefined - NaNms - Response: {}::{"message":"req is not defined"}
2024-07-21 08:47:20::error::/v1/api/post/readPost/668a60b6154ee7c6fbc644a2::d4c1252d-6372-4600-b901-f46e297da657::undefined - NaNms - Response: {}::{"message":"req is not defined"}
2024-07-21 08:47:21::error::/v1/api/post/readPost/668a60b6154ee7c6fbc644a2::7b79fa20-6491-4354-834f-7472b17109df::undefined - NaNms - Response: {}::{"message":"req is not defined"}
2024-07-21 08:47:25::error::/v1/api/post/readPost/668a60b6154ee7c6fbc644a2::686789ad-84ed-4ae1-a5d2-e031e41bc60c::undefined - NaNms - Response: {}::{"message":"req is not defined"}
2024-07-21 08:47:53::error::/v1/api/post/readPost/668a60b6154ee7c6fbc644a2::fa95b8b7-bf57-44bc-bfab-6b7d0294b2ef::undefined - NaNms - Response: {}::{"message":"req is not defined"}
2024-07-21 08:48:04::error::/v1/api/post/readPost/668a60b6154ee7c6fbc644a2::50946038-a915-4e0a-9680-f92e73c175e9::undefined - NaNms - Response: {}::{"message":"req is not defined"}
2024-07-21 08:48:27::error::/v1/api/post/readPost/668a60b6154ee7c6fbc644a2::2ddf55c9-56a5-4d1e-9e8e-9b99d387d664::undefined - NaNms - Response: {}::{"message":"req is not defined"}
2024-07-21 08:48:46::error::/v1/api/post/readPost/668a60b6154ee7c6fbc644a2::18f6341c-6e3c-415c-99c6-e8bba9eb44cb::undefined - NaNms - Response: {}::{"message":"req is not defined"}
2024-07-21 08:48:47::error::/v1/api/post/readPost/668a60b6154ee7c6fbc644a2::8d6e4af7-d958-48a4-81f5-73d782969678::undefined - NaNms - Response: {}::{"message":"req is not defined"}
2024-07-21 08:53:45::error::/v1/api/post/readPost/668bed3f06adf27e11cc6f1c::73545db8-c68c-4839-8081-8d919e28b18f::undefined - NaNms - Response: {}::{"message":"Failed to read post"}
2024-07-21 08:54:56::error::/v1/api/post/readPost/668bed3f06adf27e11cc6f1c::acf1934c-e20d-4150-b0de-976355a37347::undefined - NaNms - Response: {}::{"message":"Failed to read post"}
2024-07-21 08:55:05::error::/v1/api/post/readPost/668bed3f06adf27e11cc6f1c::e4d2eb0a-a2b9-417e-9cfe-959b563b7063::undefined - NaNms - Response: {}::{"message":"Failed to read post"}
2024-07-21 08:57:04::error::/v1/api/post/readPost/668bed3f06adf27e11cc6f1c::bcdd58d9-0f4e-4e76-9959-1e55fe2d6093::undefined - NaNms - Response: {}::{"message":"Failed to read post"}
2024-07-21 08:57:30::error::/v1/api/post/readPost/668bed3f06adf27e11cc6f1c::e0c2f780-ba3f-499f-a5b8-67b004d24fc8::undefined - NaNms - Response: {}::{"message":"Failed to read post"}
2024-07-21 08:57:39::error::/v1/api/post/readPost/668bed3f06adf27e11cc6f1c::0e0021be-8206-460a-b8c2-6a7811b84e42::undefined - NaNms - Response: {}::{"message":"Failed to read post"}
2024-07-21 08:58:33::error::/v1/api/post/readPost/66939d035f51550a8062275e::21466e2b-f276-4e86-91e9-49bb14525457::undefined - NaNms - Response: {}::{"message":"Failed to read post"}
2024-07-21 08:59:05::error::/v1/api/post/readPost/66939d035f51550a8062275e::ccc59a36-90bb-4e0b-a226-73636bd3f530::undefined - NaNms - Response: {}::{"message":"Failed to read post"}
2024-07-21 09:00:12::error::/v1/api/post/readPost/66939d035f51550a8062275e::eaeffb71-d1c5-4978-9c2f-58c20898f570::undefined - NaNms - Response: {}::{"message":"Failed to read post"}
2024-07-21 09:00:22::error::/v1/api/post/readPost/66939d035f51550a8062275e::f763cd90-11a9-4a2a-ae43-5c30b6bc5bcc::undefined - NaNms - Response: {}::{"message":"Failed to read post"}
2024-07-21 09:00:22::error::/v1/api/post/readPost/66939d035f51550a8062275e::efd13641-6f67-4ff5-b042-df80ca32b585::undefined - NaNms - Response: {}::{"message":"Failed to read post"}
2024-07-21 09:00:34::error::/v1/api/post/readPost/66939d035f51550a8062275e::6070144e-5443-439c-9c90-cafb4a2e200d::undefined - NaNms - Response: {}::{"message":"Failed to read post"}
2024-07-21 09:00:35::error::/v1/api/post/readPost/66939d035f51550a8062275e::8d192ffa-a4ca-4a1b-824b-45f929958cbb::undefined - NaNms - Response: {}::{"message":"Failed to read post"}
2024-07-21 09:01:09::error::/v1/api/post/readPost/66939d035f51550a8062275e::7767e88f-8caa-48b1-a0fe-eb7887335345::undefined - NaNms - Response: {}::{"message":"Failed to read post"}
2024-07-21 09:01:12::error::/v1/api/post/readPost/66939d035f51550a8062275e::8b494aa4-955e-4318-92d5-0bd0276020ce::undefined - NaNms - Response: {}::{"message":"Failed to read post"}
2024-07-21 09:01:12::error::/v1/api/post/readPost/66939d035f51550a8062275e::dca1af78-4d4c-4ff5-a752-d236ee8b9f37::undefined - NaNms - Response: {}::{"message":"Failed to read post"}
2024-07-21 09:01:13::error::/v1/api/post/readPost/66939d035f51550a8062275e::86f0ce11-7387-4459-b260-b47c80e50aa5::undefined - NaNms - Response: {}::{"message":"Failed to read post"}
2024-07-21 09:02:52::error::/v1/api/post/readPost/66939d035f51550a8062275e::25e3b95a-d8b3-4438-953e-ad7aecdced1d::undefined - NaNms - Response: {}::{"message":"Failed to read post"}
2024-07-21 09:05:27::error::/v1/api/post/readPost/66939cf45f51550a80622746::e417c031-e728-4bcf-9325-7309d96a84b7::undefined - NaNms - Response: {}::{"message":"Failed to read post"}
2024-07-21 09:05:30::error::/v1/api/post/readPost/66939cf45f51550a80622746::19e47031-7b5c-40c1-82a0-49316c3b0e78::undefined - NaNms - Response: {}::{"message":"Failed to read post"}
2024-07-21 09:06:16::error::/v1/api/post/readPost/66939cf45f51550a80622746::ad6c4154-e2c9-4f28-92ad-b41ffe7d4518::undefined - NaNms - Response: {}::{"message":"Failed to read post"}
2024-07-21 09:09:51::error::/v1/api/post/readPost/66939d5f5f51550a806227c0::481b3052-adc8-400b-b2ad-43e6fa518995::undefined - NaNms - Response: {}::{"message":"Failed to read post"}
2024-07-21 09:11:55::error::/v1/api/post/likePost/66939cf45f51550a80622746::52a91464-1f9d-472c-840e-51e5928a686a::undefined - NaNms - Response: {"errors":{"views.0.user":{"name":"ValidatorError","message":"Path `user` is required.","properties":{"message":"Path `user` is required.","type":"required","path":"user"},"kind":"required","path":"user"}},"_message":"Post validation failed","name":"ValidationError","message":"Post validation failed: views.0.user: Path `user` is required."}::{"message":"Post validation failed: views.0.user: Path `user` is required."}
2024-07-21 09:12:08::error::/v1/api/post/readPost/66939cf45f51550a80622746::4418717a-3a87-41aa-960b-c8ade52e508a::undefined - NaNms - Response: {}::{"message":"Failed to read post"}
2024-07-21 09:12:10::error::/v1/api/post/readPost/66939cf45f51550a80622746::7246a3a2-b6bb-41e9-87f2-c9d1f888bab7::undefined - NaNms - Response: {}::{"message":"Failed to read post"}
2024-07-21 09:19:16::error::/v1/api/post/likePost/66939cf45f51550a80622746::ca867f11-4f29-442b-bc54-5188b58d9a18::undefined - NaNms - Response: {"errors":{"views.0.user":{"name":"ValidatorError","message":"Path `user` is required.","properties":{"message":"Path `user` is required.","type":"required","path":"user"},"kind":"required","path":"user"}},"_message":"Post validation failed","name":"ValidationError","message":"Post validation failed: views.0.user: Path `user` is required."}::{"message":"Post validation failed: views.0.user: Path `user` is required."}
2024-07-21 09:34:26::error::/v1/api/post/likePost/66939cf45f51550a80622746::729a6ed6-c7c7-4c88-981b-54fefbd828b2::undefined - NaNms - Response: {"errors":{"views.0.user":{"name":"ValidatorError","message":"Path `user` is required.","properties":{"message":"Path `user` is required.","type":"required","path":"user"},"kind":"required","path":"user"}},"_message":"Post validation failed","name":"ValidationError","message":"Post validation failed: views.0.user: Path `user` is required."}::{"message":"Post validation failed: views.0.user: Path `user` is required."}
2024-07-21 09:34:29::error::/v1/api/post/likePost/66939cf45f51550a80622746::997e55b2-74ae-4a28-af7b-a151053691f7::undefined - NaNms - Response: {"errors":{"views.0.user":{"name":"ValidatorError","message":"Path `user` is required.","properties":{"message":"Path `user` is required.","type":"required","path":"user"},"kind":"required","path":"user"}},"_message":"Post validation failed","name":"ValidationError","message":"Post validation failed: views.0.user: Path `user` is required."}::{"message":"Post validation failed: views.0.user: Path `user` is required."}
2024-07-21 09:34:37::error::/v1/api/post/likePost/66939cf45f51550a80622746::c64ab393-822a-44fd-bf75-1fc7de5b64b7::undefined - NaNms - Response: {"errors":{"views.0.user":{"name":"ValidatorError","message":"Path `user` is required.","properties":{"message":"Path `user` is required.","type":"required","path":"user"},"kind":"required","path":"user"}},"_message":"Post validation failed","name":"ValidationError","message":"Post validation failed: views.0.user: Path `user` is required."}::{"message":"Post validation failed: views.0.user: Path `user` is required."}
2024-07-21 10:26:54::error::/v1/api/user/me::0a47c4d2-3cc7-40a9-9471-c37101ffe5fd::undefined - NaNms - Response: {}::{"message":"Operation `Users.findOne()` buffering timed out after 10000ms"}
2024-07-21 10:27:05::error::/v1/api/movement/readMovements::3db3a919-c25e-42a8-89cf-3de9c4eda9d5::undefined - NaNms - Response: {}::{"message":"Operation `Movements.aggregate()` buffering timed out after 10000ms"}
2024-07-21 10:28:16::error::/v1/api/user/me::ec309e05-f90e-43bd-880f-13c7d0acc078::undefined - NaNms - Response: {}::{"message":"Operation `Users.findOne()` buffering timed out after 10000ms"}
2024-07-21 10:28:16::error::/v1/api/movement/readMovements::bc8a2367-9232-4aa2-bce2-98551dae80d2::undefined - NaNms - Response: {}::{"message":"Operation `Movements.aggregate()` buffering timed out after 10000ms"}
