2024-08-15 09:36:09::error::/v1/api/user/me::c6f17ac8-3512-4faa-92bb-02c677f6550e::403 - 2ms - Response: {"status":403,"now":1723689369761}::{"message":"Access token missing"}
2024-08-15 09:41:55::error::/v1/api/user/me::e3dddadd-fa11-41c8-a883-a084a3cce281::undefined - NaNms - Response: {}::{"message":"lastMessage is not defined"}
2024-08-15 09:45:01::error::/v1/api/conversation/readConversationWithOtherMember/66a6047f54ac59de697d07d5::c9cb4e70-05aa-45d1-8d8e-959579257ebf::undefined - NaNms - Response: {}::{"message":"Failed to read conversation"}
2024-08-15 09:45:24::error::/v1/api/user/me::5963c569-69a2-4072-9e23-b3d0ad2e39bf::403 - 2ms - Response: {"status":403,"now":1723689924191}::{"message":"Access token missing"}
2024-08-15 09:45:24::error::/v1/api/user/readUserProfile/665edd23fa87b27398b73d10::60eb5b4f-f0b5-4049-b2fe-419f08d33ae9::404 - 0ms - Response: {"status":404,"now":1723689924424}::{"message":"User not found"}
2024-08-15 09:45:26::error::/v1/api/user/me::4baf65af-2c04-4750-9ec3-4ba49964a144::403 - 0ms - Response: {"status":403,"now":1723689926487}::{"message":"Access token missing"}
2024-08-15 09:45:26::error::/v1/api/user/readUserProfile/665edd23fa87b27398b73d10::259999aa-0f3e-41a0-ae96-5376066b432e::404 - 0ms - Response: {"status":404,"now":1723689926663}::{"message":"User not found"}
2024-08-15 09:45:29::error::/v1/api/user/me::7b9f0aeb-affd-4015-b15d-da551c01d10b::403 - 1ms - Response: {"status":403,"now":1723689929522}::{"message":"Access token missing"}
2024-08-15 09:45:29::error::/v1/api/user/readUserProfile/665edd23fa87b27398b73d10::70dff477-e532-4f42-a7fb-05d974d89a81::404 - 0ms - Response: {"status":404,"now":1723689929599}::{"message":"User not found"}
2024-08-15 09:45:29::error::/v1/api/user/me::0624e04b-91fe-45fb-b1e8-c1c513b30251::403 - 0ms - Response: {"status":403,"now":1723689929791}::{"message":"Access token missing"}
2024-08-15 09:45:40::error::/v1/api/auth/users/login::56d4dea4-4ea9-46b6-8212-d4b35d6f523b::401 - 1ms - Response: {"status":401,"now":1723689940719}::{"message":"Tài khoản hoặc mật khẩu không chính xác"}
2024-08-15 09:46:55::error::/v1/api/conversation/readConversationWithOtherMember/66a59f2c73370474cf4eaada::e8f15924-8fb8-4065-a548-aec1c7e0ce53::undefined - NaNms - Response: {}::{"message":"Failed to read conversation"}
2024-08-15 11:06:37::error::/v1/api/user/me::6148f1c2-0f1e-48bf-81e8-2478dac9eb91::403 - 0ms - Response: {"status":403,"now":1723694797960}::{"message":"Access token missing"}
2024-08-15 11:06:45::error::/v1/api/auth/users/login::e90934dd-b81e-4b6b-a32a-91624315d4df::401 - 1ms - Response: {"status":401,"now":1723694805223}::{"message":"Tài khoản hoặc mật khẩu không chính xác"}
2024-08-15 11:06:59::error::/v1/api/user/me::2ea1c46e-d9a3-4583-8567-23bf868b4550::403 - 0ms - Response: {"status":403,"now":1723694819948}::{"message":"Access token missing"}
2024-08-15 11:08:20::error::/v1/api/user/followUser/66a5a57173370474cf4eacca::52d1d61b-aa3e-45bb-9550-02415e68599d::403 - 0ms - Response: {"status":403,"now":1723694900226}::{"message":"You already follow this user"}
2024-08-15 11:08:26::error::/v1/api/user/followUser/66a58ec99acbcdfb3d3f1692::0fe2fb38-ad30-4d09-9bef-e199b0157821::403 - 0ms - Response: {"status":403,"now":1723694906813}::{"message":"You already follow this user"}
2024-08-15 12:09:31::error::/v1/api/order/updateOrder/66bd8b178c98510cb0ad070c::f3012606-3ff6-4690-87a6-88ee50b25bee::undefined - NaNms - Response: {}::{"message":"Service update failed"}
2024-08-15 13:04:25::error::/v1/api/order/updateOrder/66bd8b178c98510cb0ad070c::6c608274-e0e7-4c25-a023-78994258e701::undefined - NaNms - Response: {}::{"message":"body is not defined"}
2024-08-15 15:54:15::error::/v1/api/user/readUserProfile/dashboard::d2ddeb47-f6f6-4672-b462-51176dd5618f::undefined - NaNms - Response: {"stringValue":"\"dashboard\"","valueType":"string","kind":"ObjectId","value":"dashboard","path":"_id","reason":{},"name":"CastError","message":"Cast to ObjectId failed for value \"dashboard\" (type string) at path \"_id\" for model \"User\""}::{"message":"Cast to ObjectId failed for value \"dashboard\" (type string) at path \"_id\" for model \"User\""}
2024-08-15 15:54:22::error::/v1/api/user/readUserProfile/dashboard::28da4e85-7817-4b74-9089-f2f1ab2a4d48::undefined - NaNms - Response: {"stringValue":"\"dashboard\"","valueType":"string","kind":"ObjectId","value":"dashboard","path":"_id","reason":{},"name":"CastError","message":"Cast to ObjectId failed for value \"dashboard\" (type string) at path \"_id\" for model \"User\""}::{"message":"Cast to ObjectId failed for value \"dashboard\" (type string) at path \"_id\" for model \"User\""}
2024-08-15 15:54:27::error::/v1/api/user/readUserProfile/dashboard::c1523f54-9f49-43b9-9945-222299a05671::undefined - NaNms - Response: {"stringValue":"\"dashboard\"","valueType":"string","kind":"ObjectId","value":"dashboard","path":"_id","reason":{},"name":"CastError","message":"Cast to ObjectId failed for value \"dashboard\" (type string) at path \"_id\" for model \"User\""}::{"message":"Cast to ObjectId failed for value \"dashboard\" (type string) at path \"_id\" for model \"User\""}
2024-08-15 15:54:30::error::/v1/api/user/readUserProfile/dashboard::003a25d3-f6ff-40c9-a6a4-2ef44e9bac4c::undefined - NaNms - Response: {"stringValue":"\"dashboard\"","valueType":"string","kind":"ObjectId","value":"dashboard","path":"_id","reason":{},"name":"CastError","message":"Cast to ObjectId failed for value \"dashboard\" (type string) at path \"_id\" for model \"User\""}::{"message":"Cast to ObjectId failed for value \"dashboard\" (type string) at path \"_id\" for model \"User\""}
2024-08-15 15:54:31::error::/v1/api/talentRequest/readTalentRequestsByStatus/pending::e379832c-f9b4-4052-803f-75b7e2845562::401 - 0ms - Response: {"status":401,"now":1723712071206}::{"message":"You do not have enough permission"}
2024-08-15 15:54:32::error::/v1/api/talentRequest/readTalentRequestsByStatus/pending::d920cf20-87db-48c8-8180-c6c996471d6f::401 - 0ms - Response: {"status":401,"now":1723712072375}::{"message":"You do not have enough permission"}
2024-08-15 15:54:34::error::/v1/api/talentRequest/readTalentRequestsByStatus/pending::a757c8e0-758f-4f3c-8d5a-e53b437eb786::401 - 0ms - Response: {"status":401,"now":1723712074536}::{"message":"You do not have enough permission"}
2024-08-15 15:54:53::error::/v1/api/talentRequest/readTalentRequestsByStatus/pending::fee7903b-7e9e-4eb6-9f21-a99c76ca3f85::401 - 0ms - Response: {"status":401,"now":1723712093564}::{"message":"You do not have enough permission"}
2024-08-15 15:56:12::error::/v1/api/talentRequest/readTalentRequestsByStatus/pending::229a48a1-3ffe-4179-a538-750a8accaad5::401 - 0ms - Response: {"status":401,"now":1723712172464}::{"message":"You do not have enough permission"}
2024-08-15 15:56:13::error::/v1/api/talentRequest/readTalentRequestsByStatus/pending::9540853a-a32f-4a01-97de-df6a2c5a9f13::401 - 0ms - Response: {"status":401,"now":1723712173631}::{"message":"You do not have enough permission"}
2024-08-15 15:56:15::error::/v1/api/talentRequest/readTalentRequestsByStatus/pending::d2bf7dd6-4188-445a-8fb3-4895588e0304::401 - 0ms - Response: {"status":401,"now":1723712175789}::{"message":"You do not have enough permission"}
2024-08-15 15:56:20::error::/v1/api/user/me::22098933-07f8-48a5-9822-7bf6c4747d16::403 - 0ms - Response: {"status":403,"now":1723712180158}::{"message":"Access token missing"}
2024-08-15 15:57:56::error::/v1/api/user/me::2d6ed546-934b-41ba-b0e3-57fcd09c34bd::403 - 0ms - Response: {"status":403,"now":1723712276907}::{"message":"Access token missing"}
2024-08-15 15:58:40::error::/v1/api/user/me::edc9deb7-970d-4f18-a4e9-cd5bb664ad2e::403 - 0ms - Response: {"status":403,"now":1723712320904}::{"message":"Access token missing"}
2024-08-15 16:05:13::error::/v1/api/user/me::67b8f9bc-3ada-41d4-87f9-c0a6d6607bbc::403 - 1ms - Response: {"status":403,"now":1723712713783}::{"message":"Access token missing"}
2024-08-15 16:05:14::error::/v1/api/user/me::e9d87593-0a2b-4f5a-bb6d-6693f9296b19::403 - 0ms - Response: {"status":403,"now":1723712714008}::{"message":"Access token missing"}
2024-08-15 16:05:20::error::/v1/api/user/me::e12f8cdb-5db1-421f-9e87-1d130c37ae35::403 - 0ms - Response: {"status":403,"now":1723712720596}::{"message":"Access token missing"}
2024-08-15 16:06:31::error::/v1/api/user/me::158213df-2ebe-4cf3-a052-78303a95c1e4::403 - 0ms - Response: {"status":403,"now":1723712791846}::{"message":"Access token missing"}
2024-08-15 16:10:02::error::/v1/api/user/me::52d71ceb-ea50-42a6-9975-226d278ff1b0::403 - 0ms - Response: {"status":403,"now":1723713002957}::{"message":"Access token missing"}
2024-08-15 16:10:04::error::/v1/api/user/me::f5c20f4b-8378-43f4-84fa-18280ed7e9f0::403 - 0ms - Response: {"status":403,"now":1723713004705}::{"message":"Access token missing"}
2024-08-15 16:10:06::error::/v1/api/user/me::bfb93e34-254a-4546-bee0-0685d8026d6d::403 - 1ms - Response: {"status":403,"now":1723713006503}::{"message":"Access token missing"}
2024-08-15 16:10:16::error::/v1/api/user/me::8a44e22f-367a-4dd0-8fdf-9c23c136b262::403 - 0ms - Response: {"status":403,"now":1723713016767}::{"message":"Access token missing"}
2024-08-15 16:10:18::error::/v1/api/user/me::5409f9e5-e064-485a-8db9-06f6bce2af0e::403 - 0ms - Response: {"status":403,"now":1723713018237}::{"message":"Access token missing"}
2024-08-15 16:10:31::error::/v1/api/user/me::506051d8-b403-405e-8962-941d313b2caa::403 - 0ms - Response: {"status":403,"now":1723713031081}::{"message":"Access token missing"}
2024-08-15 16:10:32::error::/v1/api/user/me::81eb5044-a3db-4b05-9bec-cbb049bbc5af::403 - 0ms - Response: {"status":403,"now":1723713032241}::{"message":"Access token missing"}
2024-08-15 16:10:32::error::/v1/api/user/me::c1ec98ad-561a-4a49-a746-35e912b04dc2::403 - 0ms - Response: {"status":403,"now":1723713032563}::{"message":"Access token missing"}
2024-08-15 16:10:37::error::/v1/api/user/me::f0234775-1314-410d-b7d5-5e0baf93af7b::403 - 0ms - Response: {"status":403,"now":1723713037418}::{"message":"Access token missing"}
2024-08-15 16:10:39::error::/v1/api/user/readUserProfile/dashboard::0dca2f43-4e8e-47f8-9549-b5e3dea55e42::undefined - NaNms - Response: {"stringValue":"\"dashboard\"","valueType":"string","kind":"ObjectId","value":"dashboard","path":"_id","reason":{},"name":"CastError","message":"Cast to ObjectId failed for value \"dashboard\" (type string) at path \"_id\" for model \"User\""}::{"message":"Cast to ObjectId failed for value \"dashboard\" (type string) at path \"_id\" for model \"User\""}
2024-08-15 16:10:40::error::/v1/api/user/me::a246aeea-0d9e-405d-94c1-b7ffaae8dfac::403 - 0ms - Response: {"status":403,"now":1723713040245}::{"message":"Access token missing"}
2024-08-15 16:10:40::error::/v1/api/user/readUserProfile/dashboard::7f5d1767-5316-4d26-8a48-64d32edb6ab2::undefined - NaNms - Response: {"stringValue":"\"dashboard\"","valueType":"string","kind":"ObjectId","value":"dashboard","path":"_id","reason":{},"name":"CastError","message":"Cast to ObjectId failed for value \"dashboard\" (type string) at path \"_id\" for model \"User\""}::{"message":"Cast to ObjectId failed for value \"dashboard\" (type string) at path \"_id\" for model \"User\""}
2024-08-15 16:10:47::error::/v1/api/user/me::b578eb90-88d2-4808-86a1-87e176842780::403 - 0ms - Response: {"status":403,"now":1723713047750}::{"message":"Access token missing"}
2024-08-15 16:10:47::error::/v1/api/user/readUserProfile/dashboard::6bef7fe1-3dea-4be3-8a60-3dbf410e8815::undefined - NaNms - Response: {"stringValue":"\"dashboard\"","valueType":"string","kind":"ObjectId","value":"dashboard","path":"_id","reason":{},"name":"CastError","message":"Cast to ObjectId failed for value \"dashboard\" (type string) at path \"_id\" for model \"User\""}::{"message":"Cast to ObjectId failed for value \"dashboard\" (type string) at path \"_id\" for model \"User\""}
2024-08-15 16:10:49::error::/v1/api/user/me::1d292d4c-5c20-42b3-ba17-b30e575cd3b4::403 - 1ms - Response: {"status":403,"now":1723713049158}::{"message":"Access token missing"}
2024-08-15 16:10:49::error::/v1/api/user/readUserProfile/dashboard::81e1a7ed-64df-4e85-81dc-1c7b7ff3de39::undefined - NaNms - Response: {"stringValue":"\"dashboard\"","valueType":"string","kind":"ObjectId","value":"dashboard","path":"_id","reason":{},"name":"CastError","message":"Cast to ObjectId failed for value \"dashboard\" (type string) at path \"_id\" for model \"User\""}::{"message":"Cast to ObjectId failed for value \"dashboard\" (type string) at path \"_id\" for model \"User\""}
2024-08-15 16:10:51::error::/v1/api/user/me::cefcb40b-9891-4166-a490-1288f3661418::403 - 0ms - Response: {"status":403,"now":1723713051674}::{"message":"Access token missing"}
2024-08-15 16:10:51::error::/v1/api/user/readUserProfile/dashboard::83cf9d10-0462-41b3-8459-6e7d703dfda8::undefined - NaNms - Response: {"stringValue":"\"dashboard\"","valueType":"string","kind":"ObjectId","value":"dashboard","path":"_id","reason":{},"name":"CastError","message":"Cast to ObjectId failed for value \"dashboard\" (type string) at path \"_id\" for model \"User\""}::{"message":"Cast to ObjectId failed for value \"dashboard\" (type string) at path \"_id\" for model \"User\""}
2024-08-15 16:10:52::error::/v1/api/user/me::bf2cee66-9652-4d8a-8988-aefbc9f4c4c3::403 - 1ms - Response: {"status":403,"now":1723713052021}::{"message":"Access token missing"}
2024-08-15 16:10:57::error::/v1/api/user/me::f2c9255a-1bfa-4b32-80a7-cb86383e239a::403 - 0ms - Response: {"status":403,"now":1723713057657}::{"message":"Access token missing"}
2024-08-15 16:10:57::error::/v1/api/user/me::76a74772-8afa-421e-b129-92ab24f199b0::403 - 0ms - Response: {"status":403,"now":1723713057972}::{"message":"Access token missing"}
2024-08-15 16:11:12::error::/v1/api/user/me::5d8a68a6-206e-49ea-b5e5-a36e79560b54::403 - 0ms - Response: {"status":403,"now":1723713072112}::{"message":"Access token missing"}
2024-08-15 16:12:21::error::/v1/api/user/me::ebef3738-3ea7-45b1-a9eb-33678a5b84f1::403 - 0ms - Response: {"status":403,"now":1723713141819}::{"message":"Access token missing"}
2024-08-15 16:12:25::error::/v1/api/user/me::d49d322a-5e93-4896-972f-e319be306a51::403 - 0ms - Response: {"status":403,"now":1723713145060}::{"message":"Access token missing"}
2024-08-15 16:12:32::error::/v1/api/user/me::ce11c4b8-f2ce-4777-b75c-ac0465d73d6c::403 - 0ms - Response: {"status":403,"now":1723713152533}::{"message":"Access token missing"}
2024-08-15 16:12:32::error::/v1/api/user/me::2debf223-7335-4a0e-9067-29961fda44ec::403 - 0ms - Response: {"status":403,"now":1723713152885}::{"message":"Access token missing"}
2024-08-15 16:13:55::error::/v1/api/user/me::0d3cb0d4-8e71-4a79-913c-b22b8816df67::403 - 0ms - Response: {"status":403,"now":1723713235746}::{"message":"Access token missing"}
2024-08-15 16:29:15::error::/v1/api/user/me::17f1ca86-b8d2-4c4d-a4d8-e3ec859eb98a::undefined - NaNms - Response: {"reason":{"type":"ReplicaSetNoPrimary","servers":{},"stale":false,"compatible":true,"heartbeatFrequencyMS":10000,"localThresholdMS":15,"setName":"atlas-8si60b-shard-0","maxElectionId":"7fffffff0000000000000018","maxSetVersion":5,"commonWireVersion":0,"logicalSessionTimeoutMinutes":null}}::{"message":"getaddrinfo ENOTFOUND ac-ohhtiix-shard-00-00.oedyizh.mongodb.net"}
2024-08-15 16:29:15::error::/v1/api/movement/readMovements::b0a90564-8c83-43df-bf1a-a463d961f597::undefined - NaNms - Response: {"reason":{"type":"ReplicaSetNoPrimary","servers":{},"stale":false,"compatible":true,"heartbeatFrequencyMS":10000,"localThresholdMS":15,"setName":"atlas-8si60b-shard-0","maxElectionId":"7fffffff0000000000000018","maxSetVersion":5,"commonWireVersion":0,"logicalSessionTimeoutMinutes":null}}::{"message":"getaddrinfo ENOTFOUND ac-ohhtiix-shard-00-00.oedyizh.mongodb.net"}
2024-08-15 16:29:16::error::/v1/api/movement/readMovements::d53123d7-2fbe-4ae6-9d3c-fa7c80531b96::undefined - NaNms - Response: {"reason":{"type":"ReplicaSetNoPrimary","servers":{},"stale":false,"compatible":true,"heartbeatFrequencyMS":10000,"localThresholdMS":15,"setName":"atlas-8si60b-shard-0","maxElectionId":"7fffffff0000000000000018","maxSetVersion":5,"commonWireVersion":0,"logicalSessionTimeoutMinutes":null}}::{"message":"getaddrinfo ENOTFOUND ac-ohhtiix-shard-00-00.oedyizh.mongodb.net"}
2024-08-15 16:29:16::error::/v1/api/user/me::e169a167-cf63-411d-9555-486bb1b3ea5c::undefined - NaNms - Response: {"reason":{"type":"ReplicaSetNoPrimary","servers":{},"stale":false,"compatible":true,"heartbeatFrequencyMS":10000,"localThresholdMS":15,"setName":"atlas-8si60b-shard-0","maxElectionId":"7fffffff0000000000000018","maxSetVersion":5,"commonWireVersion":0,"logicalSessionTimeoutMinutes":null}}::{"message":"getaddrinfo ENOTFOUND ac-ohhtiix-shard-00-00.oedyizh.mongodb.net"}
2024-08-15 16:29:46::error::/v1/api/movement/readMovements::6e08af3d-1f6f-4692-8f40-b8a8fd39e041::undefined - NaNms - Response: {"reason":{"type":"ReplicaSetNoPrimary","servers":{},"stale":false,"compatible":true,"heartbeatFrequencyMS":10000,"localThresholdMS":15,"setName":"atlas-8si60b-shard-0","maxElectionId":"7fffffff0000000000000018","maxSetVersion":5,"commonWireVersion":0,"logicalSessionTimeoutMinutes":null}}::{"message":"getaddrinfo ENOTFOUND ac-ohhtiix-shard-00-00.oedyizh.mongodb.net"}
2024-08-15 17:46:04::error::/v1/api/user/me::40a05e7d-6855-4bff-b0c4-6f224b73c921::undefined - NaNms - Response: {"reason":{"type":"ReplicaSetNoPrimary","servers":{},"stale":false,"compatible":true,"heartbeatFrequencyMS":10000,"localThresholdMS":15,"setName":"atlas-8si60b-shard-0","maxElectionId":"7fffffff0000000000000018","maxSetVersion":5,"commonWireVersion":0,"logicalSessionTimeoutMinutes":null}}::{"message":"getaddrinfo ENOTFOUND ac-ohhtiix-shard-00-00.oedyizh.mongodb.net"}
2024-08-15 17:46:34::error::/v1/api/movement/readMovements::67980d38-f0db-41ba-97ae-fcf5c2b9f314::undefined - NaNms - Response: {"reason":{"type":"ReplicaSetNoPrimary","servers":{},"stale":false,"compatible":true,"heartbeatFrequencyMS":10000,"localThresholdMS":15,"setName":"atlas-8si60b-shard-0","maxElectionId":"7fffffff0000000000000018","maxSetVersion":5,"commonWireVersion":0,"logicalSessionTimeoutMinutes":null}}::{"message":"getaddrinfo ENOTFOUND ac-ohhtiix-shard-00-00.oedyizh.mongodb.net"}
2024-08-15 17:47:49::error::/v1/api/order/readTalentOrderHistory::58524ab0-b12e-4cc2-bfa6-5dbd2e161279::403 - 0ms - Response: {"status":403,"now":1723718869674}::{"message":"You are not a talent!"}
