2024-07-03 20:54:11::info::/v1/api/auth/users/login::0913c23c-32c5-4e1f-b4cb-b0bde056d38d::input-params ::POST::::{"email":"phapluu2k5dev@gmail.com","password":"123456789"}
2024-07-03 20:54:11::error::/v1/api/auth/users/login::0913c23c-32c5-4e1f-b4cb-b0bde056d38d::403 - 1ms - Response: {"status":403,"now":1720014851978}::{"message":"User not registered"}
2024-07-03 20:54:21::info::/v1/api/auth/users/login::2be13379-fe1c-4626-b22f-568520f01d14::input-params ::POST::::{"email":"phapluudev2k5@gmail.com","password":"123456789"}
2024-07-03 20:55:04::info::/v1/api/help/createHelpTheme::d1887354-69f1-48b6-bb6b-feebb786e452::input-params ::POST::::{"title":"For Artist"}
2024-07-03 20:55:13::info::/v1/api/help/createHelpTheme::c0083058-b674-48b1-8de6-e8d69304ce5d::input-params ::POST::::{"title":"For Clients"}
2024-07-03 20:55:19::info::/v1/api/help/createHelpTheme::1c823d32-558c-4bc2-aa81-0337bc4277f9::input-params ::POST::::{"title":"For Applicants"}
2024-07-03 20:55:27::info::/v1/api/help/createHelpTheme::bf95e38c-e6b6-4383-828a-69509da8c852::input-params ::POST::::{"title":"General"}
2024-07-03 20:57:47::info::/v1/api/help/createHelpTopic::335887f2-cd4e-496e-ae2d-9817396b945e::input-params ::POST::::{"title":"Getting Started","helpThemeId":"668558381fffae7543ee9740"}
2024-07-03 20:58:06::info::/v1/api/help/createHelpTopic::4e155f50-ac7c-42ec-84e5-d141fc6b8cb3::input-params ::POST::::{"title":"Update Portfolio","helpThemeId":"668558381fffae7543ee9740"}
2024-07-03 20:58:12::info::/v1/api/help/createHelpTopic::7fbac28f-7ef9-4164-af9a-6e65ec5f2825::input-params ::POST::::{"title":"Update Portfolio","helpThemeId":"668558381fffae7543ee9749"}
2024-07-03 20:59:08::info::/v1/api/help/createHelpTopic::ff35ff12-d8a2-4e27-83ee-affffcb4a396::input-params ::POST::::{"title":"Update Portfolio","helpThemeId":"668558381fffae7543ee9749"}
2024-07-03 20:59:08::error::/v1/api/help/createHelpTopic::ff35ff12-d8a2-4e27-83ee-affffcb4a396::403 - 1ms - Response: {"status":403,"now":1720015148336}::{"message":"Help theme not found"}
2024-07-03 21:01:38::info::/v1/api/help/createHelpTopic::e31eaf1d-cef2-4a50-9251-6b59b484a02c::input-params ::POST::::{"title":"How to get client attraction","helpThemeId":"668558381fffae7543ee974"}
2024-07-03 21:01:38::error::/v1/api/help/createHelpTopic::e31eaf1d-cef2-4a50-9251-6b59b484a02c::undefined - NaNms - Response: {"stringValue":"\"668558381fffae7543ee974\"","valueType":"string","kind":"ObjectId","value":"668558381fffae7543ee974","path":"_id","reason":{},"name":"CastError","message":"Cast to ObjectId failed for value \"668558381fffae7543ee974\" (type string) at path \"_id\" for model \"HelpTheme\""}::{"message":"Cast to ObjectId failed for value \"668558381fffae7543ee974\" (type string) at path \"_id\" for model \"HelpTheme\""}
2024-07-03 21:01:46::info::/v1/api/help/createHelpTopic::a47c23ae-3ec7-4d08-86c4-9e1c76072437::input-params ::POST::::{"title":"How to get client attraction","helpThemeId":"668558381fffae7543ee9740"}
2024-07-03 21:07:41::info::/v1/api/help/createHelpArticle::80442357-9640-4e81-a084-bdc21772e85b::input-params ::POST::::{"title":"","helpTopicId":"668558ee1fffae7543ee9754"}
2024-07-03 21:07:41::error::/v1/api/help/createHelpArticle::80442357-9640-4e81-a084-bdc21772e85b::403 - 0ms - Response: {"status":403,"now":1720015661494}::{"message":"Title cannot be empty"}
2024-07-03 21:08:01::info::/v1/api/help/createHelpArticle::1151a678-8cdf-4906-b3fd-c5c005867bef::input-params ::POST::::{"title":"This is the first atitle","helpTopicId":"668558ee1fffae7543ee9754"}
2024-07-03 21:08:01::error::/v1/api/help/createHelpArticle::1151a678-8cdf-4906-b3fd-c5c005867bef::undefined - NaNms - Response: {"errors":{"content":{"name":"ValidatorError","message":"Path `content` is required.","properties":{"message":"Path `content` is required.","type":"required","path":"content"},"kind":"required","path":"content"}},"_message":"HelpArticle validation failed","name":"ValidationError","message":"HelpArticle validation failed: content: Path `content` is required."}::{"message":"HelpArticle validation failed: content: Path `content` is required."}
2024-07-03 21:08:25::info::/v1/api/help/createHelpArticle::57b52991-66d5-4e68-8d66-c96e54fc4e6f::input-params ::POST::::{"title":"This is the first atitle","helpTopicId":"668558ee1fffae7543ee9755","content":"This is the content"}
2024-07-03 21:08:26::error::/v1/api/help/createHelpArticle::57b52991-66d5-4e68-8d66-c96e54fc4e6f::403 - 0ms - Response: {"status":403,"now":1720015706006}::{"message":"Help topic not found"}
2024-07-03 21:08:31::info::/v1/api/help/createHelpArticle::61b06547-07d6-40ef-8514-67ca33ee8425::input-params ::POST::::{"title":"This is the first atitle","helpTopicId":"668558ee1fffae7543ee975","content":"This is the content"}
2024-07-03 21:08:31::error::/v1/api/help/createHelpArticle::61b06547-07d6-40ef-8514-67ca33ee8425::undefined - NaNms - Response: {"stringValue":"\"668558ee1fffae7543ee975\"","valueType":"string","kind":"ObjectId","value":"668558ee1fffae7543ee975","path":"_id","reason":{},"name":"CastError","message":"Cast to ObjectId failed for value \"668558ee1fffae7543ee975\" (type string) at path \"_id\" for model \"HelpTopic\""}::{"message":"Cast to ObjectId failed for value \"668558ee1fffae7543ee975\" (type string) at path \"_id\" for model \"HelpTopic\""}
2024-07-03 21:08:35::info::/v1/api/help/createHelpArticle::b1c1f5da-63ce-4800-a286-b5dea9f6626f::input-params ::POST::::{"title":"This is the first atitle","helpTopicId":"668558ee1fffae7543ee9754","content":"This is the content"}
2024-07-03 21:09:09::info::/v1/api/help/readHelpThemes::06ebc98f-971e-4ea4-ad86-a46d5134f5b1::input-params ::GET::::{}
2024-07-03 21:09:29::info::/v1/api/help/readHelpTopics::d89b5b5f-9100-4621-b804-9ff59315cd59::input-params ::GET::::{}
2024-07-03 21:09:54::info::/v1/api/help/readHelpArticles::a59a1102-b3ae-487e-b071-ed5a2be69783::input-params ::GET::::{}
2024-07-03 21:10:41::info::/v1/api/help/readHelpTheme/668558471fffae7543ee9748::0c334db5-2211-4d2e-9561-ce81eaeb1b81::input-params ::GET::::{}
2024-07-03 21:10:41::error::/v1/api/help/readHelpTheme/668558471fffae7543ee9748::0c334db5-2211-4d2e-9561-ce81eaeb1b81::404 - NaNms - Response: {"status":404}::{"message":"Not Found"}
2024-07-03 21:11:40::info::/v1/api/help/readHelpTheme/668558471fffae7543ee9748::3c7c029c-d7ab-45f0-90de-0b1606992145::input-params ::GET::::{}
2024-07-03 21:13:45::info::/v1/api/help/updateHelpTheme/668558471fffae7543ee9748::deb08209-a2cb-46bb-9ed6-e332a831361b::input-params ::PATCH::::{"title":""}
2024-07-03 21:13:45::error::/v1/api/help/updateHelpTheme/668558471fffae7543ee9748::deb08209-a2cb-46bb-9ed6-e332a831361b::403 - 1ms - Response: {"status":403,"now":1720016025397}::{"message":"Title cannot be empty"}
2024-07-03 21:13:58::info::/v1/api/help/updateHelpTheme/668558471fffae7543ee9748::45261537-a3ee-4a41-b34a-b27536c580eb::input-params ::PATCH::::{"title":"For Artists"}
2024-07-03 21:14:25::info::/v1/api/help/updateHelpTheme/668558381fffae7543ee9740::cb58f3e2-a918-4121-b419-e6380e2c1c26::input-params ::PATCH::::{"title":"For Artists"}
2024-07-03 21:14:48::info::/v1/api/help/updateHelpTheme/668558471fffae7543ee9748::8d8a118b-2f6f-49e4-ac39-d2db75d02eeb::input-params ::PATCH::::{"title":"For Applicants"}
2024-07-03 21:15:26::info::/v1/api/help/updateHelpTopic/668558471fffae7543ee9748::7e543185-0ee5-452e-8e26-0417d0e661e2::input-params ::PATCH::::{}
2024-07-03 21:15:26::error::/v1/api/help/updateHelpTopic/668558471fffae7543ee9748::7e543185-0ee5-452e-8e26-0417d0e661e2::404 - 1ms - Response: {"status":404,"now":1720016126227}::{"message":"Help topic not found"}
